
https://t.me/+-ZBvuqf9AYtkM2Q5
https://t.me/+-gQhQNg6UedmYzhh
https://t.me/+VwDoIE1fU34wNDRl
https://t.me/+z-xgWFuhbXRiMmU1
https://t.me/+-RvPwnYZ0fo2NzE1
https://t.me/+j1rD3RsKu2A5ZTJl
https://t.me/+XMeaKsmC7JU4NzA1
https://t.me/+XA-AFUSIJMBjY2Fh
https://t.me/+X_itTArL40g1ZWI5
https://t.me/+-FuT5gvc2BwyNzg5
https://t.me/wangbo28
https://t.me/+-RvPwnYZ0fo2NzE1
https://t.me/+W5n0MEy_bxMyMDFl
https://t.me/+-gQhQNg6UedmYzhh
https://t.me/+xRLKfhWedANiZGM1
https://t.me/ffcyx
https://t.me/+1zXkNRlLObA1NGNl
https://t.me/+XMeaKsmC7JU4NzA1
https://t.me/+kF5YAHBQ7b8yMDVl
https://t.me/+C0RIb6Z0lM8xY2Q1
https://t.me/+jxfLkeV_sRZlZjIx
https://t.me/+-jAPlPqNLng3NTk1
https://t.me/+qi9K7Bo2Y8Y3ZWY9
https://t.me/+-ZBvuqf9AYtkM2Q5
https://t.me/+XA-AFUSIJMBjY2Fh
https://t.me/+z-xgWFuhbXRiMmU1
https://t.me/+-bcWU8v_IGBjNDBl
https://t.me/+-bcWU8v_IGBjNDBl
https://t.me/+XMeaKsmC7JU4NzA1
https://t.me/+C0RIb6Z0lM8xY2Q1
https://t.me/+-HKE3ttySdAxMTk1
https://t.me/+-J3EkxDRssplNmQx
https://t.me/+X_itTArL40g1ZWI5
https://t.me/+-FuT5gvc2BwyNzg5
https://t.me/+-ZBvuqf9AYtkM2Q5
https://t.me/+5qiD_XQNy8ozMmI1
https://t.me/+j1rD3RsKu2A5ZTJl
https://t.me/+jxfLkeV_sRZlZjIx
https://t.me/+j1rD3RsKu2A5ZTJl
https://t.me/+-ZBvuqf9AYtkM2Q5
https://t.me/+-jAPlPqNLng3NTk1
https://t.me/+-J3EkxDRssplNmQx
https://t.me/+XA-AFUSIJMBjY2Fh
https://t.me/+C0RIb6Z0lM8xY2Q1
https://t.me/+-HKE3ttySdAxMTk1
https://t.me/+kF5YAHBQ7b8yMDVl
https://t.me/wangbo28
https://t.me/+-jAPlPqNLng3NTk1
https://t.me/+XA-AFUSIJMBjY2Fh
https://t.me/+z-xgWFuhbXRiMmU1
https://t.me/+VwDoIE1fU34wNDRl
https://t.me/+uDADliAVzT84ZDRh
https://t.me/+-ZBvuqf9AYtkM2Q5
https://t.me/+_r_1ooupBRoxZTcx
https://t.me/+kF5YAHBQ7b8yMDVl
https://t.me/+cgctxddaCwxhYWM1
https://t.me/+X_itTArL40g1ZWI5
https://t.me/+XAPOpgfM36YxYTk1
https://t.me/+BIb1nofuq6Q5NzY1
https://t.me/+XA-AFUSIJMBjY2Fh
https://t.me/wangbo28
https://t.me/+C0RIb6Z0lM8xY2Q1
https://t.me/+-HKE3ttySdAxMTk1
https://t.me/+j1rD3RsKu2A5ZTJl
https://t.me/+K4hA5oTciaJhNTVl
https://t.me/+Ak8f4ofbKpEzYTU1
https://t.me/+-FuT5gvc2BwyNzg5
https://t.me/+jxfLkeV_sRZlZjIx
https://t.me/+-J3EkxDRssplNmQx
https://t.me/+fAdS-xoI0zJiZTdh
https://t.me/+rgxcUm5Dp35mYWI1
https://t.me/+LWL438ngyIQxZjQ1
https://t.me/+5qiD_XQNy8ozMmI1
https://t.me/+qi9K7Bo2Y8Y3ZWY9
https://t.me/+-jAPlPqNLng3NTk1
https://t.me/+qi9K7Bo2Y8Y3ZWY9
https://t.me/+kF5YAHBQ7b8yMDVl
https://t.me/+jxfLkeV_sRZlZjIx
https://t.me/+VwDoIE1fU34wNDRl
https://t.me/+-ZBvuqf9AYtkM2Q5
https://t.me/wangbo28
https://t.me/+-jAPlPqNLng3NTk1
https://t.me/+t8N8djvNpMozYTUx
https://t.me/+kF5YAHBQ7b8yMDVl
https://t.me/+JfzYvmEW4bo0ZWRl
https://t.me/+C0RIb6Z0lM8xY2Q1
https://t.me/+-HKE3ttySdAxMTk1
https://t.me/+5qiD_XQNy8ozMmI1
https://t.me/+G-TP1oGwz_UzZTgx
https://t.me/+j1rD3RsKu2A5ZTJl
https://t.me/+z-xgWFuhbXRiMmU1
https://t.me/+1s6PDJfhJ_45N2Mx
https://t.me/+X_itTArL40g1ZWI5
https://t.me/+XA-AFUSIJMBjY2Fh
https://t.me/+jDogamSAXRJmNTJl
https://t.me/+WgZhCn-jDiY2YjRl
https://t.me/+qi9K7Bo2Y8Y3ZWY9
https://t.me/+uDADliAVzT84ZDRh
https://t.me/+-FuT5gvc2BwyNzg5
https://t.me/+VwDoIE1fU34wNDRl
https://t.me/+uDADliAVzT84ZDRh
https://t.me/+-ZBvuqf9AYtkM2Q5
https://t.me/+5qiD_XQNy8ozMmI1
https://t.me/+jxfLkeV_sRZlZjIx
https://t.me/+uDADliAVzT84ZDRh
https://t.me/+kF5YAHBQ7b8yMDVl
https://t.me/+jxQcjZH0KvRjY2Jl
https://t.me/+C0RIb6Z0lM8xY2Q1
https://t.me/+zp8hQFMQsnIyYTdl
https://t.me/+5qiD_XQNy8ozMmI1
https://t.me/+z-xgWFuhbXRiMmU1
https://t.me/+-FuT5gvc2BwyNzg5
https://t.me/+p6YlZXi4WgU0Yzc1
https://t.me/+-HKE3ttySdAxMTk1
https://t.me/+jxfLkeV_sRZlZjIx
https://t.me/+z-xgWFuhbXRiMmU1
https://t.me/+qi9K7Bo2Y8Y3ZWY9
https://t.me/+HBDkiYv3Y9c2ODM1
https://t.me/+C0RIb6Z0lM8xY2Q1
https://t.me/+uDADliAVzT84ZDRh
https://t.me/wangbo28
https://t.me/+X_itTArL40g1ZWI5
https://t.me/+jxfLkeV_sRZlZjIx
https://t.me/+VwDoIE1fU34wNDRl
https://t.me/+XA-AFUSIJMBjY2Fh
https://t.me/+-jAPlPqNLng3NTk1
https://t.me/wangbo28
https://t.me/+C0RIb6Z0lM8xY2Q1
https://t.me/+uDADliAVzT84ZDRh
https://t.me/+5qiD_XQNy8ozMmI1
https://t.me/+qi9K7Bo2Y8Y3ZWY9
https://t.me/+-FuT5gvc2BwyNzg5
https://t.me/+X_itTArL40g1ZWI5
https://t.me/+z-xgWFuhbXRiMmU1
https://t.me/+-HKE3ttySdAxMTk1
https://t.me/+-ZBvuqf9AYtkM2Q5
https://t.me/+j1rD3RsKu2A5ZTJl
https://t.me/+-HKE3ttySdAxMTk1
https://t.me/+jxfLkeV_sRZlZjIx
https://t.me/+j1rD3RsKu2A5ZTJl
https://t.me/+VwDoIE1fU34wNDRl
https://t.me/+qi9K7Bo2Y8Y3ZWY9
https://t.me/+cod7Oy_bjAg5NTk1
https://t.me/+Ykhdirg6NcNkYjAx
https://t.me/+5qiD_XQNy8ozMmI1
https://t.me/+BqdPZFGv9QxjMWI1
https://t.me/+2jZp8I80mEIyOGY1
https://t.me/+t8N8djvNpMozYTUx
https://t.me/+kF5YAHBQ7b8yMDVl
https://t.me/+XA-AFUSIJMBjY2Fh
https://t.me/+5NQjNc_ygu1jYTYx
https://t.me/+9oE0N-acgdo0NTNl
https://t.me/+X_itTArL40g1ZWI5
https://t.me/wangbo28
https://t.me/+-ZBvuqf9AYtkM2Q5
https://t.me/+z-xgWFuhbXRiMmU1
https://t.me/+WgZhCn-jDiY2YjRl
https://t.me/+-J3EkxDRssplNmQx
https://t.me/+C0RIb6Z0lM8xY2Q1
https://t.me/+-jAPlPqNLng3NTk1
https://t.me/+uDADliAVzT84ZDRh
https://t.me/+-FuT5gvc2BwyNzg5
https://t.me/+YQtg80wqP5NlM2Nh
https://t.me/+hdw-z80muVFjNzFl
https://t.me/+mrJcyx4RlCoyZDE9
https://t.me/+-J3EkxDRssplNmQx
https://t.me/+lLRc1DnIS1JhYTc1
https://t.me/+VwDoIE1fU34wNDRl
https://t.me/+5qiD_XQNy8ozMmI1
https://t.me/+hdw-z80muVFjNzFl
https://t.me/+j1rD3RsKu2A5ZTJl
https://t.me/+O75V72V3_f9mZDk1
https://t.me/+EX5LLMSHNh9iYTQ1
https://t.me/+-jAPlPqNLng3NTk1
https://t.me/+C0RIb6Z0lM8xY2Q1
https://t.me/+z-xgWFuhbXRiMmU1
https://t.me/+qi9K7Bo2Y8Y3ZWY9
https://t.me/+YI3Dtp8InIthMmU5
https://t.me/+jxfLkeV_sRZlZjIx
https://t.me/+SZP7LsqR8FI3ZjM1
https://t.me/+XA-AFUSIJMBjY2Fh
https://t.me/+oK6peJEVCBgzZjcx
https://t.me/+-HKE3ttySdAxMTk1
https://t.me/+uDADliAVzT84ZDRh
https://t.me/+X_itTArL40g1ZWI5
https://t.me/+-FuT5gvc2BwyNzg5
https://t.me/+-ZBvuqf9AYtkM2Q5
https://t.me/+SIfSmDbixudkMzc1
https://t.me/+kF5YAHBQ7b8yMDVl
https://t.me/+uc5k-JwziZU2MzVh
https://t.me/wangbo28
https://t.me/+qi9K7Bo2Y8Y3ZWY9
https://t.me/+-jAPlPqNLng3NTk1
https://t.me/+-HKE3ttySdAxMTk1
https://t.me/+b8osyGrSdOhhZjE9
https://t.me/+TkFX2Ws-6WliNjU9
https://t.me/+rUlOEDqXoIM4NDk9
https://t.me/+EsOVJtfj7FwyOWUx
https://t.me/+xoa71RA8zRlkZWE1
https://t.me/+67pYhAT5wPcxMDRl
https://t.me/+XA-AFUSIJMBjY2Fh
https://t.me/wangbo28
https://t.me/+Gla_cs2FNi1kMjc1
https://t.me/+jxfLkeV_sRZlZjIx
https://t.me/+z-xgWFuhbXRiMmU1
https://t.me/+zYJQMkPK-txmNTc1
https://t.me/+-FuT5gvc2BwyNzg5
https://t.me/+VwDoIE1fU34wNDRl
https://t.me/+uDADliAVzT84ZDRh
https://t.me/+IgxjgT8EJP0wZGI1
https://t.me/+qG8NTgtN0akxM2Ex
https://t.me/+-J3EkxDRssplNmQx
https://t.me/+mrJcyx4RlCoyZDE9
https://t.me/+X_itTArL40g1ZWI5
https://t.me/+pImQqG6kee4wZDYx
https://t.me/+_cUk83u2c1JjNzY1
https://t.me/+rxfOqtxvW-4wNWVl
https://t.me/+G4deUBiLF0g3N2Ux
https://t.me/+j1rD3RsKu2A5ZTJl
https://t.me/+MVMDI7oWzDczNmI1
https://t.me/+-ZBvuqf9AYtkM2Q5
https://t.me/+5qiD_XQNy8ozMmI1
https://t.me/+C0RIb6Z0lM8xY2Q1
https://t.me/+lLRc1DnIS1JhYTc1
https://t.me/+kF5YAHBQ7b8yMDVl
https://t.me/+y1X1DHVWX6o0OWQx
https://t.me/+X_itTArL40g1ZWI5
https://t.me/+XA-AFUSIJMBjY2Fh
https://t.me/+-jAPlPqNLng3NTk1
https://t.me/+qi9K7Bo2Y8Y3ZWY9
https://t.me/+owVJEPVLlZpiOGUx
https://t.me/+-ZBvuqf9AYtkM2Q5
https://t.me/+d704xN5CSodkN2Vh
https://t.me/+IWYUKU0ocCcwYjMx
https://t.me/+5qiD_XQNy8ozMmI1
https://t.me/+j1rD3RsKu2A5ZTJl
https://t.me/+3gLBjcldb5E1NWY9
https://t.me/+Ykhdirg6NcNkYjAx
https://t.me/+-FuT5gvc2BwyNzg5
https://t.me/+uFhQDDWC5a8xOTVh
https://t.me/+jxfLkeV_sRZlZjIx
https://t.me/+z-xgWFuhbXRiMmU1
https://t.me/+-HKE3ttySdAxMTk1
https://t.me/+dYHMcVJpbBwzMGQ1
https://t.me/+HBDkiYv3Y9c2ODM1
https://t.me/+kF5YAHBQ7b8yMDVl
https://t.me/wangbo28
https://t.me/+C0RIb6Z0lM8xY2Q1
https://t.me/+uDADliAVzT84ZDRh
https://t.me/+-J3EkxDRssplNmQx
https://t.me/+VwDoIE1fU34wNDRl