

=====================================================

2022-06-30 13:46:09 → 12567693087 → QQ27777 → 老板，最近业务做的怎么样了，看你忙前忙后的。

了解下我们公司业务哈

承接各类：
网站搭建❕定制机器人❕群发软件❕代发广告
频道拉粉❕电报协议号❕刷浏览量❕克隆活粉
封禁用户❕封禁机器人❕封禁频道❕诚招代理

 👉商务合作联系客服： 
 小虎：@Boss91M1 
 小木：@Boss91M2
 官方交流群：https://t.me/bs91m990

=====================================================

2022-06-30 13:46:32 → 12567693087 → cd91888 → 老板，最近业务做的怎么样了，看你忙前忙后的。

了解下我们公司业务哈

承接各类：
网站搭建❕定制机器人❕群发软件❕代发广告
频道拉粉❕电报协议号❕刷浏览量❕克隆活粉
封禁用户❕封禁机器人❕封禁频道❕诚招代理

 👉商务合作联系客服： 
 小虎：@Boss91M1 
 小木：@Boss91M2
 官方交流群：https://t.me/bs91m990

=====================================================

2022-06-30 13:46:53 → 12567693087 → Pg30678 → 老板，最近业务做的怎么样了，看你忙前忙后的。

了解下我们公司业务哈

承接各类：
网站搭建❕定制机器人❕群发软件❕代发广告
频道拉粉❕电报协议号❕刷浏览量❕克隆活粉
封禁用户❕封禁机器人❕封禁频道❕诚招代理

 👉商务合作联系客服： 
 小虎：@Boss91M1 
 小木：@Boss91M2
 官方交流群：https://t.me/bs91m990

=====================================================

2022-06-30 13:47:10 → 12567693087 → paofu168 → 老板，最近业务做的怎么样了，看你忙前忙后的。

了解下我们公司业务哈

承接各类：
网站搭建❕定制机器人❕群发软件❕代发广告
频道拉粉❕电报协议号❕刷浏览量❕克隆活粉
封禁用户❕封禁机器人❕封禁频道❕诚招代理

 👉商务合作联系客服： 
 小虎：@Boss91M1 
 小木：@Boss91M2
 官方交流群：https://t.me/bs91m990

=====================================================

2022-06-30 13:47:24 → 12567693087 → paofu66 → 老板，最近业务做的怎么样了，看你忙前忙后的。

了解下我们公司业务哈

承接各类：
网站搭建❕定制机器人❕群发软件❕代发广告
频道拉粉❕电报协议号❕刷浏览量❕克隆活粉
封禁用户❕封禁机器人❕封禁频道❕诚招代理

 👉商务合作联系客服： 
 小虎：@Boss91M1 
 小木：@Boss91M2
 官方交流群：https://t.me/bs91m990

=====================================================

2022-06-30 13:47:38 → 12567693087 → jiuge666 → 老板，最近业务做的怎么样了，看你忙前忙后的。

了解下我们公司业务哈

承接各类：
网站搭建❕定制机器人❕群发软件❕代发广告
频道拉粉❕电报协议号❕刷浏览量❕克隆活粉
封禁用户❕封禁机器人❕封禁频道❕诚招代理

 👉商务合作联系客服： 
 小虎：@Boss91M1 
 小木：@Boss91M2
 官方交流群：https://t.me/bs91m990

=====================================================

2022-06-30 13:48:11 → 12567693087 → xiaozhang9168 → 老板，最近业务做的怎么样了，看你忙前忙后的。

了解下我们公司业务哈

承接各类：
网站搭建❕定制机器人❕群发软件❕代发广告
频道拉粉❕电报协议号❕刷浏览量❕克隆活粉
封禁用户❕封禁机器人❕封禁频道❕诚招代理

 👉商务合作联系客服： 
 小虎：@Boss91M1 
 小木：@Boss91M2
 官方交流群：https://t.me/bs91m990

=====================================================

2022-06-30 13:48:25 → 12567693087 → v68886 → 老板，最近业务做的怎么样了，看你忙前忙后的。

了解下我们公司业务哈

承接各类：
网站搭建❕定制机器人❕群发软件❕代发广告
频道拉粉❕电报协议号❕刷浏览量❕克隆活粉
封禁用户❕封禁机器人❕封禁频道❕诚招代理

 👉商务合作联系客服： 
 小虎：@Boss91M1 
 小木：@Boss91M2
 官方交流群：https://t.me/bs91m990