

=====================================================

2022-06-28
咨询客户ID：5387799106
回复消息：你好,老板！🤝 我们公司承接

网站搭建❕定制机器人❕群发软件❕代发广告

👉公司客服： @Boss91M1   @Boss91M2
👉官方交流群： @bs91m990

=====================================================

2022-06-28
咨询客户ID：5569654143
回复消息：你好,老板！🤝 我们公司承接

网站搭建❕定制机器人❕群发软件❕代发广告

👉公司客服： @Boss91M1   @Boss91M2
👉官方交流群： @bs91m990

=====================================================

2022-06-28
咨询客户ID：1718319669
回复消息：你好,老板！🤝 我们公司承接

网站搭建❕定制机器人❕群发软件❕代发广告

👉公司客服： @Boss91M1   @Boss91M2
👉官方交流群： @bs91m990

=====================================================

2022-06-28
咨询客户ID：5521404545
回复消息：你好,老板！🤝 我们公司承接

网站搭建❕定制机器人❕群发软件❕代发广告

👉公司客服： @Boss91M1   @Boss91M2
👉官方交流群： @bs91m990

=====================================================

2022-06-28
咨询客户ID：5594979522
回复消息：你好,老板！🤝 我们公司承接

网站搭建❕定制机器人❕群发软件❕代发广告

👉公司客服： @Boss91M1   @Boss91M2
👉官方交流群： @bs91m990

=====================================================

2022-06-28
咨询客户ID：5229574923
回复消息：你好,老板！🤝 我们公司承接

网站搭建❕定制机器人❕群发软件❕代发广告

👉公司客服： @Boss91M1   @Boss91M2
👉官方交流群： @bs91m990

=====================================================

2022-06-28
咨询客户ID：5581426625
回复消息：你好,老板！🤝 我们公司承接

网站搭建❕定制机器人❕群发软件❕代发广告

👉公司客服： @Boss91M1   @Boss91M2
👉官方交流群： @bs91m990

=====================================================

2022-06-28
咨询客户ID：5506995103
回复消息：你好,老板！🤝 我们公司承接

网站搭建❕定制机器人❕群发软件❕代发广告

👉公司客服： @Boss91M1   @Boss91M2
👉官方交流群： @bs91m990

=====================================================

2022-06-28
咨询客户ID：5568244160
回复消息：你好,老板！🤝 我们公司承接

网站搭建❕定制机器人❕群发软件❕代发广告

👉公司客服： @Boss91M1   @Boss91M2
👉官方交流群： @bs91m990

=====================================================

2022-06-28
咨询客户ID：5296096643
回复消息：你好,老板！🤝 我们公司承接

网站搭建❕定制机器人❕群发软件❕代发广告

👉公司客服： @Boss91M1   @Boss91M2
👉官方交流群： @bs91m990

=====================================================

2022-06-28
咨询客户ID：5571245447
回复消息：你好,老板！🤝 我们公司承接

网站搭建❕定制机器人❕群发软件❕代发广告

👉公司客服： @Boss91M1   @Boss91M2
👉官方交流群： @bs91m990

=====================================================

2022-06-28
咨询客户ID：5570387203
回复消息：你好,老板！🤝 我们公司承接

网站搭建❕定制机器人❕群发软件❕代发广告

👉公司客服： @Boss91M1   @Boss91M2
👉官方交流群： @bs91m990

=====================================================

2022-06-28
咨询客户ID：5315174441
回复消息：你好,老板！🤝 我们公司承接

网站搭建❕定制机器人❕群发软件❕代发广告

👉公司客服： @Boss91M1   @Boss91M2
👉官方交流群： @bs91m990

=====================================================

2022-06-28
咨询客户ID：5512372792
回复消息：你好,老板！🤝 我们公司承接

网站搭建❕定制机器人❕群发软件❕代发广告

👉公司客服： @Boss91M1   @Boss91M2
👉官方交流群： @bs91m990

=====================================================

2022-06-28
咨询客户ID：5300742188
回复消息：你好,老板！🤝 我们公司承接

网站搭建❕定制机器人❕群发软件❕代发广告

👉公司客服： @Boss91M1   @Boss91M2
👉官方交流群： @bs91m990

=====================================================

2022-06-28
咨询客户ID：5596827119
回复消息：你好,老板！🤝 我们公司承接

网站搭建❕定制机器人❕群发软件❕代发广告

👉公司客服： @Boss91M1   @Boss91M2
👉官方交流群： @bs91m990

=====================================================

2022-06-28
咨询客户ID：5530399137
回复消息：你好,老板！🤝 我们公司承接

网站搭建❕定制机器人❕群发软件❕代发广告

👉公司客服： @Boss91M1   @Boss91M2
👉官方交流群： @bs91m990

=====================================================

2022-06-28
咨询客户ID：5587621949
回复消息：你好,老板！🤝 我们公司承接

网站搭建❕定制机器人❕群发软件❕代发广告

👉公司客服： @Boss91M1   @Boss91M2
👉官方交流群： @bs91m990

=====================================================

2022-06-28
咨询客户ID：5453060596
回复消息：你好,老板！🤝 我们公司承接

网站搭建❕定制机器人❕群发软件❕代发广告

👉公司客服： @Boss91M1   @Boss91M2
👉官方交流群： @bs91m990

=====================================================

2022-06-28
咨询客户ID：2139369788
回复消息：你好,老板！🤝 我们公司承接

网站搭建❕定制机器人❕群发软件❕代发广告

👉公司客服： @Boss91M1   @Boss91M2
👉官方交流群： @bs91m990

=====================================================

2022-06-28
咨询客户ID：5357939346
回复消息：你好,老板！🤝 我们公司承接

网站搭建❕定制机器人❕群发软件❕代发广告

👉公司客服： @Boss91M1   @Boss91M2
👉官方交流群： @bs91m990

=====================================================

2022-06-28
咨询客户ID：5583704698
回复消息：你好,老板！🤝 我们公司承接

网站搭建❕定制机器人❕群发软件❕代发广告

👉公司客服： @Boss91M1   @Boss91M2
👉官方交流群： @bs91m990

=====================================================

2022-06-28
咨询客户ID：5578953811
回复消息：你好,老板！🤝 我们公司承接

网站搭建❕定制机器人❕群发软件❕代发广告

👉公司客服： @Boss91M1   @Boss91M2
👉官方交流群： @bs91m990

=====================================================

2022-06-28
咨询客户ID：5193873304
回复消息：你好,老板！🤝 我们公司承接

网站搭建❕定制机器人❕群发软件❕代发广告

👉公司客服： @Boss91M1   @Boss91M2
👉官方交流群： @bs91m990

=====================================================

2022-06-28
咨询客户ID：5462495231
回复消息：你好,老板！🤝 我们公司承接

网站搭建❕定制机器人❕群发软件❕代发广告

👉公司客服： @Boss91M1   @Boss91M2
👉官方交流群： @bs91m990

=====================================================

2022-06-28
咨询客户ID：5409226065
回复消息：你好,老板！🤝 我们公司承接

网站搭建❕定制机器人❕群发软件❕代发广告

👉公司客服： @Boss91M1   @Boss91M2
👉官方交流群： @bs91m990

=====================================================

2022-06-28
咨询客户ID：5413687694
回复消息：你好,老板！🤝 我们公司承接

网站搭建❕定制机器人❕群发软件❕代发广告

👉公司客服： @Boss91M1   @Boss91M2
👉官方交流群： @bs91m990

=====================================================

2022-06-28
咨询客户ID：5533206719
回复消息：你好,老板！🤝 我们公司承接

网站搭建❕定制机器人❕群发软件❕代发广告

👉公司客服： @Boss91M1   @Boss91M2
👉官方交流群： @bs91m990

=====================================================

2022-06-28
咨询客户ID：5156022270
回复消息：你好,老板！🤝 我们公司承接

网站搭建❕定制机器人❕群发软件❕代发广告

👉公司客服： @Boss91M1   @Boss91M2
👉官方交流群： @bs91m990

=====================================================

2022-06-28
咨询客户ID：5442028624
回复消息：你好,老板！🤝 我们公司承接

网站搭建❕定制机器人❕群发软件❕代发广告

👉公司客服： @Boss91M1   @Boss91M2
👉官方交流群： @bs91m990

=====================================================

2022-06-28
咨询客户ID：5587140746
回复消息：你好,老板！🤝 我们公司承接

网站搭建❕定制机器人❕群发软件❕代发广告

👉公司客服： @Boss91M1   @Boss91M2
👉官方交流群： @bs91m990

=====================================================

2022-06-28
咨询客户ID：5013869211
回复消息：你好,老板！🤝 我们公司承接

网站搭建❕定制机器人❕群发软件❕代发广告

👉公司客服： @Boss91M1   @Boss91M2
👉官方交流群： @bs91m990

=====================================================

2022-06-28
咨询客户ID：5556246604
回复消息：你好,老板！🤝 我们公司承接

网站搭建❕定制机器人❕群发软件❕代发广告

👉公司客服： @Boss91M1   @Boss91M2
👉官方交流群： @bs91m990

=====================================================

2022-06-28
咨询客户ID：5474016704
回复消息：你好,老板！🤝 我们公司承接

网站搭建❕定制机器人❕群发软件❕代发广告

👉公司客服： @Boss91M1   @Boss91M2
👉官方交流群： @bs91m990

=====================================================

2022-06-28
咨询客户ID：5419057454
回复消息：你好,老板！🤝 我们公司承接

网站搭建❕定制机器人❕群发软件❕代发广告

👉公司客服： @Boss91M1   @Boss91M2
👉官方交流群： @bs91m990

=====================================================

2022-06-28
咨询客户ID：5314072334
回复消息：你好,老板！🤝 我们公司承接

网站搭建❕定制机器人❕群发软件❕代发广告

👉公司客服： @Boss91M1   @Boss91M2
👉官方交流群： @bs91m990

=====================================================

2022-06-28
咨询客户ID：5403465865
回复消息：你好,老板！🤝 我们公司承接

网站搭建❕定制机器人❕群发软件❕代发广告

👉公司客服： @Boss91M1   @Boss91M2
👉官方交流群： @bs91m990

=====================================================

2022-06-28
咨询客户ID：5315231324
回复消息：你好,老板！🤝 我们公司承接

网站搭建❕定制机器人❕群发软件❕代发广告

👉公司客服： @Boss91M1   @Boss91M2
👉官方交流群： @bs91m990

=====================================================

2022-06-28
咨询客户ID：5505022520
回复消息：你好,老板！🤝 我们公司承接

网站搭建❕定制机器人❕群发软件❕代发广告

👉公司客服： @Boss91M1   @Boss91M2
👉官方交流群： @bs91m990

=====================================================

2022-06-28
咨询客户ID：5527688359
回复消息：你好,老板！🤝 我们公司承接

网站搭建❕定制机器人❕群发软件❕代发广告

👉公司客服： @Boss91M1   @Boss91M2
👉官方交流群： @bs91m990

=====================================================

2022-06-28
咨询客户ID：1883180213
回复消息：你好,老板！🤝 我们公司承接

网站搭建❕定制机器人❕群发软件❕代发广告

👉公司客服： @Boss91M1   @Boss91M2
👉官方交流群： @bs91m990

=====================================================

2022-06-28
咨询客户ID：5370763482
回复消息：你好,老板！🤝 我们公司承接

网站搭建❕定制机器人❕群发软件❕代发广告

👉公司客服： @Boss91M1   @Boss91M2
👉官方交流群： @bs91m990

=====================================================

2022-06-28
咨询客户ID：5538083534
回复消息：你好,老板！🤝 我们公司承接

网站搭建❕定制机器人❕群发软件❕代发广告

👉公司客服： @Boss91M1   @Boss91M2
👉官方交流群： @bs91m990

=====================================================

2022-06-28
咨询客户ID：5508039457
回复消息：你好,老板！🤝 我们公司承接

网站搭建❕定制机器人❕群发软件❕代发广告

👉公司客服： @Boss91M1   @Boss91M2
👉官方交流群： @bs91m990

=====================================================

2022-06-28
咨询客户ID：5119459261
回复消息：你好,老板！🤝 我们公司承接

网站搭建❕定制机器人❕群发软件❕代发广告

👉公司客服： @Boss91M1   @Boss91M2
👉官方交流群： @bs91m990

=====================================================

2022-06-28
咨询客户ID：5167981593
回复消息：你好,老板！🤝 我们公司承接

网站搭建❕定制机器人❕群发软件❕代发广告

👉公司客服： @Boss91M1   @Boss91M2
👉官方交流群： @bs91m990

=====================================================

2022-06-28
咨询客户ID：5372672229
回复消息：你好,老板！🤝 我们公司承接

网站搭建❕定制机器人❕群发软件❕代发广告

👉公司客服： @Boss91M1   @Boss91M2
👉官方交流群： @bs91m990

=====================================================

2022-06-28
咨询客户ID：5372658951
回复消息：你好,老板！🤝 我们公司承接

网站搭建❕定制机器人❕群发软件❕代发广告

👉公司客服： @Boss91M1   @Boss91M2
👉官方交流群： @bs91m990

=====================================================

2022-06-28
咨询客户ID：5465485527
回复消息：你好,老板！🤝 我们公司承接

网站搭建❕定制机器人❕群发软件❕代发广告

👉公司客服： @Boss91M1   @Boss91M2
👉官方交流群： @bs91m990

=====================================================

2022-06-28
咨询客户ID：5512977720
回复消息：你好,老板！🤝 我们公司承接

网站搭建❕定制机器人❕群发软件❕代发广告

👉公司客服： @Boss91M1   @Boss91M2
👉官方交流群： @bs91m990

=====================================================

2022-06-28
咨询客户ID：5528067105
回复消息：你好,老板！🤝 我们公司承接

网站搭建❕定制机器人❕群发软件❕代发广告

👉公司客服： @Boss91M1   @Boss91M2
👉官方交流群： @bs91m990

=====================================================

2022-06-28
咨询客户ID：5490352018
回复消息：你好,老板！🤝 我们公司承接

网站搭建❕定制机器人❕群发软件❕代发广告

👉公司客服： @Boss91M1   @Boss91M2
👉官方交流群： @bs91m990

=====================================================

2022-06-28
咨询客户ID：5497592797
回复消息：你好,老板！🤝 我们公司承接

网站搭建❕定制机器人❕群发软件❕代发广告

👉公司客服： @Boss91M1   @Boss91M2
👉官方交流群： @bs91m990

=====================================================

2022-06-28
咨询客户ID：1548266018
回复消息：你好,老板！🤝 我们公司承接

网站搭建❕定制机器人❕群发软件❕代发广告

👉公司客服： @Boss91M1   @Boss91M2
👉官方交流群： @bs91m990

=====================================================

2022-06-28
咨询客户ID：5531919140
回复消息：你好,老板！🤝 我们公司承接

网站搭建❕定制机器人❕群发软件❕代发广告

👉公司客服： @Boss91M1   @Boss91M2
👉官方交流群： @bs91m990

=====================================================

2022-06-28
咨询客户ID：5526576368
回复消息：你好,老板！🤝 我们公司承接

网站搭建❕定制机器人❕群发软件❕代发广告

👉公司客服： @Boss91M1   @Boss91M2
👉官方交流群： @bs91m990

=====================================================

2022-06-28
咨询客户ID：5482464251
回复消息：你好,老板！🤝 我们公司承接

网站搭建❕定制机器人❕群发软件❕代发广告

👉公司客服： @Boss91M1   @Boss91M2
👉官方交流群： @bs91m990

=====================================================

2022-06-28
咨询客户ID：5567432661
回复消息：你好,老板！🤝 我们公司承接

网站搭建❕定制机器人❕群发软件❕代发广告

👉公司客服： @Boss91M1   @Boss91M2
👉官方交流群： @bs91m990

=====================================================

2022-06-28
咨询客户ID：5412897580
回复消息：你好,老板！🤝 我们公司承接

网站搭建❕定制机器人❕群发软件❕代发广告

👉公司客服： @Boss91M1   @Boss91M2
👉官方交流群： @bs91m990

=====================================================

2022-06-28
咨询客户ID：5130038927
回复消息：你好,老板！🤝 我们公司承接

网站搭建❕定制机器人❕群发软件❕代发广告

👉公司客服： @Boss91M1   @Boss91M2
👉官方交流群： @bs91m990

=====================================================

2022-06-28
咨询客户ID：5470207833
回复消息：你好,老板！🤝 我们公司承接

网站搭建❕定制机器人❕群发软件❕代发广告

👉公司客服： @Boss91M1   @Boss91M2
👉官方交流群： @bs91m990

=====================================================

2022-06-28
咨询客户ID：5564889124
回复消息：你好,老板！🤝 我们公司承接

网站搭建❕定制机器人❕群发软件❕代发广告

👉公司客服： @Boss91M1   @Boss91M2
👉官方交流群： @bs91m990

=====================================================

2022-06-28
咨询客户ID：5393717205
回复消息：你好,老板！🤝 我们公司承接

网站搭建❕定制机器人❕群发软件❕代发广告

👉公司客服： @Boss91M1   @Boss91M2
👉官方交流群： @bs91m990

=====================================================

2022-06-28
咨询客户ID：5133265155
回复消息：你好,老板！🤝 我们公司承接

网站搭建❕定制机器人❕群发软件❕代发广告

👉公司客服： @Boss91M1   @Boss91M2
👉官方交流群： @bs91m990

=====================================================

2022-06-28
咨询客户ID：5384033127
回复消息：你好,老板！🤝 我们公司承接

网站搭建❕定制机器人❕群发软件❕代发广告

👉公司客服： @Boss91M1   @Boss91M2
👉官方交流群： @bs91m990

=====================================================

2022-06-28
咨询客户ID：5321289118
回复消息：你好,老板！🤝 我们公司承接

网站搭建❕定制机器人❕群发软件❕代发广告

👉公司客服： @Boss91M1   @Boss91M2
👉官方交流群： @bs91m990

=====================================================

2022-06-28
咨询客户ID：5378049096
回复消息：你好,老板！🤝 我们公司承接

网站搭建❕定制机器人❕群发软件❕代发广告

👉公司客服： @Boss91M1   @Boss91M2
👉官方交流群： @bs91m990

=====================================================

2022-06-28
咨询客户ID：5591825639
回复消息：你好,老板！🤝 我们公司承接

网站搭建❕定制机器人❕群发软件❕代发广告

👉公司客服： @Boss91M1   @Boss91M2
👉官方交流群： @bs91m990

=====================================================

2022-06-28
咨询客户ID：5389838384
回复消息：你好,老板！🤝 我们公司承接

网站搭建❕定制机器人❕群发软件❕代发广告

👉公司客服： @Boss91M1   @Boss91M2
👉官方交流群： @bs91m990

=====================================================

2022-06-28
咨询客户ID：5516304345
回复消息：你好,老板！🤝 我们公司承接

网站搭建❕定制机器人❕群发软件❕代发广告

👉公司客服： @Boss91M1   @Boss91M2
👉官方交流群： @bs91m990

=====================================================

2022-06-28
咨询客户ID：5322197479
回复消息：你好,老板！🤝 我们公司承接

网站搭建❕定制机器人❕群发软件❕代发广告

👉公司客服： @Boss91M1   @Boss91M2
👉官方交流群： @bs91m990

=====================================================

2022-06-28
咨询客户ID：5346292910
回复消息：你好,老板！🤝 我们公司承接

网站搭建❕定制机器人❕群发软件❕代发广告

👉公司客服： @Boss91M1   @Boss91M2
👉官方交流群： @bs91m990

=====================================================

2022-06-28
咨询客户ID：5454588389
回复消息：你好,老板！🤝 我们公司承接

网站搭建❕定制机器人❕群发软件❕代发广告

👉公司客服： @Boss91M1   @Boss91M2
👉官方交流群： @bs91m990

=====================================================

2022-06-28
咨询客户ID：5210517427
回复消息：你好,老板！🤝 我们公司承接

网站搭建❕定制机器人❕群发软件❕代发广告

👉公司客服： @Boss91M1   @Boss91M2
👉官方交流群： @bs91m990

=====================================================

2022-06-28
咨询客户ID：5480916935
回复消息：你好,老板！🤝 我们公司承接

网站搭建❕定制机器人❕群发软件❕代发广告

👉公司客服： @Boss91M1   @Boss91M2
👉官方交流群： @bs91m990

=====================================================

2022-06-28
咨询客户ID：5490141137
回复消息：你好,老板！🤝 我们公司承接

网站搭建❕定制机器人❕群发软件❕代发广告

👉公司客服： @Boss91M1   @Boss91M2
👉官方交流群： @bs91m990

=====================================================

2022-06-28
咨询客户ID：5380508600
回复消息：你好,老板！🤝 我们公司承接

网站搭建❕定制机器人❕群发软件❕代发广告

👉公司客服： @Boss91M1   @Boss91M2
👉官方交流群： @bs91m990

=====================================================

2022-06-28
咨询客户ID：5459978270
回复消息：你好,老板！🤝 我们公司承接

网站搭建❕定制机器人❕群发软件❕代发广告

👉公司客服： @Boss91M1   @Boss91M2
👉官方交流群： @bs91m990

=====================================================

2022-06-28
咨询客户ID：5587696653
回复消息：你好,老板！🤝 我们公司承接

网站搭建❕定制机器人❕群发软件❕代发广告

👉公司客服： @Boss91M1   @Boss91M2
👉官方交流群： @bs91m990

=====================================================

2022-06-28
咨询客户ID：5574213369
回复消息：你好,老板！🤝 我们公司承接

网站搭建❕定制机器人❕群发软件❕代发广告

👉公司客服： @Boss91M1   @Boss91M2
👉官方交流群： @bs91m990

=====================================================

2022-06-28
咨询客户ID：5406762201
回复消息：你好,老板！🤝 我们公司承接

网站搭建❕定制机器人❕群发软件❕代发广告

👉公司客服： @Boss91M1   @Boss91M2
👉官方交流群： @bs91m990

=====================================================

2022-06-28
咨询客户ID：5301409283
回复消息：你好,老板！🤝 我们公司承接

网站搭建❕定制机器人❕群发软件❕代发广告

👉公司客服： @Boss91M1   @Boss91M2
👉官方交流群： @bs91m990

=====================================================

2022-06-28
咨询客户ID：5378049096
回复消息：你好,老板！🤝 我们公司承接

网站搭建❕定制机器人❕群发软件❕代发广告

👉公司客服： @Boss91M1   @Boss91M2
👉官方交流群： @bs91m990

=====================================================

2022-06-28
咨询客户ID：5213635336
回复消息：你好,老板！🤝 我们公司承接

网站搭建❕定制机器人❕群发软件❕代发广告

👉公司客服： @Boss91M1   @Boss91M2
👉官方交流群： @bs91m990

=====================================================

2022-06-28
咨询客户ID：2136357032
回复消息：你好,老板！🤝 我们公司承接

网站搭建❕定制机器人❕群发软件❕代发广告

👉公司客服： @Boss91M1   @Boss91M2
👉官方交流群： @bs91m990

=====================================================

2022-06-28
咨询客户ID：5428805640
回复消息：你好,老板！🤝 我们公司承接

网站搭建❕定制机器人❕群发软件❕代发广告

👉公司客服： @Boss91M1   @Boss91M2
👉官方交流群： @bs91m990

=====================================================

2022-06-28
咨询客户ID：5425661953
回复消息：你好,老板！🤝 我们公司承接

网站搭建❕定制机器人❕群发软件❕代发广告

👉公司客服： @Boss91M1   @Boss91M2
👉官方交流群： @bs91m990

=====================================================

2022-06-28
咨询客户ID：5400112836
回复消息：你好,老板！🤝 我们公司承接

网站搭建❕定制机器人❕群发软件❕代发广告

👉公司客服： @Boss91M1   @Boss91M2
👉官方交流群： @bs91m990

=====================================================

2022-06-28
咨询客户ID：1839310372
回复消息：你好,老板！🤝 我们公司承接

网站搭建❕定制机器人❕群发软件❕代发广告

👉公司客服： @Boss91M1   @Boss91M2
👉官方交流群： @bs91m990

=====================================================

2022-06-28
咨询客户ID：5453800916
回复消息：你好,老板！🤝 我们公司承接

网站搭建❕定制机器人❕群发软件❕代发广告

👉公司客服： @Boss91M1   @Boss91M2
👉官方交流群： @bs91m990

=====================================================

2022-06-28
咨询客户ID：5459753976
回复消息：你好,老板！🤝 我们公司承接

网站搭建❕定制机器人❕群发软件❕代发广告

👉公司客服： @Boss91M1   @Boss91M2
👉官方交流群： @bs91m990

=====================================================

2022-06-28
咨询客户ID：5265078095
回复消息：你好,老板！🤝 我们公司承接

网站搭建❕定制机器人❕群发软件❕代发广告

👉公司客服： @Boss91M1   @Boss91M2
👉官方交流群： @bs91m990

=====================================================

2022-06-28
咨询客户ID：5342468781
回复消息：你好,老板！🤝 我们公司承接

网站搭建❕定制机器人❕群发软件❕代发广告

👉公司客服： @Boss91M1   @Boss91M2
👉官方交流群： @bs91m990

=====================================================

2022-06-28
咨询客户ID：5557940304
回复消息：你好,老板！🤝 我们公司承接

网站搭建❕定制机器人❕群发软件❕代发广告

👉公司客服： @Boss91M1   @Boss91M2
👉官方交流群： @bs91m990

=====================================================

2022-06-28
咨询客户ID：5453800916
回复消息：你好,老板！🤝 我们公司承接

网站搭建❕定制机器人❕群发软件❕代发广告

👉公司客服： @Boss91M1   @Boss91M2
👉官方交流群： @bs91m990

=====================================================

2022-06-28
咨询客户ID：5401485521
回复消息：你好,老板！🤝 我们公司承接

网站搭建❕定制机器人❕群发软件❕代发广告

👉公司客服： @Boss91M1   @Boss91M2
👉官方交流群： @bs91m990

=====================================================

2022-06-28
咨询客户ID：5377153023
回复消息：你好,老板！🤝 我们公司承接

网站搭建❕定制机器人❕群发软件❕代发广告

👉公司客服： @Boss91M1   @Boss91M2
👉官方交流群： @bs91m990

=====================================================

2022-06-28
咨询客户ID：5102171857
回复消息：你好,老板！🤝 我们公司承接

网站搭建❕定制机器人❕群发软件❕代发广告

👉公司客服： @Boss91M1   @Boss91M2
👉官方交流群： @bs91m990

=====================================================

2022-06-28
咨询客户ID：5391174521
回复消息：你好,老板！🤝 我们公司承接

网站搭建❕定制机器人❕群发软件❕代发广告

👉公司客服： @Boss91M1   @Boss91M2
👉官方交流群： @bs91m990

=====================================================

2022-06-28
咨询客户ID：1723497619
回复消息：你好,老板！🤝 我们公司承接

网站搭建❕定制机器人❕群发软件❕代发广告

👉公司客服： @Boss91M1   @Boss91M2
👉官方交流群： @bs91m990

=====================================================

2022-06-28
咨询客户ID：5369172263
回复消息：你好,老板！🤝 我们公司承接

网站搭建❕定制机器人❕群发软件❕代发广告

👉公司客服： @Boss91M1   @Boss91M2
👉官方交流群： @bs91m990

=====================================================

2022-06-28
咨询客户ID：5508256437
回复消息：你好,老板！🤝 我们公司承接

网站搭建❕定制机器人❕群发软件❕代发广告

👉公司客服： @Boss91M1   @Boss91M2
👉官方交流群： @bs91m990

=====================================================

2022-06-28
咨询客户ID：5413687694
回复消息：你好,老板！🤝 我们公司承接

网站搭建❕定制机器人❕群发软件❕代发广告

👉公司客服： @Boss91M1   @Boss91M2
👉官方交流群： @bs91m990

=====================================================

2022-06-28
咨询客户ID：5530994365
回复消息：你好,老板！🤝 我们公司承接

网站搭建❕定制机器人❕群发软件❕代发广告

👉公司客服： @Boss91M1   @Boss91M2
👉官方交流群： @bs91m990

=====================================================

2022-06-28
咨询客户ID：5555096527
回复消息：你好,老板！🤝 我们公司承接

网站搭建❕定制机器人❕群发软件❕代发广告

👉公司客服： @Boss91M1   @Boss91M2
👉官方交流群： @bs91m990

=====================================================

2022-06-28
咨询客户ID：5565038980
回复消息：你好,老板！🤝 我们公司承接

网站搭建❕定制机器人❕群发软件❕代发广告

👉公司客服： @Boss91M1   @Boss91M2
👉官方交流群： @bs91m990

=====================================================

2022-06-28
咨询客户ID：5413687694
回复消息：你好,老板！🤝 我们公司承接

网站搭建❕定制机器人❕群发软件❕代发广告

👉公司客服： @Boss91M1   @Boss91M2
👉官方交流群： @bs91m990

=====================================================

2022-06-28
咨询客户ID：5169043208
回复消息：你好,老板！🤝 我们公司承接

网站搭建❕定制机器人❕群发软件❕代发广告

👉公司客服： @Boss91M1   @Boss91M2
👉官方交流群： @bs91m990

=====================================================

2022-06-28
咨询客户ID：5351390636
回复消息：你好,老板！🤝 我们公司承接

网站搭建❕定制机器人❕群发软件❕代发广告

👉公司客服： @Boss91M1   @Boss91M2
👉官方交流群： @bs91m990

=====================================================

2022-06-28
咨询客户ID：5236380434
回复消息：你好,老板！🤝 我们公司承接

网站搭建❕定制机器人❕群发软件❕代发广告

👉公司客服： @Boss91M1   @Boss91M2
👉官方交流群： @bs91m990

=====================================================

2022-06-28
咨询客户ID：5592891101
回复消息：你好,老板！🤝 我们公司承接

网站搭建❕定制机器人❕群发软件❕代发广告

👉公司客服： @Boss91M1   @Boss91M2
👉官方交流群： @bs91m990

=====================================================

2022-06-28
咨询客户ID：5339197851
回复消息：你好,老板！🤝 我们公司承接

网站搭建❕定制机器人❕群发软件❕代发广告

👉公司客服： @Boss91M1   @Boss91M2
👉官方交流群： @bs91m990

=====================================================

2022-06-28
咨询客户ID：5420116798
回复消息：你好,老板！🤝 我们公司承接

网站搭建❕定制机器人❕群发软件❕代发广告

👉公司客服： @Boss91M1   @Boss91M2
👉官方交流群： @bs91m990

=====================================================

2022-06-28
咨询客户ID：5366534340
回复消息：你好,老板！🤝 我们公司承接

网站搭建❕定制机器人❕群发软件❕代发广告

👉公司客服： @Boss91M1   @Boss91M2
👉官方交流群： @bs91m990

=====================================================

2022-06-28
咨询客户ID：5145754126
回复消息：你好,老板！🤝 我们公司承接

网站搭建❕定制机器人❕群发软件❕代发广告

👉公司客服： @Boss91M1   @Boss91M2
👉官方交流群： @bs91m990

=====================================================

2022-06-28
咨询客户ID：5283850954
回复消息：你好,老板！🤝 我们公司承接

网站搭建❕定制机器人❕群发软件❕代发广告

👉公司客服： @Boss91M1   @Boss91M2
👉官方交流群： @bs91m990

=====================================================

2022-06-28
咨询客户ID：5556652139
回复消息：你好,老板！🤝 我们公司承接

网站搭建❕定制机器人❕群发软件❕代发广告

👉公司客服： @Boss91M1   @Boss91M2
👉官方交流群： @bs91m990

=====================================================

2022-06-28
咨询客户ID：5101592147
回复消息：你好,老板！🤝 我们公司承接

网站搭建❕定制机器人❕群发软件❕代发广告

👉公司客服： @Boss91M1   @Boss91M2
👉官方交流群： @bs91m990

=====================================================

2022-06-28
咨询客户ID：5239039766
回复消息：你好,老板！🤝 我们公司承接

网站搭建❕定制机器人❕群发软件❕代发广告

👉公司客服： @Boss91M1   @Boss91M2
👉官方交流群： @bs91m990

=====================================================

2022-06-28
咨询客户ID：5260598433
回复消息：你好,老板！🤝 我们公司承接

网站搭建❕定制机器人❕群发软件❕代发广告

👉公司客服： @Boss91M1   @Boss91M2
👉官方交流群： @bs91m990

=====================================================

2022-06-28
咨询客户ID：5210311588
回复消息：你好,老板！🤝 我们公司承接

网站搭建❕定制机器人❕群发软件❕代发广告

👉公司客服： @Boss91M1   @Boss91M2
👉官方交流群： @bs91m990

=====================================================

2022-06-28
咨询客户ID：5420116798
回复消息：你好,老板！🤝 我们公司承接

网站搭建❕定制机器人❕群发软件❕代发广告

👉公司客服： @Boss91M1   @Boss91M2
👉官方交流群： @bs91m990

=====================================================

2022-06-28
咨询客户ID：5507334782
回复消息：你好,老板！🤝 我们公司承接

网站搭建❕定制机器人❕群发软件❕代发广告

👉公司客服： @Boss91M1   @Boss91M2
👉官方交流群： @bs91m990

=====================================================

2022-06-28
咨询客户ID：5023568539
回复消息：你好,老板！🤝 我们公司承接

网站搭建❕定制机器人❕群发软件❕代发广告

👉公司客服： @Boss91M1   @Boss91M2
👉官方交流群： @bs91m990

=====================================================

2022-06-28
咨询客户ID：5295231575
回复消息：你好,老板！🤝 我们公司承接

网站搭建❕定制机器人❕群发软件❕代发广告

👉公司客服： @Boss91M1   @Boss91M2
👉官方交流群： @bs91m990

=====================================================

2022-06-28
咨询客户ID：5209398283
回复消息：你好,老板！🤝 我们公司承接

网站搭建❕定制机器人❕群发软件❕代发广告

👉公司客服： @Boss91M1   @Boss91M2
👉官方交流群： @bs91m990

=====================================================

2022-06-28
咨询客户ID：5238910681
回复消息：你好,老板！🤝 我们公司承接

网站搭建❕定制机器人❕群发软件❕代发广告

👉公司客服： @Boss91M1   @Boss91M2
👉官方交流群： @bs91m990

=====================================================

2022-06-28
咨询客户ID：5279461117
回复消息：你好,老板！🤝 我们公司承接

网站搭建❕定制机器人❕群发软件❕代发广告

👉公司客服： @Boss91M1   @Boss91M2
👉官方交流群： @bs91m990