

=====================================================

2022-07-01
咨询客户ID：5174463781
回复消息：你好,老板！🤝 我们公司承接

网站搭建❕定制机器人❕群发软件❕代发广告

👉公司客服： @Boss91M1   @Boss91M2
👉官方交流群： @bs91m990

=====================================================

2022-07-01
咨询客户ID：5475008456
回复消息：你好,老板！🤝 我们公司承接

网站搭建❕定制机器人❕群发软件❕代发广告

👉公司客服： @Boss91M1   @Boss91M2
👉官方交流群： @bs91m990

=====================================================

2022-07-01
咨询客户ID：5369366513
回复消息：你好,老板！🤝 我们公司承接

网站搭建❕定制机器人❕群发软件❕代发广告

👉公司客服： @Boss91M1   @Boss91M2
👉官方交流群： @bs91m990