

=====================================================

2022-06-25
咨询客户ID：5495212509
回复消息：你好！🤝

网站搭建❕定制机器人❕群发软件❕代发广告

👉商务合作联系 @Boss91M1   @Boss91M2
👉官方交流群： @bs91m990

=====================================================

2022-06-25
咨询客户ID：5564637415
回复消息：你好！🤝

网站搭建❕定制机器人❕群发软件❕代发广告

👉商务合作联系 @Boss91M1   @Boss91M2
👉官方交流群： @bs91m990

=====================================================

2022-06-25
咨询客户ID：5564637415
回复消息：你好！🤝

网站搭建❕定制机器人❕群发软件❕代发广告

👉商务合作联系 @Boss91M1   @Boss91M2
👉官方交流群： @bs91m990

=====================================================

2022-06-25
咨询客户ID：2002287201
回复消息：你好！🤝

网站搭建❕定制机器人❕群发软件❕代发广告

👉商务合作联系 @Boss91M1   @Boss91M2
👉官方交流群： @bs91m990

=====================================================

2022-06-25
咨询客户ID：5443235019
回复消息：你好！🤝

网站搭建❕定制机器人❕群发软件❕代发广告

👉商务合作联系 @Boss91M1   @Boss91M2
👉官方交流群： @bs91m990

=====================================================

2022-06-25
咨询客户ID：5564637415
回复消息：你好！🤝

网站搭建❕定制机器人❕群发软件❕代发广告

👉商务合作联系 @Boss91M1   @Boss91M2
👉官方交流群： @bs91m990

=====================================================

2022-06-25
咨询客户ID：5340187550
回复消息：你好！🤝

网站搭建❕定制机器人❕群发软件❕代发广告

👉商务合作联系 @Boss91M1   @Boss91M2
👉官方交流群： @bs91m990

=====================================================

2022-06-25
咨询客户ID：5337583223
回复消息：你好！🤝

网站搭建❕定制机器人❕群发软件❕代发广告

👉商务合作联系 @Boss91M1   @Boss91M2
👉官方交流群： @bs91m990

=====================================================

2022-06-25
咨询客户ID：5323984864
回复消息：你好！🤝

网站搭建❕定制机器人❕群发软件❕代发广告

👉商务合作联系 @Boss91M1   @Boss91M2
👉官方交流群： @bs91m990

=====================================================

2022-06-25
咨询客户ID：5436085893
回复消息：你好！🤝

网站搭建❕定制机器人❕群发软件❕代发广告

👉商务合作联系 @Boss91M1   @Boss91M2
👉官方交流群： @bs91m990

=====================================================

2022-06-25
咨询客户ID：5565471428
回复消息：你好！🤝

网站搭建❕定制机器人❕群发软件❕代发广告

👉商务合作联系 @Boss91M1   @Boss91M2
👉官方交流群： @bs91m990

=====================================================

2022-06-25
咨询客户ID：5565471428
回复消息：你好！🤝

网站搭建❕定制机器人❕群发软件❕代发广告

👉商务合作联系 @Boss91M1   @Boss91M2
👉官方交流群： @bs91m990

=====================================================

2022-06-25
咨询客户ID：5565471428
回复消息：你好！🤝

网站搭建❕定制机器人❕群发软件❕代发广告

👉商务合作联系 @Boss91M1   @Boss91M2
👉官方交流群： @bs91m990

=====================================================

2022-06-25
咨询客户ID：1911737929
回复消息：你好！🤝

网站搭建❕定制机器人❕群发软件❕代发广告

👉商务合作联系 @Boss91M1   @Boss91M2
👉官方交流群： @bs91m990

=====================================================

2022-06-25
咨询客户ID：5355691120
回复消息：你好！🤝

网站搭建❕定制机器人❕群发软件❕代发广告

👉商务合作联系 @Boss91M1   @Boss91M2
👉官方交流群： @bs91m990

=====================================================

2022-06-25
咨询客户ID：5380799647
回复消息：你好！🤝

网站搭建❕定制机器人❕群发软件❕代发广告

👉商务合作联系 @Boss91M1   @Boss91M2
👉官方交流群： @bs91m990

=====================================================

2022-06-25
咨询客户ID：5015858111
回复消息：你好！🤝

网站搭建❕定制机器人❕群发软件❕代发广告

👉商务合作联系 @Boss91M1   @Boss91M2
👉官方交流群： @bs91m990

=====================================================

2022-06-25
咨询客户ID：5533345069
回复消息：你好！🤝

网站搭建❕定制机器人❕群发软件❕代发广告

👉商务合作联系 @Boss91M1   @Boss91M2
👉官方交流群： @bs91m990

=====================================================

2022-06-25
咨询客户ID：5588780195
回复消息：你好！🤝

网站搭建❕定制机器人❕群发软件❕代发广告

👉商务合作联系 @Boss91M1   @Boss91M2
👉官方交流群： @bs91m990

=====================================================

2022-06-25
咨询客户ID：5557346515
回复消息：你好！🤝

网站搭建❕定制机器人❕群发软件❕代发广告

👉商务合作联系 @Boss91M1   @Boss91M2
👉官方交流群： @bs91m990

=====================================================

2022-06-25
咨询客户ID：5316347882
回复消息：你好！🤝

网站搭建❕定制机器人❕群发软件❕代发广告

👉商务合作联系 @Boss91M1   @Boss91M2
👉官方交流群： @bs91m990

=====================================================

2022-06-25
咨询客户ID：5578925265
回复消息：你好！🤝

网站搭建❕定制机器人❕群发软件❕代发广告

👉商务合作联系 @Boss91M1   @Boss91M2
👉官方交流群： @bs91m990

=====================================================

2022-06-25
咨询客户ID：5338724374
回复消息：你好！🤝

网站搭建❕定制机器人❕群发软件❕代发广告

👉商务合作联系 @Boss91M1   @Boss91M2
👉官方交流群： @bs91m990

=====================================================

2022-06-25
咨询客户ID：5522083258
回复消息：你好！🤝

网站搭建❕定制机器人❕群发软件❕代发广告

👉商务合作联系 @Boss91M1   @Boss91M2
👉官方交流群： @bs91m990

=====================================================

2022-06-25
咨询客户ID：5349685143
回复消息：你好！🤝

网站搭建❕定制机器人❕群发软件❕代发广告

👉商务合作联系 @Boss91M1   @Boss91M2
👉官方交流群： @bs91m990

=====================================================

2022-06-25
咨询客户ID：5455088976
回复消息：你好！🤝

网站搭建❕定制机器人❕群发软件❕代发广告

👉商务合作联系 @Boss91M1   @Boss91M2
👉官方交流群： @bs91m990

=====================================================

2022-06-25
咨询客户ID：5161527863
回复消息：你好！🤝

网站搭建❕定制机器人❕群发软件❕代发广告

👉商务合作联系 @Boss91M1   @Boss91M2
👉官方交流群： @bs91m990

=====================================================

2022-06-25
咨询客户ID：5531157067
回复消息：你好！🤝

网站搭建❕定制机器人❕群发软件❕代发广告

👉商务合作联系 @Boss91M1   @Boss91M2
👉官方交流群： @bs91m990

=====================================================

2022-06-25
咨询客户ID：5305973170
回复消息：你好！🤝

网站搭建❕定制机器人❕群发软件❕代发广告

👉商务合作联系 @Boss91M1   @Boss91M2
👉官方交流群： @bs91m990

=====================================================

2022-06-25
咨询客户ID：5322203730
回复消息：你好！🤝

网站搭建❕定制机器人❕群发软件❕代发广告

👉商务合作联系 @Boss91M1   @Boss91M2
👉官方交流群： @bs91m990

=====================================================

2022-06-25
咨询客户ID：5157493714
回复消息：你好！🤝

网站搭建❕定制机器人❕群发软件❕代发广告

👉商务合作联系 @Boss91M1   @Boss91M2
👉官方交流群： @bs91m990

=====================================================

2022-06-25
咨询客户ID：5571423981
回复消息：你好！🤝

网站搭建❕定制机器人❕群发软件❕代发广告

👉商务合作联系 @Boss91M1   @Boss91M2
👉官方交流群： @bs91m990

=====================================================

2022-06-25
咨询客户ID：5571423981
回复消息：你好！🤝

网站搭建❕定制机器人❕群发软件❕代发广告

👉商务合作联系 @Boss91M1   @Boss91M2
👉官方交流群： @bs91m990

=====================================================

2022-06-25
咨询客户ID：5396294445
回复消息：你好！🤝

网站搭建❕定制机器人❕群发软件❕代发广告

👉商务合作联系 @Boss91M1   @Boss91M2
👉官方交流群： @bs91m990

=====================================================

2022-06-25
咨询客户ID：5386703991
回复消息：你好！🤝

网站搭建❕定制机器人❕群发软件❕代发广告

👉商务合作联系 @Boss91M1   @Boss91M2
👉官方交流群： @bs91m990

=====================================================

2022-06-25
咨询客户ID：5304707236
回复消息：你好！🤝

网站搭建❕定制机器人❕群发软件❕代发广告

👉商务合作联系 @Boss91M1   @Boss91M2
👉官方交流群： @bs91m990

=====================================================

2022-06-25
咨询客户ID：5199576323
回复消息：你好！🤝

网站搭建❕定制机器人❕群发软件❕代发广告

👉商务合作联系 @Boss91M1   @Boss91M2
👉官方交流群： @bs91m990

=====================================================

2022-06-25
咨询客户ID：5582339160
回复消息：你好！🤝

网站搭建❕定制机器人❕群发软件❕代发广告

👉商务合作联系 @Boss91M1   @Boss91M2
👉官方交流群： @bs91m990

=====================================================

2022-06-25
咨询客户ID：5582339160
回复消息：你好！🤝

网站搭建❕定制机器人❕群发软件❕代发广告

👉商务合作联系 @Boss91M1   @Boss91M2
👉官方交流群： @bs91m990

=====================================================

2022-06-25
咨询客户ID：5582339160
回复消息：你好！🤝

网站搭建❕定制机器人❕群发软件❕代发广告

👉商务合作联系 @Boss91M1   @Boss91M2
👉官方交流群： @bs91m990

=====================================================

2022-06-25
咨询客户ID：5294735901
回复消息：你好！🤝

网站搭建❕定制机器人❕群发软件❕代发广告

👉商务合作联系 @Boss91M1   @Boss91M2
👉官方交流群： @bs91m990

=====================================================

2022-06-25
咨询客户ID：5395731716
回复消息：你好！🤝

网站搭建❕定制机器人❕群发软件❕代发广告

👉商务合作联系 @Boss91M1   @Boss91M2
👉官方交流群： @bs91m990

=====================================================

2022-06-25
咨询客户ID：5359523518
回复消息：你好！🤝

网站搭建❕定制机器人❕群发软件❕代发广告

👉商务合作联系 @Boss91M1   @Boss91M2
👉官方交流群： @bs91m990

=====================================================

2022-06-25
咨询客户ID：5104551085
回复消息：你好！🤝

网站搭建❕定制机器人❕群发软件❕代发广告

👉商务合作联系 @Boss91M1   @Boss91M2
👉官方交流群： @bs91m990

=====================================================

2022-06-25
咨询客户ID：5104551085
回复消息：你好！🤝

网站搭建❕定制机器人❕群发软件❕代发广告

👉商务合作联系 @Boss91M1   @Boss91M2
👉官方交流群： @bs91m990

=====================================================

2022-06-25
咨询客户ID：5104551085
回复消息：你好！🤝

网站搭建❕定制机器人❕群发软件❕代发广告

👉商务合作联系 @Boss91M1   @Boss91M2
👉官方交流群： @bs91m990

=====================================================

2022-06-25
咨询客户ID：5353848098
回复消息：你好！🤝

网站搭建❕定制机器人❕群发软件❕代发广告

👉商务合作联系 @Boss91M1   @Boss91M2
👉官方交流群： @bs91m990

=====================================================

2022-06-25
咨询客户ID：5485197503
回复消息：你好！🤝

网站搭建❕定制机器人❕群发软件❕代发广告

👉商务合作联系 @Boss91M1   @Boss91M2
👉官方交流群： @bs91m990

=====================================================

2022-06-25
咨询客户ID：5338869143
回复消息：你好！🤝

网站搭建❕定制机器人❕群发软件❕代发广告

👉商务合作联系 @Boss91M1   @Boss91M2
👉官方交流群： @bs91m990

=====================================================

2022-06-25
咨询客户ID：5355148751
回复消息：你好！🤝

网站搭建❕定制机器人❕群发软件❕代发广告

👉商务合作联系 @Boss91M1   @Boss91M2
👉官方交流群： @bs91m990

=====================================================

2022-06-25
咨询客户ID：5181504975
回复消息：你好！🤝

网站搭建❕定制机器人❕群发软件❕代发广告

👉商务合作联系 @Boss91M1   @Boss91M2
👉官方交流群： @bs91m990

=====================================================

2022-06-25
咨询客户ID：5321024292
回复消息：你好！🤝

网站搭建❕定制机器人❕群发软件❕代发广告

👉商务合作联系 @Boss91M1   @Boss91M2
👉官方交流群： @bs91m990

=====================================================

2022-06-25
咨询客户ID：5338925627
回复消息：你好！🤝

网站搭建❕定制机器人❕群发软件❕代发广告

👉商务合作联系 @Boss91M1   @Boss91M2
👉官方交流群： @bs91m990

=====================================================

2022-06-25
咨询客户ID：5346162991
回复消息：你好！🤝

网站搭建❕定制机器人❕群发软件❕代发广告

👉商务合作联系 @Boss91M1   @Boss91M2
👉官方交流群： @bs91m990

=====================================================

2022-06-25
咨询客户ID：5114472293
回复消息：你好！🤝

网站搭建❕定制机器人❕群发软件❕代发广告

👉商务合作联系 @Boss91M1   @Boss91M2
👉官方交流群： @bs91m990

=====================================================

2022-06-25
咨询客户ID：5114472293
回复消息：你好！🤝

网站搭建❕定制机器人❕群发软件❕代发广告

👉商务合作联系 @Boss91M1   @Boss91M2
👉官方交流群： @bs91m990

=====================================================

2022-06-25
咨询客户ID：1983318186
回复消息：你好！🤝

网站搭建❕定制机器人❕群发软件❕代发广告

👉商务合作联系 @Boss91M1   @Boss91M2
👉官方交流群： @bs91m990

=====================================================

2022-06-25
咨询客户ID：5149759881
回复消息：你好！🤝

网站搭建❕定制机器人❕群发软件❕代发广告

👉商务合作联系 @Boss91M1   @Boss91M2
👉官方交流群： @bs91m990

=====================================================

2022-06-25
咨询客户ID：5136294181
回复消息：你好！🤝

网站搭建❕定制机器人❕群发软件❕代发广告

👉商务合作联系 @Boss91M1   @Boss91M2
👉官方交流群： @bs91m990

=====================================================

2022-06-25
咨询客户ID：5384898216
回复消息：你好！🤝

网站搭建❕定制机器人❕群发软件❕代发广告

👉商务合作联系 @Boss91M1   @Boss91M2
👉官方交流群： @bs91m990

=====================================================

2022-06-25
咨询客户ID：5304707236
回复消息：你好！🤝

网站搭建❕定制机器人❕群发软件❕代发广告

👉商务合作联系 @Boss91M1   @Boss91M2
👉官方交流群： @bs91m990

=====================================================

2022-06-25
咨询客户ID：5141178130
回复消息：你好！🤝

网站搭建❕定制机器人❕群发软件❕代发广告

👉商务合作联系 @Boss91M1   @Boss91M2
👉官方交流群： @bs91m990

=====================================================

2022-06-25
咨询客户ID：5181898931
回复消息：你好！🤝

网站搭建❕定制机器人❕群发软件❕代发广告

👉商务合作联系 @Boss91M1   @Boss91M2
👉官方交流群： @bs91m990

=====================================================

2022-06-25
咨询客户ID：5121597183
回复消息：你好！🤝

网站搭建❕定制机器人❕群发软件❕代发广告

👉商务合作联系 @Boss91M1   @Boss91M2
👉官方交流群： @bs91m990

=====================================================

2022-06-25
咨询客户ID：5196518619
回复消息：你好！🤝

网站搭建❕定制机器人❕群发软件❕代发广告

👉商务合作联系 @Boss91M1   @Boss91M2
👉官方交流群： @bs91m990

=====================================================

2022-06-25
咨询客户ID：5561369143
回复消息：你好！🤝

网站搭建❕定制机器人❕群发软件❕代发广告

👉商务合作联系 @Boss91M1   @Boss91M2
👉官方交流群： @bs91m990

=====================================================

2022-06-25
咨询客户ID：5583742880
回复消息：你好！🤝

网站搭建❕定制机器人❕群发软件❕代发广告

👉商务合作联系 @Boss91M1   @Boss91M2
👉官方交流群： @bs91m990

=====================================================

2022-06-25
咨询客户ID：5491541487
回复消息：你好！🤝

网站搭建❕定制机器人❕群发软件❕代发广告

👉商务合作联系 @Boss91M1   @Boss91M2
👉官方交流群： @bs91m990

=====================================================

2022-06-25
咨询客户ID：5139737859
回复消息：你好！🤝

网站搭建❕定制机器人❕群发软件❕代发广告

👉商务合作联系 @Boss91M1   @Boss91M2
👉官方交流群： @bs91m990

=====================================================

2022-06-25
咨询客户ID：5136431293
回复消息：你好！🤝

网站搭建❕定制机器人❕群发软件❕代发广告

👉商务合作联系 @Boss91M1   @Boss91M2
👉官方交流群： @bs91m990

=====================================================

2022-06-25
咨询客户ID：5296712205
回复消息：你好！🤝

网站搭建❕定制机器人❕群发软件❕代发广告

👉商务合作联系 @Boss91M1   @Boss91M2
👉官方交流群： @bs91m990

=====================================================

2022-06-25
咨询客户ID：5496011020
回复消息：你好！🤝

网站搭建❕定制机器人❕群发软件❕代发广告

👉商务合作联系 @Boss91M1   @Boss91M2
👉官方交流群： @bs91m990

=====================================================

2022-06-25
咨询客户ID：1951108188
回复消息：你好！🤝

网站搭建❕定制机器人❕群发软件❕代发广告

👉商务合作联系 @Boss91M1   @Boss91M2
👉官方交流群： @bs91m990

=====================================================

2022-06-25
咨询客户ID：5285265531
回复消息：你好！🤝

网站搭建❕定制机器人❕群发软件❕代发广告

👉商务合作联系 @Boss91M1   @Boss91M2
👉官方交流群： @bs91m990

=====================================================

2022-06-25
咨询客户ID：5146254685
回复消息：你好！🤝

网站搭建❕定制机器人❕群发软件❕代发广告

👉商务合作联系 @Boss91M1   @Boss91M2
👉官方交流群： @bs91m990

=====================================================

2022-06-25
咨询客户ID：5281419373
回复消息：你好！🤝

网站搭建❕定制机器人❕群发软件❕代发广告

👉商务合作联系 @Boss91M1   @Boss91M2
👉官方交流群： @bs91m990

=====================================================

2022-06-25
咨询客户ID：5192957803
回复消息：你好！🤝

网站搭建❕定制机器人❕群发软件❕代发广告

👉商务合作联系 @Boss91M1   @Boss91M2
👉官方交流群： @bs91m990

=====================================================

2022-06-25
咨询客户ID：5279428502
回复消息：你好！🤝

网站搭建❕定制机器人❕群发软件❕代发广告

👉商务合作联系 @Boss91M1   @Boss91M2
👉官方交流群： @bs91m990

=====================================================

2022-06-25
咨询客户ID：5157979308
回复消息：你好！🤝

网站搭建❕定制机器人❕群发软件❕代发广告

👉商务合作联系 @Boss91M1   @Boss91M2
👉官方交流群： @bs91m990

=====================================================

2022-06-25
咨询客户ID：5131835743
回复消息：你好！🤝

网站搭建❕定制机器人❕群发软件❕代发广告

👉商务合作联系 @Boss91M1   @Boss91M2
👉官方交流群： @bs91m990

=====================================================

2022-06-25
咨询客户ID：5502812326
回复消息：你好！🤝

网站搭建❕定制机器人❕群发软件❕代发广告

👉商务合作联系 @Boss91M1   @Boss91M2
👉官方交流群： @bs91m990

=====================================================

2022-06-25
咨询客户ID：5502812326
回复消息：你好！🤝

网站搭建❕定制机器人❕群发软件❕代发广告

👉商务合作联系 @Boss91M1   @Boss91M2
👉官方交流群： @bs91m990

=====================================================

2022-06-25
咨询客户ID：5209921163
回复消息：你好！🤝

网站搭建❕定制机器人❕群发软件❕代发广告

👉商务合作联系 @Boss91M1   @Boss91M2
👉官方交流群： @bs91m990

=====================================================

2022-06-25
咨询客户ID：5114472293
回复消息：你好！🤝

网站搭建❕定制机器人❕群发软件❕代发广告

👉商务合作联系 @Boss91M1   @Boss91M2
👉官方交流群： @bs91m990

=====================================================

2022-06-25
咨询客户ID：5279428502
回复消息：你好！🤝

网站搭建❕定制机器人❕群发软件❕代发广告

👉商务合作联系 @Boss91M1   @Boss91M2
👉官方交流群： @bs91m990

=====================================================

2022-06-25
咨询客户ID：1951108188
回复消息：你好！🤝

网站搭建❕定制机器人❕群发软件❕代发广告

👉商务合作联系 @Boss91M1   @Boss91M2
👉官方交流群： @bs91m990

=====================================================

2022-06-25
咨询客户ID：5131835743
回复消息：你好！🤝

网站搭建❕定制机器人❕群发软件❕代发广告

👉商务合作联系 @Boss91M1   @Boss91M2
👉官方交流群： @bs91m990

=====================================================

2022-06-25
咨询客户ID：5560259013
回复消息：你好！🤝

网站搭建❕定制机器人❕群发软件❕代发广告

👉商务合作联系 @Boss91M1   @Boss91M2
👉官方交流群： @bs91m990

=====================================================

2022-06-25
咨询客户ID：5126680189
回复消息：你好！🤝

网站搭建❕定制机器人❕群发软件❕代发广告

👉商务合作联系 @Boss91M1   @Boss91M2
👉官方交流群： @bs91m990

=====================================================

2022-06-25
咨询客户ID：5548845622
回复消息：你好！🤝

网站搭建❕定制机器人❕群发软件❕代发广告

👉商务合作联系 @Boss91M1   @Boss91M2
👉官方交流群： @bs91m990

=====================================================

2022-06-25
咨询客户ID：5367177140
回复消息：你好！🤝

网站搭建❕定制机器人❕群发软件❕代发广告

👉商务合作联系 @Boss91M1   @Boss91M2
👉官方交流群： @bs91m990

=====================================================

2022-06-25
咨询客户ID：5311396581
回复消息：你好！🤝

网站搭建❕定制机器人❕群发软件❕代发广告

👉商务合作联系 @Boss91M1   @Boss91M2
👉官方交流群： @bs91m990