

=====================================================

2022-06-24
咨询客户ID：5448643903
回复消息：你好！🤝

网站搭建❕定制机器人❕群发软件❕代发广告

👉商务合作联系 @Boss91M1   @Boss91M2
👉官方交流群： @bs91m990

=====================================================

2022-06-24
咨询客户ID：5140455027
回复消息：你好！🤝

网站搭建❕定制机器人❕群发软件❕代发广告

👉商务合作联系 @Boss91M1   @Boss91M2
👉官方交流群： @bs91m990

=====================================================

2022-06-24
咨询客户ID：5033504408
回复消息：你好！🤝

网站搭建❕定制机器人❕群发软件❕代发广告

👉商务合作联系 @Boss91M1   @Boss91M2
👉官方交流群： @bs91m990

=====================================================

2022-06-24
咨询客户ID：1816096902
回复消息：你好！🤝

网站搭建❕定制机器人❕群发软件❕代发广告

👉商务合作联系 @Boss91M1   @Boss91M2
👉官方交流群： @bs91m990

=====================================================

2022-06-24
咨询客户ID：5596827119
回复消息：你好！🤝

网站搭建❕定制机器人❕群发软件❕代发广告

👉商务合作联系 @Boss91M1   @Boss91M2
👉官方交流群： @bs91m990

=====================================================

2022-06-24
咨询客户ID：1927829701
回复消息：你好！🤝

网站搭建❕定制机器人❕群发软件❕代发广告

👉商务合作联系 @Boss91M1   @Boss91M2
👉官方交流群： @bs91m990

=====================================================

2022-06-24
咨询客户ID：5305614586
回复消息：你好！🤝

网站搭建❕定制机器人❕群发软件❕代发广告

👉商务合作联系 @Boss91M1   @Boss91M2
👉官方交流群： @bs91m990

=====================================================

2022-06-24
咨询客户ID：5570518685
回复消息：你好！🤝

网站搭建❕定制机器人❕群发软件❕代发广告

👉商务合作联系 @Boss91M1   @Boss91M2
👉官方交流群： @bs91m990

=====================================================

2022-06-24
咨询客户ID：5099580673
回复消息：你好！🤝

网站搭建❕定制机器人❕群发软件❕代发广告

👉商务合作联系 @Boss91M1   @Boss91M2
👉官方交流群： @bs91m990

=====================================================

2022-06-24
咨询客户ID：1123051040
回复消息：你好！🤝

网站搭建❕定制机器人❕群发软件❕代发广告

👉商务合作联系 @Boss91M1   @Boss91M2
👉官方交流群： @bs91m990

=====================================================

2022-06-24
咨询客户ID：2055151910
回复消息：你好！🤝

网站搭建❕定制机器人❕群发软件❕代发广告

👉商务合作联系 @Boss91M1   @Boss91M2
👉官方交流群： @bs91m990

=====================================================

2022-06-24
咨询客户ID：2009851136
回复消息：你好！🤝

网站搭建❕定制机器人❕群发软件❕代发广告

👉商务合作联系 @Boss91M1   @Boss91M2
👉官方交流群： @bs91m990

=====================================================

2022-06-24
咨询客户ID：5418251045
回复消息：你好！🤝

网站搭建❕定制机器人❕群发软件❕代发广告

👉商务合作联系 @Boss91M1   @Boss91M2
👉官方交流群： @bs91m990

=====================================================

2022-06-24
咨询客户ID：5337619979
回复消息：你好！🤝

网站搭建❕定制机器人❕群发软件❕代发广告

👉商务合作联系 @Boss91M1   @Boss91M2
👉官方交流群： @bs91m990

=====================================================

2022-06-24
咨询客户ID：1391850583
回复消息：你好！🤝

网站搭建❕定制机器人❕群发软件❕代发广告

👉商务合作联系 @Boss91M1   @Boss91M2
👉官方交流群： @bs91m990

=====================================================

2022-06-24
咨询客户ID：2066936024
回复消息：你好！🤝

网站搭建❕定制机器人❕群发软件❕代发广告

👉商务合作联系 @Boss91M1   @Boss91M2
👉官方交流群： @bs91m990

=====================================================

2022-06-24
咨询客户ID：1816096902
回复消息：你好！🤝

网站搭建❕定制机器人❕群发软件❕代发广告

👉商务合作联系 @Boss91M1   @Boss91M2
👉官方交流群： @bs91m990

=====================================================

2022-06-24
咨询客户ID：5188569464
回复消息：你好！🤝

网站搭建❕定制机器人❕群发软件❕代发广告

👉商务合作联系 @Boss91M1   @Boss91M2
👉官方交流群： @bs91m990

=====================================================

2022-06-24
咨询客户ID：5303040579
回复消息：你好！🤝

网站搭建❕定制机器人❕群发软件❕代发广告

👉商务合作联系 @Boss91M1   @Boss91M2
👉官方交流群： @bs91m990

=====================================================

2022-06-24
咨询客户ID：5092232217
回复消息：你好！🤝

网站搭建❕定制机器人❕群发软件❕代发广告

👉商务合作联系 @Boss91M1   @Boss91M2
👉官方交流群： @bs91m990

=====================================================

2022-06-24
咨询客户ID：5115197025
回复消息：你好！🤝

网站搭建❕定制机器人❕群发软件❕代发广告

👉商务合作联系 @Boss91M1   @Boss91M2
👉官方交流群： @bs91m990

=====================================================

2022-06-24
咨询客户ID：5299439519
回复消息：你好！🤝

网站搭建❕定制机器人❕群发软件❕代发广告

👉商务合作联系 @Boss91M1   @Boss91M2
👉官方交流群： @bs91m990

=====================================================

2022-06-24
咨询客户ID：2109300092
回复消息：你好！🤝

网站搭建❕定制机器人❕群发软件❕代发广告

👉商务合作联系 @Boss91M1   @Boss91M2
👉官方交流群： @bs91m990

=====================================================

2022-06-24
咨询客户ID：5140699857
回复消息：你好！🤝

网站搭建❕定制机器人❕群发软件❕代发广告

👉商务合作联系 @Boss91M1   @Boss91M2
👉官方交流群： @bs91m990

=====================================================

2022-06-24
咨询客户ID：5095584033
回复消息：你好！🤝

网站搭建❕定制机器人❕群发软件❕代发广告

👉商务合作联系 @Boss91M1   @Boss91M2
👉官方交流群： @bs91m990

=====================================================

2022-06-24
咨询客户ID：5218404390
回复消息：你好！🤝

网站搭建❕定制机器人❕群发软件❕代发广告

👉商务合作联系 @Boss91M1   @Boss91M2
👉官方交流群： @bs91m990

=====================================================

2022-06-24
咨询客户ID：5213832947
回复消息：你好！🤝

网站搭建❕定制机器人❕群发软件❕代发广告

👉商务合作联系 @Boss91M1   @Boss91M2
👉官方交流群： @bs91m990

=====================================================

2022-06-24
咨询客户ID：5286557931
回复消息：你好！🤝

网站搭建❕定制机器人❕群发软件❕代发广告

👉商务合作联系 @Boss91M1   @Boss91M2
👉官方交流群： @bs91m990

=====================================================

2022-06-24
咨询客户ID：5198475926
回复消息：你好！🤝

网站搭建❕定制机器人❕群发软件❕代发广告

👉商务合作联系 @Boss91M1   @Boss91M2
👉官方交流群： @bs91m990

=====================================================

2022-06-24
咨询客户ID：1922063258
回复消息：你好！🤝

网站搭建❕定制机器人❕群发软件❕代发广告

👉商务合作联系 @Boss91M1   @Boss91M2
👉官方交流群： @bs91m990

=====================================================

2022-06-24
咨询客户ID：5077491403
回复消息：你好！🤝

网站搭建❕定制机器人❕群发软件❕代发广告

👉商务合作联系 @Boss91M1   @Boss91M2
👉官方交流群： @bs91m990

=====================================================

2022-06-24
咨询客户ID：5273011997
回复消息：你好！🤝

网站搭建❕定制机器人❕群发软件❕代发广告

👉商务合作联系 @Boss91M1   @Boss91M2
👉官方交流群： @bs91m990

=====================================================

2022-06-24
咨询客户ID：5239070613
回复消息：你好！🤝

网站搭建❕定制机器人❕群发软件❕代发广告

👉商务合作联系 @Boss91M1   @Boss91M2
👉官方交流群： @bs91m990

=====================================================

2022-06-24
咨询客户ID：5073057280
回复消息：你好！🤝

网站搭建❕定制机器人❕群发软件❕代发广告

👉商务合作联系 @Boss91M1   @Boss91M2
👉官方交流群： @bs91m990

=====================================================

2022-06-24
咨询客户ID：5136354165
回复消息：你好！🤝

网站搭建❕定制机器人❕群发软件❕代发广告

👉商务合作联系 @Boss91M1   @Boss91M2
👉官方交流群： @bs91m990

=====================================================

2022-06-24
咨询客户ID：5074225610
回复消息：你好！🤝

网站搭建❕定制机器人❕群发软件❕代发广告

👉商务合作联系 @Boss91M1   @Boss91M2
👉官方交流群： @bs91m990

=====================================================

2022-06-24
咨询客户ID：5060615532
回复消息：你好！🤝

网站搭建❕定制机器人❕群发软件❕代发广告

👉商务合作联系 @Boss91M1   @Boss91M2
👉官方交流群： @bs91m990

=====================================================

2022-06-24
咨询客户ID：5130132738
回复消息：你好！🤝

网站搭建❕定制机器人❕群发软件❕代发广告

👉商务合作联系 @Boss91M1   @Boss91M2
👉官方交流群： @bs91m990

=====================================================

2022-06-24
咨询客户ID：5043894016
回复消息：你好！🤝

网站搭建❕定制机器人❕群发软件❕代发广告

👉商务合作联系 @Boss91M1   @Boss91M2
👉官方交流群： @bs91m990

=====================================================

2022-06-24
咨询客户ID：5058498129
回复消息：你好！🤝

网站搭建❕定制机器人❕群发软件❕代发广告

👉商务合作联系 @Boss91M1   @Boss91M2
👉官方交流群： @bs91m990

=====================================================

2022-06-24
咨询客户ID：5035699191
回复消息：你好！🤝

网站搭建❕定制机器人❕群发软件❕代发广告

👉商务合作联系 @Boss91M1   @Boss91M2
👉官方交流群： @bs91m990

=====================================================

2022-06-24
咨询客户ID：2053251631
回复消息：你好！🤝

网站搭建❕定制机器人❕群发软件❕代发广告

👉商务合作联系 @Boss91M1   @Boss91M2
👉官方交流群： @bs91m990

=====================================================

2022-06-24
咨询客户ID：2140890065
回复消息：你好！🤝

网站搭建❕定制机器人❕群发软件❕代发广告

👉商务合作联系 @Boss91M1   @Boss91M2
👉官方交流群： @bs91m990

=====================================================

2022-06-24
咨询客户ID：2015204591
回复消息：你好！🤝

网站搭建❕定制机器人❕群发软件❕代发广告

👉商务合作联系 @Boss91M1   @Boss91M2
👉官方交流群： @bs91m990

=====================================================

2022-06-24
咨询客户ID：2119842419
回复消息：你好！🤝

网站搭建❕定制机器人❕群发软件❕代发广告

👉商务合作联系 @Boss91M1   @Boss91M2
👉官方交流群： @bs91m990

=====================================================

2022-06-24
咨询客户ID：5086309282
回复消息：你好！🤝

网站搭建❕定制机器人❕群发软件❕代发广告

👉商务合作联系 @Boss91M1   @Boss91M2
👉官方交流群： @bs91m990

=====================================================

2022-06-24
咨询客户ID：2073069660
回复消息：你好！🤝

网站搭建❕定制机器人❕群发软件❕代发广告

👉商务合作联系 @Boss91M1   @Boss91M2
👉官方交流群： @bs91m990

=====================================================

2022-06-24
咨询客户ID：2089770595
回复消息：你好！🤝

网站搭建❕定制机器人❕群发软件❕代发广告

👉商务合作联系 @Boss91M1   @Boss91M2
👉官方交流群： @bs91m990

=====================================================

2022-06-24
咨询客户ID：1816096902
回复消息：你好！🤝

网站搭建❕定制机器人❕群发软件❕代发广告

👉商务合作联系 @Boss91M1   @Boss91M2
👉官方交流群： @bs91m990

=====================================================

2022-06-24
咨询客户ID：2144444358
回复消息：你好！🤝

网站搭建❕定制机器人❕群发软件❕代发广告

👉商务合作联系 @Boss91M1   @Boss91M2
👉官方交流群： @bs91m990

=====================================================

2022-06-24
咨询客户ID：1921101221
回复消息：你好！🤝

网站搭建❕定制机器人❕群发软件❕代发广告

👉商务合作联系 @Boss91M1   @Boss91M2
👉官方交流群： @bs91m990

=====================================================

2022-06-24
咨询客户ID：1926069834
回复消息：你好！🤝

网站搭建❕定制机器人❕群发软件❕代发广告

👉商务合作联系 @Boss91M1   @Boss91M2
👉官方交流群： @bs91m990

=====================================================

2022-06-24
咨询客户ID：5221040703
回复消息：你好！🤝

网站搭建❕定制机器人❕群发软件❕代发广告

👉商务合作联系 @Boss91M1   @Boss91M2
👉官方交流群： @bs91m990

=====================================================

2022-06-24
咨询客户ID：5473987225
回复消息：你好！🤝

网站搭建❕定制机器人❕群发软件❕代发广告

👉商务合作联系 @Boss91M1   @Boss91M2
👉官方交流群： @bs91m990

=====================================================

2022-06-24
咨询客户ID：5471434847
回复消息：你好！🤝

网站搭建❕定制机器人❕群发软件❕代发广告

👉商务合作联系 @Boss91M1   @Boss91M2
👉官方交流群： @bs91m990

=====================================================

2022-06-24
咨询客户ID：5581280635
回复消息：你好！🤝

网站搭建❕定制机器人❕群发软件❕代发广告

👉商务合作联系 @Boss91M1   @Boss91M2
👉官方交流群： @bs91m990

=====================================================

2022-06-24
咨询客户ID：5581280635
回复消息：你好！🤝

网站搭建❕定制机器人❕群发软件❕代发广告

👉商务合作联系 @Boss91M1   @Boss91M2
👉官方交流群： @bs91m990

=====================================================

2022-06-24
咨询客户ID：5422442936
回复消息：你好！🤝

网站搭建❕定制机器人❕群发软件❕代发广告

👉商务合作联系 @Boss91M1   @Boss91M2
👉官方交流群： @bs91m990

=====================================================

2022-06-24
咨询客户ID：1805833636
回复消息：你好！🤝

网站搭建❕定制机器人❕群发软件❕代发广告

👉商务合作联系 @Boss91M1   @Boss91M2
👉官方交流群： @bs91m990

=====================================================

2022-06-24
咨询客户ID：5559687451
回复消息：你好！🤝

网站搭建❕定制机器人❕群发软件❕代发广告

👉商务合作联系 @Boss91M1   @Boss91M2
👉官方交流群： @bs91m990

=====================================================

2022-06-24
咨询客户ID：5595163097
回复消息：你好！🤝

网站搭建❕定制机器人❕群发软件❕代发广告

👉商务合作联系 @Boss91M1   @Boss91M2
👉官方交流群： @bs91m990

=====================================================

2022-06-24
咨询客户ID：5530478990
回复消息：你好！🤝

网站搭建❕定制机器人❕群发软件❕代发广告

👉商务合作联系 @Boss91M1   @Boss91M2
👉官方交流群： @bs91m990

=====================================================

2022-06-24
咨询客户ID：5390107860
回复消息：你好！🤝

网站搭建❕定制机器人❕群发软件❕代发广告

👉商务合作联系 @Boss91M1   @Boss91M2
👉官方交流群： @bs91m990

=====================================================

2022-06-24
咨询客户ID：5595212432
回复消息：你好！🤝

网站搭建❕定制机器人❕群发软件❕代发广告

👉商务合作联系 @Boss91M1   @Boss91M2
👉官方交流群： @bs91m990

=====================================================

2022-06-24
咨询客户ID：5189664404
回复消息：你好！🤝

网站搭建❕定制机器人❕群发软件❕代发广告

👉商务合作联系 @Boss91M1   @Boss91M2
👉官方交流群： @bs91m990

=====================================================

2022-06-24
咨询客户ID：5563310540
回复消息：你好！🤝

网站搭建❕定制机器人❕群发软件❕代发广告

👉商务合作联系 @Boss91M1   @Boss91M2
👉官方交流群： @bs91m990

=====================================================

2022-06-24
咨询客户ID：5481909926
回复消息：你好！🤝

网站搭建❕定制机器人❕群发软件❕代发广告

👉商务合作联系 @Boss91M1   @Boss91M2
👉官方交流群： @bs91m990

=====================================================

2022-06-24
咨询客户ID：1671123698
回复消息：你好！🤝

网站搭建❕定制机器人❕群发软件❕代发广告

👉商务合作联系 @Boss91M1   @Boss91M2
👉官方交流群： @bs91m990

=====================================================

2022-06-24
咨询客户ID：5279428502
回复消息：你好！🤝

网站搭建❕定制机器人❕群发软件❕代发广告

👉商务合作联系 @Boss91M1   @Boss91M2
👉官方交流群： @bs91m990

=====================================================

2022-06-24
咨询客户ID：5455088976
回复消息：你好！🤝

网站搭建❕定制机器人❕群发软件❕代发广告

👉商务合作联系 @Boss91M1   @Boss91M2
👉官方交流群： @bs91m990

=====================================================

2022-06-24
咨询客户ID：5176458674
回复消息：你好！🤝

网站搭建❕定制机器人❕群发软件❕代发广告

👉商务合作联系 @Boss91M1   @Boss91M2
👉官方交流群： @bs91m990

=====================================================

2022-06-24
咨询客户ID：5462420203
回复消息：你好！🤝

网站搭建❕定制机器人❕群发软件❕代发广告

👉商务合作联系 @Boss91M1   @Boss91M2
👉官方交流群： @bs91m990