
2022-06-23 15:17:50 → +218926983497 → https://t.me/joinchat/rDC8WhyDHDg0Yzhl → 加群成功
2022-06-23 15:17:55 → +252613734549 → https://t.me/+ssjAgSqpCLI0YzBh → 加群成功
2022-06-23 15:18:12 → +218926528532 → https://t.me/+j41eJz9SWtE2YjUx → 加群成功
2022-06-23 15:18:27 → +22966982593 → https://t.me/+GG2gvlA8M2s5Mjgx → 加群成功
2022-06-23 15:18:41 → +22893199300 → https://t.me/+pbakZSSRFjRhNGU1 → 加群成功
2022-06-23 15:19:00 → +18768026324 → https://t.me/+_sSpDH9vnQMwNjc9 → 加群成功
2022-06-23 15:19:18 → +353899485460 → https://t.me/+XOH9ZDrzo3I1MzI1 → 加群成功
2022-06-23 15:19:31 → +218926983497 → https://t.me/+cod7Oy_bjAg5NTk1 → 加群成功
2022-06-23 15:19:45 → +201207951279 → https://t.me/+4t_ZnkZnBxJhYzcx → 加群成功
2022-06-23 15:20:34 → +18768026324 → https://t.me/+E7EhI4J4t2BjMTdh → 加群成功
2022-06-23 15:20:48 → +22966982593 → https://t.me/+C0RIb6Z0lM8xY2Q1 → 加群失败：https://t.me/+C0RIb6Z0lM8xY2Q1 用户尝试加入的聊天已过期且不再有效（由 ImportChatInviteRequest 引起）
2022-06-23 15:21:00 → +218926983497 → https://t.me/+ULgadWScDkswN2Q1 → 加群成功
2022-06-23 15:21:38 → +252613734549 → https://t.me/+YlMJYHBBe0M5ZmMx → 加群成功
2022-06-23 15:21:56 → +201207951279 → https://t.me/+-HKE3ttySdAxMTk1 → 加群失败：https://t.me/+-HKE3ttySdAxMTk1 用户尝试加入的聊天已过期且不再有效（由 ImportChatInviteRequest 引起）
2022-06-23 15:22:09 → +353899485460 → https://t.me/+APKLYqmdSclhZjU1 → 加群成功
2022-06-23 15:22:27 → +22893199300 → https://t.me/+d8XzUzLwhhU1YWVl → 加群成功
2022-06-23 15:22:47 → +218926528532 → https://t.me/+54gl7-9CGNExOTQx → 加群成功
2022-06-23 15:23:12 → +218926528532 → https://t.me/+G8wVDtrfGdI3ZTc9 → 加群成功
2022-06-23 15:23:33 → +353899485460 → https://t.me/+hdw-z80muVFjNzFl → 加群成功
2022-06-23 15:23:49 → +18768026324 → https://t.me/+rUlOEDqXoIM4NDk9 → 加群成功
2022-06-23 15:24:02 → +252613734549 → https://t.me/+-J3EkxDRssplNmQx → 加群失败：https://t.me/+-J3EkxDRssplNmQx 用户尝试加入的聊天已过期且不再有效（由 ImportChatInviteRequest 引起）
2022-06-23 15:24:43 → +22966982593 → https://t.me/+IMTe1XL2eRhmZTQ1 → 加群成功
2022-06-23 15:25:03 → +218926983497 → https://t.me/+LqsBiT_T0DszOWI1 → 加群成功
2022-06-23 15:25:23 → +201207951279 → https://t.me/+zAh3xoopIn4yYTU5 → 加群成功
2022-06-23 15:25:40 → +22893199300 → https://t.me/+in9IWOKmArs5ODg5 → 加群成功
2022-06-23 15:26:17 → +18768026324 → https://t.me/+yTmSqvjL6MZhOGM1 → 加群成功
2022-06-23 15:26:37 → +218926983497 → https://t.me/+B7AquUh1jWpkNjQx → 加群成功
2022-06-23 15:26:57 → +22966982593 → https://t.me/+hpMJRgdAs5AxMzg1 → 加群成功
2022-06-23 15:27:14 → +22893199300 → https://t.me/+b-oj8C33vKU1Yjdl → 加群成功
2022-06-23 15:27:32 → +201207951279 → https://t.me/joinchat/EnHBggxtLiaKQHfI_9JPgw → 加群成功
2022-06-23 15:28:09 → +353899485460 → https://t.me/+SZP7LsqR8FI3ZjM1 → 加群成功
2022-06-23 15:28:45 → +218926528532 → https://t.me/+Ykhdirg6NcNkYjAx → 加群成功
2022-06-23 15:29:03 → +252613734549 → https://t.me/+mw6XSaYD2eFjYWQx → 加群成功
2022-06-23 15:29:29 → +353899485460 → https://t.me/+foThDdueBzYyOTVh → 加群成功
2022-06-23 15:29:45 → +22893199300 → https://t.me/+f312-GXF6bI2NDc1 → 加群成功
2022-06-23 15:30:05 → +22966982593 → https://t.me/+d704xN5CSodkN2Vh → 加群成功
2022-06-23 15:30:18 → +218926983497 → https://t.me/+mXolrdPE2mxhNTdl → 加群成功
2022-06-23 15:30:38 → +201207951279 → https://t.me/+X_itTArL40g1ZWI5 → 加群失败：https://t.me/+X_itTArL40g1ZWI5 用户尝试加入的聊天已过期且不再有效（由 ImportChatInviteRequest 引起）
2022-06-23 15:31:04 → +252613734549 → https://t.me/+mHS4ouK1WS81ODdl → 加群成功
2022-06-23 15:31:22 → +218926528532 → https://t.me/+AGovixe_eoE4NDNh → 加群成功
2022-06-23 15:31:41 → +18768026324 → https://t.me/+iTHcPS00SzdhMTBh → 加群成功
2022-06-23 15:32:18 → +201207951279 → https://t.me/+fAdS-xoI0zJiZTdh → 加群成功
2022-06-23 15:32:29 → +18768026324 → https://t.me/+StNEwMqEaUE2NmFl → 加群成功
2022-06-23 15:32:42 → +252613734549 → https://t.me/+4O_dPR7XAcY5NGQ9 → 加群成功
2022-06-23 15:33:02 → +22966982593 → https://t.me/+_co7YJMXqzliMzhh → 加群成功
2022-06-23 15:33:18 → +218926528532 → https://t.me/+l_b3i7oqjn0zMWE1 → 加群成功
2022-06-23 15:33:52 → +353899485460 → https://t.me/+0kedKOuRB0o1NDMx → 加群成功
2022-06-23 15:34:13 → +218926983497 → https://t.me/+Lh7Vg3j2HBA2ZWRl → 加群成功
2022-06-23 15:34:46 → +22893199300 → https://t.me/+hwGafTyi3tIxMzc1 → 加群成功
2022-06-23 15:35:06 → +18768026324 → https://t.me/+xn2eYKH-rlI5N2E5 → 加群成功
2022-06-23 15:35:23 → +353899485460 → https://t.me/+sEzjSrHVucliNGE1 → 加群成功
2022-06-23 15:35:41 → +22966982593 → https://t.me/+zp8hQFMQsnIyYTdl → 加群成功
2022-06-23 15:36:07 → +201207951279 → https://t.me/+n9nQhpEXAC0yNGU9 → 加群成功
2022-06-23 15:36:26 → +252613734549 → https://t.me/+l7jVRdfrEh8wNWZh → 加群成功
2022-06-23 15:36:56 → +22893199300 → https://t.me/+Zp-g0nkCPK9lMzE1 → 加群成功
2022-06-23 15:37:09 → +218926528532 → https://t.me/+K5t6qDH-guk2ZmNl → 加群成功
2022-06-23 15:37:24 → +218926983497 → https://t.me/+tVzy-HX20kJiYWY1 → 加群成功
2022-06-23 15:37:44 → +353899485460 → https://t.me/+AeKQBS5VnYFhZjdh → 加群成功
2022-06-23 15:37:59 → +22966982593 → https://t.me/+LO5hAmiN4McyODU1 → 加群成功
2022-06-23 15:38:12 → +201207951279 → https://t.me/+k7skOSclEXNkY2M1 → 加群成功
2022-06-23 15:38:31 → +218926528532 → https://t.me/+zjwd6Dobyb5hYWM1 → 加群成功
2022-06-23 15:38:48 → +18768026324 → https://t.me/+Rn0gXKwDBdZiMzhl → 加群成功
2022-06-23 15:39:02 → +218926983497 → https://t.me/+ZIUaM08xAIhkYmUx → 加群成功
2022-06-23 15:39:21 → +22893199300 → https://t.me/+UbxlM6GKynRhODk1 → 加群成功
2022-06-23 15:39:33 → +252613734549 → https://t.me/+IgxjgT8EJP0wZGI1 → 加群成功
2022-06-23 15:40:30 → +218926528532 → https://t.me/joinchat/HHeAr1ELdNEOXqw3U8Ts0w → 加群成功
2022-06-23 15:40:43 → +201207951279 → https://t.me/+uc5k-JwziZU2MzVh → 加群成功
2022-06-23 15:41:16 → +22893199300 → https://t.me/+A1-zdEEfAu03ZTFl → 加群成功
2022-06-23 15:41:35 → +18768026324 → https://t.me/+4-TIERdkNVVmY2Ix → 加群成功
2022-06-23 15:41:48 → +22966982593 → https://t.me/+G4deUBiLF0g3N2Ux → 加群成功
2022-06-23 15:42:15 → +353899485460 → https://t.me/+HjBnsQsrMc44ZmNl → 加群成功
2022-06-23 15:42:28 → +218926983497 → https://t.me/+PtpnKT2eF0BkN2Q9 → 加群成功
2022-06-23 15:42:48 → +252613734549 → https://t.me/+jEJUf1tx9vw3Yjk1 → 加群成功
2022-06-23 15:43:11 → +201207951279 → https://t.me/+p6YlZXi4WgU0Yzc1 → 加群成功
2022-06-23 15:43:29 → +22966982593 → https://t.me/+4iQgzALLkPowZGFl → 加群成功
2022-06-23 15:43:56 → +218926983497 → https://t.me/+r4fE7rGC-tU3YWE1 → 加群失败：A wait of 234 seconds is required (caused by ImportChatInviteRequest)
2022-06-23 15:44:08 → +218926528532 → https://t.me/+X98YxeYTiqcxYzA9 → 加群成功
2022-06-23 15:44:27 → +22893199300 → https://t.me/+wXJtiQoohfc2NDJl → 加群成功
2022-06-23 15:44:45 → +252613734549 → https://t.me/+j8GV22yY5x5lM2Jh → 加群成功
2022-06-23 15:45:05 → +353899485460 → https://t.me/+-FuT5gvc2BwyNzg5 → 加群失败：https://t.me/+-FuT5gvc2BwyNzg5 用户尝试加入的聊天已过期且不再有效（由 ImportChatInviteRequest 引起）
2022-06-23 15:45:33 → +18768026324 → https://t.me/+KdYb4C34uoowMGJl → 加群成功
2022-06-23 15:45:58 → +18768026324 → https://t.me/+KqByXUbZl6wxM2Nh → 加群失败：A wait of 183 seconds is required (caused by ImportChatInviteRequest)
2022-06-23 15:46:14 → +218926528532 → https://t.me/+uDADliAVzT84ZDRh → 加群失败：A wait of 119 seconds is required (caused by ImportChatInviteRequest)
2022-06-23 15:46:32 → +353899485460 → https://t.me/+TkFX2Ws-6WliNjU9 → 加群失败：A wait of 167 seconds is required (caused by ImportChatInviteRequest)
2022-06-23 15:47:09 → +201207951279 → https://t.me/+z9w5abx_AKI3ZDA1 → 加群失败：A wait of 157 seconds is required (caused by ImportChatInviteRequest)
2022-06-23 15:48:29 → +22966982593 → https://t.me/+Iu_rhvEZnCVjMmNl → 加群成功
2022-06-23 15:48:44 → +22893199300 → https://t.me/+40-bqGDev2g3NGZl → 加群成功
2022-06-23 15:49:01 → +252613734549 → https://t.me/+q9iWwMyPl485YzE1 → 加群成功
2022-06-23 15:49:18 → +218926983497 → https://t.me/+S58Sh-K2alY3Nzdl → 加群成功
2022-06-23 15:49:51 → +201207951279 → https://t.me/+0VaQ-3CUGpBmZjQ1 → 加群成功
2022-06-23 15:50:03 → +252613734549 → https://t.me/+CM8QfiFJeng1OWM1 → 加群成功
2022-06-23 15:50:20 → +22893199300 → https://t.me/+calyHe56Wm82OTg1 → 加群成功
2022-06-23 15:50:34 → +218926528532 → https://t.me/+-ZBvuqf9AYtkM2Q5 → 加群失败：https://t.me/+-ZBvuqf9AYtkM2Q5 用户尝试加入的聊天已过期且不再有效（由 ImportChatInviteRequest 引起）
2022-06-23 15:50:54 → +353899485460 → https://t.me/+IK9rvcCFpyA3YzI9 → 加群成功
2022-06-23 15:51:13 → +18768026324 → https://t.me/+07AqZIR1RH43MmY1 → 加群成功
2022-06-23 15:51:41 → +218926983497 → https://t.me/+Xh2Sw8Abn_w0NzRl → 加群成功
2022-06-23 15:51:59 → +22966982593 → https://t.me/+Gla_cs2FNi1kMjc1 → 加群成功
2022-06-23 15:52:38 → +218926528532 → https://t.me/+SvCI6c2XlcxlZjQx → 加群成功
2022-06-23 15:52:51 → +18768026324 → https://t.me/+_r_1ooupBRoxZTcx → 加群成功
2022-06-23 15:53:26 → +22893199300 → https://t.me/+vD11mXSl0Qo1NjBl → 加群成功
2022-06-23 15:53:46 → +22966982593 → https://t.me/+QmtEDlDoYLlkMGVl → 加群成功
2022-06-23 15:54:16 → +218926983497 → https://t.me/+JMW3N_5fjeM5ODk1 → 加群成功
2022-06-23 15:54:32 → +353899485460 → https://t.me/+EX5LLMSHNh9iYTQ1 → 加群成功
2022-06-23 15:54:51 → +252613734549 → https://t.me/+owVJEPVLlZpiOGUx → 加群成功
2022-06-23 15:55:09 → +201207951279 → https://t.me/+5qiD_XQNy8ozMmI1 → 加群失败：https://t.me/+5qiD_XQNy8ozMmI1 用户尝试加入的聊天已过期且不再有效（由 ImportChatInviteRequest 引起）
2022-06-23 15:55:34 → +22893199300 → https://t.me/+0vEKeyH-sKw5NzEx → 加群成功
2022-06-23 15:55:51 → +22966982593 → https://t.me/+YhkvVBH2sLNiMmJh → 加群成功
2022-06-23 15:56:07 → +18768026324 → https://t.me/+noFSLnh4gzRmMWM1 → 加群成功
2022-06-23 15:56:39 → +353899485460 → https://t.me/+H9LG2jzQBeA4NjMx → 加群成功
2022-06-23 15:57:14 → +218926983497 → https://t.me/+WnFY9z024NdiODgx → 加群成功
2022-06-23 15:57:28 → +252613734549 → https://t.me/+KV5UJvJFZadmZjVl → 加群成功
2022-06-23 15:57:46 → +201207951279 → https://t.me/+17GH_OvJ9tAwY2Vl → 加群成功
2022-06-23 15:58:01 → +218926528532 → https://t.me/+n18k2BFJNDsxY2Fl → 加群成功
2022-06-23 15:58:24 → +201207951279 → https://t.me/+O75V72V3_f9mZDk1 → 加群成功
2022-06-23 15:58:57 → +218926983497 → https://t.me/+SU2RmtTlLms1YWRl → 加群成功
2022-06-23 15:59:13 → +18768026324 → https://t.me/+YlQkP6X2f11lZjlh → 加群成功
2022-06-23 15:59:26 → +252613734549 → https://t.me/+sUuj_TuH_nRhNjE1 → 加群成功
2022-06-23 15:59:40 → +22893199300 → https://t.me/+VZOVUsJ_CrRiNjI5 → 加群成功
2022-06-23 15:59:54 → +218926528532 → https://t.me/+BqdPZFGv9QxjMWI1 → 加群成功
2022-06-23 16:00:11 → +22966982593 → https://t.me/+bOgiT1uFp88xNmQ1 → 加群成功
2022-06-23 16:00:42 → +353899485460 → https://t.me/+BIb1nofuq6Q5NzY1 → 加群成功
2022-06-23 16:01:02 → +218926983497 → https://t.me/+ULwwAMPXqG5iNTI1 → 加群成功
2022-06-23 16:01:19 → +22893199300 → https://t.me/+3gLBjcldb5E1NWY9 → 加群成功
2022-06-23 16:01:56 → +252613734549 → https://t.me/+2jZp8I80mEIyOGY1 → 加群成功
2022-06-23 16:02:15 → +353899485460 → https://t.me/+mrJcyx4RlCoyZDE9 → 加群成功
2022-06-23 16:02:29 → +201207951279 → https://t.me/+gJ-eKM5QJ3YyNzc1 → 加群成功
2022-06-23 16:02:41 → +218926528532 → https://t.me/+JfzYvmEW4bo0ZWRl → 加群成功
2022-06-23 16:03:01 → +22966982593 → https://t.me/+hG4evzI6ZJ84MTA5 → 加群成功
2022-06-23 16:03:14 → +18768026324 → https://t.me/+7NnqHySmWQM2ODU9 → 加群成功
2022-06-23 16:03:47 → +22966982593 → https://t.me/+WgZhCn-jDiY2YjRl → 加群成功
2022-06-23 16:04:02 → +252613734549 → https://t.me/+67pYhAT5wPcxMDRl → 加群成功
2022-06-23 16:04:14 → +353899485460 → https://t.me/+iBdNpf3vLzBkOTFl → 加群成功
2022-06-23 16:04:32 → +18768026324 → https://t.me/+HBDkiYv3Y9c2ODM1 → 加群成功
2022-06-23 16:04:45 → +201207951279 → https://t.me/+rxfOqtxvW-4wNWVl → 加群成功
2022-06-23 16:05:02 → +22893199300 → https://t.me/+ftCy3AbJQ2FkZTdh → 加群成功
2022-06-23 16:05:52 → +218926983497 → https://t.me/+So8ftQcz7V8xMTI5 → 加群成功
2022-06-23 16:06:07 → +218926528532 → https://t.me/joinchat/c1irPtTz-KpmMzZl → 加群成功
2022-06-23 16:06:32 → +252613734549 → https://t.me/+ZalvZqpTKQY5ZmVh → 加群成功
2022-06-23 16:06:46 → +18768026324 → https://t.me/+j1rD3RsKu2A5ZTJl → 加群失败：https://t.me/+j1rD3RsKu2A5ZTJl 用户尝试加入的聊天已过期且不再有效（由 ImportChatInviteRequest 引起）
2022-06-23 16:07:00 → +22893199300 → https://t.me/+dIyaD5HpDJY3Zjk9 → 加群成功
2022-06-23 16:07:15 → +218926983497 → https://t.me/+wyQoNDjjMBVjNDA1 → 加群成功
2022-06-23 16:07:35 → +353899485460 → https://t.me/+aMl_xPUzLu80OGMx → 加群成功
2022-06-23 16:07:54 → +218926528532 → https://t.me/+EGVQeuIr3OU0NGI9 → 加群成功
2022-06-23 16:08:30 → +201207951279 → https://t.me/+Qda8QNJzsX4yNjVl → 加群成功
2022-06-23 16:08:57 → +22966982593 → https://t.me/+9oE0N-acgdo0NTNl → 加群成功
2022-06-23 16:09:32 → +18768026324 → https://t.me/+Qhz0SfbvEQAzYmFl → 加群成功
2022-06-23 16:09:52 → +353899485460 → https://t.me/+BrmgdJH6PSZkNTNh → 加群成功
2022-06-23 16:10:06 → +22893199300 → https://t.me/+9aEGaULesLY4Nzlh → 加群成功
2022-06-23 16:10:23 → +218926983497 → https://t.me/+pImQqG6kee4wZDYx → 加群成功
2022-06-23 16:10:42 → +22966982593 → https://t.me/+yB1tBXdqMKFkMGFl → 加群成功
2022-06-23 16:11:18 → +201207951279 → https://t.me/+h2PiE1mN6nZmN2Vl → 加群成功
2022-06-23 16:11:33 → +218926528532 → https://t.me/+6SR7fONaaVJmNDMx → 加群成功
2022-06-23 16:11:52 → +252613734549 → https://t.me/+XAPOpgfM36YxYTk1 → 加群成功
2022-06-23 16:12:12 → +22893199300 → https://t.me/+1450TvdWFDg3ZDlh → 加群成功
2022-06-23 16:12:25 → +252613734549 → https://t.me/+REYpWO1e16djZDUx → 加群成功
2022-06-23 16:12:43 → +218926528532 → https://t.me/+jDogamSAXRJmNTJl → 加群成功
2022-06-23 16:12:57 → +22966982593 → https://t.me/+umxZ8YEpnEo2MWUx → 加群成功
2022-06-23 16:13:13 → +353899485460 → https://t.me/+t8N8djvNpMozYTUx → 加群成功
2022-06-23 16:13:25 → +218926983497 → https://t.me/+4GYip2NBLOphOTVl → 加群成功
2022-06-23 16:13:37 → +18768026324 → https://t.me/+5gVajc77kDQ0NzI5 → 加群成功
2022-06-23 16:14:03 → +201207951279 → https://t.me/+apcxV30gu7M2MjI1 → 加群成功
2022-06-23 16:14:39 → +252613734549 → https://t.me/+EsOVJtfj7FwyOWUx → 加群失败：A wait of 264 seconds is required (caused by ImportChatInviteRequest)
2022-06-23 16:14:52 → +22893199300 → https://t.me/+kaP8DGgokxo4NGIx → 加群失败：A wait of 232 seconds is required (caused by ImportChatInviteRequest)
2022-06-23 16:15:12 → +22966982593 → https://t.me/+iByuoW9T4aMzODVl → 加群失败：A wait of 197 seconds is required (caused by ImportChatInviteRequest)
2022-06-23 16:15:43 → +18768026324 → https://t.me/+LO5hAmiN4McyODU1 → 加群成功
2022-06-23 16:16:18 → +252613734549 → https://t.me/+fAdS-xoI0zJiZTdh → 加群失败：A wait of 164 seconds is required (caused by ImportChatInviteRequest)
2022-06-23 16:16:46 → +22893199300 → https://t.me/+1s6PDJfhJ_45N2Mx → 加群失败：A wait of 118 seconds is required (caused by ImportChatInviteRequest)
2022-06-23 16:17:04 → +218926983497 → https://t.me/+5qiD_XQNy8ozMmI1 → 加群失败：A wait of 135 seconds is required (caused by ImportChatInviteRequest)
2022-06-23 16:17:22 → +201207951279 → https://t.me/+vD11mXSl0Qo1NjBl → 加群成功
2022-06-23 16:18:30 → +22966982593 → https://t.me/+G8wVDtrfGdI3ZTc9 → 加群成功
2022-06-23 16:18:58 → +218926528532 → https://t.me/+7NnqHySmWQM2ODU9 → 加群成功
2022-06-23 16:19:23 → +353899485460 → https://t.me/+zjwd6Dobyb5hYWM1 → 加群成功
2022-06-23 16:19:47 → +22966982593 → https://t.me/+K4hA5oTciaJhNTVl → 加群成功
2022-06-23 16:20:10 → +22893199300 → https://t.me/+DM9DYATWVQA2MTlh → 加群成功
2022-06-23 16:21:14 → +18768026324 → https://t.me/joinchat/ITSPv5Bor2M5NjY1 → 加群成功
2022-06-23 16:21:52 → +252613734549 → https://t.me/+b8osyGrSdOhhZjE9 → 加群成功
2022-06-23 16:22:04 → +201207951279 → https://t.me/+IK9rvcCFpyA3YzI9 → 加群成功
2022-06-23 16:22:17 → +218926528532 → https://t.me/+PnwvxbcwQXVjYzE1 → 加群成功
2022-06-23 16:22:32 → +218926983497 → https://t.me/+F4cgrWsKrcRkMDA9 → 加群成功
2022-06-23 16:22:56 → +353899485460 → https://t.me/+l_b3i7oqjn0zMWE1 → 加群成功
2022-06-23 16:23:29 → +353899485460 → https://t.me/+Qhz0SfbvEQAzYmFl → 加群成功
2022-06-23 16:23:57 → +201207951279 → https://t.me/+SvCI6c2XlcxlZjQx → 加群成功
2022-06-23 16:24:34 → +22966982593 → https://t.me/+cod7Oy_bjAg5NTk1 → 加群成功
2022-06-23 16:25:19 → +252613734549 → https://t.me/+Ykhdirg6NcNkYjAx → 加群成功
2022-06-23 16:25:33 → +218926983497 → https://t.me/+uFhQDDWC5a8xOTVh → 加群成功
2022-06-23 16:25:50 → +22893199300 → https://t.me/+4iQgzALLkPowZGFl → 加群成功
2022-06-23 16:26:15 → +218926528532 → https://t.me/+HjBnsQsrMc44ZmNl → 加群成功
2022-06-23 16:26:32 → +18768026324 → https://t.me/+71ANa06F0wNmNmJl → 加群成功
2022-06-23 16:27:05 → +22893199300 → https://t.me/+CM8QfiFJeng1OWM1 → 加群成功
2022-06-23 16:27:19 → +201207951279 → https://t.me/+jxfLkeV_sRZlZjIx → 加群失败：https://t.me/+jxfLkeV_sRZlZjIx 用户尝试加入的聊天已过期且不再有效（由 ImportChatInviteRequest 引起）
2022-06-23 16:27:38 → +18768026324 → https://t.me/+b-oj8C33vKU1Yjdl → 加群成功
2022-06-23 16:28:32 → +252613734549 → https://t.me/+zp8hQFMQsnIyYTdl → 加群成功
2022-06-23 16:28:44 → +22966982593 → https://t.me/+WbJrXuE28703Zjdl → 加群成功
2022-06-23 16:28:56 → +218926983497 → https://t.me/+hwGafTyi3tIxMzc1 → 加群成功
2022-06-23 16:29:23 → +218926528532 → https://t.me/+0vEKeyH-sKw5NzEx → 加群成功
2022-06-23 16:30:20 → +353899485460 → https://t.me/+6SR7fONaaVJmNDMx → 加群成功
2022-06-23 16:30:54 → +252613734549 → https://t.me/+dIyaD5HpDJY3Zjk9 → 加群成功
2022-06-23 16:31:21 → +218926528532 → https://t.me/+IgxjgT8EJP0wZGI1 → 加群成功
2022-06-23 16:31:37 → +353899485460 → https://t.me/+JfzYvmEW4bo0ZWRl → 加群成功
2022-06-23 16:31:54 → +22893199300 → https://t.me/+_co7YJMXqzliMzhh → 加群成功
2022-06-23 16:33:00 → +22966982593 → https://t.me/+O75V72V3_f9mZDk1 → 加群成功
2022-06-23 16:33:29 → +218926983497 → https://t.me/+Rn0gXKwDBdZiMzhl → 加群成功
2022-06-23 16:33:42 → +201207951279 → https://t.me/+UbxlM6GKynRhODk1 → 加群成功
2022-06-23 16:34:09 → +18768026324 → https://t.me/+oK6peJEVCBgzZjcx → 加群成功
2022-06-23 16:34:34 → +218926528532 → https://t.me/+t8N8djvNpMozYTUx → 加群成功
2022-06-23 16:35:20 → +18768026324 → https://t.me/+YlQkP6X2f11lZjlh → 加群失败：The authenticated user is already a participant of the chat (caused by ImportChatInviteRequest)
2022-06-23 16:35:38 → +22966982593 → https://t.me/+feeRJoJYK0EzMTRl → 加群成功
2022-06-23 16:36:08 → +218926983497 → https://t.me/+LWL438ngyIQxZjQ1 → 加群成功
2022-06-23 16:36:29 → +353899485460 → https://t.me/+H9LG2jzQBeA4NjMx → 加群失败：The authenticated user is already a participant of the chat (caused by ImportChatInviteRequest)
2022-06-23 16:36:50 → +201207951279 → https://t.me/+YQtg80wqP5NlM2Nh → 加群成功
2022-06-23 16:37:07 → +252613734549 → https://t.me/+mHS4ouK1WS81ODdl → 加群失败：The authenticated user is already a participant of the chat (caused by ImportChatInviteRequest)
2022-06-23 16:37:19 → +22893199300 → https://t.me/+j1rD3RsKu2A5ZTJl → 加群失败：https://t.me/+j1rD3RsKu2A5ZTJl 用户尝试加入的聊天已过期且不再有效（由 ImportChatInviteRequest 引起）
2022-06-23 16:38:12 → +22966982593 → https://t.me/+PtpnKT2eF0BkN2Q9 → 加群成功
2022-06-23 16:38:41 → +22893199300 → https://t.me/+ULgadWScDkswN2Q1 → 加群成功
2022-06-23 16:39:17 → +201207951279 → https://t.me/+WgZhCn-jDiY2YjRl → 加群成功
2022-06-23 16:39:57 → +218926528532 → https://t.me/+K5t6qDH-guk2ZmNl → 加群失败：The authenticated user is already a participant of the chat (caused by ImportChatInviteRequest)
2022-06-23 16:40:22 → +18768026324 → https://t.me/+n18k2BFJNDsxY2Fl → 加群成功
2022-06-23 16:40:51 → +252613734549 → https://t.me/+aQJcp5R0T3pkZGNl → 加群成功
2022-06-23 16:41:13 → +218926983497 → https://t.me/+SIfSmDbixudkMzc1 → 加群成功
2022-06-23 16:41:37 → +353899485460 → https://t.me/+dYHMcVJpbBwzMGQ1 → 加群成功
2022-06-23 16:42:06 → +218926983497 → https://t.me/+m7Ys3kdhOQ5jODQ1 → 加群成功
2022-06-23 16:42:38 → +252613734549 → https://t.me/+YI3Dtp8InIthMmU5 → 加群成功
2022-06-23 16:42:53 → +22893199300 → https://t.me/+BrmgdJH6PSZkNTNh → 加群成功
2022-06-23 16:43:20 → +201207951279 → https://t.me/+EFZfdCzTGu9iMzcx → 加群成功
2022-06-23 16:44:09 → +353899485460 → https://t.me/+SZP7LsqR8FI3ZjM1 → 加群失败：The authenticated user is already a participant of the chat (caused by ImportChatInviteRequest)
2022-06-23 16:44:21 → +218926528532 → https://t.me/+IMTe1XL2eRhmZTQ1 → 加群成功
2022-06-23 16:44:38 → +22966982593 → https://t.me/+spzhFF0zV5M1YjZh → 加群成功
2022-06-23 16:45:06 → +18768026324 → https://t.me/+ssjAgSqpCLI0YzBh → 加群成功
2022-06-23 16:45:40 → +218926983497 → https://t.me/+-ZBvuqf9AYtkM2Q5 → 加群失败：https://t.me/+-ZBvuqf9AYtkM2Q5 用户尝试加入的聊天已过期且不再有效（由 ImportChatInviteRequest 引起）
2022-06-23 16:45:56 → +252613734549 → https://t.me/+d704xN5CSodkN2Vh → 加群成功
2022-06-23 16:46:15 → +22966982593 → https://t.me/+hpMJRgdAs5AxMzg1 → 加群失败：The authenticated user is already a participant of the chat (caused by ImportChatInviteRequest)
2022-06-23 16:46:31 → +218926528532 → https://t.me/+boGmQAE3JrBjNTNl → 加群成功
2022-06-23 16:46:55 → +353899485460 → https://t.me/+xWeQtRBfjOFkNTA1 → 加群成功
2022-06-23 16:47:43 → +18768026324 → https://t.me/+07AqZIR1RH43MmY1 → 加群失败：The authenticated user is already a participant of the chat (caused by ImportChatInviteRequest)
2022-06-23 16:48:35 → +201207951279 → https://t.me/+iByuoW9T4aMzODVl → 加群成功
2022-06-23 16:48:47 → +22893199300 → https://t.me/+in9IWOKmArs5ODg5 → 加群失败：The authenticated user is already a participant of the chat (caused by ImportChatInviteRequest)
2022-06-23 16:49:16 → +22893199300 → https://t.me/+f312-GXF6bI2NDc1 → 加群失败：The authenticated user is already a participant of the chat (caused by ImportChatInviteRequest)
2022-06-23 16:49:35 → +22966982593 → https://t.me/+0kedKOuRB0o1NDMx → 加群成功
2022-06-23 16:49:47 → +218926528532 → https://t.me/+Zp-g0nkCPK9lMzE1 → 加群成功
2022-06-23 16:50:06 → +201207951279 → https://t.me/+9aEGaULesLY4Nzlh → 加群成功
2022-06-23 16:51:05 → +18768026324 → https://t.me/+WnFY9z024NdiODgx → 加群成功
2022-06-23 16:51:21 → +353899485460 → https://t.me/+B7AquUh1jWpkNjQx → 加群成功
2022-06-23 16:51:35 → +252613734549 → https://t.me/+l7jVRdfrEh8wNWZh → 加群失败：The authenticated user is already a participant of the chat (caused by ImportChatInviteRequest)
2022-06-23 16:51:56 → +218926983497 → https://t.me/+-jAPlPqNLng3NTk1 → 加群失败：https://t.me/+-jAPlPqNLng3NTk1 用户尝试加入的聊天已过期且不再有效（由 ImportChatInviteRequest 引起）
2022-06-23 16:52:25 → +252613734549 → https://t.me/+ADL_14T-XG0yMmE5 → 加群成功
2022-06-23 16:52:40 → +353899485460 → https://t.me/+-J3EkxDRssplNmQx → 加群失败：https://t.me/+-J3EkxDRssplNmQx 用户尝试加入的聊天已过期且不再有效（由 ImportChatInviteRequest 引起）
2022-06-23 16:53:10 → +18768026324 → https://t.me/+Lh7Vg3j2HBA2ZWRl → 加群成功
2022-06-23 16:53:28 → +218926528532 → https://t.me/+qG8NTgtN0akxM2Ex → 加群成功
2022-06-23 16:53:52 → +22893199300 → https://t.me/+HHlC3yukCdo0MjBh → 加群成功
2022-06-23 16:54:22 → +218926983497 → https://t.me/+xoa71RA8zRlkZWE1 → 加群成功
2022-06-23 16:54:42 → +22966982593 → https://t.me/+r4fE7rGC-tU3YWE1 → 加群成功
2022-06-23 16:55:27 → +201207951279 → https://t.me/+4t_ZnkZnBxJhYzcx → 加群失败：The authenticated user is already a participant of the chat (caused by ImportChatInviteRequest)
2022-06-23 16:56:22 → +18768026324 → https://t.me/+rgxcUm5Dp35mYWI1 → 加群成功
2022-06-23 16:56:46 → +201207951279 → https://t.me/+4O_dPR7XAcY5NGQ9 → 加群成功
2022-06-23 16:57:13 → +218926983497 → https://t.me/+yTmSqvjL6MZhOGM1 → 加群成功
2022-06-23 16:57:48 → +252613734549 → https://t.me/+jEJUf1tx9vw3Yjk1 → 加群失败：The authenticated user is already a participant of the chat (caused by ImportChatInviteRequest)
2022-06-23 16:58:16 → +353899485460 → https://t.me/+XA-AFUSIJMBjY2Fh → 加群失败：https://t.me/+XA-AFUSIJMBjY2Fh 用户尝试加入的聊天已过期且不再有效（由 ImportChatInviteRequest 引起）
2022-06-23 16:58:30 → +218926528532 → https://t.me/+l1slk5dV5jE3ZjNl → 加群成功
2022-06-23 16:58:53 → +22966982593 → https://t.me/+noFSLnh4gzRmMWM1 → 加群成功
2022-06-23 16:59:23 → +22893199300 → https://t.me/joinchat/rDC8WhyDHDg0Yzhl → 加群成功
2022-06-23 16:59:55 → +218926983497 → https://t.me/+0VaQ-3CUGpBmZjQ1 → 加群成功
2022-06-23 17:00:24 → +353899485460 → https://t.me/+_r_1ooupBRoxZTcx → 加群成功
2022-06-23 17:00:55 → +18768026324 → https://t.me/+BqdPZFGv9QxjMWI1 → 加群成功
2022-06-23 17:01:24 → +22893199300 → https://t.me/+hdw-z80muVFjNzFl → 加群成功
2022-06-23 17:01:40 → +22966982593 → https://t.me/+G4deUBiLF0g3N2Ux → 加群失败：The authenticated user is already a participant of the chat (caused by ImportChatInviteRequest)
2022-06-23 17:02:09 → +201207951279 → https://t.me/+C0RIb6Z0lM8xY2Q1 → 加群失败：https://t.me/+C0RIb6Z0lM8xY2Q1 用户尝试加入的聊天已过期且不再有效（由 ImportChatInviteRequest 引起）
2022-06-23 17:02:37 → +252613734549 → https://t.me/+MVMDI7oWzDczNmI1 → 加群成功
2022-06-23 17:02:57 → +218926528532 → https://t.me/+A1-zdEEfAu03ZTFl → 加群成功
2022-06-23 17:03:58 → +22966982593 → https://t.me/+BSga9DevIIg5YTQ1 → 加群成功
2022-06-23 17:04:17 → +22893199300 → https://t.me/+9oE0N-acgdo0NTNl → 加群成功
2022-06-23 17:04:31 → +353899485460 → https://t.me/+Ak8f4ofbKpEzYTU1 → 加群成功
2022-06-23 17:04:53 → +18768026324 → https://t.me/+Hu3nlzXur5djMzg1 → 加群成功
2022-06-23 17:05:55 → +201207951279 → https://t.me/+G-TP1oGwz_UzZTgx → 加群成功
2022-06-23 17:06:15 → +252613734549 → https://t.me/+0ooyBXIvunM2ODAx → 加群成功
2022-06-23 17:06:38 → +218926528532 → https://t.me/+5WmtAnMeZpIyMDhh → 加群成功
2022-06-23 17:07:05 → +218926983497 → https://t.me/+VZOVUsJ_CrRiNjI5 → 加群成功
2022-06-23 17:07:36 → +201207951279 → https://t.me/+wyQoNDjjMBVjNDA1 → 加群成功
2022-06-23 17:08:04 → +22893199300 → https://t.me/+4-TIERdkNVVmY2Ix → 加群成功
2022-06-23 17:08:38 → +252613734549 → https://t.me/+AeKQBS5VnYFhZjdh → 加群成功
2022-06-23 17:09:18 → +22966982593 → https://t.me/+17GH_OvJ9tAwY2Vl → 加群成功
2022-06-23 17:09:33 → +18768026324 → https://t.me/+z9w5abx_AKI3ZDA1 → 加群成功
2022-06-23 17:10:04 → +353899485460 → https://t.me/+_sSpDH9vnQMwNjc9 → 加群成功
2022-06-23 17:10:30 → +218926528532 → https://t.me/+-HKE3ttySdAxMTk1 → 加群失败：https://t.me/+-HKE3ttySdAxMTk1 用户尝试加入的聊天已过期且不再有效（由 ImportChatInviteRequest 引起）
2022-06-23 17:10:44 → +218926983497 → https://t.me/+hG4evzI6ZJ84MTA5 → 加群成功
2022-06-23 17:11:09 → +22893199300 → https://t.me/+YlMJYHBBe0M5ZmMx → 加群成功
2022-06-23 17:11:24 → +22966982593 → https://t.me/+coJH9njcTFI3NGJh → 加群成功
2022-06-23 17:11:42 → +201207951279 → https://t.me/+X98YxeYTiqcxYzA9 → 加群成功
2022-06-23 17:12:33 → +218926528532 → https://t.me/+sEzjSrHVucliNGE1 → 加群成功
2022-06-23 17:12:56 → +18768026324 → https://t.me/+ZIUaM08xAIhkYmUx → 加群成功
2022-06-23 17:13:49 → +218926983497 → https://t.me/+pbakZSSRFjRhNGU1 → 加群成功
2022-06-23 17:14:11 → +252613734549 → https://t.me/+q9iWwMyPl485YzE1 → 加群失败：The authenticated user is already a participant of the chat (caused by ImportChatInviteRequest)
2022-06-23 17:14:28 → +353899485460 → https://t.me/+3YZdmBbfzH85MDll → 加群成功
2022-06-23 17:14:57 → +22966982593 → https://t.me/+1450TvdWFDg3ZDlh → 加群成功
2022-06-23 17:15:12 → +218926528532 → https://t.me/+SU2RmtTlLms1YWRl → 加群成功
2022-06-23 17:15:42 → +201207951279 → https://t.me/+kF5YAHBQ7b8yMDVl → 加群失败：https://t.me/+kF5YAHBQ7b8yMDVl 用户尝试加入的聊天已过期且不再有效（由 ImportChatInviteRequest 引起）
2022-06-23 17:16:10 → +353899485460 → https://t.me/+foThDdueBzYyOTVh → 加群失败：The authenticated user is already a participant of the chat (caused by ImportChatInviteRequest)
2022-06-23 17:16:31 → +252613734549 → https://t.me/joinchat/c1irPtTz-KpmMzZl → 加群成功
2022-06-23 17:16:58 → +18768026324 → https://t.me/+2hRtaNIomANhZjhl → 加群成功
2022-06-23 17:17:16 → +218926983497 → https://t.me/+Sh3VLTGHA9Q3YTdl → 加群成功
2022-06-23 17:18:18 → +22893199300 → https://t.me/+XOH9ZDrzo3I1MzI1 → 加群成功
2022-06-23 17:19:03 → +218926983497 → https://t.me/+2jZp8I80mEIyOGY1 → 加群成功
2022-06-23 17:19:20 → +22966982593 → https://t.me/+LqsBiT_T0DszOWI1 → 加群成功
2022-06-23 17:19:38 → +218926528532 → https://t.me/+3SrSrS52L785Yjg1 → 加群成功
2022-06-23 17:19:55 → +22893199300 → https://t.me/+n9nQhpEXAC0yNGU9 → 加群成功
2022-06-23 17:20:19 → +18768026324 → https://t.me/+Gla_cs2FNi1kMjc1 → 加群成功
2022-06-23 17:20:46 → +353899485460 → https://t.me/+TkFX2Ws-6WliNjU9 → 加群成功
2022-06-23 17:21:15 → +201207951279 → https://t.me/+k7skOSclEXNkY2M1 → 加群失败：The authenticated user is already a participant of the chat (caused by ImportChatInviteRequest)
2022-06-23 17:21:37 → +252613734549 → https://t.me/+QmtEDlDoYLlkMGVl → 加群成功
2022-06-23 17:22:37 → +252613734549 → https://t.me/+lLRc1DnIS1JhYTc1 → 加群成功
2022-06-23 17:22:52 → +22893199300 → https://t.me/+ZalvZqpTKQY5ZmVh → 加群成功
2022-06-23 17:23:26 → +201207951279 → https://t.me/+iBdNpf3vLzBkOTFl → 加群成功
2022-06-23 17:23:40 → +218926983497 → https://t.me/+EGVQeuIr3OU0NGI9 → 加群成功
2022-06-23 17:24:15 → +18768026324 → https://t.me/+AGovixe_eoE4NDNh → 加群成功
2022-06-23 17:24:42 → +22966982593 → https://t.me/+xBZVwA_bkEY2N2Jl → 加群成功
2022-06-23 17:25:10 → +218926528532 → https://t.me/+rxfOqtxvW-4wNWVl → 加群成功
2022-06-23 17:25:34 → +353899485460 → https://t.me/+X1XfCzCulJplNzJl → 加群成功
2022-06-23 17:26:01 → +22893199300 → https://t.me/+uc5k-JwziZU2MzVh → 加群成功
2022-06-23 17:26:15 → +218926983497 → https://t.me/+pImQqG6kee4wZDYx → 加群失败：The authenticated user is already a participant of the chat (caused by ImportChatInviteRequest)
2022-06-23 17:26:27 → +353899485460 → https://t.me/+Vr3PW_vRaiY3YjFh → 加群成功
2022-06-23 17:26:40 → +218926528532 → https://t.me/+KdYb4C34uoowMGJl → 加群成功
2022-06-23 17:27:09 → +18768026324 → https://t.me/+54gl7-9CGNExOTQx → 加群成功
2022-06-23 17:27:25 → +201207951279 → https://t.me/+2UbXwZlSXqxiMGIx → 加群成功
2022-06-23 17:27:37 → +22966982593 → https://t.me/+zYJQMkPK-txmNTc1 → 加群成功
2022-06-23 17:28:45 → +252613734549 → https://t.me/+REYpWO1e16djZDUx → 加群失败：The authenticated user is already a participant of the chat (caused by ImportChatInviteRequest)
2022-06-23 17:29:17 → +22966982593 → https://t.me/+KqByXUbZl6wxM2Nh → 加群成功
2022-06-23 17:29:42 → +18768026324 → https://t.me/+67pYhAT5wPcxMDRl → 加群成功
2022-06-23 17:29:54 → +252613734549 → https://t.me/+4bOGsWK-7145MGQ1 → 加群成功
2022-06-23 17:30:16 → +218926983497 → https://t.me/+3gLBjcldb5E1NWY9 → 加群成功
2022-06-23 17:30:31 → +353899485460 → https://t.me/+j8GV22yY5x5lM2Jh → 加群成功
2022-06-23 17:30:59 → +218926528532 → https://t.me/+apcxV30gu7M2MjI1 → 加群成功
2022-06-23 17:31:13 → +22893199300 → https://t.me/+Iu_rhvEZnCVjMmNl → 加群成功
2022-06-23 17:31:34 → +201207951279 → https://t.me/joinchat/HHeAr1ELdNEOXqw3U8Ts0w → 加群成功
2022-06-23 17:32:42 → +218926528532 → https://t.me/+aMl_xPUzLu80OGMx → 加群成功
2022-06-23 17:33:09 → +353899485460 → https://t.me/+GG2gvlA8M2s5Mjgx → 加群成功
2022-06-23 17:33:36 → +22966982593 → https://t.me/+ftCy3AbJQ2FkZTdh → 加群成功
2022-06-23 17:34:07 → +201207951279 → https://t.me/+owVJEPVLlZpiOGUx → 加群成功
2022-06-23 17:34:29 → +252613734549 → https://t.me/+iTHcPS00SzdhMTBh → 加群成功
2022-06-23 17:35:21 → +22893199300 → https://t.me/+UDrX76uyYy82OWEx → 加群成功
2022-06-23 17:35:41 → +218926983497 → https://t.me/+BIb1nofuq6Q5NzY1 → 加群成功
2022-06-23 17:36:04 → +18768026324 → https://t.me/+gJ-eKM5QJ3YyNzc1 → 加群成功
2022-06-23 17:36:36 → +18768026324 → https://t.me/+5gVajc77kDQ0NzI5 → 加群失败：The authenticated user is already a participant of the chat (caused by ImportChatInviteRequest)
2022-06-23 17:37:18 → +353899485460 → https://t.me/+bOgiT1uFp88xNmQ1 → 加群成功
2022-06-23 17:37:32 → +218926983497 → https://t.me/wangbo28 → 加群失败：https://t.me/wangbo28 用户尝试加入的聊天已过期且不再有效（由 ImportChatInviteRequest 引起）
2022-06-23 17:37:57 → +22966982593 → https://t.me/+40-bqGDev2g3NGZl → 加群成功
2022-06-23 17:38:24 → +22893199300 → https://t.me/+XAPOpgfM36YxYTk1 → 加群成功
2022-06-23 17:38:43 → +201207951279 → https://t.me/+Qz0ir67LdmQzODM9 → 加群成功
2022-06-23 17:39:20 → +252613734549 → https://t.me/+p6YlZXi4WgU0Yzc1 → 加群成功
2022-06-23 17:39:41 → +218926528532 → https://t.me/+sUuj_TuH_nRhNjE1 → 加群成功
2022-06-23 17:40:02 → +18768026324 → https://t.me/+j41eJz9SWtE2YjUx → 加群成功
2022-06-23 17:40:27 → +218926528532 → https://t.me/+jxQcjZH0KvRjY2Jl → 加群成功
2022-06-23 17:41:14 → +252613734549 → https://t.me/+ULwwAMPXqG5iNTI1 → 加群成功
2022-06-23 17:41:35 → +22966982593 → https://t.me/+EsOVJtfj7FwyOWUx → 加群成功
2022-06-23 17:41:57 → +22893199300 → https://t.me/+E7EhI4J4t2BjMTdh → 加群成功
2022-06-23 17:42:17 → +218926983497 → https://t.me/+jIlT6iUJfKBkMzBh → 加群成功
2022-06-23 17:42:41 → +353899485460 → https://t.me/+jDogamSAXRJmNTJl → 加群成功
2022-06-23 17:43:03 → +201207951279 → https://t.me/+zt29tENcz2g4ODA1 → 加群成功
2022-06-23 19:02:46 → +22966982593 → https://t.me/+xn2eYKH-rlI5N2E5 → 加群成功
2022-06-23 19:03:08 → +18768026324 → https://t.me/+WnFY9z024NdiODgx → 加群失败：The authenticated user is already a participant of the chat (caused by ImportChatInviteRequest)
2022-06-23 19:03:34 → +22893199300 → https://t.me/+cgctxddaCwxhYWM1 → 加群成功
2022-06-23 19:03:59 → +252613734549 → https://t.me/+3gLBjcldb5E1NWY9 → 加群成功
2022-06-23 19:04:29 → +218926528532 → https://t.me/+b-oj8C33vKU1Yjdl → 加群成功
2022-06-23 19:04:51 → +201207951279 → https://t.me/+umxZ8YEpnEo2MWUx → 加群成功
2022-06-23 19:05:08 → +218926983497 → https://t.me/+Zp-g0nkCPK9lMzE1 → 加群成功
2022-06-23 19:05:42 → +353899485460 → https://t.me/+coJH9njcTFI3NGJh → 加群成功
2022-06-23 19:06:01 → +201207951279 → https://t.me/+KqByXUbZl6wxM2Nh → 加群成功
2022-06-23 19:06:15 → +252613734549 → https://t.me/+B7AquUh1jWpkNjQx → 加群成功
2022-06-23 19:06:30 → +22893199300 → https://t.me/+EGVQeuIr3OU0NGI9 → 加群成功
2022-06-23 19:06:54 → +218926983497 → https://t.me/+jxQcjZH0KvRjY2Jl → 加群成功
2022-06-23 19:07:17 → +218926528532 → https://t.me/+0jORkEcjJ0thZDk1 → 加群成功
2022-06-23 19:07:45 → +22966982593 → https://t.me/+4bOGsWK-7145MGQ1 → 加群成功
2022-06-23 19:07:58 → +18768026324 → https://t.me/+-jAPlPqNLng3NTk1 → 加群失败：https://t.me/+-jAPlPqNLng3NTk1 用户尝试加入的聊天已过期且不再有效（由 ImportChatInviteRequest 引起）
2022-06-23 19:08:26 → +353899485460 → https://t.me/+aQJcp5R0T3pkZGNl → 加群成功
2022-06-23 19:10:01 → +218926983497 → https://t.me/+XA-AFUSIJMBjY2Fh → 加群失败：https://t.me/+XA-AFUSIJMBjY2Fh 用户尝试加入的聊天已过期且不再有效（由 ImportChatInviteRequest 引起）
2022-06-23 21:20:37 → +905356526723 → https://t.me/+spzhFF0zV5M1YjZh → 加群成功
2022-06-23 21:21:05 → +905353942767 → https://t.me/+17GH_OvJ9tAwY2Vl → 加群成功
2022-06-23 21:21:34 → +905356458418 → https://t.me/+Zp-g0nkCPK9lMzE1 → 加群成功
2022-06-23 21:21:58 → 5511969818956 → https://t.me/+EFZfdCzTGu9iMzcx → 加群成功
2022-06-23 21:22:21 → +905356359617 → https://t.me/+Rn0gXKwDBdZiMzhl → 加群成功
2022-06-23 21:22:40 → 5511957049299 → https://t.me/+_sSpDH9vnQMwNjc9 → 加群成功
2022-06-23 21:23:03 → +353899485460 → https://t.me/+ULgadWScDkswN2Q1 → 加群成功
2022-06-23 21:23:29 → 5511931796605 → https://t.me/+z-xgWFuhbXRiMmU1 → 加群失败：https://t.me/+z-xgWFuhbXRiMmU1 用户尝试加入的聊天已过期且不再有效（由 ImportChatInviteRequest 引起）
2022-06-23 21:23:42 → 5511946505741 → https://t.me/+pImQqG6kee4wZDYx → 加群成功
2022-06-23 21:23:55 → +22893199300 → https://t.me/+1450TvdWFDg3ZDlh → 加群失败：The authenticated user is already a participant of the chat (caused by ImportChatInviteRequest)
2022-06-23 21:24:25 → 5511967906646 → https://t.me/+feeRJoJYK0EzMTRl → 加群成功
2022-06-23 21:24:54 → +18768026324 → https://t.me/+SU2RmtTlLms1YWRl → 加群成功
2022-06-23 21:25:11 → +252613734549 → https://t.me/+KqByXUbZl6wxM2Nh → 加群成功
2022-06-23 21:25:28 → +905356353200 → https://t.me/+71ANa06F0wNmNmJl → 加群成功
2022-06-23 21:25:55 → +905356359617 → https://t.me/+AGovixe_eoE4NDNh → 加群成功
2022-06-23 21:26:18 → 5511946505741 → https://t.me/+3YZdmBbfzH85MDll → 加群成功
2022-06-23 21:26:48 → +22893199300 → https://t.me/+WbJrXuE28703Zjdl → 加群成功
2022-06-23 21:27:07 → +353899485460 → https://t.me/+n18k2BFJNDsxY2Fl → 加群成功
2022-06-23 21:27:18 → 5511957049299 → https://t.me/+0kedKOuRB0o1NDMx → 加群成功
2022-06-23 21:27:36 → +252613734549 → https://t.me/+4t_ZnkZnBxJhYzcx → 加群成功
2022-06-23 21:27:50 → +18768026324 → https://t.me/+r4fE7rGC-tU3YWE1 → 加群成功
2022-06-23 21:28:20 → 5511931796605 → https://t.me/+p6YlZXi4WgU0Yzc1 → 加群成功
2022-06-23 21:28:33 → +905356526723 → https://t.me/+VwDoIE1fU34wNDRl → 加群失败：https://t.me/+VwDoIE1fU34wNDRl 用户尝试加入的聊天已过期且不再有效（由 ImportChatInviteRequest 引起）
2022-06-23 21:29:00 → 5511967906646 → https://t.me/+mw6XSaYD2eFjYWQx → 加群成功
2022-06-23 21:29:29 → +905356458418 → https://t.me/+qmuwWWOvrME0ODkx → 加群成功
2022-06-23 21:29:58 → +905356353200 → https://t.me/+9oE0N-acgdo0NTNl → 加群成功
2022-06-23 21:30:14 → +905353942767 → https://t.me/+aQJcp5R0T3pkZGNl → 加群成功
2022-06-23 21:30:33 → 5511969818956 → https://t.me/+APKLYqmdSclhZjU1 → 加群成功
2022-06-23 21:30:51 → +905356359617 → https://t.me/+8RnTf-FOZT9iYzRl → 加群成功
2022-06-23 21:31:11 → +18768026324 → https://t.me/+QmtEDlDoYLlkMGVl → 加群成功
2022-06-23 21:31:37 → 5511946505741 → https://t.me/+MVMDI7oWzDczNmI1 → 加群成功
2022-06-23 21:31:55 → +905353942767 → https://t.me/+kaP8DGgokxo4NGIx → 加群成功
2022-06-23 21:32:11 → +905356458418 → https://t.me/+4O_dPR7XAcY5NGQ9 → 加群成功
2022-06-23 21:32:30 → +905356526723 → https://t.me/+zAh3xoopIn4yYTU5 → 加群成功
2022-06-23 21:32:53 → 5511969818956 → https://t.me/+uDADliAVzT84ZDRh → 加群失败：https://t.me/+uDADliAVzT84ZDRh 用户尝试加入的聊天已过期且不再有效（由 ImportChatInviteRequest 引起）
2022-06-23 21:33:15 → +22893199300 → https://t.me/+vD11mXSl0Qo1NjBl → 加群失败：The authenticated user is already a participant of the chat (caused by ImportChatInviteRequest)
2022-06-23 21:33:43 → 5511957049299 → https://t.me/joinchat/rDC8WhyDHDg0Yzhl → 加群成功
2022-06-23 21:34:13 → +353899485460 → https://t.me/+wUPu96w7BvQ3NTU1 → 加群成功
2022-06-23 21:34:39 → +252613734549 → https://t.me/+k7skOSclEXNkY2M1 → 加群失败：掉线/或官方销号
2022-06-23 21:35:05 → 5511931796605 → https://t.me/+SEjcrJU4JuIyNzA1 → 加群失败：掉线/或官方销号
2022-06-23 21:35:25 → +905356353200 → https://t.me/+ftCy3AbJQ2FkZTdh → 加群失败：掉线/或官方销号
2022-06-23 21:35:49 → 5511967906646 → https://t.me/+6SR7fONaaVJmNDMx → 加群失败：掉线/或官方销号
2022-06-23 21:39:00 → 5511931796605 → https://t.me/+BSga9DevIIg5YTQ1 → 加群成功
2022-06-23 21:39:20 → +905356353200 → https://t.me/+gJ-eKM5QJ3YyNzc1 → 加群成功
2022-06-23 21:39:32 → 5511969818956 → https://t.me/joinchat/HHeAr1ELdNEOXqw3U8Ts0w → 加群成功
2022-06-23 21:39:44 → +905356526723 → https://t.me/+0VaQ-3CUGpBmZjQ1 → 加群成功
2022-06-23 21:40:02 → +353899485460 → https://t.me/+m7Ys3kdhOQ5jODQ1 → 加群成功
2022-06-23 21:40:30 → 5511967906646 → https://t.me/+40-bqGDev2g3NGZl → 加群成功
2022-06-23 21:40:56 → +18768026324 → https://t.me/+-ZBvuqf9AYtkM2Q5 → 加群失败：https://t.me/+-ZBvuqf9AYtkM2Q5 用户尝试加入的聊天已过期且不再有效（由 ImportChatInviteRequest 引起）
2022-06-23 21:41:17 → +22893199300 → https://t.me/+HBDkiYv3Y9c2ODM1 → 加群成功
2022-06-23 21:41:44 → +252613734549 → https://t.me/+EX5LLMSHNh9iYTQ1 → 加群成功
2022-06-23 21:42:05 → 5511946505741 → https://t.me/+B7AquUh1jWpkNjQx → 加群成功
2022-06-23 21:42:26 → +905353942767 → https://t.me/+ULwwAMPXqG5iNTI1 → 加群成功
2022-06-23 21:42:40 → +905356359617 → https://t.me/+hpMJRgdAs5AxMzg1 → 加群成功
2022-06-23 21:43:09 → +905356458418 → https://t.me/+LqsBiT_T0DszOWI1 → 加群成功
2022-06-23 21:43:38 → 5511957049299 → https://t.me/+Qda8QNJzsX4yNjVl → 加群成功
2022-06-23 21:44:00 → 5511946505741 → https://t.me/+Hu3nlzXur5djMzg1 → 加群成功
2022-06-23 21:44:14 → +252613734549 → https://t.me/+3gLBjcldb5E1NWY9 → 加群失败：The authenticated user is already a participant of the chat (caused by ImportChatInviteRequest)
2022-06-23 21:44:31 → 5511957049299 → https://t.me/+4bOGsWK-7145MGQ1 → 加群成功
2022-06-23 21:44:50 → 5511969818956 → https://t.me/+JfzYvmEW4bo0ZWRl → 加群成功
2022-06-23 21:45:12 → +905356359617 → https://t.me/+in9IWOKmArs5ODg5 → 加群成功
2022-06-23 21:45:23 → 5511931796605 → https://t.me/+VZOVUsJ_CrRiNjI5 → 加群成功
2022-06-23 21:45:43 → +905353942767 → https://t.me/+boGmQAE3JrBjNTNl → 加群成功
2022-06-23 21:46:13 → +905356353200 → https://t.me/+UbxlM6GKynRhODk1 → 加群成功
2022-06-23 21:46:34 → +905356526723 → https://t.me/+jEJUf1tx9vw3Yjk1 → 加群成功
2022-06-23 21:46:47 → +353899485460 → https://t.me/+_r_1ooupBRoxZTcx → 加群失败：https://t.me/+_r_1ooupBRoxZTcx 用户尝试加入的聊天已过期且不再有效（由 ImportChatInviteRequest 引起）
2022-06-23 21:47:12 → +18768026324 → https://t.me/joinchat/ITSPv5Bor2M5NjY1 → 加群失败：The authenticated user is already a participant of the chat (caused by ImportChatInviteRequest)
2022-06-23 21:47:35 → +22893199300 → https://t.me/+A1-zdEEfAu03ZTFl → 加群失败：The authenticated user is already a participant of the chat (caused by ImportChatInviteRequest)
2022-06-23 21:47:58 → +905356458418 → https://t.me/+YlQkP6X2f11lZjlh → 加群成功
2022-06-23 21:48:28 → 5511967906646 → https://t.me/+EGVQeuIr3OU0NGI9 → 加群成功
2022-06-23 21:48:56 → 5511961448505 → https://t.me/+owVJEPVLlZpiOGUx → 加群成功
2022-06-23 21:49:24 → 5511966735971 → https://t.me/+mHS4ouK1WS81ODdl → 加群成功
2022-06-23 21:49:41 → 5511946736417 → https://t.me/+BRUAa2sBGU0zOTQ1 → 加群成功
2022-06-23 21:49:53 → 5511969818956 → https://t.me/+3SrSrS52L785Yjg1 → 加群成功
2022-06-23 21:50:22 → +905356526723 → https://t.me/+4GYip2NBLOphOTVl → 加群成功
2022-06-23 21:50:43 → 5511946811081 → https://t.me/+hwGafTyi3tIxMzc1 → 加群成功
2022-06-23 21:51:05 → 5511961228669 → https://t.me/+n9nQhpEXAC0yNGU9 → 加群成功
2022-06-23 21:51:17 → 5511954046756 → https://t.me/+kF5YAHBQ7b8yMDVl → 加群失败：https://t.me/+kF5YAHBQ7b8yMDVl 用户尝试加入的聊天已过期且不再有效（由 ImportChatInviteRequest 引起）
2022-06-23 21:51:37 → 5511957049299 → https://t.me/+H9LG2jzQBeA4NjMx → 加群成功
2022-06-23 21:52:05 → +22893199300 → https://t.me/+cgctxddaCwxhYWM1 → 加群失败：https://t.me/+cgctxddaCwxhYWM1 用户尝试加入的聊天已过期且不再有效（由 ImportChatInviteRequest 引起）
2022-06-23 21:52:30 → +905356458418 → https://t.me/+E7EhI4J4t2BjMTdh → 加群成功
2022-06-23 21:52:49 → +905356359617 → https://t.me/+9aEGaULesLY4Nzlh → 加群成功
2022-06-23 21:53:05 → +18768026324 → https://t.me/+K5t6qDH-guk2ZmNl → 加群成功
2022-06-23 21:53:33 → +353899485460 → https://t.me/+X_itTArL40g1ZWI5 → 加群失败：https://t.me/+X_itTArL40g1ZWI5 用户尝试加入的聊天已过期且不再有效（由 ImportChatInviteRequest 引起）
2022-06-23 21:54:03 → +905356353200 → https://t.me/+2UbXwZlSXqxiMGIx → 加群成功
2022-06-23 21:54:32 → +218926983497 → https://t.me/+sEzjSrHVucliNGE1 → 加群成功
2022-06-23 21:54:54 → 5511931796605 → https://t.me/+zYJQMkPK-txmNTc1 → 加群成功
2022-06-23 21:55:13 → 5511967906646 → https://t.me/+TkFX2Ws-6WliNjU9 → 加群成功
2022-06-23 21:55:36 → +252613734549 → https://t.me/+XAPOpgfM36YxYTk1 → 加群失败：https://t.me/+XAPOpgfM36YxYTk1 用户尝试加入的聊天已过期且不再有效（由 ImportChatInviteRequest 引起）
2022-06-23 21:55:51 → 5511946505741 → https://t.me/+xn2eYKH-rlI5N2E5 → 加群成功
2022-06-23 21:56:19 → 5511966779490 → https://t.me/+EsOVJtfj7FwyOWUx → 加群成功
2022-06-23 21:56:46 → 84586376092 → https://t.me/+l_b3i7oqjn0zMWE1 → 加群成功
2022-06-23 21:57:07 → 5511961085017 → https://t.me/+zjwd6Dobyb5hYWM1 → 加群成功
2022-06-23 21:57:21 → 5511979992649 → https://t.me/+54gl7-9CGNExOTQx → 加群成功
2022-06-23 21:57:41 → +905353942767 → https://t.me/+Qz0ir67LdmQzODM9 → 加群成功
2022-06-23 21:57:53 → +22966982593 → https://t.me/+Qhz0SfbvEQAzYmFl → 加群成功
2022-06-23 21:58:06 → 5511968835278 → https://t.me/+d704xN5CSodkN2Vh → 加群成功
2022-06-23 21:58:33 → 84586359306 → https://t.me/+jxQcjZH0KvRjY2Jl → 加群成功
2022-06-23 21:58:56 → +218926528532 → https://t.me/+2hRtaNIomANhZjhl → 加群成功
2022-06-23 21:59:27 → +18768026324 → https://t.me/+2jZp8I80mEIyOGY1 → 加群成功
2022-06-23 21:59:46 → +218926983497 → https://t.me/+BIb1nofuq6Q5NzY1 → 加群失败：https://t.me/+BIb1nofuq6Q5NzY1 用户尝试加入的聊天已过期且不再有效（由 ImportChatInviteRequest 引起）
2022-06-23 22:00:10 → 5511946736417 → https://t.me/+0jORkEcjJ0thZDk1 → 加群成功
2022-06-23 22:00:31 → +22893199300 → https://t.me/+sUuj_TuH_nRhNjE1 → 加群成功
2022-06-23 22:00:54 → 5511957049299 → https://t.me/+XA-AFUSIJMBjY2Fh → 加群失败：https://t.me/+XA-AFUSIJMBjY2Fh 用户尝试加入的聊天已过期且不再有效（由 ImportChatInviteRequest 引起）
2022-06-23 22:01:13 → 84586376092 → https://t.me/+y1X1DHVWX6o0OWQx → 加群成功
2022-06-23 22:01:35 → 5511961085017 → https://t.me/+t8N8djvNpMozYTUx → 加群成功
2022-06-23 22:02:05 → 5511946811081 → https://t.me/joinchat/c1irPtTz-KpmMzZl → 加群成功
2022-06-23 22:02:31 → +252613734549 → https://t.me/+07AqZIR1RH43MmY1 → 加群成功
2022-06-23 22:02:54 → +22966982593 → https://t.me/+xWeQtRBfjOFkNTA1 → 加群成功
2022-06-23 22:03:11 → +905356458418 → https://t.me/wangbo28 → 加群失败：https://t.me/wangbo28 用户尝试加入的聊天已过期且不再有效（由 ImportChatInviteRequest 引起）
2022-06-23 22:03:30 → 5511969818956 → https://t.me/+l7jVRdfrEh8wNWZh → 加群成功
2022-06-23 22:03:53 → +905353942767 → https://t.me/+d8XzUzLwhhU1YWVl → 加群成功
2022-06-23 22:04:15 → +353899485460 → https://t.me/+0ooyBXIvunM2ODAx → 加群成功
2022-06-23 22:04:30 → +905356526723 → https://t.me/+NZfDxbAhxBRjMmZl → 加群成功
2022-06-23 22:04:55 → 5511967906646 → https://t.me/+h2PiE1mN6nZmN2Vl → 加群成功
2022-06-23 22:05:23 → 84586359306 → https://t.me/+C0RIb6Z0lM8xY2Q1 → 加群失败：https://t.me/+C0RIb6Z0lM8xY2Q1 用户尝试加入的聊天已过期且不再有效（由 ImportChatInviteRequest 引起）
2022-06-23 22:05:48 → 5511961228669 → https://t.me/+hdw-z80muVFjNzFl → 加群成功
2022-06-23 22:06:00 → 5511966779490 → https://t.me/+-HKE3ttySdAxMTk1 → 加群失败：https://t.me/+-HKE3ttySdAxMTk1 用户尝试加入的聊天已过期且不再有效（由 ImportChatInviteRequest 引起）
2022-06-23 22:06:16 → 5511968835278 → https://t.me/+pbakZSSRFjRhNGU1 → 加群成功
2022-06-23 22:06:42 → +218926528532 → https://t.me/+cod7Oy_bjAg5NTk1 → 加群成功
2022-06-23 22:06:58 → +905356359617 → https://t.me/+rUlOEDqXoIM4NDk9 → 加群成功
2022-06-23 22:07:26 → +905356353200 → https://t.me/+GG2gvlA8M2s5Mjgx → 加群成功
2022-06-23 22:07:42 → 5511966735971 → https://t.me/+xBZVwA_bkEY2N2Jl → 加群成功
2022-06-23 22:08:10 → 5511961448505 → https://t.me/+BqdPZFGv9QxjMWI1 → 加群成功
2022-06-23 22:08:37 → 5511954046756 → https://t.me/+Ykhdirg6NcNkYjAx → 加群成功
2022-06-23 22:08:55 → 5511931796605 → https://t.me/+b8osyGrSdOhhZjE9 → 加群成功
2022-06-23 22:09:12 → 5511979992649 → https://t.me/+G-TP1oGwz_UzZTgx → 加群成功
2022-06-23 22:09:30 → 5511946505741 → https://t.me/+X1XfCzCulJplNzJl → 加群成功
2022-06-23 22:10:01 → 5511957049299 → https://t.me/+l1slk5dV5jE3ZjNl → 加群成功
2022-06-23 22:10:23 → 5511967906646 → https://t.me/+coJH9njcTFI3NGJh → 加群成功
2022-06-23 22:10:40 → 5511968835278 → https://t.me/+j1rD3RsKu2A5ZTJl → 加群失败：https://t.me/+j1rD3RsKu2A5ZTJl 用户尝试加入的聊天已过期且不再有效（由 ImportChatInviteRequest 引起）
2022-06-23 22:10:59 → 5511969818956 → https://t.me/+iTHcPS00SzdhMTBh → 加群成功
2022-06-23 22:11:29 → 5511946505741 → https://t.me/+HjBnsQsrMc44ZmNl → 加群成功
2022-06-23 22:11:51 → +22893199300 → https://t.me/+So8ftQcz7V8xMTI5 → 加群成功
2022-06-23 22:12:14 → +22966982593 → https://t.me/+K4hA5oTciaJhNTVl → 加群失败：https://t.me/+K4hA5oTciaJhNTVl 用户尝试加入的聊天已过期且不再有效（由 ImportChatInviteRequest 引起）
2022-06-23 22:12:33 → +905353942767 → https://t.me/+IMTe1XL2eRhmZTQ1 → 加群成功
2022-06-23 22:12:52 → 84586359306 → https://t.me/+qG8NTgtN0akxM2Ex → 加群成功
2022-06-23 22:13:12 → +353899485460 → https://t.me/+Ak8f4ofbKpEzYTU1 → 加群失败：https://t.me/+Ak8f4ofbKpEzYTU1 用户尝试加入的聊天已过期且不再有效（由 ImportChatInviteRequest 引起）
2022-06-23 22:13:35 → 5511954046756 → https://t.me/+umxZ8YEpnEo2MWUx → 加群成功
2022-06-23 22:13:49 → +905356359617 → https://t.me/+iByuoW9T4aMzODVl → 加群成功
2022-06-23 22:14:14 → +218926983497 → https://t.me/+lLRc1DnIS1JhYTc1 → 加群成功
2022-06-23 22:14:29 → 5511961228669 → https://t.me/+dIyaD5HpDJY3Zjk9 → 加群成功
2022-06-23 22:14:52 → +218926528532 → https://t.me/+-FuT5gvc2BwyNzg5 → 加群失败：https://t.me/+-FuT5gvc2BwyNzg5 用户尝试加入的聊天已过期且不再有效（由 ImportChatInviteRequest 引起）
2022-06-23 22:15:06 → 5511966735971 → https://t.me/+jxfLkeV_sRZlZjIx → 加群失败：https://t.me/+jxfLkeV_sRZlZjIx 用户尝试加入的聊天已过期且不再有效（由 ImportChatInviteRequest 引起）
2022-06-23 22:15:25 → 5511946736417 → https://t.me/+KV5UJvJFZadmZjVl → 加群成功
2022-06-23 22:15:52 → +905356526723 → https://t.me/+z9w5abx_AKI3ZDA1 → 加群成功
2022-06-23 22:16:15 → 5511979992649 → https://t.me/+Lh7Vg3j2HBA2ZWRl → 加群成功
2022-06-23 22:16:32 → 5511946811081 → https://t.me/+SIfSmDbixudkMzc1 → 加群成功
2022-06-23 22:16:45 → 5511961085017 → https://t.me/+ssjAgSqpCLI0YzBh → 加群成功
2022-06-23 22:16:57 → +252613734549 → https://t.me/+jIlT6iUJfKBkMzBh → 加群成功
2022-06-23 22:17:17 → +905356458418 → https://t.me/+ZIUaM08xAIhkYmUx → 加群成功
2022-06-23 22:17:33 → 5511931796605 → https://t.me/+oK6peJEVCBgzZjcx → 加群成功
2022-06-23 22:17:56 → 5511961448505 → https://t.me/+j8GV22yY5x5lM2Jh → 加群成功
2022-06-23 22:18:14 → +18768026324 → https://t.me/+aMl_xPUzLu80OGMx → 加群成功
2022-06-23 22:18:44 → 5511966779490 → https://t.me/+YQtg80wqP5NlM2Nh → 加群成功
2022-06-23 22:19:00 → 84586376092 → https://t.me/+5WmtAnMeZpIyMDhh → 加群成功
2022-06-23 22:19:17 → +905356353200 → https://t.me/+4iQgzALLkPowZGFl → 加群成功
2022-06-23 22:19:49 → 5511946505741 → https://t.me/+Z11hDKptzFdjZDZh → 加群成功
2022-06-23 22:20:03 → 5511967906646 → https://t.me/+bOgiT1uFp88xNmQ1 → 加群成功
2022-06-23 22:20:21 → +218926983497 → https://t.me/+dYHMcVJpbBwzMGQ1 → 加群成功
2022-06-23 22:20:41 → 5511961085017 → https://t.me/+mrJcyx4RlCoyZDE9 → 加群成功
2022-06-23 22:21:08 → 5511968835278 → https://t.me/+X98YxeYTiqcxYzA9 → 加群成功
2022-06-23 22:21:37 → +905356458418 → https://t.me/+HHlC3yukCdo0MjBh → 加群成功
2022-06-23 22:22:04 → +18768026324 → https://t.me/+5NQjNc_ygu1jYTYx → 加群成功
2022-06-23 22:22:32 → +905356353200 → https://t.me/+uc5k-JwziZU2MzVh → 加群成功
2022-06-23 22:22:52 → 5511966779490 → https://t.me/+JMW3N_5fjeM5ODk1 → 加群成功
2022-06-23 22:23:13 → 5511954046756 → https://t.me/+jDogamSAXRJmNTJl → 加群成功
2022-06-23 22:23:38 → +252613734549 → https://t.me/+apcxV30gu7M2MjI1 → 加群成功
2022-06-23 22:24:02 → +22893199300 → https://t.me/+b-oj8C33vKU1Yjdl → 加群失败：The authenticated user is already a participant of the chat (caused by ImportChatInviteRequest)
2022-06-23 22:24:28 → 84586376092 → https://t.me/+YI3Dtp8InIthMmU5 → 加群成功
2022-06-23 22:24:52 → 5511969818956 → https://t.me/+G4deUBiLF0g3N2Ux → 加群成功
2022-06-23 22:25:18 → 5511931796605 → https://t.me/+_cUk83u2c1JjNzY1 → 加群成功
2022-06-23 22:25:34 → +905353942767 → https://t.me/+XOH9ZDrzo3I1MzI1 → 加群成功
2022-06-23 22:25:56 → +905356526723 → https://t.me/+foThDdueBzYyOTVh → 加群成功
2022-06-23 22:26:22 → 5511946811081 → https://t.me/+WgZhCn-jDiY2YjRl → 加群成功
2022-06-23 22:26:39 → 5511961228669 → https://t.me/+tVzy-HX20kJiYWY1 → 加群成功
2022-06-23 22:27:06 → 5511957049299 → https://t.me/+BrmgdJH6PSZkNTNh → 加群成功
2022-06-23 22:27:32 → 84586359306 → https://t.me/+-J3EkxDRssplNmQx → 加群失败：https://t.me/+-J3EkxDRssplNmQx 用户尝试加入的聊天已过期且不再有效（由 ImportChatInviteRequest 引起）
2022-06-23 22:27:50 → 5511961448505 → https://t.me/+calyHe56Wm82OTg1 → 加群成功
2022-06-23 22:28:13 → +22966982593 → https://t.me/+wyQoNDjjMBVjNDA1 → 加群成功
2022-06-23 22:28:28 → 5511966735971 → https://t.me/+fAdS-xoI0zJiZTdh → 加群失败：https://t.me/+fAdS-xoI0zJiZTdh 用户尝试加入的聊天已过期且不再有效（由 ImportChatInviteRequest 引起）
2022-06-23 22:28:48 → +905356359617 → https://t.me/+S58Sh-K2alY3Nzdl → 加群成功
2022-06-23 22:29:15 → +218926528532 → https://t.me/+CM8QfiFJeng1OWM1 → 加群成功
2022-06-23 22:29:27 → 5511946736417 → https://t.me/+DM9DYATWVQA2MTlh → 加群成功
2022-06-23 22:29:57 → +353899485460 → https://t.me/+IWYUKU0ocCcwYjMx → 加群成功
2022-06-23 22:30:22 → 5511979992649 → https://t.me/+5gVajc77kDQ0NzI5 → 加群成功
2022-06-23 22:30:54 → +22893199300 → https://t.me/+AeKQBS5VnYFhZjdh → 加群成功
2022-06-23 22:31:17 → +905356359617 → https://t.me/+wXJtiQoohfc2NDJl → 加群成功
2022-06-23 22:31:36 → +353899485460 → https://t.me/+O75V72V3_f9mZDk1 → 加群成功
2022-06-23 22:32:01 → 84586376092 → https://t.me/+0vEKeyH-sKw5NzEx → 加群成功
2022-06-23 22:32:29 → 5511966779490 → https://t.me/+PnwvxbcwQXVjYzE1 → 加群成功
2022-06-23 22:32:47 → 5511946736417 → https://t.me/+rgxcUm5Dp35mYWI1 → 加群失败：https://t.me/+rgxcUm5Dp35mYWI1 用户尝试加入的聊天已过期且不再有效（由 ImportChatInviteRequest 引起）
2022-06-23 22:33:09 → +218926983497 → https://t.me/+LWL438ngyIQxZjQ1 → 加群失败：https://t.me/+LWL438ngyIQxZjQ1 用户尝试加入的聊天已过期且不再有效（由 ImportChatInviteRequest 引起）
2022-06-23 22:33:29 → 5511979992649 → https://t.me/+yB1tBXdqMKFkMGFl → 加群成功
2022-06-23 22:33:58 → 5511966735971 → https://t.me/+Xh2Sw8Abn_w0NzRl → 加群成功
2022-06-23 22:34:21 → +22966982593 → https://t.me/+_co7YJMXqzliMzhh → 加群失败：The authenticated user is already a participant of the chat (caused by ImportChatInviteRequest)
2022-06-23 22:34:38 → 84586359306 → https://t.me/+SZP7LsqR8FI3ZjM1 → 加群成功
2022-06-23 22:34:53 → 5511961228669 → https://t.me/+xoa71RA8zRlkZWE1 → 加群成功
2022-06-23 22:35:13 → +905356353200 → https://t.me/+T-jYQLw4qHozZWU1 → 加群成功
2022-06-23 22:35:31 → 5511967906646 → https://t.me/+67pYhAT5wPcxMDRl → 加群成功
2022-06-23 22:35:56 → +905356526723 → https://t.me/+7NnqHySmWQM2ODU9 → 加群成功
2022-06-23 22:36:10 → 5511969818956 → https://t.me/+4-TIERdkNVVmY2Ix → 加群成功
2022-06-23 22:36:24 → +905353942767 → https://t.me/+ZalvZqpTKQY5ZmVh → 加群成功
2022-06-23 22:36:40 → +252613734549 → https://t.me/+j41eJz9SWtE2YjUx → 加群成功
2022-06-23 22:36:54 → 5511946811081 → https://t.me/+SvCI6c2XlcxlZjQx → 加群成功
2022-06-23 22:37:14 → 5511946505741 → https://t.me/joinchat/EnHBggxtLiaKQHfI_9JPgw → 加群成功
2022-06-23 22:37:26 → +905356458418 → https://t.me/+Sh3VLTGHA9Q3YTdl → 加群成功
2022-06-23 22:37:49 → 5511968835278 → https://t.me/+1s6PDJfhJ_45N2Mx → 加群成功
2022-06-23 22:38:00 → 5511954046756 → https://t.me/+REYpWO1e16djZDUx → 加群成功
2022-06-23 22:38:26 → 5511961085017 → https://t.me/+YhkvVBH2sLNiMmJh → 加群成功
2022-06-23 22:38:46 → 5511961448505 → https://t.me/+uFhQDDWC5a8xOTVh → 加群成功
2022-06-23 22:38:59 → +218926528532 → https://t.me/+Iu_rhvEZnCVjMmNl → 加群成功
2022-06-23 22:39:20 → 5511957049299 → https://t.me/+5qiD_XQNy8ozMmI1 → 加群失败：https://t.me/+5qiD_XQNy8ozMmI1 用户尝试加入的聊天已过期且不再有效（由 ImportChatInviteRequest 引起）
2022-06-23 22:39:32 → +18768026324 → https://t.me/+zp8hQFMQsnIyYTdl → 加群成功
2022-06-23 22:39:54 → 5511931796605 → https://t.me/+iBdNpf3vLzBkOTFl → 加群成功
2022-06-23 22:40:15 → 5511969818956 → https://t.me/+IgxjgT8EJP0wZGI1 → 加群成功
2022-06-23 22:40:31 → 84586359306 → https://t.me/+mXolrdPE2mxhNTdl → 加群成功
2022-06-23 22:40:50 → +905356526723 → https://t.me/+G8wVDtrfGdI3ZTc9 → 加群成功
2022-06-23 22:41:20 → 5511961228669 → https://t.me/+Gla_cs2FNi1kMjc1 → 加群成功
2022-06-23 22:41:45 → 5511946811081 → https://t.me/+WnFY9z024NdiODgx → 加群成功
2022-06-23 22:42:06 → +905356458418 → https://t.me/+KdYb4C34uoowMGJl → 加群成功
2022-06-23 22:42:34 → +905356359617 → https://t.me/+qi9K7Bo2Y8Y3ZWY9 → 加群失败：https://t.me/+qi9K7Bo2Y8Y3ZWY9 用户尝试加入的聊天已过期且不再有效（由 ImportChatInviteRequest 引起）
2022-06-23 22:42:57 → 5511966735971 → https://t.me/+PtpnKT2eF0BkN2Q9 → 加群成功
2022-06-23 22:43:13 → +905353942767 → https://t.me/+zt29tENcz2g4ODA1 → 加群成功
2022-06-23 22:43:25 → 5511979992649 → https://t.me/+IK9rvcCFpyA3YzI9 → 加群成功
2022-06-23 22:43:52 → +252613734549 → https://t.me/+StNEwMqEaUE2NmFl → 加群成功
2022-06-23 22:44:06 → 5511946736417 → https://t.me/+rxfOqtxvW-4wNWVl → 加群成功
2022-06-23 22:44:20 → +22966982593 → https://t.me/+f312-GXF6bI2NDc1 → 加群成功
2022-06-23 22:44:42 → 5511961448505 → https://t.me/+hG4evzI6ZJ84MTA5 → 加群成功
2022-06-23 22:45:02 → 5511946505741 → https://t.me/+F4cgrWsKrcRkMDA9 → 加群成功
2022-06-23 22:45:15 → +218926528532 → https://t.me/+-jAPlPqNLng3NTk1 → 加群失败：https://t.me/+-jAPlPqNLng3NTk1 用户尝试加入的聊天已过期且不再有效（由 ImportChatInviteRequest 引起）
2022-06-23 22:45:34 → 5511931796605 → https://t.me/+YlMJYHBBe0M5ZmMx → 加群成功
2022-06-23 22:46:02 → 5511967906646 → https://t.me/+LO5hAmiN4McyODU1 → 加群成功
2022-06-23 22:46:29 → +22893199300 → https://t.me/+Vr3PW_vRaiY3YjFh → 加群成功
2022-06-23 22:46:53 → 84586376092 → https://t.me/+noFSLnh4gzRmMWM1 → 加群成功
2022-06-23 22:47:07 → 5511954046756 → https://t.me/+UDrX76uyYy82OWEx → 加群成功
2022-06-23 22:47:30 → 5511968835278 → https://t.me/+ADL_14T-XG0yMmE5 → 加群成功
2022-06-23 22:48:00 → +353899485460 → https://t.me/+q9iWwMyPl485YzE1 → 加群成功
2022-06-23 22:48:11 → +18768026324 → https://t.me/+yTmSqvjL6MZhOGM1 → 加群失败：The authenticated user is already a participant of the chat (caused by ImportChatInviteRequest)
2022-06-23 22:48:31 → 5511957049299 → https://t.me/+MSzURb05WsVlZWYx → 加群成功
2022-06-23 23:49:38 → +905353942767 → https://t.me/+b-oj8C33vKU1Yjdl → 加群成功
2022-06-23 23:49:52 → 5511961228669 → https://t.me/+8RnTf-FOZT9iYzRl → 加群成功
2022-06-23 23:50:07 → 5511979992649 → https://t.me/+rxfOqtxvW-4wNWVl → 加群成功
2022-06-23 23:50:34 → 5511957049299 → https://t.me/+mw6XSaYD2eFjYWQx → 加群成功
2022-06-23 23:51:02 → +18768026324 → https://t.me/+xBZVwA_bkEY2N2Jl → 加群成功
2022-06-23 23:51:31 → +905356526723 → https://t.me/+qi9K7Bo2Y8Y3ZWY9 → 加群失败：https://t.me/+qi9K7Bo2Y8Y3ZWY9 用户尝试加入的聊天已过期且不再有效（由 ImportChatInviteRequest 引起）
2022-06-23 23:51:43 → +353899485460 → https://t.me/+X98YxeYTiqcxYzA9 → 加群成功
2022-06-23 23:52:11 → 84586359306 → https://t.me/+xn2eYKH-rlI5N2E5 → 加群成功
2022-06-23 23:52:37 → +218926983497 → https://t.me/+kF5YAHBQ7b8yMDVl → 加群失败：https://t.me/+kF5YAHBQ7b8yMDVl 用户尝试加入的聊天已过期且不再有效（由 ImportChatInviteRequest 引起）
2022-06-23 23:53:04 → +22893199300 → https://t.me/+noFSLnh4gzRmMWM1 → 加群成功
2022-06-23 23:53:34 → 5511946736417 → https://t.me/+gJ-eKM5QJ3YyNzc1 → 加群成功
2022-06-23 23:53:51 → 5511967906646 → https://t.me/+zjwd6Dobyb5hYWM1 → 加群成功
2022-06-23 23:54:05 → 5511969818956 → https://t.me/+feeRJoJYK0EzMTRl → 加群成功
2022-06-23 23:54:17 → 5511961448505 → https://t.me/+HHlC3yukCdo0MjBh → 加群成功
2022-06-23 23:54:31 → 5511931796605 → https://t.me/+Qhz0SfbvEQAzYmFl → 加群成功
2022-06-23 23:54:42 → +905356359617 → https://t.me/+uc5k-JwziZU2MzVh → 加群成功
2022-06-23 23:56:37 → +18768026324 → https://t.me/haojiyou → 加群成功
2022-06-23 23:56:45 → +905356526723 → https://t.me/yxbjx → 加群成功
2022-06-23 23:57:04 → 84586376092 → https://t.me/tg6198 → 加群成功
2022-06-23 23:57:22 → 5511961085017 → https://t.me/xbdb01 → 加群成功
2022-06-23 23:57:40 → 5511979992649 → https://t.me/saltyleo_blog → 加群成功
2022-06-23 23:57:59 → +905353942767 → https://t.me/a1313652 → 加群成功
2022-06-23 23:58:17 → +18768026324 → https://t.me/usdtm → 加群成功
2022-06-23 23:58:35 → +353899485460 → https://t.me/tgdibai168 → 加群成功
2022-06-23 23:58:54 → 5511967906646 → https://t.me/TG12389 → 加群成功
2022-06-23 23:59:12 → 5511961228669 → https://t.me/tghc1 → 加群成功
2022-06-23 23:59:31 → 5511954046756 → https://t.me/pcptm → 加群成功
2022-06-23 23:59:49 → 5511968835278 → https://t.me/OKXGroup_CN → 加群失败：群组禁止访问