
2022-06-28 00:00:08 → 13607498791 → https://t.me/+0vEKeyH-sKw5NzEx → 加群成功
2022-06-28 00:00:28 → 5511961085017 → https://t.me/+j8GV22yY5x5lM2Jh → 加群成功
2022-06-28 00:00:53 → 62881011010022 → https://t.me/+feeRJoJYK0EzMTRl → 加群成功
2022-06-28 00:01:17 → +905356526723 → https://t.me/+cod7Oy_bjAg5NTk1 → 加群成功
2022-06-28 00:01:31 → 5511979992649 → https://t.me/+pImQqG6kee4wZDYx → 加群成功
2022-06-28 00:01:47 → 13526166754 → https://t.me/+MVMDI7oWzDczNmI1 → 加群成功
2022-06-28 00:02:01 → 5501112759757 → https://t.me/+O75V72V3_f9mZDk1 → 加群成功
2022-06-28 00:02:17 → +218926528532 → https://t.me/+fAdS-xoI0zJiZTdh → 加群成功
2022-06-28 00:02:32 → 5511946811081 → https://t.me/+hG4evzI6ZJ84MTA5 → 加群成功
2022-06-28 00:03:07 → 5511931796605 → https://t.me/+9aEGaULesLY4Nzlh → 加群成功
2022-06-28 00:03:31 → 5511946827983 → https://t.me/+_co7YJMXqzliMzhh → 加群成功
2022-06-28 00:03:49 → 84586376092 → https://t.me/+Iu_rhvEZnCVjMmNl → 加群失败：The authenticated user is already a participant of the chat (caused by ImportChatInviteRequest)
2022-06-28 00:04:07 → 5511954046756 → https://t.me/+40-bqGDev2g3NGZl → 加群成功
2022-06-28 00:04:30 → +18768026324 → https://t.me/+HBDkiYv3Y9c2ODM1 → 加群失败：https://t.me/+HBDkiYv3Y9c2ODM1 用户尝试加入的聊天已过期且不再有效（由 ImportChatInviteRequest 引起）
2022-06-28 00:04:51 → 5511957072605 → https://t.me/+APKLYqmdSclhZjU1 → 加群成功
2022-06-28 00:05:12 → 6288224861584 → https://t.me/+VZOVUsJ_CrRiNjI5 → 加群成功
2022-06-28 00:05:47 → 13603618895 → https://t.me/+noFSLnh4gzRmMWM1 → 加群失败：The authenticated user is already a participant of the chat (caused by ImportChatInviteRequest)
2022-06-28 00:06:06 → 13526232045 → https://t.me/+zp8hQFMQsnIyYTdl → 加群成功
2022-06-28 00:06:28 → 13479803524 → https://t.me/+yB1tBXdqMKFkMGFl → 加群成功
2022-06-28 00:06:53 → +905356458418 → https://t.me/+zAh3xoopIn4yYTU5 → 加群成功
2022-06-28 00:07:15 → 5511961448505 → https://t.me/+ZIUaM08xAIhkYmUx → 加群成功
2022-06-28 00:07:44 → 5511966779490 → https://t.me/+2jZp8I80mEIyOGY1 → 加群成功
2022-06-28 00:08:05 → 5511946827983 → https://t.me/+C0RIb6Z0lM8xY2Q1 → 加群失败：https://t.me/+C0RIb6Z0lM8xY2Q1 用户尝试加入的聊天已过期且不再有效（由 ImportChatInviteRequest 引起）
2022-06-28 00:08:20 → 84586376092 → https://t.me/+sEzjSrHVucliNGE1 → 加群成功
2022-06-28 00:08:34 → 13479803524 → https://t.me/+EFZfdCzTGu9iMzcx → 加群成功
2022-06-28 00:08:47 → 13608891691 → https://t.me/+vD11mXSl0Qo1NjBl → 加群成功
2022-06-28 00:09:11 → 5501112759757 → https://t.me/+hwGafTyi3tIxMzc1 → 加群成功
2022-06-28 00:09:32 → 13607173732 → https://t.me/+l7jVRdfrEh8wNWZh → 加群成功
2022-06-28 00:09:55 → 6289508396082 → https://t.me/+jxQcjZH0KvRjY2Jl → 加群成功
2022-06-28 00:10:17 → +201207951279 → https://t.me/+mHS4ouK1WS81ODdl → 加群成功
2022-06-28 00:10:35 → +905356458418 → https://t.me/+YI3Dtp8InIthMmU5 → 加群成功
2022-06-28 00:10:52 → 5511968835278 → https://t.me/+F4cgrWsKrcRkMDA9 → 加群成功
2022-06-28 00:11:12 → 62881011010022 → https://t.me/+xWeQtRBfjOFkNTA1 → 加群成功
2022-06-28 00:11:29 → 13526232045 → https://t.me/+YlMJYHBBe0M5ZmMx → 加群失败：The authenticated user is already a participant of the chat (caused by ImportChatInviteRequest)
2022-06-28 00:11:42 → 13603618895 → https://t.me/+4-TIERdkNVVmY2Ix → 加群失败：The authenticated user is already a participant of the chat (caused by ImportChatInviteRequest)
2022-06-28 00:12:02 → 5511966735971 → https://t.me/+YlQkP6X2f11lZjlh → 加群成功
2022-06-28 00:12:23 → +218926983497 → https://t.me/+boGmQAE3JrBjNTNl → 加群成功
2022-06-28 00:12:36 → 13526166754 → https://t.me/+mrJcyx4RlCoyZDE9 → 加群成功
2022-06-28 00:12:48 → 5511961448505 → https://t.me/+dYHMcVJpbBwzMGQ1 → 加群成功
2022-06-28 00:13:05 → 5511946736417 → https://t.me/joinchat/ITSPv5Bor2M5NjY1 → 加群成功
2022-06-28 00:13:30 → +218926528532 → https://t.me/+ssjAgSqpCLI0YzBh → 加群成功
2022-06-28 00:13:45 → +905356353200 → https://t.me/+TkFX2Ws-6WliNjU9 → 加群成功
2022-06-28 00:14:04 → +18768026324 → https://t.me/+y1X1DHVWX6o0OWQx → 加群成功
2022-06-28 00:14:21 → 5511957072605 → https://t.me/+calyHe56Wm82OTg1 → 加群成功
2022-06-28 00:14:40 → 5511979992649 → https://t.me/+BRUAa2sBGU0zOTQ1 → 加群成功
2022-06-28 00:14:59 → 5511980588137 → https://t.me/+EGVQeuIr3OU0NGI9 → 加群成功
2022-06-28 00:15:11 → 5511954046756 → https://t.me/joinchat/rDC8WhyDHDg0Yzhl → 加群成功
2022-06-28 00:15:29 → 6288224861584 → https://t.me/+t8N8djvNpMozYTUx → 加群成功
2022-06-28 00:15:51 → +905356526723 → https://t.me/+DM9DYATWVQA2MTlh → 加群成功
2022-06-28 00:16:17 → 13607498791 → https://t.me/+IWYUKU0ocCcwYjMx → 加群成功
2022-06-28 00:16:30 → 5511931796605 → https://t.me/+z9w5abx_AKI3ZDA1 → 加群成功
2022-06-28 00:17:10 → 5511961085017 → https://t.me/+Qda8QNJzsX4yNjVl → 加群成功
2022-06-28 00:17:34 → 84586359306 → https://t.me/+q9iWwMyPl485YzE1 → 加群成功
2022-06-28 00:17:53 → 5511969731734 → https://t.me/+uDADliAVzT84ZDRh → 加群失败：https://t.me/+uDADliAVzT84ZDRh 用户尝试加入的聊天已过期且不再有效（由 ImportChatInviteRequest 引起）
2022-06-28 00:18:19 → 6287735040576 → https://t.me/+Xh2Sw8Abn_w0NzRl → 加群成功
2022-06-28 00:18:31 → 5511965461554 → https://t.me/wangbo28 → 加群失败：https://t.me/wangbo28 用户尝试加入的聊天已过期且不再有效（由 ImportChatInviteRequest 引起）
2022-06-28 00:19:01 → 5511962232370 → https://t.me/+7NnqHySmWQM2ODU9 → 加群成功
2022-06-28 00:19:26 → 5511946811081 → https://t.me/+mXolrdPE2mxhNTdl → 加群成功
2022-06-28 00:19:41 → 6288289251969 → https://t.me/+0VaQ-3CUGpBmZjQ1 → 加群成功
2022-06-28 00:20:15 → 5511968835278 → https://t.me/+Qhz0SfbvEQAzYmFl → 加群成功
2022-06-28 00:20:32 → 6287735040576 → https://t.me/+SIfSmDbixudkMzc1 → 加群成功
2022-06-28 00:20:52 → 5511979992649 → https://t.me/+AGovixe_eoE4NDNh → 加群成功
2022-06-28 00:21:32 → +905356353200 → https://t.me/+X_itTArL40g1ZWI5 → 加群失败：https://t.me/+X_itTArL40g1ZWI5 用户尝试加入的聊天已过期且不再有效（由 ImportChatInviteRequest 引起）
2022-06-28 00:21:44 → +218926528532 → https://t.me/+67pYhAT5wPcxMDRl → 加群成功
2022-06-28 00:22:02 → 5511961448505 → https://t.me/+iBdNpf3vLzBkOTFl → 加群成功
2022-06-28 00:22:16 → 5511965461554 → https://t.me/+iByuoW9T4aMzODVl → 加群成功
2022-06-28 00:22:32 → 13479803524 → https://t.me/+71ANa06F0wNmNmJl → 加群成功
2022-06-28 00:22:46 → 62881011010022 → https://t.me/+3gLBjcldb5E1NWY9 → 加群失败：The authenticated user is already a participant of the chat (caused by ImportChatInviteRequest)
2022-06-28 00:23:07 → 5511980588137 → https://t.me/+X1XfCzCulJplNzJl → 加群失败：掉线/或官方销号
2022-06-28 00:23:22 → +905356526723 → https://t.me/+KqByXUbZl6wxM2Nh → 加群失败：掉线/或官方销号
2022-06-28 00:23:30 → 5562992159154 → https://t.me/+wXJtiQoohfc2NDJl → 加群成功
2022-06-28 00:23:44 → 5511946158705 → https://t.me/+gJ-eKM5QJ3YyNzc1 → 加群成功
2022-06-28 00:24:01 → 5511957049299 → https://t.me/+7NnqHySmWQM2ODU9 → 加群失败：掉线/或官方销号
2022-06-28 00:24:19 → 5511980588137 → https://t.me/+QmtEDlDoYLlkMGVl → 加群失败：掉线/或官方销号
2022-06-28 00:24:41 → 5511931146361 → https://t.me/+4-TIERdkNVVmY2Ix → 加群成功
2022-06-28 00:24:56 → 13606658573 → https://t.me/+4bOGsWK-7145MGQ1 → 加群成功
2022-06-28 00:25:19 → 5511980622290 → https://t.me/+kF5YAHBQ7b8yMDVl → 加群失败：掉线/或官方销号
2022-06-28 00:25:41 → 13606027981 → https://t.me/+1s6PDJfhJ_45N2Mx → 加群失败：掉线/或官方销号
2022-06-28 00:25:55 → 13479801129 → https://t.me/+T-jYQLw4qHozZWU1 → 加群失败：掉线/或官方销号
2022-06-28 00:26:19 → 84586376294 → https://t.me/+in9IWOKmArs5ODg5 → 加群失败：掉线/或官方销号
2022-06-28 00:26:40 → 5585999140560 → https://t.me/+So8ftQcz7V8xMTI5 → 加群失败：掉线/或官方销号
2022-06-28 00:27:06 → 13609178317 → https://t.me/joinchat/EnHBggxtLiaKQHfI_9JPgw → 加群失败：掉线/或官方销号
2022-06-28 00:27:20 → 13602158254 → https://t.me/+xWeQtRBfjOFkNTA1 → 加群失败：掉线/或官方销号
2022-06-28 00:27:36 → 13607433057 → https://t.me/+jxfLkeV_sRZlZjIx → 加群失败：https://t.me/+jxfLkeV_sRZlZjIx 用户尝试加入的聊天已过期且不再有效（由 ImportChatInviteRequest 引起）
2022-06-28 00:28:00 → 84586324327 → https://t.me/+-J3EkxDRssplNmQx → 加群失败：掉线/或官方销号
2022-06-28 00:28:21 → 5511961144263 → https://t.me/+aMl_xPUzLu80OGMx → 加群失败：掉线/或官方销号
2022-06-28 00:28:41 → 13602182438 → https://t.me/+k7skOSclEXNkY2M1 → 加群成功
2022-06-28 00:29:06 → 13608377628 → https://t.me/+UDrX76uyYy82OWEx → 加群失败：掉线/或官方销号
2022-06-28 00:29:28 → 84584391085 → https://t.me/+mHS4ouK1WS81ODdl → 加群失败：掉线/或官方销号
2022-06-28 00:29:47 → 5506199498193 → https://t.me/+spzhFF0zV5M1YjZh → 加群成功
2022-06-28 00:29:58 → 13607951438 → https://t.me/+uc5k-JwziZU2MzVh → 加群成功
2022-06-28 00:30:19 → +353899485460 → https://t.me/+iBdNpf3vLzBkOTFl → 加群失败：掉线/或官方销号
2022-06-28 00:30:46 → 5511957044467 → https://t.me/+f312-GXF6bI2NDc1 → 加群成功
2022-06-28 00:31:11 → 5511967906646 → https://t.me/+yB1tBXdqMKFkMGFl → 加群失败：掉线/或官方销号
2022-06-28 00:31:28 → 13607175467 → https://t.me/+qG8NTgtN0akxM2Ex → 加群成功
2022-06-28 00:31:53 → 5511946044550 → https://t.me/+SU2RmtTlLms1YWRl → 加群成功
2022-06-28 00:32:23 → 13607951438 → https://t.me/+YlQkP6X2f11lZjlh → 加群成功
2022-06-28 00:32:39 → 5511946158705 → https://t.me/+bOgiT1uFp88xNmQ1 → 加群成功
2022-06-28 00:33:00 → 5562992159154 → https://t.me/+Ak8f4ofbKpEzYTU1 → 加群成功
2022-06-28 00:33:22 → 13607433057 → https://t.me/+GG2gvlA8M2s5Mjgx → 加群成功
2022-06-28 00:33:36 → 13602182438 → https://t.me/+NZfDxbAhxBRjMmZl → 加群成功
2022-06-28 00:33:51 → 13606658573 → https://t.me/+KdYb4C34uoowMGJl → 加群成功
2022-06-28 00:34:13 → 5511931146361 → https://t.me/+VwDoIE1fU34wNDRl → 加群失败：https://t.me/+VwDoIE1fU34wNDRl 用户尝试加入的聊天已过期且不再有效（由 ImportChatInviteRequest 引起）
2022-06-28 00:34:38 → 5511946044550 → https://t.me/+G4deUBiLF0g3N2Ux → 加群成功
2022-06-28 00:35:00 → 13607175467 → https://t.me/+0kedKOuRB0o1NDMx → 加群成功
2022-06-28 00:35:25 → 5511957044467 → https://t.me/+z9w5abx_AKI3ZDA1 → 加群成功
2022-06-28 00:35:45 → 5506199498193 → https://t.me/+BIb1nofuq6Q5NzY1 → 加群成功
2022-06-28 00:36:07 → 5511946158705 → https://t.me/+j8GV22yY5x5lM2Jh → 加群成功
2022-06-28 00:36:32 → 5511946044550 → https://t.me/+EsOVJtfj7FwyOWUx → 加群成功
2022-06-28 00:36:48 → 5506199498193 → https://t.me/+iTHcPS00SzdhMTBh → 加群成功
2022-06-28 00:37:12 → 5511957044467 → https://t.me/+XA-AFUSIJMBjY2Fh → 加群失败：https://t.me/+XA-AFUSIJMBjY2Fh 用户尝试加入的聊天已过期且不再有效（由 ImportChatInviteRequest 引起）
2022-06-28 00:37:35 → 5511931146361 → https://t.me/+S58Sh-K2alY3Nzdl → 加群成功
2022-06-28 00:37:51 → 13606658573 → https://t.me/+p6YlZXi4WgU0Yzc1 → 加群成功
2022-06-28 00:38:07 → 13607951438 → https://t.me/+Vr3PW_vRaiY3YjFh → 加群成功
2022-06-28 00:38:21 → 13607175467 → https://t.me/+kaP8DGgokxo4NGIx → 加群成功
2022-06-28 00:38:39 → 13607433057 → https://t.me/+O75V72V3_f9mZDk1 → 加群成功
2022-06-28 00:38:56 → 5562992159154 → https://t.me/+d704xN5CSodkN2Vh → 加群成功
2022-06-28 00:39:20 → 13602182438 → https://t.me/+ftCy3AbJQ2FkZTdh → 加群成功
2022-06-28 00:39:45 → 13607951438 → https://t.me/+DM9DYATWVQA2MTlh → 加群成功
2022-06-28 00:40:11 → 5511931146361 → https://t.me/+rUlOEDqXoIM4NDk9 → 加群成功
2022-06-28 00:40:24 → 5511946044550 → https://t.me/+StNEwMqEaUE2NmFl → 加群成功
2022-06-28 00:40:38 → 13602182438 → https://t.me/+BRUAa2sBGU0zOTQ1 → 加群成功
2022-06-28 00:41:04 → 5511957044467 → https://t.me/+A1-zdEEfAu03ZTFl → 加群成功
2022-06-28 00:41:27 → 13607175467 → https://t.me/+YI3Dtp8InIthMmU5 → 加群成功
2022-06-28 00:41:41 → 13607433057 → https://t.me/+wyQoNDjjMBVjNDA1 → 加群成功
2022-06-28 00:41:53 → 5511946158705 → https://t.me/+YlMJYHBBe0M5ZmMx → 加群成功
2022-06-28 00:42:08 → 5562992159154 → https://t.me/+owVJEPVLlZpiOGUx → 加群成功
2022-06-28 00:42:33 → 5506199498193 → https://t.me/+G-TP1oGwz_UzZTgx → 加群成功
2022-06-28 00:42:49 → 13606658573 → https://t.me/+HjBnsQsrMc44ZmNl → 加群成功
2022-06-28 00:43:07 → 5511946158705 → https://t.me/+t8N8djvNpMozYTUx → 加群成功
2022-06-28 00:43:31 → 5511957044467 → https://t.me/+6SR7fONaaVJmNDMx → 加群成功
2022-06-28 00:43:42 → 5562992159154 → https://t.me/+mXolrdPE2mxhNTdl → 加群成功
2022-06-28 00:43:54 → 5511946044550 → https://t.me/+YhkvVBH2sLNiMmJh → 加群成功
2022-06-28 00:44:20 → 13602182438 → https://t.me/+b8osyGrSdOhhZjE9 → 加群成功
2022-06-28 00:44:32 → 13607433057 → https://t.me/+-jAPlPqNLng3NTk1 → 加群失败：https://t.me/+-jAPlPqNLng3NTk1 用户尝试加入的聊天已过期且不再有效（由 ImportChatInviteRequest 引起）
2022-06-28 00:44:47 → 13607951438 → https://t.me/+HBDkiYv3Y9c2ODM1 → 加群成功
2022-06-28 00:45:09 → 5506199498193 → https://t.me/+YQtg80wqP5NlM2Nh → 加群成功
2022-06-28 00:45:25 → 5511931146361 → https://t.me/joinchat/rDC8WhyDHDg0Yzhl → 加群成功
2022-06-28 00:45:37 → 13606658573 → https://t.me/+IK9rvcCFpyA3YzI9 → 加群成功
2022-06-28 00:45:50 → 13607175467 → https://t.me/+cgctxddaCwxhYWM1 → 加群成功
2022-06-28 00:46:23 → 13607951438 → https://t.me/+3gLBjcldb5E1NWY9 → 加群成功
2022-06-28 00:46:41 → 5562992159154 → https://t.me/+SvCI6c2XlcxlZjQx → 加群成功
2022-06-28 00:47:01 → 13606658573 → https://t.me/+Gla_cs2FNi1kMjc1 → 加群成功
2022-06-28 00:47:26 → 5511931146361 → https://t.me/+PtpnKT2eF0BkN2Q9 → 加群成功
2022-06-28 00:47:51 → 13607175467 → https://t.me/+WnFY9z024NdiODgx → 加群成功
2022-06-28 00:48:06 → 5506199498193 → https://t.me/+zt29tENcz2g4ODA1 → 加群成功
2022-06-28 00:48:25 → 13602182438 → https://t.me/+IWYUKU0ocCcwYjMx → 加群成功
2022-06-28 00:48:43 → 13607433057 → https://t.me/+pbakZSSRFjRhNGU1 → 加群成功
2022-06-28 00:48:57 → 5511946158705 → https://t.me/+ssjAgSqpCLI0YzBh → 加群成功
2022-06-28 00:49:15 → 5511946044550 → https://t.me/+qmuwWWOvrME0ODkx → 加群成功
2022-06-28 00:49:36 → 5511957044467 → https://t.me/+hpMJRgdAs5AxMzg1 → 加群成功
2022-06-28 00:50:04 → 5511946044550 → https://t.me/+UbxlM6GKynRhODk1 → 加群成功
2022-06-28 00:50:18 → 5511931146361 → https://t.me/wangbo28 → 加群失败：https://t.me/wangbo28 用户尝试加入的聊天已过期且不再有效（由 ImportChatInviteRequest 引起）
2022-06-28 00:50:31 → 13607175467 → https://t.me/+XAPOpgfM36YxYTk1 → 加群成功
2022-06-28 00:50:55 → 13606658573 → https://t.me/+hdw-z80muVFjNzFl → 加群成功
2022-06-28 00:51:22 → 5511946158705 → https://t.me/+xBZVwA_bkEY2N2Jl → 加群成功
2022-06-28 00:51:43 → 5511957044467 → https://t.me/+ADL_14T-XG0yMmE5 → 加群成功
2022-06-28 00:52:01 → 5506199498193 → https://t.me/+n9nQhpEXAC0yNGU9 → 加群成功
2022-06-28 00:52:27 → 5562992159154 → https://t.me/+zYJQMkPK-txmNTc1 → 加群成功
2022-06-28 00:52:42 → 13602182438 → https://t.me/+JfzYvmEW4bo0ZWRl → 加群成功
2022-06-28 00:52:55 → 13607433057 → https://t.me/+MSzURb05WsVlZWYx → 加群成功
2022-06-28 00:53:17 → 13607951438 → https://t.me/+oK6peJEVCBgzZjcx → 加群成功
2022-06-28 00:53:45 → 5562992159154 → https://t.me/+CM8QfiFJeng1OWM1 → 加群成功
2022-06-28 00:54:11 → 5511957044467 → https://t.me/+PnwvxbcwQXVjYzE1 → 加群成功
2022-06-28 00:54:28 → 13607433057 → https://t.me/+jxQcjZH0KvRjY2Jl → 加群成功
2022-06-28 00:54:53 → 13607951438 → https://t.me/+C0RIb6Z0lM8xY2Q1 → 加群失败：https://t.me/+C0RIb6Z0lM8xY2Q1 用户尝试加入的聊天已过期且不再有效（由 ImportChatInviteRequest 引起）
2022-06-28 00:55:18 → 5511946158705 → https://t.me/+sEzjSrHVucliNGE1 → 加群成功
2022-06-28 00:55:39 → 5511946044550 → https://t.me/+jDogamSAXRJmNTJl → 加群成功
2022-06-28 00:56:02 → 5506199498193 → https://t.me/+cod7Oy_bjAg5NTk1 → 加群成功
2022-06-28 00:56:15 → 13606658573 → https://t.me/+mrJcyx4RlCoyZDE9 → 加群成功
2022-06-28 00:56:29 → 13602182438 → https://t.me/+dIyaD5HpDJY3Zjk9 → 加群成功
2022-06-28 00:56:49 → 5511931146361 → https://t.me/+5gVajc77kDQ0NzI5 → 加群成功
2022-06-28 00:57:15 → 13607175467 → https://t.me/+SEjcrJU4JuIyNzA1 → 加群成功
2022-06-28 00:57:34 → 13607175467 → https://t.me/+uDADliAVzT84ZDRh → 加群失败：https://t.me/+uDADliAVzT84ZDRh 用户尝试加入的聊天已过期且不再有效（由 ImportChatInviteRequest 引起）
2022-06-28 00:57:46 → 5511946158705 → https://t.me/+Ykhdirg6NcNkYjAx → 加群成功
2022-06-28 00:58:06 → 5511931146361 → https://t.me/+4GYip2NBLOphOTVl → 加群成功
2022-06-28 00:58:33 → 13607433057 → https://t.me/+8RnTf-FOZT9iYzRl → 加群成功
2022-06-28 00:58:57 → 5511957044467 → https://t.me/+coJH9njcTFI3NGJh → 加群成功
2022-06-28 00:59:18 → 5511946044550 → https://t.me/+calyHe56Wm82OTg1 → 加群成功
2022-06-28 00:59:44 → 13606658573 → https://t.me/+E7EhI4J4t2BjMTdh → 加群成功
2022-06-28 01:00:02 → 5562992159154 → https://t.me/+5WmtAnMeZpIyMDhh → 加群成功
2022-06-28 01:00:27 → 13607951438 → https://t.me/+KV5UJvJFZadmZjVl → 加群成功
2022-06-28 01:00:50 → 13602182438 → https://t.me/+4t_ZnkZnBxJhYzcx → 加群成功
2022-06-28 01:01:03 → 5506199498193 → https://t.me/+F4cgrWsKrcRkMDA9 → 加群成功
2022-06-28 01:01:29 → 13606658573 → https://t.me/+2hRtaNIomANhZjhl → 加群成功
2022-06-28 01:01:44 → 13607433057 → https://t.me/+LO5hAmiN4McyODU1 → 加群成功
2022-06-28 01:02:11 → 5511931146361 → https://t.me/+SZP7LsqR8FI3ZjM1 → 加群成功
2022-06-28 01:02:37 → 13607951438 → https://t.me/+umxZ8YEpnEo2MWUx → 加群成功
2022-06-28 01:02:54 → 5562992159154 → https://t.me/+K4hA5oTciaJhNTVl → 加群成功
2022-06-28 01:03:20 → 5511946158705 → https://t.me/+Rn0gXKwDBdZiMzhl → 加群成功
2022-06-28 01:03:42 → 13607175467 → https://t.me/+EX5LLMSHNh9iYTQ1 → 加群成功
2022-06-28 01:03:56 → 5511957044467 → https://t.me/+IgxjgT8EJP0wZGI1 → 加群成功
2022-06-28 01:04:16 → 5506199498193 → https://t.me/+_r_1ooupBRoxZTcx → 加群成功
2022-06-28 01:04:40 → 13602182438 → https://t.me/+l1slk5dV5jE3ZjNl → 加群成功
2022-06-28 01:05:01 → 5511946044550 → https://t.me/+ULgadWScDkswN2Q1 → 加群成功
2022-06-28 01:05:26 → 13607433057 → https://t.me/+APKLYqmdSclhZjU1 → 加群成功
2022-06-28 01:05:44 → 5511946158705 → https://t.me/+ZIUaM08xAIhkYmUx → 加群成功
2022-06-28 01:05:55 → 13607175467 → https://t.me/+pImQqG6kee4wZDYx → 加群成功
2022-06-28 01:06:10 → 13606658573 → https://t.me/+2jZp8I80mEIyOGY1 → 加群成功
2022-06-28 01:06:25 → 5511931146361 → https://t.me/+XOH9ZDrzo3I1MzI1 → 加群成功
2022-06-28 01:06:48 → 5511946044550 → https://t.me/+yTmSqvjL6MZhOGM1 → 加群成功
2022-06-28 01:07:10 → 13602182438 → https://t.me/+wUPu96w7BvQ3NTU1 → 加群成功
2022-06-28 01:07:35 → 5506199498193 → https://t.me/+5qiD_XQNy8ozMmI1 → 加群失败：https://t.me/+5qiD_XQNy8ozMmI1 用户尝试加入的聊天已过期且不再有效（由 ImportChatInviteRequest 引起）
2022-06-28 01:07:57 → 5511957044467 → https://t.me/+zjwd6Dobyb5hYWM1 → 加群成功
2022-06-28 01:08:13 → 5562992159154 → https://t.me/+71ANa06F0wNmNmJl → 加群成功
2022-06-28 01:08:30 → 13607951438 → https://t.me/+rgxcUm5Dp35mYWI1 → 加群成功
2022-06-28 01:09:04 → 13607951438 → https://t.me/+Sh3VLTGHA9Q3YTdl → 加群成功
2022-06-28 01:09:30 → 5562992159154 → https://t.me/+LqsBiT_T0DszOWI1 → 加群成功
2022-06-28 01:09:44 → 5511957044467 → https://t.me/+3SrSrS52L785Yjg1 → 加群成功
2022-06-28 01:09:57 → 5506199498193 → https://t.me/+4iQgzALLkPowZGFl → 加群成功
2022-06-28 01:10:23 → 13607175467 → https://t.me/+qi9K7Bo2Y8Y3ZWY9 → 加群失败：https://t.me/+qi9K7Bo2Y8Y3ZWY9 用户尝试加入的聊天已过期且不再有效（由 ImportChatInviteRequest 引起）
2022-06-28 01:10:48 → 13607433057 → https://t.me/+zAh3xoopIn4yYTU5 → 加群成功
2022-06-28 01:11:06 → 5511946044550 → https://t.me/+BSga9DevIIg5YTQ1 → 加群成功
2022-06-28 01:11:29 → 5511946158705 → https://t.me/+uFhQDDWC5a8xOTVh → 加群成功
2022-06-28 01:11:42 → 5511931146361 → https://t.me/+0ooyBXIvunM2ODAx → 加群成功
2022-06-28 01:11:57 → 13606658573 → https://t.me/+0vEKeyH-sKw5NzEx → 加群成功
2022-06-28 01:12:19 → 13602182438 → https://t.me/+iByuoW9T4aMzODVl → 加群成功
2022-06-28 01:12:39 → 5511946044550 → https://t.me/+rxfOqtxvW-4wNWVl → 加群成功
2022-06-28 01:12:57 → 5511957044467 → https://t.me/+apcxV30gu7M2MjI1 → 加群成功
2022-06-28 01:13:11 → 5511946158705 → https://t.me/+K5t6qDH-guk2ZmNl → 加群成功
2022-06-28 01:13:31 → 13607175467 → https://t.me/+_sSpDH9vnQMwNjc9 → 加群成功
2022-06-28 01:13:48 → 13606658573 → https://t.me/+WgZhCn-jDiY2YjRl → 加群成功
2022-06-28 01:14:06 → 5511931146361 → https://t.me/+HHlC3yukCdo0MjBh → 加群成功
2022-06-28 01:14:30 → 13607433057 → https://t.me/+Qda8QNJzsX4yNjVl → 加群成功
2022-06-28 01:14:53 → 5506199498193 → https://t.me/+xn2eYKH-rlI5N2E5 → 加群成功
2022-06-28 01:15:15 → 5562992159154 → https://t.me/+foThDdueBzYyOTVh → 加群成功
2022-06-28 01:15:29 → 13607951438 → https://t.me/+d8XzUzLwhhU1YWVl → 加群成功
2022-06-28 01:15:54 → 13602182438 → https://t.me/+B7AquUh1jWpkNjQx → 加群成功
2022-06-28 01:16:21 → 5511946044550 → https://t.me/+KqByXUbZl6wxM2Nh → 加群成功
2022-06-28 01:16:43 → 5511946158705 → https://t.me/+zp8hQFMQsnIyYTdl → 加群成功
2022-06-28 01:16:58 → 5511931146361 → https://t.me/+REYpWO1e16djZDUx → 加群成功
2022-06-28 01:17:17 → 13607433057 → https://t.me/+AGovixe_eoE4NDNh → 加群成功
2022-06-28 01:17:40 → 13607951438 → https://t.me/+MVMDI7oWzDczNmI1 → 加群成功
2022-06-28 01:18:05 → 5511957044467 → https://t.me/+9aEGaULesLY4Nzlh → 加群成功
2022-06-28 01:18:19 → 13606658573 → https://t.me/+5NQjNc_ygu1jYTYx → 加群成功
2022-06-28 01:18:43 → 13602182438 → https://t.me/+q9iWwMyPl485YzE1 → 加群成功
2022-06-28 01:19:02 → 13607175467 → https://t.me/+40-bqGDev2g3NGZl → 加群成功
2022-06-28 01:19:19 → 5562992159154 → https://t.me/+Zp-g0nkCPK9lMzE1 → 加群成功
2022-06-28 01:19:42 → 5506199498193 → https://t.me/+EFZfdCzTGu9iMzcx → 加群成功
2022-06-28 01:20:04 → 13606658573 → https://t.me/+l7jVRdfrEh8wNWZh → 加群成功
2022-06-28 01:20:19 → 5511946158705 → https://t.me/+X98YxeYTiqcxYzA9 → 加群成功
2022-06-28 01:20:31 → 5511957044467 → https://t.me/+tVzy-HX20kJiYWY1 → 加群成功
2022-06-28 01:20:44 → 5511931146361 → https://t.me/+boGmQAE3JrBjNTNl → 加群成功
2022-06-28 01:20:58 → 13607951438 → https://t.me/+2UbXwZlSXqxiMGIx → 加群成功
2022-06-28 01:21:21 → 5506199498193 → https://t.me/+Qz0ir67LdmQzODM9 → 加群成功
2022-06-28 01:21:37 → 5562992159154 → https://t.me/+r4fE7rGC-tU3YWE1 → 加群成功
2022-06-28 01:22:01 → 13607433057 → https://t.me/+Lh7Vg3j2HBA2ZWRl → 加群成功
2022-06-28 01:22:26 → 13602182438 → https://t.me/+WbJrXuE28703Zjdl → 加群成功
2022-06-28 01:22:49 → 5511946044550 → https://t.me/+_co7YJMXqzliMzhh → 加群成功
2022-06-28 01:23:05 → 13607175467 → https://t.me/+ULwwAMPXqG5iNTI1 → 加群成功
2022-06-28 01:23:23 → 5511946158705 → https://t.me/+-FuT5gvc2BwyNzg5 → 加群失败：https://t.me/+-FuT5gvc2BwyNzg5 用户尝试加入的聊天已过期且不再有效（由 ImportChatInviteRequest 引起）
2022-06-28 01:23:39 → 5506199498193 → https://t.me/+TkFX2Ws-6WliNjU9 → 加群成功
2022-06-28 01:23:53 → 13607433057 → https://t.me/+dYHMcVJpbBwzMGQ1 → 加群成功
2022-06-28 01:24:11 → 5511957044467 → https://t.me/+j41eJz9SWtE2YjUx → 加群成功
2022-06-28 01:24:31 → 13606658573 → https://t.me/+3YZdmBbfzH85MDll → 加群成功
2022-06-28 01:24:48 → 5511931146361 → https://t.me/+9oE0N-acgdo0NTNl → 加群成功
2022-06-28 01:25:01 → 13607951438 → https://t.me/+AeKQBS5VnYFhZjdh → 加群成功
2022-06-28 01:25:17 → 13607175467 → https://t.me/+X_itTArL40g1ZWI5 → 加群失败：https://t.me/+X_itTArL40g1ZWI5 用户尝试加入的聊天已过期且不再有效（由 ImportChatInviteRequest 引起）
2022-06-28 01:25:37 → 13602182438 → https://t.me/+_cUk83u2c1JjNzY1 → 加群成功
2022-06-28 01:25:49 → 5511946044550 → https://t.me/+n18k2BFJNDsxY2Fl → 加群成功
2022-06-28 01:26:05 → 5562992159154 → https://t.me/+0jORkEcjJ0thZDk1 → 加群成功
2022-06-28 01:26:32 → 5511957044467 → https://t.me/+z-xgWFuhbXRiMmU1 → 加群失败：https://t.me/+z-xgWFuhbXRiMmU1 用户尝试加入的聊天已过期且不再有效（由 ImportChatInviteRequest 引起）
2022-06-28 01:26:45 → 5562992159154 → https://t.me/+07AqZIR1RH43MmY1 → 加群成功
2022-06-28 01:27:13 → 5506199498193 → https://t.me/+jEJUf1tx9vw3Yjk1 → 加群成功
2022-06-28 01:27:24 → 13607175467 → https://t.me/+feeRJoJYK0EzMTRl → 加群成功
2022-06-28 01:27:40 → 13602182438 → https://t.me/+l_b3i7oqjn0zMWE1 → 加群成功
2022-06-28 01:28:03 → 5511946044550 → https://t.me/+VZOVUsJ_CrRiNjI5 → 加群成功
2022-06-28 01:28:22 → 13607433057 → https://t.me/+JMW3N_5fjeM5ODk1 → 加群成功
2022-06-28 01:28:40 → 13607951438 → https://t.me/+BrmgdJH6PSZkNTNh → 加群成功
2022-06-28 01:28:58 → 5511931146361 → https://t.me/+Qhz0SfbvEQAzYmFl → 加群成功
2022-06-28 01:29:17 → 5511946158705 → https://t.me/+1450TvdWFDg3ZDlh → 加群成功
2022-06-28 01:29:39 → 13606658573 → https://t.me/+4O_dPR7XAcY5NGQ9 → 加群成功
2022-06-28 01:30:12 → 13607951438 → https://t.me/+vD11mXSl0Qo1NjBl → 加群成功
2022-06-28 01:30:38 → 13606658573 → https://t.me/joinchat/HHeAr1ELdNEOXqw3U8Ts0w → 加群成功
2022-06-28 01:31:01 → 5562992159154 → https://t.me/+noFSLnh4gzRmMWM1 → 加群成功
2022-06-28 01:31:19 → 5511946044550 → https://t.me/+0VaQ-3CUGpBmZjQ1 → 加群成功
2022-06-28 01:31:39 → 13607433057 → https://t.me/+LWL438ngyIQxZjQ1 → 加群成功
2022-06-28 01:32:03 → 5511931146361 → https://t.me/+-HKE3ttySdAxMTk1 → 加群失败：https://t.me/+-HKE3ttySdAxMTk1 用户尝试加入的聊天已过期且不再有效（由 ImportChatInviteRequest 引起）
2022-06-28 01:32:21 → 13602182438 → https://t.me/+y1X1DHVWX6o0OWQx → 加群成功
2022-06-28 01:32:38 → 5506199498193 → https://t.me/+EGVQeuIr3OU0NGI9 → 加群成功
2022-06-28 01:32:55 → 5511946158705 → https://t.me/+IMTe1XL2eRhmZTQ1 → 加群成功
2022-06-28 01:33:12 → 5511957044467 → https://t.me/+hwGafTyi3tIxMzc1 → 加群成功
2022-06-28 01:33:26 → 13607175467 → https://t.me/+Iu_rhvEZnCVjMmNl → 加群成功
2022-06-28 01:33:50 → 5511946044550 → https://t.me/+Hu3nlzXur5djMzg1 → 加群成功
2022-06-28 01:34:13 → 13607175467 → https://t.me/+jrPK9KTLN3k2ODM1 → 加群成功
2022-06-28 01:34:35 → 13606658573 → https://t.me/+mw6XSaYD2eFjYWQx → 加群成功
2022-06-28 01:34:50 → 5562992159154 → https://t.me/+m7Ys3kdhOQ5jODQ1 → 加群成功
2022-06-28 01:35:06 → 13607433057 → https://t.me/+jIlT6iUJfKBkMzBh → 加群成功
2022-06-28 01:35:30 → 5511957044467 → https://t.me/+G8wVDtrfGdI3ZTc9 → 加群成功
2022-06-28 01:35:43 → 13607951438 → https://t.me/+SIfSmDbixudkMzc1 → 加群成功
2022-06-28 01:35:59 → 5511946158705 → https://t.me/+BqdPZFGv9QxjMWI1 → 加群成功
2022-06-28 01:36:25 → 5506199498193 → https://t.me/+fAdS-xoI0zJiZTdh → 加群成功
2022-06-28 01:36:37 → 5511931146361 → https://t.me/+H9LG2jzQBeA4NjMx → 加群成功
2022-06-28 01:36:50 → 13602182438 → https://t.me/+b-oj8C33vKU1Yjdl → 加群成功
2022-06-28 01:37:23 → 5506199498193 → https://t.me/+lLRc1DnIS1JhYTc1 → 加群成功
2022-06-28 01:37:44 → 13606658573 → https://t.me/+Z11hDKptzFdjZDZh → 加群成功
2022-06-28 01:38:08 → 5562992159154 → https://t.me/+X1XfCzCulJplNzJl → 加群成功
2022-06-28 01:38:33 → 13607175467 → https://t.me/+sUuj_TuH_nRhNjE1 → 加群成功
2022-06-28 01:38:50 → 5511931146361 → https://t.me/+67pYhAT5wPcxMDRl → 加群成功
2022-06-28 01:39:13 → 5511946158705 → https://t.me/+-ZBvuqf9AYtkM2Q5 → 加群失败：https://t.me/+-ZBvuqf9AYtkM2Q5 用户尝试加入的聊天已过期且不再有效（由 ImportChatInviteRequest 引起）
2022-06-28 01:39:28 → 5511957044467 → https://t.me/+xoa71RA8zRlkZWE1 → 加群成功
2022-06-28 01:39:48 → 5511946044550 → https://t.me/+ZalvZqpTKQY5ZmVh → 加群成功
2022-06-28 01:40:07 → 13602182438 → https://t.me/+j1rD3RsKu2A5ZTJl → 加群失败：https://t.me/+j1rD3RsKu2A5ZTJl 用户尝试加入的聊天已过期且不再有效（由 ImportChatInviteRequest 引起）
2022-06-28 01:40:30 → 13607951438 → https://t.me/+hG4evzI6ZJ84MTA5 → 加群成功
2022-06-28 01:40:43 → 13607433057 → https://t.me/+54gl7-9CGNExOTQx → 加群成功
2022-06-28 01:41:12 → 13607951438 → https://t.me/joinchat/ITSPv5Bor2M5NjY1 → 加群成功
2022-06-28 01:41:30 → 13606658573 → https://t.me/+aQJcp5R0T3pkZGNl → 加群成功
2022-06-28 01:41:53 → 5511957044467 → https://t.me/+Xh2Sw8Abn_w0NzRl → 加群成功
2022-06-28 01:42:20 → 5562992159154 → https://t.me/+17GH_OvJ9tAwY2Vl → 加群成功
2022-06-28 01:42:34 → 5511946158705 → https://t.me/+h2PiE1mN6nZmN2Vl → 加群成功
2022-06-28 01:42:57 → 13607175467 → https://t.me/joinchat/c1irPtTz-KpmMzZl → 加群成功
2022-06-28 09:06:28 → 5506199498193 → https://t.me/+jxQcjZH0KvRjY2Jl → 加群成功
2022-06-28 09:06:45 → 13607951438 → https://t.me/+Iu_rhvEZnCVjMmNl → 加群成功
2022-06-28 09:07:00 → 13606658573 → https://t.me/+-HKE3ttySdAxMTk1 → 加群失败：https://t.me/+-HKE3ttySdAxMTk1 用户尝试加入的聊天已过期且不再有效（由 ImportChatInviteRequest 引起）
2022-06-28 09:07:26 → 5511946158705 → https://t.me/+_cUk83u2c1JjNzY1 → 加群成功
2022-06-28 09:07:40 → 5511946044550 → https://t.me/+jxfLkeV_sRZlZjIx → 加群失败：https://t.me/+jxfLkeV_sRZlZjIx 用户尝试加入的聊天已过期且不再有效（由 ImportChatInviteRequest 引起）
2022-06-28 09:07:55 → 13607433057 → https://t.me/+jrPK9KTLN3k2ODM1 → 加群成功
2022-06-28 09:08:18 → 13602182438 → https://t.me/+ftCy3AbJQ2FkZTdh → 加群失败：The authenticated user is already a participant of the chat (caused by ImportChatInviteRequest)
2022-06-28 09:08:37 → 5562992159154 → https://t.me/+n18k2BFJNDsxY2Fl → 加群成功
2022-06-28 09:08:58 → 5511957044467 → https://t.me/+IK9rvcCFpyA3YzI9 → 加群成功
2022-06-28 09:09:11 → 5511931146361 → https://t.me/+b8osyGrSdOhhZjE9 → 加群成功
2022-06-28 09:09:30 → 13607175467 → https://t.me/+iBdNpf3vLzBkOTFl → 加群成功
2022-06-28 09:10:02 → 5506199498193 → https://t.me/+Hu3nlzXur5djMzg1 → 加群成功
2022-06-28 09:10:26 → 13602182438 → https://t.me/+XAPOpgfM36YxYTk1 → 加群成功
2022-06-28 09:10:46 → 5511946158705 → https://t.me/+YI3Dtp8InIthMmU5 → 加群成功
2022-06-28 09:11:05 → 13606658573 → https://t.me/+h2PiE1mN6nZmN2Vl → 加群成功
2022-06-28 09:11:21 → 5511957044467 → https://t.me/+G-TP1oGwz_UzZTgx → 加群成功
2022-06-28 09:11:39 → 13607433057 → https://t.me/+hwGafTyi3tIxMzc1 → 加群成功
2022-06-28 09:12:04 → 5562992159154 → https://t.me/+f312-GXF6bI2NDc1 → 加群失败：The authenticated user is already a participant of the chat (caused by ImportChatInviteRequest)
2022-06-28 09:12:29 → 13607175467 → https://t.me/+S58Sh-K2alY3Nzdl → 加群成功
2022-06-28 09:12:44 → 5511946044550 → https://t.me/+j1rD3RsKu2A5ZTJl → 加群失败：https://t.me/+j1rD3RsKu2A5ZTJl 用户尝试加入的聊天已过期且不再有效（由 ImportChatInviteRequest 引起）
2022-06-28 09:13:08 → 5511931146361 → https://t.me/+b-oj8C33vKU1Yjdl → 加群成功
2022-06-28 09:13:34 → 13607951438 → https://t.me/+JfzYvmEW4bo0ZWRl → 加群成功
2022-06-28 09:13:54 → 5506199498193 → https://t.me/+VwDoIE1fU34wNDRl → 加群失败：https://t.me/+VwDoIE1fU34wNDRl 用户尝试加入的聊天已过期且不再有效（由 ImportChatInviteRequest 引起）