
2022-06-27 00:00:04 → 5511965461554 → https://t.me/sanfang53 → 加群成功
2022-06-27 00:00:33 → 5511966735971 → https://t.me/dibai12 → 加群成功
2022-06-27 00:00:48 → 5511980588137 → https://t.me/xysbbs → 加群成功
2022-06-27 00:01:01 → 5511946811081 → https://t.me/qqlsj → 加群成功
2022-06-27 00:01:15 → 13608892420 → https://t.me/tg328 → 加群成功
2022-06-27 00:01:30 → +218926528532 → https://t.me/olddriver_gd → 加群成功
2022-06-27 00:01:44 → +218926983497 → https://t.me/HuNanTG → 加群成功
2022-06-27 00:02:03 → 13526420263 → https://t.me/mla9999 → 加群成功
2022-06-27 00:02:17 → 13526232045 → https://t.me/yidaoshou2 → 加群失败：群组禁止访问
2022-06-27 00:02:28 → +18768026324 → https://t.me/three001 → 加群成功
2022-06-27 00:02:42 → 5511962232370 → https://t.me/BinancePoolChinese → 加群成功
2022-06-27 00:02:57 → 6288224861584 → https://t.me/tg088 → 加群成功
2022-06-27 00:03:11 → 6288289251969 → https://t.me/xcarnival_chinese → 加群成功
2022-06-27 00:03:25 → 13526166754 → https://t.me/pg528 → 加群成功
2022-06-27 00:03:39 → +252613734549 → https://t.me/GouTuiClub → 加群成功
2022-06-27 00:03:56 → 5511957072605 → https://t.me/cndumpschat → 加群失败：Nobody is using this username, or the username is unacceptable. If the latter, it must match r"[a-zA-Z][\w\d]{3,30}[a-zA-Z\d]" (caused by ResolveUsernameRequest)
2022-06-27 00:04:07 → 13608891691 → https://t.me/yyl001 → 加群成功
2022-06-27 00:04:21 → 5511968835278 → https://t.me/zscd18 → 加群成功
2022-06-27 00:04:35 → 5511966779490 → https://t.me/olddrivercd → 加群成功
2022-06-27 00:04:49 → 13607498791 → https://t.me/php_group_cn → 加群成功
2022-06-27 00:05:03 → 13479901723 → https://t.me/fluxdefi → 加群失败：群组禁止访问
2022-06-27 00:05:15 → 6289508396082 → https://t.me/bitcoin_cn → 加群成功
2022-06-27 00:05:28 → 5511946827983 → https://t.me/yangjiangchannel → 加群成功
2022-06-27 00:05:42 → 5501112759757 → https://t.me/fhlmteam → 加群成功
2022-06-27 00:05:56 → +905356526723 → https://t.me/olddrivergd → 加群成功
2022-06-27 00:06:17 → 5511957072605 → https://t.me/feihuaph → 加群成功
2022-06-27 00:06:32 → +905356526723 → https://t.me/daishou15 → 加群成功
2022-06-27 00:07:01 → +905356458418 → https://t.me/phbbs → 加群成功
2022-06-27 00:07:16 → +22966982593 → https://t.me/zscd1 → 加群成功
2022-06-27 00:07:29 → 13526420263 → https://t.me/tronnetworkcn → 加群成功
2022-06-27 00:07:43 → 5511979992649 → https://t.me/xmarspace → 加群成功
2022-06-27 00:07:57 → 13526166754 → https://t.me/jiamidi → 加群成功
2022-06-27 00:08:14 → +252613734549 → https://t.me/huanqian35 → 加群成功
2022-06-27 00:08:43 → 13607498791 → https://t.me/pionexcn → 加群失败：群组禁止访问
2022-06-27 00:08:54 → 13607173732 → https://t.me/CvvinternalOrganization → 加群成功
2022-06-27 00:09:13 → 5511946827983 → https://t.me/ml520 → 加群成功
2022-06-27 00:09:27 → +218926983497 → https://t.me/shenma001 → 加群成功
2022-06-27 00:09:40 → 5511966779490 → https://t.me/usdthuzhu3 → 加群成功
2022-06-27 00:09:54 → 5511966735971 → https://t.me/tg_88888 → 加群成功
2022-06-27 00:10:08 → 13526232045 → https://t.me/dayofdefeatcn → 加群成功
2022-06-27 00:10:22 → 13608891691 → https://t.me/quanqiushouhuo → 加群成功
2022-06-27 00:10:36 → 13479901723 → https://t.me/dijia02 → 加群成功
2022-06-27 00:10:51 → 6287735040576 → https://t.me/dockertutorial → 加群失败：RPCError 400: INVITE_REQUEST_SENT (caused by JoinChannelRequest)
2022-06-27 00:11:02 → 5511962232370 → https://t.me/html66 → 加群成功
2022-06-27 00:11:16 → +905356359617 → https://t.me/ftx_chinese_official → 加群成功
2022-06-27 00:11:31 → +218926528532 → https://t.me/pcptm → 加群成功
2022-06-27 00:11:44 → 13608892420 → https://t.me/linkdyh → 加群成功
2022-06-27 00:11:59 → 6288224861584 → https://t.me/sichouzhilu0 → 加群成功
2022-06-27 00:12:13 → 5511946736417 → https://t.me/flea66 → 加群成功
2022-06-27 00:12:26 → 5511961448505 → https://t.me/tg1949521 → 加群成功
2022-06-27 00:12:40 → 84586359306 → https://t.me/Gm0008 → 加群成功
2022-06-27 00:12:53 → 5511980588137 → https://t.me/aiweisi888 → 加群失败：群组禁止访问
2022-06-27 00:13:05 → 6289508396082 → https://t.me/dibaihrg009 → 加群成功
2022-06-27 00:13:18 → 5511965461554 → https://t.me/db_lm → 加群成功
2022-06-27 00:13:33 → 5511946811081 → https://t.me/justmysockscn → 加群成功
2022-06-27 00:13:50 → +201207951279 → https://t.me/tg006 → 加群成功
2022-06-27 00:14:03 → 13526128355 → https://t.me/im0471 → 加群成功
2022-06-27 00:14:20 → 5511931796605 → https://t.me/iampua → 加群成功
2022-06-27 00:14:33 → 5511968835278 → https://t.me/Socks55555 → 加群成功
2022-06-27 00:14:47 → 13606858594 → https://t.me/yuantoushuju4 → 加群成功
2022-06-27 00:15:02 → 13603618895 → https://t.me/dibai778899 → 加群成功
2022-06-27 00:15:17 → 6288289251969 → https://t.me/yueaijilu → 加群成功
2022-06-27 00:15:30 → 13479803524 → https://t.me/xiaohao2018 → 加群成功
2022-06-27 00:15:45 → 84586376092 → https://t.me/seeyellow → 加群成功
2022-06-27 00:15:58 → 5511954046756 → https://t.me/vfucloud → 加群成功
2022-06-27 00:16:13 → +905356353200 → https://t.me/quanzhangshequ → 加群成功
2022-06-27 00:16:26 → 5511961085017 → https://t.me/nwdr888 → 加群成功
2022-06-27 00:16:41 → +18768026324 → https://t.me/zhenggui → 加群成功
2022-06-27 00:16:58 → 5511969731734 → https://t.me/shenzhencity → 加群成功
2022-06-27 00:17:11 → 5501112759757 → https://t.me/xxup1121 → 加群成功
2022-06-27 00:17:25 → 62881011010022 → https://t.me/polkadotzh → 加群失败：群组禁止访问
2022-06-27 00:17:43 → 5511961085017 → https://t.me/wybf168168 → 加群失败：群组禁止访问
2022-06-27 00:17:55 → 5511946811081 → https://t.me/FHLMTEAM → 加群成功
2022-06-27 00:18:10 → 5511966735971 → https://t.me/chaoxi → 加群成功
2022-06-27 00:18:25 → 13526128355 → https://t.me/AlipayJiFu → 加群成功
2022-06-27 00:18:40 → +218926983497 → https://t.me/zzlsjbyq → 加群成功
2022-06-27 00:18:53 → 5511966779490 → https://t.me/maticnetwork_china → 加群成功
2022-06-27 00:19:08 → +905356359617 → https://t.me/bzzone → 加群成功
2022-06-27 00:19:22 → +201207951279 → https://t.me/shell66666 → 加群成功
2022-06-27 00:19:36 → +905356526723 → https://t.me/HTCOLV → 加群成功
2022-06-27 00:19:50 → 5511954046756 → https://t.me/tg6198 → 加群成功
2022-06-27 00:20:05 → 6288289251969 → https://t.me/tg96110 → 加群成功
2022-06-27 00:20:18 → +18768026324 → https://t.me/zaozhuang1 → 加群成功
2022-06-27 00:20:32 → 5511931796605 → https://t.me/btokofficial_03 → 加群成功
2022-06-27 00:20:47 → +22966982593 → https://t.me/dibaicn → 加群成功
2022-06-27 00:21:03 → 5511962232370 → https://t.me/programertalk → 加群成功
2022-06-27 00:21:18 → +218926528532 → https://t.me/huanxiangyouxi → 加群成功
2022-06-27 00:21:32 → 84586376092 → https://t.me/homeassiant666 → 加群成功
2022-06-27 00:21:45 → 13479803524 → https://t.me/pingan66shop → 加群成功
2022-06-27 00:21:59 → 5511961448505 → https://t.me/BikingChineseGroup → 加群成功
2022-06-27 00:22:13 → 13603618895 → https://t.me/appssweepstakes → 加群成功
2022-06-27 00:22:29 → 5511969731734 → https://t.me/kaiheo → 加群成功
2022-06-27 00:22:45 → +252613734549 → https://t.me/hzaxx → 加群成功
2022-06-27 00:22:58 → 13607498791 → https://t.me/TG907 → 加群成功
2022-06-27 00:23:12 → 5511957072605 → https://t.me/asiaweed → 加群成功
2022-06-27 00:23:26 → 13526166754 → https://t.me/huihui220 → 加群成功
2022-06-27 00:23:40 → 5511946827983 → https://t.me/esmascript6 → 加群成功
2022-06-27 00:23:54 → 5501112759757 → https://t.me/yuehui8 → 加群成功
2022-06-27 00:24:08 → 13608891691 → https://t.me/zhifubaojiefeng → 加群成功
2022-06-27 00:24:23 → 6289508396082 → https://t.me/tfwzclz → 加群成功
2022-06-27 00:24:38 → +905356458418 → https://t.me/ak11828 → 加群成功
2022-06-27 00:24:52 → +905356353200 → https://t.me/paofen1688 → 加群成功
2022-06-27 00:25:05 → 13607173732 → https://t.me/ltq33 → 加群成功
2022-06-27 00:25:19 → 62881011010022 → https://t.me/officelearner → 加群成功
2022-06-27 00:25:35 → 5511965461554 → https://t.me/bkexchinese → 加群成功
2022-06-27 00:25:48 → 5511946736417 → https://t.me/frontend_talk → 加群成功
2022-06-27 00:26:04 → 5511980588137 → https://t.me/raicoincn → 加群成功
2022-06-27 00:26:19 → 6288224861584 → https://t.me/hunantg → 加群成功
2022-06-27 00:26:35 → 13479901723 → https://t.me/daishuvpn → 加群成功
2022-06-27 00:26:50 → 84586359306 → https://t.me/usdtbmw → 加群成功
2022-06-27 00:27:03 → 13606858594 → https://t.me/wy173 → 加群成功
2022-06-27 00:27:17 → 6287735040576 → https://t.me/xxg863 → 加群成功
2022-06-27 00:27:31 → 5511968835278 → https://t.me/fg528 → 加群成功
2022-06-27 00:27:44 → 13526420263 → https://t.me/ysshuju1 → 加群成功
2022-06-27 00:27:57 → 13526232045 → https://t.me/cdshouchang4 → 加群成功
2022-06-27 00:28:11 → 13608892420 → https://t.me/lendhub → 加群成功
2022-06-27 00:28:25 → 5511979992649 → https://t.me/cambodiacn → 加群成功
2022-06-27 00:28:48 → 5511962232370 → https://t.me/tgdl128 → 加群成功
2022-06-27 00:29:02 → +905356353200 → https://t.me/TG188188 → 加群成功
2022-06-27 00:29:16 → 13526166754 → https://t.me/gibxchange_cn → 加群成功
2022-06-27 00:29:30 → 13479803524 → https://t.me/yxbjx → 加群成功
2022-06-27 00:29:44 → +18768026324 → https://t.me/olddriver_cdu → 加群成功
2022-06-27 00:29:58 → +218926983497 → https://t.me/botong002 → 加群成功
2022-06-27 00:30:13 → +252613734549 → https://t.me/KavaChinese → 加群成功
2022-06-27 00:30:26 → 13608891691 → https://t.me/tg0799 → 加群成功
2022-06-27 00:30:41 → 6289508396082 → https://t.me/lkdxqf88 → 加群成功
2022-06-27 00:30:54 → 5511966735971 → https://t.me/ca0505 → 加群成功
2022-06-27 00:31:09 → 62881011010022 → https://t.me/TG55555555555 → 加群成功
2022-06-27 00:31:23 → 5511931796605 → https://t.me/aomenliuhe88 → 加群成功
2022-06-27 00:31:38 → +905356526723 → https://t.me/Fkzy_Group → 加群成功
2022-06-27 00:31:51 → 5511957072605 → https://t.me/xianliao01 → 加群成功
2022-06-27 00:32:05 → 5511946811081 → https://t.me/liuhedadui → 加群成功
2022-06-27 00:32:19 → 5511961448505 → https://t.me/yuantoushuju5 → 加群成功
2022-06-27 00:32:34 → +905356359617 → https://t.me/dbjlq1 → 加群成功
2022-06-27 00:32:47 → 13603618895 → https://t.me/qht888 → 加群失败：Nobody is using this username, or the username is unacceptable. If the latter, it must match r"[a-zA-Z][\w\d]{3,30}[a-zA-Z\d]" (caused by ResolveUsernameRequest)
2022-06-27 00:32:59 → +22966982593 → https://t.me/ziyuan2 → 加群成功
2022-06-27 00:33:14 → +905356458418 → https://t.me/qwerdt1 → 加群成功
2022-06-27 00:33:28 → 84586359306 → https://t.me/coinbetter_cn → 加群失败：No user has "coinbetter_cn" as username
2022-06-27 00:33:40 → +201207951279 → https://t.me/dibai918 → 加群成功
2022-06-27 00:33:54 → 5511946827983 → https://t.me/TGlianmeng002 → 加群成功
2022-06-27 00:34:08 → 13607498791 → https://t.me/zn88666 → 加群成功
2022-06-27 00:34:21 → 6288224861584 → https://t.me/myanmarcn → 加群失败：群组禁止访问
2022-06-27 00:34:34 → 13526232045 → https://t.me/chinadarknet → 加群成功
2022-06-27 00:34:47 → 13607173732 → https://t.me/gif128 → 加群成功
2022-06-27 00:35:01 → 5511979992649 → https://t.me/aofexcn → 加群成功
2022-06-27 00:35:15 → 5511980588137 → https://t.me/dbf6666 → 加群成功
2022-06-27 00:35:29 → 5511946736417 → https://t.me/mayishequ → 加群成功
2022-06-27 00:35:43 → 13608892420 → https://t.me/kedoucloud → 加群成功
2022-06-27 00:35:57 → 13479901723 → https://t.me/heyuedashen1 → 加群成功
2022-06-27 00:36:11 → 5511965461554 → https://t.me/google_win → 加群成功
2022-06-27 00:36:25 → 5511954046756 → https://t.me/socks55555 → 加群失败：群组禁止访问
2022-06-27 00:36:36 → 5511966779490 → https://t.me/usdtdfds → 加群成功
2022-06-27 00:37:05 → 13526420263 → https://t.me/daishou44 → 加群成功
2022-06-27 00:37:20 → 84586376092 → https://t.me/tokaucn → 加群成功
2022-06-27 00:37:33 → 13526128355 → https://t.me/bclm1 → 加群成功
2022-06-27 00:37:48 → 6287735040576 → https://t.me/tg8848community → 加群成功
2022-06-27 00:38:03 → 5501112759757 → https://t.me/guangdongyue → 加群成功
2022-06-27 00:38:17 → 5511969731734 → https://t.me/gboxtg → 加群成功
2022-06-27 00:38:32 → 6288289251969 → https://t.me/xbzijian → 加群成功
2022-06-27 00:38:48 → 13606858594 → https://t.me/qxinw → 加群成功
2022-06-27 00:39:03 → +218926528532 → https://t.me/szhkfun → 加群成功
2022-06-27 00:39:17 → 5511961085017 → https://t.me/TG110 → 加群成功
2022-06-27 00:39:31 → 5511968835278 → https://t.me/fw866 → 加群成功
2022-06-27 00:39:52 → +905356458418 → https://t.me/njwwjpxc → 加群成功
2022-06-27 00:40:05 → 5511961448505 → https://t.me/australiasydneychat → 加群失败：群组禁止访问
2022-06-27 00:40:16 → 5511969731734 → https://t.me/doge88 → 加群成功
2022-06-27 00:40:31 → +22966982593 → https://t.me/dibai8880 → 加群成功
2022-06-27 00:40:44 → 13479803524 → https://t.me/bacommu → 加群成功
2022-06-27 00:40:59 → 5511957072605 → https://t.me/xmsji → 加群成功
2022-06-27 00:41:13 → 62881011010022 → https://t.me/kachahu → 加群成功
2022-06-27 00:41:27 → 5511980588137 → https://t.me/juliang666 → 加群成功
2022-06-27 00:41:41 → 13526232045 → https://t.me/www589qkcom → 加群成功
2022-06-27 00:41:55 → 13606858594 → https://t.me/huizhouqun → 加群成功
2022-06-27 00:42:09 → 5511931796605 → https://t.me/discussimmigration → 加群成功
2022-06-27 00:42:23 → 13607498791 → https://t.me/goutuiclub → 加群成功
2022-06-27 00:42:40 → +905356353200 → https://t.me/kaihesoft → 加群成功
2022-06-27 00:42:55 → 6289508396082 → https://t.me/ssunion → 加群成功
2022-06-27 00:43:08 → 13526420263 → https://t.me/mikebill888 → 加群成功
2022-06-27 00:43:21 → 13479901723 → https://t.me/tuishouLL01 → 加群成功
2022-06-27 00:43:36 → 13526128355 → https://t.me/zhongshandidi → 加群成功
2022-06-27 00:43:50 → 84586359306 → https://t.me/btokcn_0016 → 加群成功
2022-06-27 00:44:03 → 13603618895 → https://t.me/Zoey052697 → 加群成功
2022-06-27 00:44:18 → 6287735040576 → https://t.me/binance_api_chinese → 加群成功
2022-06-27 00:44:31 → 5511961085017 → https://t.me/TG006 → 加群成功
2022-06-27 00:44:45 → 5511966735971 → https://t.me/binzhouqun → 加群成功
2022-06-27 00:44:59 → +201207951279 → https://t.me/v2rayn → 加群成功
2022-06-27 00:45:13 → 5511946811081 → https://t.me/olddriver_fs → 加群成功
2022-06-27 00:45:27 → 5511946736417 → https://t.me/balance863 → 加群成功
2022-06-27 00:45:41 → 13526166754 → https://t.me/shuju888666 → 加群成功
2022-06-27 00:45:54 → 13607173732 → https://t.me/PHMAKA107 → 加群成功
2022-06-27 00:46:09 → 84586376092 → https://t.me/dhjlq → 加群成功
2022-06-27 00:46:24 → +905356526723 → https://t.me/server699 → 加群成功
2022-06-27 00:46:39 → 6288224861584 → https://t.me/DIP9188 → 加群成功
2022-06-27 00:46:53 → 5511962232370 → https://t.me/OKXGroup_CN → 加群成功
2022-06-27 00:47:06 → +905356359617 → https://t.me/gdr666 → 加群失败：Cannot cast InputPeerUser to any kind of InputChannel.
2022-06-27 00:47:18 → 5511968835278 → https://t.me/galaxyheroescn → 加群成功
2022-06-27 00:47:33 → +218926983497 → https://t.me/changsha_dev → 加群成功
2022-06-27 00:47:46 → 5511954046756 → https://t.me/haojing168 → 加群成功
2022-06-27 00:47:59 → 5511966779490 → https://t.me/zhifu7788 → 加群成功
2022-06-27 00:48:14 → 5501112759757 → https://t.me/Shore999888 → 加群成功
2022-06-27 00:48:28 → 13608891691 → https://t.me/network50_chat → 加群成功
2022-06-27 00:48:46 → 6288289251969 → https://t.me/b12306 → 加群成功
2022-06-27 00:49:00 → 5511946827983 → https://t.me/se_talk → 加群成功
2022-06-27 00:49:13 → 13608892420 → https://t.me/ys52111 → 加群成功
2022-06-27 00:49:27 → +218926528532 → https://t.me/TG0188 → 加群成功
2022-06-27 00:49:41 → 5511979992649 → https://t.me/fhaak8 → 加群成功
2022-06-27 00:49:59 → 5511965461554 → https://t.me/zb_support → 加群成功
2022-06-27 00:50:14 → +252613734549 → https://t.me/universityalliance → 加群成功
2022-06-27 00:50:31 → +18768026324 → https://t.me/hi_Official_Chinese → 加群成功
2022-06-27 00:50:51 → 13608892420 → https://t.me/ai699 → 加群成功
2022-06-27 00:51:05 → 5501112759757 → https://t.me/A_K_3A → 加群成功
2022-06-27 00:51:20 → 6289508396082 → https://t.me/P541888888 → 加群成功
2022-06-27 00:51:33 → 6287735040576 → https://t.me/tg_king80 → 加群成功
2022-06-27 00:51:48 → 84586376092 → https://t.me/avnrichchinese_chat → 加群成功
2022-06-27 00:52:01 → 5511961085017 → https://t.me/wubuxianjingziyuan → 加群成功
2022-06-27 00:52:17 → 5511965461554 → https://t.me/TG12389 → 加群成功
2022-06-27 00:52:32 → 6288289251969 → https://t.me/yugzf → 加群成功
2022-06-27 00:52:46 → 5511961448505 → https://t.me/beiluochat → 加群成功
2022-06-27 00:53:01 → 13479901723 → https://t.me/shore999888 → 加群失败：群组禁止访问
2022-06-27 00:53:12 → 13526420263 → https://t.me/qingroup → 加群成功
2022-06-27 00:53:27 → 13608891691 → https://t.me/daishoujiaoyi → 加群成功
2022-06-27 00:53:40 → 5511957072605 → https://t.me/Sz1888 → 加群成功
2022-06-27 00:53:55 → +218926983497 → https://t.me/blsq55 → 加群成功
2022-06-27 00:54:08 → 13603618895 → https://t.me/dmzf8 → 加群成功
2022-06-27 00:54:25 → 5511966779490 → https://t.me/weikang2020 → 加群成功
2022-06-27 00:54:38 → 5511946736417 → https://t.me/diyidaifu → 加群成功
2022-06-27 00:54:52 → 13526128355 → https://t.me/qianmin → 加群成功
2022-06-27 00:55:07 → +905356359617 → https://t.me/QQXGQQ → 加群成功
2022-06-27 00:55:20 → 13526166754 → https://t.me/tcelue1 → 加群失败：群组禁止访问
2022-06-27 00:55:31 → 13479803524 → https://t.me/lasihaima266 → 加群成功
2022-06-27 00:55:46 → +905356526723 → https://t.me/myfreevpn → 加群成功
2022-06-27 00:55:59 → 62881011010022 → https://t.me/tiandeng88 → 加群成功
2022-06-27 00:56:13 → 5511946811081 → https://t.me/nbydxyk1 → 加群成功
2022-06-27 00:56:27 → 5511931796605 → https://t.me/tg148 → 加群成功
2022-06-27 00:56:41 → 13606858594 → https://t.me/light_up_comm → 加群成功
2022-06-27 00:56:56 → +252613734549 → https://t.me/hi628 → 加群成功
2022-06-27 00:57:13 → 84586359306 → https://t.me/chatssr → 加群成功
2022-06-27 00:57:27 → +905356353200 → https://t.me/tianziusdt → 加群成功
2022-06-27 00:57:42 → +218926528532 → https://t.me/allswapcn → 加群成功
2022-06-27 00:57:56 → +201207951279 → https://t.me/zhuhai9 → 加群成功
2022-06-27 00:58:12 → 13526232045 → https://t.me/deep3695 → 加群成功
2022-06-27 00:58:27 → +905356458418 → https://t.me/laowangdan → 加群成功
2022-06-27 00:58:41 → 5511979992649 → https://t.me/paofen315 → 加群成功
2022-06-27 00:58:56 → +22966982593 → https://t.me/akkcloud → 加群成功
2022-06-27 00:59:12 → 5511966735971 → https://t.me/gdsjq → 加群成功
2022-06-27 00:59:26 → 5511980588137 → https://t.me/wuhpay → 加群成功
2022-06-27 00:59:40 → 13607173732 → https://t.me/pingan66chadang → 加群成功
2022-06-27 00:59:54 → 5511969731734 → https://t.me/axujj → 加群成功
2022-06-27 01:00:08 → 5511946827983 → https://t.me/fwbzy → 加群成功
2022-06-27 01:00:22 → 5511954046756 → https://t.me/AlgorandFoundationCN → 加群成功
2022-06-27 01:00:43 → 5511962232370 → https://t.me/gz3388 → 加群成功
2022-06-27 01:01:13 → 13607498791 → https://t.me/MDhuaren1 → 加群成功
2022-06-27 01:01:27 → 5511968835278 → https://t.me/tglianmeng002 → 加群成功
2022-06-27 01:01:41 → +18768026324 → https://t.me/tgdibai168 → 加群成功
2022-06-27 01:01:56 → 6288224861584 → https://t.me/zfb_qq → 加群成功
2022-06-27 01:02:15 → 5511979992649 → https://t.me/otcfl → 加群成功
2022-06-27 01:02:30 → 5501112759757 → https://t.me/si1688 → 加群成功
2022-06-27 01:02:44 → +252613734549 → https://t.me/hgmhxz → 加群成功
2022-06-27 01:02:57 → 13608892420 → https://t.me/fastfish2 → 加群成功
2022-06-27 01:03:13 → 5511946811081 → https://t.me/ckidc666 → 加群失败：群组禁止访问
2022-06-27 01:03:24 → 13526128355 → https://t.me/sq577 → 加群成功
2022-06-27 01:03:38 → 5511957072605 → https://t.me/InWebDarkNET → 加群成功
2022-06-27 01:03:52 → 5511961085017 → https://t.me/tg108 → 加群成功
2022-06-27 01:04:05 → 13479803524 → https://t.me/monstainfinitechinese → 加群成功
2022-06-27 01:04:19 → 13607498791 → https://t.me/BKEXChinese → 加群成功
2022-06-27 01:04:32 → 84586376092 → https://t.me/btokcn_0014 → 加群成功
2022-06-27 01:04:46 → 13603618895 → https://t.me/dfsdaeaw → 加群失败：Nobody is using this username, or the username is unacceptable. If the latter, it must match r"[a-zA-Z][\w\d]{3,30}[a-zA-Z\d]" (caused by ResolveUsernameRequest)
2022-06-27 01:04:57 → 13479901723 → https://t.me/bozaiweb → 加群失败：群组禁止访问
2022-06-27 01:05:09 → 6288224861584 → https://t.me/ccv348 → 加群成功
2022-06-27 01:05:22 → 84586359306 → https://t.me/huaxingyl8 → 加群失败：No user has "huaxingyl8" as username
2022-06-27 01:05:34 → 13607173732 → https://t.me/radiocacaasian → 加群成功
2022-06-27 01:05:47 → 5511946827983 → https://t.me/jfoisjfiodvfd → 加群成功
2022-06-27 01:06:01 → 5511962232370 → https://t.me/fw992 → 加群成功
2022-06-27 01:06:15 → +22966982593 → https://t.me/DBhuaren1 → 加群成功
2022-06-27 01:06:29 → 6289508396082 → https://t.me/liang1112233 → 加群成功
2022-06-27 20:33:31 → 13526128355 → https://t.me/+WnFY9z024NdiODgx → 加群失败：掉线/或官方销号
2022-06-27 20:34:00 → 5511980588137 → https://t.me/+So8ftQcz7V8xMTI5 → 加群成功
2022-06-27 20:34:14 → 13607498791 → https://t.me/+n9nQhpEXAC0yNGU9 → 加群成功
2022-06-27 20:34:30 → 84586376092 → https://t.me/+UDrX76uyYy82OWEx → 加群成功
2022-06-27 20:35:21 → 5511966735971 → https://t.me/+jxfLkeV_sRZlZjIx → 加群失败：https://t.me/+jxfLkeV_sRZlZjIx 用户尝试加入的聊天已过期且不再有效（由 ImportChatInviteRequest 引起）
2022-06-27 20:35:42 → 5511931796605 → https://t.me/+SU2RmtTlLms1YWRl → 加群成功
2022-06-27 20:36:09 → +201207951279 → https://t.me/+VwDoIE1fU34wNDRl → 加群失败：https://t.me/+VwDoIE1fU34wNDRl 用户尝试加入的聊天已过期且不再有效（由 ImportChatInviteRequest 引起）
2022-06-27 20:36:38 → 6289508396082 → https://t.me/+xn2eYKH-rlI5N2E5 → 加群成功
2022-06-27 20:36:59 → 13603618895 → https://t.me/+jxQcjZH0KvRjY2Jl → 加群成功
2022-06-27 20:37:22 → 84586359306 → https://t.me/+dYHMcVJpbBwzMGQ1 → 加群成功
2022-06-27 20:37:46 → +218926983497 → https://t.me/+owVJEPVLlZpiOGUx → 加群成功
2022-06-27 20:38:13 → 5511946827983 → https://t.me/+ftCy3AbJQ2FkZTdh → 加群成功
2022-06-27 20:38:27 → 13526420263 → https://t.me/+n18k2BFJNDsxY2Fl → 加群失败：掉线/或官方销号
2022-06-27 20:38:39 → 13608891691 → https://t.me/+K4hA5oTciaJhNTVl → 加群成功
2022-06-27 20:39:05 → +905356526723 → https://t.me/+EX5LLMSHNh9iYTQ1 → 加群成功
2022-06-27 20:39:34 → 13607173732 → https://t.me/+-ZBvuqf9AYtkM2Q5 → 加群失败：https://t.me/+-ZBvuqf9AYtkM2Q5 用户尝试加入的聊天已过期且不再有效（由 ImportChatInviteRequest 引起）
2022-06-27 20:40:01 → 5511962232370 → https://t.me/+X1XfCzCulJplNzJl → 加群成功
2022-06-27 20:40:28 → 13479901723 → https://t.me/+EFZfdCzTGu9iMzcx → 加群失败：掉线/或官方销号
2022-06-27 20:40:57 → 5511957072605 → https://t.me/+yB1tBXdqMKFkMGFl → 加群成功
2022-06-27 20:41:12 → 5501112759757 → https://t.me/+Qda8QNJzsX4yNjVl → 加群成功
2022-06-27 20:41:29 → 5511965461554 → https://t.me/+X98YxeYTiqcxYzA9 → 加群成功
2022-06-27 20:41:44 → 5511961448505 → https://t.me/+wyQoNDjjMBVjNDA1 → 加群成功
2022-06-27 20:42:06 → 6287735040576 → https://t.me/+KqByXUbZl6wxM2Nh → 加群成功
2022-06-27 20:42:21 → 5511969731734 → https://t.me/+uFhQDDWC5a8xOTVh → 加群成功
2022-06-27 20:42:36 → 5511954046756 → https://t.me/+XOH9ZDrzo3I1MzI1 → 加群成功
2022-06-27 20:43:03 → 13526232045 → https://t.me/+ZalvZqpTKQY5ZmVh → 加群成功
2022-06-27 20:43:23 → +18768026324 → https://t.me/+l7jVRdfrEh8wNWZh → 加群成功
2022-06-27 20:43:39 → +905356353200 → https://t.me/+SvCI6c2XlcxlZjQx → 加群成功
2022-06-27 20:44:00 → 13608892420 → https://t.me/+qmuwWWOvrME0ODkx → 加群失败：掉线/或官方销号
2022-06-27 20:44:22 → 13479803524 → https://t.me/+zt29tENcz2g4ODA1 → 加群成功
2022-06-27 20:44:41 → 6288289251969 → https://t.me/+0kedKOuRB0o1NDMx → 加群成功
2022-06-27 20:45:00 → 6288224861584 → https://t.me/+yTmSqvjL6MZhOGM1 → 加群成功
2022-06-27 20:45:26 → +905356458418 → https://t.me/+uc5k-JwziZU2MzVh → 加群成功
2022-06-27 20:45:54 → 5511968835278 → https://t.me/+coJH9njcTFI3NGJh → 加群成功
2022-06-27 20:46:29 → 13606858594 → https://t.me/+xoa71RA8zRlkZWE1 → 加群失败：掉线/或官方销号
2022-06-27 20:46:51 → 5511961085017 → https://t.me/+3SrSrS52L785Yjg1 → 加群成功
2022-06-27 20:47:30 → 5511946811081 → https://t.me/+EGVQeuIr3OU0NGI9 → 加群成功
2022-06-27 20:47:54 → +218926528532 → https://t.me/wangbo28 → 加群失败：https://t.me/wangbo28 用户尝试加入的聊天已过期且不再有效（由 ImportChatInviteRequest 引起）
2022-06-27 20:48:23 → 5511946736417 → https://t.me/+ULwwAMPXqG5iNTI1 → 加群成功
2022-06-27 20:48:50 → 5511979992649 → https://t.me/+-jAPlPqNLng3NTk1 → 加群失败：https://t.me/+-jAPlPqNLng3NTk1 用户尝试加入的聊天已过期且不再有效（由 ImportChatInviteRequest 引起）
2022-06-27 20:49:11 → 62881011010022 → https://t.me/+BqdPZFGv9QxjMWI1 → 加群成功
2022-06-27 20:49:29 → 5511966779490 → https://t.me/+4O_dPR7XAcY5NGQ9 → 加群成功
2022-06-27 20:49:57 → 13526166754 → https://t.me/+xBZVwA_bkEY2N2Jl → 加群成功
2022-06-27 20:50:20 → 5511966779490 → https://t.me/+E7EhI4J4t2BjMTdh → 加群成功
2022-06-27 20:50:34 → 5511968835278 → https://t.me/+_co7YJMXqzliMzhh → 加群成功
2022-06-27 20:51:02 → 5511969731734 → https://t.me/+YlQkP6X2f11lZjlh → 加群成功
2022-06-27 20:51:24 → 84586376092 → https://t.me/+PnwvxbcwQXVjYzE1 → 加群成功
2022-06-27 20:51:53 → 5511961448505 → https://t.me/+YQtg80wqP5NlM2Nh → 加群成功
2022-06-27 20:52:15 → +905356458418 → https://t.me/+cod7Oy_bjAg5NTk1 → 加群成功
2022-06-27 20:52:39 → 5511980588137 → https://t.me/+YI3Dtp8InIthMmU5 → 加群成功
2022-06-27 20:53:01 → 5511962232370 → https://t.me/+in9IWOKmArs5ODg5 → 加群成功
2022-06-27 20:53:27 → 6287735040576 → https://t.me/+umxZ8YEpnEo2MWUx → 加群成功
2022-06-27 20:53:40 → 13526166754 → https://t.me/+54gl7-9CGNExOTQx → 加群成功
2022-06-27 20:54:03 → 5511954046756 → https://t.me/+4GYip2NBLOphOTVl → 加群成功
2022-06-27 20:54:23 → +905356526723 → https://t.me/+ssjAgSqpCLI0YzBh → 加群成功
2022-06-27 20:54:41 → 13607173732 → https://t.me/+l1slk5dV5jE3ZjNl → 加群成功
2022-06-27 20:55:35 → +218926528532 → https://t.me/+t8N8djvNpMozYTUx → 加群失败：https://t.me/+t8N8djvNpMozYTUx 用户尝试加入的聊天已过期且不再有效（由 ImportChatInviteRequest 引起）
2022-06-27 20:56:03 → 5511965461554 → https://t.me/+vD11mXSl0Qo1NjBl → 加群成功
2022-06-27 20:56:45 → 13526232045 → https://t.me/+jIlT6iUJfKBkMzBh → 加群成功
2022-06-27 20:57:13 → 6289508396082 → https://t.me/+6SR7fONaaVJmNDMx → 加群成功
2022-06-27 20:57:34 → +201207951279 → https://t.me/+IgxjgT8EJP0wZGI1 → 加群成功
2022-06-27 20:57:51 → 13607498791 → https://t.me/+gJ-eKM5QJ3YyNzc1 → 加群成功
2022-06-27 20:58:03 → 5511946736417 → https://t.me/+HBDkiYv3Y9c2ODM1 → 加群成功
2022-06-27 20:58:18 → 84586359306 → https://t.me/+KV5UJvJFZadmZjVl → 加群成功
2022-06-27 20:58:38 → 5501112759757 → https://t.me/+ADL_14T-XG0yMmE5 → 加群成功
2022-06-27 20:58:59 → 5511961085017 → https://t.me/+hpMJRgdAs5AxMzg1 → 加群成功
2022-06-27 20:59:18 → 5511957072605 → https://t.me/+AeKQBS5VnYFhZjdh → 加群成功
2022-06-27 20:59:38 → +218926983497 → https://t.me/+apcxV30gu7M2MjI1 → 加群成功
2022-06-27 21:00:02 → 13608891691 → https://t.me/+H9LG2jzQBeA4NjMx → 加群成功
2022-06-27 21:00:28 → 6288289251969 → https://t.me/+aMl_xPUzLu80OGMx → 加群成功
2022-06-27 21:00:39 → 5511946827983 → https://t.me/+oK6peJEVCBgzZjcx → 加群成功
2022-06-27 21:01:05 → 13479803524 → https://t.me/+Vr3PW_vRaiY3YjFh → 加群成功
2022-06-27 21:01:22 → +18768026324 → https://t.me/+cgctxddaCwxhYWM1 → 加群成功
2022-06-27 21:01:50 → 5511931796605 → https://t.me/+9oE0N-acgdo0NTNl → 加群成功
2022-06-27 21:02:20 → 5511966735971 → https://t.me/+iTHcPS00SzdhMTBh → 加群成功
2022-06-27 21:02:32 → +905356353200 → https://t.me/+noFSLnh4gzRmMWM1 → 加群成功
2022-06-27 21:02:52 → 6288224861584 → https://t.me/+m7Ys3kdhOQ5jODQ1 → 加群成功
2022-06-27 21:03:04 → 62881011010022 → https://t.me/+3gLBjcldb5E1NWY9 → 加群成功
2022-06-27 21:03:24 → 5511979992649 → https://t.me/+IWYUKU0ocCcwYjMx → 加群成功
2022-06-27 21:03:45 → 5511946811081 → https://t.me/+pbakZSSRFjRhNGU1 → 加群成功
2022-06-27 21:03:58 → 13603618895 → https://t.me/+4-TIERdkNVVmY2Ix → 加群成功
2022-06-27 21:04:26 → +201207951279 → https://t.me/+BRUAa2sBGU0zOTQ1 → 加群成功
2022-06-27 21:04:38 → 5511966735971 → https://t.me/+NZfDxbAhxBRjMmZl → 加群成功
2022-06-27 21:04:51 → 6287735040576 → https://t.me/+mrJcyx4RlCoyZDE9 → 加群成功
2022-06-27 21:05:10 → 5511946827983 → https://t.me/+Z11hDKptzFdjZDZh → 加群成功
2022-06-27 21:05:35 → 13608891691 → https://t.me/+r4fE7rGC-tU3YWE1 → 加群成功
2022-06-27 21:05:54 → 5511966779490 → https://t.me/+IMTe1XL2eRhmZTQ1 → 加群成功
2022-06-27 21:06:19 → 13607173732 → https://t.me/+Ykhdirg6NcNkYjAx → 加群成功
2022-06-27 21:06:41 → 5511980588137 → https://t.me/+QmtEDlDoYLlkMGVl → 加群成功
2022-06-27 21:07:01 → 6289508396082 → https://t.me/+l_b3i7oqjn0zMWE1 → 加群成功
2022-06-27 21:07:21 → 13526232045 → https://t.me/+dIyaD5HpDJY3Zjk9 → 加群成功
2022-06-27 21:07:33 → +905356353200 → https://t.me/+hG4evzI6ZJ84MTA5 → 加群成功
2022-06-27 21:07:45 → 5511961085017 → https://t.me/+rgxcUm5Dp35mYWI1 → 加群成功
2022-06-27 21:08:11 → 5511957072605 → https://t.me/+kF5YAHBQ7b8yMDVl → 加群失败：https://t.me/+kF5YAHBQ7b8yMDVl 用户尝试加入的聊天已过期且不再有效（由 ImportChatInviteRequest 引起）
2022-06-27 21:08:26 → 6288289251969 → https://t.me/+MSzURb05WsVlZWYx → 加群成功
2022-06-27 21:08:47 → 5511969731734 → https://t.me/+Zp-g0nkCPK9lMzE1 → 加群成功
2022-06-27 21:09:14 → +218926528532 → https://t.me/+JfzYvmEW4bo0ZWRl → 加群失败：https://t.me/+JfzYvmEW4bo0ZWRl 用户尝试加入的聊天已过期且不再有效（由 ImportChatInviteRequest 引起）
2022-06-27 21:09:43 → 6288224861584 → https://t.me/+iBdNpf3vLzBkOTFl → 加群成功
2022-06-27 21:10:04 → +905356526723 → https://t.me/+LO5hAmiN4McyODU1 → 加群成功
2022-06-27 21:10:33 → 13479803524 → https://t.me/+1450TvdWFDg3ZDlh → 加群成功
2022-06-27 21:10:56 → 5511946736417 → https://t.me/+z9w5abx_AKI3ZDA1 → 加群成功
2022-06-27 21:11:14 → 5511968835278 → https://t.me/+iByuoW9T4aMzODVl → 加群成功
2022-06-27 21:11:30 → 5511961448505 → https://t.me/+WbJrXuE28703Zjdl → 加群成功
2022-06-27 21:12:03 → 5511931796605 → https://t.me/+0ooyBXIvunM2ODAx → 加群成功
2022-06-27 21:12:19 → 5511946811081 → https://t.me/+B7AquUh1jWpkNjQx → 加群成功
2022-06-27 21:12:32 → 13607498791 → https://t.me/+IK9rvcCFpyA3YzI9 → 加群成功
2022-06-27 21:12:49 → 13526166754 → https://t.me/+0VaQ-3CUGpBmZjQ1 → 加群成功
2022-06-27 21:13:05 → +905356458418 → https://t.me/+8RnTf-FOZT9iYzRl → 加群成功
2022-06-27 21:13:31 → 5511979992649 → https://t.me/+BrmgdJH6PSZkNTNh → 加群成功
2022-06-27 21:13:47 → 5501112759757 → https://t.me/+Hu3nlzXur5djMzg1 → 加群成功
2022-06-27 21:14:02 → 5511965461554 → https://t.me/+d8XzUzLwhhU1YWVl → 加群成功
2022-06-27 21:14:22 → 84586376092 → https://t.me/+jEJUf1tx9vw3Yjk1 → 加群成功
2022-06-27 21:14:43 → 62881011010022 → https://t.me/+rUlOEDqXoIM4NDk9 → 加群成功
2022-06-27 21:15:36 → 5511954046756 → https://t.me/+q9iWwMyPl485YzE1 → 加群成功
2022-06-27 21:16:03 → 84586359306 → https://t.me/+zjwd6Dobyb5hYWM1 → 加群成功
2022-06-27 21:16:20 → +18768026324 → https://t.me/+lLRc1DnIS1JhYTc1 → 加群成功
2022-06-27 21:16:37 → 13603618895 → https://t.me/+DM9DYATWVQA2MTlh → 加群成功
2022-06-27 21:17:17 → 5511962232370 → https://t.me/+G4deUBiLF0g3N2Ux → 加群成功
2022-06-27 21:17:43 → +218926983497 → https://t.me/+17GH_OvJ9tAwY2Vl → 加群成功
2022-06-27 21:18:11 → 6287735040576 → https://t.me/+C0RIb6Z0lM8xY2Q1 → 加群失败：https://t.me/+C0RIb6Z0lM8xY2Q1 用户尝试加入的聊天已过期且不再有效（由 ImportChatInviteRequest 引起）
2022-06-27 21:18:33 → 13608891691 → https://t.me/+tVzy-HX20kJiYWY1 → 加群成功
2022-06-27 21:19:20 → 6288224861584 → https://t.me/+YlMJYHBBe0M5ZmMx → 加群成功
2022-06-27 21:19:42 → 13603618895 → https://t.me/+LWL438ngyIQxZjQ1 → 加群成功
2022-06-27 21:20:05 → 5511968835278 → https://t.me/+b8osyGrSdOhhZjE9 → 加群成功
2022-06-27 21:20:27 → 5511966779490 → https://t.me/+Gla_cs2FNi1kMjc1 → 加群成功
2022-06-27 21:20:46 → 5511969731734 → https://t.me/+2jZp8I80mEIyOGY1 → 加群成功
2022-06-27 21:21:15 → 5511961085017 → https://t.me/+-HKE3ttySdAxMTk1 → 加群失败：https://t.me/+-HKE3ttySdAxMTk1 用户尝试加入的聊天已过期且不再有效（由 ImportChatInviteRequest 引起）
2022-06-27 21:21:44 → 62881011010022 → https://t.me/+UbxlM6GKynRhODk1 → 加群成功
2022-06-27 21:22:04 → 5511980588137 → https://t.me/+Xh2Sw8Abn_w0NzRl → 加群成功
2022-06-27 21:22:19 → +18768026324 → https://t.me/+BSga9DevIIg5YTQ1 → 加群成功
2022-06-27 21:22:31 → 84586359306 → https://t.me/+aQJcp5R0T3pkZGNl → 加群成功
2022-06-27 21:22:59 → 5511979992649 → https://t.me/+5qiD_XQNy8ozMmI1 → 加群失败：https://t.me/+5qiD_XQNy8ozMmI1 用户尝试加入的聊天已过期且不再有效（由 ImportChatInviteRequest 引起）
2022-06-27 21:23:21 → 13607173732 → https://t.me/+JMW3N_5fjeM5ODk1 → 加群成功
2022-06-27 21:23:50 → 5511946827983 → https://t.me/+G-TP1oGwz_UzZTgx → 加群失败：https://t.me/+G-TP1oGwz_UzZTgx 用户尝试加入的聊天已过期且不再有效（由 ImportChatInviteRequest 引起）
2022-06-27 21:24:06 → +201207951279 → https://t.me/+ZIUaM08xAIhkYmUx → 加群成功
2022-06-27 21:24:30 → 13526166754 → https://t.me/+K5t6qDH-guk2ZmNl → 加群成功
2022-06-27 21:24:48 → +905356458418 → https://t.me/+feeRJoJYK0EzMTRl → 加群成功
2022-06-27 21:25:03 → 5511954046756 → https://t.me/+07AqZIR1RH43MmY1 → 加群成功
2022-06-27 21:25:44 → +905356526723 → https://t.me/+0jORkEcjJ0thZDk1 → 加群成功
2022-06-27 21:25:57 → 5511946811081 → https://t.me/+sEzjSrHVucliNGE1 → 加群成功
2022-06-27 21:26:25 → +218926528532 → https://t.me/+REYpWO1e16djZDUx → 加群成功
2022-06-27 21:26:47 → 5511957072605 → https://t.me/+ULgadWScDkswN2Q1 → 加群成功
2022-06-27 21:26:59 → +218926983497 → https://t.me/+wXJtiQoohfc2NDJl → 加群成功
2022-06-27 21:27:16 → 5511962232370 → https://t.me/+zAh3xoopIn4yYTU5 → 加群成功
2022-06-27 21:27:33 → 5501112759757 → https://t.me/+EsOVJtfj7FwyOWUx → 加群成功
2022-06-27 21:28:01 → 5511961448505 → https://t.me/+j1rD3RsKu2A5ZTJl → 加群失败：https://t.me/+j1rD3RsKu2A5ZTJl 用户尝试加入的聊天已过期且不再有效（由 ImportChatInviteRequest 引起）
2022-06-27 21:28:37 → 13526232045 → https://t.me/+_cUk83u2c1JjNzY1 → 加群成功
2022-06-27 21:28:53 → 5511931796605 → https://t.me/+sUuj_TuH_nRhNjE1 → 加群成功
2022-06-27 21:29:18 → 84586376092 → https://t.me/joinchat/rDC8WhyDHDg0Yzhl → 加群成功
2022-06-27 21:29:38 → 6289508396082 → https://t.me/+Rn0gXKwDBdZiMzhl → 加群成功
2022-06-27 21:30:08 → 6288289251969 → https://t.me/joinchat/EnHBggxtLiaKQHfI_9JPgw → 加群成功
2022-06-27 21:30:28 → 5511965461554 → https://t.me/+7NnqHySmWQM2ODU9 → 加群成功
2022-06-27 21:30:40 → 13479803524 → https://t.me/+wUPu96w7BvQ3NTU1 → 加群成功
2022-06-27 21:31:02 → 5511966735971 → https://t.me/+z-xgWFuhbXRiMmU1 → 加群失败：https://t.me/+z-xgWFuhbXRiMmU1 用户尝试加入的聊天已过期且不再有效（由 ImportChatInviteRequest 引起）
2022-06-27 21:31:25 → 5511946736417 → https://t.me/+1s6PDJfhJ_45N2Mx → 加群失败：https://t.me/+1s6PDJfhJ_45N2Mx 用户尝试加入的聊天已过期且不再有效（由 ImportChatInviteRequest 引起）
2022-06-27 21:31:37 → +905356353200 → https://t.me/joinchat/c1irPtTz-KpmMzZl → 加群成功
2022-06-27 21:32:04 → 13607498791 → https://t.me/+zp8hQFMQsnIyYTdl → 加群成功
2022-06-27 21:32:28 → 5511965461554 → https://t.me/+f312-GXF6bI2NDc1 → 加群成功
2022-06-27 21:32:57 → 13607498791 → https://t.me/+mHS4ouK1WS81ODdl → 加群成功
2022-06-27 21:33:14 → 5511979992649 → https://t.me/+X_itTArL40g1ZWI5 → 加群失败：https://t.me/+X_itTArL40g1ZWI5 用户尝试加入的聊天已过期且不再有效（由 ImportChatInviteRequest 引起）
2022-06-27 21:33:33 → 13608891691 → https://t.me/+3YZdmBbfzH85MDll → 加群成功
2022-06-27 21:33:49 → 5511946736417 → https://t.me/+d704xN5CSodkN2Vh → 加群成功
2022-06-27 21:34:04 → 13607173732 → https://t.me/+XA-AFUSIJMBjY2Fh → 加群失败：https://t.me/+XA-AFUSIJMBjY2Fh 用户尝试加入的聊天已过期且不再有效（由 ImportChatInviteRequest 引起）
2022-06-27 21:34:59 → 5511957072605 → https://t.me/+4t_ZnkZnBxJhYzcx → 加群成功
2022-06-27 21:35:15 → 5511962232370 → https://t.me/+O75V72V3_f9mZDk1 → 加群成功
2022-06-27 21:35:37 → 5511946827983 → https://t.me/+mXolrdPE2mxhNTdl → 加群成功
2022-06-27 21:36:04 → +218926528532 → https://t.me/+jDogamSAXRJmNTJl → 加群失败：https://t.me/+jDogamSAXRJmNTJl 用户尝试加入的聊天已过期且不再有效（由 ImportChatInviteRequest 引起）
2022-06-27 21:36:23 → 62881011010022 → https://t.me/+BIb1nofuq6Q5NzY1 → 加群成功
2022-06-27 21:36:37 → 5511961085017 → https://t.me/+xWeQtRBfjOFkNTA1 → 加群成功
2022-06-27 21:36:57 → +905356526723 → https://t.me/+MVMDI7oWzDczNmI1 → 加群成功
2022-06-27 21:37:35 → +18768026324 → https://t.me/+APKLYqmdSclhZjU1 → 加群成功
2022-06-27 21:37:52 → 6288289251969 → https://t.me/+pImQqG6kee4wZDYx → 加群成功
2022-06-27 21:38:19 → +905356353200 → https://t.me/+Lh7Vg3j2HBA2ZWRl → 加群成功
2022-06-27 21:38:44 → 5511966735971 → https://t.me/+2UbXwZlSXqxiMGIx → 加群成功
2022-06-27 21:39:07 → 5511969731734 → https://t.me/+fAdS-xoI0zJiZTdh → 加群成功
2022-06-27 21:39:18 → +201207951279 → https://t.me/+WgZhCn-jDiY2YjRl → 加群失败：https://t.me/+WgZhCn-jDiY2YjRl 用户尝试加入的聊天已过期且不再有效（由 ImportChatInviteRequest 引起）
2022-06-27 21:39:40 → 5511961448505 → https://t.me/+YhkvVBH2sLNiMmJh → 加群失败：The authenticated user is already a participant of the chat (caused by ImportChatInviteRequest)
2022-06-27 21:39:57 → +905356458418 → https://t.me/+GG2gvlA8M2s5Mjgx → 加群成功
2022-06-27 21:40:27 → 84586359306 → https://t.me/+4bOGsWK-7145MGQ1 → 加群成功
2022-06-27 21:40:55 → 13526232045 → https://t.me/+hdw-z80muVFjNzFl → 加群成功
2022-06-27 21:41:17 → 5511931796605 → https://t.me/+qG8NTgtN0akxM2Ex → 加群成功
2022-06-27 21:41:29 → 6289508396082 → https://t.me/+_r_1ooupBRoxZTcx → 加群成功
2022-06-27 21:41:54 → 5511954046756 → https://t.me/+spzhFF0zV5M1YjZh → 加群成功
2022-06-27 21:42:36 → 6288224861584 → https://t.me/+calyHe56Wm82OTg1 → 加群成功
2022-06-27 21:42:49 → 5511946811081 → https://t.me/+SZP7LsqR8FI3ZjM1 → 加群成功
2022-06-27 21:43:05 → 5511968835278 → https://t.me/+G8wVDtrfGdI3ZTc9 → 加群成功
2022-06-27 21:43:32 → 13526166754 → https://t.me/+b-oj8C33vKU1Yjdl → 加群成功
2022-06-27 21:43:56 → 5501112759757 → https://t.me/+HHlC3yukCdo0MjBh → 加群成功
2022-06-27 21:44:21 → 5511980588137 → https://t.me/+Ak8f4ofbKpEzYTU1 → 加群成功
2022-06-27 21:44:48 → 6287735040576 → https://t.me/+j8GV22yY5x5lM2Jh → 加群成功
2022-06-27 21:45:01 → 5511966779490 → https://t.me/+5NQjNc_ygu1jYTYx → 加群成功
2022-06-27 21:45:28 → +218926983497 → https://t.me/+Qz0ir67LdmQzODM9 → 加群成功
2022-06-27 21:45:41 → 13479803524 → https://t.me/+bOgiT1uFp88xNmQ1 → 加群成功
2022-06-27 21:46:05 → 13603618895 → https://t.me/+67pYhAT5wPcxMDRl → 加群成功
2022-06-27 21:46:26 → 84586376092 → https://t.me/+Sh3VLTGHA9Q3YTdl → 加群成功
2022-06-27 21:47:02 → 5511980588137 → https://t.me/+KdYb4C34uoowMGJl → 加群成功
2022-06-27 21:47:25 → 5511968835278 → https://t.me/+y1X1DHVWX6o0OWQx → 加群成功
2022-06-27 21:47:40 → +905356458418 → https://t.me/+foThDdueBzYyOTVh → 加群成功
2022-06-27 21:48:08 → 6288289251969 → https://t.me/+71ANa06F0wNmNmJl → 加群成功
2022-06-27 21:48:25 → 5511931796605 → https://t.me/+qi9K7Bo2Y8Y3ZWY9 → 加群失败：https://t.me/+qi9K7Bo2Y8Y3ZWY9 用户尝试加入的聊天已过期且不再有效（由 ImportChatInviteRequest 引起）
2022-06-27 21:48:36 → 84586376092 → https://t.me/+uDADliAVzT84ZDRh → 加群失败：https://t.me/+uDADliAVzT84ZDRh 用户尝试加入的聊天已过期且不再有效（由 ImportChatInviteRequest 引起）
2022-06-27 21:48:58 → 5511946811081 → https://t.me/+2hRtaNIomANhZjhl → 加群成功
2022-06-27 21:49:14 → 5511954046756 → https://t.me/+AGovixe_eoE4NDNh → 加群成功
2022-06-27 21:49:57 → 5511957072605 → https://t.me/+40-bqGDev2g3NGZl → 加群成功
2022-06-27 21:50:09 → 5511962232370 → https://t.me/+zYJQMkPK-txmNTc1 → 加群成功
2022-06-27 21:50:25 → 13603618895 → https://t.me/+S58Sh-K2alY3Nzdl → 加群成功
2022-06-27 21:50:40 → 5501112759757 → https://t.me/+StNEwMqEaUE2NmFl → 加群成功
2022-06-27 21:51:08 → 13608891691 → https://t.me/+kaP8DGgokxo4NGIx → 加群成功
2022-06-27 21:51:30 → 5511961085017 → https://t.me/joinchat/HHeAr1ELdNEOXqw3U8Ts0w → 加群成功
2022-06-27 21:51:56 → 5511946827983 → https://t.me/+k7skOSclEXNkY2M1 → 加群成功
2022-06-27 21:52:25 → 5511946736417 → https://t.me/+T-jYQLw4qHozZWU1 → 加群成功
2022-06-27 21:52:41 → 13526232045 → https://t.me/+-FuT5gvc2BwyNzg5 → 加群失败：https://t.me/+-FuT5gvc2BwyNzg5 用户尝试加入的聊天已过期且不再有效（由 ImportChatInviteRequest 引起）
2022-06-27 21:52:56 → +201207951279 → https://t.me/+XAPOpgfM36YxYTk1 → 加群成功
2022-06-27 21:53:14 → 5511969731734 → https://t.me/+_sSpDH9vnQMwNjc9 → 加群成功
2022-06-27 21:53:43 → 13607173732 → https://t.me/+HjBnsQsrMc44ZmNl → 加群成功
2022-06-27 21:54:07 → 5511965461554 → https://t.me/+CM8QfiFJeng1OWM1 → 加群成功
2022-06-27 21:54:20 → 5511979992649 → https://t.me/+j41eJz9SWtE2YjUx → 加群成功
2022-06-27 21:54:33 → 5511966735971 → https://t.me/+mw6XSaYD2eFjYWQx → 加群成功
2022-06-27 21:54:55 → 6288224861584 → https://t.me/+SEjcrJU4JuIyNzA1 → 加群成功
2022-06-27 21:55:14 → 5511961448505 → https://t.me/+F4cgrWsKrcRkMDA9 → 加群成功
2022-06-27 21:55:44 → 62881011010022 → https://t.me/+0vEKeyH-sKw5NzEx → 加群成功
2022-06-27 21:56:11 → +218926983497 → https://t.me/+TkFX2Ws-6WliNjU9 → 加群成功
2022-06-27 21:56:41 → +18768026324 → https://t.me/+SIfSmDbixudkMzc1 → 加群成功
2022-06-27 22:11:52 → 6287735040576 → https://t.me/+A1-zdEEfAu03ZTFl → 加群成功
2022-06-27 22:12:07 → 6288224861584 → https://t.me/+jDogamSAXRJmNTJl → 加群成功
2022-06-27 22:12:23 → 5511979992649 → https://t.me/joinchat/rDC8WhyDHDg0Yzhl → 加群成功
2022-06-27 22:12:46 → +218926983497 → https://t.me/+4iQgzALLkPowZGFl → 加群成功
2022-06-27 22:13:06 → 13526232045 → https://t.me/+j8GV22yY5x5lM2Jh → 加群成功
2022-06-27 22:13:19 → 84586376092 → https://t.me/joinchat/HHeAr1ELdNEOXqw3U8Ts0w → 加群成功
2022-06-27 22:13:48 → 6288289251969 → https://t.me/+YlMJYHBBe0M5ZmMx → 加群成功
2022-06-27 22:14:31 → 84586359306 → https://t.me/+coJH9njcTFI3NGJh → 加群成功
2022-06-27 22:14:59 → 5511946811081 → https://t.me/+4GYip2NBLOphOTVl → 加群成功
2022-06-27 22:15:24 → 13526166754 → https://t.me/+pImQqG6kee4wZDYx → 加群成功
2022-06-27 22:16:10 → 13608891691 → https://t.me/+S58Sh-K2alY3Nzdl → 加群成功
2022-06-27 22:16:55 → 5511965461554 → https://t.me/+XOH9ZDrzo3I1MzI1 → 加群成功
2022-06-27 22:17:21 → 13603618895 → https://t.me/+noFSLnh4gzRmMWM1 → 加群成功
2022-06-27 22:17:33 → 5511961085017 → https://t.me/+umxZ8YEpnEo2MWUx → 加群成功
2022-06-27 22:17:52 → 5511946736417 → https://t.me/+VwDoIE1fU34wNDRl → 加群失败：https://t.me/+VwDoIE1fU34wNDRl 用户尝试加入的聊天已过期且不再有效（由 ImportChatInviteRequest 引起）
2022-06-27 22:18:04 → 5511980588137 → https://t.me/+TkFX2Ws-6WliNjU9 → 加群成功
2022-06-27 22:18:26 → 13607173732 → https://t.me/+KqByXUbZl6wxM2Nh → 加群成功
2022-06-27 22:18:42 → 5511957072605 → https://t.me/+Vr3PW_vRaiY3YjFh → 加群成功
2022-06-27 22:18:58 → 5511954046756 → https://t.me/+0ooyBXIvunM2ODAx → 加群成功
2022-06-27 22:19:19 → 5511968835278 → https://t.me/+X98YxeYTiqcxYzA9 → 加群失败：The authenticated user is already a participant of the chat (caused by ImportChatInviteRequest)
2022-06-27 22:19:41 → 5501112759757 → https://t.me/+LO5hAmiN4McyODU1 → 加群成功
2022-06-27 22:20:06 → +201207951279 → https://t.me/+uDADliAVzT84ZDRh → 加群失败：https://t.me/+uDADliAVzT84ZDRh 用户尝试加入的聊天已过期且不再有效（由 ImportChatInviteRequest 引起）
2022-06-27 22:20:33 → +18768026324 → https://t.me/+QmtEDlDoYLlkMGVl → 加群成功
2022-06-27 22:20:54 → 5511966779490 → https://t.me/+17GH_OvJ9tAwY2Vl → 加群成功
2022-06-27 22:21:10 → +905356526723 → https://t.me/+So8ftQcz7V8xMTI5 → 加群成功
2022-06-27 22:21:27 → +905356458418 → https://t.me/+gJ-eKM5QJ3YyNzc1 → 加群成功
2022-06-27 22:21:51 → 6289508396082 → https://t.me/+UDrX76uyYy82OWEx → 加群成功
2022-06-27 22:22:11 → 5511961448505 → https://t.me/+7NnqHySmWQM2ODU9 → 加群成功
2022-06-27 22:22:34 → 13479803524 → https://t.me/+Sh3VLTGHA9Q3YTdl → 加群成功
2022-06-27 22:22:58 → 5511969731734 → https://t.me/+5gVajc77kDQ0NzI5 → 加群成功
2022-06-27 22:23:11 → +218926528532 → https://t.me/+T-jYQLw4qHozZWU1 → 加群成功
2022-06-27 22:23:26 → 5511946827983 → https://t.me/+-ZBvuqf9AYtkM2Q5 → 加群失败：https://t.me/+-ZBvuqf9AYtkM2Q5 用户尝试加入的聊天已过期且不再有效（由 ImportChatInviteRequest 引起）
2022-06-27 22:23:44 → 5511931796605 → https://t.me/+xoa71RA8zRlkZWE1 → 加群成功
2022-06-27 22:24:02 → 62881011010022 → https://t.me/+5qiD_XQNy8ozMmI1 → 加群失败：https://t.me/+5qiD_XQNy8ozMmI1 用户尝试加入的聊天已过期且不再有效（由 ImportChatInviteRequest 引起）
2022-06-27 22:24:31 → +905356353200 → https://t.me/+Gla_cs2FNi1kMjc1 → 加群成功
2022-06-27 22:24:46 → 5511966735971 → https://t.me/+Zp-g0nkCPK9lMzE1 → 加群成功
2022-06-27 22:25:00 → 84586359306 → https://t.me/+j8GV22yY5x5lM2Jh → 加群成功
2022-06-27 22:25:24 → 13607498791 → https://t.me/+jDogamSAXRJmNTJl → 加群成功
2022-06-27 22:25:44 → 5511962232370 → https://t.me/+HjBnsQsrMc44ZmNl → 加群成功
2022-06-27 22:26:01 → 6288224861584 → https://t.me/+n18k2BFJNDsxY2Fl → 加群成功
2022-06-27 22:26:14 → 62881011010022 → https://t.me/+CM8QfiFJeng1OWM1 → 加群成功
2022-06-27 22:26:29 → 84586359306 → https://t.me/+owVJEPVLlZpiOGUx → 加群成功
2022-06-27 22:26:43 → 5501112759757 → https://t.me/+dIyaD5HpDJY3Zjk9 → 加群成功
2022-06-27 22:27:09 → 5511980588137 → https://t.me/+l1slk5dV5jE3ZjNl → 加群成功
2022-06-27 22:27:34 → 13526232045 → https://t.me/+YlMJYHBBe0M5ZmMx → 加群成功
2022-06-27 22:27:51 → 6287735040576 → https://t.me/+SvCI6c2XlcxlZjQx → 加群成功
2022-06-27 22:28:07 → 6288289251969 → https://t.me/+1s6PDJfhJ_45N2Mx → 加群成功
2022-06-27 22:28:20 → +905356458418 → https://t.me/+0vEKeyH-sKw5NzEx → 加群成功
2022-06-27 22:29:09 → 5511966779490 → https://t.me/+vD11mXSl0Qo1NjBl → 加群成功
2022-06-27 22:29:28 → +905356526723 → https://t.me/+Zp-g0nkCPK9lMzE1 → 加群成功
2022-06-27 22:29:47 → +218926528532 → https://t.me/+pImQqG6kee4wZDYx → 加群成功
2022-06-27 22:29:59 → 5511961085017 → https://t.me/+7NnqHySmWQM2ODU9 → 加群成功
2022-06-27 22:30:11 → 5511954046756 → https://t.me/+2jZp8I80mEIyOGY1 → 加群成功
2022-06-27 22:30:24 → 6288289251969 → https://t.me/+MVMDI7oWzDczNmI1 → 加群成功
2022-06-27 22:32:51 → 5511957072605 → https://t.me/+rUlOEDqXoIM4NDk9 → 加群成功
2022-06-27 22:33:05 → +218926528532 → https://t.me/+bOgiT1uFp88xNmQ1 → 加群成功
2022-06-27 22:33:20 → 6281229947264 → https://t.me/+G4deUBiLF0g3N2Ux → 加群失败：掉线/或官方销号
2022-06-27 22:33:46 → 13526232045 → https://t.me/+hG4evzI6ZJ84MTA5 → 加群成功
2022-06-27 22:33:59 → 6289508396082 → https://t.me/+KV5UJvJFZadmZjVl → 加群成功
2022-06-27 22:34:13 → 5511946736417 → https://t.me/+T-jYQLw4qHozZWU1 → 加群失败：The authenticated user is already a participant of the chat (caused by ImportChatInviteRequest)
2022-06-27 22:34:32 → 5511980588137 → https://t.me/+yTmSqvjL6MZhOGM1 → 加群成功
2022-06-27 22:34:50 → 13479803524 → https://t.me/+mw6XSaYD2eFjYWQx → 加群成功
2022-06-27 22:35:14 → 13608891691 → https://t.me/+zp8hQFMQsnIyYTdl → 加群成功
2022-06-27 22:35:41 → 5511969731734 → https://t.me/+F4cgrWsKrcRkMDA9 → 加群成功
2022-06-27 22:36:08 → 5511931796605 → https://t.me/+mXolrdPE2mxhNTdl → 加群成功
2022-06-27 22:36:33 → 5511961085017 → https://t.me/+pbakZSSRFjRhNGU1 → 加群成功
2022-06-27 22:36:58 → 5511966779490 → https://t.me/+xn2eYKH-rlI5N2E5 → 加群成功
2022-06-27 22:37:22 → +18768026324 → https://t.me/+Gla_cs2FNi1kMjc1 → 加群成功
2022-06-27 22:37:35 → 6288289251969 → https://t.me/+cgctxddaCwxhYWM1 → 加群成功
2022-06-27 22:37:55 → 84586359306 → https://t.me/+ULwwAMPXqG5iNTI1 → 加群成功
2022-06-27 22:38:20 → 5511961448505 → https://t.me/+K5t6qDH-guk2ZmNl → 加群成功
2022-06-27 22:38:40 → 5511954046756 → https://t.me/+H9LG2jzQBeA4NjMx → 加群失败：The authenticated user is already a participant of the chat (caused by ImportChatInviteRequest)
2022-06-27 22:38:58 → 5511979992649 → https://t.me/+l7jVRdfrEh8wNWZh → 加群成功
2022-06-27 22:39:16 → 6288224861584 → https://t.me/+p6YlZXi4WgU0Yzc1 → 加群成功
2022-06-27 22:39:52 → +905356353200 → https://t.me/+feeRJoJYK0EzMTRl → 加群成功
2022-06-27 22:40:14 → 84586376092 → https://t.me/+h2PiE1mN6nZmN2Vl → 加群成功
2022-06-27 22:40:39 → +201207951279 → https://t.me/+Vr3PW_vRaiY3YjFh → 加群成功
2022-06-27 22:40:52 → +218926983497 → https://t.me/+IWYUKU0ocCcwYjMx → 加群成功
2022-06-27 22:41:10 → 13607173732 → https://t.me/+l_b3i7oqjn0zMWE1 → 加群成功
2022-06-27 22:41:32 → 5511966735971 → https://t.me/+KqByXUbZl6wxM2Nh → 加群成功
2022-06-27 22:41:56 → 5511946811081 → https://t.me/+SvCI6c2XlcxlZjQx → 加群失败：The authenticated user is already a participant of the chat (caused by ImportChatInviteRequest)
2022-06-27 22:42:23 → 6287735040576 → https://t.me/+YQtg80wqP5NlM2Nh → 加群成功
2022-06-27 22:42:41 → 5511965461554 → https://t.me/+jxfLkeV_sRZlZjIx → 加群失败：https://t.me/+jxfLkeV_sRZlZjIx 用户尝试加入的聊天已过期且不再有效（由 ImportChatInviteRequest 引起）
2022-06-27 22:43:00 → 13607498791 → https://t.me/+KdYb4C34uoowMGJl → 加群成功
2022-06-27 22:43:20 → 5511968835278 → https://t.me/+X1XfCzCulJplNzJl → 加群成功
2022-06-27 22:43:43 → +905356458418 → https://t.me/+Ykhdirg6NcNkYjAx → 加群成功
2022-06-27 22:44:04 → 5511946827983 → https://t.me/+uDADliAVzT84ZDRh → 加群失败：https://t.me/+uDADliAVzT84ZDRh 用户尝试加入的聊天已过期且不再有效（由 ImportChatInviteRequest 引起）
2022-06-27 22:44:20 → 62881011010022 → https://t.me/+UbxlM6GKynRhODk1 → 加群失败：The authenticated user is already a participant of the chat (caused by ImportChatInviteRequest)
2022-06-27 22:44:35 → 5501112759757 → https://t.me/+IK9rvcCFpyA3YzI9 → 加群成功
2022-06-27 22:44:57 → 5511962232370 → https://t.me/+k7skOSclEXNkY2M1 → 加群成功
2022-06-27 22:45:42 → 13603618895 → https://t.me/+S58Sh-K2alY3Nzdl → 加群失败：The authenticated user is already a participant of the chat (caused by ImportChatInviteRequest)
2022-06-27 22:46:24 → +905356526723 → https://t.me/+XOH9ZDrzo3I1MzI1 → 加群成功
2022-06-27 22:46:43 → 13526166754 → https://t.me/+IMTe1XL2eRhmZTQ1 → 加群成功
2022-06-27 22:47:17 → +905356353200 → https://t.me/+kaP8DGgokxo4NGIx → 加群成功
2022-06-27 22:47:37 → 5511954046756 → https://t.me/+BIb1nofuq6Q5NzY1 → 加群成功
2022-06-27 22:48:25 → 5511980588137 → https://t.me/+MVMDI7oWzDczNmI1 → 加群成功
2022-06-27 22:48:38 → 5501112759757 → https://t.me/+NZfDxbAhxBRjMmZl → 加群成功
2022-06-27 22:49:04 → 13526166754 → https://t.me/+YI3Dtp8InIthMmU5 → 加群成功
2022-06-27 22:49:16 → 13608891691 → https://t.me/+b8osyGrSdOhhZjE9 → 加群成功
2022-06-27 22:49:29 → 6288224861584 → https://t.me/+07AqZIR1RH43MmY1 → 加群成功
2022-06-27 22:49:52 → 13607173732 → https://t.me/+d8XzUzLwhhU1YWVl → 加群成功
2022-06-27 22:50:06 → 5511969731734 → https://t.me/+kF5YAHBQ7b8yMDVl → 加群失败：https://t.me/+kF5YAHBQ7b8yMDVl 用户尝试加入的聊天已过期且不再有效（由 ImportChatInviteRequest 引起）
2022-06-27 22:50:17 → 5511965461554 → https://t.me/+YlQkP6X2f11lZjlh → 加群成功
2022-06-27 22:50:43 → 5511946736417 → https://t.me/+LWL438ngyIQxZjQ1 → 加群成功
2022-06-27 22:51:01 → +218926528532 → https://t.me/+Ak8f4ofbKpEzYTU1 → 加群成功
2022-06-27 22:51:23 → 5511979992649 → https://t.me/+noFSLnh4gzRmMWM1 → 加群成功
2022-06-27 22:51:45 → 13603618895 → https://t.me/+SEjcrJU4JuIyNzA1 → 加群成功
2022-06-27 22:52:03 → 84586359306 → https://t.me/+REYpWO1e16djZDUx → 加群成功
2022-06-27 22:52:50 → 6289508396082 → https://t.me/+iBdNpf3vLzBkOTFl → 加群成功
2022-06-27 22:53:15 → +905356458418 → https://t.me/+xWeQtRBfjOFkNTA1 → 加群成功
2022-06-27 22:53:29 → 5511966735971 → https://t.me/+WnFY9z024NdiODgx → 加群成功
2022-06-27 22:53:54 → 13479803524 → https://t.me/+AGovixe_eoE4NDNh → 加群成功
2022-06-27 22:54:05 → +18768026324 → https://t.me/+_r_1ooupBRoxZTcx → 加群成功
2022-06-27 22:54:25 → +905356526723 → https://t.me/+0kedKOuRB0o1NDMx → 加群成功
2022-06-27 22:54:40 → +201207951279 → https://t.me/+l1slk5dV5jE3ZjNl → 加群成功
2022-06-27 22:54:55 → 5511961448505 → https://t.me/+hdw-z80muVFjNzFl → 加群成功
2022-06-27 22:55:17 → 5511946811081 → https://t.me/+WbJrXuE28703Zjdl → 加群成功
2022-06-27 22:55:44 → 13607498791 → https://t.me/+n18k2BFJNDsxY2Fl → 加群成功
2022-06-27 22:56:13 → 5511968835278 → https://t.me/+71ANa06F0wNmNmJl → 加群成功
2022-06-27 22:56:31 → 84586376092 → https://t.me/+Xh2Sw8Abn_w0NzRl → 加群成功
2022-06-27 22:56:46 → 62881011010022 → https://t.me/+6SR7fONaaVJmNDMx → 加群成功
2022-06-27 22:57:06 → +218926983497 → https://t.me/+jxQcjZH0KvRjY2Jl → 加群失败：https://t.me/+jxQcjZH0KvRjY2Jl 用户尝试加入的聊天已过期且不再有效（由 ImportChatInviteRequest 引起）
2022-06-27 22:57:31 → 5511946827983 → https://t.me/+JfzYvmEW4bo0ZWRl → 加群成功
2022-06-27 22:57:46 → 6288289251969 → https://t.me/+K4hA5oTciaJhNTVl → 加群成功
2022-06-27 22:57:58 → 5511957072605 → https://t.me/+owVJEPVLlZpiOGUx → 加群成功
2022-06-27 22:58:13 → 5511931796605 → https://t.me/+3gLBjcldb5E1NWY9 → 加群成功
2022-06-27 22:58:28 → 5511961085017 → https://t.me/+xBZVwA_bkEY2N2Jl → 加群成功
2022-06-27 22:58:53 → 5511966779490 → https://t.me/+SU2RmtTlLms1YWRl → 加群成功
2022-06-27 22:59:16 → 5511962232370 → https://t.me/+f312-GXF6bI2NDc1 → 加群成功
2022-06-27 22:59:37 → 6287735040576 → https://t.me/+wyQoNDjjMBVjNDA1 → 加群成功
2022-06-27 22:59:54 → 13526232045 → https://t.me/+vD11mXSl0Qo1NjBl → 加群成功
2022-06-27 23:00:24 → 13607173732 → https://t.me/+r4fE7rGC-tU3YWE1 → 加群成功
2022-06-27 23:00:41 → 5501112759757 → https://t.me/+umxZ8YEpnEo2MWUx → 加群成功
2022-06-27 23:00:45 → 13608891691 → https://t.me/+C0RIb6Z0lM8xY2Q1 → 加群失败：https://t.me/+C0RIb6Z0lM8xY2Q1 用户尝试加入的聊天已过期且不再有效（由 ImportChatInviteRequest 引起）
2022-06-27 23:01:32 → 6289508396082 → https://t.me/+l1slk5dV5jE3ZjNl → 加群成功
2022-06-27 23:02:04 → 5511957072605 → https://t.me/+4t_ZnkZnBxJhYzcx → 加群失败：The authenticated user is already a participant of the chat (caused by ImportChatInviteRequest)
2022-06-27 23:02:25 → +905356526723 → https://t.me/+O75V72V3_f9mZDk1 → 加群成功
2022-06-27 23:02:50 → 5511968835278 → https://t.me/+yB1tBXdqMKFkMGFl → 加群成功
2022-06-27 23:03:15 → 13526232045 → https://t.me/+CM8QfiFJeng1OWM1 → 加群成功
2022-06-27 23:03:39 → 5511946827983 → https://t.me/+zp8hQFMQsnIyYTdl → 加群失败：https://t.me/+zp8hQFMQsnIyYTdl 用户尝试加入的聊天已过期且不再有效（由 ImportChatInviteRequest 引起）
2022-06-27 23:03:52 → 13607498791 → https://t.me/+MVMDI7oWzDczNmI1 → 加群成功
2022-06-27 23:04:07 → 5511966735971 → https://t.me/+K4hA5oTciaJhNTVl → 加群成功
2022-06-27 23:04:26 → 84586359306 → https://t.me/joinchat/EnHBggxtLiaKQHfI_9JPgw → 加群成功
2022-06-27 23:04:49 → 5511980588137 → https://t.me/+foThDdueBzYyOTVh → 加群成功
2022-06-27 23:05:11 → 13607173732 → https://t.me/+3YZdmBbfzH85MDll → 加群成功
2022-06-27 23:05:27 → 5511961085017 → https://t.me/joinchat/HHeAr1ELdNEOXqw3U8Ts0w → 加群失败：The authenticated user is already a participant of the chat (caused by ImportChatInviteRequest)
2022-06-27 23:05:51 → 5511962232370 → https://t.me/+2jZp8I80mEIyOGY1 → 加群成功
2022-06-27 23:06:11 → 5511979992649 → https://t.me/+_r_1ooupBRoxZTcx → 加群成功
2022-06-27 23:06:31 → 5511946736417 → https://t.me/+cod7Oy_bjAg5NTk1 → 加群成功
2022-06-27 23:06:44 → 6288224861584 → https://t.me/+E7EhI4J4t2BjMTdh → 加群成功
2022-06-27 23:07:06 → 13603618895 → https://t.me/joinchat/c1irPtTz-KpmMzZl → 加群成功
2022-06-27 23:07:21 → 84586376092 → https://t.me/+Iu_rhvEZnCVjMmNl → 加群成功
2022-06-27 23:07:45 → 6287735040576 → https://t.me/+EsOVJtfj7FwyOWUx → 加群成功
2022-06-27 23:08:00 → 5511931796605 → https://t.me/+wyQoNDjjMBVjNDA1 → 加群成功
2022-06-27 23:08:26 → +218926983497 → https://t.me/+wXJtiQoohfc2NDJl → 加群失败：The authenticated user is already a participant of the chat (caused by ImportChatInviteRequest)
2022-06-27 23:08:51 → 5511966779490 → https://t.me/+17GH_OvJ9tAwY2Vl → 加群失败：The authenticated user is already a participant of the chat (caused by ImportChatInviteRequest)
2022-06-27 23:09:16 → 5511954046756 → https://t.me/+Gla_cs2FNi1kMjc1 → 加群成功
2022-06-27 23:09:59 → +18768026324 → https://t.me/+PnwvxbcwQXVjYzE1 → 加群成功
2022-06-27 23:10:24 → 13526166754 → https://t.me/+YhkvVBH2sLNiMmJh → 加群成功
2022-06-27 23:10:39 → 62881011010022 → https://t.me/+gJ-eKM5QJ3YyNzc1 → 加群成功
2022-06-27 23:11:04 → 13479803524 → https://t.me/+WbJrXuE28703Zjdl → 加群成功
2022-06-27 23:11:29 → +905356458418 → https://t.me/+wUPu96w7BvQ3NTU1 → 加群成功
2022-06-27 23:11:51 → +218926528532 → https://t.me/+_co7YJMXqzliMzhh → 加群成功
2022-06-27 23:12:09 → +201207951279 → https://t.me/+boGmQAE3JrBjNTNl → 加群成功
2022-06-27 23:12:31 → 5511965461554 → https://t.me/+ssjAgSqpCLI0YzBh → 加群成功
2022-06-27 23:12:52 → 5511969731734 → https://t.me/+YQtg80wqP5NlM2Nh → 加群成功
2022-06-27 23:13:16 → 5501112759757 → https://t.me/+BIb1nofuq6Q5NzY1 → 加群成功
2022-06-27 23:13:29 → 6288289251969 → https://t.me/+hpMJRgdAs5AxMzg1 → 加群成功
2022-06-27 23:13:40 → 5511946811081 → https://t.me/+Zp-g0nkCPK9lMzE1 → 加群成功
2022-06-27 23:13:53 → +905356353200 → https://t.me/+jxQcjZH0KvRjY2Jl → 加群成功
2022-06-27 23:14:12 → 5511961448505 → https://t.me/+G4deUBiLF0g3N2Ux → 加群成功
2022-06-27 23:14:45 → +905356526723 → https://t.me/+5qiD_XQNy8ozMmI1 → 加群失败：https://t.me/+5qiD_XQNy8ozMmI1 用户尝试加入的聊天已过期且不再有效（由 ImportChatInviteRequest 引起）
2022-06-27 23:15:11 → 6288289251969 → https://t.me/+jIlT6iUJfKBkMzBh → 加群成功
2022-06-27 23:15:26 → 5511980588137 → https://t.me/+uc5k-JwziZU2MzVh → 加群成功
2022-06-27 23:15:37 → 5501112759757 → https://t.me/+BRUAa2sBGU0zOTQ1 → 加群成功
2022-06-27 23:16:09 → 5511961085017 → https://t.me/+b8osyGrSdOhhZjE9 → 加群成功
2022-06-27 23:16:28 → 6289508396082 → https://t.me/+SEjcrJU4JuIyNzA1 → 加群成功
2022-06-27 23:16:42 → 5511931796605 → https://t.me/+Xh2Sw8Abn_w0NzRl → 加群成功
2022-06-27 23:17:01 → +905356353200 → https://t.me/+8RnTf-FOZT9iYzRl → 加群成功
2022-06-27 23:17:24 → 5511946827983 → https://t.me/+0vEKeyH-sKw5NzEx → 加群成功
2022-06-27 23:17:44 → 5511961448505 → https://t.me/+SvCI6c2XlcxlZjQx → 加群成功
2022-06-27 23:18:10 → 5511946736417 → https://t.me/+Lh7Vg3j2HBA2ZWRl → 加群成功
2022-06-27 23:18:48 → 6287735040576 → https://t.me/+QmtEDlDoYLlkMGVl → 加群成功
2022-06-27 23:19:12 → 13608891691 → https://t.me/+S58Sh-K2alY3Nzdl → 加群失败：The authenticated user is already a participant of the chat (caused by ImportChatInviteRequest)
2022-06-27 23:19:35 → 5511962232370 → https://t.me/+G-TP1oGwz_UzZTgx → 加群成功
2022-06-27 23:19:55 → 13526232045 → https://t.me/+H9LG2jzQBeA4NjMx → 加群成功
2022-06-27 23:20:17 → 62881011010022 → https://t.me/+z-xgWFuhbXRiMmU1 → 加群失败：https://t.me/+z-xgWFuhbXRiMmU1 用户尝试加入的聊天已过期且不再有效（由 ImportChatInviteRequest 引起）
2022-06-27 23:20:34 → 13479803524 → https://t.me/+-FuT5gvc2BwyNzg5 → 加群失败：https://t.me/+-FuT5gvc2BwyNzg5 用户尝试加入的聊天已过期且不再有效（由 ImportChatInviteRequest 引起）
2022-06-27 23:21:08 → 84586376092 → https://t.me/+aQJcp5R0T3pkZGNl → 加群成功
2022-06-27 23:21:28 → +905356458418 → https://t.me/+n18k2BFJNDsxY2Fl → 加群成功
2022-06-27 23:21:50 → +201207951279 → https://t.me/+p6YlZXi4WgU0Yzc1 → 加群失败：https://t.me/+p6YlZXi4WgU0Yzc1 用户尝试加入的聊天已过期且不再有效（由 ImportChatInviteRequest 引起）
2022-06-27 23:22:04 → 13607173732 → https://t.me/+hdw-z80muVFjNzFl → 加群成功
2022-06-27 23:22:22 → 13603618895 → https://t.me/+LqsBiT_T0DszOWI1 → 加群成功
2022-06-27 23:22:39 → 84586359306 → https://t.me/+oK6peJEVCBgzZjcx → 加群成功
2022-06-27 23:22:56 → 13526166754 → https://t.me/+iTHcPS00SzdhMTBh → 加群成功
2022-06-27 23:23:22 → 13607498791 → https://t.me/+0VaQ-3CUGpBmZjQ1 → 加群成功
2022-06-27 23:23:43 → 6288224861584 → https://t.me/+4-TIERdkNVVmY2Ix → 加群成功
2022-06-27 23:24:02 → +218926983497 → https://t.me/+Qz0ir67LdmQzODM9 → 加群失败：The authenticated user is already a participant of the chat (caused by ImportChatInviteRequest)
2022-06-27 23:24:28 → 5511969731734 → https://t.me/+mHS4ouK1WS81ODdl → 加群成功
2022-06-27 23:24:46 → +218926528532 → https://t.me/+KV5UJvJFZadmZjVl → 加群成功
2022-06-27 23:25:04 → 5511946811081 → https://t.me/+6SR7fONaaVJmNDMx → 加群成功
2022-06-27 23:25:24 → 5511957072605 → https://t.me/+mw6XSaYD2eFjYWQx → 加群成功
2022-06-27 23:25:36 → 5511968835278 → https://t.me/+rxfOqtxvW-4wNWVl → 加群成功
2022-06-27 23:26:03 → 5511965461554 → https://t.me/+G8wVDtrfGdI3ZTc9 → 加群成功
2022-06-27 23:26:16 → +18768026324 → https://t.me/+IWYUKU0ocCcwYjMx → 加群成功
2022-06-27 23:26:33 → 5511979992649 → https://t.me/+q9iWwMyPl485YzE1 → 加群成功
2022-06-27 23:26:54 → 5511954046756 → https://t.me/+BqdPZFGv9QxjMWI1 → 加群成功
2022-06-27 23:27:21 → 5511966779490 → https://t.me/+JMW3N_5fjeM5ODk1 → 加群失败：The authenticated user is already a participant of the chat (caused by ImportChatInviteRequest)
2022-06-27 23:27:38 → 5511966735971 → https://t.me/+d8XzUzLwhhU1YWVl → 加群成功
2022-06-27 23:27:56 → 13526232045 → https://t.me/+l7jVRdfrEh8wNWZh → 加群成功
2022-06-27 23:28:13 → 5511969731734 → https://t.me/+T-jYQLw4qHozZWU1 → 加群成功
2022-06-27 23:28:37 → +18768026324 → https://t.me/+8RnTf-FOZT9iYzRl → 加群成功
2022-06-27 23:29:02 → +905356458418 → https://t.me/+f312-GXF6bI2NDc1 → 加群成功
2022-06-27 23:29:24 → 62881011010022 → https://t.me/+BIb1nofuq6Q5NzY1 → 加群失败：The authenticated user is already a participant of the chat (caused by ImportChatInviteRequest)
2022-06-27 23:29:38 → 6288224861584 → https://t.me/+umxZ8YEpnEo2MWUx → 加群成功
2022-06-27 23:29:50 → 5511954046756 → https://t.me/+ADL_14T-XG0yMmE5 → 加群成功
2022-06-27 23:30:16 → 13603618895 → https://t.me/+mw6XSaYD2eFjYWQx → 加群成功
2022-06-27 23:30:40 → +218926983497 → https://t.me/+p6YlZXi4WgU0Yzc1 → 加群成功
2022-06-27 23:30:59 → 6289508396082 → https://t.me/+X98YxeYTiqcxYzA9 → 加群成功
2022-06-27 23:31:17 → 13607173732 → https://t.me/+apcxV30gu7M2MjI1 → 加群成功
2022-06-27 23:31:49 → +905356353200 → https://t.me/+IgxjgT8EJP0wZGI1 → 加群成功
2022-06-27 23:32:16 → 6287735040576 → https://t.me/+wyQoNDjjMBVjNDA1 → 加群失败：The authenticated user is already a participant of the chat (caused by ImportChatInviteRequest)
2022-06-27 23:32:33 → 5511962232370 → https://t.me/+G4deUBiLF0g3N2Ux → 加群失败：The authenticated user is already a participant of the chat (caused by ImportChatInviteRequest)
2022-06-27 23:32:57 → 5511980588137 → https://t.me/+iTHcPS00SzdhMTBh → 加群成功
2022-06-27 23:33:27 → 5511946811081 → https://t.me/+AeKQBS5VnYFhZjdh → 加群成功
2022-06-27 23:33:49 → 13526166754 → https://t.me/+QmtEDlDoYLlkMGVl → 加群成功
2022-06-27 23:34:16 → 13608891691 → https://t.me/+Gla_cs2FNi1kMjc1 → 加群成功
2022-06-27 23:34:28 → 5511957072605 → https://t.me/+So8ftQcz7V8xMTI5 → 加群成功
2022-06-27 23:34:40 → 13607498791 → https://t.me/+-HKE3ttySdAxMTk1 → 加群失败：https://t.me/+-HKE3ttySdAxMTk1 用户尝试加入的聊天已过期且不再有效（由 ImportChatInviteRequest 引起）
2022-06-27 23:34:57 → +201207951279 → https://t.me/+KdYb4C34uoowMGJl → 加群成功
2022-06-27 23:35:18 → +218926528532 → https://t.me/+d704xN5CSodkN2Vh → 加群成功
2022-06-27 23:35:34 → 5511979992649 → https://t.me/+REYpWO1e16djZDUx → 加群成功
2022-06-27 23:35:47 → 5511961085017 → https://t.me/+HjBnsQsrMc44ZmNl → 加群成功
2022-06-27 23:36:05 → 13479803524 → https://t.me/+PtpnKT2eF0BkN2Q9 → 加群成功
2022-06-27 23:36:23 → 6288289251969 → https://t.me/+0kedKOuRB0o1NDMx → 加群失败：The authenticated user is already a participant of the chat (caused by ImportChatInviteRequest)
2022-06-27 23:36:50 → 5511961448505 → https://t.me/+lLRc1DnIS1JhYTc1 → 加群成功
2022-06-27 23:37:08 → 5511931796605 → https://t.me/+HHlC3yukCdo0MjBh → 加群成功
2022-06-27 23:37:31 → 5511946827983 → https://t.me/+l_b3i7oqjn0zMWE1 → 加群成功
2022-06-27 23:37:47 → +905356526723 → https://t.me/+zt29tENcz2g4ODA1 → 加群成功
2022-06-27 23:38:00 → 5511946736417 → https://t.me/+JfzYvmEW4bo0ZWRl → 加群成功
2022-06-27 23:38:22 → 84586359306 → https://t.me/+pbakZSSRFjRhNGU1 → 加群成功
2022-06-27 23:39:05 → 5511966735971 → https://t.me/+d8XzUzLwhhU1YWVl → 加群失败：The authenticated user is already a participant of the chat (caused by ImportChatInviteRequest)
2022-06-27 23:39:25 → 5511965461554 → https://t.me/+zjwd6Dobyb5hYWM1 → 加群成功
2022-06-27 23:39:40 → 5511966779490 → https://t.me/+jxfLkeV_sRZlZjIx → 加群失败：https://t.me/+jxfLkeV_sRZlZjIx 用户尝试加入的聊天已过期且不再有效（由 ImportChatInviteRequest 引起）
2022-06-27 23:40:02 → 84586376092 → https://t.me/+Vr3PW_vRaiY3YjFh → 加群成功
2022-06-27 23:40:22 → 5511968835278 → https://t.me/+xn2eYKH-rlI5N2E5 → 加群成功
2022-06-27 23:40:38 → 5501112759757 → https://t.me/+E7EhI4J4t2BjMTdh → 加群成功
2022-06-27 23:40:56 → +905356526723 → https://t.me/+YQtg80wqP5NlM2Nh → 加群成功
2022-06-27 23:41:21 → 5511957072605 → https://t.me/+Sh3VLTGHA9Q3YTdl → 加群成功
2022-06-27 23:41:34 → 62881011010022 → https://t.me/+k7skOSclEXNkY2M1 → 加群成功
2022-06-27 23:41:52 → 5511968835278 → https://t.me/+SvCI6c2XlcxlZjQx → 加群成功
2022-06-27 23:42:18 → +201207951279 → https://t.me/+G8wVDtrfGdI3ZTc9 → 加群成功
2022-06-27 23:42:39 → 5511961448505 → https://t.me/+IMTe1XL2eRhmZTQ1 → 加群成功
2022-06-27 23:42:56 → 5511962232370 → https://t.me/joinchat/HHeAr1ELdNEOXqw3U8Ts0w → 加群成功
2022-06-27 23:43:22 → 13608891691 → https://t.me/+5WmtAnMeZpIyMDhh → 加群成功
2022-06-27 23:43:35 → 6287735040576 → https://t.me/+foThDdueBzYyOTVh → 加群成功
2022-06-27 23:43:53 → 5511969731734 → https://t.me/+_cUk83u2c1JjNzY1 → 加群成功
2022-06-27 23:44:14 → 5511966735971 → https://t.me/+CM8QfiFJeng1OWM1 → 加群成功
2022-06-27 23:44:39 → 13603618895 → https://t.me/+z-xgWFuhbXRiMmU1 → 加群失败：https://t.me/+z-xgWFuhbXRiMmU1 用户尝试加入的聊天已过期且不再有效（由 ImportChatInviteRequest 引起）
2022-06-27 23:45:05 → 84586376092 → https://t.me/+5gVajc77kDQ0NzI5 → 加群成功
2022-06-27 23:45:51 → 13607498791 → https://t.me/+BrmgdJH6PSZkNTNh → 加群成功
2022-06-27 23:46:15 → 6288224861584 → https://t.me/+4t_ZnkZnBxJhYzcx → 加群成功
2022-06-27 23:46:36 → 5511979992649 → https://t.me/+0ooyBXIvunM2ODAx → 加群成功
2022-06-27 23:47:01 → 13479803524 → https://t.me/+GG2gvlA8M2s5Mjgx → 加群成功
2022-06-27 23:47:27 → 5511946827983 → https://t.me/+qG8NTgtN0akxM2Ex → 加群成功
2022-06-27 23:47:40 → 6288289251969 → https://t.me/+Rn0gXKwDBdZiMzhl → 加群成功
2022-06-27 23:48:03 → 5501112759757 → https://t.me/+1450TvdWFDg3ZDlh → 加群成功
2022-06-27 23:48:29 → +18768026324 → https://t.me/+tVzy-HX20kJiYWY1 → 加群成功
2022-06-27 23:48:50 → +905356353200 → https://t.me/+jEJUf1tx9vw3Yjk1 → 加群成功
2022-06-27 23:49:08 → 5511961085017 → https://t.me/+rUlOEDqXoIM4NDk9 → 加群成功
2022-06-27 23:49:23 → +218926528532 → https://t.me/+UbxlM6GKynRhODk1 → 加群成功
2022-06-27 23:49:48 → +905356458418 → https://t.me/+j41eJz9SWtE2YjUx → 加群成功
2022-06-27 23:50:06 → 84586359306 → https://t.me/+hpMJRgdAs5AxMzg1 → 加群成功
2022-06-27 23:50:31 → 5511946811081 → https://t.me/+rgxcUm5Dp35mYWI1 → 加群成功
2022-06-27 23:50:47 → 5511966779490 → https://t.me/+l1slk5dV5jE3ZjNl → 加群成功
2022-06-27 23:51:08 → 5511965461554 → https://t.me/+jrPK9KTLN3k2ODM1 → 加群成功
2022-06-27 23:51:39 → 5511980588137 → https://t.me/+EX5LLMSHNh9iYTQ1 → 加群成功
2022-06-27 23:51:53 → 5511931796605 → https://t.me/+EsOVJtfj7FwyOWUx → 加群成功
2022-06-27 23:52:07 → 13526166754 → https://t.me/+aMl_xPUzLu80OGMx → 加群成功
2022-06-27 23:52:28 → 5511954046756 → https://t.me/+XOH9ZDrzo3I1MzI1 → 加群失败：The authenticated user is already a participant of the chat (caused by ImportChatInviteRequest)
2022-06-27 23:52:48 → 13526232045 → https://t.me/+uc5k-JwziZU2MzVh → 加群成功
2022-06-27 23:53:11 → 5511946736417 → https://t.me/+cgctxddaCwxhYWM1 → 加群成功
2022-06-27 23:53:24 → 13607173732 → https://t.me/+jDogamSAXRJmNTJl → 加群成功
2022-06-27 23:53:45 → 6289508396082 → https://t.me/+1s6PDJfhJ_45N2Mx → 加群成功
2022-06-27 23:54:21 → +218926983497 → https://t.me/+sUuj_TuH_nRhNjE1 → 加群成功
2022-06-27 23:54:42 → 6289508396082 → https://t.me/+5NQjNc_ygu1jYTYx → 加群成功
2022-06-27 23:55:02 → 6287735040576 → https://t.me/+WnFY9z024NdiODgx → 加群成功
2022-06-27 23:55:24 → 5511968835278 → https://t.me/+zYJQMkPK-txmNTc1 → 加群成功
2022-06-27 23:55:46 → 5511966779490 → https://t.me/+Lh7Vg3j2HBA2ZWRl → 加群成功
2022-06-27 23:56:00 → +218926983497 → https://t.me/+SZP7LsqR8FI3ZjM1 → 加群成功
2022-06-27 23:56:15 → +201207951279 → https://t.me/+n18k2BFJNDsxY2Fl → 加群成功
2022-06-27 23:56:35 → 5511946736417 → https://t.me/+_r_1ooupBRoxZTcx → 加群成功
2022-06-27 23:56:58 → +905356353200 → https://t.me/+G-TP1oGwz_UzZTgx → 加群成功
2022-06-27 23:57:19 → 5511965461554 → https://t.me/+qi9K7Bo2Y8Y3ZWY9 → 加群失败：https://t.me/+qi9K7Bo2Y8Y3ZWY9 用户尝试加入的聊天已过期且不再有效（由 ImportChatInviteRequest 引起）
2022-06-27 23:57:42 → 5511966735971 → https://t.me/+KV5UJvJFZadmZjVl → 加群成功
2022-06-27 23:57:59 → 84586359306 → https://t.me/+ZalvZqpTKQY5ZmVh → 加群成功
2022-06-27 23:58:19 → 13607173732 → https://t.me/+m7Ys3kdhOQ5jODQ1 → 加群成功
2022-06-27 23:58:43 → 5511969731734 → https://t.me/+spzhFF0zV5M1YjZh → 加群成功
2022-06-27 23:59:01 → 5511980588137 → https://t.me/+oK6peJEVCBgzZjcx → 加群成功
2022-06-27 23:59:18 → 6288289251969 → https://t.me/+4GYip2NBLOphOTVl → 加群成功
2022-06-27 23:59:41 → 5511962232370 → https://t.me/+A1-zdEEfAu03ZTFl → 加群成功
2022-06-27 23:59:56 → 13608891691 → https://t.me/+wXJtiQoohfc2NDJl → 加群成功