
2022-06-26 20:10:44 → 5511980622290 → https://t.me/frontend_talk → 加群失败：掉线/或官方销号
2022-06-26 20:11:07 → 13603618895 → https://t.me/szhkfun → 加群成功
2022-06-26 20:11:21 → +22966982593 → https://t.me/TG907 → 加群成功
2022-06-26 20:11:36 → +905356359617 → https://t.me/AlgorandFoundationCN → 加群成功
2022-06-26 20:11:50 → 13526128355 → https://t.me/USTCtg → 加群成功
2022-06-26 20:12:04 → +905356458418 → https://t.me/xxup1121 → 加群成功
2022-06-26 20:12:18 → 5511979992649 → https://t.me/TG006 → 加群成功
2022-06-26 20:12:32 → 5511969731734 → https://t.me/bozaiweb → 加群成功
2022-06-26 20:12:46 → 5511931796605 → https://t.me/chaoxi → 加群成功
2022-06-26 20:13:02 → 5511946827983 → https://t.me/hi628 → 加群成功
2022-06-26 20:13:18 → 6288289251969 → https://t.me/tg148 → 加群成功
2022-06-26 20:13:33 → 5511954046756 → https://t.me/xmarspace → 加群成功
2022-06-26 20:13:47 → 13526420263 → https://t.me/hi_official_chinese → 加群成功
2022-06-26 20:14:00 → 13479803524 → https://t.me/doge88 → 加群成功
2022-06-26 20:14:14 → 5511965461554 → https://t.me/BKEXChinese → 加群成功
2022-06-26 20:14:28 → 84586359306 → https://t.me/tg8848community → 加群成功
2022-06-26 20:14:42 → +905356353200 → https://t.me/x00008 → 加群失败：A wait of 4102 seconds is required (caused by ResolveUsernameRequest)
2022-06-26 20:14:54 → 5511968835278 → https://t.me/haojing168 → 加群成功
2022-06-26 20:15:08 → 13607498791 → https://t.me/olddriver_cdu → 加群成功
2022-06-26 20:15:22 → 13607173732 → https://t.me/trj_shore001 → 加群成功
2022-06-26 20:15:36 → 84586376294 → https://t.me/zhifubaojiefeng → 加群失败：掉线/或官方销号
2022-06-26 20:15:48 → 13606858594 → https://t.me/dyjiaoliu → 加群成功
2022-06-26 20:16:01 → 13479901723 → https://t.me/yueaijilu → 加群成功
2022-06-26 20:16:15 → +18768026324 → https://t.me/xuanchengolddriver → 加群成功
2022-06-26 20:16:29 → 5511946811081 → https://t.me/shore999888 → 加群成功
2022-06-26 20:16:43 → 13608892420 → https://t.me/WKLhuaren → 加群成功
2022-06-26 20:16:57 → 84584391085 → https://t.me/balance863 → 加群失败：掉线/或官方销号
2022-06-26 20:17:10 → 6289508396082 → https://t.me/HTCOLV → 加群成功
2022-06-26 20:17:24 → 13526232045 → https://t.me/myfreevpn → 加群成功
2022-06-26 20:17:38 → 6288224861584 → https://t.me/P541888888 → 加群成功
2022-06-26 20:17:52 → +218926983497 → https://t.me/bclm1 → 加群成功
2022-06-26 20:18:06 → 13526166754 → https://t.me/hi_Official_Chinese → 加群成功
2022-06-26 20:18:20 → 5511957049299 → https://t.me/iampua → 加群失败：掉线/或官方销号
2022-06-26 20:18:32 → 84586324327 → https://t.me/KavaChinese → 加群失败：掉线/或官方销号
2022-06-26 20:18:44 → 5511961085017 → https://t.me/xmsji → 加群成功
2022-06-26 20:18:58 → 6287735040576 → https://t.me/humanresource63 → 加群失败：No user has "humanresource63" as username
2022-06-26 20:19:10 → 13608891691 → https://t.me/crxs778 → 加群成功
2022-06-26 20:19:24 → +905356526723 → https://t.me/kaihesoft → 加群成功
2022-06-26 20:19:39 → 5511966779490 → https://t.me/xbdb01 → 加群成功
2022-06-26 20:19:53 → 5511946736417 → https://t.me/si1688 → 加群成功
2022-06-26 20:20:07 → 62881011010022 → https://t.me/YYL001 → 加群成功
2022-06-26 20:20:22 → 5511980588137 → https://t.me/gdr666 → 加群失败：Cannot cast InputPeerUser to any kind of InputChannel.
2022-06-26 20:20:33 → 5511962232370 → https://t.me/OKXGroup_CN → 加群成功
2022-06-26 20:20:47 → 5585999140560 → https://t.me/cdshouchang4 → 加群失败：掉线/或官方销号
2022-06-26 20:20:58 → 5511967906646 → https://t.me/kedoucloud → 加群失败：掉线/或官方销号
2022-06-26 20:21:10 → 5511966735971 → https://t.me/im0471 → 加群失败：群组禁止访问
2022-06-26 20:21:21 → 5511961448505 → https://t.me/dmzf8 → 加群成功
2022-06-26 20:21:35 → 5511957072605 → https://t.me/tsdb01 → 加群成功
2022-06-26 20:21:48 → 5501112759757 → https://t.me/php_group_cn → 加群成功
2022-06-26 20:22:04 → +201207951279 → https://t.me/linkdyh → 加群成功
2022-06-26 20:22:18 → +218926528532 → https://t.me/yuantoushuju5 → 加群成功
2022-06-26 20:22:33 → +252613734549 → https://t.me/goutui1113 → 加群成功
2022-06-26 20:22:48 → 84586376092 → https://t.me/zhenggui → 加群成功
2022-06-26 20:23:09 → +218926983497 → https://t.me/deep3695 → 加群成功
2022-06-26 20:23:22 → 13479901723 → https://t.me/dibaihrg009 → 加群成功
2022-06-26 20:23:36 → 6288289251969 → https://t.me/yuehui8 → 加群成功
2022-06-26 20:23:50 → 5511946811081 → https://t.me/qqxgqq → 加群成功
2022-06-26 20:24:04 → 62881011010022 → https://t.me/b12306 → 加群成功
2022-06-26 20:24:18 → +905356526723 → https://t.me/daishuvpn → 加群成功
2022-06-26 20:24:32 → 5511966779490 → https://t.me/zn88666 → 加群成功
2022-06-26 20:24:46 → +22966982593 → https://t.me/tglianmeng002 → 加群成功
2022-06-26 20:25:00 → 13479803524 → https://t.me/tgzhcn → 加群成功
2022-06-26 20:25:14 → 13526166754 → https://t.me/BinancePoolChinese → 加群成功
2022-06-26 20:25:28 → 13526128355 → https://t.me/daishoujiaoyi → 加群成功
2022-06-26 20:25:41 → +252613734549 → https://t.me/ai699 → 加群成功
2022-06-26 20:25:56 → 5511961448505 → https://t.me/tg088 → 加群成功
2022-06-26 20:26:09 → 5501112759757 → https://t.me/nbydxyk1 → 加群成功
2022-06-26 20:26:23 → 5511980588137 → https://t.me/olddriverhui → 加群成功
2022-06-26 20:26:37 → 6287735040576 → https://t.me/fluxdefi → 加群成功
2022-06-26 20:26:52 → 13603618895 → https://t.me/ysshuju1 → 加群成功
2022-06-26 20:27:06 → 84586359306 → https://t.me/xianliao01 → 加群成功
2022-06-26 20:27:20 → 13608892420 → https://t.me/se_talk → 加群成功
2022-06-26 20:27:34 → 5511966735971 → https://t.me/feihelp → 加群成功
2022-06-26 20:27:48 → 13526232045 → https://t.me/TG55555555555 → 加群成功
2022-06-26 20:28:01 → 5511957072605 → https://t.me/otcfl → 加群成功
2022-06-26 20:28:14 → 5511946736417 → https://t.me/ftx_chinese_official → 加群成功
2022-06-26 20:28:28 → +218926528532 → https://t.me/liaobshe → 加群成功
2022-06-26 20:28:43 → 84586376092 → https://t.me/sichouzhilu0 → 加群成功
2022-06-26 20:29:05 → 13606858594 → https://t.me/A_K_3A → 加群成功
2022-06-26 20:29:19 → 5511968835278 → https://t.me/cambodiacn → 加群失败：群组禁止访问
2022-06-26 20:29:30 → +18768026324 → https://t.me/daishoujiaoyi → 加群成功
2022-06-26 20:29:44 → 84586359306 → https://t.me/linkdyh → 加群成功
2022-06-26 20:29:58 → 5511979992649 → https://t.me/huiguophp → 加群成功
2022-06-26 20:30:12 → 13479803524 → https://t.me/gif128 → 加群成功
2022-06-26 20:30:26 → 5511962232370 → https://t.me/dmzf8 → 加群成功
2022-06-26 20:30:40 → 13608892420 → https://t.me/cdshouchang4 → 加群成功
2022-06-26 20:30:53 → +905356458418 → https://t.me/tg_king80 → 加群成功
2022-06-26 20:31:07 → 5511946736417 → https://t.me/YYL001 → 加群成功
2022-06-26 20:31:21 → 5511961448505 → https://t.me/TG907 → 加群成功
2022-06-26 20:31:36 → 5511931796605 → https://t.me/P541888888 → 加群成功
2022-06-26 20:31:50 → 13526166754 → https://t.me/discussimmigration → 加群成功
2022-06-26 20:32:04 → 13607173732 → https://t.me/xianliao01 → 加群成功
2022-06-26 20:32:18 → 13608891691 → https://t.me/olddriver_gd → 加群成功
2022-06-26 20:32:32 → +905356359617 → https://t.me/tg12389 → 加群成功
2022-06-26 20:32:46 → 13526420263 → https://t.me/tg0799 → 加群成功
2022-06-26 20:33:00 → 5511957072605 → https://t.me/laowangdan → 加群成功
2022-06-26 20:33:14 → 5511980588137 → https://t.me/tsdb01 → 加群成功
2022-06-26 20:33:28 → 5511946811081 → https://t.me/fastfish2 → 加群成功
2022-06-26 20:33:44 → +905356353200 → https://t.me/Shore999888 → 加群失败：A wait of 2960 seconds is required (caused by ResolveUsernameRequest)
2022-06-26 20:33:56 → 6287735040576 → https://t.me/fhaak8 → 加群成功
2022-06-26 20:34:11 → +353899485460 → https://t.me/BinanceChinese → 加群失败：掉线/或官方销号
2022-06-26 20:34:23 → 6288289251969 → https://t.me/shore999888 → 加群失败：群组禁止访问
2022-06-26 20:34:35 → 5511966779490 → https://t.me/dibai8880 → 加群成功
2022-06-26 20:34:49 → +905356526723 → https://t.me/pionexcn → 加群成功
2022-06-26 20:35:03 → 5501112759757 → https://t.me/zhuhai9 → 加群成功
2022-06-26 20:35:19 → 13603618895 → https://t.me/liuhedadui → 加群成功
2022-06-26 20:35:32 → 84586376092 → https://t.me/bitcoin_cn → 加群成功
2022-06-26 20:35:47 → 5511965461554 → https://t.me/dockertutorial → 加群失败：RPCError 400: INVITE_REQUEST_SENT (caused by JoinChannelRequest)
2022-06-26 20:35:59 → +201207951279 → https://t.me/chaoxi → 加群成功
2022-06-26 20:36:15 → 13526232045 → https://t.me/trj_shore001 → 加群成功
2022-06-26 20:36:29 → +218926983497 → https://t.me/tgdl128 → 加群成功
2022-06-26 20:36:43 → 13479901723 → https://t.me/weikang2020 → 加群成功
2022-06-26 20:36:57 → 5511966735971 → https://t.me/esmascript6 → 加群成功
2022-06-26 20:37:11 → +252613734549 → https://t.me/bacommu → 加群成功
2022-06-26 20:37:25 → 5511946827983 → https://t.me/qxinw → 加群成功
2022-06-26 20:37:39 → 6289508396082 → https://t.me/tgzhcn → 加群成功
2022-06-26 20:37:53 → 5511961085017 → https://t.me/zhifu7788 → 加群成功
2022-06-26 20:38:08 → 13526128355 → https://t.me/huobiglobal_zw → 加群成功
2022-06-26 20:38:22 → 5511954046756 → https://t.me/guminlaqun66 → 加群成功
2022-06-26 20:38:37 → 6288224861584 → https://t.me/officelearner → 加群成功
2022-06-26 20:38:53 → +218926528532 → https://t.me/yangjiangchannel → 加群成功
2022-06-26 20:39:07 → 13607498791 → https://t.me/huihui220 → 加群成功
2022-06-26 20:39:21 → +22966982593 → https://t.me/ytzx2 → 加群成功
2022-06-26 20:39:36 → 62881011010022 → https://t.me/doge88 → 加群成功
2022-06-26 20:39:50 → 5511969731734 → https://t.me/qwerdt1 → 加群成功
2022-06-26 20:40:09 → 13479901723 → https://t.me/tg6198 → 加群成功
2022-06-26 20:40:23 → +905356526723 → https://t.me/hzaxx → 加群成功
2022-06-26 20:40:38 → +218926528532 → https://t.me/se_talk → 加群成功
2022-06-26 20:40:51 → 5511969731734 → https://t.me/paofen315 → 加群成功
2022-06-26 20:41:05 → 13607173732 → https://t.me/google_win → 加群失败：群组禁止访问
2022-06-26 20:41:16 → 13607498791 → https://t.me/lkdxqf88 → 加群失败：群组禁止访问
2022-06-26 20:41:27 → 5511946811081 → https://t.me/readerbeta → 加群成功
2022-06-26 20:41:41 → 13608891691 → https://t.me/yuantoushuju5 → 加群成功
2022-06-26 20:41:55 → 6287735040576 → https://t.me/beiluochat → 加群成功
2022-06-26 20:42:12 → +905356359617 → https://t.me/haojiyou → 加群成功
2022-06-26 20:42:29 → 5511968835278 → https://t.me/wybf168168 → 加群成功
2022-06-26 20:42:43 → 5511946827983 → https://t.me/mikebill888 → 加群成功
2022-06-26 20:42:57 → 5511966735971 → https://t.me/wuhpay → 加群成功
2022-06-26 20:43:11 → 5511979992649 → https://t.me/DBhuaren1 → 加群成功
2022-06-26 20:43:25 → +905356353200 → https://t.me/quanqiushouhuo → 加群失败：A wait of 2379 seconds is required (caused by ResolveUsernameRequest)
2022-06-26 20:43:37 → +905356458418 → https://t.me/tg108 → 加群成功
2022-06-26 20:43:51 → 13479803524 → https://t.me/kavachinese → 加群成功
2022-06-26 20:44:05 → 84586376092 → https://t.me/btokcn_0016 → 加群成功
2022-06-26 20:44:19 → +22966982593 → https://t.me/qht888 → 加群失败：Nobody is using this username, or the username is unacceptable. If the latter, it must match r"[a-zA-Z][\w\d]{3,30}[a-zA-Z\d]" (caused by ResolveUsernameRequest)
2022-06-26 20:44:31 → +201207951279 → https://t.me/goutui → 加群成功
2022-06-26 20:44:47 → 13606858594 → https://t.me/tfwzclz → 加群成功
2022-06-26 20:45:02 → 5511965461554 → https://t.me/DIP9188 → 加群成功
2022-06-26 20:45:16 → 13526232045 → https://t.me/QQXGQQ → 加群成功
2022-06-26 20:45:30 → 6288289251969 → https://t.me/ca0505 → 加群成功
2022-06-26 20:45:44 → 5511980588137 → https://t.me/jfoisjfiodvfd → 加群成功
2022-06-26 20:45:58 → 5511962232370 → https://t.me/monstainfinitechinese → 加群成功
2022-06-26 20:46:12 → +218926983497 → https://t.me/akkcloud → 加群成功
2022-06-26 20:46:29 → +252613734549 → https://t.me/kaiheo → 加群成功
2022-06-26 20:46:44 → 13608892420 → https://t.me/TG188188 → 加群成功
2022-06-26 20:46:57 → 84586359306 → https://t.me/jiamidi → 加群成功
2022-06-26 20:47:11 → 6288224861584 → https://t.me/ml520 → 加群成功
2022-06-26 20:47:25 → +18768026324 → https://t.me/HTCOLV → 加群成功
2022-06-26 20:47:39 → 5511931796605 → https://t.me/ys52111 → 加群成功
2022-06-26 20:47:53 → 5511954046756 → https://t.me/seeyellow → 加群成功
2022-06-26 20:48:07 → 6289508396082 → https://t.me/changsha_dev → 加群成功
2022-06-26 20:48:21 → 13526420263 → https://t.me/btokofficial_03 → 加群成功
2022-06-26 20:48:35 → 5501112759757 → https://t.me/hi_Official_Chinese → 加群成功
2022-06-26 20:48:48 → 13526128355 → https://t.me/TG006 → 加群成功
2022-06-26 20:49:02 → 62881011010022 → https://t.me/xmsji → 加群成功
2022-06-26 20:49:16 → 13603618895 → https://t.me/xxup1121 → 加群成功
2022-06-26 20:49:30 → 5511957072605 → https://t.me/pingan66shop → 加群成功
2022-06-26 20:49:45 → 5511961085017 → https://t.me/xcarnival_chinese → 加群成功
2022-06-26 20:49:59 → 13526166754 → https://t.me/pingan66chadang → 加群成功
2022-06-26 20:50:13 → 5511946736417 → https://t.me/BIYONGOfficial0015 → 加群成功
2022-06-26 20:50:27 → 5511966779490 → https://t.me/huanxiangyouxi → 加群成功
2022-06-26 20:50:41 → 5511961448505 → https://t.me/tg8848community → 加群成功
2022-06-26 20:51:01 → +905356353200 → https://t.me/coinbetter_cn → 加群失败：A wait of 1923 seconds is required (caused by ResolveUsernameRequest)
2022-06-26 20:51:13 → 5511962232370 → https://t.me/homeassiant666 → 加群成功
2022-06-26 20:51:27 → 13608892420 → https://t.me/fw866 → 加群成功
2022-06-26 20:51:41 → 84586376092 → https://t.me/feihuaph → 加群成功
2022-06-26 20:51:55 → 6289508396082 → https://t.me/GouTuiClub → 加群失败：群组禁止访问
2022-06-26 20:52:07 → 13526166754 → https://t.me/server699 → 加群成功
2022-06-26 20:52:21 → +905356359617 → https://t.me/tg858 → 加群失败：No user has "tg858" as username
2022-06-26 20:52:33 → 5511969731734 → https://t.me/shenma001 → 加群成功
2022-06-26 20:52:47 → 5511961448505 → https://t.me/sq577 → 加群成功
2022-06-26 20:53:01 → 5511966779490 → https://t.me/blsq55 → 加群成功
2022-06-26 20:53:15 → 5511961085017 → https://t.me/humanresource63 → 加群失败：No user has "humanresource63" as username
2022-06-26 20:53:26 → 5511980588137 → https://t.me/asiaweed → 加群成功
2022-06-26 20:53:41 → 6288289251969 → https://t.me/binancechinese → 加群成功
2022-06-26 20:53:59 → 5511957072605 → https://t.me/mayishequ → 加群成功
2022-06-26 20:54:14 → 84586359306 → https://t.me/expressnode → 加群成功
2022-06-26 20:54:30 → +905356458418 → https://t.me/ysshuju1 → 加群成功
2022-06-26 20:54:44 → 5511966735971 → https://t.me/zhongshandidi → 加群成功
2022-06-26 20:54:58 → 6287735040576 → https://t.me/qqlsj → 加群成功
2022-06-26 20:55:12 → 13526420263 → https://t.me/xbdb01 → 加群成功
2022-06-26 20:55:26 → 13608891691 → https://t.me/three001 → 加群成功
2022-06-26 20:55:40 → +218926983497 → https://t.me/zeronetzh → 加群成功
2022-06-26 20:55:55 → +201207951279 → https://t.me/PHMAKA107 → 加群成功
2022-06-26 20:56:09 → 13479901723 → https://t.me/chatssr → 加群成功
2022-06-26 20:56:25 → 5511968835278 → https://t.me/hi_official_chinese → 加群成功
2022-06-26 20:56:39 → 5511946736417 → https://t.me/goutui1113 → 加群成功
2022-06-26 20:56:53 → 5511954046756 → https://t.me/dhjlq → 加群成功
2022-06-26 20:57:07 → +22966982593 → https://t.me/tg166 → 加群成功
2022-06-26 20:57:23 → 5511946827983 → https://t.me/liaobshe → 加群成功
2022-06-26 20:57:37 → 13526232045 → https://t.me/zzlsjbyq → 加群成功
2022-06-26 20:57:50 → 13607173732 → https://t.me/AlgorandFoundationCN → 加群成功
2022-06-26 20:58:04 → +18768026324 → https://t.me/zscd18 → 加群成功
2022-06-26 20:58:18 → 5501112759757 → https://t.me/yamzcunziyuanduij → 加群成功
2022-06-26 20:58:32 → 13607498791 → https://t.me/radiocacaasian → 加群成功
2022-06-26 20:58:46 → 5511946811081 → https://t.me/dubaiqq918 → 加群成功
2022-06-26 20:59:00 → +218926528532 → https://t.me/heyuedashen1 → 加群成功
2022-06-26 20:59:14 → 13479803524 → https://t.me/botong002 → 加群成功
2022-06-26 20:59:28 → +905356526723 → https://t.me/Dingshia → 加群成功
2022-06-26 20:59:42 → 5511965461554 → https://t.me/olddriversh → 加群成功
2022-06-26 20:59:57 → 6288224861584 → https://t.me/USTCtg → 加群成功
2022-06-26 21:00:11 → 62881011010022 → https://t.me/pg528 → 加群成功
2022-06-26 21:00:25 → 13603618895 → https://t.me/a_k_3a → 加群成功
2022-06-26 21:00:39 → 5511979992649 → https://t.me/fhlmteam → 加群成功
2022-06-26 21:00:53 → 5511931796605 → https://t.me/dibai778899 → 加群失败：群组禁止访问
2022-06-26 21:01:04 → 13526128355 → https://t.me/phbbs → 加群成功
2022-06-26 21:01:18 → 13606858594 → https://t.me/MDhuaren1 → 加群成功
2022-06-26 21:01:31 → +252613734549 → https://t.me/tg006 → 加群成功
2022-06-26 21:01:51 → 5511966735971 → https://t.me/tcelue1 → 加群成功
2022-06-26 21:02:05 → 13526128355 → https://t.me/tianziusdt → 加群成功
2022-06-26 21:02:19 → 5501112759757 → https://t.me/huaxingyl8 → 加群失败：No user has "huaxingyl8" as username
2022-06-26 21:02:30 → 5511946827983 → https://t.me/FHLMTEAM → 加群成功
2022-06-26 21:02:43 → 5511946736417 → https://t.me/daishou44 → 加群成功
2022-06-26 21:03:12 → 5511961085017 → https://t.me/dibai12 → 加群成功
2022-06-26 21:03:27 → +905356359617 → https://t.me/btokcn_0014 → 加群成功
2022-06-26 21:03:41 → 5511961448505 → https://t.me/chlmzy → 加群成功
2022-06-26 21:03:55 → 13608891691 → https://t.me/yugzf → 加群成功
2022-06-26 21:04:09 → 13607173732 → https://t.me/tgdibai168 → 加群成功
2022-06-26 21:04:23 → 5511979992649 → https://t.me/olddriver_cdu → 加群成功
2022-06-26 21:04:37 → 6288224861584 → https://t.me/galaxyheroescn → 加群成功
2022-06-26 21:04:52 → +905356458418 → https://t.me/yueaijilu → 加群成功
2022-06-26 21:05:06 → +22966982593 → https://t.me/xysbbs → 加群成功
2022-06-26 21:05:20 → 6288289251969 → https://t.me/liang1112233 → 加群成功
2022-06-26 21:05:34 → +218926983497 → https://t.me/gibxchange_cn → 加群失败：群组禁止访问
2022-06-26 21:05:47 → 6287735040576 → https://t.me/huizhouqun → 加群成功
2022-06-26 21:06:01 → 5511966779490 → https://t.me/ltq33 → 加群成功
2022-06-26 21:06:15 → 84586376092 → https://t.me/html66 → 加群成功
2022-06-26 21:06:29 → 13606858594 → https://t.me/dayofdefeatcn → 加群成功
2022-06-26 21:06:42 → +201207951279 → https://t.me/zhongwen6 → 加群成功
2022-06-26 21:06:56 → +905356353200 → https://t.me/lasihaima266 → 加群失败：A wait of 968 seconds is required (caused by ResolveUsernameRequest)
2022-06-26 21:07:08 → 84586359306 → https://t.me/sichouzhilu0 → 加群成功
2022-06-26 21:07:23 → 13479901723 → https://t.me/guangdongyue → 加群成功
2022-06-26 21:07:36 → 62881011010022 → https://t.me/myfreevpn → 加群成功
2022-06-26 21:07:50 → 5511969731734 → https://t.me/BKEXChinese → 加群成功
2022-06-26 21:08:05 → +218926528532 → https://t.me/BinancePoolChinese → 加群成功
2022-06-26 21:08:20 → +905356526723 → https://t.me/iampua → 加群成功
2022-06-26 21:08:34 → 5511931796605 → https://t.me/Socks55555 → 加群成功
2022-06-26 21:08:48 → 13526232045 → https://t.me/si1688 → 加群成功
2022-06-26 21:09:02 → 5511946811081 → https://t.me/usdtdfds → 加群成功
2022-06-26 21:09:16 → 5511962232370 → https://t.me/im0471 → 加群成功
2022-06-26 21:09:30 → 13526420263 → https://t.me/olddriver_fs → 加群失败：群组禁止访问
2022-06-26 21:09:41 → 5511965461554 → https://t.me/tglianmeng002 → 加群成功
2022-06-26 21:09:55 → 13479803524 → https://t.me/liuxingsq → 加群成功
2022-06-26 21:10:10 → 13526166754 → https://t.me/tg771 → 加群成功
2022-06-26 21:10:24 → 13603618895 → https://t.me/yxbjx → 加群成功
2022-06-26 21:10:38 → 5511954046756 → https://t.me/yyl001 → 加群成功
2022-06-26 21:10:52 → 5511968835278 → https://t.me/maticnetwork_china → 加群成功
2022-06-26 21:11:06 → +252613734549 → https://t.me/zb_support → 加群成功
2022-06-26 21:11:21 → 13607498791 → https://t.me/tg_88888 → 加群成功
2022-06-26 21:11:35 → 5511980588137 → https://t.me/shenzhencity → 加群失败：群组禁止访问
2022-06-26 21:11:46 → 5511957072605 → https://t.me/hgmhxz → 加群成功
2022-06-26 21:12:00 → 6289508396082 → https://t.me/Gm0008 → 加群成功
2022-06-26 21:12:14 → 13608892420 → https://t.me/TG110 → 加群成功
2022-06-26 21:12:28 → +18768026324 → https://t.me/fw992 → 加群成功
2022-06-26 21:12:48 → 5511946827983 → https://t.me/flea66 → 加群成功
2022-06-26 21:13:02 → 5511954046756 → https://t.me/ak11828 → 加群成功
2022-06-26 21:13:15 → +905356353200 → https://t.me/otcfl → 加群失败：A wait of 589 seconds is required (caused by ResolveUsernameRequest)
2022-06-26 21:13:27 → 5511931796605 → https://t.me/x00008 → 加群成功
2022-06-26 21:13:43 → 5511946736417 → https://t.me/australiasydneychat → 加群成功
2022-06-26 21:13:57 → 13607498791 → https://t.me/network50_chat → 加群成功
2022-06-26 21:14:14 → 84586376092 → https://t.me/njwwjpxc → 加群成功
2022-06-26 21:14:27 → 13526232045 → https://t.me/jianpuzai777 → 加群失败：群组禁止访问
2022-06-26 21:14:38 → 5511969731734 → https://t.me/tiandeng88 → 加群成功
2022-06-26 21:14:51 → 13603618895 → https://t.me/yidaoshou2 → 加群成功
2022-06-26 21:15:05 → 6287735040576 → https://t.me/mf_group → 加群成功
2022-06-26 21:15:19 → 5511957072605 → https://t.me/polkadotzh → 加群成功
2022-06-26 21:15:33 → +201207951279 → https://t.me/bzzone → 加群成功
2022-06-26 21:15:47 → 5511968835278 → https://t.me/aomenliuhe88 → 加群成功
2022-06-26 21:16:01 → 62881011010022 → https://t.me/WKLhuaren → 加群成功
2022-06-26 21:16:15 → 13526128355 → https://t.me/zscd1 → 加群成功
2022-06-26 21:16:29 → 13479803524 → https://t.me/shell66666 → 加群成功
2022-06-26 21:16:44 → +905356458418 → https://t.me/zaozhuang1 → 加群成功
2022-06-26 21:16:57 → 5511961085017 → https://t.me/bdzycom → 加群成功
2022-06-26 21:17:11 → +218926528532 → https://t.me/olddrivergd → 加群成功
2022-06-26 21:17:25 → 5501112759757 → https://t.me/Sz1888 → 加群成功
2022-06-26 21:17:39 → 13526166754 → https://t.me/gz3388 → 加群成功
2022-06-26 21:17:55 → +22966982593 → https://t.me/zn88666 → 加群成功
2022-06-26 21:18:09 → 13607173732 → https://t.me/socks55555 → 加群成功
2022-06-26 21:18:24 → 6288289251969 → https://t.me/ak99yunmlsxfgds → 加群成功
2022-06-26 21:18:41 → +252613734549 → https://t.me/zhifubaojiefeng → 加群成功
2022-06-26 21:18:55 → 5511966735971 → https://t.me/loufenha → 加群成功
2022-06-26 21:19:09 → 5511965461554 → https://t.me/TG55555555555 → 加群成功
2022-06-26 21:19:23 → 13608892420 → https://t.me/mla9999 → 加群成功
2022-06-26 21:19:37 → 6288224861584 → https://t.me/sanfang53 → 加群成功
2022-06-26 21:20:07 → 5511962232370 → https://t.me/saltyleo_blog → 加群成功
2022-06-26 21:20:21 → 5511980588137 → https://t.me/bozaiweb → 加群成功
2022-06-26 21:20:36 → 5511946811081 → https://t.me/Zoey052697 → 加群成功
2022-06-26 21:20:51 → +905356526723 → https://t.me/chinadarknet → 加群成功
2022-06-26 21:21:05 → 84586359306 → https://t.me/php_group_cn → 加群成功
2022-06-26 21:21:21 → 13479901723 → https://t.me/fwbzy → 加群成功
2022-06-26 21:21:35 → 5511961448505 → https://t.me/feihelp → 加群成功
2022-06-26 21:21:49 → +218926983497 → https://t.me/binzhouqun → 加群成功
2022-06-26 21:22:02 → 13606858594 → https://t.me/gboxtg → 加群成功
2022-06-26 21:22:16 → +18768026324 → https://t.me/justmysockscn → 加群成功
2022-06-26 21:22:32 → 5511966779490 → https://t.me/tronnetworkcn → 加群成功
2022-06-26 21:22:46 → 5511979992649 → https://t.me/binance_api_chinese → 加群成功
2022-06-26 21:23:00 → 13608891691 → https://t.me/chaguaner → 加群成功
2022-06-26 21:23:13 → 13526420263 → https://t.me/crxs778 → 加群成功
2022-06-26 21:23:28 → +905356359617 → https://t.me/zfb_qq → 加群成功
2022-06-26 21:23:42 → 6289508396082 → https://t.me/diyidaifu → 加群成功
2022-06-26 21:24:04 → +218926983497 → https://t.me/xuanchengolddriver → 加群成功
2022-06-26 21:24:18 → 5511946736417 → https://t.me/hi628 → 加群成功
2022-06-26 21:24:34 → 5511969731734 → https://t.me/dfsdaeaw → 加群失败：Nobody is using this username, or the username is unacceptable. If the latter, it must match r"[a-zA-Z][\w\d]{3,30}[a-zA-Z\d]" (caused by ResolveUsernameRequest)
2022-06-26 21:24:45 → +18768026324 → https://t.me/appssweepstakes → 加群成功
2022-06-26 21:25:02 → 6288289251969 → https://t.me/axujj → 加群成功
2022-06-26 21:25:16 → 13479901723 → https://t.me/TGhuaren1 → 加群成功
2022-06-26 21:25:30 → 5511979992649 → https://t.me/tg328 → 加群失败：群组禁止访问
2022-06-26 21:25:41 → 13608892420 → https://t.me/kaihesoft → 加群成功
2022-06-26 21:25:56 → 6287735040576 → https://t.me/db_lm → 加群成功
2022-06-26 21:26:11 → 6288224861584 → https://t.me/shuju888666 → 加群成功
2022-06-26 21:26:26 → +218926528532 → https://t.me/qianmin → 加群成功
2022-06-26 21:26:43 → 5501112759757 → https://t.me/ssunion → 加群成功
2022-06-26 21:26:56 → 13606858594 → https://t.me/dibai918 → 加群成功
2022-06-26 21:27:10 → 5511931796605 → https://t.me/tg088 → 加群成功
2022-06-26 21:27:23 → 13526420263 → https://t.me/chaxun2020 → 加群失败：No user has "chaxun2020" as username
2022-06-26 21:27:34 → 62881011010022 → https://t.me/ai699 → 加群成功
2022-06-26 21:27:49 → 5511957072605 → https://t.me/faka58 → 加群成功
2022-06-26 21:28:03 → +22966982593 → https://t.me/AlipayJiFu → 加群成功
2022-06-26 21:28:17 → 84586359306 → https://t.me/juliang666 → 加群成功
2022-06-26 21:28:31 → 5511946827983 → https://t.me/balance863 → 加群成功
2022-06-26 21:28:45 → 5511966779490 → https://t.me/wy173 → 加群成功
2022-06-26 21:28:59 → 13607498791 → https://t.me/KavaChinese → 加群成功
2022-06-26 21:29:13 → 5511946811081 → https://t.me/szhkfun → 加群失败：群组禁止访问
2022-06-26 21:29:24 → 13603618895 → https://t.me/fg528 → 加群成功
2022-06-26 21:29:38 → 5511980588137 → https://t.me/BikingChineseGroup → 加群失败：群组禁止访问
2022-06-26 21:29:50 → +201207951279 → https://t.me/tg148 → 加群成功
2022-06-26 21:30:04 → +905356526723 → https://t.me/daishuvpn → 加群失败：群组禁止访问
2022-06-26 21:30:16 → 13526232045 → https://t.me/paofen1688 → 加群成功
2022-06-26 21:30:30 → 13479803524 → https://t.me/InWebDarkNET → 加群成功
2022-06-26 21:30:44 → 5511961085017 → https://t.me/qqxgqq → 加群成功
2022-06-26 21:30:57 → 5511962232370 → https://t.me/ccv348 → 加群成功
2022-06-26 21:31:11 → +252613734549 → https://t.me/dijia02 → 加群成功
2022-06-26 21:31:25 → 5511965461554 → https://t.me/b12306 → 加群成功
2022-06-26 21:31:40 → +905356458418 → https://t.me/quanzhangshequ → 加群成功
2022-06-26 21:31:54 → 5511954046756 → https://t.me/fluxdefi → 加群成功
2022-06-26 21:32:08 → 5511966735971 → https://t.me/olddrivercd → 加群成功
2022-06-26 21:32:21 → +905356353200 → https://t.me/aofexcn → 加群成功
2022-06-26 21:32:35 → 13526128355 → https://t.me/pcptm → 加群成功
2022-06-26 21:32:49 → 6289508396082 → https://t.me/frontend_talk → 加群成功
2022-06-26 21:33:05 → +905356359617 → https://t.me/goutuiclub → 加群成功
2022-06-26 21:33:21 → 13526166754 → https://t.me/dibaifa → 加群成功
2022-06-26 21:33:35 → 5511968835278 → https://t.me/olddriverhui → 加群成功
2022-06-26 21:33:49 → 13607173732 → https://t.me/ftx_chinese_official → 加群成功
2022-06-26 21:34:04 → 84586376092 → https://t.me/HuNanTG → 加群成功
2022-06-26 21:34:20 → 13608891691 → https://t.me/CvvinternalOrganization → 加群成功
2022-06-26 21:34:36 → 5511961448505 → https://t.me/tg1949521 → 加群成功
2022-06-26 21:34:56 → 13479803524 → https://t.me/bkexchinese → 加群成功
2022-06-26 21:35:10 → 6287735040576 → https://t.me/usdthuzhu3 → 加群成功
2022-06-26 21:35:24 → 5511979992649 → https://t.me/Fkzy_Group → 加群成功
2022-06-26 21:35:39 → 6289508396082 → https://t.me/yuehui8 → 加群成功
2022-06-26 21:35:52 → 13607173732 → https://t.me/kedoucloud → 加群成功
2022-06-26 21:36:06 → 5511969731734 → https://t.me/myanmarcn → 加群成功
2022-06-26 21:36:23 → +905356526723 → https://t.me/programertalk → 加群成功
2022-06-26 21:36:36 → 13607498791 → https://t.me/wangzhuanusdt → 加群成功
2022-06-26 21:36:50 → +22966982593 → https://t.me/gdr666 → 加群失败：Cannot cast InputPeerUser to any kind of InputChannel.
2022-06-26 21:37:02 → 13526232045 → https://t.me/pshqo → 加群成功
2022-06-26 21:37:16 → 5511962232370 → https://t.me/haojing168 → 加群成功
2022-06-26 21:37:30 → +905356359617 → https://t.me/tuishouLL01 → 加群成功
2022-06-26 21:37:44 → 13526420263 → https://t.me/ckidc666 → 加群失败：群组禁止访问
2022-06-26 21:37:56 → 6288289251969 → https://t.me/TGlianmeng002 → 加群成功
2022-06-26 21:38:10 → 5501112759757 → https://t.me/xbzijian → 加群成功
2022-06-26 21:38:26 → 13606858594 → https://t.me/TG12389 → 加群成功
2022-06-26 21:38:40 → 13608892420 → https://t.me/nwdr888 → 加群成功
2022-06-26 21:38:54 → +252613734549 → https://t.me/usdtbmw → 加群成功
2022-06-26 21:39:08 → 13479901723 → https://t.me/xmarspace → 加群成功
2022-06-26 21:39:22 → 5511966779490 → https://t.me/mljlq → 加群失败：群组禁止访问
2022-06-26 21:39:33 → 13603618895 → https://t.me/huanqian35 → 加群成功
2022-06-26 21:40:02 → 62881011010022 → https://t.me/tg96110 → 加群成功
2022-06-26 21:40:16 → 6288224861584 → https://t.me/qingroup → 加群成功
2022-06-26 21:40:31 → +218926528532 → https://t.me/zhenggui → 加群成功
2022-06-26 21:40:44 → 5511968835278 → https://t.me/www589qkcom → 加群成功
2022-06-26 21:40:58 → 5511961448505 → https://t.me/dbf6666 → 加群成功
2022-06-26 21:41:11 → +218926983497 → https://t.me/xxg863 → 加群成功
2022-06-26 21:41:25 → 13526166754 → https://t.me/kkkttt369 → 加群成功
2022-06-26 21:41:40 → +905356458418 → https://t.me/xiaohao2018 → 加群成功
2022-06-26 21:41:53 → +18768026324 → https://t.me/lbank_cn → 加群成功
2022-06-26 21:42:08 → +201207951279 → https://t.me/ziyuan2 → 加群成功
2022-06-26 21:42:23 → 84586359306 → https://t.me/guiyangpapa → 加群成功
2022-06-26 21:42:37 → +905356353200 → https://t.me/wwxcxinting → 加群成功
2022-06-26 21:42:51 → 5511946811081 → https://t.me/sakura_cloud → 加群成功
2022-06-26 21:43:05 → 5511966735971 → https://t.me/tokaucn → 加群成功
2022-06-26 21:43:19 → 13608891691 → https://t.me/Nst_WP → 加群成功
2022-06-26 21:43:33 → 5511980588137 → https://t.me/hunantg → 加群成功
2022-06-26 21:43:49 → 84586376092 → https://t.me/paofen33 → 加群成功
2022-06-26 21:44:04 → 5511961085017 → https://t.me/dibaicn → 加群成功
2022-06-26 21:44:20 → 5511965461554 → https://t.me/wubuxianjingziyuan → 加群成功
2022-06-26 21:44:34 → 5511946736417 → https://t.me/vfucloud → 加群成功
2022-06-26 21:44:48 → 5511954046756 → https://t.me/dyjiaoliu → 加群成功
2022-06-26 21:45:02 → 13526128355 → https://t.me/bclm1 → 加群成功
2022-06-26 21:45:15 → 5511957072605 → https://t.me/gdsjq → 加群成功
2022-06-26 21:45:29 → 5511931796605 → https://t.me/universityalliance → 加群成功
2022-06-26 21:45:45 → 5511946827983 → https://t.me/bandwagonhostgroup → 加群成功
2022-06-26 21:46:06 → +218926983497 → https://t.me/nbydxyk1 → 加群成功
2022-06-26 21:46:20 → 5511979992649 → https://t.me/yuantoushuju4 → 加群成功
2022-06-26 21:46:34 → 13608891691 → https://t.me/lendhub → 加群成功
2022-06-26 21:46:48 → 13606858594 → https://t.me/allswapcn → 加群成功
2022-06-26 21:47:02 → 5511969731734 → https://t.me/dibaihrg009 → 加群成功
2022-06-26 21:47:16 → 5511957072605 → https://t.me/daishou15 → 加群成功
2022-06-26 21:47:45 → 13526232045 → https://t.me/OKXGroup_CN → 加群成功
2022-06-26 21:47:59 → 13607498791 → https://t.me/avnrichchinese_chat → 加群成功
2022-06-26 21:48:14 → +905356458418 → https://t.me/raicoincn → 加群成功
2022-06-26 21:48:28 → 5511966735971 → https://t.me/v2rayn → 加群成功
2022-06-26 21:48:43 → +905356526723 → https://t.me/huichan_com_grp → 加群成功
2022-06-26 21:48:56 → 5511946736417 → https://t.me/aiweisi888 → 加群成功
2022-06-26 21:49:10 → 13526128355 → https://t.me/CKidc666 → 加群失败：群组禁止访问
2022-06-26 21:49:21 → 5511931796605 → https://t.me/deep3695 → 加群成功
2022-06-26 21:49:36 → +22966982593 → https://t.me/light_up_comm → 加群成功
2022-06-26 21:49:54 → 5511961085017 → https://t.me/dbjlq1 → 加群成功
2022-06-26 21:50:08 → 13526166754 → https://t.me/biboxgroup → 加群失败：群组禁止访问
2022-06-26 21:50:19 → 5511954046756 → https://t.me/kachahu → 加群成功
2022-06-26 21:50:34 → 13526420263 → https://t.me/TG0188 → 加群成功
2022-06-26 21:50:48 → 13479901723 → https://t.me/cndumpschat → 加群失败：Nobody is using this username, or the username is unacceptable. If the latter, it must match r"[a-zA-Z][\w\d]{3,30}[a-zA-Z\d]" (caused by ResolveUsernameRequest)
2022-06-26 23:43:50 → 6288224861584 → https://t.me/tg858 → 加群失败：No user has "tg858" as username
2022-06-26 23:43:55 → 5511965461554 → https://t.me/lbank_cn → 加群成功
2022-06-26 23:44:08 → 5511946736417 → https://t.me/huobiglobal_zw → 加群成功
2022-06-26 23:44:23 → 6287735040576 → https://t.me/biboxgroup → 加群成功
2022-06-26 23:44:36 → 5511966735971 → https://t.me/dyjiaoliu → 加群成功
2022-06-26 23:44:50 → 5511961085017 → https://t.me/hi_official_chinese → 加群成功
2022-06-26 23:45:05 → 6288224861584 → https://t.me/chaguaner → 加群成功
2022-06-26 23:45:18 → 5511962232370 → https://t.me/chaxun2020 → 加群失败：No user has "chaxun2020" as username
2022-06-26 23:45:29 → 5511946811081 → https://t.me/tg166 → 加群成功
2022-06-26 23:45:43 → 13607498791 → https://t.me/tgzhcn → 加群成功
2022-06-26 23:45:58 → +218926983497 → https://t.me/feihelp → 加群成功
2022-06-26 23:46:12 → 13526232045 → https://t.me/bandwagonhostgroup → 加群成功
2022-06-26 23:46:26 → 13607173732 → https://t.me/mf_group → 加群成功
2022-06-26 23:46:40 → 62881011010022 → https://t.me/TGhuaren1 → 加群成功
2022-06-26 23:46:53 → 13606858594 → https://t.me/olddriversh → 加群成功
2022-06-26 23:47:07 → 5501112759757 → https://t.me/tsdb01 → 加群成功
2022-06-26 23:47:21 → 5511979992649 → https://t.me/qqxgqq → 加群成功
2022-06-26 23:47:35 → +905356359617 → https://t.me/xuanchengolddriver → 加群成功
2022-06-26 23:47:50 → +218926528532 → https://t.me/faka58 → 加群成功
2022-06-26 23:48:04 → 5511980588137 → https://t.me/saltyleo_blog → 加群成功
2022-06-26 23:48:20 → 5511946827983 → https://t.me/huichan_com_grp → 加群成功
2022-06-26 23:48:34 → 13526420263 → https://t.me/USTCtg → 加群成功
2022-06-26 23:48:48 → 5511931796605 → https://t.me/loufenha → 加群成功
2022-06-26 23:49:02 → 13603618895 → https://t.me/huiguophp → 加群失败：群组禁止访问
2022-06-26 23:49:13 → 13608892420 → https://t.me/binancechinese → 加群成功
2022-06-26 23:49:27 → 13526166754 → https://t.me/sakura_cloud → 加群成功
2022-06-26 23:49:42 → 84586376092 → https://t.me/crxs778 → 加群成功
2022-06-26 23:49:55 → 13608891691 → https://t.me/x00008 → 加群成功
2022-06-26 23:50:10 → +201207951279 → https://t.me/guiyangpapa → 加群成功
2022-06-26 23:50:23 → +18768026324 → https://t.me/expressnode → 加群成功
2022-06-26 23:50:37 → +905356526723 → https://t.me/jianpuzai777 → 加群成功
2022-06-26 23:50:54 → 5511968835278 → https://t.me/tg12389 → 加群成功
2022-06-26 23:51:09 → 6288289251969 → https://t.me/ak99yunmlsxfgds → 加群成功
2022-06-26 23:51:25 → +905356353200 → https://t.me/wangzhuanusdt → 加群成功
2022-06-26 23:51:54 → 13479901723 → https://t.me/xbdb01 → 加群成功
2022-06-26 23:52:08 → 5511969731734 → https://t.me/haojiyou → 加群成功
2022-06-26 23:52:24 → 13526128355 → https://t.me/bdzycom → 加群成功
2022-06-26 23:52:38 → +905356458418 → https://t.me/wwxcxinting → 加群成功
2022-06-26 23:52:52 → 5511957072605 → https://t.me/kkkttt369 → 加群成功
2022-06-26 23:53:06 → 5511961448505 → https://t.me/trj_shore001 → 加群成功
2022-06-26 23:53:20 → 13479803524 → https://t.me/zhongwen6 → 加群成功
2022-06-26 23:53:35 → 84586359306 → https://t.me/liaobshe → 加群成功
2022-06-26 23:53:50 → 6289508396082 → https://t.me/olddriverhui → 加群成功
2022-06-26 23:54:06 → 5511966779490 → https://t.me/yamzcunziyuanduij → 加群成功
2022-06-26 23:54:19 → +22966982593 → https://t.me/WKLhuaren → 加群成功
2022-06-26 23:54:33 → +252613734549 → https://t.me/dibaifa → 加群成功
2022-06-26 23:54:47 → 5511954046756 → https://t.me/liuxingsq → 加群成功
2022-06-26 23:55:09 → 6287735040576 → https://t.me/CKidc666 → 加群成功
2022-06-26 23:55:23 → 13607173732 → https://t.me/readerbeta → 加群成功
2022-06-26 23:55:38 → +201207951279 → https://t.me/mljlq → 加群成功
2022-06-26 23:55:52 → 13606858594 → https://t.me/a_k_3a → 加群成功
2022-06-26 23:56:06 → +905356353200 → https://t.me/YYL001 → 加群成功
2022-06-26 23:56:20 → 5511961448505 → https://t.me/ytzx2 → 加群成功
2022-06-26 23:56:35 → 84586359306 → https://t.me/kavachinese → 加群成功
2022-06-26 23:56:49 → 5511954046756 → https://t.me/humanresource63 → 加群失败：No user has "humanresource63" as username
2022-06-26 23:57:00 → 13479803524 → https://t.me/dubaiqq918 → 加群成功
2022-06-26 23:57:14 → 13603618895 → https://t.me/BinanceChinese → 加群成功
2022-06-26 23:57:28 → 13526128355 → https://t.me/guminlaqun66 → 加群成功
2022-06-26 23:57:42 → 5511946736417 → https://t.me/pshqo → 加群成功
2022-06-26 23:57:55 → 5511979992649 → https://t.me/goutui → 加群成功
2022-06-26 23:58:12 → +22966982593 → https://t.me/Nst_WP → 加群成功
2022-06-26 23:58:26 → +905356359617 → https://t.me/Dingshia → 加群成功
2022-06-26 23:58:39 → 5511931796605 → https://t.me/paofen33 → 加群成功
2022-06-26 23:58:54 → 5511969731734 → https://t.me/chlmzy → 加群成功
2022-06-26 23:59:08 → 84586376092 → https://t.me/goutui1113 → 加群成功
2022-06-26 23:59:21 → 5511961085017 → https://t.me/zeronetzh → 加群成功
2022-06-26 23:59:35 → +905356458418 → https://t.me/tg771 → 加群成功
2022-06-26 23:59:50 → 62881011010022 → https://t.me/BIYONGOfficial0015 → 加群成功