
2022-06-30 13:37:52 → 19108891339 → https://t.me/+4-TIERdkNVVmY2Ix → 加群成功
2022-06-30 13:38:18 → 19092811521 → https://t.me/+X_itTArL40g1ZWI5 → 加群失败：https://t.me/+X_itTArL40g1ZWI5 用户尝试加入的聊天已过期且不再有效（由 ImportChatInviteRequest 引起）
2022-06-30 13:38:33 → 19094172099 → https://t.me/+mHS4ouK1WS81ODdl → 加群成功
2022-06-30 13:38:51 → +218926528532 → https://t.me/+j8GV22yY5x5lM2Jh → 加群成功
2022-06-30 13:39:12 → 13526232045 → https://t.me/+3SrSrS52L785Yjg1 → 加群成功
2022-06-30 13:39:35 → 19094927554 → https://t.me/+B7AquUh1jWpkNjQx → 加群成功
2022-06-30 13:39:56 → 5511946811081 → https://t.me/+O75V72V3_f9mZDk1 → 加群成功
2022-06-30 13:40:15 → 19102406976 → https://t.me/+q9iWwMyPl485YzE1 → 加群成功
2022-06-30 13:40:31 → 5501112759757 → https://t.me/+XA-AFUSIJMBjY2Fh → 加群失败：https://t.me/+XA-AFUSIJMBjY2Fh 用户尝试加入的聊天已过期且不再有效（由 ImportChatInviteRequest 引起）
2022-06-30 13:40:51 → 13602182438 → https://t.me/joinchat/HHeAr1ELdNEOXqw3U8Ts0w → 加群成功
2022-06-30 13:41:07 → 19095362850 → https://t.me/+54gl7-9CGNExOTQx → 加群成功
2022-06-30 13:41:25 → 5511946044550 → https://t.me/+d8XzUzLwhhU1YWVl → 加群成功
2022-06-30 13:41:44 → 19093403629 → https://t.me/+-jAPlPqNLng3NTk1 → 加群失败：https://t.me/+-jAPlPqNLng3NTk1 用户尝试加入的聊天已过期且不再有效（由 ImportChatInviteRequest 引起）
2022-06-30 13:42:09 → 13479803524 → https://t.me/+K5t6qDH-guk2ZmNl → 加群成功
2022-06-30 13:42:21 → 5511957044467 → https://t.me/+qi9K7Bo2Y8Y3ZWY9 → 加群失败：https://t.me/+qi9K7Bo2Y8Y3ZWY9 用户尝试加入的聊天已过期且不再有效（由 ImportChatInviteRequest 引起）
2022-06-30 13:42:43 → 19104608778 → https://t.me/+40-bqGDev2g3NGZl → 加群成功
2022-06-30 13:43:08 → +905356526723 → https://t.me/+7NnqHySmWQM2ODU9 → 加群成功
2022-06-30 13:43:26 → 19093592961 → https://t.me/+rgxcUm5Dp35mYWI1 → 加群成功
2022-06-30 13:43:51 → 19108887818 → https://t.me/+IgxjgT8EJP0wZGI1 → 加群成功
2022-06-30 13:44:10 → 5562992159154 → https://t.me/+X98YxeYTiqcxYzA9 → 加群成功
2022-06-30 13:44:29 → 19105028240 → https://t.me/+HjBnsQsrMc44ZmNl → 加群成功
2022-06-30 13:44:49 → 5511968835278 → https://t.me/joinchat/rDC8WhyDHDg0Yzhl → 加群成功
2022-06-30 13:45:13 → +905356353200 → https://t.me/+Qda8QNJzsX4yNjVl → 加群成功
2022-06-30 13:45:39 → 13527291197 → https://t.me/+mrJcyx4RlCoyZDE9 → 加群成功
2022-06-30 13:46:01 → +218926983497 → https://t.me/+QmtEDlDoYLlkMGVl → 加群成功
2022-06-30 13:46:20 → +18768026324 → https://t.me/+BSga9DevIIg5YTQ1 → 加群成功
2022-06-30 13:46:34 → 84586359306 → https://t.me/+AGovixe_eoE4NDNh → 加群成功
2022-06-30 13:47:01 → 84586376092 → https://t.me/+hwGafTyi3tIxMzc1 → 加群成功
2022-06-30 13:47:23 → 5511961448505 → https://t.me/+owVJEPVLlZpiOGUx → 加群失败：https://t.me/+owVJEPVLlZpiOGUx 用户尝试加入的聊天已过期且不再有效（由 ImportChatInviteRequest 引起）
2022-06-30 13:47:43 → 5511966735971 → https://t.me/+l7jVRdfrEh8wNWZh → 加群成功
2022-06-30 13:48:06 → 5506199498193 → https://t.me/+iBdNpf3vLzBkOTFl → 加群成功
2022-06-30 13:48:24 → 13607951438 → https://t.me/+ULgadWScDkswN2Q1 → 加群成功
2022-06-30 13:48:50 → 19105165921 → https://t.me/+umxZ8YEpnEo2MWUx → 加群成功
2022-06-30 13:49:16 → 13608891691 → https://t.me/+G-TP1oGwz_UzZTgx → 加群成功
2022-06-30 13:49:41 → 19092793409 → https://t.me/+X1XfCzCulJplNzJl → 加群成功
2022-06-30 13:50:07 → 13526166754 → https://t.me/+YlMJYHBBe0M5ZmMx → 加群失败：The authenticated user is already a participant of the chat (caused by ImportChatInviteRequest)
2022-06-30 13:50:21 → 19095052432 → https://t.me/+KdYb4C34uoowMGJl → 加群成功
2022-06-30 13:50:47 → 5577991684258 → https://t.me/+_co7YJMXqzliMzhh → 加群成功
2022-06-30 13:51:07 → 5508581415077 → https://t.me/+MVMDI7oWzDczNmI1 → 加群成功
2022-06-30 13:51:22 → 19105374023 → https://t.me/+xBZVwA_bkEY2N2Jl → 加群成功
2022-06-30 13:51:39 → 13607433057 → https://t.me/+2UbXwZlSXqxiMGIx → 加群成功
2022-06-30 13:51:57 → 5511946158705 → https://t.me/+foThDdueBzYyOTVh → 加群成功
2022-06-30 13:52:08 → 5511961085017 → https://t.me/+ULwwAMPXqG5iNTI1 → 加群成功
2022-06-30 13:52:23 → 5511931146361 → https://t.me/+NZfDxbAhxBRjMmZl → 加群失败：The authenticated user is already a participant of the chat (caused by ImportChatInviteRequest)
2022-06-30 13:52:48 → 5511980588137 → https://t.me/+cod7Oy_bjAg5NTk1 → 加群成功
2022-06-30 13:53:12 → 5511931796605 → https://t.me/+y1X1DHVWX6o0OWQx → 加群成功
2022-06-30 13:53:26 → 19108883240 → https://t.me/+-ZBvuqf9AYtkM2Q5 → 加群失败：https://t.me/+-ZBvuqf9AYtkM2Q5 用户尝试加入的聊天已过期且不再有效（由 ImportChatInviteRequest 引起）
2022-06-30 13:53:37 → 13607175467 → https://t.me/+pbakZSSRFjRhNGU1 → 加群成功
2022-06-30 13:54:06 → 84584391085 → https://t.me/+5WmtAnMeZpIyMDhh → 加群失败：掉线/或官方销号
2022-06-30 13:54:25 → 5506199498193 → https://t.me/+ADL_14T-XG0yMmE5 → 加群成功
2022-06-30 13:54:42 → 19093592961 → https://t.me/+XOH9ZDrzo3I1MzI1 → 加群成功
2022-06-30 13:55:04 → 5511967906646 → https://t.me/+IK9rvcCFpyA3YzI9 → 加群失败：掉线/或官方销号
2022-06-30 13:55:25 → 19092811521 → https://t.me/+xn2eYKH-rlI5N2E5 → 加群失败：The authenticated user is already a participant of the chat (caused by ImportChatInviteRequest)
2022-06-30 13:55:49 → 5511957044467 → https://t.me/+dIyaD5HpDJY3Zjk9 → 加群成功
2022-06-30 13:56:09 → 19102406976 → https://t.me/+d704xN5CSodkN2Vh → 加群失败：https://t.me/+d704xN5CSodkN2Vh 用户尝试加入的聊天已过期且不再有效（由 ImportChatInviteRequest 引起）
2022-06-30 13:56:31 → 5508581415077 → https://t.me/+KqByXUbZl6wxM2Nh → 加群成功
2022-06-30 13:56:45 → +18768026324 → https://t.me/+BRUAa2sBGU0zOTQ1 → 加群成功
2022-06-30 13:57:07 → 19089449397 → https://t.me/+LWL438ngyIQxZjQ1 → 加群成功
2022-06-30 13:57:23 → 13527291197 → https://t.me/+EGVQeuIr3OU0NGI9 → 加群成功
2022-06-30 13:57:42 → 19104608778 → https://t.me/+1s6PDJfhJ_45N2Mx → 加群成功
2022-06-30 13:57:53 → 19105374023 → https://t.me/+Ak8f4ofbKpEzYTU1 → 加群成功
2022-06-30 13:58:09 → 5591993705196 → https://t.me/+WbJrXuE28703Zjdl → 加群失败：掉线/或官方销号
2022-06-30 13:58:25 → 19105165921 → https://t.me/+BIb1nofuq6Q5NzY1 → 加群成功
2022-06-30 13:58:46 → 13607951438 → https://t.me/+xWeQtRBfjOFkNTA1 → 加群成功
2022-06-30 13:59:09 → 19098453299 → https://t.me/+wyQoNDjjMBVjNDA1 → 加群成功
2022-06-30 13:59:33 → +905356526723 → https://t.me/+07AqZIR1RH43MmY1 → 加群成功
2022-06-30 13:59:55 → 19108883240 → https://t.me/+F4cgrWsKrcRkMDA9 → 加群成功
2022-06-30 14:00:12 → 13602182438 → https://t.me/+jIlT6iUJfKBkMzBh → 加群成功
2022-06-30 14:00:38 → 19108891339 → https://t.me/+Rn0gXKwDBdZiMzhl → 加群成功
2022-06-30 14:00:51 → 19095052432 → https://t.me/+z9w5abx_AKI3ZDA1 → 加群成功
2022-06-30 14:01:07 → +905356458418 → https://t.me/+xoa71RA8zRlkZWE1 → 加群失败：掉线/或官方销号
2022-06-30 14:01:34 → 13526232045 → https://t.me/+6SR7fONaaVJmNDMx → 加群成功
2022-06-30 14:01:59 → 19097032059 → https://t.me/+sUuj_TuH_nRhNjE1 → 加群成功
2022-06-30 14:02:23 → +201207951279 → https://t.me/+EsOVJtfj7FwyOWUx → 加群失败：掉线/或官方销号
2022-06-30 14:02:36 → +905356353200 → https://t.me/+PnwvxbcwQXVjYzE1 → 加群失败：The authenticated user is already a participant of the chat (caused by ImportChatInviteRequest)
2022-06-30 14:02:58 → 5511980588137 → https://t.me/+K4hA5oTciaJhNTVl → 加群成功
2022-06-30 14:03:14 → 19108887818 → https://t.me/+So8ftQcz7V8xMTI5 → 加群成功
2022-06-30 14:03:34 → 5511961085017 → https://t.me/+67pYhAT5wPcxMDRl → 加群成功
2022-06-30 14:03:56 → 5511961448505 → https://t.me/+wXJtiQoohfc2NDJl → 加群成功
2022-06-30 14:04:13 → 5511957049299 → https://t.me/+calyHe56Wm82OTg1 → 加群失败：掉线/或官方销号
2022-06-30 14:04:37 → +218926983497 → https://t.me/+IWYUKU0ocCcwYjMx → 加群失败：https://t.me/+IWYUKU0ocCcwYjMx 用户尝试加入的聊天已过期且不再有效（由 ImportChatInviteRequest 引起）
2022-06-30 14:05:02 → 13608891691 → https://t.me/+YlQkP6X2f11lZjlh → 加群失败：The authenticated user is already a participant of the chat (caused by ImportChatInviteRequest)
2022-06-30 14:05:27 → 19094172099 → https://t.me/+jEJUf1tx9vw3Yjk1 → 加群成功
2022-06-30 14:05:49 → 5501112759757 → https://t.me/+StNEwMqEaUE2NmFl → 加群失败：The authenticated user is already a participant of the chat (caused by ImportChatInviteRequest)
2022-06-30 14:06:01 → 5577991684258 → https://t.me/+ZalvZqpTKQY5ZmVh → 加群成功
2022-06-30 14:06:24 → 5511980622290 → https://t.me/+4iQgzALLkPowZGFl → 加群失败：掉线/或官方销号
2022-06-30 14:06:45 → 5511960486831 → https://t.me/+MSzURb05WsVlZWYx → 加群成功
2022-06-30 14:07:01 → 84586359306 → https://t.me/+5qiD_XQNy8ozMmI1 → 加群失败：https://t.me/+5qiD_XQNy8ozMmI1 用户尝试加入的聊天已过期且不再有效（由 ImportChatInviteRequest 引起）
2022-06-30 14:07:28 → 5562992159154 → https://t.me/+boGmQAE3JrBjNTNl → 加群成功
2022-06-30 14:07:52 → 5511946044550 → https://t.me/+pImQqG6kee4wZDYx → 加群成功
2022-06-30 14:08:05 → 19094927554 → https://t.me/+4t_ZnkZnBxJhYzcx → 加群成功
2022-06-30 14:08:24 → +218926528532 → https://t.me/+1450TvdWFDg3ZDlh → 加群成功
2022-06-30 14:08:39 → 19093403629 → https://t.me/+iByuoW9T4aMzODVl → 加群成功
2022-06-30 14:08:50 → 13607433057 → https://t.me/+j1rD3RsKu2A5ZTJl → 加群失败：https://t.me/+j1rD3RsKu2A5ZTJl 用户尝试加入的聊天已过期且不再有效（由 ImportChatInviteRequest 引起）
2022-06-30 14:09:13 → 5511946811081 → https://t.me/+KV5UJvJFZadmZjVl → 加群成功
2022-06-30 14:09:34 → 5585999140560 → https://t.me/+lLRc1DnIS1JhYTc1 → 加群失败：掉线/或官方销号
2022-06-30 14:09:59 → 5511946158705 → https://t.me/+3gLBjcldb5E1NWY9 → 加群失败：https://t.me/+3gLBjcldb5E1NWY9 用户尝试加入的聊天已过期且不再有效（由 ImportChatInviteRequest 引起）
2022-06-30 14:10:22 → 13607175467 → https://t.me/+SIfSmDbixudkMzc1 → 加群失败：The authenticated user is already a participant of the chat (caused by ImportChatInviteRequest)
2022-06-30 14:10:47 → 19092811749 → https://t.me/+E7EhI4J4t2BjMTdh → 加群成功
2022-06-30 14:11:11 → 5511931796605 → https://t.me/+S58Sh-K2alY3Nzdl → 加群成功
2022-06-30 14:11:32 → 84586376294 → https://t.me/+BqdPZFGv9QxjMWI1 → 加群失败：掉线/或官方销号
2022-06-30 14:11:55 → 5511968835278 → https://t.me/+qmuwWWOvrME0ODkx → 加群成功
2022-06-30 14:12:20 → 19105028240 → https://t.me/+feeRJoJYK0EzMTRl → 加群成功
2022-06-30 14:12:44 → 13526166754 → https://t.me/+zYJQMkPK-txmNTc1 → 加群成功
2022-06-30 14:13:11 → 5511966735971 → https://t.me/+Ykhdirg6NcNkYjAx → 加群失败：https://t.me/+Ykhdirg6NcNkYjAx 用户尝试加入的聊天已过期且不再有效（由 ImportChatInviteRequest 引起）
2022-06-30 14:13:34 → 84586376092 → https://t.me/+uc5k-JwziZU2MzVh → 加群失败：The authenticated user is already a participant of the chat (caused by ImportChatInviteRequest)
2022-06-30 14:13:54 → 19095362850 → https://t.me/+HHlC3yukCdo0MjBh → 加群成功
2022-06-30 14:14:09 → 5511931146361 → https://t.me/+j41eJz9SWtE2YjUx → 加群成功
2022-06-30 14:14:25 → 19092793409 → https://t.me/joinchat/EnHBggxtLiaKQHfI_9JPgw → 加群成功
2022-06-30 14:14:50 → +353899485460 → https://t.me/+qG8NTgtN0akxM2Ex → 加群失败：掉线/或官方销号
2022-06-30 14:15:13 → 84586324327 → https://t.me/+XAPOpgfM36YxYTk1 → 加群失败：掉线/或官方销号
2022-06-30 14:15:36 → 13479803524 → https://t.me/+CM8QfiFJeng1OWM1 → 加群成功
2022-06-30 14:16:09 → 5511946811081 → https://t.me/+tVzy-HX20kJiYWY1 → 加群成功
2022-06-30 14:16:34 → 5577991684258 → https://t.me/+Qhz0SfbvEQAzYmFl → 加群成功
2022-06-30 14:16:47 → 5562992159154 → https://t.me/+REYpWO1e16djZDUx → 加群失败：The authenticated user is already a participant of the chat (caused by ImportChatInviteRequest)
2022-06-30 14:17:05 → 19095362850 → https://t.me/+jDogamSAXRJmNTJl → 加群成功
2022-06-30 14:17:30 → +905356526723 → https://t.me/+Iu_rhvEZnCVjMmNl → 加群成功
2022-06-30 14:17:49 → 5511968835278 → https://t.me/+Gla_cs2FNi1kMjc1 → 加群成功
2022-06-30 14:18:10 → 13602182438 → https://t.me/+Hu3nlzXur5djMzg1 → 加群成功
2022-06-30 14:18:23 → 19093403629 → https://t.me/+p6YlZXi4WgU0Yzc1 → 加群成功
2022-06-30 14:18:37 → 5511961448505 → https://t.me/+Vr3PW_vRaiY3YjFh → 加群成功
2022-06-30 14:18:54 → 19098453299 → https://t.me/+WgZhCn-jDiY2YjRl → 加群成功
2022-06-30 14:19:07 → +218926983497 → https://t.me/+zAh3xoopIn4yYTU5 → 加群成功
2022-06-30 14:19:26 → 5511946044550 → https://t.me/+-FuT5gvc2BwyNzg5 → 加群失败：https://t.me/+-FuT5gvc2BwyNzg5 用户尝试加入的聊天已过期且不再有效（由 ImportChatInviteRequest 引起）
2022-06-30 14:19:50 → 19092811521 → https://t.me/+G4deUBiLF0g3N2Ux → 加群成功
2022-06-30 14:20:02 → 5511946158705 → https://t.me/+uFhQDDWC5a8xOTVh → 加群失败：https://t.me/+uFhQDDWC5a8xOTVh 用户尝试加入的聊天已过期且不再有效（由 ImportChatInviteRequest 引起）
2022-06-30 14:20:17 → 19092811749 → https://t.me/+jxfLkeV_sRZlZjIx → 加群失败：https://t.me/+jxfLkeV_sRZlZjIx 用户尝试加入的聊天已过期且不再有效（由 ImportChatInviteRequest 引起）
2022-06-30 14:20:39 → 13608891691 → https://t.me/+b-oj8C33vKU1Yjdl → 加群成功
2022-06-30 14:20:56 → 19095052432 → https://t.me/+9aEGaULesLY4Nzlh → 加群成功
2022-06-30 14:21:14 → 13526232045 → https://t.me/+0jORkEcjJ0thZDk1 → 加群成功
2022-06-30 14:21:27 → 13607433057 → https://t.me/+Z11hDKptzFdjZDZh → 加群失败：The authenticated user is already a participant of the chat (caused by ImportChatInviteRequest)
2022-06-30 14:21:44 → 19097032059 → https://t.me/+n18k2BFJNDsxY2Fl → 加群成功
2022-06-30 14:22:11 → 19105374023 → https://t.me/+GG2gvlA8M2s5Mjgx → 加群成功
2022-06-30 14:22:36 → 5511966735971 → https://t.me/+SEjcrJU4JuIyNzA1 → 加群成功
2022-06-30 14:23:01 → 19108883240 → https://t.me/+Qz0ir67LdmQzODM9 → 加群成功
2022-06-30 14:23:22 → 5511931146361 → https://t.me/+h2PiE1mN6nZmN2Vl → 加群成功
2022-06-30 14:23:39 → 19105165921 → https://t.me/+WnFY9z024NdiODgx → 加群成功
2022-06-30 14:24:03 → +905356353200 → https://t.me/+UbxlM6GKynRhODk1 → 加群成功
2022-06-30 14:24:30 → 19093592961 → https://t.me/+ssjAgSqpCLI0YzBh → 加群成功
2022-06-30 14:24:53 → 84586359306 → https://t.me/+JMW3N_5fjeM5ODk1 → 加群成功
2022-06-30 14:25:14 → 19102406976 → https://t.me/+r4fE7rGC-tU3YWE1 → 加群成功
2022-06-30 14:25:26 → 5511960486831 → https://t.me/+m7Ys3kdhOQ5jODQ1 → 加群成功
2022-06-30 14:25:43 → 13526166754 → https://t.me/+ZIUaM08xAIhkYmUx → 加群成功
2022-06-30 14:26:04 → 13607951438 → https://t.me/+4O_dPR7XAcY5NGQ9 → 加群成功
2022-06-30 14:26:18 → 5506199498193 → https://t.me/+z-xgWFuhbXRiMmU1 → 加群失败：https://t.me/+z-xgWFuhbXRiMmU1 用户尝试加入的聊天已过期且不再有效（由 ImportChatInviteRequest 引起）
2022-06-30 14:26:44 → 84586376092 → https://t.me/+3YZdmBbfzH85MDll → 加群成功
2022-06-30 14:27:05 → 19094172099 → https://t.me/+zjwd6Dobyb5hYWM1 → 加群成功
2022-06-30 14:27:30 → 19108887818 → https://t.me/+aQJcp5R0T3pkZGNl → 加群成功
2022-06-30 14:27:52 → 13527291197 → https://t.me/+yTmSqvjL6MZhOGM1 → 加群成功
2022-06-30 14:28:18 → 5511957044467 → https://t.me/+EX5LLMSHNh9iYTQ1 → 加群成功
2022-06-30 14:28:33 → 19089449397 → https://t.me/+spzhFF0zV5M1YjZh → 加群成功
2022-06-30 14:28:56 → 19105028240 → https://t.me/+jrPK9KTLN3k2ODM1 → 加群成功
2022-06-30 14:29:22 → 19104608778 → https://t.me/+_sSpDH9vnQMwNjc9 → 加群成功
2022-06-30 14:29:46 → 19092793409 → https://t.me/+_r_1ooupBRoxZTcx → 加群成功
2022-06-30 14:30:02 → 19094927554 → https://t.me/+hdw-z80muVFjNzFl → 加群成功
2022-06-30 14:30:24 → 19108891339 → https://t.me/+JfzYvmEW4bo0ZWRl → 加群成功
2022-06-30 14:30:44 → 5511931796605 → https://t.me/+rxfOqtxvW-4wNWVl → 加群成功
2022-06-30 14:31:05 → 5511980588137 → https://t.me/+17GH_OvJ9tAwY2Vl → 加群成功
2022-06-30 14:31:27 → +218926528532 → https://t.me/+vD11mXSl0Qo1NjBl → 加群成功
2022-06-30 14:31:44 → 13479803524 → https://t.me/+YhkvVBH2sLNiMmJh → 加群成功
2022-06-30 14:32:12 → 5501112759757 → https://t.me/+SU2RmtTlLms1YWRl → 加群成功
2022-06-30 14:32:28 → 13607175467 → https://t.me/+APKLYqmdSclhZjU1 → 加群成功
2022-06-30 14:32:48 → +18768026324 → https://t.me/+apcxV30gu7M2MjI1 → 加群成功
2022-06-30 14:33:01 → 5508581415077 → https://t.me/+Lh7Vg3j2HBA2ZWRl → 加群成功
2022-06-30 14:33:24 → 5511961085017 → https://t.me/+9oE0N-acgdo0NTNl → 加群成功
2022-06-30 14:33:55 → 19094927554 → https://t.me/+TkFX2Ws-6WliNjU9 → 加群成功
2022-06-30 14:34:10 → 19095362850 → https://t.me/+kaP8DGgokxo4NGIx → 加群成功
2022-06-30 14:34:28 → +18768026324 → https://t.me/+4bOGsWK-7145MGQ1 → 加群成功
2022-06-30 14:34:50 → 19105374023 → https://t.me/+yB1tBXdqMKFkMGFl → 加群成功
2022-06-30 14:35:05 → 19094172099 → https://t.me/+5NQjNc_ygu1jYTYx → 加群成功
2022-06-30 14:35:20 → 5511931796605 → https://t.me/+YQtg80wqP5NlM2Nh → 加群成功
2022-06-30 14:35:42 → 19092811749 → https://t.me/+UDrX76uyYy82OWEx → 加群成功
2022-06-30 14:35:59 → +218926983497 → https://t.me/+b8osyGrSdOhhZjE9 → 加群成功
2022-06-30 14:36:19 → 19092811521 → https://t.me/+SvCI6c2XlcxlZjQx → 加群失败：The authenticated user is already a participant of the chat (caused by ImportChatInviteRequest)
2022-06-30 14:36:44 → 5511931146361 → https://t.me/+-HKE3ttySdAxMTk1 → 加群失败：https://t.me/+-HKE3ttySdAxMTk1 用户尝试加入的聊天已过期且不再有效（由 ImportChatInviteRequest 引起）
2022-06-30 14:37:01 → 5511961448505 → https://t.me/+dYHMcVJpbBwzMGQ1 → 加群失败：https://t.me/+dYHMcVJpbBwzMGQ1 用户尝试加入的聊天已过期且不再有效（由 ImportChatInviteRequest 引起）
2022-06-30 14:37:26 → 19097032059 → https://t.me/+0kedKOuRB0o1NDMx → 加群成功
2022-06-30 14:37:51 → 84586376092 → https://t.me/+ftCy3AbJQ2FkZTdh → 加群成功
2022-06-30 14:38:17 → 13607175467 → https://t.me/joinchat/c1irPtTz-KpmMzZl → 加群失败：The authenticated user is already a participant of the chat (caused by ImportChatInviteRequest)
2022-06-30 14:38:39 → 5506199498193 → https://t.me/+HBDkiYv3Y9c2ODM1 → 加群失败：https://t.me/+HBDkiYv3Y9c2ODM1 用户尝试加入的聊天已过期且不再有效（由 ImportChatInviteRequest 引起）
2022-06-30 14:38:58 → 13608891691 → https://t.me/+0vEKeyH-sKw5NzEx → 加群成功
2022-06-30 14:39:15 → 5511968835278 → https://t.me/+_cUk83u2c1JjNzY1 → 加群成功
2022-06-30 14:39:37 → 19102406976 → https://t.me/+LO5hAmiN4McyODU1 → 加群成功
2022-06-30 14:40:01 → 5511946158705 → https://t.me/+H9LG2jzQBeA4NjMx → 加群成功
2022-06-30 14:40:27 → 5511946044550 → https://t.me/+gJ-eKM5QJ3YyNzc1 → 加群成功
2022-06-30 14:40:42 → 5511960486831 → https://t.me/+mXolrdPE2mxhNTdl → 加群成功
2022-06-30 14:41:05 → 13479803524 → https://t.me/+k7skOSclEXNkY2M1 → 加群成功
2022-06-30 14:41:26 → 19092793409 → https://t.me/+Xh2Sw8Abn_w0NzRl → 加群成功
2022-06-30 14:41:47 → 19089449397 → https://t.me/+T-jYQLw4qHozZWU1 → 加群成功
2022-06-30 14:41:59 → 5577991684258 → https://t.me/+kF5YAHBQ7b8yMDVl → 加群失败：https://t.me/+kF5YAHBQ7b8yMDVl 用户尝试加入的聊天已过期且不再有效（由 ImportChatInviteRequest 引起）
2022-06-30 14:42:21 → 5511946811081 → https://t.me/+bOgiT1uFp88xNmQ1 → 加群成功
2022-06-30 14:42:43 → 19098453299 → https://t.me/+sEzjSrHVucliNGE1 → 加群成功
2022-06-30 14:43:00 → 5508581415077 → https://t.me/+2jZp8I80mEIyOGY1 → 加群成功
2022-06-30 14:43:25 → 19093403629 → https://t.me/wangbo28 → 加群失败：https://t.me/wangbo28 用户尝试加入的聊天已过期且不再有效（由 ImportChatInviteRequest 引起）
2022-06-30 14:43:43 → 13526232045 → https://t.me/+SZP7LsqR8FI3ZjM1 → 加群成功
2022-06-30 14:44:10 → 13607951438 → https://t.me/+fAdS-xoI0zJiZTdh → 加群成功
2022-06-30 14:44:33 → 5501112759757 → https://t.me/+YI3Dtp8InIthMmU5 → 加群失败：The authenticated user is already a participant of the chat (caused by ImportChatInviteRequest)
2022-06-30 14:44:49 → 13526166754 → https://t.me/+aMl_xPUzLu80OGMx → 加群成功
2022-06-30 14:45:16 → 84586359306 → https://t.me/+mw6XSaYD2eFjYWQx → 加群成功
2022-06-30 14:45:40 → 19108891339 → https://t.me/+zt29tENcz2g4ODA1 → 加群成功
2022-06-30 14:46:07 → 19108883240 → https://t.me/+G8wVDtrfGdI3ZTc9 → 加群成功
2022-06-30 14:46:29 → 13602182438 → https://t.me/+0ooyBXIvunM2ODAx → 加群成功
2022-06-30 14:46:43 → 19095052432 → https://t.me/+4GYip2NBLOphOTVl → 加群成功
2022-06-30 14:46:58 → 13527291197 → https://t.me/+in9IWOKmArs5ODg5 → 加群成功
2022-06-30 14:47:15 → 19105165921 → https://t.me/+C0RIb6Z0lM8xY2Q1 → 加群失败：https://t.me/+C0RIb6Z0lM8xY2Q1 用户尝试加入的聊天已过期且不再有效（由 ImportChatInviteRequest 引起）
2022-06-30 14:47:35 → 19105028240 → https://t.me/+DM9DYATWVQA2MTlh → 加群成功
2022-06-30 14:47:59 → 19093592961 → https://t.me/+71ANa06F0wNmNmJl → 加群成功
2022-06-30 14:48:20 → 19108887818 → https://t.me/+zp8hQFMQsnIyYTdl → 加群成功
2022-06-30 14:48:43 → 13607433057 → https://t.me/+uDADliAVzT84ZDRh → 加群失败：https://t.me/+uDADliAVzT84ZDRh 用户尝试加入的聊天已过期且不再有效（由 ImportChatInviteRequest 引起）
2022-06-30 14:49:01 → +905356526723 → https://t.me/+BrmgdJH6PSZkNTNh → 加群成功
2022-06-30 14:49:24 → 5511957044467 → https://t.me/+PtpnKT2eF0BkN2Q9 → 加群成功
2022-06-30 14:49:37 → 19104608778 → https://t.me/+Zp-g0nkCPK9lMzE1 → 加群成功
2022-06-30 14:49:57 → 5511961085017 → https://t.me/+wUPu96w7BvQ3NTU1 → 加群成功
2022-06-30 14:50:17 → 5511980588137 → https://t.me/+EFZfdCzTGu9iMzcx → 加群成功
2022-06-30 14:50:30 → +218926528532 → https://t.me/+f312-GXF6bI2NDc1 → 加群成功
2022-06-30 14:50:49 → 5562992159154 → https://t.me/+Sh3VLTGHA9Q3YTdl → 加群成功
2022-06-30 14:51:10 → +905356353200 → https://t.me/+t8N8djvNpMozYTUx → 加群成功
2022-06-30 14:51:31 → 5511966735971 → https://t.me/+l1slk5dV5jE3ZjNl → 加群成功
2022-06-30 14:51:50 → +905356353200 → https://t.me/+l_b3i7oqjn0zMWE1 → 加群成功
2022-06-30 14:52:09 → 5511946158705 → https://t.me/+rUlOEDqXoIM4NDk9 → 加群成功
2022-06-30 14:52:34 → 13479803524 → https://t.me/+IMTe1XL2eRhmZTQ1 → 加群成功
2022-06-30 14:52:53 → 19105165921 → https://t.me/+VZOVUsJ_CrRiNjI5 → 加群成功
2022-06-30 14:53:07 → 19092811749 → https://t.me/+AeKQBS5VnYFhZjdh → 加群成功
2022-06-30 14:53:22 → 13607175467 → https://t.me/+hG4evzI6ZJ84MTA5 → 加群成功
2022-06-30 14:53:47 → 13526166754 → https://t.me/+noFSLnh4gzRmMWM1 → 加群成功
2022-06-30 14:54:08 → 19093592961 → https://t.me/+-J3EkxDRssplNmQx → 加群失败：https://t.me/+-J3EkxDRssplNmQx 用户尝试加入的聊天已过期且不再有效（由 ImportChatInviteRequest 引起）
2022-06-30 14:54:28 → 13607951438 → https://t.me/+2hRtaNIomANhZjhl → 加群成功
2022-06-30 14:54:43 → 13608891691 → https://t.me/+A1-zdEEfAu03ZTFl → 加群成功
2022-06-30 14:55:10 → 19108891339 → https://t.me/+5gVajc77kDQ0NzI5 → 加群成功
2022-06-30 14:55:22 → 84586359306 → https://t.me/joinchat/ITSPv5Bor2M5NjY1 → 加群成功
2022-06-30 14:55:39 → 5511960486831 → https://t.me/+n9nQhpEXAC0yNGU9 → 加群成功
2022-06-30 14:55:54 → 19104608778 → https://t.me/+jxQcjZH0KvRjY2Jl → 加群成功
2022-06-30 14:56:15 → 5511961085017 → https://t.me/+cgctxddaCwxhYWM1 → 加群成功
2022-06-30 14:56:36 → 19105374023 → https://t.me/+LqsBiT_T0DszOWI1 → 加群成功
2022-06-30 14:56:59 → 5511946811081 → https://t.me/+0VaQ-3CUGpBmZjQ1 → 加群成功
2022-06-30 14:57:13 → 5501112759757 → https://t.me/+oK6peJEVCBgzZjcx → 加群成功
2022-06-30 14:57:29 → +218926983497 → https://t.me/+coJH9njcTFI3NGJh → 加群成功
2022-06-30 14:57:45 → 19095362850 → https://t.me/+VwDoIE1fU34wNDRl → 加群失败：https://t.me/+VwDoIE1fU34wNDRl 用户尝试加入的聊天已过期且不再有效（由 ImportChatInviteRequest 引起）
2022-06-30 14:58:01 → +905356526723 → https://t.me/+hpMJRgdAs5AxMzg1 → 加群成功
2022-06-30 14:58:19 → 19108887818 → https://t.me/+8RnTf-FOZT9iYzRl → 加群成功
2022-06-30 14:58:45 → 19093403629 → https://t.me/+iTHcPS00SzdhMTBh → 加群成功