
2022-06-29 08:56:11 → 5591993705196 → https://t.me/+feeRJoJYK0EzMTRl → 加群失败：掉线/或官方销号
2022-06-29 08:56:34 → 13526166754 → https://t.me/+4iQgzALLkPowZGFl → 加群成功
2022-06-29 08:56:52 → 5501112759757 → https://t.me/+cgctxddaCwxhYWM1 → 加群成功
2022-06-29 08:57:07 → 19105028240 → https://t.me/+dYHMcVJpbBwzMGQ1 → 加群成功
2022-06-29 08:57:25 → 84586359306 → https://t.me/+calyHe56Wm82OTg1 → 加群成功
2022-06-29 08:57:42 → 5508581415077 → https://t.me/+AGovixe_eoE4NDNh → 加群成功
2022-06-29 08:58:08 → 5511946158705 → https://t.me/+b-oj8C33vKU1Yjdl → 加群成功
2022-06-29 08:58:24 → 19108883240 → https://t.me/+B7AquUh1jWpkNjQx → 加群成功
2022-06-29 08:58:35 → 13602182438 → https://t.me/+mrJcyx4RlCoyZDE9 → 加群失败：https://t.me/+mrJcyx4RlCoyZDE9 用户尝试加入的聊天已过期且不再有效（由 ImportChatInviteRequest 引起）
2022-06-29 08:58:54 → 19108891339 → https://t.me/+-J3EkxDRssplNmQx → 加群失败：https://t.me/+-J3EkxDRssplNmQx 用户尝试加入的聊天已过期且不再有效（由 ImportChatInviteRequest 引起）
2022-06-29 08:59:15 → 5511946811081 → https://t.me/+XAPOpgfM36YxYTk1 → 加群成功
2022-06-29 08:59:36 → 5511961448505 → https://t.me/+lLRc1DnIS1JhYTc1 → 加群失败：https://t.me/+lLRc1DnIS1JhYTc1 用户尝试加入的聊天已过期且不再有效（由 ImportChatInviteRequest 引起）
2022-06-29 08:59:57 → 19095052432 → https://t.me/+2hRtaNIomANhZjhl → 加群成功
2022-06-29 09:00:08 → 19089863195 → https://t.me/+zp8hQFMQsnIyYTdl → 加群失败：掉线/或官方销号
2022-06-29 09:00:25 → 13607175467 → https://t.me/+UbxlM6GKynRhODk1 → 加群成功
2022-06-29 09:00:52 → 19104608778 → https://t.me/+apcxV30gu7M2MjI1 → 加群成功
2022-06-29 09:01:16 → 5511946044550 → https://t.me/+fAdS-xoI0zJiZTdh → 加群成功
2022-06-29 09:01:36 → 5511966735971 → https://t.me/+StNEwMqEaUE2NmFl → 加群成功
2022-06-29 09:01:57 → 13527291197 → https://t.me/+jIlT6iUJfKBkMzBh → 加群成功
2022-06-29 09:02:19 → 19094927554 → https://t.me/+jDogamSAXRJmNTJl → 加群成功
2022-06-29 09:02:31 → 84586324327 → https://t.me/+mHS4ouK1WS81ODdl → 加群失败：掉线/或官方销号
2022-06-29 09:02:49 → 5511931146361 → https://t.me/+A1-zdEEfAu03ZTFl → 加群失败：The authenticated user is already a participant of the chat (caused by ImportChatInviteRequest)
2022-06-29 09:03:05 → 84586376092 → https://t.me/+X98YxeYTiqcxYzA9 → 加群成功
2022-06-29 09:03:30 → 13479803524 → https://t.me/+G8wVDtrfGdI3ZTc9 → 加群成功
2022-06-29 09:03:52 → 19095362850 → https://t.me/+Ykhdirg6NcNkYjAx → 加群成功
2022-06-29 09:04:15 → 13607951438 → https://t.me/+pbakZSSRFjRhNGU1 → 加群成功
2022-06-29 09:04:27 → 5511961085017 → https://t.me/+bOgiT1uFp88xNmQ1 → 加群成功
2022-06-29 09:04:43 → 5511957049299 → https://t.me/joinchat/c1irPtTz-KpmMzZl → 加群失败：掉线/或官方销号
2022-06-29 09:05:09 → 5511980588137 → https://t.me/+sUuj_TuH_nRhNjE1 → 加群成功
2022-06-29 09:05:24 → 13608891691 → https://t.me/+WbJrXuE28703Zjdl → 加群成功
2022-06-29 09:05:50 → 5511957044467 → https://t.me/+G-TP1oGwz_UzZTgx → 加群失败：The authenticated user is already a participant of the chat (caused by ImportChatInviteRequest)
2022-06-29 09:06:12 → +218926528532 → https://t.me/+d704xN5CSodkN2Vh → 加群成功
2022-06-29 09:06:29 → 19105165921 → https://t.me/+JfzYvmEW4bo0ZWRl → 加群成功
2022-06-29 09:06:56 → 84584391085 → https://t.me/+vD11mXSl0Qo1NjBl → 加群失败：掉线/或官方销号
2022-06-29 09:07:13 → 13526232045 → https://t.me/+Iu_rhvEZnCVjMmNl → 加群成功
2022-06-29 09:07:26 → 19094172099 → https://t.me/+17GH_OvJ9tAwY2Vl → 加群成功
2022-06-29 09:07:46 → +905356526723 → https://t.me/+PnwvxbcwQXVjYzE1 → 加群成功
2022-06-29 09:08:11 → 19105374023 → https://t.me/+YhkvVBH2sLNiMmJh → 加群成功
2022-06-29 09:08:34 → 5511980622290 → https://t.me/+gJ-eKM5QJ3YyNzc1 → 加群失败：掉线/或官方销号
2022-06-29 09:08:49 → +353899485460 → https://t.me/+9aEGaULesLY4Nzlh → 加群失败：掉线/或官方销号
2022-06-29 09:09:01 → 19102406976 → https://t.me/+4GYip2NBLOphOTVl → 加群成功
2022-06-29 09:09:24 → 5511931796605 → https://t.me/+ZIUaM08xAIhkYmUx → 加群成功
2022-06-29 09:09:40 → 84586376294 → https://t.me/+jrPK9KTLN3k2ODM1 → 加群失败：掉线/或官方销号
2022-06-29 09:09:58 → 5577991684258 → https://t.me/+hpMJRgdAs5AxMzg1 → 加群成功
2022-06-29 09:10:16 → 19108887818 → https://t.me/+HjBnsQsrMc44ZmNl → 加群成功
2022-06-29 09:10:34 → 5511967906646 → https://t.me/+Qz0ir67LdmQzODM9 → 加群失败：掉线/或官方销号
2022-06-29 09:10:46 → 19093403629 → https://t.me/+CM8QfiFJeng1OWM1 → 加群成功
2022-06-29 09:11:08 → 5562992159154 → https://t.me/+MSzURb05WsVlZWYx → 加群成功
2022-06-29 09:11:34 → 5585999140560 → https://t.me/+l_b3i7oqjn0zMWE1 → 加群失败：掉线/或官方销号
2022-06-29 09:11:54 → +18768026324 → https://t.me/+4O_dPR7XAcY5NGQ9 → 加群成功
2022-06-29 09:12:11 → 13607433057 → https://t.me/+aMl_xPUzLu80OGMx → 加群成功
2022-06-29 09:12:35 → 5511968835278 → https://t.me/+mXolrdPE2mxhNTdl → 加群成功
2022-06-29 09:12:55 → +905356458418 → https://t.me/+4-TIERdkNVVmY2Ix → 加群成功
2022-06-29 09:13:11 → 5506199498193 → https://t.me/+E7EhI4J4t2BjMTdh → 加群成功
2022-06-29 09:13:30 → 19092793409 → https://t.me/+VwDoIE1fU34wNDRl → 加群失败：https://t.me/+VwDoIE1fU34wNDRl 用户尝试加入的聊天已过期且不再有效（由 ImportChatInviteRequest 引起）
2022-06-29 09:13:56 → 19092811521 → https://t.me/joinchat/EnHBggxtLiaKQHfI_9JPgw → 加群成功
2022-06-29 09:14:20 → +218926528532 → https://t.me/+Sh3VLTGHA9Q3YTdl → 加群成功
2022-06-29 09:14:44 → 13607433057 → https://t.me/+5qiD_XQNy8ozMmI1 → 加群失败：https://t.me/+5qiD_XQNy8ozMmI1 用户尝试加入的聊天已过期且不再有效（由 ImportChatInviteRequest 引起）
2022-06-29 09:15:06 → 19094172099 → https://t.me/+9oE0N-acgdo0NTNl → 加群成功
2022-06-29 09:15:18 → 13607175467 → https://t.me/+zjwd6Dobyb5hYWM1 → 加群成功
2022-06-29 09:15:36 → 5511931146361 → https://t.me/+HBDkiYv3Y9c2ODM1 → 加群成功
2022-06-29 09:16:03 → 19095052432 → https://t.me/+EGVQeuIr3OU0NGI9 → 加群成功
2022-06-29 09:16:27 → 19104608778 → https://t.me/+iByuoW9T4aMzODVl → 加群成功
2022-06-29 09:16:38 → 19108887818 → https://t.me/+1s6PDJfhJ_45N2Mx → 加群成功
2022-06-29 09:16:52 → 5511968835278 → https://t.me/+xBZVwA_bkEY2N2Jl → 加群成功
2022-06-29 09:17:13 → 5501112759757 → https://t.me/+WnFY9z024NdiODgx → 加群成功
2022-06-29 09:17:36 → 19092793409 → https://t.me/+07AqZIR1RH43MmY1 → 加群成功
2022-06-29 09:17:55 → 5511966735971 → https://t.me/+F4cgrWsKrcRkMDA9 → 加群成功
2022-06-29 09:18:19 → 5511946158705 → https://t.me/+noFSLnh4gzRmMWM1 → 加群成功
2022-06-29 09:18:32 → 13608891691 → https://t.me/+54gl7-9CGNExOTQx → 加群成功
2022-06-29 09:18:50 → 84586376092 → https://t.me/+in9IWOKmArs5ODg5 → 加群成功
2022-06-29 09:19:16 → 5511961448505 → https://t.me/+hdw-z80muVFjNzFl → 加群失败：https://t.me/+hdw-z80muVFjNzFl 用户尝试加入的聊天已过期且不再有效（由 ImportChatInviteRequest 引起）
2022-06-29 09:19:29 → +905356458418 → https://t.me/+j1rD3RsKu2A5ZTJl → 加群失败：https://t.me/+j1rD3RsKu2A5ZTJl 用户尝试加入的聊天已过期且不再有效（由 ImportChatInviteRequest 引起）
2022-06-29 09:19:49 → 5511961085017 → https://t.me/+ULgadWScDkswN2Q1 → 加群成功
2022-06-29 09:20:06 → 13526166754 → https://t.me/+YlMJYHBBe0M5ZmMx → 加群成功
2022-06-29 09:20:33 → 5511946044550 → https://t.me/+_cUk83u2c1JjNzY1 → 加群成功
2022-06-29 09:20:49 → 5506199498193 → https://t.me/+O75V72V3_f9mZDk1 → 加群失败：https://t.me/+O75V72V3_f9mZDk1 用户尝试加入的聊天已过期且不再有效（由 ImportChatInviteRequest 引起）
2022-06-29 09:21:02 → 13607951438 → https://t.me/+8RnTf-FOZT9iYzRl → 加群成功
2022-06-29 09:21:21 → 5511980588137 → https://t.me/+EX5LLMSHNh9iYTQ1 → 加群失败：https://t.me/+EX5LLMSHNh9iYTQ1 用户尝试加入的聊天已过期且不再有效（由 ImportChatInviteRequest 引起）
2022-06-29 09:21:34 → 84586359306 → https://t.me/+LqsBiT_T0DszOWI1 → 加群成功
2022-06-29 09:22:00 → 19093403629 → https://t.me/+xoa71RA8zRlkZWE1 → 加群成功
2022-06-29 09:22:24 → 5511946811081 → https://t.me/+-jAPlPqNLng3NTk1 → 加群失败：https://t.me/+-jAPlPqNLng3NTk1 用户尝试加入的聊天已过期且不再有效（由 ImportChatInviteRequest 引起）
2022-06-29 09:22:50 → 13527291197 → https://t.me/+spzhFF0zV5M1YjZh → 加群成功
2022-06-29 09:23:09 → 5577991684258 → https://t.me/+dIyaD5HpDJY3Zjk9 → 加群成功
2022-06-29 09:23:30 → 5511957044467 → https://t.me/+IWYUKU0ocCcwYjMx → 加群成功
2022-06-29 09:23:55 → 5562992159154 → https://t.me/+Gla_cs2FNi1kMjc1 → 加群成功
2022-06-29 09:24:19 → 19105165921 → https://t.me/+wXJtiQoohfc2NDJl → 加群成功
2022-06-29 09:24:32 → 13526232045 → https://t.me/+z9w5abx_AKI3ZDA1 → 加群成功
2022-06-29 09:24:49 → 19105374023 → https://t.me/+JMW3N_5fjeM5ODk1 → 加群成功
2022-06-29 09:25:01 → 5508581415077 → https://t.me/+VZOVUsJ_CrRiNjI5 → 加群成功
2022-06-29 09:25:26 → 5511931796605 → https://t.me/+0kedKOuRB0o1NDMx → 加群成功
2022-06-29 09:25:42 → 19095362850 → https://t.me/+foThDdueBzYyOTVh → 加群成功
2022-06-29 09:25:54 → 19092811521 → https://t.me/+SvCI6c2XlcxlZjQx → 加群成功
2022-06-29 09:26:10 → 13602182438 → https://t.me/+WgZhCn-jDiY2YjRl → 加群成功
2022-06-29 09:26:32 → +905356526723 → https://t.me/+f312-GXF6bI2NDc1 → 加群成功
2022-06-29 09:26:45 → 19108883240 → https://t.me/+q9iWwMyPl485YzE1 → 加群成功
2022-06-29 09:27:02 → 19102406976 → https://t.me/+qG8NTgtN0akxM2Ex → 加群成功
2022-06-29 09:27:17 → 19105028240 → https://t.me/+C0RIb6Z0lM8xY2Q1 → 加群失败：https://t.me/+C0RIb6Z0lM8xY2Q1 用户尝试加入的聊天已过期且不再有效（由 ImportChatInviteRequest 引起）
2022-06-29 09:27:37 → 13479803524 → https://t.me/+3gLBjcldb5E1NWY9 → 加群成功
2022-06-29 09:28:00 → 19108891339 → https://t.me/+n9nQhpEXAC0yNGU9 → 加群成功
2022-06-29 09:28:17 → 19094927554 → https://t.me/+y1X1DHVWX6o0OWQx → 加群成功
2022-06-29 09:28:38 → +18768026324 → https://t.me/+BrmgdJH6PSZkNTNh → 加群成功
2022-06-29 09:29:02 → 5501112759757 → https://t.me/+K5t6qDH-guk2ZmNl → 加群成功
2022-06-29 09:29:25 → 5506199498193 → https://t.me/+z-xgWFuhbXRiMmU1 → 加群失败：https://t.me/+z-xgWFuhbXRiMmU1 用户尝试加入的聊天已过期且不再有效（由 ImportChatInviteRequest 引起）
2022-06-29 09:29:46 → 19094172099 → https://t.me/+sEzjSrHVucliNGE1 → 加群成功
2022-06-29 09:30:05 → 19094927554 → https://t.me/+T-jYQLw4qHozZWU1 → 加群成功
2022-06-29 09:30:22 → 19102406976 → https://t.me/+UDrX76uyYy82OWEx → 加群成功
2022-06-29 09:30:38 → 19105165921 → https://t.me/+Qhz0SfbvEQAzYmFl → 加群成功
2022-06-29 09:31:00 → 13607433057 → https://t.me/+1450TvdWFDg3ZDlh → 加群成功
2022-06-29 09:31:27 → 19092793409 → https://t.me/+3YZdmBbfzH85MDll → 加群成功
2022-06-29 09:31:42 → 19095362850 → https://t.me/+yTmSqvjL6MZhOGM1 → 加群成功
2022-06-29 09:32:05 → 13607951438 → https://t.me/+qi9K7Bo2Y8Y3ZWY9 → 加群失败：https://t.me/+qi9K7Bo2Y8Y3ZWY9 用户尝试加入的聊天已过期且不再有效（由 ImportChatInviteRequest 引起）
2022-06-29 09:32:18 → 19105028240 → https://t.me/+IgxjgT8EJP0wZGI1 → 加群成功
2022-06-29 09:32:38 → +905356458418 → https://t.me/+4t_ZnkZnBxJhYzcx → 加群成功
2022-06-29 09:33:02 → +18768026324 → https://t.me/+YQtg80wqP5NlM2Nh → 加群成功
2022-06-29 09:33:21 → 13602182438 → https://t.me/+jxQcjZH0KvRjY2Jl → 加群成功
2022-06-29 09:33:42 → 5511946044550 → https://t.me/+SU2RmtTlLms1YWRl → 加群失败：The authenticated user is already a participant of the chat (caused by ImportChatInviteRequest)
2022-06-29 09:33:54 → 13526166754 → https://t.me/+YI3Dtp8InIthMmU5 → 加群失败：https://t.me/+YI3Dtp8InIthMmU5 用户尝试加入的聊天已过期且不再有效（由 ImportChatInviteRequest 引起）
2022-06-29 09:34:06 → 19092811521 → https://t.me/+rxfOqtxvW-4wNWVl → 加群成功
2022-06-29 09:34:25 → 13479803524 → https://t.me/+uFhQDDWC5a8xOTVh → 加群成功
2022-06-29 09:34:39 → 13608891691 → https://t.me/+j8GV22yY5x5lM2Jh → 加群成功
2022-06-29 09:34:54 → 19105374023 → https://t.me/+ULwwAMPXqG5iNTI1 → 加群成功
2022-06-29 09:35:13 → 13526232045 → https://t.me/+PtpnKT2eF0BkN2Q9 → 加群成功
2022-06-29 09:35:26 → 19093403629 → https://t.me/+k7skOSclEXNkY2M1 → 加群成功
2022-06-29 09:35:52 → 13527291197 → https://t.me/+l7jVRdfrEh8wNWZh → 加群成功
2022-06-29 09:36:17 → 19108887818 → https://t.me/+jxfLkeV_sRZlZjIx → 加群失败：https://t.me/+jxfLkeV_sRZlZjIx 用户尝试加入的聊天已过期且不再有效（由 ImportChatInviteRequest 引起）
2022-06-29 09:36:34 → 5511957044467 → https://t.me/+EsOVJtfj7FwyOWUx → 加群失败：The authenticated user is already a participant of the chat (caused by ImportChatInviteRequest)
2022-06-29 09:37:01 → 5577991684258 → https://t.me/+t8N8djvNpMozYTUx → 加群成功
2022-06-29 09:37:14 → 5511946811081 → https://t.me/+SZP7LsqR8FI3ZjM1 → 加群失败：https://t.me/+SZP7LsqR8FI3ZjM1 用户尝试加入的聊天已过期且不再有效（由 ImportChatInviteRequest 引起）
2022-06-29 09:37:38 → 5511966735971 → https://t.me/+71ANa06F0wNmNmJl → 加群成功
2022-06-29 09:37:56 → 19095052432 → https://t.me/+0ooyBXIvunM2ODAx → 加群成功
2022-06-29 09:38:08 → +218926528532 → https://t.me/+zAh3xoopIn4yYTU5 → 加群成功
2022-06-29 09:38:33 → 5511961085017 → https://t.me/+Lh7Vg3j2HBA2ZWRl → 加群成功
2022-06-29 09:38:51 → 5508581415077 → https://t.me/+DM9DYATWVQA2MTlh → 加群成功
2022-06-29 09:39:10 → 84586376092 → https://t.me/+IMTe1XL2eRhmZTQ1 → 加群成功
2022-06-29 09:39:28 → 5562992159154 → https://t.me/+40-bqGDev2g3NGZl → 加群成功
2022-06-29 09:39:45 → +905356526723 → https://t.me/+yB1tBXdqMKFkMGFl → 加群成功
2022-06-29 09:40:09 → 19108883240 → https://t.me/+Xh2Sw8Abn_w0NzRl → 加群成功
2022-06-29 09:40:22 → 84586359306 → https://t.me/+xWeQtRBfjOFkNTA1 → 加群成功
2022-06-29 09:40:43 → 13607175467 → https://t.me/+EFZfdCzTGu9iMzcx → 加群成功
2022-06-29 09:41:05 → 5511980588137 → https://t.me/+XA-AFUSIJMBjY2Fh → 加群失败：https://t.me/+XA-AFUSIJMBjY2Fh 用户尝试加入的聊天已过期且不再有效（由 ImportChatInviteRequest 引起）
2022-06-29 09:41:27 → 19108891339 → https://t.me/+H9LG2jzQBeA4NjMx → 加群成功
2022-06-29 09:41:42 → 5511961448505 → https://t.me/+oK6peJEVCBgzZjcx → 加群失败：https://t.me/+oK6peJEVCBgzZjcx 用户尝试加入的聊天已过期且不再有效（由 ImportChatInviteRequest 引起）
2022-06-29 09:42:08 → 5511931146361 → https://t.me/+GG2gvlA8M2s5Mjgx → 加群成功
2022-06-29 09:42:26 → 19104608778 → https://t.me/+wUPu96w7BvQ3NTU1 → 加群成功
2022-06-29 09:42:53 → 5511968835278 → https://t.me/+IK9rvcCFpyA3YzI9 → 加群成功
2022-06-29 09:43:13 → 5511931796605 → https://t.me/+MVMDI7oWzDczNmI1 → 加群成功
2022-06-29 09:43:35 → 5511946158705 → https://t.me/+Zp-g0nkCPK9lMzE1 → 加群成功
2022-06-29 09:43:59 → 19105165921 → https://t.me/+S58Sh-K2alY3Nzdl → 加群成功
2022-06-29 09:44:15 → 19094172099 → https://t.me/joinchat/rDC8WhyDHDg0Yzhl → 加群成功
2022-06-29 09:44:42 → 5511961085017 → https://t.me/+d8XzUzLwhhU1YWVl → 加群成功
2022-06-29 09:44:54 → 19092793409 → https://t.me/+l1slk5dV5jE3ZjNl → 加群成功
2022-06-29 09:45:19 → 13526166754 → https://t.me/+iBdNpf3vLzBkOTFl → 加群成功
2022-06-29 09:45:40 → 19108883240 → https://t.me/+2jZp8I80mEIyOGY1 → 加群成功
2022-06-29 09:46:00 → 19094927554 → https://t.me/+pImQqG6kee4wZDYx → 加群成功
2022-06-29 09:46:20 → 13527291197 → https://t.me/+QmtEDlDoYLlkMGVl → 加群成功
2022-06-29 09:46:35 → 19108887818 → https://t.me/+APKLYqmdSclhZjU1 → 加群成功
2022-06-29 09:46:49 → 5501112759757 → https://t.me/+-HKE3ttySdAxMTk1 → 加群失败：https://t.me/+-HKE3ttySdAxMTk1 用户尝试加入的聊天已过期且不再有效（由 ImportChatInviteRequest 引起）
2022-06-29 09:47:07 → 13526232045 → https://t.me/+2UbXwZlSXqxiMGIx → 加群成功
2022-06-29 09:47:30 → 5511931796605 → https://t.me/+SEjcrJU4JuIyNzA1 → 加群成功
2022-06-29 09:47:57 → 5577991684258 → https://t.me/+_sSpDH9vnQMwNjc9 → 加群成功
2022-06-29 09:48:17 → 5511961448505 → https://t.me/+BSga9DevIIg5YTQ1 → 加群成功
2022-06-29 09:48:43 → +218926528532 → https://t.me/+uDADliAVzT84ZDRh → 加群失败：https://t.me/+uDADliAVzT84ZDRh 用户尝试加入的聊天已过期且不再有效（由 ImportChatInviteRequest 引起）
2022-06-29 09:49:01 → 19104608778 → https://t.me/+ssjAgSqpCLI0YzBh → 加群成功
2022-06-29 09:49:25 → 19095362850 → https://t.me/+zt29tENcz2g4ODA1 → 加群成功
2022-06-29 09:49:49 → 13608891691 → https://t.me/+ADL_14T-XG0yMmE5 → 加群成功
2022-06-29 09:50:01 → 5506199498193 → https://t.me/+3SrSrS52L785Yjg1 → 加群成功
2022-06-29 09:50:22 → 5511968835278 → https://t.me/+p6YlZXi4WgU0Yzc1 → 加群成功
2022-06-29 09:50:42 → 5511946044550 → https://t.me/+Vr3PW_vRaiY3YjFh → 加群成功
2022-06-29 09:50:57 → 13607433057 → https://t.me/+5NQjNc_ygu1jYTYx → 加群成功
2022-06-29 09:51:14 → 5562992159154 → https://t.me/+TkFX2Ws-6WliNjU9 → 加群成功
2022-06-29 09:51:34 → 84586359306 → https://t.me/+r4fE7rGC-tU3YWE1 → 加群成功
2022-06-29 09:51:50 → 13607951438 → https://t.me/+KqByXUbZl6wxM2Nh → 加群成功
2022-06-29 09:52:01 → 5511980588137 → https://t.me/+5gVajc77kDQ0NzI5 → 加群成功
2022-06-29 09:52:25 → 5511957044467 → https://t.me/+X_itTArL40g1ZWI5 → 加群失败：https://t.me/+X_itTArL40g1ZWI5 用户尝试加入的聊天已过期且不再有效（由 ImportChatInviteRequest 引起）
2022-06-29 09:52:44 → +905356526723 → https://t.me/+BIb1nofuq6Q5NzY1 → 加群成功
2022-06-29 09:53:03 → 5511966735971 → https://t.me/+G4deUBiLF0g3N2Ux → 加群成功
2022-06-29 09:53:18 → 13602182438 → https://t.me/+mw6XSaYD2eFjYWQx → 加群成功
2022-06-29 09:53:35 → 19092811521 → https://t.me/+xn2eYKH-rlI5N2E5 → 加群成功
2022-06-29 09:53:55 → 19095052432 → https://t.me/joinchat/HHeAr1ELdNEOXqw3U8Ts0w → 加群成功
2022-06-29 09:54:11 → 19105374023 → https://t.me/+X1XfCzCulJplNzJl → 加群成功
2022-06-29 09:54:26 → 13479803524 → https://t.me/+Hu3nlzXur5djMzg1 → 加群成功
2022-06-29 09:54:46 → 84586376092 → https://t.me/+BRUAa2sBGU0zOTQ1 → 加群成功
2022-06-29 09:55:09 → 19093403629 → https://t.me/+aQJcp5R0T3pkZGNl → 加群成功
2022-06-29 09:55:32 → +18768026324 → https://t.me/+-FuT5gvc2BwyNzg5 → 加群失败：https://t.me/+-FuT5gvc2BwyNzg5 用户尝试加入的聊天已过期且不再有效（由 ImportChatInviteRequest 引起）
2022-06-29 09:55:52 → 19105028240 → https://t.me/+0VaQ-3CUGpBmZjQ1 → 加群成功
2022-06-29 09:56:15 → +905356458418 → https://t.me/+_r_1ooupBRoxZTcx → 加群成功
2022-06-29 09:56:34 → 5508581415077 → https://t.me/+ftCy3AbJQ2FkZTdh → 加群成功
2022-06-29 09:56:55 → 5511931146361 → https://t.me/+6SR7fONaaVJmNDMx → 加群成功
2022-06-29 09:57:20 → 13607175467 → https://t.me/+BqdPZFGv9QxjMWI1 → 加群成功
2022-06-29 09:57:43 → 19108891339 → https://t.me/+coJH9njcTFI3NGJh → 加群成功
2022-06-29 09:58:09 → 19102406976 → https://t.me/+-ZBvuqf9AYtkM2Q5 → 加群失败：https://t.me/+-ZBvuqf9AYtkM2Q5 用户尝试加入的聊天已过期且不再有效（由 ImportChatInviteRequest 引起）
2022-06-29 09:58:35 → 5511946158705 → https://t.me/+jEJUf1tx9vw3Yjk1 → 加群成功
2022-06-29 09:58:53 → 5511946811081 → https://t.me/+SIfSmDbixudkMzc1 → 加群失败：https://t.me/+SIfSmDbixudkMzc1 用户尝试加入的聊天已过期且不再有效（由 ImportChatInviteRequest 引起）
2022-06-29 09:59:23 → 84586376092 → https://t.me/+zYJQMkPK-txmNTc1 → 加群成功
2022-06-29 09:59:42 → 5501112759757 → https://t.me/+YlQkP6X2f11lZjlh → 加群成功
2022-06-29 10:00:09 → +905356526723 → https://t.me/+n18k2BFJNDsxY2Fl → 加群成功
2022-06-29 10:00:25 → 13608891691 → https://t.me/+b8osyGrSdOhhZjE9 → 加群失败：The authenticated user is already a participant of the chat (caused by ImportChatInviteRequest)
2022-06-29 10:00:43 → 19108887818 → https://t.me/+j41eJz9SWtE2YjUx → 加群成功
2022-06-29 10:00:58 → 5511931146361 → https://t.me/+hwGafTyi3tIxMzc1 → 加群成功
2022-06-29 10:01:14 → 5511961085017 → https://t.me/+REYpWO1e16djZDUx → 加群成功
2022-06-29 10:01:28 → 5511966735971 → https://t.me/+KdYb4C34uoowMGJl → 加群成功
2022-06-29 10:01:54 → 19092811521 → https://t.me/+HHlC3yukCdo0MjBh → 加群成功
2022-06-29 10:02:16 → 5511931796605 → https://t.me/+LO5hAmiN4McyODU1 → 加群成功
2022-06-29 10:02:42 → 5577991684258 → https://t.me/+umxZ8YEpnEo2MWUx → 加群成功
2022-06-29 10:03:01 → 13607951438 → https://t.me/+67pYhAT5wPcxMDRl → 加群成功
2022-06-29 10:03:28 → 19108891339 → https://t.me/+NZfDxbAhxBRjMmZl → 加群成功
2022-06-29 10:03:50 → 19095362850 → https://t.me/+0vEKeyH-sKw5NzEx → 加群成功
2022-06-29 10:04:07 → 13607175467 → https://t.me/joinchat/ITSPv5Bor2M5NjY1 → 加群成功
2022-06-29 10:04:27 → 13479803524 → https://t.me/+KV5UJvJFZadmZjVl → 加群成功
2022-06-29 10:04:52 → +905356458418 → https://t.me/+5WmtAnMeZpIyMDhh → 加群成功
2022-06-29 10:05:16 → 5511961448505 → https://t.me/+Ak8f4ofbKpEzYTU1 → 加群成功
2022-06-29 10:05:29 → 19102406976 → https://t.me/+4bOGsWK-7145MGQ1 → 加群成功
2022-06-29 10:05:55 → 19095052432 → https://t.me/+iTHcPS00SzdhMTBh → 加群成功
2022-06-29 10:06:09 → 5506199498193 → https://t.me/+kF5YAHBQ7b8yMDVl → 加群失败：https://t.me/+kF5YAHBQ7b8yMDVl 用户尝试加入的聊天已过期且不再有效（由 ImportChatInviteRequest 引起）
2022-06-29 10:06:22 → 13526166754 → https://t.me/+rUlOEDqXoIM4NDk9 → 加群成功
2022-06-29 10:06:46 → 19094927554 → https://t.me/+m7Ys3kdhOQ5jODQ1 → 加群成功
2022-06-29 10:07:03 → 19092793409 → https://t.me/+qmuwWWOvrME0ODkx → 加群成功
2022-06-29 10:07:15 → 5511946044550 → https://t.me/+hG4evzI6ZJ84MTA5 → 加群成功
2022-06-29 10:07:40 → 13602182438 → https://t.me/+So8ftQcz7V8xMTI5 → 加群成功
2022-06-29 10:08:05 → 19104608778 → https://t.me/+owVJEPVLlZpiOGUx → 加群成功
2022-06-29 10:08:21 → 5511946158705 → https://t.me/+Qda8QNJzsX4yNjVl → 加群成功
2022-06-29 10:08:47 → 5511980588137 → https://t.me/+uc5k-JwziZU2MzVh → 加群失败：https://t.me/+uc5k-JwziZU2MzVh 用户尝试加入的聊天已过期且不再有效（由 ImportChatInviteRequest 引起）
2022-06-29 10:09:01 → 13527291197 → https://t.me/+7NnqHySmWQM2ODU9 → 加群成功
2022-06-29 10:09:20 → 13607433057 → https://t.me/+tVzy-HX20kJiYWY1 → 加群成功
2022-06-29 10:09:44 → +218926528532 → https://t.me/wangbo28 → 加群失败：https://t.me/wangbo28 用户尝试加入的聊天已过期且不再有效（由 ImportChatInviteRequest 引起）
2022-06-29 10:10:06 → 5511968835278 → https://t.me/+Rn0gXKwDBdZiMzhl → 加群成功
2022-06-29 10:10:28 → 19108883240 → https://t.me/+boGmQAE3JrBjNTNl → 加群成功
2022-06-29 10:10:41 → 19094172099 → https://t.me/+h2PiE1mN6nZmN2Vl → 加群成功
2022-06-29 10:11:00 → 19105374023 → https://t.me/+kaP8DGgokxo4NGIx → 加群成功
2022-06-29 10:11:24 → 13526232045 → https://t.me/+XOH9ZDrzo3I1MzI1 → 加群成功
2022-06-29 10:11:39 → 19105028240 → https://t.me/+LWL438ngyIQxZjQ1 → 加群成功
2022-06-29 10:11:52 → 19093403629 → https://t.me/+_co7YJMXqzliMzhh → 加群成功
2022-06-29 10:12:18 → 5562992159154 → https://t.me/+rgxcUm5Dp35mYWI1 → 加群成功
2022-06-29 10:12:43 → 5508581415077 → https://t.me/+AeKQBS5VnYFhZjdh → 加群成功
2022-06-29 10:13:05 → +18768026324 → https://t.me/+Z11hDKptzFdjZDZh → 加群成功
2022-06-29 10:13:22 → 5511957044467 → https://t.me/+cod7Oy_bjAg5NTk1 → 加群成功
2022-06-29 10:13:39 → 84586359306 → https://t.me/+ZalvZqpTKQY5ZmVh → 加群失败：The authenticated user is already a participant of the chat (caused by ImportChatInviteRequest)
2022-06-29 10:14:01 → 5511946811081 → https://t.me/+wyQoNDjjMBVjNDA1 → 加群成功
2022-06-29 10:14:14 → 19105165921 → https://t.me/+K4hA5oTciaJhNTVl → 加群成功
2022-06-29 10:14:43 → 19094172099 → https://t.me/+0jORkEcjJ0thZDk1 → 加群成功
2022-06-29 19:58:19 → 13607951438 → https://t.me/+iByuoW9T4aMzODVl → 加群成功
2022-06-29 19:58:36 → 19105374023 → https://t.me/+qi9K7Bo2Y8Y3ZWY9 → 加群失败：https://t.me/+qi9K7Bo2Y8Y3ZWY9 用户尝试加入的聊天已过期且不再有效（由 ImportChatInviteRequest 引起）
2022-06-29 19:58:53 → 5511957044467 → https://t.me/+54gl7-9CGNExOTQx → 加群成功
2022-06-29 19:59:15 → 13608891691 → https://t.me/+boGmQAE3JrBjNTNl → 加群成功
2022-06-29 19:59:34 → 19092793409 → https://t.me/+O75V72V3_f9mZDk1 → 加群成功
2022-06-29 19:59:54 → +218926983497 → https://t.me/+YQtg80wqP5NlM2Nh → 加群成功
2022-06-29 20:00:14 → 5511946158705 → https://t.me/+hG4evzI6ZJ84MTA5 → 加群成功
2022-06-29 20:00:35 → 19093403629 → https://t.me/+-jAPlPqNLng3NTk1 → 加群失败：https://t.me/+-jAPlPqNLng3NTk1 用户尝试加入的聊天已过期且不再有效（由 ImportChatInviteRequest 引起）
2022-06-29 20:00:58 → +218926528532 → https://t.me/+jrPK9KTLN3k2ODM1 → 加群成功
2022-06-29 20:01:20 → 84586359306 → https://t.me/+kaP8DGgokxo4NGIx → 加群成功
2022-06-29 20:01:44 → 19094927554 → https://t.me/+BIb1nofuq6Q5NzY1 → 加群成功
2022-06-29 20:02:06 → 5506199498193 → https://t.me/+hwGafTyi3tIxMzc1 → 加群成功
2022-06-29 20:02:25 → 13526166754 → https://t.me/+gJ-eKM5QJ3YyNzc1 → 加群成功
2022-06-29 20:03:14 → 5501112759757 → https://t.me/+LqsBiT_T0DszOWI1 → 加群成功
2022-06-29 20:03:40 → 19095362850 → https://t.me/+SvCI6c2XlcxlZjQx → 加群成功
2022-06-29 20:03:57 → 5511968835278 → https://t.me/+G-TP1oGwz_UzZTgx → 加群成功
2022-06-29 20:04:11 → +905356526723 → https://t.me/+zt29tENcz2g4ODA1 → 加群失败：The authenticated user is already a participant of the chat (caused by ImportChatInviteRequest)
2022-06-29 20:04:27 → 19093592961 → https://t.me/+8RnTf-FOZT9iYzRl → 加群成功
2022-06-29 20:04:42 → 19108891339 → https://t.me/+xWeQtRBfjOFkNTA1 → 加群成功
2022-06-29 20:05:00 → 5511931146361 → https://t.me/+0kedKOuRB0o1NDMx → 加群成功
2022-06-29 20:05:22 → 13607175467 → https://t.me/joinchat/rDC8WhyDHDg0Yzhl → 加群成功
2022-06-29 20:05:46 → 19095052432 → https://t.me/+AeKQBS5VnYFhZjdh → 加群成功
2022-06-29 20:06:12 → 5511946044550 → https://t.me/+-HKE3ttySdAxMTk1 → 加群失败：https://t.me/+-HKE3ttySdAxMTk1 用户尝试加入的聊天已过期且不再有效（由 ImportChatInviteRequest 引起）
2022-06-29 20:06:33 → 5511946811081 → https://t.me/+ZalvZqpTKQY5ZmVh → 加群成功
2022-06-29 20:06:57 → 13602182438 → https://t.me/+b8osyGrSdOhhZjE9 → 加群失败：https://t.me/+b8osyGrSdOhhZjE9 用户尝试加入的聊天已过期且不再有效（由 ImportChatInviteRequest 引起）
2022-06-29 20:07:17 → 5511980588137 → https://t.me/+TkFX2Ws-6WliNjU9 → 加群失败：https://t.me/+TkFX2Ws-6WliNjU9 用户尝试加入的聊天已过期且不再有效（由 ImportChatInviteRequest 引起）
2022-06-29 20:07:40 → 19104608778 → https://t.me/+_co7YJMXqzliMzhh → 加群成功
2022-06-29 20:07:51 → 5508581415077 → https://t.me/+1s6PDJfhJ_45N2Mx → 加群成功
2022-06-29 20:08:05 → 19108883240 → https://t.me/+XOH9ZDrzo3I1MzI1 → 加群成功
2022-06-29 20:08:23 → 13527291197 → https://t.me/+Qz0ir67LdmQzODM9 → 加群成功
2022-06-29 20:08:38 → 5511961448505 → https://t.me/+hpMJRgdAs5AxMzg1 → 加群成功
2022-06-29 20:08:53 → 5511966735971 → https://t.me/+SU2RmtTlLms1YWRl → 加群成功
2022-06-29 20:09:15 → 5577991684258 → https://t.me/+EX5LLMSHNh9iYTQ1 → 加群成功
2022-06-29 20:09:39 → 13607433057 → https://t.me/+_r_1ooupBRoxZTcx → 加群成功
2022-06-29 20:09:52 → 19105028240 → https://t.me/+m7Ys3kdhOQ5jODQ1 → 加群成功
2022-06-29 20:10:08 → 5511961085017 → https://t.me/+rUlOEDqXoIM4NDk9 → 加群失败：https://t.me/+rUlOEDqXoIM4NDk9 用户尝试加入的聊天已过期且不再有效（由 ImportChatInviteRequest 引起）
2022-06-29 20:10:28 → 19092811521 → https://t.me/+tVzy-HX20kJiYWY1 → 加群成功
2022-06-29 20:10:40 → 5511931796605 → https://t.me/+EsOVJtfj7FwyOWUx → 加群失败：https://t.me/+EsOVJtfj7FwyOWUx 用户尝试加入的聊天已过期且不再有效（由 ImportChatInviteRequest 引起）
2022-06-29 20:10:57 → 5562992159154 → https://t.me/+JfzYvmEW4bo0ZWRl → 加群成功
2022-06-29 20:11:16 → +905356353200 → https://t.me/+Rn0gXKwDBdZiMzhl → 加群成功
2022-06-29 20:11:38 → 19102406976 → https://t.me/+d704xN5CSodkN2Vh → 加群成功
2022-06-29 20:11:51 → +18768026324 → https://t.me/+EGVQeuIr3OU0NGI9 → 加群成功
2022-06-29 20:12:32 → 19108887818 → https://t.me/+IMTe1XL2eRhmZTQ1 → 加群成功
2022-06-29 20:12:50 → 13479803524 → https://t.me/+UDrX76uyYy82OWEx → 加群成功
2022-06-29 20:13:03 → 19105165921 → https://t.me/+jxQcjZH0KvRjY2Jl → 加群成功
2022-06-29 20:13:20 → 84586376092 → https://t.me/+AGovixe_eoE4NDNh → 加群成功
2022-06-29 20:13:38 → 13526232045 → https://t.me/+oK6peJEVCBgzZjcx → 加群成功
2022-06-29 20:13:57 → 19094172099 → https://t.me/+ULgadWScDkswN2Q1 → 加群成功
2022-06-29 20:14:23 → 13526232045 → https://t.me/+40-bqGDev2g3NGZl → 加群成功
2022-06-29 20:14:42 → 19105165921 → https://t.me/+S58Sh-K2alY3Nzdl → 加群失败：The authenticated user is already a participant of the chat (caused by ImportChatInviteRequest)
2022-06-29 20:14:58 → 13527291197 → https://t.me/+aQJcp5R0T3pkZGNl → 加群成功
2022-06-29 20:15:18 → 5511968835278 → https://t.me/+ftCy3AbJQ2FkZTdh → 加群成功
2022-06-29 20:15:44 → 13526166754 → https://t.me/+t8N8djvNpMozYTUx → 加群成功
2022-06-29 20:15:59 → 19108883240 → https://t.me/+KdYb4C34uoowMGJl → 加群成功
2022-06-29 20:16:24 → +218926528532 → https://t.me/+SZP7LsqR8FI3ZjM1 → 加群成功
2022-06-29 20:16:45 → 19102406976 → https://t.me/+6SR7fONaaVJmNDMx → 加群成功
2022-06-29 20:17:11 → 5511961448505 → https://t.me/+mw6XSaYD2eFjYWQx → 加群成功
2022-06-29 20:17:37 → 19094927554 → https://t.me/+uc5k-JwziZU2MzVh → 加群成功
2022-06-29 20:17:50 → 5506199498193 → https://t.me/+9oE0N-acgdo0NTNl → 加群成功
2022-06-29 20:18:04 → 13607951438 → https://t.me/+yTmSqvjL6MZhOGM1 → 加群成功
2022-06-29 20:18:19 → 19095362850 → https://t.me/+ZIUaM08xAIhkYmUx → 加群成功
2022-06-29 20:18:41 → 5511980588137 → https://t.me/+X1XfCzCulJplNzJl → 加群成功
2022-06-29 20:19:02 → +18768026324 → https://t.me/+5NQjNc_ygu1jYTYx → 加群成功
2022-06-29 20:19:29 → 19094172099 → https://t.me/+F4cgrWsKrcRkMDA9 → 加群成功
2022-06-29 20:19:43 → 13608891691 → https://t.me/+dYHMcVJpbBwzMGQ1 → 加群成功
2022-06-29 20:19:58 → 19105374023 → https://t.me/+So8ftQcz7V8xMTI5 → 加群成功
2022-06-29 20:20:22 → 84586359306 → https://t.me/+ADL_14T-XG0yMmE5 → 加群成功
2022-06-29 20:20:41 → 5511966735971 → https://t.me/+xoa71RA8zRlkZWE1 → 加群失败：https://t.me/+xoa71RA8zRlkZWE1 用户尝试加入的聊天已过期且不再有效（由 ImportChatInviteRequest 引起）
2022-06-29 20:20:59 → 19108891339 → https://t.me/+Sh3VLTGHA9Q3YTdl → 加群成功
2022-06-29 20:21:17 → 5508581415077 → https://t.me/+YhkvVBH2sLNiMmJh → 加群成功
2022-06-29 20:21:42 → 19092793409 → https://t.me/+Lh7Vg3j2HBA2ZWRl → 加群成功
2022-06-29 20:22:00 → 5511946158705 → https://t.me/+71ANa06F0wNmNmJl → 加群成功
2022-06-29 20:22:22 → 19092811521 → https://t.me/+3YZdmBbfzH85MDll → 加群成功
2022-06-29 20:22:43 → 5511931146361 → https://t.me/+67pYhAT5wPcxMDRl → 加群失败：https://t.me/+67pYhAT5wPcxMDRl 用户尝试加入的聊天已过期且不再有效（由 ImportChatInviteRequest 引起）
2022-06-29 20:23:08 → 19095052432 → https://t.me/+h2PiE1mN6nZmN2Vl → 加群成功
2022-06-29 20:23:31 → 5511957044467 → https://t.me/+LO5hAmiN4McyODU1 → 加群成功
2022-06-29 20:23:57 → +905356526723 → https://t.me/+Vr3PW_vRaiY3YjFh → 加群成功
2022-06-29 20:24:23 → 19105028240 → https://t.me/+_sSpDH9vnQMwNjc9 → 加群成功
2022-06-29 20:24:48 → 84586376092 → https://t.me/+mHS4ouK1WS81ODdl → 加群成功
2022-06-29 20:25:08 → +905356458418 → https://t.me/+zAh3xoopIn4yYTU5 → 加群失败：掉线/或官方销号
2022-06-29 20:25:29 → 13607175467 → https://t.me/+XA-AFUSIJMBjY2Fh → 加群失败：https://t.me/+XA-AFUSIJMBjY2Fh 用户尝试加入的聊天已过期且不再有效（由 ImportChatInviteRequest 引起）
2022-06-29 20:25:49 → 5511946811081 → https://t.me/wangbo28 → 加群失败：https://t.me/wangbo28 用户尝试加入的聊天已过期且不再有效（由 ImportChatInviteRequest 引起）
2022-06-29 20:26:04 → 5511931796605 → https://t.me/+0vEKeyH-sKw5NzEx → 加群成功
2022-06-29 20:26:23 → 19108887818 → https://t.me/+17GH_OvJ9tAwY2Vl → 加群成功
2022-06-29 20:26:43 → 5577991684258 → https://t.me/+fAdS-xoI0zJiZTdh → 加群成功
2022-06-29 20:26:56 → 19093403629 → https://t.me/+A1-zdEEfAu03ZTFl → 加群成功
2022-06-29 20:27:17 → 5511946044550 → https://t.me/+l1slk5dV5jE3ZjNl → 加群成功
2022-06-29 20:27:33 → 19104608778 → https://t.me/+feeRJoJYK0EzMTRl → 加群成功
2022-06-29 20:27:45 → 13602182438 → https://t.me/+Gla_cs2FNi1kMjc1 → 加群失败：https://t.me/+Gla_cs2FNi1kMjc1 用户尝试加入的聊天已过期且不再有效（由 ImportChatInviteRequest 引起）
2022-06-29 20:28:06 → 13607433057 → https://t.me/+0VaQ-3CUGpBmZjQ1 → 加群成功
2022-06-29 20:28:21 → 5501112759757 → https://t.me/+Hu3nlzXur5djMzg1 → 加群失败：The authenticated user is already a participant of the chat (caused by ImportChatInviteRequest)
2022-06-29 20:28:42 → 5511961085017 → https://t.me/+0ooyBXIvunM2ODAx → 加群成功
2022-06-29 20:28:54 → +218926983497 → https://t.me/+jEJUf1tx9vw3Yjk1 → 加群成功
2022-06-29 20:29:20 → +905356353200 → https://t.me/+JMW3N_5fjeM5ODk1 → 加群成功
2022-06-29 20:29:43 → 5562992159154 → https://t.me/+bOgiT1uFp88xNmQ1 → 加群成功
2022-06-29 20:30:02 → 13479803524 → https://t.me/+jxfLkeV_sRZlZjIx → 加群失败：https://t.me/+jxfLkeV_sRZlZjIx 用户尝试加入的聊天已过期且不再有效（由 ImportChatInviteRequest 引起）
2022-06-29 20:30:24 → 19093592961 → https://t.me/+xBZVwA_bkEY2N2Jl → 加群成功
2022-06-29 20:30:50 → +218926983497 → https://t.me/+xn2eYKH-rlI5N2E5 → 加群成功
2022-06-29 20:31:10 → 19108883240 → https://t.me/+z-xgWFuhbXRiMmU1 → 加群失败：https://t.me/+z-xgWFuhbXRiMmU1 用户尝试加入的聊天已过期且不再有效（由 ImportChatInviteRequest 引起）
2022-06-29 20:31:27 → 13608891691 → https://t.me/+jDogamSAXRJmNTJl → 加群成功
2022-06-29 20:31:50 → 5511961448505 → https://t.me/+BrmgdJH6PSZkNTNh → 加群成功
2022-06-29 20:32:15 → 5511931796605 → https://t.me/+zYJQMkPK-txmNTc1 → 加群失败：https://t.me/+zYJQMkPK-txmNTc1 用户尝试加入的聊天已过期且不再有效（由 ImportChatInviteRequest 引起）
2022-06-29 20:32:41 → 19093592961 → https://t.me/+jIlT6iUJfKBkMzBh → 加群成功
2022-06-29 20:32:54 → 5577991684258 → https://t.me/+yB1tBXdqMKFkMGFl → 加群成功
2022-06-29 20:33:19 → 13607951438 → https://t.me/+REYpWO1e16djZDUx → 加群成功
2022-06-29 20:33:44 → 5511957044467 → https://t.me/+9aEGaULesLY4Nzlh → 加群失败：The authenticated user is already a participant of the chat (caused by ImportChatInviteRequest)
2022-06-29 20:34:05 → +905356353200 → https://t.me/+r4fE7rGC-tU3YWE1 → 加群成功
2022-06-29 20:34:27 → 5508581415077 → https://t.me/+K5t6qDH-guk2ZmNl → 加群成功
2022-06-29 20:34:45 → 5511946044550 → https://t.me/+l7jVRdfrEh8wNWZh → 加群成功
2022-06-29 20:35:09 → 19105165921 → https://t.me/+Zp-g0nkCPK9lMzE1 → 加群成功
2022-06-29 20:35:28 → 5511966735971 → https://t.me/+DM9DYATWVQA2MTlh → 加群成功
2022-06-29 20:35:54 → +905356526723 → https://t.me/+Qda8QNJzsX4yNjVl → 加群成功
2022-06-29 20:36:16 → 5511946158705 → https://t.me/+0jORkEcjJ0thZDk1 → 加群成功
2022-06-29 20:36:35 → 13607433057 → https://t.me/+2jZp8I80mEIyOGY1 → 加群成功
2022-06-29 20:36:47 → 13526232045 → https://t.me/+4GYip2NBLOphOTVl → 加群成功
2022-06-29 20:37:12 → +218926528532 → https://t.me/+uFhQDDWC5a8xOTVh → 加群成功
2022-06-29 20:37:34 → 5501112759757 → https://t.me/+hdw-z80muVFjNzFl → 加群成功
2022-06-29 20:37:52 → +18768026324 → https://t.me/+iBdNpf3vLzBkOTFl → 加群成功
2022-06-29 20:38:09 → 84586359306 → https://t.me/+IWYUKU0ocCcwYjMx → 加群成功
2022-06-29 20:38:27 → 5511931146361 → https://t.me/+cgctxddaCwxhYWM1 → 加群成功
2022-06-29 20:38:51 → 19108887818 → https://t.me/+qmuwWWOvrME0ODkx → 加群成功
2022-06-29 20:39:14 → 19104608778 → https://t.me/+MSzURb05WsVlZWYx → 加群成功
2022-06-29 20:39:26 → 19105374023 → https://t.me/+CM8QfiFJeng1OWM1 → 加群成功
2022-06-29 20:39:38 → 5511980588137 → https://t.me/+-FuT5gvc2BwyNzg5 → 加群失败：https://t.me/+-FuT5gvc2BwyNzg5 用户尝试加入的聊天已过期且不再有效（由 ImportChatInviteRequest 引起）
2022-06-29 20:39:51 → 5506199498193 → https://t.me/+umxZ8YEpnEo2MWUx → 加群成功
2022-06-29 20:40:02 → 5511961085017 → https://t.me/+EFZfdCzTGu9iMzcx → 加群成功
2022-06-29 20:40:23 → 5562992159154 → https://t.me/+rgxcUm5Dp35mYWI1 → 加群失败：The authenticated user is already a participant of the chat (caused by ImportChatInviteRequest)
2022-06-29 20:40:42 → 13607175467 → https://t.me/+BRUAa2sBGU0zOTQ1 → 加群成功
2022-06-29 20:41:07 → 19092811521 → https://t.me/+b-oj8C33vKU1Yjdl → 加群成功
2022-06-29 20:41:26 → 19094927554 → https://t.me/+VwDoIE1fU34wNDRl → 加群失败：https://t.me/+VwDoIE1fU34wNDRl 用户尝试加入的聊天已过期且不再有效（由 ImportChatInviteRequest 引起）
2022-06-29 20:41:39 → 13527291197 → https://t.me/+uDADliAVzT84ZDRh → 加群失败：https://t.me/+uDADliAVzT84ZDRh 用户尝试加入的聊天已过期且不再有效（由 ImportChatInviteRequest 引起）
2022-06-29 20:42:04 → 13602182438 → https://t.me/+ssjAgSqpCLI0YzBh → 加群成功
2022-06-29 20:42:29 → 19105028240 → https://t.me/+IgxjgT8EJP0wZGI1 → 加群失败：https://t.me/+IgxjgT8EJP0wZGI1 用户尝试加入的聊天已过期且不再有效（由 ImportChatInviteRequest 引起）
2022-06-29 20:42:42 → 13479803524 → https://t.me/+4t_ZnkZnBxJhYzcx → 加群成功
2022-06-29 20:43:03 → 19108891339 → https://t.me/+coJH9njcTFI3NGJh → 加群失败：The authenticated user is already a participant of the chat (caused by ImportChatInviteRequest)
2022-06-29 20:43:18 → 19102406976 → https://t.me/+E7EhI4J4t2BjMTdh → 加群成功
2022-06-29 20:43:35 → 19093403629 → https://t.me/+dIyaD5HpDJY3Zjk9 → 加群成功
2022-06-29 20:44:00 → 19095052432 → https://t.me/+QmtEDlDoYLlkMGVl → 加群成功
2022-06-29 20:44:20 → 5511946811081 → https://t.me/+HjBnsQsrMc44ZmNl → 加群成功
2022-06-29 20:44:41 → 19095362850 → https://t.me/+UbxlM6GKynRhODk1 → 加群成功
2022-06-29 20:45:00 → 13526166754 → https://t.me/+LWL438ngyIQxZjQ1 → 加群成功
2022-06-29 20:45:20 → 19092793409 → https://t.me/+Iu_rhvEZnCVjMmNl → 加群成功
2022-06-29 20:45:38 → 19094172099 → https://t.me/+vD11mXSl0Qo1NjBl → 加群成功
2022-06-29 20:45:54 → 84586376092 → https://t.me/+K4hA5oTciaJhNTVl → 加群成功
2022-06-29 20:46:17 → 5511968835278 → https://t.me/+HHlC3yukCdo0MjBh → 加群成功
2022-06-29 20:46:36 → 5562992159154 → https://t.me/+iTHcPS00SzdhMTBh → 加群成功
2022-06-29 20:46:54 → 84586376092 → https://t.me/+mXolrdPE2mxhNTdl → 加群成功
2022-06-29 20:47:12 → 19108883240 → https://t.me/+j8GV22yY5x5lM2Jh → 加群成功
2022-06-29 20:47:25 → +218926983497 → https://t.me/+n9nQhpEXAC0yNGU9 → 加群成功
2022-06-29 20:47:50 → 5511931146361 → https://t.me/+4iQgzALLkPowZGFl → 加群成功
2022-06-29 20:48:12 → 5501112759757 → https://t.me/+YI3Dtp8InIthMmU5 → 加群成功
2022-06-29 20:48:25 → 19105374023 → https://t.me/+aMl_xPUzLu80OGMx → 加群成功
2022-06-29 20:48:47 → 13607433057 → https://t.me/+T-jYQLw4qHozZWU1 → 加群成功
2022-06-29 20:48:58 → 5511961085017 → https://t.me/+VZOVUsJ_CrRiNjI5 → 加群成功
2022-06-29 20:49:14 → 5511957044467 → https://t.me/+GG2gvlA8M2s5Mjgx → 加群成功
2022-06-29 20:49:33 → 19102406976 → https://t.me/+qG8NTgtN0akxM2Ex → 加群失败：https://t.me/+qG8NTgtN0akxM2Ex 用户尝试加入的聊天已过期且不再有效（由 ImportChatInviteRequest 引起）
2022-06-29 20:49:49 → 5577991684258 → https://t.me/+3SrSrS52L785Yjg1 → 加群成功
2022-06-29 20:50:10 → 5511980588137 → https://t.me/+f312-GXF6bI2NDc1 → 加群成功
2022-06-29 20:50:30 → 84586359306 → https://t.me/+z9w5abx_AKI3ZDA1 → 加群成功
2022-06-29 20:50:51 → 5511946158705 → https://t.me/+SIfSmDbixudkMzc1 → 加群成功
2022-06-29 20:51:15 → 19104608778 → https://t.me/+7NnqHySmWQM2ODU9 → 加群成功
2022-06-29 20:51:32 → 19092793409 → https://t.me/+B7AquUh1jWpkNjQx → 加群成功
2022-06-29 20:51:48 → 13607175467 → https://t.me/+n18k2BFJNDsxY2Fl → 加群成功
2022-06-29 20:52:02 → 19095362850 → https://t.me/+Qhz0SfbvEQAzYmFl → 加群成功
2022-06-29 20:52:26 → 5511966735971 → https://t.me/+in9IWOKmArs5ODg5 → 加群成功
2022-06-29 20:52:45 → 19108887818 → https://t.me/+APKLYqmdSclhZjU1 → 加群失败：The authenticated user is already a participant of the chat (caused by ImportChatInviteRequest)
2022-06-29 20:52:59 → 13608891691 → https://t.me/+PtpnKT2eF0BkN2Q9 → 加群成功
2022-06-29 20:53:19 → 19105028240 → https://t.me/+4-TIERdkNVVmY2Ix → 加群成功
2022-06-29 20:53:32 → 13527291197 → https://t.me/+WnFY9z024NdiODgx → 加群成功
2022-06-29 20:53:51 → 13479803524 → https://t.me/+-J3EkxDRssplNmQx → 加群失败：https://t.me/+-J3EkxDRssplNmQx 用户尝试加入的聊天已过期且不再有效（由 ImportChatInviteRequest 引起）
2022-06-29 20:54:10 → +218926528532 → https://t.me/+pbakZSSRFjRhNGU1 → 加群成功
2022-06-29 20:54:30 → 5511946044550 → https://t.me/+5gVajc77kDQ0NzI5 → 加群成功
2022-06-29 20:54:43 → 5511968835278 → https://t.me/+mrJcyx4RlCoyZDE9 → 加群失败：https://t.me/+mrJcyx4RlCoyZDE9 用户尝试加入的聊天已过期且不再有效（由 ImportChatInviteRequest 引起）
2022-06-29 20:55:07 → 19094927554 → https://t.me/+X_itTArL40g1ZWI5 → 加群失败：https://t.me/+X_itTArL40g1ZWI5 用户尝试加入的聊天已过期且不再有效（由 ImportChatInviteRequest 引起）
2022-06-29 20:55:22 → 13526232045 → https://t.me/+q9iWwMyPl485YzE1 → 加群成功
2022-06-29 20:55:42 → 19093592961 → https://t.me/+BqdPZFGv9QxjMWI1 → 加群成功
2022-06-29 20:55:54 → 19095052432 → https://t.me/+p6YlZXi4WgU0Yzc1 → 加群成功
2022-06-29 20:56:06 → 5508581415077 → https://t.me/+apcxV30gu7M2MjI1 → 加群成功
2022-06-29 20:56:19 → +18768026324 → https://t.me/+sUuj_TuH_nRhNjE1 → 加群成功
2022-06-29 20:56:40 → 13607951438 → https://t.me/+StNEwMqEaUE2NmFl → 加群成功
2022-06-29 20:57:05 → 5511961448505 → https://t.me/+sEzjSrHVucliNGE1 → 加群成功
2022-06-29 20:57:18 → 19093403629 → https://t.me/joinchat/EnHBggxtLiaKQHfI_9JPgw → 加群成功
2022-06-29 20:57:31 → 19092811521 → https://t.me/+k7skOSclEXNkY2M1 → 加群成功
2022-06-29 20:57:48 → 5511931796605 → https://t.me/+foThDdueBzYyOTVh → 加群成功
2022-06-29 20:58:01 → 19094172099 → https://t.me/+2hRtaNIomANhZjhl → 加群成功
2022-06-29 20:58:24 → 5506199498193 → https://t.me/+pImQqG6kee4wZDYx → 加群失败：https://t.me/+pImQqG6kee4wZDYx 用户尝试加入的聊天已过期且不再有效（由 ImportChatInviteRequest 引起）
2022-06-29 20:58:42 → 19105165921 → https://t.me/+spzhFF0zV5M1YjZh → 加群成功
2022-06-29 20:59:02 → +905356353200 → https://t.me/+PnwvxbcwQXVjYzE1 → 加群成功
2022-06-29 20:59:27 → +905356526723 → https://t.me/+Xh2Sw8Abn_w0NzRl → 加群成功
2022-06-29 20:59:53 → 5511946811081 → https://t.me/+1450TvdWFDg3ZDlh → 加群成功
2022-06-29 21:00:11 → 13526166754 → https://t.me/+WbJrXuE28703Zjdl → 加群成功
2022-06-29 21:00:25 → 19108891339 → https://t.me/+3gLBjcldb5E1NWY9 → 加群成功
2022-06-29 21:00:44 → 13602182438 → https://t.me/+_cUk83u2c1JjNzY1 → 加群失败：https://t.me/+_cUk83u2c1JjNzY1 用户尝试加入的聊天已过期且不再有效（由 ImportChatInviteRequest 引起）
2022-06-29 21:01:05 → 19093403629 → https://t.me/+KqByXUbZl6wxM2Nh → 加群成功
2022-06-29 21:01:31 → 19095052432 → https://t.me/+Ykhdirg6NcNkYjAx → 加群成功
2022-06-29 21:01:47 → 84586359306 → https://t.me/+4O_dPR7XAcY5NGQ9 → 加群成功
2022-06-29 21:02:05 → 19105374023 → https://t.me/+HBDkiYv3Y9c2ODM1 → 加群成功
2022-06-29 21:02:26 → 5511961085017 → https://t.me/+calyHe56Wm82OTg1 → 加群成功
2022-06-29 21:02:47 → 19092793409 → https://t.me/+ULwwAMPXqG5iNTI1 → 加群成功
2022-06-29 21:03:08 → 5562992159154 → https://t.me/joinchat/c1irPtTz-KpmMzZl → 加群成功
2022-06-29 21:03:30 → 19108887818 → https://t.me/+YlMJYHBBe0M5ZmMx → 加群成功
2022-06-29 21:03:49 → 5511946044550 → https://t.me/+rxfOqtxvW-4wNWVl → 加群失败：https://t.me/+rxfOqtxvW-4wNWVl 用户尝试加入的聊天已过期且不再有效（由 ImportChatInviteRequest 引起）
2022-06-29 21:04:06 → 5508581415077 → https://t.me/+07AqZIR1RH43MmY1 → 加群成功
2022-06-29 21:04:27 → 5511966735971 → https://t.me/+G4deUBiLF0g3N2Ux → 加群失败：https://t.me/+G4deUBiLF0g3N2Ux 用户尝试加入的聊天已过期且不再有效（由 ImportChatInviteRequest 引起）
2022-06-29 21:04:42 → 19108891339 → https://t.me/+j1rD3RsKu2A5ZTJl → 加群失败：https://t.me/+j1rD3RsKu2A5ZTJl 用户尝试加入的聊天已过期且不再有效（由 ImportChatInviteRequest 引起）
2022-06-29 21:04:56 → 13526166754 → https://t.me/+MVMDI7oWzDczNmI1 → 加群失败：https://t.me/+MVMDI7oWzDczNmI1 用户尝试加入的聊天已过期且不再有效（由 ImportChatInviteRequest 引起）
2022-06-29 21:05:10 → 13608891691 → https://t.me/+YlQkP6X2f11lZjlh → 加群成功
2022-06-29 21:05:35 → 5501112759757 → https://t.me/+zp8hQFMQsnIyYTdl → 加群成功
2022-06-29 21:05:55 → +218926983497 → https://t.me/+KV5UJvJFZadmZjVl → 加群成功
2022-06-29 21:06:11 → +18768026324 → https://t.me/+5WmtAnMeZpIyMDhh → 加群成功
2022-06-29 21:06:33 → 5511946811081 → https://t.me/+wyQoNDjjMBVjNDA1 → 加群失败：The authenticated user is already a participant of the chat (caused by ImportChatInviteRequest)
2022-06-29 21:06:55 → 13602182438 → https://t.me/+G8wVDtrfGdI3ZTc9 → 加群成功
2022-06-29 21:07:19 → 5511980588137 → https://t.me/+l_b3i7oqjn0zMWE1 → 加群成功
2022-06-29 21:07:41 → 13607951438 → https://t.me/+j41eJz9SWtE2YjUx → 加群成功
2022-06-29 21:07:53 → 5511931796605 → https://t.me/+XAPOpgfM36YxYTk1 → 加群成功
2022-06-29 21:08:12 → +218926528532 → https://t.me/+d8XzUzLwhhU1YWVl → 加群成功
2022-06-29 21:08:25 → 13526232045 → https://t.me/+-ZBvuqf9AYtkM2Q5 → 加群失败：https://t.me/+-ZBvuqf9AYtkM2Q5 用户尝试加入的聊天已过期且不再有效（由 ImportChatInviteRequest 引起）
2022-06-29 21:08:49 → 19093592961 → https://t.me/+4bOGsWK-7145MGQ1 → 加群成功
2022-06-29 21:09:13 → 19108883240 → https://t.me/+WgZhCn-jDiY2YjRl → 加群成功
2022-06-29 21:09:34 → 5511946158705 → https://t.me/+5qiD_XQNy8ozMmI1 → 加群失败：https://t.me/+5qiD_XQNy8ozMmI1 用户尝试加入的聊天已过期且不再有效（由 ImportChatInviteRequest 引起）
2022-06-29 21:09:47 → 84586376092 → https://t.me/+owVJEPVLlZpiOGUx → 加群成功
2022-06-29 21:10:00 → 13607433057 → https://t.me/+H9LG2jzQBeA4NjMx → 加群成功
2022-06-29 21:10:22 → 19102406976 → https://t.me/+zjwd6Dobyb5hYWM1 → 加群成功
2022-06-29 21:10:35 → 5577991684258 → https://t.me/+noFSLnh4gzRmMWM1 → 加群成功
2022-06-29 21:11:00 → 19104608778 → https://t.me/+C0RIb6Z0lM8xY2Q1 → 加群失败：https://t.me/+C0RIb6Z0lM8xY2Q1 用户尝试加入的聊天已过期且不再有效（由 ImportChatInviteRequest 引起）
2022-06-29 21:11:20 → +905356353200 → https://t.me/+BSga9DevIIg5YTQ1 → 加群成功
2022-06-29 21:11:46 → 5511957044467 → https://t.me/+2UbXwZlSXqxiMGIx → 加群成功
2022-06-29 21:12:02 → 5506199498193 → https://t.me/+wXJtiQoohfc2NDJl → 加群成功
2022-06-29 21:12:28 → 5511961448505 → https://t.me/+lLRc1DnIS1JhYTc1 → 加群失败：https://t.me/+lLRc1DnIS1JhYTc1 用户尝试加入的聊天已过期且不再有效（由 ImportChatInviteRequest 引起）
2022-06-29 21:12:54 → 13607175467 → https://t.me/+Z11hDKptzFdjZDZh → 加群成功
2022-06-29 21:13:18 → 19105028240 → https://t.me/+X98YxeYTiqcxYzA9 → 加群成功
2022-06-29 21:13:30 → 13479803524 → https://t.me/+kF5YAHBQ7b8yMDVl → 加群失败：https://t.me/+kF5YAHBQ7b8yMDVl 用户尝试加入的聊天已过期且不再有效（由 ImportChatInviteRequest 引起）
2022-06-29 21:13:53 → 5511931146361 → https://t.me/+NZfDxbAhxBRjMmZl → 加群成功
2022-06-29 21:14:11 → +905356526723 → https://t.me/joinchat/HHeAr1ELdNEOXqw3U8Ts0w → 加群成功
2022-06-29 21:14:27 → 19094927554 → https://t.me/+y1X1DHVWX6o0OWQx → 加群失败：https://t.me/+y1X1DHVWX6o0OWQx 用户尝试加入的聊天已过期且不再有效（由 ImportChatInviteRequest 引起）
2022-06-29 21:14:45 → 19094172099 → https://t.me/+wUPu96w7BvQ3NTU1 → 加群成功
2022-06-29 21:15:03 → 5511968835278 → https://t.me/+IK9rvcCFpyA3YzI9 → 加群失败：The authenticated user is already a participant of the chat (caused by ImportChatInviteRequest)
2022-06-29 21:15:28 → 19105165921 → https://t.me/+cod7Oy_bjAg5NTk1 → 加群成功
2022-06-29 21:15:45 → 13527291197 → https://t.me/+SEjcrJU4JuIyNzA1 → 加群成功
2022-06-29 21:16:03 → 19092811521 → https://t.me/joinchat/ITSPv5Bor2M5NjY1 → 加群成功