
2022-06-25 10:38:51 → 5511960867337 → https://t.me/tglianmeng002 → 加群成功
2022-06-25 10:39:09 → 5561991095027 → https://t.me/mikebill888 → 加群成功
2022-06-25 10:39:27 → 5511967902985 → https://t.me/btc_chinese → 加群成功
2022-06-25 10:39:45 → 5573999569433 → https://t.me/zb_support → 加群成功
2022-06-25 10:40:03 → 5561991777052 → https://t.me/pigcommunity → 加群成功
2022-06-25 10:40:22 → 79830721347 → https://t.me/im0471 → 加群成功
2022-06-25 10:40:41 → 5511979898105 → https://t.me/hwhrbbs → 加群成功
2022-06-25 10:40:59 → 5511980378559 → https://t.me/akkcloud → 加群成功
2022-06-25 10:41:19 → 5585999138922 → https://t.me/readerbeta → 加群成功
2022-06-25 10:41:37 → 5585999140560 → https://t.me/juliang666 → 加群失败：掉线/或官方销号
2022-06-25 10:41:53 → 5511980949568 → https://t.me/BAOAA → 加群成功
2022-06-25 10:42:12 → 5511931627496 → https://t.me/yyl001 → 加群成功
2022-06-25 10:42:31 → 5501113991461 → https://t.me/xxup1121 → 加群成功
2022-06-25 10:42:50 → 5504491094916 → https://t.me/lbank_cn → 加群成功
2022-06-25 10:43:09 → 5511980622290 → https://t.me/gaigangs → 加群失败：掉线/或官方销号
2022-06-25 10:43:25 → 5511969407111 → https://t.me/yuantoushuju5 → 加群成功
2022-06-25 10:43:44 → 5561995258468 → https://t.me/bailaohui_cvv → 加群成功
2022-06-25 10:44:34 → 5585999138922 → https://t.me/shore999888 → 加群成功
2022-06-25 10:44:52 → 5511931627496 → https://t.me/gibxchange_cn → 加群成功
2022-06-25 10:45:10 → 79830721347 → https://t.me/paofenht → 加群成功
2022-06-25 10:45:29 → 5561995258468 → https://t.me/x00008 → 加群成功
2022-06-25 10:45:47 → 5561991875040 → https://t.me/kedoucloud → 加群成功
2022-06-25 10:46:05 → 5511980423714 → https://t.me/polkadotzh → 加群成功
2022-06-25 10:46:23 → 5511986398654 → https://t.me/btokcn_0014 → 加群成功
2022-06-25 10:46:41 → 5511962668597 → https://t.me/olddriver_fs → 加群成功
2022-06-25 10:47:00 → 5585999140812 → https://t.me/kavachinese → 加群成功
2022-06-25 10:47:18 → 5585999138878 → https://t.me/QQXGQQ → 加群成功
2022-06-25 10:47:36 → 5511967902985 → https://t.me/feihuaph → 加群成功
2022-06-25 10:47:54 → 5511946442130 → https://t.me/fhaak8 → 加群成功
2022-06-25 10:48:13 → 79911661968 → https://t.me/lkdxqf88 → 加群成功
2022-06-25 10:48:31 → 5561991095027 → https://t.me/tg858 → 加群失败：No user has "tg858" as username
2022-06-25 10:48:47 → 5511969407111 → https://t.me/BinancePoolChinese → 加群成功
2022-06-25 10:49:06 → 5561991775791 → https://t.me/shcpco → 加群成功
2022-06-25 10:49:24 → 5504892074484 → https://t.me/goutui → 加群失败：A wait of 36106 seconds is required (caused by ResolveUsernameRequest)
2022-06-25 10:49:40 → 5561991777052 → https://t.me/tuishouLL01 → 加群成功
2022-06-25 10:49:58 → 5598984711899 → https://t.me/shenzhencity → 加群成功
2022-06-25 10:50:16 → 5511961409693 → https://t.me/hgmhxz → 加群成功
2022-06-25 10:50:35 → 5511960867337 → https://t.me/zscd18 → 加群成功
2022-06-25 10:50:53 → 5573999569433 → https://t.me/shell66666 → 加群成功
2022-06-25 10:51:11 → 5511980378559 → https://t.me/YYL001 → 加群成功
2022-06-25 10:51:30 → 5501113991461 → https://t.me/olddrivercd → 加群成功
2022-06-25 10:51:48 → 5511944158718 → https://t.me/justmysockscn → 加群成功
2022-06-25 10:52:08 → 5561991772672 → https://t.me/goutuiclub → 加群成功
2022-06-25 10:52:28 → 5561991775240 → https://t.me/hzaxx → 加群成功
2022-06-25 10:52:47 → 5504491094916 → https://t.me/gboxtg → 加群成功
2022-06-25 10:53:05 → 5511965698718 → https://t.me/chatssr → 加群成功
2022-06-25 10:53:25 → 5511965343026 → https://t.me/tongdao25 → 加群成功
2022-06-25 10:53:58 → 5511980949568 → https://t.me/gdr666 → 加群失败：Cannot cast InputPeerUser to any kind of InputChannel.
2022-06-25 10:54:14 → 5511969348528 → https://t.me/guminlaqun66 → 加群成功
2022-06-25 10:54:33 → 5511961022005 → https://t.me/dongnanyaliaotian → 加群成功
2022-06-25 10:54:51 → 5561992026786 → https://t.me/liuxingsq → 加群成功
2022-06-25 10:55:10 → 5561991788538 → https://t.me/a1313652 → 加群成功
2022-06-25 10:55:28 → 5501398026020 → https://t.me/pcptm → 加群成功
2022-06-25 10:55:47 → 5511979898105 → https://t.me/cccccccxyyy → 加群成功
2022-06-25 10:56:05 → 5511962636788 → https://t.me/BKEXChinese → 加群成功
2022-06-25 10:56:23 → 5561991053755 → https://t.me/baoaa → 加群成功
2022-06-25 10:56:46 → 5504491094916 → https://t.me/TGhuaren1 → 加群成功
2022-06-25 10:57:05 → 5561991777052 → https://t.me/mingmen520 → 加群成功
2022-06-25 10:57:23 → 5561991772672 → https://t.me/wz513064 → 加群成功
2022-06-25 10:57:41 → 5561991788538 → https://t.me/BKEXChinese → 加群成功
2022-06-25 10:57:59 → 5511944158718 → https://t.me/tgdl128 → 加群成功
2022-06-25 10:58:17 → 5511962668597 → https://t.me/yueaijilu → 加群成功
2022-06-25 10:58:36 → 5511946442130 → https://t.me/www589qkcom → 加群成功
2022-06-25 10:58:54 → 79830721347 → https://t.me/usdtm → 加群成功
2022-06-25 10:59:13 → 5561995258468 → https://t.me/olddriverhui → 加群成功
2022-06-25 10:59:31 → 5585999138878 → https://t.me/si1688 → 加群成功
2022-06-25 10:59:50 → 5561992026786 → https://t.me/feihelp → 加群成功
2022-06-25 11:00:09 → 5511931627496 → https://t.me/tg96110 → 加群成功
2022-06-25 11:00:28 → 5573999569433 → https://t.me/zhifubaojiefeng → 加群成功
2022-06-25 11:00:48 → 5561991775240 → https://t.me/zhenggui → 加群成功
2022-06-25 11:01:07 → 5561991095027 → https://t.me/KavaChinese → 加群成功
2022-06-25 11:01:25 → 5598984711899 → https://t.me/avnrichchinese_chat → 加群成功
2022-06-25 11:01:44 → 5511961409693 → https://t.me/programertalk → 加群成功
2022-06-25 11:02:03 → 5511967902985 → https://t.me/liang1112233 → 加群成功
2022-06-25 11:02:21 → 5511986398654 → https://t.me/dibai12 → 加群成功
2022-06-25 11:02:40 → 5561991053755 → https://t.me/hunantg → 加群成功
2022-06-25 11:02:59 → 5501113991461 → https://t.me/galaxyheroescn → 加群成功
2022-06-25 11:03:18 → 5585999140812 → https://t.me/myanmarcn → 加群成功
2022-06-25 11:03:39 → 5511979898105 → https://t.me/aiweisi888 → 加群成功
2022-06-25 11:03:59 → 79911661968 → https://t.me/cyj1188 → 加群成功
2022-06-25 11:04:18 → 5511980378559 → https://t.me/ussyu → 加群成功
2022-06-25 11:04:37 → 5511961022005 → https://t.me/faka58 → 加群成功
2022-06-25 11:04:56 → 5511965343026 → https://t.me/dyjiaoliu → 加群成功
2022-06-25 11:05:15 → 5511969407111 → https://t.me/qqxgqq → 加群成功
2022-06-25 11:05:34 → 5511980423714 → https://t.me/yidaoshou2 → 加群成功
2022-06-25 11:05:53 → 5501398026020 → https://t.me/pfwcn → 加群成功
2022-06-25 11:06:12 → 5511980949568 → https://t.me/huanqian35 → 加群成功
2022-06-25 11:06:46 → 5511965698718 → https://t.me/TG12389 → 加群成功
2022-06-25 11:07:04 → 5585999138922 → https://t.me/A_K_3A → 加群成功
2022-06-25 11:07:22 → 5561991775791 → https://t.me/Zoey052697 → 加群成功
2022-06-25 11:07:41 → 5561991875040 → https://t.me/hi_Official_Chinese → 加群成功
2022-06-25 11:08:00 → 5511969348528 → https://t.me/btokcn_0016 → 加群成功
2022-06-25 11:08:19 → 5511960867337 → https://t.me/xjltq → 加群成功
2022-06-25 11:08:38 → 5511962636788 → https://t.me/dbjlq1 → 加群成功
2022-06-25 11:08:57 → 5504892074484 → https://t.me/paofen55 → 加群失败：A wait of 34933 seconds is required (caused by ResolveUsernameRequest)
2022-06-25 11:09:20 → 5511979898105 → https://t.me/changsha_dev → 加群成功
2022-06-25 11:09:39 → 79911661968 → https://t.me/otcfl → 加群成功
2022-06-25 11:09:57 → 5561991775791 → https://t.me/guiyangpapa → 加群成功
2022-06-25 11:10:15 → 5561991053755 → https://t.me/TG006 → 加群成功
2022-06-25 11:10:34 → 5511961409693 → https://t.me/tiandeng88 → 加群成功
2022-06-25 11:10:54 → 5501398026020 → https://t.me/tg108 → 加群成功
2022-06-25 11:11:12 → 5511962636788 → https://t.me/usdt43 → 加群成功
2022-06-25 11:11:31 → 5511944158718 → https://t.me/daishou15 → 加群成功
2022-06-25 11:11:49 → 5504892074484 → https://t.me/doge88 → 加群失败：A wait of 34761 seconds is required (caused by ResolveUsernameRequest)
2022-06-25 11:12:06 → 5561991775240 → https://t.me/tronnetworkcn → 加群成功
2022-06-25 11:12:25 → 5561991772672 → https://t.me/dmzf8 → 加群成功
2022-06-25 11:12:43 → 5511980423714 → https://t.me/pionexcn → 加群成功
2022-06-25 11:13:02 → 5561991777052 → https://t.me/dibaicn → 加群成功
2022-06-25 11:13:23 → 5511980378559 → https://t.me/yxbjx → 加群成功
2022-06-25 11:13:41 → 5598984711899 → https://t.me/se_talk → 加群成功
2022-06-25 11:14:00 → 5585999138922 → https://t.me/fbwsline2021 → 加群成功
2022-06-25 11:14:20 → 5511969348528 → https://t.me/usdthuihuan → 加群成功
2022-06-25 11:14:53 → 5561995258468 → https://t.me/phbbs → 加群成功
2022-06-25 11:15:12 → 5501113991461 → https://t.me/pingan66chadang → 加群成功
2022-06-25 11:15:31 → 5511967902985 → https://t.me/GouTuiClub → 加群成功
2022-06-25 11:15:53 → 5573999569433 → https://t.me/yuanyuzhou8 → 加群成功
2022-06-25 11:16:11 → 5511931627496 → https://t.me/universityalliance → 加群成功
2022-06-25 11:16:32 → 5511965698718 → https://t.me/Dingshia → 加群成功
2022-06-25 11:16:51 → 5511961022005 → https://t.me/pg528 → 加群成功
2022-06-25 11:17:10 → 5511969407111 → https://t.me/olddriver_gd → 加群成功
2022-06-25 11:17:29 → 5511986398654 → https://t.me/aofexcn → 加群成功
2022-06-25 11:17:48 → 5511960867337 → https://t.me/xuanchengolddriver → 加群成功
2022-06-25 11:18:07 → 5511946442130 → https://t.me/quanzhangshequ → 加群成功
2022-06-25 11:18:26 → 5561991788538 → https://t.me/zhongshandidi → 加群成功
2022-06-25 11:18:46 → 5585999138878 → https://t.me/gz3388 → 加群成功
2022-06-25 11:19:06 → 5511980949568 → https://t.me/duanxin2008 → 加群成功
2022-06-25 11:19:25 → 5504491094916 → https://t.me/saltyleo_blog → 加群成功
2022-06-25 11:19:45 → 5585999140812 → https://t.me/kaihesoft → 加群成功
2022-06-25 11:20:04 → 5561992026786 → https://t.me/bozaiweb → 加群成功
2022-06-25 11:20:22 → 5511962668597 → https://t.me/mla9999 → 加群成功
2022-06-25 11:20:42 → 79830721347 → https://t.me/huizhouqun → 加群成功
2022-06-25 11:21:01 → 5511965343026 → https://t.me/guangdongyue → 加群成功
2022-06-25 11:21:21 → 5561991095027 → https://t.me/balance863 → 加群成功
2022-06-25 11:21:39 → 5561991875040 → https://t.me/ColaChina → 加群成功
2022-06-25 11:22:05 → 5511931627496 → https://t.me/maticnetwork_china → 加群成功
2022-06-25 11:22:23 → 5511961409693 → https://t.me/xbdb01 → 加群成功
2022-06-25 11:22:42 → 5511969407111 → https://t.me/chaxun2020 → 加群失败：No user has "chaxun2020" as username
2022-06-25 11:22:58 → 5511962668597 → https://t.me/DIP9188 → 加群成功
2022-06-25 11:23:17 → 5585999138878 → https://t.me/liaobshe → 加群成功
2022-06-25 11:23:37 → 5511946442130 → https://t.me/axujj → 加群成功
2022-06-25 11:23:56 → 5511980378559 → https://t.me/zaozhuang1 → 加群成功
2022-06-25 11:24:14 → 5561991775791 → https://t.me/gif128 → 加群成功
2022-06-25 11:24:33 → 5511986398654 → https://t.me/wy173 → 加群成功
2022-06-25 11:24:52 → 5561991775240 → https://t.me/hi628 → 加群成功
2022-06-25 11:25:13 → 5511979898105 → https://t.me/sakura_cloud → 加群成功
2022-06-25 11:25:33 → 5585999140812 → https://t.me/qianmin → 加群成功
2022-06-25 11:25:51 → 5501113991461 → https://t.me/dayofdefeatcn → 加群成功
2022-06-25 11:26:10 → 5561991772672 → https://t.me/sunshineyyds → 加群成功
2022-06-25 11:26:30 → 5561991777052 → https://t.me/xmsji → 加群成功
2022-06-25 11:26:48 → 5511965698718 → https://t.me/a_k_3a → 加群成功
2022-06-25 11:27:07 → 5561995258468 → https://t.me/huobiglobal_zw → 加群成功
2022-06-25 11:27:27 → 5511960867337 → https://t.me/wybf168168 → 加群成功
2022-06-25 11:27:45 → 5561991053755 → https://t.me/mihuzahuopu → 加群成功
2022-06-25 11:28:04 → 79911661968 → https://t.me/lasihaima266 → 加群成功
2022-06-25 11:31:48 → 13526166754 → https://t.me/Nst_WP → 加群成功
2022-06-25 11:32:06 → 13609178317 → https://t.me/dibaicn → 加群成功
2022-06-25 11:32:27 → 13526420263 → https://t.me/ytzx2 → 加群成功
2022-06-25 11:32:45 → 13607498791 → https://t.me/OKXGroup_CN → 加群成功
2022-06-25 11:33:03 → 13479901723 → https://t.me/bz8822 → 加群成功
2022-06-25 11:33:24 → 13607951438 → https://t.me/paofen33 → 加群成功
2022-06-25 11:33:45 → 13526232045 → https://t.me/cn_talk → 加群成功
2022-06-25 11:34:03 → 13602158254 → https://t.me/YYL001 → 加群成功
2022-06-25 11:34:22 → 13608892420 → https://t.me/ritalin51 → 加群失败：Nobody is using this username, or the username is unacceptable. If the latter, it must match r"[a-zA-Z][\w\d]{3,30}[a-zA-Z\d]" (caused by ResolveUsernameRequest)
2022-06-25 11:34:38 → 13527291197 → https://t.me/QQXGQQ → 加群成功
2022-06-25 11:34:58 → 13606658573 → https://t.me/huiguophp → 加群成功
2022-06-25 11:35:16 → 13602091690 → https://t.me/USTCtg → 加群成功
2022-06-25 11:35:34 → 13607173732 → https://t.me/xbdb01 → 加群成功
2022-06-25 11:35:52 → 13602274763 → https://t.me/TG006 → 加群成功
2022-06-25 11:36:11 → 13607433057 → https://t.me/huaao1 → 加群成功
2022-06-25 11:36:29 → 13606858594 → https://t.me/x00008 → 加群成功
2022-06-25 11:36:47 → 13608377628 → https://t.me/tg1949521 → 加群成功
2022-06-25 11:37:06 → 13602182438 → https://t.me/AlgorandFoundationCN → 加群成功
2022-06-25 11:37:25 → 13606027981 → https://t.me/zhenggui → 加群成功
2022-06-25 11:37:43 → 13526128355 → https://t.me/goutuiclub → 加群成功
2022-06-25 11:38:04 → 13607175467 → https://t.me/tg_88888 → 加群成功
2022-06-25 11:38:23 → 13479803524 → https://t.me/TG55555555555 → 加群成功
2022-06-25 11:38:43 → 13603618895 → https://t.me/kavachinese → 加群成功
2022-06-25 11:39:01 → 13608891691 → https://t.me/ltq33 → 加群成功
2022-06-25 11:39:20 → 13479801129 → https://t.me/bdzycom → 加群成功
2022-06-25 11:39:46 → 13602182438 → https://t.me/yinhangkausdt → 加群成功
2022-06-25 11:40:04 → 13527291197 → https://t.me/yidaoshou2 → 加群成功
2022-06-25 11:40:23 → 13526166754 → https://t.me/tg_king80 → 加群成功
2022-06-25 11:40:43 → 13603618895 → https://t.me/tg108 → 加群成功
2022-06-25 11:41:02 → 13479801129 → https://t.me/light_up_comm → 加群成功
2022-06-25 11:41:22 → 13526128355 → https://t.me/tongdao25 → 加群成功
2022-06-25 11:41:56 → 13607173732 → https://t.me/bozaiweb → 加群成功
2022-06-25 11:42:16 → 13607433057 → https://t.me/bandwagonhostgroup → 加群成功
2022-06-25 11:42:34 → 13606658573 → https://t.me/dfsdaeaw → 加群失败：Nobody is using this username, or the username is unacceptable. If the latter, it must match r"[a-zA-Z][\w\d]{3,30}[a-zA-Z\d]" (caused by ResolveUsernameRequest)
2022-06-25 11:42:51 → 13608892420 → https://t.me/zhongshandidi → 加群成功
2022-06-25 11:43:09 → 13606858594 → https://t.me/shore999888 → 加群成功
2022-06-25 11:43:28 → 13607498791 → https://t.me/tgdibai168 → 加群成功
2022-06-25 11:43:47 → 13608891691 → https://t.me/baocai217 → 加群成功
2022-06-25 11:44:06 → 13602158254 → https://t.me/kedoucloud → 加群成功
2022-06-25 11:44:24 → 13479803524 → https://t.me/ak99yunmlsxfgds → 加群成功
2022-06-25 11:44:46 → 13526420263 → https://t.me/vfucloud → 加群成功
2022-06-25 11:45:05 → 13526232045 → https://t.me/balance863 → 加群成功
2022-06-25 11:45:23 → 13606027981 → https://t.me/btokcn_0014 → 加群成功
2022-06-25 11:45:43 → 13607951438 → https://t.me/kx360 → 加群成功
2022-06-25 11:46:01 → 13602091690 → https://t.me/doxchina → 加群失败：No user has "doxchina" as username
2022-06-25 11:46:17 → 13608377628 → https://t.me/DBhuaren1 → 加群成功
2022-06-25 11:46:36 → 13602274763 → https://t.me/hwdbq → 加群成功
2022-06-25 11:47:10 → 13609178317 → https://t.me/biboxgroup → 加群成功
2022-06-25 11:47:29 → 13607175467 → https://t.me/jiu_777 → 加群成功
2022-06-25 11:47:48 → 13479901723 → https://t.me/wy173 → 加群成功
2022-06-25 11:48:14 → 13603618895 → https://t.me/appssweepstakes → 加群成功
2022-06-25 11:48:36 → 13607175467 → https://t.me/google_win → 加群成功
2022-06-25 11:48:55 → 13602274763 → https://t.me/sanfang53 → 加群成功
2022-06-25 11:49:13 → 13607951438 → https://t.me/olddriver_gd → 加群成功
2022-06-25 11:49:32 → 13479803524 → https://t.me/FHLMTEAM → 加群成功
2022-06-25 11:49:51 → 13527291197 → https://t.me/ftx_chinese_official → 加群成功
2022-06-25 11:50:10 → 13608377628 → https://t.me/qqlsj → 加群成功
2022-06-25 11:50:29 → 13602158254 → https://t.me/huaxingyl8 → 加群失败：No user has "huaxingyl8" as username
2022-06-25 11:50:46 → 13607498791 → https://t.me/polkadotzh → 加群成功
2022-06-25 11:51:04 → 13526232045 → https://t.me/a1313652 → 加群成功
2022-06-25 11:51:23 → 13526420263 → https://t.me/blsq55 → 加群成功
2022-06-25 11:51:42 → 13526166754 → https://t.me/bohrwebc → 加群成功
2022-06-25 11:52:01 → 13479801129 → https://t.me/btokcn_0016 → 加群成功
2022-06-25 11:52:21 → 13526128355 → https://t.me/laoyingchuhai8 → 加群成功
2022-06-25 11:52:40 → 13607173732 → https://t.me/juliang666 → 加群成功
2022-06-25 11:52:59 → 13606027981 → https://t.me/daishou15 → 加群成功
2022-06-25 11:53:32 → 13606858594 → https://t.me/ca0505 → 加群成功
2022-06-25 11:53:51 → 13609178317 → https://t.me/TG006 → 加群成功
2022-06-25 11:54:09 → 13606658573 → https://t.me/liaobshe → 加群成功
2022-06-25 11:54:29 → 13607433057 → https://t.me/FQ3P3 → 加群成功
2022-06-25 11:54:48 → 13602091690 → https://t.me/mf_group → 加群成功
2022-06-25 11:55:06 → 13479901723 → https://t.me/InWebDarkNET → 加群成功
2022-06-25 11:55:25 → 13602182438 → https://t.me/doge88 → 加群成功
2022-06-25 11:55:44 → 13608891691 → https://t.me/dibaihrg009 → 加群成功
2022-06-25 11:56:02 → 13608892420 → https://t.me/shenma001 → 加群成功
2022-06-25 11:56:26 → 13526166754 → https://t.me/akkcloud → 加群成功
2022-06-25 11:56:46 → 13609178317 → https://t.me/TG12389 → 加群成功
2022-06-25 11:57:05 → 13602274763 → https://t.me/goutui1113 → 加群成功
2022-06-25 11:57:23 → 13603618895 → https://t.me/btokofficial_03 → 加群成功
2022-06-25 11:57:41 → 13606027981 → https://t.me/humanresource63 → 加群失败：No user has "humanresource63" as username
2022-06-25 11:57:57 → 13479801129 → https://t.me/qipaipan54 → 加群成功
2022-06-25 11:58:30 → 13602158254 → https://t.me/pg528 → 加群成功
2022-06-25 11:58:48 → 13602091690 → https://t.me/socks55555 → 加群成功
2022-06-25 11:59:06 → 13526232045 → https://t.me/bzzone → 加群成功
2022-06-25 11:59:24 → 13526420263 → https://t.me/yueaijilu → 加群成功
2022-06-25 11:59:42 → 13606858594 → https://t.me/CvvinternalOrganization → 加群成功
2022-06-25 12:00:03 → 13608891691 → https://t.me/tgdl128 → 加群成功
2022-06-25 12:00:21 → 13608377628 → https://t.me/zzlsjbyq → 加群成功
2022-06-25 12:00:39 → 13606658573 → https://t.me/tiandeng88 → 加群成功
2022-06-25 12:00:57 → 13607173732 → https://t.me/TG907 → 加群成功
2022-06-25 12:01:16 → 13527291197 → https://t.me/bitcoindfds → 加群成功
2022-06-25 12:01:34 → 13607951438 → https://t.me/yuanyuzhou8 → 加群成功
2022-06-25 12:01:53 → 13607498791 → https://t.me/haojiyou → 加群成功
2022-06-25 12:02:13 → 13526128355 → https://t.me/fg528 → 加群成功
2022-06-25 12:02:31 → 13607433057 → https://t.me/pfwcn → 加群成功
2022-06-25 12:02:50 → 13608892420 → https://t.me/im0471 → 加群成功
2022-06-25 12:03:08 → 13602182438 → https://t.me/dbf6666 → 加群成功
2022-06-25 12:03:26 → 13607175467 → https://t.me/dibai778899 → 加群成功
2022-06-25 12:03:44 → 13479803524 → https://t.me/KavaChinese → 加群成功
2022-06-25 12:04:03 → 13479901723 → https://t.me/pshqo → 加群成功
2022-06-25 12:04:27 → 13609178317 → https://t.me/esmascript6 → 加群成功
2022-06-25 12:04:45 → 13602158254 → https://t.me/chaoxi → 加群成功
2022-06-25 12:05:05 → 13607951438 → https://t.me/tg0799 → 加群成功
2022-06-25 12:05:24 → 13479803524 → https://t.me/server699 → 加群成功
2022-06-25 12:05:43 → 13607173732 → https://t.me/a_k_3a → 加群成功
2022-06-25 12:06:01 → 13479901723 → https://t.me/tg148 → 加群成功
2022-06-25 12:06:20 → 13607498791 → https://t.me/pionexcn → 加群成功
2022-06-25 12:06:38 → 13602182438 → https://t.me/axujj → 加群成功
2022-06-25 12:06:56 → 13526420263 → https://t.me/jfoisjfiodvfd → 加群成功
2022-06-25 12:07:15 → 13607175467 → https://t.me/network50_chat → 加群成功
2022-06-25 12:07:35 → 13526128355 → https://t.me/feihelp → 加群成功
2022-06-25 12:07:53 → 13526166754 → https://t.me/tg088 → 加群成功
2022-06-25 12:08:11 → 13608377628 → https://t.me/zhongwen6 → 加群成功
2022-06-25 12:08:29 → 13606858594 → https://t.me/yindutg → 加群成功
2022-06-25 12:08:48 → 13526232045 → https://t.me/olddriverhui → 加群成功
2022-06-25 12:09:06 → 13602091690 → https://t.me/HLS0002 → 加群成功
2022-06-25 12:09:24 → 13602274763 → https://t.me/btc_chinese → 加群成功
2022-06-25 12:09:42 → 13603618895 → https://t.me/monstainfinitechinese → 加群成功
2022-06-25 12:10:01 → 13527291197 → https://t.me/KavaChinese → 加群成功
2022-06-25 12:10:19 → 13608892420 → https://t.me/BinanceChinese → 加群成功
2022-06-25 12:10:37 → 13606027981 → https://t.me/lkdxqf88 → 加群成功
2022-06-25 12:10:56 → 13607433057 → https://t.me/avnrichchinese_chat → 加群成功
2022-06-25 12:11:14 → 13606658573 → https://t.me/usdtm → 加群成功
2022-06-25 12:11:32 → 13479801129 → https://t.me/DBhuaren1 → 加群成功
2022-06-25 12:11:50 → 13608891691 → https://t.me/TGlianmeng002 → 加群成功
2022-06-25 12:12:14 → 13607175467 → https://t.me/mihuzahuopu → 加群成功
2022-06-25 12:12:32 → 13607951438 → https://t.me/olddrivergd → 加群成功
2022-06-25 12:12:50 → 13527291197 → https://t.me/TG0188 → 加群成功
2022-06-25 12:13:08 → 13526128355 → https://t.me/TG188188 → 加群成功
2022-06-25 12:13:27 → 13607498791 → https://t.me/daishuvpn → 加群成功
2022-06-25 12:13:46 → 13526232045 → https://t.me/iampua → 加群成功
2022-06-25 12:14:04 → 13603618895 → https://t.me/tg328 → 加群成功
2022-06-25 12:14:22 → 13606858594 → https://t.me/caoji565 → 加群成功
2022-06-25 12:14:40 → 13608892420 → https://t.me/ml520 → 加群成功
2022-06-25 12:14:59 → 13526420263 → https://t.me/pcptm → 加群成功
2022-06-25 12:15:17 → 13602182438 → https://t.me/xiaohao2018 → 加群成功
2022-06-25 12:15:35 → 13608377628 → https://t.me/fhlmteam → 加群成功
2022-06-25 12:15:53 → 13479801129 → https://t.me/paofenht → 加群成功
2022-06-25 12:16:11 → 13609178317 → https://t.me/BikingChineseGroup → 加群成功
2022-06-25 12:16:29 → 13479901723 → https://t.me/dijia02 → 加群成功
2022-06-25 12:16:48 → 13606658573 → https://t.me/hgmhxz → 加群成功
2022-06-25 12:17:05 → 13608891691 → https://t.me/tgdanbao000 → 加群成功
2022-06-25 12:17:24 → 13479803524 → https://t.me/binance_api_chinese → 加群成功
2022-06-25 12:17:42 → 13602274763 → https://t.me/dockertutorial → 加群失败：RPCError 400: INVITE_REQUEST_SENT (caused by JoinChannelRequest)
2022-06-25 12:17:58 → 13602091690 → https://t.me/P541888888 → 加群成功
2022-06-25 12:18:17 → 13526166754 → https://t.me/olddriver_fs → 加群成功
2022-06-25 12:18:35 → 13607433057 → https://t.me/BinanceChinese → 加群成功
2022-06-25 12:18:53 → 13606027981 → https://t.me/njwwjpxc → 加群成功
2022-06-25 12:19:11 → 13607173732 → https://t.me/ColaChina → 加群成功
2022-06-25 12:19:29 → 13602158254 → https://t.me/Sz1888 → 加群成功
2022-06-25 12:19:53 → 13602182438 → https://t.me/dibai918 → 加群成功
2022-06-25 12:20:11 → 13606027981 → https://t.me/BKEXChinese → 加群成功
2022-06-25 12:20:30 → 13606658573 → https://t.me/kaiheo → 加群成功
2022-06-25 12:20:49 → 13526232045 → https://t.me/zhuhai9 → 加群成功
2022-06-25 12:21:10 → 13608891691 → https://t.me/readerbeta → 加群成功
2022-06-25 12:21:28 → 13607433057 → https://t.me/gm0008 → 加群成功
2022-06-25 12:21:46 → 13526166754 → https://t.me/huione888 → 加群成功
2022-06-25 12:22:19 → 13608892420 → https://t.me/hi_Official_Chinese → 加群成功
2022-06-25 12:22:38 → 13607173732 → https://t.me/ckidc666 → 加群成功
2022-06-25 12:22:56 → 13479801129 → https://t.me/three001 → 加群成功
2022-06-25 12:23:15 → 13603618895 → https://t.me/paofen55 → 加群失败：No user has "paofen55" as username
2022-06-25 12:23:32 → 13607498791 → https://t.me/zfb_qq → 加群成功
2022-06-25 12:23:50 → 13479803524 → https://t.me/tgzhcn → 加群成功
2022-06-25 12:24:09 → 13608377628 → https://t.me/tfwzclz → 加群成功
2022-06-25 12:24:32 → 13526232045 → https://t.me/guminlaqun66 → 加群成功
2022-06-25 12:24:46 → 13608891691 → https://t.me/blsq55 → 加群成功
2022-06-25 12:25:01 → 13609178317 → https://t.me/AlgorandFoundationCN → 加群成功
2022-06-25 12:25:14 → 13479801129 → https://t.me/Fkzy_Group → 加群成功
2022-06-25 12:25:28 → 13526128355 → https://t.me/BinancePoolChinese → 加群成功
2022-06-25 12:25:41 → 13479803524 → https://t.me/olddrivergd → 加群成功
2022-06-25 12:25:54 → 13607951438 → https://t.me/chaguaner → 加群成功
2022-06-25 12:26:07 → 13608377628 → https://t.me/yangjiangchannel → 加群成功
2022-06-25 12:26:20 → 13607173732 → https://t.me/tianziusdt → 加群成功
2022-06-25 12:26:33 → 13602091690 → https://t.me/ussyu → 加群成功
2022-06-25 12:26:47 → 13527291197 → https://t.me/google_win → 加群成功
2022-06-25 12:27:00 → 13607498791 → https://t.me/liaobshe → 加群成功
2022-06-25 12:27:15 → 13526420263 → https://t.me/bclm1 → 加群成功
2022-06-25 12:27:28 → 13606027981 → https://t.me/DIP9188 → 加群成功
2022-06-25 12:27:43 → 13606658573 → https://t.me/fluxdefi → 加群成功
2022-06-25 12:27:57 → 13602158254 → https://t.me/xvswens → 加群成功
2022-06-25 12:28:10 → 13602274763 → https://t.me/binance_api_chinese → 加群失败：掉线/或官方销号
2022-06-25 12:28:21 → 13602182438 → https://t.me/tg6198 → 加群成功
2022-06-25 12:28:35 → 13479901723 → https://t.me/maticnetwork_china → 加群成功
2022-06-25 12:28:49 → 13608892420 → https://t.me/tg_king80 → 加群成功
2022-06-25 12:29:03 → 13603618895 → https://t.me/ritalin51 → 加群失败：Nobody is using this username, or the username is unacceptable. If the latter, it must match r"[a-zA-Z][\w\d]{3,30}[a-zA-Z\d]" (caused by ResolveUsernameRequest)
2022-06-25 12:29:14 → 13606858594 → https://t.me/wz513064 → 加群成功
2022-06-25 12:29:29 → 13607175467 → https://t.me/nwdr888 → 加群成功
2022-06-25 12:29:42 → 13607433057 → https://t.me/phbbs → 加群成功
2022-06-25 12:29:57 → 13526166754 → https://t.me/xjltq → 加群成功
2022-06-25 12:30:17 → 13526420263 → https://t.me/TGlianmeng002 → 加群成功
2022-06-25 12:30:30 → 13602158254 → https://t.me/tgyhzq → 加群成功
2022-06-25 12:30:45 → 13479803524 → https://t.me/cn_talk → 加群成功
2022-06-25 12:30:58 → 13607951438 → https://t.me/huobiglobal_zw → 加群成功
2022-06-25 12:31:12 → 13608892420 → https://t.me/bzzone → 加群成功
2022-06-25 12:31:26 → 13603618895 → https://t.me/jiamidi → 加群成功
2022-06-25 12:31:42 → 13479901723 → https://t.me/humanresource63 → 加群失败：No user has "humanresource63" as username
2022-06-25 12:31:54 → 13526166754 → https://t.me/laowangdan → 加群成功
2022-06-25 12:32:08 → 13602091690 → https://t.me/diyidaifu → 加群成功
2022-06-25 12:32:21 → 13607173732 → https://t.me/a1313652 → 加群成功
2022-06-25 12:32:35 → 13606658573 → https://t.me/tgdl128 → 加群成功
2022-06-25 12:32:50 → 13608377628 → https://t.me/bitcoin_cn → 加群成功
2022-06-25 12:33:04 → 13607498791 → https://t.me/faka58 → 加群成功
2022-06-25 12:33:18 → 13608891691 → https://t.me/iClubHouse → 加群成功
2022-06-25 12:33:33 → 13607433057 → https://t.me/php_group_cn → 加群成功
2022-06-25 12:33:49 → 13606027981 → https://t.me/universityalliance → 加群成功
2022-06-25 12:34:04 → 13479801129 → https://t.me/saltyleo_blog → 加群成功
2022-06-25 12:34:17 → 13602182438 → https://t.me/paofen315 → 加群成功
2022-06-25 12:34:32 → 13607175467 → https://t.me/hgmhxz → 加群成功
2022-06-25 12:34:45 → 13526128355 → https://t.me/yxbjx → 加群成功
2022-06-25 12:34:58 → 13606858594 → https://t.me/bz8822 → 加群成功
2022-06-25 12:35:14 → 13526232045 → https://t.me/shenma001 → 加群成功
2022-06-25 12:35:29 → 13527291197 → https://t.me/binzhouqun → 加群成功
2022-06-25 12:35:42 → 13609178317 → https://t.me/xinbi_088 → 加群成功
2022-06-25 12:36:03 → 13527291197 → https://t.me/yuanyuzhou8 → 加群成功
2022-06-25 12:36:17 → 13602158254 → https://t.me/wubuxianjingziyuan → 加群成功
2022-06-25 12:36:31 → 13606858594 → https://t.me/shell66666 → 加群成功
2022-06-25 12:36:44 → 13606027981 → https://t.me/HuNanTG → 加群成功
2022-06-25 12:37:00 → 13607175467 → https://t.me/quanzhangshequ → 加群成功
2022-06-25 12:37:15 → 13602182438 → https://t.me/hunantg → 加群成功
2022-06-25 12:37:30 → 13607951438 → https://t.me/dbjlq1 → 加群成功
2022-06-25 12:37:45 → 13526420263 → https://t.me/b12306 → 加群成功
2022-06-25 12:38:00 → 13479901723 → https://t.me/im0471 → 加群成功
2022-06-25 12:38:14 → 13606658573 → https://t.me/feihuaph → 加群成功
2022-06-25 12:38:27 → 13479803524 → https://t.me/daifu76 → 加群成功
2022-06-25 12:38:57 → 13526232045 → https://t.me/duanxin2008 → 加群成功
2022-06-25 12:39:11 → 13608891691 → https://t.me/axujj → 加群成功
2022-06-25 12:39:25 → 13607498791 → https://t.me/lkdxqf88 → 加群成功
2022-06-25 12:39:39 → 13607173732 → https://t.me/bdzycom → 加群成功
2022-06-25 12:39:53 → 13526166754 → https://t.me/njwwjpxc → 加群成功
2022-06-25 12:40:06 → 13526128355 → https://t.me/btokcn_0014 → 加群成功
2022-06-25 12:40:21 → 13607433057 → https://t.me/xysbbs → 加群成功
2022-06-25 12:40:35 → 13608377628 → https://t.me/yizhifu678 → 加群成功
2022-06-25 12:40:49 → 13603618895 → https://t.me/olddriverhui → 加群成功
2022-06-25 12:41:02 → 13608892420 → https://t.me/hwdbq → 加群成功
2022-06-25 12:41:16 → 13479801129 → https://t.me/si1688 → 加群成功
2022-06-25 12:41:29 → 13609178317 → https://t.me/dibai918 → 加群成功
2022-06-25 12:41:43 → 13602091690 → https://t.me/pfwcn → 加群成功
2022-06-25 12:42:04 → 13608891691 → https://t.me/qwerdt1 → 加群成功
2022-06-25 12:42:17 → 13606658573 → https://t.me/olddriver_gd → 加群成功
2022-06-25 12:42:31 → 13609178317 → https://t.me/BinanceChinese → 加群成功
2022-06-25 12:42:46 → 13526232045 → https://t.me/homeassiant666 → 加群成功
2022-06-25 12:42:59 → 13608892420 → https://t.me/dyjiaoliu → 加群成功
2022-06-25 12:43:14 → 13607951438 → https://t.me/NodeGlobal → 加群成功
2022-06-25 12:43:28 → 13602182438 → https://t.me/lbank_cn → 加群成功
2022-06-25 12:43:42 → 13602091690 → https://t.me/fastfish2 → 加群成功
2022-06-25 12:43:57 → 13526166754 → https://t.me/liuhedadui → 加群成功
2022-06-25 12:44:11 → 13526128355 → https://t.me/dibai778899 → 加群成功
2022-06-25 12:44:25 → 13526420263 → https://t.me/olddriver_fs → 加群成功
2022-06-25 12:44:39 → 13608377628 → https://t.me/tg088 → 加群成功
2022-06-25 12:44:53 → 13603618895 → https://t.me/ColaChina → 加群成功
2022-06-25 12:45:07 → 13607173732 → https://t.me/zn88666 → 加群成功
2022-06-25 12:45:21 → 13606858594 → https://t.me/tz636 → 加群成功
2022-06-25 12:45:35 → 13607498791 → https://t.me/hoogroupchinese → 加群成功
2022-06-25 12:45:48 → 13607175467 → https://t.me/OKXGroup_CN → 加群成功
2022-06-25 12:46:01 → 13602158254 → https://t.me/pingan66shop → 加群成功
2022-06-25 12:46:14 → 13527291197 → https://t.me/pionexcn → 加群成功
2022-06-25 12:46:29 → 13479901723 → https://t.me/huanxiangyouxi → 加群成功
2022-06-25 12:46:42 → 13479801129 → https://t.me/xingbi0088 → 加群成功
2022-06-25 12:46:56 → 13606027981 → https://t.me/tronnetworkcn → 加群成功
2022-06-25 12:47:10 → 13607433057 → https://t.me/tcelue1 → 加群成功
2022-06-25 12:47:24 → 13479803524 → https://t.me/cambodiacn → 加群成功
2022-06-25 12:47:47 → 13479901723 → https://t.me/network50_chat → 加群成功
2022-06-25 12:48:02 → 13479801129 → https://t.me/cndumpschat → 加群失败：Nobody is using this username, or the username is unacceptable. If the latter, it must match r"[a-zA-Z][\w\d]{3,30}[a-zA-Z\d]" (caused by ResolveUsernameRequest)
2022-06-25 12:48:14 → 13608377628 → https://t.me/Nst_WP → 加群成功
2022-06-25 12:48:27 → 13607498791 → https://t.me/mayishequ → 加群成功
2022-06-25 12:48:41 → 13602158254 → https://t.me/AlipayJiFu → 加群成功
2022-06-25 12:48:55 → 13602182438 → https://t.me/MDhuaren1 → 加群成功
2022-06-25 12:49:09 → 13526166754 → https://t.me/BKEXChinese → 加群成功
2022-06-25 12:49:23 → 13607951438 → https://t.me/xbdb01 → 加群成功
2022-06-25 12:49:38 → 13526420263 → https://t.me/qxinw → 加群成功
2022-06-25 12:49:52 → 13606658573 → https://t.me/gm0008 → 加群成功
2022-06-25 12:50:05 → 13526232045 → https://t.me/tgzhcn → 加群成功
2022-06-25 12:50:19 → 13527291197 → https://t.me/paofenht → 加群成功
2022-06-25 12:50:32 → 13602091690 → https://t.me/qingroup → 加群成功
2022-06-25 12:50:47 → 13607173732 → https://t.me/kachahu → 加群成功
2022-06-25 12:51:00 → 13606027981 → https://t.me/P541888888 → 加群成功
2022-06-25 12:51:14 → 13609178317 → https://t.me/nanjing025 → 加群失败：No user has "nanjing025" as username
2022-06-25 12:51:25 → 13603618895 → https://t.me/tg1949521 → 加群成功
2022-06-25 12:51:39 → 13526128355 → https://t.me/WKLhuaren → 加群成功
2022-06-25 12:51:52 → 13479803524 → https://t.me/qqlsj → 加群成功
2022-06-25 12:52:06 → 13607433057 → https://t.me/shuju888666 → 加群成功
2022-06-25 12:52:20 → 13606858594 → https://t.me/TG188188 → 加群成功
2022-06-25 12:52:34 → 13608892420 → https://t.me/hi_Official_Chinese → 加群成功
2022-06-25 12:52:48 → 13608891691 → https://t.me/expressnode → 加群成功
2022-06-25 12:53:03 → 13607175467 → https://t.me/pionexcn → 加群成功
2022-06-25 12:53:23 → 13526420263 → https://t.me/allswapcn → 加群成功
2022-06-25 12:53:37 → 13608377628 → https://t.me/mf_group → 加群成功
2022-06-25 12:53:50 → 13607175467 → https://t.me/raicoincn → 加群成功
2022-06-25 12:54:05 → 13607498791 → https://t.me/ziyuan2 → 加群成功
2022-06-25 12:54:18 → 13602182438 → https://t.me/hi_official_chinese → 加群成功
2022-06-25 12:54:32 → 13606027981 → https://t.me/seeyellow → 加群成功
2022-06-25 12:54:46 → 13606658573 → https://t.me/goutui → 加群成功
2022-06-25 12:55:03 → 13608892420 → https://t.me/server699 → 加群成功
2022-06-25 12:55:16 → 13526232045 → https://t.me/botong002 → 加群成功
2022-06-25 12:55:30 → 13602091690 → https://t.me/tg166 → 加群成功
2022-06-25 12:55:44 → 13603618895 → https://t.me/ccv348 → 加群成功
2022-06-25 12:55:59 → 13527291197 → https://t.me/tg108 → 加群成功
2022-06-25 12:56:12 → 13607951438 → https://t.me/sichouzhilu0 → 加群成功
2022-06-25 12:56:27 → 13479801129 → https://t.me/light_up_comm → 加群成功
2022-06-25 12:56:40 → 13479901723 → https://t.me/trj_shore001 → 加群成功
2022-06-25 12:56:54 → 13607433057 → https://t.me/dmzf8 → 加群成功
2022-06-25 12:57:09 → 13602158254 → https://t.me/wy173 → 加群成功
2022-06-25 12:57:22 → 13479803524 → https://t.me/sakura_cloud → 加群成功
2022-06-25 12:57:36 → 13526128355 → https://t.me/doxchina → 加群失败：No user has "doxchina" as username
2022-06-25 12:57:47 → 13606858594 → https://t.me/olddrivercd → 加群成功
2022-06-25 12:58:00 → 13607173732 → https://t.me/tg8848community → 加群成功
2022-06-25 12:58:14 → 13609178317 → https://t.me/radiocacaasian → 加群成功
2022-06-25 12:58:28 → 13526166754 → https://t.me/ytzx2 → 加群成功
2022-06-25 12:58:43 → 13608891691 → https://t.me/jiu_777 → 加群成功
2022-06-25 12:59:03 → 13606858594 → https://t.me/yinhangkausdt → 加群成功
2022-06-25 12:59:16 → 13607433057 → https://t.me/TG006 → 加群成功
2022-06-25 12:59:30 → 13602091690 → https://t.me/pg528 → 加群成功
2022-06-25 12:59:45 → 13479901723 → https://t.me/bandwagonhostgroup → 加群成功
2022-06-25 12:59:59 → 13602158254 → https://t.me/gboxtg → 加群成功
2022-06-25 13:00:12 → 13527291197 → https://t.me/hi_Official_Chinese → 加群成功
2022-06-25 13:00:27 → 13479803524 → https://t.me/kaiheo → 加群成功
2022-06-25 13:00:42 → 13609178317 → https://t.me/changsha_dev → 加群成功
2022-06-25 13:00:56 → 13608377628 → https://t.me/danbao96 → 加群成功
2022-06-25 13:01:24 → 13526232045 → https://t.me/olddriversh → 加群成功
2022-06-25 13:01:39 → 13607173732 → https://t.me/kavachinese → 加群成功
2022-06-25 13:01:52 → 13606658573 → https://t.me/guiyangpapa → 加群成功
2022-06-25 13:02:05 → 13479801129 → https://t.me/chatssr → 加群成功
2022-06-25 13:02:22 → 13526166754 → https://t.me/zfb_qq → 加群成功
2022-06-25 13:02:36 → 13526128355 → https://t.me/CKidc666 → 加群成功
2022-06-25 13:02:49 → 13606027981 → https://t.me/dibaifa → 加群成功
2022-06-25 13:03:03 → 13602182438 → https://t.me/ltq33 → 加群成功
2022-06-25 13:03:17 → 13526420263 → https://t.me/BIYONGOfficial0015 → 加群成功
2022-06-25 13:03:31 → 13607951438 → https://t.me/tg328 → 加群成功
2022-06-25 13:03:46 → 13603618895 → https://t.me/gibxchange_cn → 加群成功
2022-06-25 13:03:59 → 13607498791 → https://t.me/bozaiweb → 加群成功
2022-06-25 13:04:14 → 13607175467 → https://t.me/zhuhai9 → 加群成功
2022-06-25 13:04:29 → 13608891691 → https://t.me/zhongwen6 → 加群成功
2022-06-25 13:04:44 → 13608892420 → https://t.me/yueaijilu → 加群成功
2022-06-25 13:05:04 → 13479803524 → https://t.me/zzlsjbyq → 加群成功
2022-06-25 13:05:17 → 13607433057 → https://t.me/xxg863 → 加群成功
2022-06-25 13:05:32 → 13609178317 → https://t.me/kx360 → 加群成功
2022-06-25 13:05:46 → 13602182438 → https://t.me/frontend_talk → 加群成功
2022-06-25 13:06:01 → 13608891691 → https://t.me/baocai217 → 加群成功
2022-06-25 13:06:14 → 13608892420 → https://t.me/yugzf → 加群成功
2022-06-25 13:06:29 → 13607951438 → https://t.me/daishou44 → 加群成功
2022-06-25 13:06:42 → 13526166754 → https://t.me/goutuiclub → 加群成功
2022-06-25 13:06:58 → 13607498791 → https://t.me/x00008 → 加群成功
2022-06-25 13:07:12 → 13526232045 → https://t.me/biboxgroup → 加群成功
2022-06-25 13:07:26 → 13608377628 → https://t.me/bacommu → 加群成功
2022-06-25 13:07:41 → 13526420263 → https://t.me/tghc1 → 加群成功
2022-06-25 13:07:54 → 13527291197 → https://t.me/TGhuaren1 → 加群成功
2022-06-25 13:08:08 → 13602158254 → https://t.me/BinanceChinese → 加群成功
2022-06-25 13:08:23 → 13602091690 → https://t.me/PHMAKA107 → 加群成功
2022-06-25 13:08:36 → 13607175467 → https://t.me/ak11828 → 加群成功
2022-06-25 13:08:49 → 13606858594 → https://t.me/Socks55555 → 加群成功
2022-06-25 13:09:04 → 13607173732 → https://t.me/sanfang53 → 加群成功
2022-06-25 13:09:32 → 13479801129 → https://t.me/A_K_3A → 加群成功
2022-06-25 13:09:47 → 13479901723 → https://t.me/linkdyh → 加群成功
2022-06-25 13:10:00 → 13603618895 → https://t.me/TG006 → 加群成功
2022-06-25 13:10:15 → 13606027981 → https://t.me/kkkttt369 → 加群成功
2022-06-25 13:10:28 → 13606658573 → https://t.me/tuishouLL01 → 加群成功
2022-06-25 13:10:42 → 13526128355 → https://t.me/flea66 → 加群成功
2022-06-25 13:11:03 → 13526166754 → https://t.me/MDhuaren1 → 加群成功
2022-06-25 13:11:16 → 13526128355 → https://t.me/YYL001 → 加群成功
2022-06-25 13:11:31 → 13607173732 → https://t.me/DBhuaren1 → 加群成功
2022-06-25 13:11:44 → 13607498791 → https://t.me/dibaihrg009 → 加群成功
2022-06-25 13:11:59 → 13526232045 → https://t.me/xuanchengolddriver → 加群成功
2022-06-25 13:12:12 → 13608892420 → https://t.me/btokofficial_03 → 加群成功
2022-06-25 13:12:26 → 13479801129 → https://t.me/fhlmteam → 加群成功
2022-06-25 13:12:41 → 13607433057 → https://t.me/tiandeng88 → 加群成功
2022-06-25 13:12:55 → 13607175467 → https://t.me/bitcoindfds → 加群成功
2022-06-25 13:13:09 → 13609178317 → https://t.me/crxs778 → 加群成功
2022-06-25 13:13:23 → 13606858594 → https://t.me/fastfish2 → 加群成功
2022-06-25 13:13:39 → 13602182438 → https://t.me/juliang666 → 加群成功
2022-06-25 13:13:53 → 13526420263 → https://t.me/iampua → 加群成功
2022-06-25 13:14:06 → 13607951438 → https://t.me/usdtm → 加群成功
2022-06-25 13:14:19 → 13479901723 → https://t.me/hwhrbbs → 加群成功
2022-06-25 13:14:33 → 13603618895 → https://t.me/botong002 → 加群成功
2022-06-25 13:14:47 → 13602158254 → https://t.me/xianliao01 → 加群成功
2022-06-25 13:15:01 → 13527291197 → https://t.me/qht888 → 加群失败：Nobody is using this username, or the username is unacceptable. If the latter, it must match r"[a-zA-Z][\w\d]{3,30}[a-zA-Z\d]" (caused by ResolveUsernameRequest)
2022-06-25 13:15:13 → 13602091690 → https://t.me/tongdao25 → 加群成功
2022-06-25 13:15:42 → 13608891691 → https://t.me/esmascript6 → 加群成功
2022-06-25 13:15:55 → 13606027981 → https://t.me/pionexcn → 加群成功
2022-06-25 13:16:09 → 13606658573 → https://t.me/Zoey052697 → 加群成功
2022-06-25 13:16:24 → 13608377628 → https://t.me/beiluochat → 加群成功
2022-06-25 13:16:39 → 13479803524 → https://t.me/deep3695 → 加群成功
2022-06-25 13:17:00 → 13526420263 → https://t.me/btokcn_0016 → 加群成功
2022-06-25 13:17:14 → 13602158254 → https://t.me/polkadotzh → 加群成功
2022-06-25 13:17:28 → 13607175467 → https://t.me/FQ3P3 → 加群成功
2022-06-25 13:17:41 → 13606658573 → https://t.me/qipaipan54 → 加群成功
2022-06-25 13:17:56 → 13527291197 → https://t.me/se_talk → 加群成功
2022-06-25 13:18:10 → 13526232045 → https://t.me/qianmin → 加群成功
2022-06-25 13:18:23 → 13606858594 → https://t.me/jfoisjfiodvfd → 加群成功
2022-06-25 13:18:38 → 13602182438 → https://t.me/chaxun2020 → 加群失败：No user has "chaxun2020" as username
2022-06-25 13:18:49 → 13608891691 → https://t.me/discussimmigration → 加群成功
2022-06-25 13:19:03 → 13479801129 → https://t.me/tg12389 → 加群成功
2022-06-25 13:19:17 → 13607951438 → https://t.me/zeronetzh → 加群成功
2022-06-25 13:19:31 → 13526128355 → https://t.me/usdthuzhu3 → 加群成功
2022-06-25 13:19:45 → 13479901723 → https://t.me/gdr666 → 加群失败：Cannot cast InputPeerUser to any kind of InputChannel.
2022-06-25 13:19:57 → 13607433057 → https://t.me/huiguophp → 加群成功
2022-06-25 13:20:10 → 13526166754 → https://t.me/lhc168 → 加群成功
2022-06-25 13:20:24 → 13479803524 → https://t.me/paofen55 → 加群失败：No user has "paofen55" as username
2022-06-25 13:20:35 → 13606027981 → https://t.me/huihui220 → 加群成功
2022-06-25 13:20:49 → 13608377628 → https://t.me/tsdb01 → 加群成功
2022-06-25 13:21:03 → 13607173732 → https://t.me/doge88 → 加群成功
2022-06-25 13:21:17 → 13608892420 → https://t.me/daishou15 → 加群成功
2022-06-25 13:21:45 → 13609178317 → https://t.me/v2rayn → 加群成功
2022-06-25 13:21:59 → 13607498791 → https://t.me/mikebill888 → 加群成功
2022-06-25 13:22:13 → 13602091690 → https://t.me/xianliao01 → 加群成功
2022-06-25 13:22:28 → 13603618895 → https://t.me/KavaChinese → 加群成功
2022-06-25 13:22:48 → 13602158254 → https://t.me/WKLhuaren → 加群成功
2022-06-25 13:23:01 → 13603618895 → https://t.me/a_k_3a → 加群成功
2022-06-25 13:23:16 → 13608377628 → https://t.me/TG6766 → 加群成功
2022-06-25 13:23:24 → 13606027981 → https://t.me/shuju666886 → 加群失败：No user has "shuju666886" as username
2022-06-25 13:23:36 → 13608377628 → https://t.me/zhifubaojiefeng → 加群成功
2022-06-25 13:23:50 → 13479901723 → https://t.me/szhkfun → 加群成功
2022-06-25 13:24:04 → 13607498791 → https://t.me/xiaohao2018 → 加群成功
2022-06-25 13:24:17 → 13602091690 → https://t.me/dbf6666 → 加群成功
2022-06-25 13:24:31 → 13607951438 → https://t.me/tgdl128 → 加群成功
2022-06-25 13:24:45 → 13607175467 → https://t.me/TG0188 → 加群成功
2022-06-25 13:25:00 → 13526128355 → https://t.me/programertalk → 加群成功
2022-06-25 13:25:14 → 13527291197 → https://t.me/ml520 → 加群成功
2022-06-25 13:25:27 → 13526232045 → https://t.me/feihelp → 加群成功
2022-06-25 13:25:41 → 13603618895 → https://t.me/BAOAA → 加群成功
2022-06-25 13:25:56 → 13606658573 → https://t.me/readerbeta → 加群成功
2022-06-25 13:26:09 → 13479801129 → https://t.me/DBhuaren1 → 加群成功
2022-06-25 13:26:22 → 13602158254 → https://t.me/dubaiqq918 → 加群成功
2022-06-25 13:26:37 → 13526166754 → https://t.me/yamzcunziyuanduij → 加群成功
2022-06-25 13:26:50 → 13526420263 → https://t.me/ColaChina → 加群成功
2022-06-25 13:27:05 → 13607173732 → https://t.me/mihuzahuopu → 加群成功
2022-06-25 13:27:18 → 13607433057 → https://t.me/socks55555 → 加群成功
2022-06-25 13:27:32 → 13608892420 → https://t.me/btc_chinese → 加群成功
2022-06-25 13:27:46 → 13479803524 → https://t.me/dibai8880 → 加群成功
2022-06-25 13:28:00 → 13606858594 → https://t.me/coinbetter_cn → 加群失败：No user has "coinbetter_cn" as username
2022-06-25 13:28:12 → 13608891691 → https://t.me/tokaucn → 加群成功
2022-06-25 13:28:25 → 13602182438 → https://t.me/chinadarknet → 加群成功
2022-06-25 13:28:38 → 13609178317 → https://t.me/kmfw56789 → 加群成功
2022-06-25 13:28:57 → 13607951438 → https://t.me/db_lm → 加群成功
2022-06-25 13:29:10 → 13479901723 → https://t.me/guangdongyue → 加群成功
2022-06-25 13:29:23 → 13602182438 → https://t.me/xxup1121 → 加群成功
2022-06-25 13:29:37 → 13608377628 → https://t.me/bailaohui_cvv → 加群成功
2022-06-25 13:29:50 → 13479803524 → https://t.me/dibai12 → 加群成功
2022-06-25 13:30:03 → 13526420263 → https://t.me/akkcloud → 加群成功
2022-06-25 13:30:17 → 13607175467 → https://t.me/zaozhuang1 → 加群成功
2022-06-25 13:30:30 → 13607433057 → https://t.me/yyl001 → 加群成功
2022-06-25 13:30:43 → 13526166754 → https://t.me/dhjlq → 加群成功
2022-06-25 13:30:56 → 13608892420 → https://t.me/sunshineyyds → 加群成功
2022-06-25 13:31:09 → 13526128355 → https://t.me/ydsj1 → 加群成功
2022-06-25 13:31:23 → 13606858594 → https://t.me/india_moneypay → 加群成功
2022-06-25 13:31:36 → 13602158254 → https://t.me/Gm0008 → 加群成功
2022-06-25 13:31:49 → 13607173732 → https://t.me/loufenha → 加群成功
2022-06-25 13:32:03 → 13606027981 → https://t.me/wybf168168 → 加群成功
2022-06-25 13:32:16 → 13602091690 → https://t.me/dongnanyaliaotian → 加群成功
2022-06-25 13:32:29 → 13608891691 → https://t.me/cdshouchang4 → 加群成功
2022-06-25 13:32:42 → 13527291197 → https://t.me/yuantoushuju5 → 加群成功
2022-06-25 13:32:56 → 13526232045 → https://t.me/quanqiushouhuo → 加群成功
2022-06-25 13:33:10 → 13606658573 → https://t.me/huanqian35 → 加群成功
2022-06-25 13:33:38 → 13603618895 → https://t.me/az123818 → 加群成功
2022-06-25 13:33:52 → 13479801129 → https://t.me/kaihesoft → 加群成功
2022-06-25 13:34:06 → 13609178317 → https://t.me/zscd18 → 加群成功
2022-06-25 13:34:19 → 13607498791 → https://t.me/TG12389 → 加群成功
2022-06-25 13:34:38 → 13602091690 → https://t.me/dockertutorial → 加群失败：RPCError 400: INVITE_REQUEST_SENT (caused by JoinChannelRequest)
2022-06-25 13:34:49 → 13607175467 → https://t.me/tg006 → 加群成功
2022-06-25 13:35:02 → 13606858594 → https://t.me/tg858 → 加群失败：No user has "tg858" as username
2022-06-25 13:35:13 → 13606027981 → https://t.me/officelearner → 加群成功
2022-06-25 13:35:29 → 13608892420 → https://t.me/HTCOLV → 加群成功
2022-06-25 13:35:42 → 13479803524 → https://t.me/pigcommunity → 加群成功
2022-06-25 13:35:56 → 13607173732 → https://t.me/bcweb → 加群成功