
2022-07-01 07:04:33juliang666 → 我司专业（代）发聊天群（广）告， **`Boss91M1`**
2022-07-01 07:05:03Fkzy_Group → 我司专业（代）发各行各业（广）告， **`Boss91M1`**
2022-07-01 07:05:13qipaipan54 → 电报最大广告公司，专业代发广告 **`Boss91M1`**
2022-07-01 07:05:24az123818 → 实力广告公司，专业代发广告 **`Boss91M1`**
2022-07-01 07:05:32QQLSJ → 我们公司专业代发广告，精准投放客户群体   **`Boss91M1`**
2022-07-01 07:05:50tfwzclz → 我们公司专业代发广告，精准投放客户群体   **`Boss91M1`**
2022-07-01 07:05:58zscd18 → 电报最大广告公司，专业代发广告 **`Boss91M1`**
2022-07-01 07:06:07jiu_777 → 我司专业（代）发各行各业（广）告， **`Boss91M1`**
2022-07-01 07:06:30tsdb01 → 专业广告公司，专业代发广告 **`Boss91M1`**
2022-07-01 07:06:51fbwsline2021 → 专业广告公司，专业代发广告 **`Boss91M1`**
2022-07-01 07:07:04xinbi_088 → 我司专业（代）发各行各业（广）告， **`Boss91M1`**
2022-07-01 07:07:12TG_King90 → 本公司专业代发广告 **`Boss91M1`**
2022-07-01 07:07:22wy173 → 我们公司专业代发广告，精准投放客户群体   **`Boss91M1`**
2022-07-01 07:07:41az123818 → 本公司专业代发广告 **`Boss91M1`**
2022-07-01 07:07:53xinbi_088 → 我们公司专业代发广告，精准投放客户群体   **`Boss91M1`**
2022-07-01 07:08:04meizi005 → 我司专业（代）发聊天群（广）告， **`Boss91M1`**
2022-07-01 07:08:13deep3695 → 我们精准代发广告 **`Boss91M1`**
2022-07-01 07:08:22tz636 → 本公司专业代发广告 **`Boss91M1`**
2022-07-01 07:08:30USDTm → 专业代《发》《广》告， **`Boss91M1`**
2022-07-01 07:08:42daishou44 → 专业代《发》《广》告， **`Boss91M1`**
2022-07-01 07:09:07aqawsedrftgyhujikolp → 我司专业（代）发（广）告， **`Boss91M1`**
2022-07-01 07:09:16TGYHZQ → 本公司专业代发广告 **`Boss91M1`**
2022-07-01 07:09:40TG0188 → 我们公司专业代发广告，精准投放客户广告 **`Boss91M1`**
2022-07-01 07:09:49xbdb01 → 实力广告公司，专业代发广告 **`Boss91M1`**
2022-07-01 07:09:57bclm1 → 本公司专业代发广告 **`Boss91M1`**
2022-07-01 07:10:09xjltq → 我司专业（代）发聊天群（广）告， **`Boss91M1`**
2022-07-01 07:10:27deep3695 → 专业广告公司，专业代发广告 **`Boss91M1`**
2022-07-01 07:10:36az123818 → 我司专业（代）发（广）告， **`Boss91M1`**
2022-07-01 07:10:57wz513064 → 我们公司专业代发广告，精准投放客户广告 **`Boss91M1`**
2022-07-01 07:11:22xjltq → 我们公司专业代发广告，精准投放客户广告 **`Boss91M1`**
2022-07-01 07:12:00xjltq → 我司专业（代）发各行各业（广）告， **`Boss91M1`**
2022-07-01 07:12:10ORYXW → 实力广告公司，专业代发广告 **`Boss91M1`**
2022-07-01 07:12:37fbwsline2021 → 专业广告公司，专业代发广告 **`Boss91M1`**
2022-07-01 07:12:55zhifuo → 我司专业（代）发聊天群（广）告， **`Boss91M1`**
2022-07-01 07:13:05qxinw → 专业广告公司，专业代发广告 **`Boss91M1`**
2022-07-01 07:13:13sanfang53 → 我们公司专业代发广告，精准投放客户广告 **`Boss91M1`**
2022-07-01 07:13:23axujj → 我司专业（代）发（广）告， **`Boss91M1`**
2022-07-01 07:13:41daishoujiaoyi → 专业广告公司，专业代发广告 **`Boss91M1`**
2022-07-01 07:13:53tfwzclz → 专业代《发》《广》告， **`Boss91M1`**
2022-07-01 07:14:02xingqiuzt08 → 实力广告公司，专业代发广告 **`Boss91M1`**
2022-07-01 07:14:10axujj → 我司专业（代）发各行各业（广）告， **`Boss91M1`**
2022-07-01 07:14:51daishou15 → 专业代《发》《广》告， **`Boss91M1`**
2022-07-01 07:15:12Usdtbmw → 我们公司专业代发广告，精准投放客户群体   **`Boss91M1`**
2022-07-01 07:15:55Flea66 → 本公司专业代发广告 **`Boss91M1`**
2022-07-01 07:16:04TG0188 → 实力广告公司，专业代发广告 **`Boss91M1`**
2022-07-01 07:16:31bcweb → 我司专业（代）发（广）告， **`Boss91M1`**
2022-07-01 07:16:42sunshineyyds → 我们公司专业代发广告，精准投放客户群体   **`Boss91M1`**
2022-07-01 07:16:52Flea66 → 我们公司专业代发广告，精准投放客户广告 **`Boss91M1`**
2022-07-01 07:17:02caoji565 → 实力广告公司，专业代发广告 **`Boss91M1`**
2022-07-01 07:17:22Usdtbmw → 专业代《发》《广》告， **`Boss91M1`**
2022-07-01 07:17:32yindutg → 专业广告公司，专业代发广告 **`Boss91M1`**
2022-07-01 07:17:51laoyingchuhai8 → 我们公司专业代发广告，精准投放客户群体   **`Boss91M1`**
2022-07-01 07:18:00axujj → 我们精准代发广告 **`Boss91M1`**
2022-07-01 07:18:21sanfang53 → 我们公司专业代发广告，精准投放客户群体   **`Boss91M1`**
2022-07-01 07:18:56laowangdan → 我司专业（代）发聊天群（广）告， **`Boss91M1`**
2022-07-01 07:19:05axujj → 电报最大广告公司，专业代发广告 **`Boss91M1`**
2022-07-01 07:19:27caoji565 → 我们精准代发广告 **`Boss91M1`**
2022-07-01 07:19:48TGYHZQ → 电报最大广告公司，专业代发广告 **`Boss91M1`**
2022-07-01 07:20:09deep3695 → 我们精准代发广告 **`Boss91M1`**
2022-07-01 07:20:18zhongwen6 → 专业代《发》《广》告， **`Boss91M1`**
2022-07-01 07:21:03daishoujiaoyi → 我司专业（代）发（广）告， **`Boss91M1`**
2022-07-01 07:21:13aqawsedrftgyhujikolp → 我们公司专业代发广告，精准投放客户群体   **`Boss91M1`**
2022-07-01 07:21:23tz636 → 本公司专业代发广告 **`Boss91M1`**
2022-07-01 07:21:36dyjiaoliu → 专业代《发》《广》告， **`Boss91M1`**
2022-07-01 07:21:47bailaohui_cvv → 我司专业（代）发聊天群（广）告， **`Boss91M1`**
2022-07-01 07:22:48Flea66 → 我们公司专业代发广告，精准投放客户群体   **`Boss91M1`**
2022-07-01 07:23:00si1688 → 我司专业（代）发（广）告， **`Boss91M1`**
2022-07-01 07:23:10india_moneypay → 电报最大广告公司，专业代发广告 **`Boss91M1`**
2022-07-01 07:23:36TG0188 → 我司专业（代）发聊天群（广）告， **`Boss91M1`**
2022-07-01 07:24:05BAOAA → 我司专业（代）发（广）告， **`Boss91M1`**
2022-07-01 07:24:23iBox_official → 电报最大广告公司，专业代发广告 **`Boss91M1`**
2022-07-01 07:24:39bcweb → 专业广告公司，专业代发广告 **`Boss91M1`**
2022-07-01 07:24:53juliang666 → 本公司专业代发广告 **`Boss91M1`**
2022-07-01 07:25:10india_moneypay → 我司专业（代）发各行各业（广）告， **`Boss91M1`**
2022-07-01 07:25:19USDThuzhu3 → 本公司专业代发广告 **`Boss91M1`**
2022-07-01 07:25:28jianting78 → 电报最大广告公司，专业代发广告 **`Boss91M1`**
2022-07-01 07:25:54juliang666 → 实力广告公司，专业代发广告 **`Boss91M1`**
2022-07-01 07:26:59KMFW56789 → 专业广告公司，专业代发广告 **`Boss91M1`**
2022-07-01 07:27:10daishou15 → 专业广告公司，专业代发广告 **`Boss91M1`**
2022-07-01 07:27:26yizhifu678 → 我们精准代发广告 **`Boss91M1`**
2022-07-01 07:27:46bclm1 → 我司专业（代）发（广）告， **`Boss91M1`**
2022-07-01 07:28:10zscd18 → 我司专业（代）发（广）告， **`Boss91M1`**
2022-07-01 07:28:32Fkzy_Group → 我司专业（代）发各行各业（广）告， **`Boss91M1`**
2022-07-01 07:28:42USDThuzhu3 → 我们精准代发广告 **`Boss91M1`**
2022-07-01 07:28:57usdtdfds → 我司专业（代）发聊天群（广）告， **`Boss91M1`**
2022-07-01 07:29:06xjltq → 实力广告公司，专业代发广告 **`Boss91M1`**
2022-07-01 07:29:15iBox_official → 电报最大广告公司，专业代发广告 **`Boss91M1`**
2022-07-01 07:29:44KMFW56789 → 实力广告公司，专业代发广告 **`Boss91M1`**
2022-07-01 07:30:02QQLSJ → 我司专业（代）发各行各业（广）告， **`Boss91M1`**
2022-07-01 07:30:14tfwzclz → 实力广告公司，专业代发广告 **`Boss91M1`**
2022-07-01 07:30:35axujj → 我司专业（代）发各行各业（广）告， **`Boss91M1`**
2022-07-01 07:30:43wz513064 → 专业广告公司，专业代发广告 **`Boss91M1`**
2022-07-01 07:31:02yizhifu678 → 我司专业（代）发（广）告， **`Boss91M1`**
2022-07-01 07:31:17bclm1 → 我司专业（代）发聊天群（广）告， **`Boss91M1`**
2022-07-01 07:31:27laoyingchuhai8 → 本公司专业代发广告 **`Boss91M1`**
2022-07-01 07:31:56meizi005 → 我司专业（代）发聊天群（广）告， **`Boss91M1`**
2022-07-01 07:32:05si1688 → 我司专业（代）发（广）告， **`Boss91M1`**
2022-07-01 07:32:29aqawsedrftgyhujikolp → 专业代《发》《广》告， **`Boss91M1`**
2022-07-01 07:32:40tz636 → 专业代《发》《广》告， **`Boss91M1`**
2022-07-01 07:32:59yindutg → 我们公司专业代发广告，精准投放客户群体   **`Boss91M1`**
2022-07-01 07:33:08daishou15 → 专业广告公司，专业代发广告 **`Boss91M1`**
2022-07-01 07:33:16daishou44 → 我们公司专业代发广告，精准投放客户群体   **`Boss91M1`**
2022-07-01 07:33:33guangdongyue → 本公司专业代发广告 **`Boss91M1`**
2022-07-01 07:33:51usdtdfds → 我们精准代发广告 **`Boss91M1`**
2022-07-01 07:34:39usdtdfds → 我司专业（代）发各行各业（广）告， **`Boss91M1`**
2022-07-01 07:34:52TG_King90 → 我司专业（代）发聊天群（广）告， **`Boss91M1`**
2022-07-01 07:35:22BaJie99991 → 专业代《发》《广》告， **`Boss91M1`**
2022-07-01 07:35:31si1688 → 我们精准代发广告 **`Boss91M1`**
2022-07-01 07:36:02huanqian35 → 我司专业（代）发聊天群（广）告， **`Boss91M1`**
2022-07-01 07:36:51yindutg → 我司专业（代）发（广）告， **`Boss91M1`**
2022-07-01 07:37:00daishoujiaoyi → 我司专业（代）发（广）告， **`Boss91M1`**
2022-07-01 07:37:10Flea66 → 专业代《发》《广》告， **`Boss91M1`**
2022-07-01 07:37:19juliang666 → 我们公司专业代发广告，精准投放客户群体   **`Boss91M1`**
2022-07-01 07:37:27BaJie99991 → 我们公司专业代发广告，精准投放客户广告 **`Boss91M1`**
2022-07-01 07:37:37yinhangkausdt → 我们精准代发广告 **`Boss91M1`**
2022-07-01 07:37:57Fkzy_Group → 电报最大广告公司，专业代发广告 **`Boss91M1`**
2022-07-01 07:38:36huanqian35 → 专业代《发》《广》告， **`Boss91M1`**
2022-07-01 07:38:46QQLSJ → 我司专业（代）发（广）告， **`Boss91M1`**
2022-07-01 07:38:54daishoujiaoyi → 我司专业（代）发（广）告， **`Boss91M1`**
2022-07-01 07:39:09zscd18 → 电报最大广告公司，专业代发广告 **`Boss91M1`**
2022-07-01 07:39:21sanfang53 → 本公司专业代发广告 **`Boss91M1`**
2022-07-01 07:39:45india_moneypay → 我司专业（代）发（广）告， **`Boss91M1`**
2022-07-01 07:39:55caoji565 → 我司专业（代）发聊天群（广）告， **`Boss91M1`**
2022-07-01 07:40:07daishou44 → 专业广告公司，专业代发广告 **`Boss91M1`**
2022-07-01 07:40:16axujj → 我们精准代发广告 **`Boss91M1`**
2022-07-01 07:40:25guangdongyue → 我们公司专业代发广告，精准投放客户广告 **`Boss91M1`**
2022-07-01 07:40:38HWDBQ → 专业广告公司，专业代发广告 **`Boss91M1`**
2022-07-01 07:40:49TG_King90 → 我司专业（代）发各行各业（广）告， **`Boss91M1`**
2022-07-01 07:40:58tsdb01 → 我司专业（代）发（广）告， **`Boss91M1`**
2022-07-01 07:41:17yindutg → 专业广告公司，专业代发广告 **`Boss91M1`**
2022-07-01 07:41:29USDT43 → 专业代《发》《广》告， **`Boss91M1`**
2022-07-01 07:41:40az123818 → 电报最大广告公司，专业代发广告 **`Boss91M1`**
2022-07-01 07:42:06yindutg → 我们公司专业代发广告，精准投放客户群体   **`Boss91M1`**
2022-07-01 07:42:18huanqian35 → 实力广告公司，专业代发广告 **`Boss91M1`**
2022-07-01 07:42:28baocai217 → 电报最大广告公司，专业代发广告 **`Boss91M1`**
2022-07-01 07:42:37USDTm → 我司专业（代）发（广）告， **`Boss91M1`**
2022-07-01 07:43:00jiu_777 → 我们公司专业代发广告，精准投放客户广告 **`Boss91M1`**
2022-07-01 07:43:22NodeGlobal → 本公司专业代发广告 **`Boss91M1`**
2022-07-01 07:43:33mingmen520 → 实力广告公司，专业代发广告 **`Boss91M1`**
2022-07-01 07:43:43zscd18 → 专业代《发》《广》告， **`Boss91M1`**
2022-07-01 07:44:18wz513064 → 专业广告公司，专业代发广告 **`Boss91M1`**
2022-07-01 07:44:26zscd18 → 专业代《发》《广》告， **`Boss91M1`**
2022-07-01 07:44:57baocai217 → 我司专业（代）发聊天群（广）告， **`Boss91M1`**
2022-07-01 07:45:09bclm1 → 专业广告公司，专业代发广告 **`Boss91M1`**
2022-07-01 07:45:17xvswens → 本公司专业代发广告 **`Boss91M1`**
2022-07-01 07:45:31fbwsline2021 → 专业代《发》《广》告， **`Boss91M1`**
2022-07-01 07:46:10aqawsedrftgyhujikolp → 本公司专业代发广告 **`Boss91M1`**
2022-07-01 07:46:18yizhifu678 → 专业代《发》《广》告， **`Boss91M1`**
2022-07-01 07:46:56si1688 → 我司专业（代）发各行各业（广）告， **`Boss91M1`**
2022-07-01 07:47:07usdthuihuan → 我司专业（代）发各行各业（广）告， **`Boss91M1`**
2022-07-01 07:47:20yindutg → 我们精准代发广告 **`Boss91M1`**
2022-07-01 07:47:30sanfang53 → 实力广告公司，专业代发广告 **`Boss91M1`**
2022-07-01 07:47:39huanqian35 → 实力广告公司，专业代发广告 **`Boss91M1`**
2022-07-01 07:47:54sanfang53 → 本公司专业代发广告 **`Boss91M1`**
2022-07-01 07:48:32xinbi_088 → 专业代《发》《广》告， **`Boss91M1`**
2022-07-01 07:48:41tongdao25 → 我们公司专业代发广告，精准投放客户广告 **`Boss91M1`**
2022-07-01 07:49:07wangzhuanusdt → 本公司专业代发广告 **`Boss91M1`**
2022-07-01 07:49:17daishou44 → 我们公司专业代发广告，精准投放客户广告 **`Boss91M1`**
2022-07-01 07:51:02Fkzy_Group → 我们公司专业代发广告，精准投放客户群体   **`Boss91M1`**
2022-07-01 07:51:10caoji565 → 我们精准代发广告 **`Boss91M1`**
2022-07-01 07:51:28bcweb → 我们精准代发广告 **`Boss91M1`**
2022-07-01 07:51:37xjltq → 我司专业（代）发各行各业（广）告， **`Boss91M1`**
2022-07-01 07:52:01danbao96 → 专业广告公司，专业代发广告 **`Boss91M1`**
2022-07-01 07:52:26daishou15 → 本公司专业代发广告 **`Boss91M1`**
2022-07-01 07:52:52qipaipan54 → 实力广告公司，专业代发广告 **`Boss91M1`**
2022-07-01 07:53:02bclm1 → 我司专业（代）发各行各业（广）告， **`Boss91M1`**
2022-07-01 07:53:11xbdb01 → 我们公司专业代发广告，精准投放客户广告 **`Boss91M1`**
2022-07-01 07:53:20dyjiaoliu → 我们公司专业代发广告，精准投放客户群体   **`Boss91M1`**
2022-07-01 07:53:38deep3695 → 我司专业（代）发（广）告， **`Boss91M1`**
2022-07-01 07:53:59sunshineyyds → 我们精准代发广告 **`Boss91M1`**
2022-07-01 07:54:11sanfang53 → 专业广告公司，专业代发广告 **`Boss91M1`**
2022-07-01 07:55:10axujj → 我司专业（代）发聊天群（广）告， **`Boss91M1`**
2022-07-01 07:55:40fbwsline2021 → 电报最大广告公司，专业代发广告 **`Boss91M1`**
2022-07-01 07:55:50QQLSJ → 我们精准代发广告 **`Boss91M1`**
2022-07-01 07:56:10jianting78 → 电报最大广告公司，专业代发广告 **`Boss91M1`**
2022-07-01 07:56:20yinhangkausdt → 专业广告公司，专业代发广告 **`Boss91M1`**
2022-07-01 07:56:29Fkzy_Group → 专业广告公司，专业代发广告 **`Boss91M1`**
2022-07-01 07:56:46TG0188 → 实力广告公司，专业代发广告 **`Boss91M1`**
2022-07-01 07:56:57TGYHZQ → 我们精准代发广告 **`Boss91M1`**
2022-07-01 07:57:06tongdao25 → 专业广告公司，专业代发广告 **`Boss91M1`**
2022-07-01 07:57:18daishou44 → 我们精准代发广告 **`Boss91M1`**
2022-07-01 07:57:43zhifuo → 我们公司专业代发广告，精准投放客户群体   **`Boss91M1`**
2022-07-01 07:57:53sanfang53 → 电报最大广告公司，专业代发广告 **`Boss91M1`**
2022-07-01 07:58:02daishoujiaoyi → 专业广告公司，专业代发广告 **`Boss91M1`**
2022-07-01 07:58:23xinbi_088 → 我们公司专业代发广告，精准投放客户群体   **`Boss91M1`**
2022-07-01 07:58:44iBox_official → 我们精准代发广告 **`Boss91M1`**
2022-07-01 07:58:55tz636 → 实力广告公司，专业代发广告 **`Boss91M1`**
2022-07-01 07:59:16zhongwen6 → 我们精准代发广告 **`Boss91M1`**
2022-07-01 07:59:26iBox_official → 我司专业（代）发聊天群（广）告， **`Boss91M1`**
2022-07-01 07:59:39wz513064 → 我司专业（代）发（广）告， **`Boss91M1`**
2022-07-01 07:59:48deep3695 → 电报最大广告公司，专业代发广告 **`Boss91M1`**
2022-07-01 08:00:21daishou15 → 本公司专业代发广告 **`Boss91M1`**
2022-07-01 08:01:26yindutg → 电报最大广告公司，专业代发广告 **`Boss91M1`**
2022-07-01 08:02:06deep3695 → 我司专业（代）发（广）告， **`Boss91M1`**
2022-07-01 08:02:26jiu_777 → 专业代《发》《广》告， **`Boss91M1`**
2022-07-01 08:02:39zhongwen6 → 我们公司专业代发广告，精准投放客户群体   **`Boss91M1`**
2022-07-01 08:02:50si1688 → 专业代《发》《广》告， **`Boss91M1`**
2022-07-01 08:03:03xbdb01 → 本公司专业代发广告 **`Boss91M1`**
2022-07-01 08:03:12TG0188 → 我司专业（代）发聊天群（广）告， **`Boss91M1`**
2022-07-01 08:03:41az123818 → 本公司专业代发广告 **`Boss91M1`**
2022-07-01 08:03:59si1688 → 我们公司专业代发广告，精准投放客户广告 **`Boss91M1`**
2022-07-01 08:04:09zbbgq → 我们公司专业代发广告，精准投放客户群体   **`Boss91M1`**
2022-07-01 08:04:24deep3695 → 我们公司专业代发广告，精准投放客户广告 **`Boss91M1`**
2022-07-01 08:04:32caoji565 → 我们公司专业代发广告，精准投放客户群体   **`Boss91M1`**
2022-07-01 08:04:41meizi005 → 我司专业（代）发聊天群（广）告， **`Boss91M1`**
2022-07-01 08:04:51qxinw → 我司专业（代）发（广）告， **`Boss91M1`**
2022-07-01 08:05:25caoji565 → 专业代《发》《广》告， **`Boss91M1`**
2022-07-01 08:05:35tongdao25 → 我们精准代发广告 **`Boss91M1`**
2022-07-01 08:05:44sunshineyyds → 专业广告公司，专业代发广告 **`Boss91M1`**
2022-07-01 08:05:54wy173 → 实力广告公司，专业代发广告 **`Boss91M1`**
2022-07-01 08:06:14guangdongyue → 我们精准代发广告 **`Boss91M1`**
2022-07-01 08:06:26yizhifu678 → 电报最大广告公司，专业代发广告 **`Boss91M1`**
2022-07-01 08:06:37zscd18 → 本公司专业代发广告 **`Boss91M1`**
2022-07-01 08:06:52meizi005 → 我司专业（代）发（广）告， **`Boss91M1`**
2022-07-01 08:07:08zscd1 → 专业广告公司，专业代发广告 **`Boss91M1`**
2022-07-01 08:07:36tsdb01 → 实力广告公司，专业代发广告 **`Boss91M1`**
2022-07-01 08:07:45sunshineyyds → 我们公司专业代发广告，精准投放客户群体   **`Boss91M1`**
2022-07-01 08:08:08dyjiaoliu → 电报最大广告公司，专业代发广告 **`Boss91M1`**
2022-07-01 08:08:21tongdao25 → 电报最大广告公司，专业代发广告 **`Boss91M1`**
2022-07-01 08:08:39Fkzy_Group → 实力广告公司，专业代发广告 **`Boss91M1`**
2022-07-01 08:08:48njwwjpxc → 我司专业（代）发聊天群（广）告， **`Boss91M1`**
2022-07-01 08:09:16daishoujiaoyi → 电报最大广告公司，专业代发广告 **`Boss91M1`**
2022-07-01 08:09:27si1688 → 专业广告公司，专业代发广告 **`Boss91M1`**
2022-07-01 08:09:56wz513064 → 电报最大广告公司，专业代发广告 **`Boss91M1`**
2022-07-01 08:10:50TGYHZQ → 电报最大广告公司，专业代发广告 **`Boss91M1`**
2022-07-01 08:11:01xjltq → 我司专业（代）发聊天群（广）告， **`Boss91M1`**
2022-07-01 08:11:10xbdb01 → 我们公司专业代发广告，精准投放客户广告 **`Boss91M1`**
2022-07-01 08:11:53guangdongyue → 我们公司专业代发广告，精准投放客户群体   **`Boss91M1`**
2022-07-01 08:12:02guangdongyue → 我们公司专业代发广告，精准投放客户群体   **`Boss91M1`**
2022-07-01 08:12:11si1688 → 实力广告公司，专业代发广告 **`Boss91M1`**
2022-07-01 08:12:26huanqian35 → 我司专业（代）发聊天群（广）告， **`Boss91M1`**
2022-07-01 08:12:37TG0188 → 专业广告公司，专业代发广告 **`Boss91M1`**
2022-07-01 08:12:45NodeGlobal → 我司专业（代）发各行各业（广）告， **`Boss91M1`**
2022-07-01 08:13:04Usdtbmw → 我们精准代发广告 **`Boss91M1`**
2022-07-01 08:13:14Flea66 → 我们公司专业代发广告，精准投放客户广告 **`Boss91M1`**
2022-07-01 08:13:31qxinw → 我们公司专业代发广告，精准投放客户群体   **`Boss91M1`**
2022-07-01 08:13:56xinbi_088 → 我们公司专业代发广告，精准投放客户群体   **`Boss91M1`**
2022-07-01 08:14:04daishou44 → 我司专业（代）发聊天群（广）告， **`Boss91M1`**
2022-07-01 08:14:26axujj → 实力广告公司，专业代发广告 **`Boss91M1`**
2022-07-01 08:15:06xjltq → 我司专业（代）发（广）告， **`Boss91M1`**
2022-07-01 08:15:14yindutg → 电报最大广告公司，专业代发广告 **`Boss91M1`**
2022-07-01 08:15:27bclm1 → 我司专业（代）发各行各业（广）告， **`Boss91M1`**
2022-07-01 08:15:37xbdb01 → 我们公司专业代发广告，精准投放客户群体   **`Boss91M1`**
2022-07-01 08:16:14jiu_777 → 我们公司专业代发广告，精准投放客户群体   **`Boss91M1`**
2022-07-01 08:16:24Fkzy_Group → 专业广告公司，专业代发广告 **`Boss91M1`**
2022-07-01 08:16:38tsdb01 → 我们公司专业代发广告，精准投放客户广告 **`Boss91M1`**
2022-07-01 08:16:54-1001685793459 → 电报最大广告公司，专业代发广告 **`Boss91M1`**
2022-07-01 08:17:03Flea66 → 我们公司专业代发广告，精准投放客户群体   **`Boss91M1`**
2022-07-01 08:17:13qxinw → 本公司专业代发广告 **`Boss91M1`**
2022-07-01 08:17:33huione888 → 我们精准代发广告 **`Boss91M1`**
2022-07-01 08:17:44wz513064 → 专业代《发》《广》告， **`Boss91M1`**
2022-07-01 08:17:52bailaohui_cvv → 我们公司专业代发广告，精准投放客户广告 **`Boss91M1`**
2022-07-01 08:18:01dyjiaoliu → 我们精准代发广告 **`Boss91M1`**
2022-07-01 08:18:12bclm1 → 我们公司专业代发广告，精准投放客户广告 **`Boss91M1`**
2022-07-01 08:18:45xinbi_088 → 我们公司专业代发广告，精准投放客户群体   **`Boss91M1`**
2022-07-01 08:18:54si1688 → 我司专业（代）发各行各业（广）告， **`Boss91M1`**
2022-07-01 08:19:13huanqian35 → 实力广告公司，专业代发广告 **`Boss91M1`**
2022-07-01 08:19:35si1688 → 我司专业（代）发各行各业（广）告， **`Boss91M1`**
2022-07-01 08:20:30sanfang53 → 我们精准代发广告 **`Boss91M1`**
2022-07-01 08:20:39DDTg8888 → 我司专业（代）发聊天群（广）告， **`Boss91M1`**
2022-07-01 08:20:48juliang666 → 我们公司专业代发广告，精准投放客户广告 **`Boss91M1`**
2022-07-01 08:21:16axujj → 我们公司专业代发广告，精准投放客户广告 **`Boss91M1`**
2022-07-01 08:21:54xvswens → 我们精准代发广告 **`Boss91M1`**
2022-07-01 08:22:05sunshineyyds → 本公司专业代发广告 **`Boss91M1`**
2022-07-01 08:22:38Fkzy_Group → 专业代《发》《广》告， **`Boss91M1`**
2022-07-01 08:23:01fbwsline2021 → 本公司专业代发广告 **`Boss91M1`**
2022-07-01 08:23:20HWDBQ → 专业代《发》《广》告， **`Boss91M1`**
2022-07-01 08:23:29india_moneypay → 电报最大广告公司，专业代发广告 **`Boss91M1`**
2022-07-01 08:23:39sunshineyyds → 专业广告公司，专业代发广告 **`Boss91M1`**
2022-07-01 08:24:07zhongwen6 → 实力广告公司，专业代发广告 **`Boss91M1`**
2022-07-01 08:24:22sanfang53 → 电报最大广告公司，专业代发广告 **`Boss91M1`**
2022-07-01 08:24:31Flea66 → 本公司专业代发广告 **`Boss91M1`**
2022-07-01 08:24:44axujj → 我们公司专业代发广告，精准投放客户群体   **`Boss91M1`**
2022-07-01 08:25:10juliang666 → 电报最大广告公司，专业代发广告 **`Boss91M1`**
2022-07-01 08:25:44si1688 → 我们精准代发广告 **`Boss91M1`**
2022-07-01 08:26:01-1001189649657 → 我司专业（代）发聊天群（广）告， **`Boss91M1`**
2022-07-01 08:26:31xjltq → 我司专业（代）发各行各业（广）告， **`Boss91M1`**
2022-07-01 08:26:54baocai217 → 我们公司专业代发广告，精准投放客户群体   **`Boss91M1`**
2022-07-01 08:27:07bcweb → 我们公司专业代发广告，精准投放客户广告 **`Boss91M1`**
2022-07-01 08:27:28Usdtbmw → 电报最大广告公司，专业代发广告 **`Boss91M1`**
2022-07-01 08:27:39az123818 → 我司专业（代）发聊天群（广）告， **`Boss91M1`**
2022-07-01 08:27:48daishou15 → 我们公司专业代发广告，精准投放客户广告 **`Boss91M1`**
2022-07-01 08:27:59daishou44 → 我们公司专业代发广告，精准投放客户群体   **`Boss91M1`**
2022-07-01 08:28:18bclm1 → 本公司专业代发广告 **`Boss91M1`**
2022-07-01 08:28:28yinhangkausdt → 我们公司专业代发广告，精准投放客户广告 **`Boss91M1`**
2022-07-01 08:28:43tz636 → 专业代《发》《广》告， **`Boss91M1`**
2022-07-01 08:28:53jiu_777 → 我们公司专业代发广告，精准投放客户广告 **`Boss91M1`**
2022-07-01 08:29:13dong821 → 本公司专业代发广告 **`Boss91M1`**
2022-07-01 08:29:34si1688 → 我们精准代发广告 **`Boss91M1`**
2022-07-01 08:30:07bailaohui_cvv → 电报最大广告公司，专业代发广告 **`Boss91M1`**
2022-07-01 08:30:42NodeGlobal → 我们公司专业代发广告，精准投放客户群体   **`Boss91M1`**
2022-07-01 08:30:51bcweb → 我们公司专业代发广告，精准投放客户群体   **`Boss91M1`**
2022-07-01 08:31:03danbao96 → 我们公司专业代发广告，精准投放客户广告 **`Boss91M1`**
2022-07-01 08:31:12xinbi_088 → 我司专业（代）发各行各业（广）告， **`Boss91M1`**
2022-07-01 08:31:30huanqian35 → 我司专业（代）发（广）告， **`Boss91M1`**
2022-07-01 08:31:59xbdb01 → 电报最大广告公司，专业代发广告 **`Boss91M1`**
2022-07-01 08:32:08yindutg → 我们公司专业代发广告，精准投放客户广告 **`Boss91M1`**
2022-07-01 08:32:20QQLSJ → 实力广告公司，专业代发广告 **`Boss91M1`**
2022-07-01 08:32:41deep3695 → 我们公司专业代发广告，精准投放客户广告 **`Boss91M1`**
2022-07-01 08:32:52zscd1 → 实力广告公司，专业代发广告 **`Boss91M1`**
2022-07-01 08:33:01huione888 → 实力广告公司，专业代发广告 **`Boss91M1`**
2022-07-01 08:33:17aqawsedrftgyhujikolp → 专业代《发》《广》告， **`Boss91M1`**
2022-07-01 08:33:33yizhifu678 → 我司专业（代）发（广）告， **`Boss91M1`**
2022-07-01 08:33:42Flea66 → 我们公司专业代发广告，精准投放客户群体   **`Boss91M1`**
2022-07-01 08:33:51sichouzhilu0 → 本公司专业代发广告 **`Boss91M1`**
2022-07-01 08:34:08Usdtbmw → 我们公司专业代发广告，精准投放客户广告 **`Boss91M1`**
2022-07-01 08:35:07yizhifu678 → 专业广告公司，专业代发广告 **`Boss91M1`**
2022-07-01 08:35:16xvswens → 专业广告公司，专业代发广告 **`Boss91M1`**
2022-07-01 08:35:37deep3695 → 我们精准代发广告 **`Boss91M1`**
2022-07-01 08:35:47TG0188 → 实力广告公司，专业代发广告 **`Boss91M1`**
2022-07-01 08:36:16usdtdfds → 我司专业（代）发（广）告， **`Boss91M1`**
2022-07-01 08:36:33daishoujiaoyi → 我们公司专业代发广告，精准投放客户广告 **`Boss91M1`**
2022-07-01 08:36:45yindutg → 电报最大广告公司，专业代发广告 **`Boss91M1`**
2022-07-01 08:36:56NodeGlobal → 我司专业（代）发（广）告， **`Boss91M1`**
2022-07-01 08:37:13az123818 → 我司专业（代）发聊天群（广）告， **`Boss91M1`**
2022-07-01 08:37:43USDTm → 我们精准代发广告 **`Boss91M1`**
2022-07-01 08:37:53tongdao25 → 专业广告公司，专业代发广告 **`Boss91M1`**
2022-07-01 08:38:11TG_King90 → 专业广告公司，专业代发广告 **`Boss91M1`**
2022-07-01 08:38:38sunshineyyds → 实力广告公司，专业代发广告 **`Boss91M1`**
2022-07-01 08:38:59html66 → 本公司专业代发广告 **`Boss91M1`**
2022-07-01 08:39:24TG0188 → 实力广告公司，专业代发广告 **`Boss91M1`**
2022-07-01 08:39:55tz636 → 本公司专业代发广告 **`Boss91M1`**
2022-07-01 08:40:04tsdb01 → 我司专业（代）发各行各业（广）告， **`Boss91M1`**
2022-07-01 08:40:13bclm1 → 我司专业（代）发（广）告， **`Boss91M1`**
2022-07-01 08:40:22wangzhuanusdt → 专业代《发》《广》告， **`Boss91M1`**
2022-07-01 08:40:55zhifuo → 专业广告公司，专业代发广告 **`Boss91M1`**
2022-07-01 08:41:15sanfang53 → 我们精准代发广告 **`Boss91M1`**
2022-07-01 08:41:24bclm1 → 我司专业（代）发各行各业（广）告， **`Boss91M1`**
2022-07-01 08:41:33TGYHZQ → 我司专业（代）发（广）告， **`Boss91M1`**
2022-07-01 08:41:54bclm1 → 本公司专业代发广告 **`Boss91M1`**
2022-07-01 08:42:13USDThuzhu3 → 实力广告公司，专业代发广告 **`Boss91M1`**
2022-07-01 08:42:34OBax02 → 本公司专业代发广告 **`Boss91M1`**
2022-07-01 08:42:43TGYHZQ → 我司专业（代）发各行各业（广）告， **`Boss91M1`**
2022-07-01 08:43:15yindutg → 专业代《发》《广》告， **`Boss91M1`**
2022-07-01 08:43:27guangdongyue → 我司专业（代）发各行各业（广）告， **`Boss91M1`**
2022-07-01 08:44:08jiu_777 → 我们公司专业代发广告，精准投放客户广告 **`Boss91M1`**
2022-07-01 08:44:17xbdb01 → 专业广告公司，专业代发广告 **`Boss91M1`**
2022-07-01 08:44:27deep3695 → 我们精准代发广告 **`Boss91M1`**
2022-07-01 08:44:37daishoujiaoyi → 我司专业（代）发（广）告， **`Boss91M1`**
2022-07-01 08:45:03TG0188 → 实力广告公司，专业代发广告 **`Boss91M1`**
2022-07-01 08:45:12USDT43 → 实力广告公司，专业代发广告 **`Boss91M1`**
2022-07-01 08:45:21bclm1 → 专业广告公司，专业代发广告 **`Boss91M1`**
2022-07-01 08:45:30Flea66 → 电报最大广告公司，专业代发广告 **`Boss91M1`**
2022-07-01 08:45:41huanqian35 → 我们公司专业代发广告，精准投放客户广告 **`Boss91M1`**
2022-07-01 08:45:53USDThuzhu3 → 电报最大广告公司，专业代发广告 **`Boss91M1`**
2022-07-01 08:46:02yindutg → 实力广告公司，专业代发广告 **`Boss91M1`**
2022-07-01 08:46:11aqawsedrftgyhujikolp → 我们精准代发广告 **`Boss91M1`**
2022-07-01 08:46:19bailaohui_cvv → 我们公司专业代发广告，精准投放客户群体   **`Boss91M1`**
2022-07-01 08:46:56jiu_777 → 我司专业（代）发聊天群（广）告， **`Boss91M1`**
2022-07-01 08:47:07caoji565 → 我们公司专业代发广告，精准投放客户群体   **`Boss91M1`**
2022-07-01 08:47:17TG_King90 → 我司专业（代）发各行各业（广）告， **`Boss91M1`**
2022-07-01 08:48:21laoyingchuhai8 → 我们精准代发广告 **`Boss91M1`**
2022-07-01 08:48:50wy173 → 我司专业（代）发（广）告， **`Boss91M1`**
2022-07-01 08:49:02Fkzy_Group → 我司专业（代）发（广）告， **`Boss91M1`**
2022-07-01 08:49:11fbwsline2021 → 电报最大广告公司，专业代发广告 **`Boss91M1`**
2022-07-01 08:49:19caoji565 → 专业广告公司，专业代发广告 **`Boss91M1`**
2022-07-01 08:49:29sunshineyyds → 我们精准代发广告 **`Boss91M1`**
2022-07-01 08:50:14xvswens → 我们公司专业代发广告，精准投放客户广告 **`Boss91M1`**
2022-07-01 08:50:39qxinw → 我司专业（代）发各行各业（广）告， **`Boss91M1`**
2022-07-01 08:50:48zscd18 → 实力广告公司，专业代发广告 **`Boss91M1`**
2022-07-01 08:50:56NodeGlobal → 我们公司专业代发广告，精准投放客户群体   **`Boss91M1`**
2022-07-01 08:51:11daishou15 → 电报最大广告公司，专业代发广告 **`Boss91M1`**
2022-07-01 08:51:19iBox_official → 我们公司专业代发广告，精准投放客户群体   **`Boss91M1`**
2022-07-01 08:51:33axujj → 电报最大广告公司，专业代发广告 **`Boss91M1`**
2022-07-01 08:51:44sanfang53 → 我们公司专业代发广告，精准投放客户群体   **`Boss91M1`**
2022-07-01 08:51:53deep3695 → 本公司专业代发广告 **`Boss91M1`**
2022-07-01 08:52:44india_moneypay → 我们公司专业代发广告，精准投放客户群体   **`Boss91M1`**
2022-07-01 08:52:54tongdao25 → 我们公司专业代发广告，精准投放客户广告 **`Boss91M1`**
2022-07-01 08:53:22BaJie99991 → 我们公司专业代发广告，精准投放客户群体   **`Boss91M1`**
2022-07-01 08:53:49huanqian35 → 专业代《发》《广》告， **`Boss91M1`**
2022-07-01 08:54:02BAOAA → 实力广告公司，专业代发广告 **`Boss91M1`**
2022-07-01 08:54:20usdthuihuan → 电报最大广告公司，专业代发广告 **`Boss91M1`**
2022-07-01 08:54:29aqawsedrftgyhujikolp → 专业代《发》《广》告， **`Boss91M1`**
2022-07-01 08:54:41usdtdfds → 我们精准代发广告 **`Boss91M1`**
2022-07-01 08:54:50USDThuzhu3 → 本公司专业代发广告 **`Boss91M1`**
2022-07-01 08:55:30si1688 → 实力广告公司，专业代发广告 **`Boss91M1`**
2022-07-01 08:55:41baocai217 → 我司专业（代）发（广）告， **`Boss91M1`**
2022-07-01 08:55:58xjltq → 我们精准代发广告 **`Boss91M1`**
2022-07-01 08:56:26daishoujiaoyi → 电报最大广告公司，专业代发广告 **`Boss91M1`**
2022-07-01 08:56:35deep3695 → 我们公司专业代发广告，精准投放客户广告 **`Boss91M1`**
2022-07-01 08:56:45baocai217 → 本公司专业代发广告 **`Boss91M1`**
2022-07-01 08:57:07bclm1 → 实力广告公司，专业代发广告 **`Boss91M1`**
2022-07-01 08:57:17india_moneypay → 我司专业（代）发各行各业（广）告， **`Boss91M1`**
2022-07-01 08:57:26deep3695 → 本公司专业代发广告 **`Boss91M1`**
2022-07-01 08:57:35Flea66 → 我们精准代发广告 **`Boss91M1`**
2022-07-01 08:57:45guangdongyue → 我们公司专业代发广告，精准投放客户群体   **`Boss91M1`**
2022-07-01 08:57:55yizhifu678 → 我司专业（代）发（广）告， **`Boss91M1`**
2022-07-01 08:58:23XxUP1121 → 我们公司专业代发广告，精准投放客户群体   **`Boss91M1`**
2022-07-01 08:58:42axujj → 电报最大广告公司，专业代发广告 **`Boss91M1`**
2022-07-01 08:59:01daishou44 → 我们精准代发广告 **`Boss91M1`**
2022-07-01 08:59:09jiu_777 → 我司专业（代）发聊天群（广）告， **`Boss91M1`**
2022-07-01 08:59:28Flea66 → 专业广告公司，专业代发广告 **`Boss91M1`**
2022-07-01 08:59:52daishou44 → 我们公司专业代发广告，精准投放客户群体   **`Boss91M1`**
2022-07-01 09:00:01qipaipan54 → 本公司专业代发广告 **`Boss91M1`**
2022-07-01 09:00:31zhifuo → 专业代《发》《广》告， **`Boss91M1`**
2022-07-01 09:00:40wy173 → 我们公司专业代发广告，精准投放客户群体   **`Boss91M1`**
2022-07-01 09:01:00yizhifu678 → 本公司专业代发广告 **`Boss91M1`**
2022-07-01 09:01:11Flea66 → 我司专业（代）发（广）告， **`Boss91M1`**
2022-07-01 09:01:23tz636 → 实力广告公司，专业代发广告 **`Boss91M1`**
2022-07-01 09:02:12zscd18 → 实力广告公司，专业代发广告 **`Boss91M1`**
2022-07-01 09:02:36TGYHZQ → 实力广告公司，专业代发广告 **`Boss91M1`**
2022-07-01 09:02:57daishou15 → 我司专业（代）发（广）告， **`Boss91M1`**
2022-07-01 09:03:11xvswens → 我们公司专业代发广告，精准投放客户群体   **`Boss91M1`**
2022-07-01 09:03:31sanfang53 → 我们精准代发广告 **`Boss91M1`**
2022-07-01 09:03:52xinbi_088 → 专业广告公司，专业代发广告 **`Boss91M1`**
2022-07-01 09:04:01india_moneypay → 本公司专业代发广告 **`Boss91M1`**
2022-07-01 09:04:10xbdb01 → 实力广告公司，专业代发广告 **`Boss91M1`**
2022-07-01 09:04:32zhongwen6 → 我们精准代发广告 **`Boss91M1`**
2022-07-01 09:05:05axujj → 我们精准代发广告 **`Boss91M1`**
2022-07-01 09:05:18caoji565 → 实力广告公司，专业代发广告 **`Boss91M1`**
2022-07-01 09:05:28qxinw → 我们精准代发广告 **`Boss91M1`**
2022-07-01 09:05:55daishoujiaoyi → 本公司专业代发广告 **`Boss91M1`**
2022-07-01 09:06:04TG0188 → 我司专业（代）发（广）告， **`Boss91M1`**
2022-07-01 09:06:13xjltq → 电报最大广告公司，专业代发广告 **`Boss91M1`**
2022-07-01 09:06:26BaJie99991 → 实力广告公司，专业代发广告 **`Boss91M1`**
2022-07-01 09:06:36wangzhuanusdt → 我们精准代发广告 **`Boss91M1`**
2022-07-01 09:06:47axujj → 电报最大广告公司，专业代发广告 **`Boss91M1`**
2022-07-01 09:06:56KMFW56789 → 电报最大广告公司，专业代发广告 **`Boss91M1`**
2022-07-01 09:07:40zbbgq → 我们精准代发广告 **`Boss91M1`**
2022-07-01 09:08:05zhongwen6 → 专业代《发》《广》告， **`Boss91M1`**
2022-07-01 09:08:13daishou44 → 我司专业（代）发各行各业（广）告， **`Boss91M1`**
2022-07-01 09:08:44aqawsedrftgyhujikolp → 实力广告公司，专业代发广告 **`Boss91M1`**
2022-07-01 09:08:53HWDBQ → 我们精准代发广告 **`Boss91M1`**
2022-07-01 09:09:16Flea66 → 我司专业（代）发（广）告， **`Boss91M1`**
2022-07-01 09:09:37jiu_777 → 实力广告公司，专业代发广告 **`Boss91M1`**
2022-07-01 09:10:02si1688 → 专业广告公司，专业代发广告 **`Boss91M1`**
2022-07-01 09:10:13sanfang53 → 我司专业（代）发（广）告， **`Boss91M1`**
2022-07-01 09:10:22TG0188 → 电报最大广告公司，专业代发广告 **`Boss91M1`**
2022-07-01 09:10:35bailaohui_cvv → 我司专业（代）发（广）告， **`Boss91M1`**
2022-07-01 09:10:45deep3695 → 电报最大广告公司，专业代发广告 **`Boss91M1`**
2022-07-01 09:10:56bitcoindfds → 实力广告公司，专业代发广告 **`Boss91M1`**
2022-07-01 09:11:05xvswens → 我司专业（代）发（广）告， **`Boss91M1`**
2022-07-01 09:11:14xbdb01 → 我司专业（代）发各行各业（广）告， **`Boss91M1`**
2022-07-01 09:11:36guangdongyue → 我们公司专业代发广告，精准投放客户群体   **`Boss91M1`**
2022-07-01 09:12:06TG0188 → 本公司专业代发广告 **`Boss91M1`**
2022-07-01 09:12:15wy173 → 我们公司专业代发广告，精准投放客户广告 **`Boss91M1`**
2022-07-01 09:12:38sanfang53 → 专业代《发》《广》告， **`Boss91M1`**
2022-07-01 09:13:29Usdtbmw → 本公司专业代发广告 **`Boss91M1`**
2022-07-01 09:13:46TGYHZQ → 我们公司专业代发广告，精准投放客户广告 **`Boss91M1`**
2022-07-01 09:14:05si1688 → 电报最大广告公司，专业代发广告 **`Boss91M1`**
2022-07-01 09:14:15xingqiuzt08 → 实力广告公司，专业代发广告 **`Boss91M1`**
2022-07-01 09:14:24guangdongyue → 专业广告公司，专业代发广告 **`Boss91M1`**
2022-07-01 09:14:45NodeGlobal → 本公司专业代发广告 **`Boss91M1`**
2022-07-01 09:14:54fbwsline2021 → 我司专业（代）发各行各业（广）告， **`Boss91M1`**
2022-07-01 09:15:03zhifuo → 我们公司专业代发广告，精准投放客户广告 **`Boss91M1`**
2022-07-01 09:15:12huanqian35 → 我们精准代发广告 **`Boss91M1`**
2022-07-01 09:15:21daishou15 → 我们公司专业代发广告，精准投放客户群体   **`Boss91M1`**
2022-07-01 09:15:30si1688 → 我们公司专业代发广告，精准投放客户广告 **`Boss91M1`**
2022-07-01 09:15:39yinhangkausdt → 我们公司专业代发广告，精准投放客户广告 **`Boss91M1`**
2022-07-01 09:15:52dyjiaoliu → 电报最大广告公司，专业代发广告 **`Boss91M1`**
2022-07-01 09:16:11Flea66 → 实力广告公司，专业代发广告 **`Boss91M1`**
2022-07-01 09:16:23tongdao25 → 我司专业（代）发聊天群（广）告， **`Boss91M1`**
2022-07-01 09:16:38az123818 → 电报最大广告公司，专业代发广告 **`Boss91M1`**
2022-07-01 09:17:53bclm1 → 专业代《发》《广》告， **`Boss91M1`**
2022-07-01 09:18:58bcweb → 我司专业（代）发各行各业（广）告， **`Boss91M1`**
2022-07-01 09:19:06yizhifu678 → 专业代《发》《广》告， **`Boss91M1`**
2022-07-01 09:19:20wz513064 → 电报最大广告公司，专业代发广告 **`Boss91M1`**
2022-07-01 09:19:29NodeGlobal → 本公司专业代发广告 **`Boss91M1`**
2022-07-01 09:19:41tsdb01 → 我司专业（代）发各行各业（广）告， **`Boss91M1`**
2022-07-01 09:19:50qxinw → 我司专业（代）发各行各业（广）告， **`Boss91M1`**
2022-07-01 09:20:11BAOAA → 我们公司专业代发广告，精准投放客户群体   **`Boss91M1`**
2022-07-01 09:20:46tz636 → 实力广告公司，专业代发广告 **`Boss91M1`**
2022-07-01 09:21:03Flea66 → 我司专业（代）发（广）告， **`Boss91M1`**
2022-07-01 09:21:17TGYHZQ → 我司专业（代）发（广）告， **`Boss91M1`**
2022-07-01 09:21:25bailaohui_cvv → 实力广告公司，专业代发广告 **`Boss91M1`**
2022-07-01 09:21:34zscd18 → 我司专业（代）发聊天群（广）告， **`Boss91M1`**
2022-07-01 09:21:43USDTm → 我们精准代发广告 **`Boss91M1`**
2022-07-01 09:21:58dong821 → 专业代《发》《广》告， **`Boss91M1`**
2022-07-01 09:22:07USDThuzhu3 → 我司专业（代）发（广）告， **`Boss91M1`**
2022-07-01 09:22:31guangdongyue → 实力广告公司，专业代发广告 **`Boss91M1`**
2022-07-01 09:22:41DDTg8888 → 我们公司专业代发广告，精准投放客户群体   **`Boss91M1`**
2022-07-01 09:23:11BAOAA → 我们公司专业代发广告，精准投放客户广告 **`Boss91M1`**
2022-07-01 09:23:20xjltq → 专业广告公司，专业代发广告 **`Boss91M1`**
2022-07-01 09:23:40guangdongyue → 实力广告公司，专业代发广告 **`Boss91M1`**
2022-07-01 09:23:59xinbi_088 → 我们公司专业代发广告，精准投放客户广告 **`Boss91M1`**
2022-07-01 09:24:23iBox_official → 我司专业（代）发聊天群（广）告， **`Boss91M1`**
2022-07-01 09:24:32usdtdfds → 本公司专业代发广告 **`Boss91M1`**
2022-07-01 09:24:46qipaipan54 → 电报最大广告公司，专业代发广告 **`Boss91M1`**
2022-07-01 09:24:57XxUP1121 → 实力广告公司，专业代发广告 **`Boss91M1`**
2022-07-01 09:25:06zscd18 → 我们公司专业代发广告，精准投放客户群体   **`Boss91M1`**
2022-07-01 09:25:25paofenjiaoliu12 → 电报最大广告公司，专业代发广告 **`Boss91M1`**
2022-07-01 09:26:18laoyingchuhai8 → 我们公司专业代发广告，精准投放客户群体   **`Boss91M1`**
2022-07-01 09:26:27dyjiaoliu → 专业广告公司，专业代发广告 **`Boss91M1`**
2022-07-01 09:27:01juliang666 → 我们公司专业代发广告，精准投放客户广告 **`Boss91M1`**
2022-07-01 09:27:45az123818 → 我们公司专业代发广告，精准投放客户广告 **`Boss91M1`**
2022-07-01 09:27:55TGYHZQ → 我司专业（代）发各行各业（广）告， **`Boss91M1`**
2022-07-01 09:28:04meizi005 → 我司专业（代）发聊天群（广）告， **`Boss91M1`**
2022-07-01 09:28:25daishoujiaoyi → 专业代《发》《广》告， **`Boss91M1`**
2022-07-01 09:28:48xbdb01 → 我们公司专业代发广告，精准投放客户广告 **`Boss91M1`**
2022-07-01 09:29:09TG0188 → 专业代《发》《广》告， **`Boss91M1`**
2022-07-01 09:29:58tz636 → 专业广告公司，专业代发广告 **`Boss91M1`**
2022-07-01 09:30:11si1688 → 我们精准代发广告 **`Boss91M1`**
2022-07-01 09:30:20baocai217 → 我司专业（代）发聊天群（广）告， **`Boss91M1`**
2022-07-01 09:30:41zscd18 → 我司专业（代）发聊天群（广）告， **`Boss91M1`**
2022-07-01 09:30:50dyjiaoliu → 本公司专业代发广告 **`Boss91M1`**
2022-07-01 09:31:07iBox_official → 我司专业（代）发各行各业（广）告， **`Boss91M1`**
2022-07-01 09:31:16TG0188 → 我司专业（代）发各行各业（广）告， **`Boss91M1`**
2022-07-01 09:31:33si1688 → 我司专业（代）发各行各业（广）告， **`Boss91M1`**
2022-07-01 09:31:49sunshineyyds → 实力广告公司，专业代发广告 **`Boss91M1`**
2022-07-01 09:31:58Fkzy_Group → 专业广告公司，专业代发广告 **`Boss91M1`**
2022-07-01 09:32:51yindutg → 本公司专业代发广告 **`Boss91M1`**
2022-07-01 09:33:03BaJie99991 → 本公司专业代发广告 **`Boss91M1`**
2022-07-01 09:33:12dyjiaoliu → 我们精准代发广告 **`Boss91M1`**
2022-07-01 09:33:21wz513064 → 专业广告公司，专业代发广告 **`Boss91M1`**
2022-07-01 09:34:17bclm1 → 我司专业（代）发各行各业（广）告， **`Boss91M1`**
2022-07-01 09:34:31sanfang53 → 实力广告公司，专业代发广告 **`Boss91M1`**
2022-07-01 09:34:40TGYHZQ → 本公司专业代发广告 **`Boss91M1`**
2022-07-01 09:34:49usdtdfds → 我们公司专业代发广告，精准投放客户群体   **`Boss91M1`**
2022-07-01 09:35:13daishou44 → 实力广告公司，专业代发广告 **`Boss91M1`**
2022-07-01 09:35:22sunshineyyds → 我们公司专业代发广告，精准投放客户群体   **`Boss91M1`**
2022-07-01 09:35:32yinhangkausdt → 电报最大广告公司，专业代发广告 **`Boss91M1`**
2022-07-01 09:36:39tiandeng88 → 我司专业（代）发各行各业（广）告， **`Boss91M1`**
2022-07-01 09:37:04guangdongyue → 我们公司专业代发广告，精准投放客户广告 **`Boss91M1`**
2022-07-01 09:37:13india_moneypay → 我们精准代发广告 **`Boss91M1`**
2022-07-01 09:37:30bcweb → 我司专业（代）发（广）告， **`Boss91M1`**
2022-07-01 09:38:37wz513064 → 实力广告公司，专业代发广告 **`Boss91M1`**
2022-07-01 09:38:46yizhifu678 → 我司专业（代）发（广）告， **`Boss91M1`**
2022-07-01 09:38:55Fkzy_Group → 电报最大广告公司，专业代发广告 **`Boss91M1`**
2022-07-01 09:39:04sanfang53 → 我司专业（代）发（广）告， **`Boss91M1`**
2022-07-01 09:39:17USDThuzhu3 → 我们公司专业代发广告，精准投放客户群体   **`Boss91M1`**
2022-07-01 09:39:40NodeGlobal → 专业广告公司，专业代发广告 **`Boss91M1`**
2022-07-01 09:39:49bclm1 → 我们公司专业代发广告，精准投放客户群体   **`Boss91M1`**
2022-07-01 09:40:07yindutg → 专业代《发》《广》告， **`Boss91M1`**
2022-07-01 09:40:16az123818 → 专业代《发》《广》告， **`Boss91M1`**
2022-07-01 09:40:25USDThuzhu3 → 电报最大广告公司，专业代发广告 **`Boss91M1`**
2022-07-01 09:40:45axujj → 专业代《发》《广》告， **`Boss91M1`**
2022-07-01 09:41:06xjltq → 我司专业（代）发各行各业（广）告， **`Boss91M1`**
2022-07-01 09:41:15huanqian35 → 我们公司专业代发广告，精准投放客户广告 **`Boss91M1`**
2022-07-01 09:41:25TG_King90 → 本公司专业代发广告 **`Boss91M1`**
2022-07-01 09:41:34qywxjmgzsz → 我司专业（代）发（广）告， **`Boss91M1`**
2022-07-01 09:41:45Flea66 → 我们公司专业代发广告，精准投放客户广告 **`Boss91M1`**
2022-07-01 09:41:55TG_King90 → 我们精准代发广告 **`Boss91M1`**
2022-07-01 09:42:12DMZF8 → 电报最大广告公司，专业代发广告 **`Boss91M1`**
2022-07-01 09:42:24tz636 → 我们公司专业代发广告，精准投放客户广告 **`Boss91M1`**
2022-07-01 09:42:33TGYHZQ → 我们精准代发广告 **`Boss91M1`**
2022-07-01 09:42:42daishou44 → 电报最大广告公司，专业代发广告 **`Boss91M1`**
2022-07-01 09:43:24Fkzy_Group → 专业广告公司，专业代发广告 **`Boss91M1`**
2022-07-01 09:43:55daishoujiaoyi → 专业广告公司，专业代发广告 **`Boss91M1`**
2022-07-01 09:44:06sanfang53 → 专业广告公司，专业代发广告 **`Boss91M1`**
2022-07-01 09:44:37USDT43 → 电报最大广告公司，专业代发广告 **`Boss91M1`**
2022-07-01 09:44:46Fkzy_Group → 我司专业（代）发各行各业（广）告， **`Boss91M1`**
2022-07-01 09:44:55yindutg → 专业广告公司，专业代发广告 **`Boss91M1`**
2022-07-01 09:45:05Flea66 → 我们公司专业代发广告，精准投放客户群体   **`Boss91M1`**
2022-07-01 09:45:55caoji565 → 我司专业（代）发（广）告， **`Boss91M1`**
2022-07-01 09:46:26bclm1 → 我司专业（代）发聊天群（广）告， **`Boss91M1`**
2022-07-01 09:46:35axujj → 实力广告公司，专业代发广告 **`Boss91M1`**
2022-07-01 09:46:59wy173 → 实力广告公司，专业代发广告 **`Boss91M1`**
2022-07-01 09:47:16sanfang53 → 我们公司专业代发广告，精准投放客户广告 **`Boss91M1`**
2022-07-01 09:47:53-1001685793459 → 专业代《发》《广》告， **`Boss91M1`**
2022-07-01 09:48:41yindutg → 我们精准代发广告 **`Boss91M1`**
2022-07-01 09:49:00sunshineyyds → 本公司专业代发广告 **`Boss91M1`**
2022-07-01 09:49:08jiu_777 → 我司专业（代）发聊天群（广）告， **`Boss91M1`**
2022-07-01 09:49:18xingqiuzt08 → 我们精准代发广告 **`Boss91M1`**
2022-07-01 09:49:37TG0188 → 我司专业（代）发（广）告， **`Boss91M1`**
2022-07-01 09:49:54xjltq → 我们精准代发广告 **`Boss91M1`**
2022-07-01 09:50:11tz636 → 本公司专业代发广告 **`Boss91M1`**
2022-07-01 09:50:20USDT43 → 我司专业（代）发（广）告， **`Boss91M1`**
2022-07-01 09:50:29meizi005 → 我们公司专业代发广告，精准投放客户广告 **`Boss91M1`**
2022-07-01 09:50:40baocai217 → 我们精准代发广告 **`Boss91M1`**
2022-07-01 09:50:52zscd18 → 我们公司专业代发广告，精准投放客户广告 **`Boss91M1`**
2022-07-01 09:51:03caoji565 → 我司专业（代）发聊天群（广）告， **`Boss91M1`**
2022-07-01 09:51:12daishoujiaoyi → 电报最大广告公司，专业代发广告 **`Boss91M1`**
2022-07-01 09:51:50Fkzy_Group → 我们精准代发广告 **`Boss91M1`**
2022-07-01 09:52:09daishou44 → 专业代《发》《广》告， **`Boss91M1`**
2022-07-01 09:52:18TG0188 → 我司专业（代）发各行各业（广）告， **`Boss91M1`**
2022-07-01 09:52:41daishou44 → 我司专业（代）发（广）告， **`Boss91M1`**
2022-07-01 09:52:53laowangdan → 本公司专业代发广告 **`Boss91M1`**
2022-07-01 09:53:15wz513064 → 我们公司专业代发广告，精准投放客户群体   **`Boss91M1`**
2022-07-01 09:53:24daishou15 → 我们公司专业代发广告，精准投放客户群体   **`Boss91M1`**
2022-07-01 09:53:54xinbi_088 → 专业代《发》《广》告， **`Boss91M1`**
2022-07-01 09:54:05qxinw → 实力广告公司，专业代发广告 **`Boss91M1`**
2022-07-01 09:54:14usdtdfds → 我们公司专业代发广告，精准投放客户群体   **`Boss91M1`**
2022-07-01 09:54:37si1688 → 我司专业（代）发聊天群（广）告， **`Boss91M1`**
2022-07-01 09:54:46Usdtbmw → 我司专业（代）发各行各业（广）告， **`Boss91M1`**
2022-07-01 09:55:07ORYXW → 电报最大广告公司，专业代发广告 **`Boss91M1`**
2022-07-01 09:55:34NodeGlobal → 实力广告公司，专业代发广告 **`Boss91M1`**
2022-07-01 09:55:48Usdtbmw → 我们精准代发广告 **`Boss91M1`**
2022-07-01 09:55:58yizhifu678 → 我司专业（代）发各行各业（广）告， **`Boss91M1`**
2022-07-01 09:56:26KMFW56789 → 我司专业（代）发（广）告， **`Boss91M1`**
2022-07-01 09:56:35iBox_official → 专业广告公司，专业代发广告 **`Boss91M1`**
2022-07-01 09:57:01deep3695 → 专业代《发》《广》告， **`Boss91M1`**
2022-07-01 09:57:20juliang666 → 我们精准代发广告 **`Boss91M1`**
2022-07-01 09:57:29dyjiaoliu → 我们精准代发广告 **`Boss91M1`**
2022-07-01 09:57:50danbao96 → 我司专业（代）发聊天群（广）告， **`Boss91M1`**
2022-07-01 09:57:59iBox_official → 专业代《发》《广》告， **`Boss91M1`**
2022-07-01 09:58:10TG_King90 → 我们公司专业代发广告，精准投放客户群体   **`Boss91M1`**
2022-07-01 09:58:45TG0188 → 专业广告公司，专业代发广告 **`Boss91M1`**
2022-07-01 09:59:12zscd18 → 电报最大广告公司，专业代发广告 **`Boss91M1`**
2022-07-01 09:59:35TG_King90 → 我们公司专业代发广告，精准投放客户广告 **`Boss91M1`**
2022-07-01 09:59:53TG0188 → 我们精准代发广告 **`Boss91M1`**
2022-07-01 10:00:34bclm1 → 我们精准代发广告 **`Boss91M1`**
2022-07-01 10:00:55Flea66 → 我们公司专业代发广告，精准投放客户群体   **`Boss91M1`**
2022-07-01 10:01:07qxinw → 我司专业（代）发（广）告， **`Boss91M1`**
2022-07-01 10:01:16aqawsedrftgyhujikolp → 我们公司专业代发广告，精准投放客户群体   **`Boss91M1`**
2022-07-01 10:01:40tsdb01 → 专业代《发》《广》告， **`Boss91M1`**
2022-07-01 10:01:53huanqian35 → 我们公司专业代发广告，精准投放客户广告 **`Boss91M1`**
2022-07-01 10:02:04deep3695 → 实力广告公司，专业代发广告 **`Boss91M1`**
2022-07-01 10:02:24guangdongyue → 我们公司专业代发广告，精准投放客户广告 **`Boss91M1`**
2022-07-01 10:02:36USDThuzhu3 → 专业代《发》《广》告， **`Boss91M1`**
2022-07-01 10:02:57axujj → 我司专业（代）发聊天群（广）告， **`Boss91M1`**
2022-07-01 10:03:49sanfang53 → 实力广告公司，专业代发广告 **`Boss91M1`**
2022-07-01 10:04:00xinbi_088 → 我们精准代发广告 **`Boss91M1`**
2022-07-01 10:04:09jiu_777 → 我司专业（代）发聊天群（广）告， **`Boss91M1`**
2022-07-01 10:04:21si1688 → 我司专业（代）发各行各业（广）告， **`Boss91M1`**
2022-07-01 10:04:30india_moneypay → 专业代《发》《广》告， **`Boss91M1`**
2022-07-01 10:05:04TGYHZQ → 专业代《发》《广》告， **`Boss91M1`**
2022-07-01 10:05:13huanqian35 → 实力广告公司，专业代发广告 **`Boss91M1`**
2022-07-01 10:05:31bailaohui_cvv → 本公司专业代发广告 **`Boss91M1`**
2022-07-01 10:05:52si1688 → 我们公司专业代发广告，精准投放客户广告 **`Boss91M1`**
2022-07-01 10:06:09usdtdfds → 电报最大广告公司，专业代发广告 **`Boss91M1`**
2022-07-01 10:06:30USDThuzhu3 → 实力广告公司，专业代发广告 **`Boss91M1`**
2022-07-01 10:06:43sunshineyyds → 我们公司专业代发广告，精准投放客户广告 **`Boss91M1`**
2022-07-01 10:07:06fbwsline2021 → 实力广告公司，专业代发广告 **`Boss91M1`**
2022-07-01 10:07:15yindutg → 我们精准代发广告 **`Boss91M1`**
2022-07-01 10:07:24jiu_777 → 我们公司专业代发广告，精准投放客户广告 **`Boss91M1`**
2022-07-01 10:07:47daishoujiaoyi → 我司专业（代）发各行各业（广）告， **`Boss91M1`**
2022-07-01 10:07:56juliang666 → 专业代《发》《广》告， **`Boss91M1`**
2022-07-01 10:08:16jiu_777 → 实力广告公司，专业代发广告 **`Boss91M1`**
2022-07-01 10:08:25sanfang53 → 我司专业（代）发（广）告， **`Boss91M1`**
2022-07-01 10:09:03XxUP1121 → 我司专业（代）发聊天群（广）告， **`Boss91M1`**
2022-07-01 10:09:12tsdb01 → 我司专业（代）发各行各业（广）告， **`Boss91M1`**
2022-07-01 10:09:21zhongwen6 → 专业代《发》《广》告， **`Boss91M1`**
2022-07-01 10:09:39sunshineyyds → 本公司专业代发广告 **`Boss91M1`**
2022-07-01 10:09:50zscd18 → 我们精准代发广告 **`Boss91M1`**
2022-07-01 10:10:09caoji565 → 电报最大广告公司，专业代发广告 **`Boss91M1`**
2022-07-01 10:10:19daishou44 → 我司专业（代）发聊天群（广）告， **`Boss91M1`**
2022-07-01 10:11:34daishoujiaoyi → 我们精准代发广告 **`Boss91M1`**
2022-07-01 10:11:43daishou15 → 专业广告公司，专业代发广告 **`Boss91M1`**
2022-07-01 10:12:17TG0188 → 我们精准代发广告 **`Boss91M1`**
2022-07-01 10:12:35sanfang53 → 实力广告公司，专业代发广告 **`Boss91M1`**
2022-07-01 10:13:00qipaipan54 → 本公司专业代发广告 **`Boss91M1`**
2022-07-01 10:13:09dyjiaoliu → 专业广告公司，专业代发广告 **`Boss91M1`**
2022-07-01 10:14:45Usdtbmw → 专业代《发》《广》告， **`Boss91M1`**
2022-07-01 10:14:54bclm1 → 专业代《发》《广》告， **`Boss91M1`**
2022-07-01 10:15:04XxUP1121 → 我们精准代发广告 **`Boss91M1`**
2022-07-01 10:15:25huione888 → 我们公司专业代发广告，精准投放客户群体   **`Boss91M1`**
2022-07-01 10:15:36wangzhuanusdt → 我们公司专业代发广告，精准投放客户广告 **`Boss91M1`**
2022-07-01 10:15:45qxinw → 专业广告公司，专业代发广告 **`Boss91M1`**
2022-07-01 10:15:54NodeGlobal → 我司专业（代）发各行各业（广）告， **`Boss91M1`**
2022-07-01 10:16:14caoji565 → 电报最大广告公司，专业代发广告 **`Boss91M1`**
2022-07-01 10:16:36Flea66 → 专业代《发》《广》告， **`Boss91M1`**
2022-07-01 10:16:55axujj → 我们公司专业代发广告，精准投放客户群体   **`Boss91M1`**
2022-07-01 10:17:09usdthuihuan → 我们公司专业代发广告，精准投放客户广告 **`Boss91M1`**
2022-07-01 10:17:30ORYXW → 我们精准代发广告 **`Boss91M1`**
2022-07-01 10:17:39xbdb01 → 我们公司专业代发广告，精准投放客户广告 **`Boss91M1`**
2022-07-01 10:17:48axujj → 本公司专业代发广告 **`Boss91M1`**
2022-07-01 10:18:12xbdb01 → 我们公司专业代发广告，精准投放客户群体   **`Boss91M1`**
2022-07-01 10:18:21xjltq → 我司专业（代）发聊天群（广）告， **`Boss91M1`**
2022-07-01 10:18:33tsdb01 → 我们公司专业代发广告，精准投放客户群体   **`Boss91M1`**
2022-07-01 10:18:42fbwsline2021 → 我司专业（代）发（广）告， **`Boss91M1`**
2022-07-01 10:19:12caoji565 → 本公司专业代发广告 **`Boss91M1`**
2022-07-01 10:19:22iBox_official → 电报最大广告公司，专业代发广告 **`Boss91M1`**
2022-07-01 10:19:31Fkzy_Group → 我司专业（代）发各行各业（广）告， **`Boss91M1`**
2022-07-01 10:19:40KMFW56789 → 我司专业（代）发聊天群（广）告， **`Boss91M1`**
2022-07-01 10:19:49yizhifu678 → 本公司专业代发广告 **`Boss91M1`**
2022-07-01 10:20:00wy173 → 专业广告公司，专业代发广告 **`Boss91M1`**
2022-07-01 10:20:09zhongwen6 → 专业广告公司，专业代发广告 **`Boss91M1`**
2022-07-01 10:20:22zhifuo → 实力广告公司，专业代发广告 **`Boss91M1`**
2022-07-01 10:20:41yindutg → 我们公司专业代发广告，精准投放客户群体   **`Boss91M1`**
2022-07-01 10:21:02daishoujiaoyi → 我司专业（代）发聊天群（广）告， **`Boss91M1`**
2022-07-01 10:21:21USDThuzhu3 → 本公司专业代发广告 **`Boss91M1`**
2022-07-01 10:21:45zscd1 → 专业广告公司，专业代发广告 **`Boss91M1`**
2022-07-01 10:22:20zhifuo → 我们公司专业代发广告，精准投放客户广告 **`Boss91M1`**
2022-07-01 10:22:52sichouzhilu0 → 专业代《发》《广》告， **`Boss91M1`**
2022-07-01 10:23:01-1001189649657 → 我司专业（代）发（广）告， **`Boss91M1`**
2022-07-01 10:23:31si1688 → 我们精准代发广告 **`Boss91M1`**
2022-07-01 10:23:40india_moneypay → 专业广告公司，专业代发广告 **`Boss91M1`**
2022-07-01 10:24:22bcweb → 我们公司专业代发广告，精准投放客户广告 **`Boss91M1`**
2022-07-01 10:24:32deep3695 → 我司专业（代）发（广）告， **`Boss91M1`**
2022-07-01 10:24:42xinbi_088 → 我司专业（代）发（广）告， **`Boss91M1`**
2022-07-01 10:24:51si1688 → 实力广告公司，专业代发广告 **`Boss91M1`**
2022-07-01 10:25:00daishou15 → 我们公司专业代发广告，精准投放客户广告 **`Boss91M1`**
2022-07-01 10:25:22xjltq → 专业广告公司，专业代发广告 **`Boss91M1`**
2022-07-01 10:25:31njwwjpxc → 专业广告公司，专业代发广告 **`Boss91M1`**
2022-07-01 10:25:41xbdb01 → 我们精准代发广告 **`Boss91M1`**
2022-07-01 10:25:57yindutg → 专业广告公司，专业代发广告 **`Boss91M1`**
2022-07-01 10:26:07axujj → 我们精准代发广告 **`Boss91M1`**
2022-07-01 10:26:32XxUP1121 → 实力广告公司，专业代发广告 **`Boss91M1`**
2022-07-01 10:26:41wz513064 → 我司专业（代）发聊天群（广）告， **`Boss91M1`**
2022-07-01 10:27:00TG0188 → 我们精准代发广告 **`Boss91M1`**
2022-07-01 10:27:22tongdao25 → 我们精准代发广告 **`Boss91M1`**
2022-07-01 10:27:36deep3695 → 我们公司专业代发广告，精准投放客户群体   **`Boss91M1`**
2022-07-01 10:27:51az123818 → 专业代《发》《广》告， **`Boss91M1`**
2022-07-01 10:28:05daishou15 → 我们公司专业代发广告，精准投放客户广告 **`Boss91M1`**
2022-07-01 10:28:58TG_King90 → 我们精准代发广告 **`Boss91M1`**
2022-07-01 10:29:07si1688 → 本公司专业代发广告 **`Boss91M1`**
2022-07-01 10:29:18india_moneypay → 我们精准代发广告 **`Boss91M1`**
2022-07-01 10:29:35BaJie99991 → 专业广告公司，专业代发广告 **`Boss91M1`**
2022-07-01 10:30:07huanqian35 → 我们公司专业代发广告，精准投放客户广告 **`Boss91M1`**
2022-07-01 10:30:31sunshineyyds → 我司专业（代）发聊天群（广）告， **`Boss91M1`**
2022-07-01 10:30:46bclm1 → 实力广告公司，专业代发广告 **`Boss91M1`**
2022-07-01 10:31:09Flea66 → 电报最大广告公司，专业代发广告 **`Boss91M1`**
2022-07-01 10:31:18html66 → 我们精准代发广告 **`Boss91M1`**
2022-07-01 10:31:27TG0188 → 本公司专业代发广告 **`Boss91M1`**
2022-07-01 10:31:36fei733 → 我们公司专业代发广告，精准投放客户广告 **`Boss91M1`**
2022-07-01 10:31:57aqawsedrftgyhujikolp → 我们公司专业代发广告，精准投放客户广告 **`Boss91M1`**
2022-07-01 10:32:57sunshineyyds → 我们公司专业代发广告，精准投放客户广告 **`Boss91M1`**
2022-07-01 10:33:10sanfang53 → 我们公司专业代发广告，精准投放客户广告 **`Boss91M1`**
2022-07-01 10:33:39Flea66 → 我司专业（代）发聊天群（广）告， **`Boss91M1`**
2022-07-01 10:33:48si1688 → 专业广告公司，专业代发广告 **`Boss91M1`**
2022-07-01 10:33:58sanfang53 → 我司专业（代）发聊天群（广）告， **`Boss91M1`**
2022-07-01 10:34:08Usdtbmw → 本公司专业代发广告 **`Boss91M1`**
2022-07-01 10:34:21TGYHZQ → 专业代《发》《广》告， **`Boss91M1`**
2022-07-01 10:34:30yinhangkausdt → 专业广告公司，专业代发广告 **`Boss91M1`**
2022-07-01 10:34:41bclm1 → 我们公司专业代发广告，精准投放客户广告 **`Boss91M1`**
2022-07-01 10:34:50si1688 → 本公司专业代发广告 **`Boss91M1`**
2022-07-01 10:34:59jiu_777 → 我们公司专业代发广告，精准投放客户广告 **`Boss91M1`**
2022-07-01 10:35:20caoji565 → 我司专业（代）发聊天群（广）告， **`Boss91M1`**
2022-07-01 10:35:34baocai217 → 专业广告公司，专业代发广告 **`Boss91M1`**
2022-07-01 10:35:55BAOAA → 专业广告公司，专业代发广告 **`Boss91M1`**
2022-07-01 10:36:04dong821 → 我司专业（代）发聊天群（广）告， **`Boss91M1`**
2022-07-01 10:36:13USDThuzhu3 → 我司专业（代）发（广）告， **`Boss91M1`**
2022-07-01 10:36:24iBox_official → 实力广告公司，专业代发广告 **`Boss91M1`**
2022-07-01 10:36:36tsdb01 → 实力广告公司，专业代发广告 **`Boss91M1`**
2022-07-01 10:37:09huione888 → 本公司专业代发广告 **`Boss91M1`**
2022-07-01 10:37:33yindutg → 专业广告公司，专业代发广告 **`Boss91M1`**
2022-07-01 10:37:44tongdao25 → 本公司专业代发广告 **`Boss91M1`**
2022-07-01 10:37:53laoyingchuhai8 → 实力广告公司，专业代发广告 **`Boss91M1`**
2022-07-01 10:38:12az123818 → 我们精准代发广告 **`Boss91M1`**
2022-07-01 10:38:40USDT43 → 电报最大广告公司，专业代发广告 **`Boss91M1`**
2022-07-01 10:38:57daishou44 → 我司专业（代）发（广）告， **`Boss91M1`**
2022-07-01 10:39:38bailaohui_cvv → 专业广告公司，专业代发广告 **`Boss91M1`**
2022-07-01 10:39:55BaJie99991 → 电报最大广告公司，专业代发广告 **`Boss91M1`**
2022-07-01 10:40:16fbwsline2021 → 我司专业（代）发（广）告， **`Boss91M1`**
2022-07-01 10:40:25baocai217 → 我们精准代发广告 **`Boss91M1`**
2022-07-01 10:40:54xvswens → 本公司专业代发广告 **`Boss91M1`**
2022-07-01 10:41:03aqawsedrftgyhujikolp → 专业广告公司，专业代发广告 **`Boss91M1`**
2022-07-01 10:41:20tongdao25 → 专业代《发》《广》告， **`Boss91M1`**
2022-07-01 10:41:29tongdao25 → 我司专业（代）发聊天群（广）告， **`Boss91M1`**
2022-07-01 10:41:38xingqiuzt08 → 我们公司专业代发广告，精准投放客户广告 **`Boss91M1`**
2022-07-01 10:42:04sanfang53 → 专业广告公司，专业代发广告 **`Boss91M1`**
2022-07-01 10:42:15xvswens → 我司专业（代）发各行各业（广）告， **`Boss91M1`**
2022-07-01 10:42:31guangdongyue → 本公司专业代发广告 **`Boss91M1`**
2022-07-01 10:42:45guangdongyue → 我们公司专业代发广告，精准投放客户广告 **`Boss91M1`**
2022-07-01 10:42:56zbbgq → 实力广告公司，专业代发广告 **`Boss91M1`**
2022-07-01 10:43:06yinhangkausdt → 专业广告公司，专业代发广告 **`Boss91M1`**
2022-07-01 10:43:37guangdongyue → 专业广告公司，专业代发广告 **`Boss91M1`**
2022-07-01 10:44:19yindutg → 我司专业（代）发聊天群（广）告， **`Boss91M1`**
2022-07-01 10:44:29axujj → 我司专业（代）发聊天群（广）告， **`Boss91M1`**
2022-07-01 10:44:50Fkzy_Group → 我们精准代发广告 **`Boss91M1`**
2022-07-01 10:45:07xvswens → 实力广告公司，专业代发广告 **`Boss91M1`**
2022-07-01 10:45:32wangzhuanusdt → 我们精准代发广告 **`Boss91M1`**
2022-07-01 10:45:41aqawsedrftgyhujikolp → 我司专业（代）发（广）告， **`Boss91M1`**
2022-07-01 10:45:53tongdao25 → 我们精准代发广告 **`Boss91M1`**
2022-07-01 10:46:41yizhifu678 → 专业代《发》《广》告， **`Boss91M1`**
2022-07-01 10:46:50bclm1 → 实力广告公司，专业代发广告 **`Boss91M1`**
2022-07-01 10:47:24wz513064 → 我们精准代发广告 **`Boss91M1`**
2022-07-01 10:47:33deep3695 → 我们精准代发广告 **`Boss91M1`**
2022-07-01 10:48:03bclm1 → 我司专业（代）发各行各业（广）告， **`Boss91M1`**
2022-07-01 10:48:12bcweb → 实力广告公司，专业代发广告 **`Boss91M1`**
2022-07-01 10:48:21daishou44 → 实力广告公司，专业代发广告 **`Boss91M1`**
2022-07-01 10:48:32Fkzy_Group → 专业广告公司，专业代发广告 **`Boss91M1`**
2022-07-01 10:48:53si1688 → 专业广告公司，专业代发广告 **`Boss91M1`**
2022-07-01 10:49:10bailaohui_cvv → 我司专业（代）发聊天群（广）告， **`Boss91M1`**
2022-07-01 10:49:19wz513064 → 本公司专业代发广告 **`Boss91M1`**
2022-07-01 10:49:28daishou15 → 专业广告公司，专业代发广告 **`Boss91M1`**
2022-07-01 10:49:39bailaohui_cvv → 我们精准代发广告 **`Boss91M1`**
2022-07-01 10:50:01xinbi_088 → 专业广告公司，专业代发广告 **`Boss91M1`**
2022-07-01 10:50:44bclm1 → 我们公司专业代发广告，精准投放客户群体   **`Boss91M1`**
2022-07-01 10:50:53xinbi_088 → 我司专业（代）发（广）告， **`Boss91M1`**
2022-07-01 10:51:13axujj → 我们公司专业代发广告，精准投放客户广告 **`Boss91M1`**
2022-07-01 10:51:22yindutg → 我司专业（代）发各行各业（广）告， **`Boss91M1`**
2022-07-01 10:51:32juliang666 → 专业代《发》《广》告， **`Boss91M1`**
2022-07-01 10:51:50sanfang53 → 我司专业（代）发聊天群（广）告， **`Boss91M1`**
2022-07-01 10:52:10Flea66 → 我司专业（代）发聊天群（广）告， **`Boss91M1`**
2022-07-01 10:52:25jiu_777 → 我司专业（代）发各行各业（广）告， **`Boss91M1`**
2022-07-01 10:52:37USDThuzhu3 → 专业代《发》《广》告， **`Boss91M1`**
2022-07-01 10:52:47TG0188 → 我们公司专业代发广告，精准投放客户广告 **`Boss91M1`**
2022-07-01 10:53:32bcweb → 我们公司专业代发广告，精准投放客户群体   **`Boss91M1`**
2022-07-01 10:53:41si1688 → 我们公司专业代发广告，精准投放客户广告 **`Boss91M1`**
2022-07-01 10:53:56XxUP1121 → 专业广告公司，专业代发广告 **`Boss91M1`**
2022-07-01 10:54:05bclm1 → 专业代《发》《广》告， **`Boss91M1`**
2022-07-01 10:54:26tz636 → 本公司专业代发广告 **`Boss91M1`**
2022-07-01 10:54:46Fkzy_Group → 我们精准代发广告 **`Boss91M1`**
2022-07-01 10:55:23tz636 → 我司专业（代）发（广）告， **`Boss91M1`**
2022-07-01 10:55:32aqawsedrftgyhujikolp → 实力广告公司，专业代发广告 **`Boss91M1`**
2022-07-01 10:55:43laowangdan → 专业代《发》《广》告， **`Boss91M1`**
2022-07-01 10:55:57laowangdan → 专业代《发》《广》告， **`Boss91M1`**
2022-07-01 10:56:06NodeGlobal → 我们精准代发广告 **`Boss91M1`**
2022-07-01 10:56:27xjltq → 我司专业（代）发各行各业（广）告， **`Boss91M1`**
2022-07-01 10:56:40usdthuihuan → 实力广告公司，专业代发广告 **`Boss91M1`**
2022-07-01 10:56:49usdtdfds → 我司专业（代）发聊天群（广）告， **`Boss91M1`**
2022-07-01 10:57:08az123818 → 本公司专业代发广告 **`Boss91M1`**
2022-07-01 10:57:37caoji565 → 实力广告公司，专业代发广告 **`Boss91M1`**
2022-07-01 10:57:46aqawsedrftgyhujikolp → 我们公司专业代发广告，精准投放客户群体   **`Boss91M1`**
2022-07-01 10:58:05qxinw → 我司专业（代）发聊天群（广）告， **`Boss91M1`**
2022-07-01 10:58:38bclm1 → 我们精准代发广告 **`Boss91M1`**
2022-07-01 10:59:15qxinw → 我司专业（代）发（广）告， **`Boss91M1`**
2022-07-01 10:59:27si1688 → 本公司专业代发广告 **`Boss91M1`**
2022-07-01 10:59:36axujj → 专业广告公司，专业代发广告 **`Boss91M1`**
2022-07-01 10:59:55huanqian35 → 我司专业（代）发各行各业（广）告， **`Boss91M1`**
2022-07-01 11:00:04xinbi_088 → 专业代《发》《广》告， **`Boss91M1`**
2022-07-01 11:00:15sunshineyyds → 我们精准代发广告 **`Boss91M1`**
2022-07-01 11:00:37TG0188 → 我司专业（代）发各行各业（广）告， **`Boss91M1`**
2022-07-01 11:01:10Flea66 → 本公司专业代发广告 **`Boss91M1`**
2022-07-01 11:01:45yindutg → 我司专业（代）发各行各业（广）告， **`Boss91M1`**
2022-07-01 11:01:57deep3695 → 我们精准代发广告 **`Boss91M1`**
2022-07-01 11:02:28danbao96 → 我司专业（代）发聊天群（广）告， **`Boss91M1`**
2022-07-01 11:03:21meizi005 → 专业代《发》《广》告， **`Boss91M1`**
2022-07-01 11:03:37juliang666 → 专业广告公司，专业代发广告 **`Boss91M1`**
2022-07-01 11:03:46dyjiaoliu → 专业广告公司，专业代发广告 **`Boss91M1`**
2022-07-01 11:04:27NodeGlobal → 我司专业（代）发（广）告， **`Boss91M1`**
2022-07-01 11:04:38zscd18 → 我们公司专业代发广告，精准投放客户群体   **`Boss91M1`**
2022-07-01 11:05:04HWDBQ → 本公司专业代发广告 **`Boss91M1`**
2022-07-01 11:05:13zscd18 → 我们公司专业代发广告，精准投放客户广告 **`Boss91M1`**
2022-07-01 11:05:27daishou44 → 我们精准代发广告 **`Boss91M1`**
2022-07-01 11:05:36yizhifu678 → 我司专业（代）发聊天群（广）告， **`Boss91M1`**
2022-07-01 11:05:54TG0188 → 我司专业（代）发各行各业（广）告， **`Boss91M1`**
2022-07-01 11:06:11usdtdfds → 专业广告公司，专业代发广告 **`Boss91M1`**
2022-07-01 11:06:20daishou44 → 我们公司专业代发广告，精准投放客户广告 **`Boss91M1`**
2022-07-01 11:06:29india_moneypay → 专业代《发》《广》告， **`Boss91M1`**
2022-07-01 11:06:49KMFW56789 → 我们公司专业代发广告，精准投放客户群体   **`Boss91M1`**
2022-07-01 11:06:58sunshineyyds → 我司专业（代）发各行各业（广）告， **`Boss91M1`**
2022-07-01 11:07:07xjltq → 我司专业（代）发（广）告， **`Boss91M1`**
2022-07-01 11:07:31Flea66 → 本公司专业代发广告 **`Boss91M1`**
2022-07-01 11:07:49Flea66 → 电报最大广告公司，专业代发广告 **`Boss91M1`**
2022-07-01 11:08:20az123818 → 专业广告公司，专业代发广告 **`Boss91M1`**
2022-07-01 11:08:29-1001685793459 → 专业广告公司，专业代发广告 **`Boss91M1`**
2022-07-01 11:09:02daishou44 → 专业代《发》《广》告， **`Boss91M1`**
2022-07-01 11:09:38bclm1 → 我们公司专业代发广告，精准投放客户群体   **`Boss91M1`**
2022-07-01 11:10:00bcweb → 我司专业（代）发（广）告， **`Boss91M1`**
2022-07-01 11:10:09daishoujiaoyi → 我们公司专业代发广告，精准投放客户群体   **`Boss91M1`**
2022-07-01 11:10:32XxUP1121 → 我司专业（代）发各行各业（广）告， **`Boss91M1`**
2022-07-01 11:10:42TG0188 → 实力广告公司，专业代发广告 **`Boss91M1`**
2022-07-01 11:10:56axujj → 我司专业（代）发聊天群（广）告， **`Boss91M1`**
2022-07-01 11:11:19sanfang53 → 实力广告公司，专业代发广告 **`Boss91M1`**
2022-07-01 11:11:30sanfang53 → 实力广告公司，专业代发广告 **`Boss91M1`**
2022-07-01 11:12:00tongdao25 → 我们公司专业代发广告，精准投放客户广告 **`Boss91M1`**
2022-07-01 11:12:10huanqian35 → 我们精准代发广告 **`Boss91M1`**
2022-07-01 11:12:19KMFW56789 → 本公司专业代发广告 **`Boss91M1`**
2022-07-01 11:12:28tz636 → 电报最大广告公司，专业代发广告 **`Boss91M1`**
2022-07-01 11:12:59qipaipan54 → 我们精准代发广告 **`Boss91M1`**
2022-07-01 11:13:10zscd1 → 我司专业（代）发聊天群（广）告， **`Boss91M1`**
2022-07-01 11:13:51iBox_official → 我们公司专业代发广告，精准投放客户广告 **`Boss91M1`**
2022-07-01 11:14:01caoji565 → 电报最大广告公司，专业代发广告 **`Boss91M1`**
2022-07-01 11:14:12axujj → 我们精准代发广告 **`Boss91M1`**
2022-07-01 11:14:23bclm1 → 我们公司专业代发广告，精准投放客户广告 **`Boss91M1`**
2022-07-01 11:14:51USDTm → 我司专业（代）发聊天群（广）告， **`Boss91M1`**
2022-07-01 11:15:29TG0188 → 我司专业（代）发各行各业（广）告， **`Boss91M1`**
2022-07-01 11:15:38daishoujiaoyi → 我司专业（代）发（广）告， **`Boss91M1`**
2022-07-01 11:16:01axujj → 我司专业（代）发（广）告， **`Boss91M1`**
2022-07-01 11:16:12XxUP1121 → 本公司专业代发广告 **`Boss91M1`**
2022-07-01 11:16:31yizhifu678 → 专业代《发》《广》告， **`Boss91M1`**
2022-07-01 11:16:52Fkzy_Group → 我司专业（代）发各行各业（广）告， **`Boss91M1`**
2022-07-01 11:17:04si1688 → 我司专业（代）发（广）告， **`Boss91M1`**
2022-07-01 11:17:13yizhifu678 → 本公司专业代发广告 **`Boss91M1`**
2022-07-01 11:17:42xbdb01 → 实力广告公司，专业代发广告 **`Boss91M1`**
2022-07-01 11:17:51zhifuo → 实力广告公司，专业代发广告 **`Boss91M1`**
2022-07-01 11:18:17TG_King90 → 实力广告公司，专业代发广告 **`Boss91M1`**
2022-07-01 11:18:49html66 → 我司专业（代）发各行各业（广）告， **`Boss91M1`**
2022-07-01 11:19:00zscd18 → 我司专业（代）发聊天群（广）告， **`Boss91M1`**
2022-07-01 11:19:36huanqian35 → 我们精准代发广告 **`Boss91M1`**
2022-07-01 11:19:47daishoujiaoyi → 我们公司专业代发广告，精准投放客户群体   **`Boss91M1`**
2022-07-01 11:19:56Flea66 → 我们精准代发广告 **`Boss91M1`**
2022-07-01 11:20:39deep3695 → 我们精准代发广告 **`Boss91M1`**
2022-07-01 11:21:01daishou15 → 我司专业（代）发各行各业（广）告， **`Boss91M1`**
2022-07-01 11:21:12bailaohui_cvv → 实力广告公司，专业代发广告 **`Boss91M1`**
2022-07-01 11:21:39bailaohui_cvv → 我们精准代发广告 **`Boss91M1`**
2022-07-01 11:22:35si1688 → 我司专业（代）发聊天群（广）告， **`Boss91M1`**
2022-07-01 11:22:58si1688 → 我司专业（代）发各行各业（广）告， **`Boss91M1`**
2022-07-01 11:23:35XxUP1121 → 本公司专业代发广告 **`Boss91M1`**
2022-07-01 11:23:57wz513064 → 我们公司专业代发广告，精准投放客户广告 **`Boss91M1`**
2022-07-01 11:24:21wy173 → 实力广告公司，专业代发广告 **`Boss91M1`**
2022-07-01 11:24:30daishoujiaoyi → 我们公司专业代发广告，精准投放客户广告 **`Boss91M1`**
2022-07-01 11:24:39india_moneypay → 我们精准代发广告 **`Boss91M1`**
2022-07-01 11:24:48zhongwen6 → 本公司专业代发广告 **`Boss91M1`**
2022-07-01 11:24:57wy173 → 实力广告公司，专业代发广告 **`Boss91M1`**
2022-07-01 11:25:06deep3695 → 我司专业（代）发各行各业（广）告， **`Boss91M1`**
2022-07-01 11:25:15baocai217 → 实力广告公司，专业代发广告 **`Boss91M1`**
2022-07-01 11:25:47xvswens → 专业代《发》《广》告， **`Boss91M1`**
2022-07-01 11:26:10sunshineyyds → 本公司专业代发广告 **`Boss91M1`**