
2022-06-28 00:00:06caoji565 → 电报最大广告公司，专业代发广告 **`Boss91M1`**
2022-06-28 00:00:49XxUP1121 → 我司专业（代）发各行各业（广）告， **`Boss91M1`**
2022-06-28 00:01:23si1688 → 实力广告公司，专业代发广告 **`Boss91M1`**
2022-06-28 00:01:36SHCPCO → 我司专业（代）发聊天群（广）告， **`Boss91M1`**
2022-06-28 00:01:58tongdao25 → 我司专业（代）发聊天群（广）告， **`Boss91M1`**
2022-06-28 00:02:10html66 → 专业代《发》《广》告， **`Boss91M1`**
2022-06-28 00:02:23bcweb → 我司专业（代）发（广）告， **`Boss91M1`**
2022-06-28 00:02:35USDTm → 我司专业（代）发（广）告， **`Boss91M1`**
2022-06-28 00:02:57HWDBQ → 我们精准代发广告 **`Boss91M1`**
2022-06-28 00:03:09TGhuaren1 → 我们公司专业代发广告，精准投放客户广告 **`Boss91M1`**
2022-06-28 00:03:43xvswens → 本公司专业代发广告 **`Boss91M1`**
2022-06-28 00:03:55iBox_official → 专业代《发》《广》告， **`Boss91M1`**
2022-06-28 00:04:12wy173 → 我司专业（代）发（广）告， **`Boss91M1`**
2022-06-28 00:04:24ltq33 → 专业代《发》《广》告， **`Boss91M1`**
2022-06-28 00:04:37daishoujiaoyi → 我们公司专业代发广告，精准投放客户广告 **`Boss91M1`**
2022-06-28 00:04:59huaao1 → 我司专业（代）发各行各业（广）告， **`Boss91M1`**
2022-06-28 00:05:21FHLMTEAM → 电报最大广告公司，专业代发广告 **`Boss91M1`**
2022-06-28 00:05:44dibaihrg009 → 我们精准代发广告 **`Boss91M1`**
2022-06-28 00:05:57mingmen520 → 本公司专业代发广告 **`Boss91M1`**
2022-06-28 00:06:20tz636 → 本公司专业代发广告 **`Boss91M1`**
2022-06-28 00:06:32bitcoindfds → 实力广告公司，专业代发广告 **`Boss91M1`**
2022-06-28 00:07:07az123818 → 我司专业（代）发（广）告， **`Boss91M1`**
2022-06-28 00:07:25yindutg → 我们公司专业代发广告，精准投放客户广告 **`Boss91M1`**
2022-06-28 00:08:12meizi005 → 我们精准代发广告 **`Boss91M1`**
2022-06-28 00:08:25ltq33 → 我们精准代发广告 **`Boss91M1`**
2022-06-28 00:08:37Flea66 → 我们精准代发广告 **`Boss91M1`**
2022-06-28 00:08:50dibaihrg009 → 我司专业（代）发各行各业（广）告， **`Boss91M1`**
2022-06-28 00:09:03XxUP1121 → 我们精准代发广告 **`Boss91M1`**
2022-06-28 00:09:16sanfang53 → 我司专业（代）发（广）告， **`Boss91M1`**
2022-06-28 00:09:28zscd18 → 实力广告公司，专业代发广告 **`Boss91M1`**
2022-06-28 00:09:41Flea66 → 我们公司专业代发广告，精准投放客户群体   **`Boss91M1`**
2022-06-28 00:10:03zhongwen6 → 电报最大广告公司，专业代发广告 **`Boss91M1`**
2022-06-28 00:10:24TG0188 → 实力广告公司，专业代发广告 **`Boss91M1`**
2022-06-28 00:10:37dyjiaoliu → 专业广告公司，专业代发广告 **`Boss91M1`**
2022-06-28 00:11:33bailaohui_cvv → 我司专业（代）发各行各业（广）告， **`Boss91M1`**
2022-06-28 00:11:45Fkzy_Group → 专业代《发》《广》告， **`Boss91M1`**
2022-06-28 00:11:58si1688 → 我们公司专业代发广告，精准投放客户广告 **`Boss91M1`**
2022-06-28 00:12:11juliang666 → 我们公司专业代发广告，精准投放客户群体   **`Boss91M1`**
2022-06-28 00:12:35yizhifu678 → 本公司专业代发广告 **`Boss91M1`**
2022-06-28 00:13:00DBhuaren1 → 专业广告公司，专业代发广告 **`Boss91M1`**
2022-06-28 00:13:12guangdongyue → 我司专业（代）发各行各业（广）告， **`Boss91M1`**
2022-06-28 00:13:26caoji565 → 电报最大广告公司，专业代发广告 **`Boss91M1`**
2022-06-28 00:13:40caoji565 → 专业广告公司，专业代发广告 **`Boss91M1`**
2022-06-28 00:14:16daishou15 → 实力广告公司，专业代发广告 **`Boss91M1`**
2022-06-28 00:14:29juliang666 → 我司专业（代）发聊天群（广）告， **`Boss91M1`**
2022-06-28 00:14:41daishoujiaoyi → 我们精准代发广告 **`Boss91M1`**
2022-06-28 00:14:55zscd1 → 我司专业（代）发各行各业（广）告， **`Boss91M1`**
2022-06-28 00:15:08az123818 → 我们精准代发广告 **`Boss91M1`**
2022-06-28 00:15:39yindutg → 我司专业（代）发各行各业（广）告， **`Boss91M1`**
2022-06-28 00:15:52xinbi_088 → 我们公司专业代发广告，精准投放客户群体   **`Boss91M1`**
2022-06-28 00:16:07si1688 → 专业代《发》《广》告， **`Boss91M1`**
2022-06-28 00:16:32TG0188 → 我司专业（代）发聊天群（广）告， **`Boss91M1`**
2022-06-28 00:16:50sunshineyyds → 电报最大广告公司，专业代发广告 **`Boss91M1`**
2022-06-28 00:17:02sanfang53 → 电报最大广告公司，专业代发广告 **`Boss91M1`**
2022-06-28 00:17:25huanqian35 → 实力广告公司，专业代发广告 **`Boss91M1`**
2022-06-28 00:17:37BAOAA → 我司专业（代）发（广）告， **`Boss91M1`**
2022-06-28 00:18:00bitcoindfds → 我们公司专业代发广告，精准投放客户群体   **`Boss91M1`**
2022-06-28 00:18:32xvswens → 专业代《发》《广》告， **`Boss91M1`**
2022-06-28 00:18:44xianliao01 → 电报最大广告公司，专业代发广告 **`Boss91M1`**
2022-06-28 00:19:16laoyingchuhai8 → 我们公司专业代发广告，精准投放客户群体   **`Boss91M1`**
2022-06-28 00:19:40NodeGlobal → 我们精准代发广告 **`Boss91M1`**
2022-06-28 00:20:01XxUP1121 → 专业代《发》《广》告， **`Boss91M1`**
2022-06-28 00:20:58deep3695 → 我们精准代发广告 **`Boss91M1`**
2022-06-28 00:21:11Usdtbmw → 专业广告公司，专业代发广告 **`Boss91M1`**
2022-06-28 00:21:43jiu_777 → 本公司专业代发广告 **`Boss91M1`**
2022-06-28 00:22:06USDT43 → 我司专业（代）发（广）告， **`Boss91M1`**
2022-06-28 00:22:37wz513064 → 我们精准代发广告 **`Boss91M1`**
2022-06-28 00:22:51jiu_777 → 本公司专业代发广告 **`Boss91M1`**
2022-06-28 00:23:03yindutg → 本公司专业代发广告 **`Boss91M1`**
2022-06-28 00:23:26XxUP1121 → 我司专业（代）发（广）告， **`Boss91M1`**
2022-06-28 00:23:42tianshiqun02 → 专业代《发》《广》告， **`Boss91M1`**
2022-06-28 00:24:06baocai217 → 电报最大广告公司，专业代发广告 **`Boss91M1`**
2022-06-28 00:24:30zscd18 → 实力广告公司，专业代发广告 **`Boss91M1`**
2022-06-28 00:24:47NodeGlobal → 专业广告公司，专业代发广告 **`Boss91M1`**
2022-06-28 00:25:10FHLMTEAM → 电报最大广告公司，专业代发广告 **`Boss91M1`**
2022-06-28 00:25:25-1001605548186 → 本公司专业代发广告 **`Boss91M1`**
2022-06-28 00:25:39TGlianmeng002 → 我们公司专业代发广告，精准投放客户广告 **`Boss91M1`**
2022-06-28 00:25:52tsdb01 → 我司专业（代）发（广）告， **`Boss91M1`**
2022-06-28 00:26:05az123818 → 专业广告公司，专业代发广告 **`Boss91M1`**
2022-06-28 00:26:17Fkzy_Group → 电报最大广告公司，专业代发广告 **`Boss91M1`**
2022-06-28 00:26:42xbdb01 → 专业代《发》《广》告， **`Boss91M1`**
2022-06-28 00:27:06daifu76 → 我司专业（代）发聊天群（广）告， **`Boss91M1`**
2022-06-28 00:27:21TG96110 → 本公司专业代发广告 **`Boss91M1`**
2022-06-28 00:27:48allswapCN → 电报最大广告公司，专业代发广告 **`Boss91M1`**
2022-06-28 00:28:02fbwsline2021 → 我司专业（代）发（广）告， **`Boss91M1`**
2022-06-28 00:28:45yuehui8 → 我们公司专业代发广告，精准投放客户群体   **`Boss91M1`**
2022-06-28 00:29:32DBhuaren1 → 我司专业（代）发各行各业（广）告， **`Boss91M1`**
2022-06-28 00:30:06cccccccxyyy → 我们精准代发广告 **`Boss91M1`**
2022-06-28 00:30:19TG12389 → 实力广告公司，专业代发广告 **`Boss91M1`**
2022-06-28 00:31:31HWDBQ → 我们公司专业代发广告，精准投放客户群体   **`Boss91M1`**
2022-06-28 00:31:43TG771 → 我司专业（代）发（广）告， **`Boss91M1`**
2022-06-28 00:31:58xjltq → 专业代《发》《广》告， **`Boss91M1`**
2022-06-28 00:32:13dibaihrg009 → 我司专业（代）发（广）告， **`Boss91M1`**
2022-06-28 00:32:27USDT43 → 我们精准代发广告 **`Boss91M1`**
2022-06-28 00:32:41iBox_official → 我司专业（代）发（广）告， **`Boss91M1`**
2022-06-28 00:32:56BAOAA → 专业广告公司，专业代发广告 **`Boss91M1`**
2022-06-28 00:33:09allswapCN → 我们精准代发广告 **`Boss91M1`**
2022-06-28 00:33:22dyjiaoliu → 我们公司专业代发广告，精准投放客户群体   **`Boss91M1`**
2022-06-28 00:33:35-1001647245860 → 我司专业（代）发各行各业（广）告， **`Boss91M1`**
2022-06-28 00:34:08yindutg → 我们精准代发广告 **`Boss91M1`**
2022-06-28 00:34:33daishou15 → 专业代《发》《广》告， **`Boss91M1`**
2022-06-28 00:34:45zhifuo → 我们精准代发广告 **`Boss91M1`**
2022-06-28 00:35:19-1001587424465 → 我们公司专业代发广告，精准投放客户广告 **`Boss91M1`**
2022-06-28 00:35:34yizhifu678 → 我们精准代发广告 **`Boss91M1`**
2022-06-28 00:36:33TG_88888 → 电报最大广告公司，专业代发广告 **`Boss91M1`**
2022-06-28 00:36:46xjltq → 实力广告公司，专业代发广告 **`Boss91M1`**
2022-06-28 00:37:09KMFW56789 → 我们公司专业代发广告，精准投放客户广告 **`Boss91M1`**
2022-06-28 00:37:34mingmen520 → 我司专业（代）发（广）告， **`Boss91M1`**
2022-06-28 00:38:18yinhangkausdt → 我们精准代发广告 **`Boss91M1`**
2022-06-28 00:38:40dyjiaoliu → 我司专业（代）发聊天群（广）告， **`Boss91M1`**
2022-06-28 00:38:52sichouzhilu0 → 我司专业（代）发（广）告， **`Boss91M1`**
2022-06-28 00:39:14FHLMTEAM → 电报最大广告公司，专业代发广告 **`Boss91M1`**
2022-06-28 00:39:26qwerdt1 → 电报最大广告公司，专业代发广告 **`Boss91M1`**
2022-06-28 00:39:39tz636 → 我们公司专业代发广告，精准投放客户广告 **`Boss91M1`**
2022-06-28 00:40:03TGYHZQ → 专业代《发》《广》告， **`Boss91M1`**
2022-06-28 00:40:54tongdao25 → 我司专业（代）发聊天群（广）告， **`Boss91M1`**
2022-06-28 00:41:08bacommu → 我司专业（代）发各行各业（广）告， **`Boss91M1`**
2022-06-28 00:41:27danbao96 → 本公司专业代发广告 **`Boss91M1`**
2022-06-28 00:41:39iBox_official → 专业广告公司，专业代发广告 **`Boss91M1`**
2022-06-28 00:41:52zhongwen6 → 专业代《发》《广》告， **`Boss91M1`**
2022-06-28 00:42:05TG_King80 → 我司专业（代）发各行各业（广）告， **`Boss91M1`**
2022-06-28 00:42:27sunshineyyds → 专业代《发》《广》告， **`Boss91M1`**
2022-06-28 00:42:50Flea66 → 电报最大广告公司，专业代发广告 **`Boss91M1`**
2022-06-28 00:43:03yizhifu678 → 电报最大广告公司，专业代发广告 **`Boss91M1`**
2022-06-28 00:43:16TGYHZQ → 我们公司专业代发广告，精准投放客户群体   **`Boss91M1`**
2022-06-28 00:43:49wz513064 → 专业广告公司，专业代发广告 **`Boss91M1`**
2022-06-28 00:44:04feihelp → 专业广告公司，专业代发广告 **`Boss91M1`**
2022-06-28 00:44:34yindutg → 实力广告公司，专业代发广告 **`Boss91M1`**
2022-06-28 00:45:54wangzhuanusdt → 我司专业（代）发各行各业（广）告， **`Boss91M1`**
2022-06-28 00:46:08yizhifu678 → 专业广告公司，专业代发广告 **`Boss91M1`**
2022-06-28 00:46:21xjltq → 我司专业（代）发聊天群（广）告， **`Boss91M1`**
2022-06-28 00:46:34cccccccxyyy → 电报最大广告公司，专业代发广告 **`Boss91M1`**
2022-06-28 00:46:57TG_King90 → 专业代《发》《广》告， **`Boss91M1`**
2022-06-28 00:47:45shuju888666 → 我们精准代发广告 **`Boss91M1`**
2022-06-28 00:48:20bcweb → 我们公司专业代发广告，精准投放客户广告 **`Boss91M1`**
2022-06-28 00:48:33sanfang53 → 我们公司专业代发广告，精准投放客户广告 **`Boss91M1`**
2022-06-28 00:48:47-1001636377524 → 我们精准代发广告 **`Boss91M1`**
2022-06-28 00:49:00bclm1 → 我们精准代发广告 **`Boss91M1`**
2022-06-28 00:49:37jfoisjfiodvfd → 我们精准代发广告 **`Boss91M1`**
2022-06-28 00:49:50bclm1 → 我们精准代发广告 **`Boss91M1`**
2022-06-28 00:50:04meizi005 → 本公司专业代发广告 **`Boss91M1`**
2022-06-28 00:50:17doge88 → 我们公司专业代发广告，精准投放客户群体   **`Boss91M1`**
2022-06-28 00:50:31BAOAA → 我们公司专业代发广告，精准投放客户群体   **`Boss91M1`**
2022-06-28 00:50:44yizhifu678 → 本公司专业代发广告 **`Boss91M1`**
2022-06-28 00:50:56NodeGlobal → 电报最大广告公司，专业代发广告 **`Boss91M1`**
2022-06-28 00:51:09aquecimento03_telegroup → 实力广告公司，专业代发广告 **`Boss91M1`**
2022-06-28 00:51:33BAOAA → 本公司专业代发广告 **`Boss91M1`**
2022-06-28 00:51:46TG0188 → 专业广告公司，专业代发广告 **`Boss91M1`**
2022-06-28 00:51:59danbao96 → 实力广告公司，专业代发广告 **`Boss91M1`**
2022-06-28 00:52:12bacommu → 我司专业（代）发各行各业（广）告， **`Boss91M1`**
2022-06-28 00:52:50TG006 → 专业广告公司，专业代发广告 **`Boss91M1`**
2022-06-28 00:53:06Fkzy_Group → 实力广告公司，专业代发广告 **`Boss91M1`**
2022-06-28 00:53:29Shore999888 → 我司专业（代）发聊天群（广）告， **`Boss91M1`**
2022-06-28 00:53:42laowangdan → 实力广告公司，专业代发广告 **`Boss91M1`**
2022-06-28 00:53:57tongdao25 → 专业代《发》《广》告， **`Boss91M1`**
2022-06-28 00:54:52FHaak8 → 专业广告公司，专业代发广告 **`Boss91M1`**
2022-06-28 00:55:14sunshineyyds → 专业广告公司，专业代发广告 **`Boss91M1`**
2022-06-28 00:55:26fbwsline2021 → 我们精准代发广告 **`Boss91M1`**
2022-06-28 00:55:49zhongwen6 → 我司专业（代）发（广）告， **`Boss91M1`**
2022-06-28 00:56:32caoji565 → 我们公司专业代发广告，精准投放客户广告 **`Boss91M1`**
2022-06-28 00:56:56Shell66666 → 我们公司专业代发广告，精准投放客户广告 **`Boss91M1`**
2022-06-28 00:57:10cccccccxyyy → 专业广告公司，专业代发广告 **`Boss91M1`**
2022-06-28 00:57:23KMFW56789 → 实力广告公司，专业代发广告 **`Boss91M1`**
2022-06-28 00:57:37USDT43 → 电报最大广告公司，专业代发广告 **`Boss91M1`**
2022-06-28 00:57:49x00008 → 我们精准代发广告 **`Boss91M1`**
2022-06-28 00:58:22huaao1 → 我司专业（代）发聊天群（广）告， **`Boss91M1`**
2022-06-28 00:58:36dibaihrg009 → 专业广告公司，专业代发广告 **`Boss91M1`**
2022-06-28 00:58:57wz513064 → 我们精准代发广告 **`Boss91M1`**
2022-06-28 00:59:21zscd1 → 我司专业（代）发（广）告， **`Boss91M1`**
2022-06-28 00:59:57-1001764695859 → 我司专业（代）发聊天群（广）告， **`Boss91M1`**
2022-06-28 01:00:09yindutg → 我司专业（代）发各行各业（广）告， **`Boss91M1`**
2022-06-28 01:00:22zzlsjbyq → 我们公司专业代发广告，精准投放客户群体   **`Boss91M1`**
2022-06-28 01:00:34bitcoindfds → 我司专业（代）发（广）告， **`Boss91M1`**
2022-06-28 01:00:47laowangdan → 我司专业（代）发聊天群（广）告， **`Boss91M1`**
2022-06-28 01:01:00xbdb01 → 我们公司专业代发广告，精准投放客户广告 **`Boss91M1`**
2022-06-28 01:01:23bitcoindfds → 我司专业（代）发聊天群（广）告， **`Boss91M1`**
2022-06-28 01:01:37zscd1 → 我司专业（代）发各行各业（广）告， **`Boss91M1`**
2022-06-28 01:02:25TGlianmeng002 → 我们公司专业代发广告，精准投放客户广告 **`Boss91M1`**
2022-06-28 01:02:59YTZX2 → 实力广告公司，专业代发广告 **`Boss91M1`**
2022-06-28 01:03:33WKLhuaren → 专业代《发》《广》告， **`Boss91M1`**
2022-06-28 01:03:46axujj → 本公司专业代发广告 **`Boss91M1`**
2022-06-28 01:04:10xjltq → 我司专业（代）发各行各业（广）告， **`Boss91M1`**
2022-06-28 01:04:36-1001575443813 → 电报最大广告公司，专业代发广告 **`Boss91M1`**
2022-06-28 01:04:58x00008 → 我司专业（代）发聊天群（广）告， **`Boss91M1`**
2022-06-28 01:05:56NodeGlobal → 专业代《发》《广》告， **`Boss91M1`**
2022-06-28 01:06:28fbwsline2021 → 专业广告公司，专业代发广告 **`Boss91M1`**
2022-06-28 01:06:42daishou15 → 实力广告公司，专业代发广告 **`Boss91M1`**
2022-06-28 01:07:04yindutg → 我司专业（代）发（广）告， **`Boss91M1`**
2022-06-28 01:07:20HLS0002 → 专业代《发》《广》告， **`Boss91M1`**
2022-06-28 01:07:42si1688 → 我们公司专业代发广告，精准投放客户群体   **`Boss91M1`**
2022-06-28 01:08:14NodeGlobal → 我司专业（代）发聊天群（广）告， **`Boss91M1`**
2022-06-28 01:08:35daishoujiaoyi → 我司专业（代）发各行各业（广）告， **`Boss91M1`**
2022-06-28 01:08:50bailaohui_cvv → 我司专业（代）发各行各业（广）告， **`Boss91M1`**
2022-06-28 01:09:03fw992 → 我司专业（代）发聊天群（广）告， **`Boss91M1`**
2022-06-28 01:09:16shuju888666 → 电报最大广告公司，专业代发广告 **`Boss91M1`**
2022-06-28 01:09:30bclm1 → 我司专业（代）发各行各业（广）告， **`Boss91M1`**
2022-06-28 01:09:42az123818 → 实力广告公司，专业代发广告 **`Boss91M1`**
2022-06-28 01:09:56qwerdt1 → 专业代《发》《广》告， **`Boss91M1`**
2022-06-28 01:10:08huihui220 → 我司专业（代）发聊天群（广）告， **`Boss91M1`**
2022-06-28 01:10:31xvswens → 我司专业（代）发各行各业（广）告， **`Boss91M1`**
2022-06-28 01:10:43xinbi_088 → 我们公司专业代发广告，精准投放客户广告 **`Boss91M1`**
2022-06-28 01:10:56njwwjpxc → 我司专业（代）发聊天群（广）告， **`Boss91M1`**
2022-06-28 01:11:09bcweb → 实力广告公司，专业代发广告 **`Boss91M1`**
2022-06-28 01:11:47mingmen520 → 本公司专业代发广告 **`Boss91M1`**
2022-06-28 01:12:09juliang666 → 我司专业（代）发各行各业（广）告， **`Boss91M1`**
2022-06-28 01:12:31india_moneypay → 我司专业（代）发（广）告， **`Boss91M1`**
2022-06-28 01:12:55yugzf → 专业广告公司，专业代发广告 **`Boss91M1`**
2022-06-28 01:13:18caoji565 → 实力广告公司，专业代发广告 **`Boss91M1`**
2022-06-28 01:13:38jfoisjfiodvfd → 我们公司专业代发广告，精准投放客户广告 **`Boss91M1`**
2022-06-28 01:13:52TG_88888 → 我司专业（代）发各行各业（广）告， **`Boss91M1`**
2022-06-28 01:14:04nwdr888 → 专业广告公司，专业代发广告 **`Boss91M1`**
2022-06-28 01:14:18mingmen520 → 我们公司专业代发广告，精准投放客户群体   **`Boss91M1`**
2022-06-28 01:14:30zhongwen6 → 本公司专业代发广告 **`Boss91M1`**
2022-06-28 01:14:49qxinw → 我们公司专业代发广告，精准投放客户广告 **`Boss91M1`**
2022-06-28 01:15:26TG0188 → 本公司专业代发广告 **`Boss91M1`**
2022-06-28 01:15:50TG088 → 电报最大广告公司，专业代发广告 **`Boss91M1`**
2022-06-28 01:16:21zhifuo → 实力广告公司，专业代发广告 **`Boss91M1`**
2022-06-28 01:16:47-1001504865524 → 我们公司专业代发广告，精准投放客户广告 **`Boss91M1`**
2022-06-28 01:17:09TG110 → 我们公司专业代发广告，精准投放客户群体   **`Boss91M1`**
2022-06-28 01:17:30wz513064 → 我们公司专业代发广告，精准投放客户广告 **`Boss91M1`**
2022-06-28 01:17:43xbdb01 → 我司专业（代）发聊天群（广）告， **`Boss91M1`**
2022-06-28 01:17:55Usdtbmw → 我们公司专业代发广告，精准投放客户广告 **`Boss91M1`**
2022-06-28 01:18:09TRJ_shore001 → 专业代《发》《广》告， **`Boss91M1`**
2022-06-28 01:18:22A_K_3A → 我们精准代发广告 **`Boss91M1`**
2022-06-28 01:19:36huanqian35 → 我司专业（代）发各行各业（广）告， **`Boss91M1`**
2022-06-28 01:20:09usdthuihuan → 专业代《发》《广》告， **`Boss91M1`**
2022-06-28 01:20:32-1001764695859 → 我们精准代发广告 **`Boss91M1`**
2022-06-28 01:21:09tsdb01 → 我司专业（代）发各行各业（广）告， **`Boss91M1`**
2022-06-28 01:21:34si1688 → 我司专业（代）发聊天群（广）告， **`Boss91M1`**
2022-06-28 01:21:46yuehui8 → 我司专业（代）发各行各业（广）告， **`Boss91M1`**
2022-06-28 01:22:16-1001642607383 → 我司专业（代）发各行各业（广）告， **`Boss91M1`**
2022-06-28 01:22:28XxUP1121 → 我们公司专业代发广告，精准投放客户广告 **`Boss91M1`**
2022-06-28 01:22:41zscd18 → 我们公司专业代发广告，精准投放客户广告 **`Boss91M1`**
2022-06-28 01:22:53si1688 → 我们公司专业代发广告，精准投放客户群体   **`Boss91M1`**
2022-06-28 01:23:26bailaohui_cvv → 我们公司专业代发广告，精准投放客户广告 **`Boss91M1`**
2022-06-28 01:23:48baocai217 → 实力广告公司，专业代发广告 **`Boss91M1`**
2022-06-28 01:24:14chaguaner → 专业广告公司，专业代发广告 **`Boss91M1`**
2022-06-28 01:24:26qipaipan54 → 专业代《发》《广》告， **`Boss91M1`**
2022-06-28 01:24:48USDThuzhu3 → 专业广告公司，专业代发广告 **`Boss91M1`**
2022-06-28 01:25:18HuobiGlobal_zw → 我们公司专业代发广告，精准投放客户广告 **`Boss91M1`**
2022-06-28 01:25:31deep3695 → 我们精准代发广告 **`Boss91M1`**
2022-06-28 01:26:21laowangdan → 电报最大广告公司，专业代发广告 **`Boss91M1`**
2022-06-28 01:26:42allswapCN → 专业代《发》《广》告， **`Boss91M1`**
2022-06-28 01:26:55laowangdan → 电报最大广告公司，专业代发广告 **`Boss91M1`**
2022-06-28 01:27:07caoji565 → 专业代《发》《广》告， **`Boss91M1`**
2022-06-28 01:27:29NodeGlobal → 电报最大广告公司，专业代发广告 **`Boss91M1`**
2022-06-28 01:27:43QQLSJ → 我司专业（代）发聊天群（广）告， **`Boss91M1`**
2022-06-28 01:28:07programertalk → 我们精准代发广告 **`Boss91M1`**
2022-06-28 01:28:21axujj → 我们精准代发广告 **`Boss91M1`**
2022-06-28 01:28:33-1001612717887 → 我们公司专业代发广告，精准投放客户广告 **`Boss91M1`**
2022-06-28 01:28:48Flea66 → 实力广告公司，专业代发广告 **`Boss91M1`**
2022-06-28 01:29:24yindutg → 实力广告公司，专业代发广告 **`Boss91M1`**
2022-06-28 01:29:36daishou44 → 本公司专业代发广告 **`Boss91M1`**
2022-06-28 01:29:57-1001757426322 → 电报最大广告公司，专业代发广告 **`Boss91M1`**
2022-06-28 01:30:11yuehui8 → 我们公司专业代发广告，精准投放客户群体   **`Boss91M1`**
2022-06-28 01:30:35dyjiaoliu → 我司专业（代）发各行各业（广）告， **`Boss91M1`**
2022-06-28 01:30:49TGdanbao000 → 我们公司专业代发广告，精准投放客户群体   **`Boss91M1`**
2022-06-28 01:31:28iBox_official → 实力广告公司，专业代发广告 **`Boss91M1`**
2022-06-28 01:31:43laowangdan → 我司专业（代）发各行各业（广）告， **`Boss91M1`**
2022-06-28 01:31:58TG1949521 → 我们精准代发广告 **`Boss91M1`**
2022-06-28 01:32:55GIBXChange_cn → 本公司专业代发广告 **`Boss91M1`**
2022-06-28 01:33:07bailaohui_cvv → 专业代《发》《广》告， **`Boss91M1`**
2022-06-28 01:33:50guangdongyue → 我司专业（代）发聊天群（广）告， **`Boss91M1`**
2022-06-28 01:34:13mingmen520 → 我们精准代发广告 **`Boss91M1`**
2022-06-28 01:34:26DMZF8 → 我们公司专业代发广告，精准投放客户广告 **`Boss91M1`**
2022-06-28 01:34:39jfoisjfiodvfd → 我们公司专业代发广告，精准投放客户广告 **`Boss91M1`**
2022-06-28 01:35:05bailaohui_cvv → 我们公司专业代发广告，精准投放客户广告 **`Boss91M1`**
2022-06-28 01:35:18xinbi_088 → 我们公司专业代发广告，精准投放客户群体   **`Boss91M1`**
2022-06-28 01:35:40html66 → 实力广告公司，专业代发广告 **`Boss91M1`**
2022-06-28 01:35:53KMFW56789 → 我司专业（代）发聊天群（广）告， **`Boss91M1`**
2022-06-28 01:36:05jiu_777 → 专业代《发》《广》告， **`Boss91M1`**
2022-06-28 01:36:27allswapCN → 我司专业（代）发聊天群（广）告， **`Boss91M1`**
2022-06-28 01:36:42bclm1 → 我们公司专业代发广告，精准投放客户广告 **`Boss91M1`**
2022-06-28 01:36:56india_moneypay → 专业代《发》《广》告， **`Boss91M1`**
2022-06-28 01:37:34tz636 → 我们精准代发广告 **`Boss91M1`**
2022-06-28 01:37:48USDThuzhu3 → 本公司专业代发广告 **`Boss91M1`**
2022-06-28 01:38:42MLA9999 → 我司专业（代）发各行各业（广）告， **`Boss91M1`**
2022-06-28 01:39:07-1001509817967 → 我司专业（代）发聊天群（广）告， **`Boss91M1`**
2022-06-28 01:39:31USDTm → 电报最大广告公司，专业代发广告 **`Boss91M1`**
2022-06-28 01:39:44qwerdt1 → 电报最大广告公司，专业代发广告 **`Boss91M1`**
2022-06-28 01:39:57baocai217 → 我们精准代发广告 **`Boss91M1`**
2022-06-28 01:40:22caoji565 → 我司专业（代）发（广）告， **`Boss91M1`**
2022-06-28 01:40:53x00008 → 我们公司专业代发广告，精准投放客户广告 **`Boss91M1`**
2022-06-28 01:41:48caoji565 → 我们公司专业代发广告，精准投放客户广告 **`Boss91M1`**
2022-06-28 01:42:00wangzhuanusdt → 我们精准代发广告 **`Boss91M1`**
2022-06-28 01:42:12KMFW56789 → 实力广告公司，专业代发广告 **`Boss91M1`**
2022-06-28 01:42:37tongdao25 → 实力广告公司，专业代发广告 **`Boss91M1`**
2022-06-28 01:42:50daishou44 → 我司专业（代）发各行各业（广）告， **`Boss91M1`**
2022-06-28 01:43:11india_moneypay → 专业代《发》《广》告， **`Boss91M1`**
2022-06-28 01:43:36TG108 → 我们公司专业代发广告，精准投放客户广告 **`Boss91M1`**
2022-06-28 01:43:59huione888 → 本公司专业代发广告 **`Boss91M1`**
2022-06-28 01:44:11tz636 → 电报最大广告公司，专业代发广告 **`Boss91M1`**
2022-06-28 01:44:33caoji565 → 我司专业（代）发聊天群（广）告， **`Boss91M1`**
2022-06-28 01:44:46daishoujiaoyi → 专业代《发》《广》告， **`Boss91M1`**
2022-06-28 01:45:07BAOAA → 专业广告公司，专业代发广告 **`Boss91M1`**
2022-06-28 01:46:40a1313652 → 我司专业（代）发各行各业（广）告， **`Boss91M1`**
2022-06-28 01:47:04Usdtbmw → 电报最大广告公司，专业代发广告 **`Boss91M1`**
2022-06-28 01:48:14TGYHZQ → 我司专业（代）发（广）告， **`Boss91M1`**
2022-06-28 01:48:27TG0188 → 我司专业（代）发（广）告， **`Boss91M1`**
2022-06-28 01:48:54FHLMTEAM → 我们精准代发广告 **`Boss91M1`**
2022-06-28 01:49:31cn_talk → 本公司专业代发广告 **`Boss91M1`**
2022-06-28 01:49:52jiu_777 → 我们公司专业代发广告，精准投放客户群体   **`Boss91M1`**
2022-06-28 01:50:04huanqian35 → 我司专业（代）发聊天群（广）告， **`Boss91M1`**
2022-06-28 01:50:17daishou44 → 我司专业（代）发聊天群（广）告， **`Boss91M1`**
2022-06-28 01:50:52xvswens → 我司专业（代）发各行各业（广）告， **`Boss91M1`**
2022-06-28 01:51:15jiu_777 → 我司专业（代）发聊天群（广）告， **`Boss91M1`**
2022-06-28 01:51:27MDhuaren1 → 我司专业（代）发（广）告， **`Boss91M1`**
2022-06-28 01:51:40zhifuo → 我司专业（代）发（广）告， **`Boss91M1`**
2022-06-28 01:52:05aquecimento04_telegroup → 本公司专业代发广告 **`Boss91M1`**
2022-06-28 01:52:28yizhifu678 → 我司专业（代）发聊天群（广）告， **`Boss91M1`**
2022-06-28 01:52:41yugzf → 专业广告公司，专业代发广告 **`Boss91M1`**
2022-06-28 01:53:18Flea66 → 实力广告公司，专业代发广告 **`Boss91M1`**
2022-06-28 01:53:31TG088 → 我们精准代发广告 **`Boss91M1`**
2022-06-28 01:54:06XxUP1121 → 专业代《发》《广》告， **`Boss91M1`**
2022-06-28 01:54:19caoji565 → 电报最大广告公司，专业代发广告 **`Boss91M1`**
2022-06-28 01:54:31wy173 → 我司专业（代）发（广）告， **`Boss91M1`**
2022-06-28 01:54:45xiongx88 → 我司专业（代）发各行各业（广）告， **`Boss91M1`**
2022-06-28 01:54:58zzlsjbyq → 我司专业（代）发各行各业（广）告， **`Boss91M1`**
2022-06-28 01:55:29qipaipan54 → 我们公司专业代发广告，精准投放客户广告 **`Boss91M1`**
2022-06-28 01:55:42yuehui8 → 我们公司专业代发广告，精准投放客户广告 **`Boss91M1`**
2022-06-28 01:55:55juliang666 → 电报最大广告公司，专业代发广告 **`Boss91M1`**
2022-06-28 01:56:08BAOAA → 专业广告公司，专业代发广告 **`Boss91M1`**
2022-06-28 01:56:20TG_King90 → 专业广告公司，专业代发广告 **`Boss91M1`**
2022-06-28 01:56:33yizhifu678 → 我司专业（代）发聊天群（广）告， **`Boss91M1`**
2022-06-28 01:56:47caoji565 → 我司专业（代）发聊天群（广）告， **`Boss91M1`**
2022-06-28 01:57:00wy173 → 电报最大广告公司，专业代发广告 **`Boss91M1`**
2022-06-28 01:57:14laoyingchuhai8 → 本公司专业代发广告 **`Boss91M1`**
2022-06-28 01:57:38yindutg → 我们公司专业代发广告，精准投放客户群体   **`Boss91M1`**
2022-06-28 01:57:50ccv348 → 专业代《发》《广》告， **`Boss91M1`**
2022-06-28 01:58:25-1001746214809 → 实力广告公司，专业代发广告 **`Boss91M1`**
2022-06-28 01:58:48allswapCN → 我们公司专业代发广告，精准投放客户广告 **`Boss91M1`**
2022-06-28 01:59:01a1313652 → 实力广告公司，专业代发广告 **`Boss91M1`**
2022-06-28 01:59:22zhong_wen6 → 实力广告公司，专业代发广告 **`Boss91M1`**
2022-06-28 02:00:06TG_King80 → 电报最大广告公司，专业代发广告 **`Boss91M1`**
2022-06-28 02:00:19BAOAA → 电报最大广告公司，专业代发广告 **`Boss91M1`**
2022-06-28 02:00:32dibaifa → 专业广告公司，专业代发广告 **`Boss91M1`**
2022-06-28 02:00:45HWDBQ → 我司专业（代）发（广）告， **`Boss91M1`**
2022-06-28 02:01:19TGdibai168 → 电报最大广告公司，专业代发广告 **`Boss91M1`**
2022-06-28 02:02:49TGYHZQ → 专业广告公司，专业代发广告 **`Boss91M1`**
2022-06-28 02:03:03xbdb01 → 我司专业（代）发各行各业（广）告， **`Boss91M1`**
2022-06-28 02:03:40bitcoindfds → 我司专业（代）发各行各业（广）告， **`Boss91M1`**
2022-06-28 02:03:53xbdb01 → 电报最大广告公司，专业代发广告 **`Boss91M1`**
2022-06-28 02:04:06qwerdt1 → 我司专业（代）发各行各业（广）告， **`Boss91M1`**
2022-06-28 02:04:20iBox_official → 专业代《发》《广》告， **`Boss91M1`**
2022-06-28 02:04:33TGYHZQ → 电报最大广告公司，专业代发广告 **`Boss91M1`**
2022-06-28 02:05:07xingbi0088 → 实力广告公司，专业代发广告 **`Boss91M1`**
2022-06-28 02:05:31tsdb01 → 我们公司专业代发广告，精准投放客户群体   **`Boss91M1`**
2022-06-28 02:06:33mingmen520 → 我们公司专业代发广告，精准投放客户群体   **`Boss91M1`**
2022-06-28 02:06:45fbwsline2021 → 我们公司专业代发广告，精准投放客户群体   **`Boss91M1`**
2022-06-28 02:06:58az123818 → 我们精准代发广告 **`Boss91M1`**
2022-06-28 02:07:12yinhangkausdt → 电报最大广告公司，专业代发广告 **`Boss91M1`**
2022-06-28 02:07:24qipaipan54 → 专业代《发》《广》告， **`Boss91M1`**
2022-06-28 02:07:37tongdao25 → 我司专业（代）发聊天群（广）告， **`Boss91M1`**
2022-06-28 02:08:01sunshineyyds → 我们精准代发广告 **`Boss91M1`**
2022-06-28 02:08:35baocai217 → 实力广告公司，专业代发广告 **`Boss91M1`**
2022-06-28 02:08:48-1001759975012 → 我们精准代发广告 **`Boss91M1`**
2022-06-28 02:09:03HWDBQ → 我司专业（代）发各行各业（广）告， **`Boss91M1`**
2022-06-28 02:09:15TGlianmeng002 → 电报最大广告公司，专业代发广告 **`Boss91M1`**
2022-06-28 02:09:31PingAn66Shop → 我们公司专业代发广告，精准投放客户广告 **`Boss91M1`**
2022-06-28 02:09:43guangdongyue → 实力广告公司，专业代发广告 **`Boss91M1`**
2022-06-28 02:10:06KMFW56789 → 专业广告公司，专业代发广告 **`Boss91M1`**
2022-06-28 02:10:37usdtdfds → 本公司专业代发广告 **`Boss91M1`**
2022-06-28 02:10:50xjltq → 我们公司专业代发广告，精准投放客户群体   **`Boss91M1`**
2022-06-28 02:11:10daishou15 → 实力广告公司，专业代发广告 **`Boss91M1`**
2022-06-28 02:11:24daishou15 → 我司专业（代）发聊天群（广）告， **`Boss91M1`**
2022-06-28 02:11:56mingmen520 → 专业代《发》《广》告， **`Boss91M1`**
2022-06-28 02:12:09HuobiGlobal_zw → 本公司专业代发广告 **`Boss91M1`**
2022-06-28 02:12:22a1313652 → 专业广告公司，专业代发广告 **`Boss91M1`**
2022-06-28 02:12:48deep3695 → 我们公司专业代发广告，精准投放客户群体   **`Boss91M1`**
2022-06-28 02:13:00tz636 → 我司专业（代）发各行各业（广）告， **`Boss91M1`**
2022-06-28 02:13:52yuehui8 → 本公司专业代发广告 **`Boss91M1`**
2022-06-28 02:14:25TG9529 → 电报最大广告公司，专业代发广告 **`Boss91M1`**
2022-06-28 02:14:38TG0799 → 我司专业（代）发各行各业（广）告， **`Boss91M1`**
2022-06-28 02:14:52-1001635867819 → 实力广告公司，专业代发广告 **`Boss91M1`**
2022-06-28 02:15:14xjltq → 实力广告公司，专业代发广告 **`Boss91M1`**
2022-06-28 02:15:36kkkttt369 → 实力广告公司，专业代发广告 **`Boss91M1`**
2022-06-28 02:16:08FHLMTEAM → 我司专业（代）发（广）告， **`Boss91M1`**
2022-06-28 02:16:21Fkzy_Group → 专业代《发》《广》告， **`Boss91M1`**
2022-06-28 02:17:06jfoisjfiodvfd → 我们公司专业代发广告，精准投放客户群体   **`Boss91M1`**
2022-06-28 02:17:28tsdb01 → 专业代《发》《广》告， **`Boss91M1`**
2022-06-28 02:17:40bcweb → 专业代《发》《广》告， **`Boss91M1`**
2022-06-28 02:17:53TG006 → 本公司专业代发广告 **`Boss91M1`**
2022-06-28 02:18:28wagergangfamilyc → 我们公司专业代发广告，精准投放客户群体   **`Boss91M1`**
2022-06-28 02:18:57yinhangkausdt → 我司专业（代）发聊天群（广）告， **`Boss91M1`**
2022-06-28 02:19:18WKLhuaren → 专业代《发》《广》告， **`Boss91M1`**
2022-06-28 02:19:30xvswens → 实力广告公司，专业代发广告 **`Boss91M1`**
2022-06-28 02:19:43xjltq → 专业广告公司，专业代发广告 **`Boss91M1`**
2022-06-28 02:20:59mingmen520 → 我司专业（代）发各行各业（广）告， **`Boss91M1`**
2022-06-28 02:21:13qxinw → 本公司专业代发广告 **`Boss91M1`**
2022-06-28 02:21:26YTZX2 → 电报最大广告公司，专业代发广告 **`Boss91M1`**
2022-06-28 02:21:58yizhifu678 → 我们公司专业代发广告，精准投放客户广告 **`Boss91M1`**
2022-06-28 02:22:11TGYHZQ → 专业代《发》《广》告， **`Boss91M1`**
2022-06-28 02:23:08CDshouchang4 → 我们公司专业代发广告，精准投放客户群体   **`Boss91M1`**
2022-06-28 02:23:22zzlsjbyq → 电报最大广告公司，专业代发广告 **`Boss91M1`**
2022-06-28 02:23:35cccccccxyyy → 我司专业（代）发聊天群（广）告， **`Boss91M1`**
2022-06-28 02:23:47tongdao25 → 专业代《发》《广》告， **`Boss91M1`**
2022-06-28 02:23:59huanqian35 → 我司专业（代）发（广）告， **`Boss91M1`**
2022-06-28 02:24:22xinbi_088 → 专业广告公司，专业代发广告 **`Boss91M1`**
2022-06-28 02:24:35TGYHZQ → 我司专业（代）发各行各业（广）告， **`Boss91M1`**
2022-06-28 02:25:31dbf6666 → 我们公司专业代发广告，精准投放客户群体   **`Boss91M1`**
2022-06-28 02:26:03caoji565 → 实力广告公司，专业代发广告 **`Boss91M1`**
2022-06-28 02:26:25iBox_official → 专业代《发》《广》告， **`Boss91M1`**
2022-06-28 02:26:48zscd1 → 实力广告公司，专业代发广告 **`Boss91M1`**
2022-06-28 02:27:18Fkzy_Group → 我们公司专业代发广告，精准投放客户群体   **`Boss91M1`**
2022-06-28 02:27:32dayofdefeatCN → 我司专业（代）发聊天群（广）告， **`Boss91M1`**
2022-06-28 02:27:44tz636 → 我司专业（代）发各行各业（广）告， **`Boss91M1`**
2022-06-28 02:27:57usdtdfds → 本公司专业代发广告 **`Boss91M1`**
2022-06-28 02:28:22xinbi_088 → 实力广告公司，专业代发广告 **`Boss91M1`**
2022-06-28 02:28:35-1001681815441 → 电报最大广告公司，专业代发广告 **`Boss91M1`**
2022-06-28 02:28:59-1001575443813 → 专业代《发》《广》告， **`Boss91M1`**
2022-06-28 02:29:12wz513064 → 我司专业（代）发（广）告， **`Boss91M1`**
2022-06-28 02:29:35si1688 → 我司专业（代）发聊天群（广）告， **`Boss91M1`**
2022-06-28 02:29:57huihui220 → 我们公司专业代发广告，精准投放客户群体   **`Boss91M1`**
2022-06-28 02:30:10programertalk → 实力广告公司，专业代发广告 **`Boss91M1`**
2022-06-28 02:30:23sunshineyyds → 专业广告公司，专业代发广告 **`Boss91M1`**
2022-06-28 02:30:35si1688 → 我们公司专业代发广告，精准投放客户广告 **`Boss91M1`**
2022-06-28 02:31:02zscd1 → 电报最大广告公司，专业代发广告 **`Boss91M1`**
2022-06-28 02:31:15caoji565 → 实力广告公司，专业代发广告 **`Boss91M1`**
2022-06-28 02:31:29india_moneypay → 实力广告公司，专业代发广告 **`Boss91M1`**
2022-06-28 02:31:41si1688 → 我们公司专业代发广告，精准投放客户广告 **`Boss91M1`**
2022-06-28 02:31:54az123818 → 我司专业（代）发各行各业（广）告， **`Boss91M1`**
2022-06-28 02:32:43xjltq → 我司专业（代）发各行各业（广）告， **`Boss91M1`**
2022-06-28 02:32:56-1001667519900 → 我们公司专业代发广告，精准投放客户广告 **`Boss91M1`**
2022-06-28 02:33:24paofen33 → 专业代《发》《广》告， **`Boss91M1`**
2022-06-28 02:33:36guminlaqun66 → 电报最大广告公司，专业代发广告 **`Boss91M1`**
2022-06-28 02:33:49bclm1 → 实力广告公司，专业代发广告 **`Boss91M1`**
2022-06-28 02:34:02danbao96 → 专业广告公司，专业代发广告 **`Boss91M1`**
2022-06-28 02:34:33-1001714691799 → 我们公司专业代发广告，精准投放客户群体   **`Boss91M1`**
2022-06-28 02:35:16xvswens → 电报最大广告公司，专业代发广告 **`Boss91M1`**
2022-06-28 02:35:29xingjihaxiyule02 → 我们精准代发广告 **`Boss91M1`**
2022-06-28 02:35:42-1001762919852 → 我们公司专业代发广告，精准投放客户群体   **`Boss91M1`**
2022-06-28 02:36:08xianliao01 → 我们公司专业代发广告，精准投放客户广告 **`Boss91M1`**
2022-06-28 02:36:21india_moneypay → 我们公司专业代发广告，精准投放客户广告 **`Boss91M1`**
2022-06-28 02:37:06TG0188 → 我司专业（代）发各行各业（广）告， **`Boss91M1`**
2022-06-28 02:37:19-1001660337441 → 电报最大广告公司，专业代发广告 **`Boss91M1`**
2022-06-28 02:37:51danbao96 → 我们公司专业代发广告，精准投放客户群体   **`Boss91M1`**
2022-06-28 02:38:05FHaak8 → 我司专业（代）发（广）告， **`Boss91M1`**
2022-06-28 02:38:18zscd18 → 电报最大广告公司，专业代发广告 **`Boss91M1`**
2022-06-28 02:38:31TGYHZQ → 我司专业（代）发（广）告， **`Boss91M1`**
2022-06-28 02:39:14BAOAA → 专业代《发》《广》告， **`Boss91M1`**
2022-06-28 02:39:36daishoujiaoyi → 我们公司专业代发广告，精准投放客户广告 **`Boss91M1`**
2022-06-28 02:40:42dibaihrg009 → 专业广告公司，专业代发广告 **`Boss91M1`**
2022-06-28 02:41:02BAOAA → 本公司专业代发广告 **`Boss91M1`**
2022-06-28 02:41:16sunshineyyds → 实力广告公司，专业代发广告 **`Boss91M1`**
2022-06-28 02:41:28USDTm → 专业代《发》《广》告， **`Boss91M1`**
2022-06-28 02:41:43danbao96 → 实力广告公司，专业代发广告 **`Boss91M1`**
2022-06-28 02:42:05tsdb01 → 专业代《发》《广》告， **`Boss91M1`**
2022-06-28 02:42:17nmysxyhgg → 专业广告公司，专业代发广告 **`Boss91M1`**
2022-06-28 02:42:30DIP9188 → 专业广告公司，专业代发广告 **`Boss91M1`**
2022-06-28 02:42:42yizhifu678 → 专业广告公司，专业代发广告 **`Boss91M1`**
2022-06-28 02:42:55html66 → 我们公司专业代发广告，精准投放客户群体   **`Boss91M1`**
2022-06-28 02:43:31allswapCN → 实力广告公司，专业代发广告 **`Boss91M1`**
2022-06-28 02:44:05india_moneypay → 本公司专业代发广告 **`Boss91M1`**
2022-06-28 02:44:18liang1112233 → 实力广告公司，专业代发广告 **`Boss91M1`**
2022-06-28 02:44:42mingmen520 → 我司专业（代）发（广）告， **`Boss91M1`**
2022-06-28 02:45:07Sz1888 → 我们精准代发广告 **`Boss91M1`**
2022-06-28 02:46:10jiu_777 → 我们公司专业代发广告，精准投放客户群体   **`Boss91M1`**
2022-06-28 02:46:54caoji565 → 本公司专业代发广告 **`Boss91M1`**
2022-06-28 02:47:06qipaipan54 → 我们公司专业代发广告，精准投放客户广告 **`Boss91M1`**
2022-06-28 02:47:20tongdao25 → 我们公司专业代发广告，精准投放客户广告 **`Boss91M1`**
2022-06-28 02:48:04xjltq → 电报最大广告公司，专业代发广告 **`Boss91M1`**
2022-06-28 02:48:21tz636 → 我司专业（代）发聊天群（广）告， **`Boss91M1`**
2022-06-28 02:48:44xianliao01 → 我们公司专业代发广告，精准投放客户群体   **`Boss91M1`**
2022-06-28 02:49:06si1688 → 我司专业（代）发聊天群（广）告， **`Boss91M1`**
2022-06-28 02:49:18NodeGlobal → 本公司专业代发广告 **`Boss91M1`**
2022-06-28 02:49:57axujj → 我们精准代发广告 **`Boss91M1`**
2022-06-28 02:50:39GIBXChange_cn → 专业代《发》《广》告， **`Boss91M1`**
2022-06-28 02:51:04bitcoindfds → 我们公司专业代发广告，精准投放客户广告 **`Boss91M1`**
2022-06-28 02:51:18-1001577980518 → 实力广告公司，专业代发广告 **`Boss91M1`**
2022-06-28 02:51:31a1313652 → 我们公司专业代发广告，精准投放客户广告 **`Boss91M1`**
2022-06-28 02:51:44HWDBQ → 专业广告公司，专业代发广告 **`Boss91M1`**
2022-06-28 02:52:09liang1112233 → 本公司专业代发广告 **`Boss91M1`**
2022-06-28 02:52:50qxinw → 电报最大广告公司，专业代发广告 **`Boss91M1`**
2022-06-28 02:53:16usdtdfds → 实力广告公司，专业代发广告 **`Boss91M1`**
2022-06-28 02:53:30zhongwen6 → 专业代《发》《广》告， **`Boss91M1`**
2022-06-28 02:53:43TG0188 → 我们公司专业代发广告，精准投放客户广告 **`Boss91M1`**
2022-06-28 02:53:55zhongwen6 → 专业广告公司，专业代发广告 **`Boss91M1`**
2022-06-28 02:54:20ltq33 → 本公司专业代发广告 **`Boss91M1`**
2022-06-28 02:54:32TG0799 → 我司专业（代）发（广）告， **`Boss91M1`**
2022-06-28 02:54:45tz636 → 我们精准代发广告 **`Boss91M1`**
2022-06-28 02:55:18sanfang53 → 我们精准代发广告 **`Boss91M1`**
2022-06-28 02:55:30bitcoindfds → 实力广告公司，专业代发广告 **`Boss91M1`**
2022-06-28 02:56:44boniuzppas → 实力广告公司，专业代发广告 **`Boss91M1`**
2022-06-28 02:56:56XxUP1121 → 实力广告公司，专业代发广告 **`Boss91M1`**
2022-06-28 02:57:09fw866 → 我们公司专业代发广告，精准投放客户群体   **`Boss91M1`**
2022-06-28 02:57:30Fkzy_Group → 我们公司专业代发广告，精准投放客户广告 **`Boss91M1`**
2022-06-28 02:57:54guangdongyue → 我司专业（代）发各行各业（广）告， **`Boss91M1`**
2022-06-28 02:58:09USDThuzhu3 → 本公司专业代发广告 **`Boss91M1`**
2022-06-28 02:58:31zzlsjbyq → 本公司专业代发广告 **`Boss91M1`**
2022-06-28 02:59:05TGhuaren1 → 我们公司专业代发广告，精准投放客户广告 **`Boss91M1`**
2022-06-28 02:59:58TGlianmeng002 → 我司专业（代）发（广）告， **`Boss91M1`**
2022-06-28 03:00:39laowangdan → 我司专业（代）发各行各业（广）告， **`Boss91M1`**
2022-06-28 03:00:53TG110 → 我司专业（代）发聊天群（广）告， **`Boss91M1`**
2022-06-28 03:01:25jiu_777 → 电报最大广告公司，专业代发广告 **`Boss91M1`**
2022-06-28 03:01:37TG0799 → 我们公司专业代发广告，精准投放客户广告 **`Boss91M1`**
2022-06-28 03:01:49SHCPCO → 我司专业（代）发（广）告， **`Boss91M1`**
2022-06-28 03:02:15-1001754330344 → 实力广告公司，专业代发广告 **`Boss91M1`**
2022-06-28 03:02:38liuhedadui → 我司专业（代）发各行各业（广）告， **`Boss91M1`**
2022-06-28 03:03:01yugzf → 我们公司专业代发广告，精准投放客户群体   **`Boss91M1`**
2022-06-28 03:03:14-1001490082084 → 我司专业（代）发各行各业（广）告， **`Boss91M1`**
2022-06-28 03:03:48dyjiaoliu → 我们公司专业代发广告，精准投放客户广告 **`Boss91M1`**
2022-06-28 03:04:00FHaak8 → 我司专业（代）发聊天群（广）告， **`Boss91M1`**
2022-06-28 03:04:13x00008 → 我们精准代发广告 **`Boss91M1`**
2022-06-28 03:05:04baocai217 → 我司专业（代）发聊天群（广）告， **`Boss91M1`**
2022-06-28 03:05:30xjltq → 本公司专业代发广告 **`Boss91M1`**
2022-06-28 03:05:43qxinw → 专业广告公司，专业代发广告 **`Boss91M1`**
2022-06-28 03:05:56huanqian35 → 本公司专业代发广告 **`Boss91M1`**
2022-06-28 03:06:21huanqian35 → 本公司专业代发广告 **`Boss91M1`**
2022-06-28 03:06:33sanfang53 → 专业代《发》《广》告， **`Boss91M1`**
2022-06-28 03:06:59iBox_official → 电报最大广告公司，专业代发广告 **`Boss91M1`**
2022-06-28 03:07:12tongdao25 → 我们公司专业代发广告，精准投放客户群体   **`Boss91M1`**
2022-06-28 03:07:35sichouzhilu0 → 我们公司专业代发广告，精准投放客户广告 **`Boss91M1`**
2022-06-28 03:08:30-1001798433754 → 本公司专业代发广告 **`Boss91M1`**
2022-06-28 03:08:43xingbi0088 → 我司专业（代）发各行各业（广）告， **`Boss91M1`**
2022-06-28 03:08:55si1688 → 我们公司专业代发广告，精准投放客户广告 **`Boss91M1`**
2022-06-28 03:09:29zhongwen6 → 实力广告公司，专业代发广告 **`Boss91M1`**
2022-06-28 03:09:54meizi005 → 我们公司专业代发广告，精准投放客户群体   **`Boss91M1`**
2022-06-28 03:10:16Flea66 → 电报最大广告公司，专业代发广告 **`Boss91M1`**
2022-06-28 03:10:28baocai217 → 我们公司专业代发广告，精准投放客户群体   **`Boss91M1`**
2022-06-28 03:11:12qwerdt1 → 电报最大广告公司，专业代发广告 **`Boss91M1`**
2022-06-28 03:11:54deep3695 → 我们公司专业代发广告，精准投放客户群体   **`Boss91M1`**
2022-06-28 03:12:19goutui1113 → 我们精准代发广告 **`Boss91M1`**
2022-06-28 03:13:03si1688 → 电报最大广告公司，专业代发广告 **`Boss91M1`**
2022-06-28 03:13:16TG166 → 我们精准代发广告 **`Boss91M1`**
2022-06-28 03:13:28njwwjpxc → 我们公司专业代发广告，精准投放客户广告 **`Boss91M1`**
2022-06-28 03:13:53DIP9188 → 专业广告公司，专业代发广告 **`Boss91M1`**
2022-06-28 03:14:06BAOAA → 专业广告公司，专业代发广告 **`Boss91M1`**
2022-06-28 03:14:19HWDBQ → 专业代《发》《广》告， **`Boss91M1`**
2022-06-28 03:14:46MLA9999 → 我司专业（代）发聊天群（广）告， **`Boss91M1`**
2022-06-28 03:15:21tongdao25 → 专业代《发》《广》告， **`Boss91M1`**
2022-06-28 03:15:58daishou44 → 我们精准代发广告 **`Boss91M1`**
2022-06-28 03:17:06bitcoindfds → 电报最大广告公司，专业代发广告 **`Boss91M1`**
2022-06-28 03:17:29guangdongyue → 我们公司专业代发广告，精准投放客户群体   **`Boss91M1`**
2022-06-28 03:17:42fbwsline2021 → 我们公司专业代发广告，精准投放客户群体   **`Boss91M1`**
2022-06-28 03:17:54ltq33 → 本公司专业代发广告 **`Boss91M1`**
2022-06-28 03:18:07huihui220 → 专业代《发》《广》告， **`Boss91M1`**
2022-06-28 03:18:41bailaohui_cvv → 我们公司专业代发广告，精准投放客户广告 **`Boss91M1`**
2022-06-28 03:19:07-1001782782999 → 我司专业（代）发聊天群（广）告， **`Boss91M1`**
2022-06-28 03:19:29XxUP1121 → 专业广告公司，专业代发广告 **`Boss91M1`**
2022-06-28 03:19:42zscd18 → 电报最大广告公司，专业代发广告 **`Boss91M1`**
2022-06-28 03:19:54fbwsline2021 → 专业广告公司，专业代发广告 **`Boss91M1`**
2022-06-28 03:20:22mingmen520 → 电报最大广告公司，专业代发广告 **`Boss91M1`**
2022-06-28 03:20:45USDT43 → 专业广告公司，专业代发广告 **`Boss91M1`**
2022-06-28 03:20:58yindutg → 本公司专业代发广告 **`Boss91M1`**
2022-06-28 03:21:21bcweb → 本公司专业代发广告 **`Boss91M1`**
2022-06-28 03:21:44XxUP1121 → 我司专业（代）发（广）告， **`Boss91M1`**
2022-06-28 03:21:57Flea66 → 电报最大广告公司，专业代发广告 **`Boss91M1`**
2022-06-28 03:22:23laoyingchuhai8 → 电报最大广告公司，专业代发广告 **`Boss91M1`**
2022-06-28 03:22:47yuantoushuju5 → 我们公司专业代发广告，精准投放客户群体   **`Boss91M1`**
2022-06-28 03:23:00daishou44 → 我们公司专业代发广告，精准投放客户广告 **`Boss91M1`**
2022-06-28 03:23:22-1001305003836 → 我们公司专业代发广告，精准投放客户群体   **`Boss91M1`**
2022-06-28 03:23:35xbdb01 → 专业广告公司，专业代发广告 **`Boss91M1`**
2022-06-28 03:23:48dibaifa → 专业广告公司，专业代发广告 **`Boss91M1`**
2022-06-28 03:24:01tongdao25 → 本公司专业代发广告 **`Boss91M1`**
2022-06-28 03:24:22x00008 → 我们公司专业代发广告，精准投放客户群体   **`Boss91M1`**
2022-06-28 03:24:51DIP9188 → 我司专业（代）发各行各业（广）告， **`Boss91M1`**
2022-06-28 03:25:05qipaipan54 → 我司专业（代）发聊天群（广）告， **`Boss91M1`**
2022-06-28 03:25:28xjltq → 我们公司专业代发广告，精准投放客户广告 **`Boss91M1`**
2022-06-28 03:25:59tcelue1 → 我司专业（代）发聊天群（广）告， **`Boss91M1`**
2022-06-28 03:26:12feihelp → 我们公司专业代发广告，精准投放客户群体   **`Boss91M1`**
2022-06-28 03:26:34volpinocommunity → 我们精准代发广告 **`Boss91M1`**
2022-06-28 03:26:56yindutg → 我司专业（代）发聊天群（广）告， **`Boss91M1`**
2022-06-28 03:27:35yuehui8 → 我们公司专业代发广告，精准投放客户群体   **`Boss91M1`**
2022-06-28 03:28:00caoji565 → 专业广告公司，专业代发广告 **`Boss91M1`**
2022-06-28 03:28:52dyjiaoliu → 专业广告公司，专业代发广告 **`Boss91M1`**
2022-06-28 03:29:17daishou15 → 我们精准代发广告 **`Boss91M1`**
2022-06-28 03:29:29bclm1 → 本公司专业代发广告 **`Boss91M1`**
2022-06-28 03:29:45MLA9999 → 我们精准代发广告 **`Boss91M1`**
2022-06-28 03:29:58Usdtbmw → 我们公司专业代发广告，精准投放客户广告 **`Boss91M1`**
2022-06-28 03:30:10bclm1 → 我们公司专业代发广告，精准投放客户群体   **`Boss91M1`**
2022-06-28 03:30:23BAOAA → 专业代《发》《广》告， **`Boss91M1`**
2022-06-28 03:30:38tsdb01 → 专业代《发》《广》告， **`Boss91M1`**
2022-06-28 03:31:04TGYHZQ → 我们公司专业代发广告，精准投放客户广告 **`Boss91M1`**
2022-06-28 03:31:18Shore999888 → 实力广告公司，专业代发广告 **`Boss91M1`**
2022-06-28 03:31:41caoji565 → 我司专业（代）发聊天群（广）告， **`Boss91M1`**
2022-06-28 03:31:55bclm1 → 我们精准代发广告 **`Boss91M1`**
2022-06-28 03:32:26HuobiGlobal_zw → 电报最大广告公司，专业代发广告 **`Boss91M1`**
2022-06-28 03:32:39x00008 → 我司专业（代）发聊天群（广）告， **`Boss91M1`**
2022-06-28 03:33:21TGYHZQ → 我们公司专业代发广告，精准投放客户群体   **`Boss91M1`**
2022-06-28 03:33:34sunshineyyds → 电报最大广告公司，专业代发广告 **`Boss91M1`**
2022-06-28 03:33:55wz513064 → 我司专业（代）发（广）告， **`Boss91M1`**
2022-06-28 03:35:13meizi005 → 我司专业（代）发（广）告， **`Boss91M1`**
2022-06-28 03:35:26-1001305003836 → 我司专业（代）发聊天群（广）告， **`Boss91M1`**
2022-06-28 03:35:39daishou15 → 专业代《发》《广》告， **`Boss91M1`**
2022-06-28 03:35:51juliang666 → 电报最大广告公司，专业代发广告 **`Boss91M1`**
2022-06-28 03:36:04xinbi_088 → 我司专业（代）发（广）告， **`Boss91M1`**
2022-06-28 03:36:27BAOAA → 实力广告公司，专业代发广告 **`Boss91M1`**
2022-06-28 03:36:50MLA9999 → 我司专业（代）发（广）告， **`Boss91M1`**
2022-06-28 03:37:02bcweb → 我们公司专业代发广告，精准投放客户群体   **`Boss91M1`**
2022-06-28 03:37:15DBhuaren1 → 本公司专业代发广告 **`Boss91M1`**
2022-06-28 03:37:35yindutg → 实力广告公司，专业代发广告 **`Boss91M1`**
2022-06-28 03:37:48NodeGlobal → 我司专业（代）发各行各业（广）告， **`Boss91M1`**
2022-06-28 03:38:00usdtdfds → 我们公司专业代发广告，精准投放客户群体   **`Boss91M1`**
2022-06-28 03:38:38KMFW56789 → 专业代《发》《广》告， **`Boss91M1`**
2022-06-28 03:40:10az123818 → 专业代《发》《广》告， **`Boss91M1`**
2022-06-28 03:40:23TG0188 → 我们公司专业代发广告，精准投放客户群体   **`Boss91M1`**
2022-06-28 03:40:46bclm1 → 我司专业（代）发（广）告， **`Boss91M1`**
2022-06-28 03:43:25-1001754321848 → 本公司专业代发广告 **`Boss91M1`**
2022-06-28 03:43:38KMFW56789 → 我们精准代发广告 **`Boss91M1`**
2022-06-28 03:43:51bcweb → 我司专业（代）发各行各业（广）告， **`Boss91M1`**
2022-06-28 03:44:36zscd1 → 我们公司专业代发广告，精准投放客户群体   **`Boss91M1`**
2022-06-28 03:44:58xvswens → 专业广告公司，专业代发广告 **`Boss91M1`**
2022-06-28 03:45:10jiu_777 → 专业代《发》《广》告， **`Boss91M1`**
2022-06-28 03:45:42YYL001 → 专业代《发》《广》告， **`Boss91M1`**
2022-06-28 03:46:05bacommu → 我司专业（代）发（广）告， **`Boss91M1`**
2022-06-28 03:46:31QQLSJ → 实力广告公司，专业代发广告 **`Boss91M1`**
2022-06-28 03:46:44zhifuo → 我司专业（代）发（广）告， **`Boss91M1`**
2022-06-28 03:46:58xjltq → 我们精准代发广告 **`Boss91M1`**
2022-06-28 03:47:10bailaohui_cvv → 电报最大广告公司，专业代发广告 **`Boss91M1`**
2022-06-28 03:47:44az123818 → 电报最大广告公司，专业代发广告 **`Boss91M1`**
2022-06-28 03:47:59iBox_official → 我司专业（代）发各行各业（广）告， **`Boss91M1`**
2022-06-28 03:48:25xvswens → 我们精准代发广告 **`Boss91M1`**
2022-06-28 03:48:58huihui220 → 实力广告公司，专业代发广告 **`Boss91M1`**
2022-06-28 03:49:19kkkttt369 → 我们公司专业代发广告，精准投放客户群体   **`Boss91M1`**
2022-06-28 03:49:41TG088 → 专业代《发》《广》告， **`Boss91M1`**
2022-06-28 03:49:56USDT43 → 我司专业（代）发（广）告， **`Boss91M1`**
2022-06-28 03:50:18TGDL128 → 我司专业（代）发各行各业（广）告， **`Boss91M1`**
2022-06-28 03:50:56ltq33 → 我司专业（代）发各行各业（广）告， **`Boss91M1`**
2022-06-28 03:51:10wybf168168 → 我们公司专业代发广告，精准投放客户群体   **`Boss91M1`**
2022-06-28 03:51:32bcweb → 专业代《发》《广》告， **`Boss91M1`**
2022-06-28 03:51:45baocai217 → 专业代《发》《广》告， **`Boss91M1`**
2022-06-28 03:52:18tsdb01 → 我们公司专业代发广告，精准投放客户群体   **`Boss91M1`**
2022-06-28 03:52:49dibaihrg009 → 我们精准代发广告 **`Boss91M1`**
2022-06-28 03:53:11mingmen520 → 专业代《发》《广》告， **`Boss91M1`**
2022-06-28 03:53:35sunshineyyds → 我们精准代发广告 **`Boss91M1`**
2022-06-28 03:53:58ubo124 → 我司专业（代）发（广）告， **`Boss91M1`**
2022-06-28 03:54:11-1001663832462 → 电报最大广告公司，专业代发广告 **`Boss91M1`**
2022-06-28 03:54:32xbdb01 → 专业广告公司，专业代发广告 **`Boss91M1`**
2022-06-28 03:54:45yindutg → 电报最大广告公司，专业代发广告 **`Boss91M1`**
2022-06-28 03:55:08feihelp → 我们公司专业代发广告，精准投放客户群体   **`Boss91M1`**
2022-06-28 03:55:31FHLMTEAM → 我司专业（代）发聊天群（广）告， **`Boss91M1`**
2022-06-28 03:55:52daishou15 → 我司专业（代）发聊天群（广）告， **`Boss91M1`**
2022-06-28 03:56:05dbf6666 → 我司专业（代）发（广）告， **`Boss91M1`**
2022-06-28 03:56:20Zfb_qq → 专业代《发》《广》告， **`Boss91M1`**
2022-06-28 03:56:34allswapCN → 实力广告公司，专业代发广告 **`Boss91M1`**
2022-06-28 03:56:46india_moneypay → 我们公司专业代发广告，精准投放客户群体   **`Boss91M1`**
2022-06-28 03:57:00caoji565 → 我司专业（代）发（广）告， **`Boss91M1`**
2022-06-28 03:57:14xianliao01 → 我司专业（代）发（广）告， **`Boss91M1`**
2022-06-28 03:57:45TG110 → 我司专业（代）发各行各业（广）告， **`Boss91M1`**
2022-06-28 03:58:03iBox_official → 我们公司专业代发广告，精准投放客户广告 **`Boss91M1`**
2022-06-28 03:58:30wy173 → 我司专业（代）发聊天群（广）告， **`Boss91M1`**
2022-06-28 03:59:08laoyingchuhai8 → 实力广告公司，专业代发广告 **`Boss91M1`**
2022-06-28 03:59:22bailaohui_cvv → 我司专业（代）发各行各业（广）告， **`Boss91M1`**
2022-06-28 03:59:35laowangdan → 本公司专业代发广告 **`Boss91M1`**
2022-06-28 04:00:06tongdao25 → 我司专业（代）发各行各业（广）告， **`Boss91M1`**
2022-06-28 04:00:19yizhifu678 → 我司专业（代）发（广）告， **`Boss91M1`**
2022-06-28 04:02:07XxUP1121 → 电报最大广告公司，专业代发广告 **`Boss91M1`**
2022-06-28 04:02:33NodeGlobal → 我司专业（代）发各行各业（广）告， **`Boss91M1`**
2022-06-28 04:02:46baocai217 → 我司专业（代）发各行各业（广）告， **`Boss91M1`**
2022-06-28 04:02:59TG108 → 电报最大广告公司，专业代发广告 **`Boss91M1`**
2022-06-28 04:03:12sanfang53 → 我司专业（代）发（广）告， **`Boss91M1`**
2022-06-28 04:03:25FHLMTEAM → 我们公司专业代发广告，精准投放客户广告 **`Boss91M1`**
2022-06-28 04:03:37usdthuihuan → 我们精准代发广告 **`Boss91M1`**
2022-06-28 04:03:49bailaohui_cvv → 我司专业（代）发（广）告， **`Boss91M1`**
2022-06-28 04:04:14daishou44 → 实力广告公司，专业代发广告 **`Boss91M1`**
2022-06-28 04:04:35pshqo → 实力广告公司，专业代发广告 **`Boss91M1`**
2022-06-28 04:04:47xjltq → 本公司专业代发广告 **`Boss91M1`**
2022-06-28 04:05:10qxinw → 电报最大广告公司，专业代发广告 **`Boss91M1`**
2022-06-28 04:05:35xinbi_088 → 实力广告公司，专业代发广告 **`Boss91M1`**
2022-06-28 04:06:53TG_King90 → 本公司专业代发广告 **`Boss91M1`**
2022-06-28 04:07:15axujj → 专业代《发》《广》告， **`Boss91M1`**
2022-06-28 04:07:28wz513064 → 我司专业（代）发聊天群（广）告， **`Boss91M1`**
2022-06-28 04:07:52dibaifa → 专业代《发》《广》告， **`Boss91M1`**
2022-06-28 04:08:05fbwsline2021 → 专业代《发》《广》告， **`Boss91M1`**
2022-06-28 04:08:20yuehui8 → 我们公司专业代发广告，精准投放客户广告 **`Boss91M1`**
2022-06-28 04:08:54huanqian35 → 专业代《发》《广》告， **`Boss91M1`**
2022-06-28 04:09:30juliang666 → 我司专业（代）发（广）告， **`Boss91M1`**
2022-06-28 04:10:05ltq33 → 我们公司专业代发广告，精准投放客户群体   **`Boss91M1`**
2022-06-28 04:10:18bitcoindfds → 实力广告公司，专业代发广告 **`Boss91M1`**
2022-06-28 04:10:31TGdanbao000 → 我们公司专业代发广告，精准投放客户群体   **`Boss91M1`**
2022-06-28 04:10:45liang1112233 → 我司专业（代）发聊天群（广）告， **`Boss91M1`**
2022-06-28 04:10:58qwerdt1 → 我司专业（代）发（广）告， **`Boss91M1`**
2022-06-28 04:11:10Flea66 → 我司专业（代）发各行各业（广）告， **`Boss91M1`**
2022-06-28 04:11:32Shore999888 → 专业代《发》《广》告， **`Boss91M1`**
2022-06-28 04:12:42danbao96 → 我司专业（代）发（广）告， **`Boss91M1`**
2022-06-28 04:13:18-1001126097009 → 我们公司专业代发广告，精准投放客户群体   **`Boss91M1`**
2022-06-28 04:13:31MaYiSheQu → 本公司专业代发广告 **`Boss91M1`**
2022-06-28 04:13:43yuehui8 → 我司专业（代）发（广）告， **`Boss91M1`**
2022-06-28 04:13:56si1688 → 我们精准代发广告 **`Boss91M1`**
2022-06-28 04:14:08-1001359705297 → 我们公司专业代发广告，精准投放客户群体   **`Boss91M1`**
2022-06-28 04:14:30TGDL128 → 我司专业（代）发（广）告， **`Boss91M1`**
2022-06-28 04:14:51si1688 → 本公司专业代发广告 **`Boss91M1`**
2022-06-28 04:15:32Flea66 → 我们公司专业代发广告，精准投放客户群体   **`Boss91M1`**
2022-06-28 04:15:46usdtdfds → 我司专业（代）发聊天群（广）告， **`Boss91M1`**
2022-06-28 04:15:58si1688 → 我司专业（代）发（广）告， **`Boss91M1`**
2022-06-28 04:16:11TGYHZQ → 专业广告公司，专业代发广告 **`Boss91M1`**
2022-06-28 04:16:36TGDL128 → 我司专业（代）发（广）告， **`Boss91M1`**
2022-06-28 04:17:02huione888 → 电报最大广告公司，专业代发广告 **`Boss91M1`**
2022-06-28 04:17:36Flea66 → 本公司专业代发广告 **`Boss91M1`**
2022-06-28 04:18:02Flea66 → 我司专业（代）发各行各业（广）告， **`Boss91M1`**
2022-06-28 04:18:14Usdtbmw → 我司专业（代）发（广）告， **`Boss91M1`**
2022-06-28 04:18:37-1001563510295 → 实力广告公司，专业代发广告 **`Boss91M1`**
2022-06-28 04:19:10HWDBQ → 专业广告公司，专业代发广告 **`Boss91M1`**
2022-06-28 04:21:32yugzf → 专业代《发》《广》告， **`Boss91M1`**
2022-06-28 04:21:55zscd18 → 我们公司专业代发广告，精准投放客户群体   **`Boss91M1`**
2022-06-28 04:22:08TGlianmeng002 → 本公司专业代发广告 **`Boss91M1`**
2022-06-28 04:22:43yinhangkausdt → 我们精准代发广告 **`Boss91M1`**
2022-06-28 04:23:24caoji565 → 专业广告公司，专业代发广告 **`Boss91M1`**
2022-06-28 04:23:36india_moneypay → 专业代《发》《广》告， **`Boss91M1`**
2022-06-28 04:23:48KMFW56789 → 我们精准代发广告 **`Boss91M1`**
2022-06-28 04:24:01yinhangkausdt → 本公司专业代发广告 **`Boss91M1`**
2022-06-28 04:24:40NodeGlobal → 实力广告公司，专业代发广告 **`Boss91M1`**
2022-06-28 04:24:52WKLhuaren → 电报最大广告公司，专业代发广告 **`Boss91M1`**
2022-06-28 04:25:14KMFW56789 → 专业代《发》《广》告， **`Boss91M1`**
2022-06-28 04:26:20meizi005 → 专业代《发》《广》告， **`Boss91M1`**
2022-06-28 04:26:32yizhifu678 → 我们公司专业代发广告，精准投放客户群体   **`Boss91M1`**
2022-06-28 04:26:45bclm1 → 实力广告公司，专业代发广告 **`Boss91M1`**
2022-06-28 04:26:57fei733 → 我们公司专业代发广告，精准投放客户群体   **`Boss91M1`**
2022-06-28 04:27:12kkkttt369 → 我们精准代发广告 **`Boss91M1`**
2022-06-28 04:27:43mingmen520 → 专业代《发》《广》告， **`Boss91M1`**
2022-06-28 04:28:09TRJ_shore001 → 专业代《发》《广》告， **`Boss91M1`**
2022-06-28 04:28:35doge88 → 专业广告公司，专业代发广告 **`Boss91M1`**
2022-06-28 04:28:47xjltq → 我司专业（代）发各行各业（广）告， **`Boss91M1`**
2022-06-28 04:29:19FHLMTEAM → 我司专业（代）发聊天群（广）告， **`Boss91M1`**
2022-06-28 04:29:34-1001392010037 → 实力广告公司，专业代发广告 **`Boss91M1`**
2022-06-28 04:29:47USDT43 → 专业代《发》《广》告， **`Boss91M1`**
2022-06-28 04:29:59tz636 → 我司专业（代）发各行各业（广）告， **`Boss91M1`**
2022-06-28 04:30:12zzlsjbyq → 我们公司专业代发广告，精准投放客户广告 **`Boss91M1`**
2022-06-28 04:30:48KMFW56789 → 本公司专业代发广告 **`Boss91M1`**
2022-06-28 04:31:01shenma001 → 电报最大广告公司，专业代发广告 **`Boss91M1`**
2022-06-28 04:32:25caoji565 → 我们精准代发广告 **`Boss91M1`**
2022-06-28 04:32:38laowangdan → 我们公司专业代发广告，精准投放客户群体   **`Boss91M1`**
2022-06-28 04:32:51daishou15 → 本公司专业代发广告 **`Boss91M1`**
2022-06-28 04:33:18yizhifu678 → 我们精准代发广告 **`Boss91M1`**
2022-06-28 04:34:04ltq33 → 我们精准代发广告 **`Boss91M1`**
2022-06-28 04:35:02xinbi_088 → 我司专业（代）发各行各业（广）告， **`Boss91M1`**
2022-06-28 04:35:15BAOAA → 我们公司专业代发广告，精准投放客户广告 **`Boss91M1`**
2022-06-28 04:35:27NodeGlobal → 专业广告公司，专业代发广告 **`Boss91M1`**
2022-06-28 04:35:40meizi005 → 我司专业（代）发聊天群（广）告， **`Boss91M1`**
2022-06-28 04:35:54qxinw → 实力广告公司，专业代发广告 **`Boss91M1`**
2022-06-28 04:36:07huanqian35 → 我们精准代发广告 **`Boss91M1`**
2022-06-28 04:36:29yindutg → 我们精准代发广告 **`Boss91M1`**
2022-06-28 04:36:50-1001590213129 → 本公司专业代发广告 **`Boss91M1`**
2022-06-28 04:37:04dibai12 → 专业广告公司，专业代发广告 **`Boss91M1`**
2022-06-28 04:37:58NumeroVirtuales → 我们精准代发广告 **`Boss91M1`**
2022-06-28 04:38:10deep3695 → 我们公司专业代发广告，精准投放客户群体   **`Boss91M1`**
2022-06-28 04:38:23-1001189649657 → 我们公司专业代发广告，精准投放客户广告 **`Boss91M1`**
2022-06-28 04:38:36fbwsline2021 → 专业广告公司，专业代发广告 **`Boss91M1`**
2022-06-28 04:39:07huanqian35 → 我们公司专业代发广告，精准投放客户群体   **`Boss91M1`**
2022-06-28 04:39:43az123818 → 专业代《发》《广》告， **`Boss91M1`**
2022-06-28 04:39:55deep3695 → 我们精准代发广告 **`Boss91M1`**
2022-06-28 04:40:08DIP9188 → 我司专业（代）发聊天群（广）告， **`Boss91M1`**
2022-06-28 04:40:20tongdao25 → 本公司专业代发广告 **`Boss91M1`**
2022-06-28 04:40:33xianliao01 → 专业代《发》《广》告， **`Boss91M1`**
2022-06-28 04:40:45YS52111 → 专业代《发》《广》告， **`Boss91M1`**
2022-06-28 04:41:37bailaohui_cvv → 我司专业（代）发各行各业（广）告， **`Boss91M1`**
2022-06-28 04:41:49xbdb01 → 电报最大广告公司，专业代发广告 **`Boss91M1`**
2022-06-28 04:42:02yindutg → 我司专业（代）发（广）告， **`Boss91M1`**
2022-06-28 04:42:37TG0799 → 我们公司专业代发广告，精准投放客户广告 **`Boss91M1`**
2022-06-28 04:42:50TG_88888 → 我们公司专业代发广告，精准投放客户广告 **`Boss91M1`**
2022-06-28 04:43:15xvswens → 专业广告公司，专业代发广告 **`Boss91M1`**
2022-06-28 04:43:28Usdtbmw → 我们公司专业代发广告，精准投放客户广告 **`Boss91M1`**
2022-06-28 04:44:00kkkttt369 → 本公司专业代发广告 **`Boss91M1`**
2022-06-28 04:44:14phbbs → 电报最大广告公司，专业代发广告 **`Boss91M1`**
2022-06-28 04:44:27dbf6666 → 本公司专业代发广告 **`Boss91M1`**
2022-06-28 04:44:40OBax02 → 我司专业（代）发聊天群（广）告， **`Boss91M1`**
2022-06-28 04:44:52jiu_777 → 我司专业（代）发聊天群（广）告， **`Boss91M1`**
2022-06-28 04:45:04QQLSJ → 我司专业（代）发聊天群（广）告， **`Boss91M1`**
2022-06-28 04:45:17bailaohui_cvv → 我们公司专业代发广告，精准投放客户群体   **`Boss91M1`**
2022-06-28 04:45:30botong002 → 专业广告公司，专业代发广告 **`Boss91M1`**
2022-06-28 04:45:55xianliao01 → 我们公司专业代发广告，精准投放客户广告 **`Boss91M1`**
2022-06-28 04:46:54insinsa → 我司专业（代）发各行各业（广）告， **`Boss91M1`**
2022-06-28 04:47:06sunshineyyds → 我们公司专业代发广告，精准投放客户群体   **`Boss91M1`**
2022-06-28 04:47:44xvswens → 我司专业（代）发（广）告， **`Boss91M1`**
2022-06-28 04:48:09bclm1 → 专业广告公司，专业代发广告 **`Boss91M1`**
2022-06-28 04:48:21huanqian35 → 专业广告公司，专业代发广告 **`Boss91M1`**
2022-06-28 04:49:04bclm1 → 实力广告公司，专业代发广告 **`Boss91M1`**
2022-06-28 04:49:17html66 → 我司专业（代）发聊天群（广）告， **`Boss91M1`**
2022-06-28 04:49:31YTZX2 → 我们公司专业代发广告，精准投放客户群体   **`Boss91M1`**
2022-06-28 04:50:11india_moneypay → 实力广告公司，专业代发广告 **`Boss91M1`**
2022-06-28 04:50:30dijia02 → 专业广告公司，专业代发广告 **`Boss91M1`**
2022-06-28 04:50:43aquecimento02_telegroup → 电报最大广告公司，专业代发广告 **`Boss91M1`**
2022-06-28 04:50:55TG0188 → 我们公司专业代发广告，精准投放客户广告 **`Boss91M1`**
2022-06-28 04:51:29juliang666 → 我司专业（代）发各行各业（广）告， **`Boss91M1`**
2022-06-28 04:51:52sq577 → 本公司专业代发广告 **`Boss91M1`**
2022-06-28 04:52:05XxUP1121 → 我们精准代发广告 **`Boss91M1`**
2022-06-28 04:52:48TG006 → 我司专业（代）发聊天群（广）告， **`Boss91M1`**
2022-06-28 04:53:01deep3695 → 我们精准代发广告 **`Boss91M1`**
2022-06-28 04:53:32caoji565 → 我们公司专业代发广告，精准投放客户群体   **`Boss91M1`**
2022-06-28 04:54:04bitcoindfds → 我们公司专业代发广告，精准投放客户群体   **`Boss91M1`**
2022-06-28 04:54:18FHLMTEAM → 我司专业（代）发（广）告， **`Boss91M1`**
2022-06-28 04:55:08weikang2020 → 专业广告公司，专业代发广告 **`Boss91M1`**
2022-06-28 04:55:20tgzhcn → 专业代《发》《广》告， **`Boss91M1`**
2022-06-28 04:55:52xjltq → 我司专业（代）发各行各业（广）告， **`Boss91M1`**
2022-06-28 04:56:21x00008 → 我司专业（代）发各行各业（广）告， **`Boss91M1`**
2022-06-28 04:56:47caoji565 → 电报最大广告公司，专业代发广告 **`Boss91M1`**
2022-06-28 04:57:28Fkzy_Group → 我们公司专业代发广告，精准投放客户广告 **`Boss91M1`**
2022-06-28 04:57:41Flea66 → 我们公司专业代发广告，精准投放客户群体   **`Boss91M1`**
2022-06-28 04:57:53NodeGlobal → 本公司专业代发广告 **`Boss91M1`**
2022-06-28 04:58:26az123818 → 本公司专业代发广告 **`Boss91M1`**
2022-06-28 04:58:41qipaipan54 → 我司专业（代）发各行各业（广）告， **`Boss91M1`**
2022-06-28 04:58:54az123818 → 我司专业（代）发（广）告， **`Boss91M1`**
2022-06-28 04:59:06sq577 → 我们公司专业代发广告，精准投放客户群体   **`Boss91M1`**
2022-06-28 04:59:19ltq33 → 我们精准代发广告 **`Boss91M1`**
2022-06-28 04:59:31jiu_777 → 专业广告公司，专业代发广告 **`Boss91M1`**
2022-06-28 05:00:20shuju888666 → 实力广告公司，专业代发广告 **`Boss91M1`**
2022-06-28 05:00:33fbwsline2021 → 专业代《发》《广》告， **`Boss91M1`**
2022-06-28 05:00:58mingmen520 → 我们精准代发广告 **`Boss91M1`**
2022-06-28 05:01:12sanfang53 → 电报最大广告公司，专业代发广告 **`Boss91M1`**
2022-06-28 05:01:24si1688 → 实力广告公司，专业代发广告 **`Boss91M1`**
2022-06-28 05:01:37xingbi0088 → 专业代《发》《广》告， **`Boss91M1`**
2022-06-28 05:02:04tgzhcn → 专业代《发》《广》告， **`Boss91M1`**
2022-06-28 05:02:28guangdongyue → 专业代《发》《广》告， **`Boss91M1`**
2022-06-28 05:02:41TG110 → 专业代《发》《广》告， **`Boss91M1`**
2022-06-28 05:03:08dyjiaoliu → 电报最大广告公司，专业代发广告 **`Boss91M1`**
2022-06-28 05:04:17wagergangfamilyc → 电报最大广告公司，专业代发广告 **`Boss91M1`**
2022-06-28 05:04:41-1001663297854 → 我司专业（代）发聊天群（广）告， **`Boss91M1`**
2022-06-28 05:04:54si1688 → 本公司专业代发广告 **`Boss91M1`**
2022-06-28 05:05:16USDThuzhu3 → 我们精准代发广告 **`Boss91M1`**
2022-06-28 05:05:29sunshineyyds → 我们精准代发广告 **`Boss91M1`**
2022-06-28 05:06:10laowangdan → 电报最大广告公司，专业代发广告 **`Boss91M1`**
2022-06-28 05:07:00Flea66 → 我们公司专业代发广告，精准投放客户群体   **`Boss91M1`**
2022-06-28 05:07:14tianshiqun02 → 我们精准代发广告 **`Boss91M1`**
2022-06-28 05:07:27MaYiSheQu → 专业广告公司，专业代发广告 **`Boss91M1`**
2022-06-28 05:07:39usdtdfds → 我司专业（代）发（广）告， **`Boss91M1`**
2022-06-28 05:07:54-1001588954918 → 电报最大广告公司，专业代发广告 **`Boss91M1`**
2022-06-28 05:08:07xvswens → 电报最大广告公司，专业代发广告 **`Boss91M1`**
2022-06-28 05:08:29TG006 → 我司专业（代）发各行各业（广）告， **`Boss91M1`**
2022-06-28 05:08:51Fkzy_Group → 我们精准代发广告 **`Boss91M1`**
2022-06-28 05:09:03zzlsjbyq → 我司专业（代）发（广）告， **`Boss91M1`**
2022-06-28 05:09:38baocai217 → 实力广告公司，专业代发广告 **`Boss91M1`**
2022-06-28 05:09:51danbao96 → 我司专业（代）发各行各业（广）告， **`Boss91M1`**
2022-06-28 05:10:03sichouzhilu0 → 我司专业（代）发（广）告， **`Boss91M1`**
2022-06-28 05:10:16tz636 → 我司专业（代）发聊天群（广）告， **`Boss91M1`**
2022-06-28 05:10:28TG_King80 → 我们公司专业代发广告，精准投放客户广告 **`Boss91M1`**
2022-06-28 05:10:41shuju888666 → 我们公司专业代发广告，精准投放客户广告 **`Boss91M1`**
2022-06-28 05:10:53zscd1 → 我们公司专业代发广告，精准投放客户广告 **`Boss91M1`**
2022-06-28 05:11:06juliang666 → 我司专业（代）发聊天群（广）告， **`Boss91M1`**
2022-06-28 05:11:18baocai217 → 本公司专业代发广告 **`Boss91M1`**
2022-06-28 05:11:31laoyingchuhai8 → 我司专业（代）发各行各业（广）告， **`Boss91M1`**
2022-06-28 05:11:54allswapCN → 专业代《发》《广》告， **`Boss91M1`**
2022-06-28 05:12:08caoji565 → 我司专业（代）发（广）告， **`Boss91M1`**
2022-06-28 05:12:21si1688 → 本公司专业代发广告 **`Boss91M1`**
2022-06-28 05:12:36juliang666 → 我司专业（代）发聊天群（广）告， **`Boss91M1`**
2022-06-28 05:12:48USDThuzhu3 → 我司专业（代）发（广）告， **`Boss91M1`**
2022-06-28 05:13:00tsdb01 → 我们公司专业代发广告，精准投放客户群体   **`Boss91M1`**
2022-06-28 05:13:54daishou44 → 我司专业（代）发各行各业（广）告， **`Boss91M1`**
2022-06-28 05:14:07tz636 → 我司专业（代）发各行各业（广）告， **`Boss91M1`**
2022-06-28 05:14:20fw992 → 实力广告公司，专业代发广告 **`Boss91M1`**
2022-06-28 05:14:32si1688 → 实力广告公司，专业代发广告 **`Boss91M1`**
2022-06-28 05:14:45laowangdan → 本公司专业代发广告 **`Boss91M1`**
2022-06-28 05:15:07yuehui8 → 实力广告公司，专业代发广告 **`Boss91M1`**
2022-06-28 05:15:19bitcoindfds → 我司专业（代）发聊天群（广）告， **`Boss91M1`**
2022-06-28 05:15:41-1001766821052 → 我们公司专业代发广告，精准投放客户群体   **`Boss91M1`**
2022-06-28 05:16:02caoji565 → 实力广告公司，专业代发广告 **`Boss91M1`**
2022-06-28 05:16:16jianting78 → 我司专业（代）发（广）告， **`Boss91M1`**
2022-06-28 05:17:02allswapCN → 我们公司专业代发广告，精准投放客户群体   **`Boss91M1`**
2022-06-28 05:17:25wz513064 → 本公司专业代发广告 **`Boss91M1`**
2022-06-28 05:17:58qipaipan54 → 实力广告公司，专业代发广告 **`Boss91M1`**
2022-06-28 05:18:10bclm1 → 我司专业（代）发（广）告， **`Boss91M1`**
2022-06-28 05:18:23xbdb01 → 我司专业（代）发各行各业（广）告， **`Boss91M1`**
2022-06-28 05:18:37sunshineyyds → 电报最大广告公司，专业代发广告 **`Boss91M1`**
2022-06-28 05:18:50TG006 → 我们精准代发广告 **`Boss91M1`**
2022-06-28 05:19:02TG110 → 实力广告公司，专业代发广告 **`Boss91M1`**
2022-06-28 05:19:14Flea66 → 专业代《发》《广》告， **`Boss91M1`**
2022-06-28 05:20:03TokenPocketgf05 → 我司专业（代）发（广）告， **`Boss91M1`**
2022-06-28 05:20:37tgapp88 → 专业广告公司，专业代发广告 **`Boss91M1`**
2022-06-28 05:21:00-1001762910405 → 电报最大广告公司，专业代发广告 **`Boss91M1`**
2022-06-28 05:21:31jfoisjfiodvfd → 我们公司专业代发广告，精准投放客户群体   **`Boss91M1`**
2022-06-28 05:22:16bailaohui_cvv → 我们精准代发广告 **`Boss91M1`**
2022-06-28 05:22:50daishou15 → 电报最大广告公司，专业代发广告 **`Boss91M1`**
2022-06-28 05:23:03-1001595462770 → 我司专业（代）发各行各业（广）告， **`Boss91M1`**
2022-06-28 05:23:16yindutg → 我们公司专业代发广告，精准投放客户广告 **`Boss91M1`**
2022-06-28 05:23:31XxUP1121 → 我们公司专业代发广告，精准投放客户广告 **`Boss91M1`**
2022-06-28 05:23:44juliang666 → 我司专业（代）发（广）告， **`Boss91M1`**
2022-06-28 05:23:58NodeGlobal → 我司专业（代）发（广）告， **`Boss91M1`**
2022-06-28 05:24:11weikang2020 → 我司专业（代）发聊天群（广）告， **`Boss91M1`**
2022-06-28 05:24:23allswapCN → 我们公司专业代发广告，精准投放客户广告 **`Boss91M1`**
2022-06-28 05:24:35guangdongyue → 我司专业（代）发各行各业（广）告， **`Boss91M1`**
2022-06-28 05:24:57SHCPCO → 电报最大广告公司，专业代发广告 **`Boss91M1`**
2022-06-28 05:25:10axujj → 我司专业（代）发（广）告， **`Boss91M1`**
2022-06-28 05:25:22KMFW56789 → 我们精准代发广告 **`Boss91M1`**
2022-06-28 05:25:37-1001628899239 → 我们精准代发广告 **`Boss91M1`**
2022-06-28 05:26:17-1001597497979 → 我们精准代发广告 **`Boss91M1`**
2022-06-28 05:26:31-1001625074639 → 本公司专业代发广告 **`Boss91M1`**
2022-06-28 05:27:13zhongwen6 → 我们精准代发广告 **`Boss91M1`**
2022-06-28 05:27:36PingAn66Shop → 专业广告公司，专业代发广告 **`Boss91M1`**
2022-06-28 05:27:49Flea66 → 电报最大广告公司，专业代发广告 **`Boss91M1`**
2022-06-28 05:28:01Usdtbmw → 我们精准代发广告 **`Boss91M1`**
2022-06-28 05:28:15huaao1 → 我们精准代发广告 **`Boss91M1`**
2022-06-28 05:28:40mingmen520 → 电报最大广告公司，专业代发广告 **`Boss91M1`**
2022-06-28 05:28:52xvswens → 我司专业（代）发聊天群（广）告， **`Boss91M1`**
2022-06-28 05:29:15si1688 → 电报最大广告公司，专业代发广告 **`Boss91M1`**
2022-06-28 05:30:02USDThuzhu3 → 我司专业（代）发聊天群（广）告， **`Boss91M1`**
2022-06-28 05:30:49BAOAA → 我们精准代发广告 **`Boss91M1`**
2022-06-28 05:31:01yindutg → 我们精准代发广告 **`Boss91M1`**
2022-06-28 05:31:14wz513064 → 本公司专业代发广告 **`Boss91M1`**
2022-06-28 05:31:50xjltq → 我司专业（代）发（广）告， **`Boss91M1`**
2022-06-28 05:32:22daishoujiaoyi → 实力广告公司，专业代发广告 **`Boss91M1`**
2022-06-28 05:32:35DBhuaren1 → 我司专业（代）发（广）告， **`Boss91M1`**
2022-06-28 05:32:58danbao96 → 我司专业（代）发聊天群（广）告， **`Boss91M1`**
2022-06-28 05:33:10zhifuo → 专业代《发》《广》告， **`Boss91M1`**
2022-06-28 05:33:22sunshineyyds → 我司专业（代）发（广）告， **`Boss91M1`**
2022-06-28 05:33:46liang1112233 → 我们公司专业代发广告，精准投放客户群体   **`Boss91M1`**
2022-06-28 05:34:10caoji565 → 实力广告公司，专业代发广告 **`Boss91M1`**
2022-06-28 05:34:37qxinw → 专业代《发》《广》告， **`Boss91M1`**
2022-06-28 05:35:08doge88 → 我们精准代发广告 **`Boss91M1`**
2022-06-28 05:35:21TGYHZQ → 我司专业（代）发（广）告， **`Boss91M1`**
2022-06-28 05:35:33huichan_com_grp → 我司专业（代）发聊天群（广）告， **`Boss91M1`**
2022-06-28 05:36:29bcweb → 本公司专业代发广告 **`Boss91M1`**
2022-06-28 05:36:41xinbi_088 → 我们精准代发广告 **`Boss91M1`**
2022-06-28 05:37:21dongnanyachuandan → 我们公司专业代发广告，精准投放客户广告 **`Boss91M1`**
2022-06-28 05:38:10si1688 → 我司专业（代）发（广）告， **`Boss91M1`**
2022-06-28 05:38:30iBox_official → 我司专业（代）发（广）告， **`Boss91M1`**
2022-06-28 05:38:43DBhuaren1 → 我司专业（代）发各行各业（广）告， **`Boss91M1`**
2022-06-28 05:38:56GIBXChange_cn → 电报最大广告公司，专业代发广告 **`Boss91M1`**
2022-06-28 05:39:09sanfang53 → 本公司专业代发广告 **`Boss91M1`**
2022-06-28 05:39:51BAOAA → 专业代《发》《广》告， **`Boss91M1`**
2022-06-28 05:40:04TG_88888 → 专业代《发》《广》告， **`Boss91M1`**
2022-06-28 05:40:28guiyangpapa → 我们公司专业代发广告，精准投放客户广告 **`Boss91M1`**
2022-06-28 05:40:41india_moneypay → 我们精准代发广告 **`Boss91M1`**
2022-06-28 05:40:53india_moneypay → 专业代《发》《广》告， **`Boss91M1`**
2022-06-28 05:41:16huihui220 → 我司专业（代）发（广）告， **`Boss91M1`**
2022-06-28 05:41:57TRJ_shore001 → 电报最大广告公司，专业代发广告 **`Boss91M1`**
2022-06-28 05:42:09TG0799 → 我们公司专业代发广告，精准投放客户广告 **`Boss91M1`**
2022-06-28 05:43:10-1001660337441 → 本公司专业代发广告 **`Boss91M1`**
2022-06-28 05:43:23dyjiaoliu → 我司专业（代）发（广）告， **`Boss91M1`**
2022-06-28 05:44:11tianshidb2 → 专业代《发》《广》告， **`Boss91M1`**
2022-06-28 05:45:02danbao96 → 我司专业（代）发聊天群（广）告， **`Boss91M1`**
2022-06-28 05:45:17-1001672730769 → 专业广告公司，专业代发广告 **`Boss91M1`**
2022-06-28 05:45:29zscd18 → 我们精准代发广告 **`Boss91M1`**
2022-06-28 05:45:42yinhangkausdt → 我司专业（代）发聊天群（广）告， **`Boss91M1`**
2022-06-28 05:46:16BAOAA → 我们精准代发广告 **`Boss91M1`**
2022-06-28 05:47:18juliang666 → 我司专业（代）发聊天群（广）告， **`Boss91M1`**
2022-06-28 05:47:30yindutg → 我司专业（代）发（广）告， **`Boss91M1`**
2022-06-28 05:47:42sanfang53 → 本公司专业代发广告 **`Boss91M1`**
2022-06-28 05:47:56BAOAA → 我司专业（代）发（广）告， **`Boss91M1`**
2022-06-28 05:48:21xbdb01 → 实力广告公司，专业代发广告 **`Boss91M1`**
2022-06-28 05:49:04TG148 → 我们公司专业代发广告，精准投放客户群体   **`Boss91M1`**
2022-06-28 05:49:17tcelue1 → 我司专业（代）发聊天群（广）告， **`Boss91M1`**
2022-06-28 05:49:30zhongwen6 → 专业代《发》《广》告， **`Boss91M1`**
2022-06-28 05:50:17tz636 → 我们公司专业代发广告，精准投放客户群体   **`Boss91M1`**
2022-06-28 05:50:54fbwsline2021 → 实力广告公司，专业代发广告 **`Boss91M1`**
2022-06-28 05:51:07-1001799490900 → 我们精准代发广告 **`Boss91M1`**
2022-06-28 05:51:20SMSIFOOD → 我司专业（代）发各行各业（广）告， **`Boss91M1`**
2022-06-28 05:51:32juliang666 → 我们公司专业代发广告，精准投放客户群体   **`Boss91M1`**
2022-06-28 05:51:45TGYHZQ → 专业代《发》《广》告， **`Boss91M1`**
2022-06-28 05:52:25danbao96 → 专业代《发》《广》告， **`Boss91M1`**
2022-06-28 05:53:45xjltq → 本公司专业代发广告 **`Boss91M1`**
2022-06-28 05:53:58Asiaweed → 电报最大广告公司，专业代发广告 **`Boss91M1`**
2022-06-28 05:54:12bitcoindfds → 实力广告公司，专业代发广告 **`Boss91M1`**
2022-06-28 05:54:29ltq33 → 我司专业（代）发各行各业（广）告， **`Boss91M1`**
2022-06-28 05:54:42BAOAA → 我们公司专业代发广告，精准投放客户群体   **`Boss91M1`**
2022-06-28 05:55:21caoji565 → 我们公司专业代发广告，精准投放客户广告 **`Boss91M1`**
2022-06-28 05:55:34mingmen520 → 本公司专业代发广告 **`Boss91M1`**
2022-06-28 05:55:47bcweb → 我司专业（代）发各行各业（广）告， **`Boss91M1`**
2022-06-28 05:56:14MLA9999 → 我司专业（代）发各行各业（广）告， **`Boss91M1`**
2022-06-28 05:56:27yugzf → 专业广告公司，专业代发广告 **`Boss91M1`**
2022-06-28 05:56:53-1001509817967 → 我们公司专业代发广告，精准投放客户广告 **`Boss91M1`**
2022-06-28 05:57:06TG006 → 电报最大广告公司，专业代发广告 **`Boss91M1`**
2022-06-28 05:57:18TG_88888 → 我们公司专业代发广告，精准投放客户广告 **`Boss91M1`**
2022-06-28 05:57:33USDT43 → 专业广告公司，专业代发广告 **`Boss91M1`**
2022-06-28 05:57:45FQ3P3 → 实力广告公司，专业代发广告 **`Boss91M1`**
2022-06-28 05:58:25qxinw → 专业代《发》《广》告， **`Boss91M1`**
2022-06-28 05:58:39bclm1 → 专业广告公司，专业代发广告 **`Boss91M1`**
2022-06-28 05:58:51xianliao01 → 电报最大广告公司，专业代发广告 **`Boss91M1`**
2022-06-28 05:59:04india_moneypay → 我司专业（代）发（广）告， **`Boss91M1`**
2022-06-28 05:59:39BAOAA → 专业代《发》《广》告， **`Boss91M1`**
2022-06-28 05:59:50guangdongyue → 实力广告公司，专业代发广告 **`Boss91M1`**
2022-06-28 06:00:02guminlaqun66 → 我司专业（代）发各行各业（广）告， **`Boss91M1`**
2022-06-28 06:01:25laoyingchuhai8 → 我司专业（代）发聊天群（广）告， **`Boss91M1`**
2022-06-28 06:02:14tongdao25 → 专业广告公司，专业代发广告 **`Boss91M1`**
2022-06-28 06:02:34yindutg → 我们精准代发广告 **`Boss91M1`**
2022-06-28 06:02:59XxUP1121 → 电报最大广告公司，专业代发广告 **`Boss91M1`**
2022-06-28 06:03:13-1001636377524 → 我司专业（代）发各行各业（广）告， **`Boss91M1`**
2022-06-28 06:03:34jiu_777 → 我们公司专业代发广告，精准投放客户群体   **`Boss91M1`**
2022-06-28 06:04:49sanfang53 → 专业代《发》《广》告， **`Boss91M1`**
2022-06-28 06:05:12az123818 → 我们精准代发广告 **`Boss91M1`**
2022-06-28 06:05:52njwwjpxc → 我司专业（代）发各行各业（广）告， **`Boss91M1`**
2022-06-28 06:06:05yizhifu678 → 专业广告公司，专业代发广告 **`Boss91M1`**
2022-06-28 06:06:37seaflix → 实力广告公司，专业代发广告 **`Boss91M1`**
2022-06-28 06:06:50sanfang53 → 我们公司专业代发广告，精准投放客户群体   **`Boss91M1`**
2022-06-28 06:07:02NodeGlobal → 本公司专业代发广告 **`Boss91M1`**
2022-06-28 06:07:58daishoujiaoyi → 实力广告公司，专业代发广告 **`Boss91M1`**
2022-06-28 06:08:10wy173 → 我司专业（代）发各行各业（广）告， **`Boss91M1`**
2022-06-28 06:08:38usdthuihuan → 我们公司专业代发广告，精准投放客户群体   **`Boss91M1`**
2022-06-28 06:08:59wangzhuanusdt → 我们公司专业代发广告，精准投放客户广告 **`Boss91M1`**
2022-06-28 06:09:12qxinw → 我司专业（代）发聊天群（广）告， **`Boss91M1`**
2022-06-28 06:09:25BAOAA → 我司专业（代）发聊天群（广）告， **`Boss91M1`**
2022-06-28 06:09:37TG907 → 专业广告公司，专业代发广告 **`Boss91M1`**
2022-06-28 06:10:17xvswens → 专业代《发》《广》告， **`Boss91M1`**
2022-06-28 06:11:29zhongwen6 → 专业代《发》《广》告， **`Boss91M1`**
2022-06-28 06:11:52tz636 → 专业代《发》《广》告， **`Boss91M1`**
2022-06-28 06:12:13ltq33 → 我司专业（代）发聊天群（广）告， **`Boss91M1`**
2022-06-28 06:12:34yindutg → 实力广告公司，专业代发广告 **`Boss91M1`**
2022-06-28 06:12:47si1688 → 专业代《发》《广》告， **`Boss91M1`**
2022-06-28 06:13:00maticnetwork_china → 我司专业（代）发聊天群（广）告， **`Boss91M1`**
2022-06-28 06:13:25Flea66 → 我们公司专业代发广告，精准投放客户群体   **`Boss91M1`**
2022-06-28 06:13:47Usdtbmw → 我司专业（代）发各行各业（广）告， **`Boss91M1`**
2022-06-28 06:14:00dibaihrg009 → 我司专业（代）发聊天群（广）告， **`Boss91M1`**
2022-06-28 06:15:15daishoujiaoyi → 我司专业（代）发（广）告， **`Boss91M1`**
2022-06-28 06:15:47fbwsline2021 → 本公司专业代发广告 **`Boss91M1`**
2022-06-28 06:16:38goutui1113 → 专业广告公司，专业代发广告 **`Boss91M1`**
2022-06-28 06:16:52jiu_777 → 我们公司专业代发广告，精准投放客户广告 **`Boss91M1`**
2022-06-28 06:17:06XxUP1121 → 电报最大广告公司，专业代发广告 **`Boss91M1`**
2022-06-28 06:17:28az123818 → 本公司专业代发广告 **`Boss91M1`**
2022-06-28 06:17:51-1001799490900 → 本公司专业代发广告 **`Boss91M1`**
2022-06-28 06:18:04dyjiaoliu → 我司专业（代）发聊天群（广）告， **`Boss91M1`**
2022-06-28 06:18:40XxUP1121 → 我司专业（代）发各行各业（广）告， **`Boss91M1`**
2022-06-28 06:19:44az123818 → 电报最大广告公司，专业代发广告 **`Boss91M1`**
2022-06-28 06:19:56HWDBQ → 专业广告公司，专业代发广告 **`Boss91M1`**
2022-06-28 06:20:09xbdb01 → 专业广告公司，专业代发广告 **`Boss91M1`**
2022-06-28 06:20:32xjltq → 我们公司专业代发广告，精准投放客户广告 **`Boss91M1`**
2022-06-28 06:20:44paofen33 → 我们公司专业代发广告，精准投放客户群体   **`Boss91M1`**
2022-06-28 06:20:57MDhuaren1 → 我们公司专业代发广告，精准投放客户群体   **`Boss91M1`**
2022-06-28 06:21:09bitcoindfds → 专业广告公司，专业代发广告 **`Boss91M1`**
2022-06-28 06:21:31TGYHZQ → 专业代《发》《广》告， **`Boss91M1`**
2022-06-28 06:21:45-1001588920052 → 电报最大广告公司，专业代发广告 **`Boss91M1`**
2022-06-28 06:21:58qxinw → 专业广告公司，专业代发广告 **`Boss91M1`**
2022-06-28 06:22:24sanfang53 → 电报最大广告公司，专业代发广告 **`Boss91M1`**
2022-06-28 06:23:06zhifuo → 本公司专业代发广告 **`Boss91M1`**
2022-06-28 06:24:11bclm1 → 专业广告公司，专业代发广告 **`Boss91M1`**
2022-06-28 06:24:38tongdao25 → 我司专业（代）发聊天群（广）告， **`Boss91M1`**
2022-06-28 06:24:51bcweb → 专业广告公司，专业代发广告 **`Boss91M1`**
2022-06-28 06:25:03fbwsline2021 → 我们公司专业代发广告，精准投放客户广告 **`Boss91M1`**
2022-06-28 06:25:58sanfang53 → 我们公司专业代发广告，精准投放客户广告 **`Boss91M1`**
2022-06-28 06:26:11sanfang53 → 我司专业（代）发（广）告， **`Boss91M1`**
2022-06-28 06:26:24dyjiaoliu → 我们公司专业代发广告，精准投放客户广告 **`Boss91M1`**
2022-06-28 06:27:19TG9529 → 专业代《发》《广》告， **`Boss91M1`**
2022-06-28 06:27:34mingmen520 → 我们精准代发广告 **`Boss91M1`**
2022-06-28 06:28:09HuobiGlobal_zw → 我们精准代发广告 **`Boss91M1`**
2022-06-28 06:29:01dibai12 → 我司专业（代）发（广）告， **`Boss91M1`**
2022-06-28 06:29:13huanqian35 → 我司专业（代）发聊天群（广）告， **`Boss91M1`**
2022-06-28 06:29:47axujj → 实力广告公司，专业代发广告 **`Boss91M1`**
2022-06-28 06:30:02sanfang53 → 专业广告公司，专业代发广告 **`Boss91M1`**
2022-06-28 06:30:15TG1949521 → 专业广告公司，专业代发广告 **`Boss91M1`**
2022-06-28 06:30:28fei733 → 我们公司专业代发广告，精准投放客户广告 **`Boss91M1`**
2022-06-28 06:30:52bclm1 → 我司专业（代）发聊天群（广）告， **`Boss91M1`**
2022-06-28 06:31:04yindutg → 专业代《发》《广》告， **`Boss91M1`**
2022-06-28 06:31:48yizhifu678 → 专业代《发》《广》告， **`Boss91M1`**
2022-06-28 06:32:20baocai217 → 电报最大广告公司，专业代发广告 **`Boss91M1`**
2022-06-28 06:32:43ltq33 → 本公司专业代发广告 **`Boss91M1`**
2022-06-28 06:33:03bitcoindfds → 我司专业（代）发各行各业（广）告， **`Boss91M1`**
2022-06-28 06:33:16-1001665957170 → 我司专业（代）发（广）告， **`Boss91M1`**
2022-06-28 06:33:51bclm1 → 我司专业（代）发各行各业（广）告， **`Boss91M1`**
2022-06-28 06:34:32FHaak8 → 专业广告公司，专业代发广告 **`Boss91M1`**
2022-06-28 06:34:45TG006 → 我们精准代发广告 **`Boss91M1`**
2022-06-28 06:35:06si1688 → 专业代《发》《广》告， **`Boss91M1`**
2022-06-28 06:36:29-1001624097445 → 我们公司专业代发广告，精准投放客户群体   **`Boss91M1`**
2022-06-28 06:37:02laowangdan → 本公司专业代发广告 **`Boss91M1`**
2022-06-28 06:37:14zhifuo → 专业广告公司，专业代发广告 **`Boss91M1`**
2022-06-28 06:37:49FHLMTEAM → 我们精准代发广告 **`Boss91M1`**
2022-06-28 06:38:02wz513064 → 电报最大广告公司，专业代发广告 **`Boss91M1`**
2022-06-28 06:38:16caoji565 → 本公司专业代发广告 **`Boss91M1`**
2022-06-28 06:38:29insinsa → 电报最大广告公司，专业代发广告 **`Boss91M1`**
2022-06-28 06:38:42shenma001 → 我们公司专业代发广告，精准投放客户广告 **`Boss91M1`**
2022-06-28 06:39:04programertalk → 电报最大广告公司，专业代发广告 **`Boss91M1`**
2022-06-28 06:39:17huione888 → 电报最大广告公司，专业代发广告 **`Boss91M1`**
2022-06-28 06:39:30TRJ_shore001 → 本公司专业代发广告 **`Boss91M1`**
2022-06-28 06:39:43xinbi_088 → 专业代《发》《广》告， **`Boss91M1`**
2022-06-28 06:40:04Fkzy_Group → 我司专业（代）发（广）告， **`Boss91M1`**
2022-06-28 06:40:22bclm1 → 我司专业（代）发聊天群（广）告， **`Boss91M1`**
2022-06-28 06:41:02bailaohui_cvv → 我们公司专业代发广告，精准投放客户广告 **`Boss91M1`**
2022-06-28 06:41:24zscd18 → 实力广告公司，专业代发广告 **`Boss91M1`**
2022-06-28 06:42:04-1001271369018 → 电报最大广告公司，专业代发广告 **`Boss91M1`**
2022-06-28 06:42:19shuju888666 → 我们公司专业代发广告，精准投放客户广告 **`Boss91M1`**
2022-06-28 06:42:45sunshineyyds → 实力广告公司，专业代发广告 **`Boss91M1`**
2022-06-28 06:43:19fbwsline2021 → 我司专业（代）发（广）告， **`Boss91M1`**
2022-06-28 06:43:50iBox_official → 电报最大广告公司，专业代发广告 **`Boss91M1`**
2022-06-28 06:44:02caoji565 → 本公司专业代发广告 **`Boss91M1`**
2022-06-28 06:44:15TG0188 → 我们公司专业代发广告，精准投放客户广告 **`Boss91M1`**
2022-06-28 06:44:28programertalk → 我司专业（代）发各行各业（广）告， **`Boss91M1`**
2022-06-28 06:44:39caoji565 → 实力广告公司，专业代发广告 **`Boss91M1`**
2022-06-28 06:44:53FHLMTEAM → 本公司专业代发广告 **`Boss91M1`**
2022-06-28 06:45:05TG0799 → 专业代《发》《广》告， **`Boss91M1`**
2022-06-28 06:45:18daishou15 → 我司专业（代）发（广）告， **`Boss91M1`**
2022-06-28 06:46:21deep3695 → 我们精准代发广告 **`Boss91M1`**
2022-06-28 06:46:55BAOAA → 我们公司专业代发广告，精准投放客户群体   **`Boss91M1`**
2022-06-28 06:47:19USDT43 → 电报最大广告公司，专业代发广告 **`Boss91M1`**
2022-06-28 06:47:53laowangdan → 专业代《发》《广》告， **`Boss91M1`**
2022-06-28 06:48:05caoji565 → 我司专业（代）发各行各业（广）告， **`Boss91M1`**
2022-06-28 06:48:26Flea66 → 我们公司专业代发广告，精准投放客户广告 **`Boss91M1`**
2022-06-28 06:48:39DBhuaren1 → 我们精准代发广告 **`Boss91M1`**
2022-06-28 06:48:51YTZX2 → 我们公司专业代发广告，精准投放客户广告 **`Boss91M1`**
2022-06-28 06:49:04bcweb → 我司专业（代）发（广）告， **`Boss91M1`**
2022-06-28 06:49:25bclm1 → 电报最大广告公司，专业代发广告 **`Boss91M1`**
2022-06-28 06:50:06DIP9188 → 专业广告公司，专业代发广告 **`Boss91M1`**
2022-06-28 06:50:29daishou15 → 实力广告公司，专业代发广告 **`Boss91M1`**
2022-06-28 06:50:42USDTm → 我司专业（代）发（广）告， **`Boss91M1`**
2022-06-28 06:51:03yizhifu678 → 专业广告公司，专业代发广告 **`Boss91M1`**
2022-06-28 06:51:25huanqian35 → 专业代《发》《广》告， **`Boss91M1`**
2022-06-28 06:51:39TGlianmeng002 → 我们精准代发广告 **`Boss91M1`**
2022-06-28 06:52:02huihui220 → 我们公司专业代发广告，精准投放客户广告 **`Boss91M1`**
2022-06-28 06:52:15zhifuo → 我们公司专业代发广告，精准投放客户广告 **`Boss91M1`**
2022-06-28 06:52:40mingmen520 → 我们精准代发广告 **`Boss91M1`**
2022-06-28 06:52:53sunshineyyds → 我们公司专业代发广告，精准投放客户广告 **`Boss91M1`**
2022-06-28 06:53:29dongnanyaliaotian → 我司专业（代）发各行各业（广）告， **`Boss91M1`**
2022-06-28 06:53:59iBox_official → 我司专业（代）发各行各业（广）告， **`Boss91M1`**
2022-06-28 06:54:40jiu_777 → 电报最大广告公司，专业代发广告 **`Boss91M1`**
2022-06-28 06:55:21sichouzhilu0 → 专业代《发》《广》告， **`Boss91M1`**
2022-06-28 06:55:44zscd1 → 我们精准代发广告 **`Boss91M1`**
2022-06-28 06:56:20dibaihrg009 → 我们精准代发广告 **`Boss91M1`**
2022-06-28 06:56:34TGHC1 → 本公司专业代发广告 **`Boss91M1`**
2022-06-28 06:56:46meizi005 → 我们公司专业代发广告，精准投放客户群体   **`Boss91M1`**
2022-06-28 06:56:59TG0188 → 我们公司专业代发广告，精准投放客户广告 **`Boss91M1`**
2022-06-28 06:57:12ziyuan2 → 我们精准代发广告 **`Boss91M1`**
2022-06-28 06:57:58wz513064 → 我们公司专业代发广告，精准投放客户广告 **`Boss91M1`**
2022-06-28 06:58:11pcptm → 电报最大广告公司，专业代发广告 **`Boss91M1`**
2022-06-28 06:58:34YS52111 → 我司专业（代）发（广）告， **`Boss91M1`**
2022-06-28 06:58:57danbao96 → 电报最大广告公司，专业代发广告 **`Boss91M1`**
2022-06-28 06:59:44TG0188 → 我们精准代发广告 **`Boss91M1`**
2022-06-28 07:00:07qxinw → 我们公司专业代发广告，精准投放客户广告 **`Boss91M1`**
2022-06-28 07:00:19USDThuzhu3 → 我司专业（代）发各行各业（广）告， **`Boss91M1`**
2022-06-28 07:00:32TGYHZQ → 我们公司专业代发广告，精准投放客户广告 **`Boss91M1`**
2022-06-28 07:00:45NodeGlobal → 电报最大广告公司，专业代发广告 **`Boss91M1`**
2022-06-28 07:01:07kkkttt369 → 我司专业（代）发聊天群（广）告， **`Boss91M1`**
2022-06-28 07:01:20KMFW56789 → 专业代《发》《广》告， **`Boss91M1`**
2022-06-28 07:02:56XxUP1121 → 专业广告公司，专业代发广告 **`Boss91M1`**
2022-06-28 07:03:08tsdb01 → 我司专业（代）发（广）告， **`Boss91M1`**
2022-06-28 07:03:21laowangdan → 实力广告公司，专业代发广告 **`Boss91M1`**
2022-06-28 07:03:36DIP9188 → 我司专业（代）发聊天群（广）告， **`Boss91M1`**
2022-06-28 07:04:16dyjiaoliu → 我们公司专业代发广告，精准投放客户群体   **`Boss91M1`**
2022-06-28 07:04:40daishou44 → 专业广告公司，专业代发广告 **`Boss91M1`**
2022-06-28 07:04:52daishou44 → 我们公司专业代发广告，精准投放客户群体   **`Boss91M1`**
2022-06-28 07:05:05yindutg → 专业代《发》《广》告， **`Boss91M1`**
2022-06-28 07:05:54Asiaweed → 实力广告公司，专业代发广告 **`Boss91M1`**
2022-06-28 07:06:07zhongwen6 → 本公司专业代发广告 **`Boss91M1`**
2022-06-28 07:07:00usdtdfds → 专业广告公司，专业代发广告 **`Boss91M1`**
2022-06-28 07:07:13FHaak8 → 我们公司专业代发广告，精准投放客户群体   **`Boss91M1`**
2022-06-28 07:07:29xinbi_088 → 我司专业（代）发各行各业（广）告， **`Boss91M1`**
2022-06-28 07:07:42xvswens → 我司专业（代）发各行各业（广）告， **`Boss91M1`**
2022-06-28 07:07:54Usdtbmw → 我司专业（代）发各行各业（广）告， **`Boss91M1`**
2022-06-28 07:08:09NodeGlobal → 专业广告公司，专业代发广告 **`Boss91M1`**
2022-06-28 07:08:53-1001221206459 → 我司专业（代）发各行各业（广）告， **`Boss91M1`**
2022-06-28 07:09:06si1688 → 本公司专业代发广告 **`Boss91M1`**
2022-06-28 07:09:57xjltq → 我司专业（代）发聊天群（广）告， **`Boss91M1`**
2022-06-28 07:10:59huanqian35 → 专业代《发》《广》告， **`Boss91M1`**
2022-06-28 07:11:12WKLhuaren → 我司专业（代）发各行各业（广）告， **`Boss91M1`**
2022-06-28 07:11:33mingmen520 → 我司专业（代）发（广）告， **`Boss91M1`**
2022-06-28 07:11:47bailaohui_cvv → 我司专业（代）发聊天群（广）告， **`Boss91M1`**
2022-06-28 07:12:27huione888 → 我司专业（代）发各行各业（广）告， **`Boss91M1`**
2022-06-28 07:13:08daishou15 → 我司专业（代）发聊天群（广）告， **`Boss91M1`**
2022-06-28 07:13:21axujj → 我们精准代发广告 **`Boss91M1`**
2022-06-28 07:13:36HuobiGlobal_zw → 我司专业（代）发各行各业（广）告， **`Boss91M1`**
2022-06-28 07:13:49yinhangkausdt → 我们公司专业代发广告，精准投放客户群体   **`Boss91M1`**
2022-06-28 07:14:01caoji565 → 我们公司专业代发广告，精准投放客户广告 **`Boss91M1`**
2022-06-28 07:14:21guangdongyue → 专业广告公司，专业代发广告 **`Boss91M1`**
2022-06-28 07:14:47bclm1 → 我们公司专业代发广告，精准投放客户广告 **`Boss91M1`**
2022-06-28 07:15:09caoji565 → 我司专业（代）发各行各业（广）告， **`Boss91M1`**
2022-06-28 07:15:35wz513064 → 电报最大广告公司，专业代发广告 **`Boss91M1`**
2022-06-28 07:16:44india_moneypay → 我司专业（代）发各行各业（广）告， **`Boss91M1`**
2022-06-28 07:17:06sanfang53 → 我们公司专业代发广告，精准投放客户群体   **`Boss91M1`**
2022-06-28 07:18:02xianliao01 → 实力广告公司，专业代发广告 **`Boss91M1`**
2022-06-28 07:18:26HWDBQ → 本公司专业代发广告 **`Boss91M1`**
2022-06-28 07:18:47Flea66 → 专业广告公司，专业代发广告 **`Boss91M1`**
2022-06-28 07:18:59Usdtbmw → 本公司专业代发广告 **`Boss91M1`**
2022-06-28 07:19:49XxUP1121 → 我司专业（代）发聊天群（广）告， **`Boss91M1`**
2022-06-28 07:20:16NodeGlobal → 我们公司专业代发广告，精准投放客户广告 **`Boss91M1`**
2022-06-28 07:20:57xvswens → 我司专业（代）发各行各业（广）告， **`Boss91M1`**
2022-06-28 07:21:10-1001716794091 → 我们公司专业代发广告，精准投放客户广告 **`Boss91M1`**
2022-06-28 07:21:24insinsa → 我们公司专业代发广告，精准投放客户广告 **`Boss91M1`**
2022-06-28 07:21:47daishoujiaoyi → 我司专业（代）发各行各业（广）告， **`Boss91M1`**
2022-06-28 07:22:22si1688 → 专业广告公司，专业代发广告 **`Boss91M1`**
2022-06-28 07:22:44fbwsline2021 → 我司专业（代）发（广）告， **`Boss91M1`**
2022-06-28 07:23:04xvswens → 专业代《发》《广》告， **`Boss91M1`**
2022-06-28 07:23:53XxUP1121 → 我司专业（代）发各行各业（广）告， **`Boss91M1`**
2022-06-28 07:24:05yuehui8 → 我们公司专业代发广告，精准投放客户广告 **`Boss91M1`**
2022-06-28 07:24:19zscd1 → 我司专业（代）发聊天群（广）告， **`Boss91M1`**
2022-06-28 07:24:45-1001588866008 → 我司专业（代）发聊天群（广）告， **`Boss91M1`**
2022-06-28 07:24:58huihui220 → 电报最大广告公司，专业代发广告 **`Boss91M1`**
2022-06-28 07:25:22zzlsjbyq → 我们公司专业代发广告，精准投放客户广告 **`Boss91M1`**
2022-06-28 07:25:54TG110 → 我司专业（代）发各行各业（广）告， **`Boss91M1`**
2022-06-28 07:26:30LuckyFrogC → 我们公司专业代发广告，精准投放客户广告 **`Boss91M1`**
2022-06-28 07:26:54bitcoindfds → 我司专业（代）发（广）告， **`Boss91M1`**
2022-06-28 07:27:06yindutg → 我们公司专业代发广告，精准投放客户广告 **`Boss91M1`**
2022-06-28 07:27:20wz513064 → 实力广告公司，专业代发广告 **`Boss91M1`**
2022-06-28 07:28:02A_K_3A → 我们精准代发广告 **`Boss91M1`**
2022-06-28 07:28:15xjltq → 专业代《发》《广》告， **`Boss91M1`**
2022-06-28 07:28:27BAOAA → 我司专业（代）发各行各业（广）告， **`Boss91M1`**
2022-06-28 07:28:40TG1949521 → 我们公司专业代发广告，精准投放客户广告 **`Boss91M1`**
2022-06-28 07:29:08jiu_777 → 本公司专业代发广告 **`Boss91M1`**
2022-06-28 07:29:20si1688 → 我司专业（代）发各行各业（广）告， **`Boss91M1`**
2022-06-28 07:29:33TGYHZQ → 专业代《发》《广》告， **`Boss91M1`**
2022-06-28 07:30:49yindutg → 实力广告公司，专业代发广告 **`Boss91M1`**
2022-06-28 07:31:02NodeGlobal → 我司专业（代）发（广）告， **`Boss91M1`**
2022-06-28 07:31:14TGYHZQ → 专业广告公司，专业代发广告 **`Boss91M1`**
2022-06-28 07:31:27tz636 → 我们精准代发广告 **`Boss91M1`**
2022-06-28 07:31:42a1313652 → 专业广告公司，专业代发广告 **`Boss91M1`**
2022-06-28 07:32:19bclm1 → 专业代《发》《广》告， **`Boss91M1`**
2022-06-28 07:32:31zhifuo → 本公司专业代发广告 **`Boss91M1`**
2022-06-28 07:33:27pshqo → 专业广告公司，专业代发广告 **`Boss91M1`**
2022-06-28 07:33:40qxinw → 专业广告公司，专业代发广告 **`Boss91M1`**
2022-06-28 07:33:53dibaihrg009 → 我司专业（代）发（广）告， **`Boss91M1`**
2022-06-28 07:34:14zscd18 → 专业广告公司，专业代发广告 **`Boss91M1`**
2022-06-28 07:34:26USDThuzhu3 → 专业广告公司，专业代发广告 **`Boss91M1`**
2022-06-28 07:34:38BAOAA → 实力广告公司，专业代发广告 **`Boss91M1`**
2022-06-28 07:35:33xvswens → 专业代《发》《广》告， **`Boss91M1`**
2022-06-28 07:35:45KMFW56789 → 专业广告公司，专业代发广告 **`Boss91M1`**
2022-06-28 07:37:04mingmen520 → 实力广告公司，专业代发广告 **`Boss91M1`**
2022-06-28 07:37:16FHLMTEAM → 我们精准代发广告 **`Boss91M1`**
2022-06-28 07:37:28yindutg → 我们精准代发广告 **`Boss91M1`**
2022-06-28 07:37:42danbao96 → 实力广告公司，专业代发广告 **`Boss91M1`**
2022-06-28 07:37:54tz636 → 我司专业（代）发聊天群（广）告， **`Boss91M1`**
2022-06-28 07:38:37axujj → 我们公司专业代发广告，精准投放客户群体   **`Boss91M1`**
2022-06-28 07:38:50TGDL128 → 实力广告公司，专业代发广告 **`Boss91M1`**
2022-06-28 07:39:02tongdao25 → 本公司专业代发广告 **`Boss91M1`**
2022-06-28 07:39:15TGdanbao000 → 电报最大广告公司，专业代发广告 **`Boss91M1`**
2022-06-28 07:39:30BAOAA → 本公司专业代发广告 **`Boss91M1`**
2022-06-28 07:39:43axujj → 本公司专业代发广告 **`Boss91M1`**
2022-06-28 07:40:49bacommu → 我们公司专业代发广告，精准投放客户广告 **`Boss91M1`**
2022-06-28 07:42:06zhong_wen6 → 专业广告公司，专业代发广告 **`Boss91M1`**
2022-06-28 07:42:18wy173 → 我司专业（代）发聊天群（广）告， **`Boss91M1`**
2022-06-28 07:42:31fbwsline2021 → 我司专业（代）发各行各业（广）告， **`Boss91M1`**
2022-06-28 07:42:43guminlaqun66 → 实力广告公司，专业代发广告 **`Boss91M1`**
2022-06-28 07:43:14tz636 → 电报最大广告公司，专业代发广告 **`Boss91M1`**
2022-06-28 07:43:26guangdongyue → 我们公司专业代发广告，精准投放客户群体   **`Boss91M1`**
2022-06-28 07:43:50baocai217 → 专业广告公司，专业代发广告 **`Boss91M1`**
2022-06-28 07:44:09xbdb01 → 实力广告公司，专业代发广告 **`Boss91M1`**
2022-06-28 07:44:21yizhifu678 → 专业广告公司，专业代发广告 **`Boss91M1`**
2022-06-28 07:44:42BikingChineseGroup → 实力广告公司，专业代发广告 **`Boss91M1`**
2022-06-28 07:45:25SHCPCO → 电报最大广告公司，专业代发广告 **`Boss91M1`**
2022-06-28 07:45:38cccccccxyyy → 电报最大广告公司，专业代发广告 **`Boss91M1`**
2022-06-28 07:45:50india_moneypay → 我司专业（代）发（广）告， **`Boss91M1`**
2022-06-28 07:46:02caoji565 → 我司专业（代）发各行各业（广）告， **`Boss91M1`**
2022-06-28 07:46:59TG0188 → 电报最大广告公司，专业代发广告 **`Boss91M1`**
2022-06-28 07:47:23huanqian35 → 我们公司专业代发广告，精准投放客户群体   **`Boss91M1`**
2022-06-28 07:47:55-1001799208988 → 本公司专业代发广告 **`Boss91M1`**
2022-06-28 07:48:44qxinw → 专业代《发》《广》告， **`Boss91M1`**
2022-06-28 07:48:58-1001730566299 → 我们公司专业代发广告，精准投放客户群体   **`Boss91M1`**
2022-06-28 07:49:43tfwzclz → 实力广告公司，专业代发广告 **`Boss91M1`**
2022-06-28 07:49:55NodeGlobal → 本公司专业代发广告 **`Boss91M1`**
2022-06-28 07:51:14bcweb → 实力广告公司，专业代发广告 **`Boss91M1`**
2022-06-28 07:51:50usdtdfds → 我司专业（代）发（广）告， **`Boss91M1`**
2022-06-28 07:52:02-1001647245860 → 本公司专业代发广告 **`Boss91M1`**
2022-06-28 07:52:15yindutg → 我司专业（代）发各行各业（广）告， **`Boss91M1`**
2022-06-28 07:52:29TG088 → 专业广告公司，专业代发广告 **`Boss91M1`**
2022-06-28 07:53:05Flea66 → 电报最大广告公司，专业代发广告 **`Boss91M1`**
2022-06-28 07:53:17Flea66 → 实力广告公司，专业代发广告 **`Boss91M1`**
2022-06-28 07:53:30zhongwen6 → 我司专业（代）发（广）告， **`Boss91M1`**
2022-06-28 07:53:53USDT43 → 电报最大广告公司，专业代发广告 **`Boss91M1`**
2022-06-28 07:54:05bacommu → 我司专业（代）发（广）告， **`Boss91M1`**
2022-06-28 07:54:28-1001663027369 → 专业代《发》《广》告， **`Boss91M1`**
2022-06-28 07:54:41qxinw → 我们精准代发广告 **`Boss91M1`**
2022-06-28 07:54:54WKLhuaren → 专业代《发》《广》告， **`Boss91M1`**
2022-06-28 07:55:08ccv348 → 我们公司专业代发广告，精准投放客户群体   **`Boss91M1`**
2022-06-28 07:55:21BAOAA → 我司专业（代）发聊天群（广）告， **`Boss91M1`**
2022-06-28 07:55:32iBox_official → 本公司专业代发广告 **`Boss91M1`**
2022-06-28 07:55:45SHCPCO → 我司专业（代）发聊天群（广）告， **`Boss91M1`**
2022-06-28 07:56:45TG_King90 → 我司专业（代）发聊天群（广）告， **`Boss91M1`**
2022-06-28 07:57:02Asiaweed → 电报最大广告公司，专业代发广告 **`Boss91M1`**
2022-06-28 07:57:26TGdanbao000 → 我司专业（代）发各行各业（广）告， **`Boss91M1`**
2022-06-28 07:57:38yuehui8 → 本公司专业代发广告 **`Boss91M1`**
2022-06-28 07:58:07doge88 → 专业代《发》《广》告， **`Boss91M1`**
2022-06-28 07:58:19yizhifu678 → 我们精准代发广告 **`Boss91M1`**
2022-06-28 07:58:42-1001129673169 → 电报最大广告公司，专业代发广告 **`Boss91M1`**
2022-06-28 07:58:53guangdongyue → 我司专业（代）发聊天群（广）告， **`Boss91M1`**
2022-06-28 08:00:13si1688 → 我们公司专业代发广告，精准投放客户群体   **`Boss91M1`**
2022-06-28 08:00:26zscd18 → 我们公司专业代发广告，精准投放客户群体   **`Boss91M1`**
2022-06-28 08:01:19FQ3P3 → 专业广告公司，专业代发广告 **`Boss91M1`**
2022-06-28 08:01:32xinbi_088 → 专业代《发》《广》告， **`Boss91M1`**
2022-06-28 08:01:45mingmen520 → 我们公司专业代发广告，精准投放客户广告 **`Boss91M1`**
2022-06-28 08:01:58huanqian35 → 本公司专业代发广告 **`Boss91M1`**
2022-06-28 08:02:39boniuzppas → 我司专业（代）发各行各业（广）告， **`Boss91M1`**
2022-06-28 08:02:52yuehui8 → 专业广告公司，专业代发广告 **`Boss91M1`**
2022-06-28 08:03:05allswapCN → 我司专业（代）发各行各业（广）告， **`Boss91M1`**
2022-06-28 08:03:29smspva_online → 专业广告公司，专业代发广告 **`Boss91M1`**
2022-06-28 08:03:46az123818 → 本公司专业代发广告 **`Boss91M1`**
2022-06-28 08:03:58xbdb01 → 我们公司专业代发广告，精准投放客户广告 **`Boss91M1`**
2022-06-28 08:04:35wz513064 → 我们公司专业代发广告，精准投放客户广告 **`Boss91M1`**
2022-06-28 08:05:01caoji565 → 我们公司专业代发广告，精准投放客户群体   **`Boss91M1`**
2022-06-28 08:05:14xjltq → 我们公司专业代发广告，精准投放客户广告 **`Boss91M1`**
2022-06-28 08:06:49FHaak8 → 专业广告公司，专业代发广告 **`Boss91M1`**
2022-06-28 08:07:01daishou15 → 我们公司专业代发广告，精准投放客户广告 **`Boss91M1`**
2022-06-28 08:07:13USDThuzhu3 → 电报最大广告公司，专业代发广告 **`Boss91M1`**
2022-06-28 08:07:27yuehui8 → 我司专业（代）发（广）告， **`Boss91M1`**
2022-06-28 08:07:40dyjiaoliu → 实力广告公司，专业代发广告 **`Boss91M1`**
2022-06-28 08:07:54-1001612202795 → 专业广告公司，专业代发广告 **`Boss91M1`**
2022-06-28 08:08:07yindutg → 我们公司专业代发广告，精准投放客户群体   **`Boss91M1`**
2022-06-28 08:08:56meizi005 → 我们精准代发广告 **`Boss91M1`**
2022-06-28 08:09:19meizi005 → 我司专业（代）发（广）告， **`Boss91M1`**
2022-06-28 08:09:52xbdb01 → 专业广告公司，专业代发广告 **`Boss91M1`**
2022-06-28 08:10:37caoji565 → 实力广告公司，专业代发广告 **`Boss91M1`**
2022-06-28 08:10:50XxUP1121 → 我们精准代发广告 **`Boss91M1`**
2022-06-28 08:11:22Shell66666 → 我们公司专业代发广告，精准投放客户广告 **`Boss91M1`**
2022-06-28 08:11:36-1001762919852 → 我司专业（代）发（广）告， **`Boss91M1`**
2022-06-28 08:11:49az123818 → 我们公司专业代发广告，精准投放客户群体   **`Boss91M1`**
2022-06-28 08:12:01yindutg → 电报最大广告公司，专业代发广告 **`Boss91M1`**
2022-06-28 08:12:37fw866 → 我司专业（代）发（广）告， **`Boss91M1`**
2022-06-28 08:13:10daishoujiaoyi → 本公司专业代发广告 **`Boss91M1`**
2022-06-28 08:13:34deep3695 → 我司专业（代）发各行各业（广）告， **`Boss91M1`**
2022-06-28 08:13:47bclm1 → 我司专业（代）发各行各业（广）告， **`Boss91M1`**
2022-06-28 08:13:59NodeGlobal → 本公司专业代发广告 **`Boss91M1`**
2022-06-28 08:14:13baocai217 → 我司专业（代）发聊天群（广）告， **`Boss91M1`**
2022-06-28 08:14:28deep3695 → 我司专业（代）发各行各业（广）告， **`Boss91M1`**
2022-06-28 08:14:54yizhifu678 → 我们公司专业代发广告，精准投放客户广告 **`Boss91M1`**
2022-06-28 08:15:07USDT43 → 我们公司专业代发广告，精准投放客户群体   **`Boss91M1`**
2022-06-28 08:15:44bailaohui_cvv → 我们公司专业代发广告，精准投放客户群体   **`Boss91M1`**
2022-06-28 08:16:38si1688 → 我们公司专业代发广告，精准投放客户群体   **`Boss91M1`**
2022-06-28 08:17:22huione888 → 我司专业（代）发聊天群（广）告， **`Boss91M1`**
2022-06-28 08:17:37dyjiaoliu → 我司专业（代）发（广）告， **`Boss91M1`**
2022-06-28 08:17:58ltq33 → 实力广告公司，专业代发广告 **`Boss91M1`**
2022-06-28 08:18:42kkkttt369 → 我司专业（代）发（广）告， **`Boss91M1`**
2022-06-28 08:19:03caoji565 → 我司专业（代）发（广）告， **`Boss91M1`**
2022-06-28 08:19:50laoyingchuhai8 → 电报最大广告公司，专业代发广告 **`Boss91M1`**
2022-06-28 08:20:41daishoujiaoyi → 本公司专业代发广告 **`Boss91M1`**
2022-06-28 08:21:19qipaipan54 → 我们公司专业代发广告，精准投放客户群体   **`Boss91M1`**
2022-06-28 08:21:47zscd18 → 我们公司专业代发广告，精准投放客户群体   **`Boss91M1`**
2022-06-28 08:22:09tongdao25 → 本公司专业代发广告 **`Boss91M1`**
2022-06-28 08:22:34sunshineyyds → 专业广告公司，专业代发广告 **`Boss91M1`**
2022-06-28 08:22:47bclm1 → 专业代《发》《广》告， **`Boss91M1`**
2022-06-28 08:23:00botong002 → 专业代《发》《广》告， **`Boss91M1`**
2022-06-28 08:23:12baocai217 → 专业代《发》《广》告， **`Boss91M1`**
2022-06-28 08:23:35daishou15 → 专业广告公司，专业代发广告 **`Boss91M1`**
2022-06-28 08:23:58yinhangkausdt → 专业广告公司，专业代发广告 **`Boss91M1`**
2022-06-28 08:24:11meizi005 → 我们精准代发广告 **`Boss91M1`**
2022-06-28 08:24:25iBox_official → 本公司专业代发广告 **`Boss91M1`**
2022-06-28 08:24:47MLA9999 → 我司专业（代）发聊天群（广）告， **`Boss91M1`**
2022-06-28 08:25:18xinbi_088 → 本公司专业代发广告 **`Boss91M1`**
2022-06-28 08:25:52xjltq → 本公司专业代发广告 **`Boss91M1`**
2022-06-28 08:26:12danbao96 → 专业广告公司，专业代发广告 **`Boss91M1`**
2022-06-28 08:27:51Fkzy_Group → 专业代《发》《广》告， **`Boss91M1`**
2022-06-28 08:28:04tongdao25 → 本公司专业代发广告 **`Boss91M1`**
2022-06-28 08:28:17-1001084532732 → 电报最大广告公司，专业代发广告 **`Boss91M1`**
2022-06-28 08:29:18Flea66 → 我司专业（代）发聊天群（广）告， **`Boss91M1`**
2022-06-28 08:29:31KMFW56789 → 我们公司专业代发广告，精准投放客户广告 **`Boss91M1`**
2022-06-28 08:29:55tcelue1 → 我们公司专业代发广告，精准投放客户群体   **`Boss91M1`**
2022-06-28 08:30:08TG006 → 我司专业（代）发（广）告， **`Boss91M1`**
2022-06-28 08:30:21TGDL128 → 我们公司专业代发广告，精准投放客户群体   **`Boss91M1`**
2022-06-28 08:30:33si1688 → 我司专业（代）发聊天群（广）告， **`Boss91M1`**
2022-06-28 08:31:09yinhangkausdt → 实力广告公司，专业代发广告 **`Boss91M1`**
2022-06-28 08:31:32zhifuo → 专业广告公司，专业代发广告 **`Boss91M1`**
2022-06-28 08:31:45TGDL128 → 我们公司专业代发广告，精准投放客户广告 **`Boss91M1`**
2022-06-28 08:32:09zhongwen6 → 电报最大广告公司，专业代发广告 **`Boss91M1`**
2022-06-28 08:32:50Shore999888 → 我们公司专业代发广告，精准投放客户群体   **`Boss91M1`**
2022-06-28 08:33:22TG0188 → 本公司专业代发广告 **`Boss91M1`**
2022-06-28 08:33:46bitcoindfds → 专业广告公司，专业代发广告 **`Boss91M1`**
2022-06-28 08:34:10zhifuo → 实力广告公司，专业代发广告 **`Boss91M1`**
2022-06-28 08:34:23BAOAA → 专业广告公司，专业代发广告 **`Boss91M1`**
2022-06-28 08:34:49bclm1 → 我们精准代发广告 **`Boss91M1`**
2022-06-28 08:35:14caoji565 → 专业代《发》《广》告， **`Boss91M1`**
2022-06-28 08:35:27qipaipan54 → 实力广告公司，专业代发广告 **`Boss91M1`**
2022-06-28 08:35:39Fkzy_Group → 本公司专业代发广告 **`Boss91M1`**
2022-06-28 08:35:54az123818 → 本公司专业代发广告 **`Boss91M1`**
2022-06-28 08:36:06sanfang53 → 我司专业（代）发各行各业（广）告， **`Boss91M1`**
2022-06-28 08:36:18html66 → 我们公司专业代发广告，精准投放客户广告 **`Boss91M1`**
2022-06-28 08:36:43mingmen520 → 实力广告公司，专业代发广告 **`Boss91M1`**
2022-06-28 08:36:57-1001181848518 → 我司专业（代）发各行各业（广）告， **`Boss91M1`**
2022-06-28 08:37:23xjltq → 专业代《发》《广》告， **`Boss91M1`**
2022-06-28 08:38:13jiu_777 → 我司专业（代）发聊天群（广）告， **`Boss91M1`**
2022-06-28 08:38:36bitcoindfds → 我司专业（代）发聊天群（广）告， **`Boss91M1`**
2022-06-28 08:38:50jfoisjfiodvfd → 我们精准代发广告 **`Boss91M1`**
2022-06-28 08:39:04bcweb → 本公司专业代发广告 **`Boss91M1`**
2022-06-28 08:39:41TGYHZQ → 我们公司专业代发广告，精准投放客户群体   **`Boss91M1`**
2022-06-28 08:40:02daishou44 → 专业代《发》《广》告， **`Boss91M1`**
2022-06-28 08:41:50juliang666 → 我司专业（代）发聊天群（广）告， **`Boss91M1`**
2022-06-28 08:42:50sunshineyyds → 我司专业（代）发各行各业（广）告， **`Boss91M1`**
2022-06-28 08:43:15-1001676879737 → 我们公司专业代发广告，精准投放客户广告 **`Boss91M1`**
2022-06-28 08:43:37bcweb → 我司专业（代）发聊天群（广）告， **`Boss91M1`**
2022-06-28 08:44:09ltq33 → 本公司专业代发广告 **`Boss91M1`**
2022-06-28 08:44:44sq577 → 我司专业（代）发（广）告， **`Boss91M1`**
2022-06-28 08:44:59huanqian35 → 我司专业（代）发聊天群（广）告， **`Boss91M1`**
2022-06-28 08:45:11yindutg → 我们公司专业代发广告，精准投放客户群体   **`Boss91M1`**
2022-06-28 08:45:24usdthuihuan → 我们精准代发广告 **`Boss91M1`**
2022-06-28 08:45:37shuju888666 → 我们精准代发广告 **`Boss91M1`**
2022-06-28 08:46:01bitcoindfds → 我们精准代发广告 **`Boss91M1`**
2022-06-28 08:46:38bailaohui_cvv → 电报最大广告公司，专业代发广告 **`Boss91M1`**
2022-06-28 08:46:51a1313652 → 我司专业（代）发（广）告， **`Boss91M1`**
2022-06-28 08:47:04DBhuaren1 → 专业代《发》《广》告， **`Boss91M1`**
2022-06-28 08:47:17huione888 → 专业广告公司，专业代发广告 **`Boss91M1`**
2022-06-28 08:47:38yuantoushuju5 → 我司专业（代）发（广）告， **`Boss91M1`**
2022-06-28 08:47:51kkkttt369 → 实力广告公司，专业代发广告 **`Boss91M1`**
2022-06-28 08:48:14zhongwen6 → 我司专业（代）发聊天群（广）告， **`Boss91M1`**
2022-06-28 08:48:26bclm1 → 我们精准代发广告 **`Boss91M1`**
2022-06-28 08:48:39danbao96 → 本公司专业代发广告 **`Boss91M1`**
2022-06-28 08:48:51guminlaqun66 → 我们精准代发广告 **`Boss91M1`**
2022-06-28 08:49:36qxinw → 专业代《发》《广》告， **`Boss91M1`**
2022-06-28 08:50:10KMFW56789 → 我们精准代发广告 **`Boss91M1`**
2022-06-28 08:50:35TGYHZQ → 我司专业（代）发各行各业（广）告， **`Boss91M1`**
2022-06-28 08:50:58tz636 → 我司专业（代）发（广）告， **`Boss91M1`**
2022-06-28 08:51:55TG_King80 → 我们公司专业代发广告，精准投放客户群体   **`Boss91M1`**
2022-06-28 08:52:29tz636 → 我们精准代发广告 **`Boss91M1`**
2022-06-28 08:52:52yugzf → 实力广告公司，专业代发广告 **`Boss91M1`**
2022-06-28 08:53:05sanfang53 → 专业代《发》《广》告， **`Boss91M1`**
2022-06-28 08:53:27zscd1 → 我司专业（代）发各行各业（广）告， **`Boss91M1`**
2022-06-28 08:53:39india_moneypay → 我司专业（代）发各行各业（广）告， **`Boss91M1`**
2022-06-28 08:53:52qipaipan54 → 电报最大广告公司，专业代发广告 **`Boss91M1`**
2022-06-28 08:54:04jiu_777 → 我们公司专业代发广告，精准投放客户群体   **`Boss91M1`**
2022-06-28 08:54:25iBox_official → 我们公司专业代发广告，精准投放客户广告 **`Boss91M1`**
2022-06-28 08:54:37tokauCN → 我司专业（代）发聊天群（广）告， **`Boss91M1`**
2022-06-28 08:55:00TG1949521 → 我司专业（代）发聊天群（广）告， **`Boss91M1`**
2022-06-28 08:55:35fbwsline2021 → 本公司专业代发广告 **`Boss91M1`**
2022-06-28 08:55:50XxUP1121 → 电报最大广告公司，专业代发广告 **`Boss91M1`**
2022-06-28 08:56:42yugzf → 专业代《发》《广》告， **`Boss91M1`**
2022-06-28 08:57:07TGYHZQ → 我司专业（代）发各行各业（广）告， **`Boss91M1`**
2022-06-28 08:57:49caoji565 → 实力广告公司，专业代发广告 **`Boss91M1`**
2022-06-28 08:58:22mingmen520 → 专业代《发》《广》告， **`Boss91M1`**
2022-06-28 08:58:35deep3695 → 电报最大广告公司，专业代发广告 **`Boss91M1`**
2022-06-28 08:58:48si1688 → 我司专业（代）发聊天群（广）告， **`Boss91M1`**
2022-06-28 08:59:22Shore999888 → 我们精准代发广告 **`Boss91M1`**
2022-06-28 08:59:52FQ3P3 → 我们公司专业代发广告，精准投放客户群体   **`Boss91M1`**
2022-06-28 09:00:04zhifuo → 我司专业（代）发聊天群（广）告， **`Boss91M1`**
2022-06-28 09:00:25zscd18 → 我司专业（代）发各行各业（广）告， **`Boss91M1`**
2022-06-28 09:00:38yinhangkausdt → 专业广告公司，专业代发广告 **`Boss91M1`**
2022-06-28 09:01:01guangdongyue → 我司专业（代）发各行各业（广）告， **`Boss91M1`**
2022-06-28 09:01:29huitdxbjure → 本公司专业代发广告 **`Boss91M1`**
2022-06-28 09:02:08HWDBQ → 本公司专业代发广告 **`Boss91M1`**
2022-06-28 09:02:29TG771 → 本公司专业代发广告 **`Boss91M1`**
2022-06-28 09:02:43QFA2022C → 实力广告公司，专业代发广告 **`Boss91M1`**
2022-06-28 09:03:31sichouzhilu0 → 我司专业（代）发聊天群（广）告， **`Boss91M1`**
2022-06-28 09:03:45dbf6666 → 我司专业（代）发各行各业（广）告， **`Boss91M1`**
2022-06-28 09:03:57xvswens → 我们精准代发广告 **`Boss91M1`**
2022-06-28 09:04:24daishoujiaoyi → 专业代《发》《广》告， **`Boss91M1`**
2022-06-28 09:04:57Asiaweed → 专业广告公司，专业代发广告 **`Boss91M1`**
2022-06-28 09:05:11-1001669766285 → 我们公司专业代发广告，精准投放客户群体   **`Boss91M1`**
2022-06-28 09:05:56xbdb01 → 我们公司专业代发广告，精准投放客户广告 **`Boss91M1`**
2022-06-28 09:06:21caoji565 → 我司专业（代）发聊天群（广）告， **`Boss91M1`**
2022-06-28 09:06:33TG0799 → 我们精准代发广告 **`Boss91M1`**
2022-06-28 09:07:18OKXGroup_CN → 电报最大广告公司，专业代发广告 **`Boss91M1`**
2022-06-28 09:08:33india_moneypay → 本公司专业代发广告 **`Boss91M1`**
2022-06-28 09:08:47daishou44 → 电报最大广告公司，专业代发广告 **`Boss91M1`**
2022-06-28 09:08:59bclm1 → 我们公司专业代发广告，精准投放客户广告 **`Boss91M1`**
2022-06-28 09:09:13axujj → 实力广告公司，专业代发广告 **`Boss91M1`**
2022-06-28 09:09:28mingmen520 → 我司专业（代）发聊天群（广）告， **`Boss91M1`**
2022-06-28 09:09:49xianliao01 → 我们公司专业代发广告，精准投放客户广告 **`Boss91M1`**
2022-06-28 09:10:11DIP9188 → 我们公司专业代发广告，精准投放客户群体   **`Boss91M1`**
2022-06-28 09:10:46juliang666 → 实力广告公司，专业代发广告 **`Boss91M1`**
2022-06-28 09:10:58xjltq → 我们公司专业代发广告，精准投放客户广告 **`Boss91M1`**
2022-06-28 09:11:12danbao96 → 实力广告公司，专业代发广告 **`Boss91M1`**
2022-06-28 09:11:36sanfang53 → 我们公司专业代发广告，精准投放客户群体   **`Boss91M1`**
2022-06-28 09:12:01sunshineyyds → 我司专业（代）发聊天群（广）告， **`Boss91M1`**
2022-06-28 09:12:14USDT43 → 我们精准代发广告 **`Boss91M1`**
2022-06-28 09:12:27deep3695 → 我司专业（代）发各行各业（广）告， **`Boss91M1`**
2022-06-28 09:12:52tongdao25 → 专业广告公司，专业代发广告 **`Boss91M1`**
2022-06-28 09:13:05yizhifu678 → 电报最大广告公司，专业代发广告 **`Boss91M1`**
2022-06-28 09:13:45dyjiaoliu → 本公司专业代发广告 **`Boss91M1`**