
2022-07-01 07:04:33 → 5511961228669 → juliang666 → 我司专业（代）发聊天群（广）告， **`Boss91M1`**
2022-07-01 07:05:03 → 19097151292 → Fkzy_Group → 我司专业（代）发各行各业（广）告， **`Boss91M1`**
2022-07-01 07:05:13 → 13602091690 → qipaipan54 → 电报最大广告公司，专业代发广告 **`Boss91M1`**
2022-07-01 07:05:24 → 5511968216453 → az123818 → 实力广告公司，专业代发广告 **`Boss91M1`**
2022-07-01 07:05:32 → 19098453166 → QQLSJ → 我们公司专业代发广告，精准投放客户群体   **`Boss91M1`**
2022-07-01 07:05:50 → 5511966766277 → tfwzclz → 我们公司专业代发广告，精准投放客户群体   **`Boss91M1`**
2022-07-01 07:05:58 → 5511946827983 → zscd18 → 电报最大广告公司，专业代发广告 **`Boss91M1`**
2022-07-01 07:06:07 → 5511957529417 → jiu_777 → 我司专业（代）发各行各业（广）告， **`Boss91M1`**
2022-07-01 07:06:30 → 5511968857823 → tsdb01 → 专业广告公司，专业代发广告 **`Boss91M1`**
2022-07-01 07:06:51 → 5511962375572 → fbwsline2021 → 专业广告公司，专业代发广告 **`Boss91M1`**
2022-07-01 07:07:04 → 13606658573 → xinbi_088 → 我司专业（代）发各行各业（广）告， **`Boss91M1`**
2022-07-01 07:07:12 → 5511979992649 → TG_King90 → 本公司专业代发广告 **`Boss91M1`**
2022-07-01 07:07:22 → 5511962232370 → wy173 → 我们公司专业代发广告，精准投放客户群体   **`Boss91M1`**
2022-07-01 07:07:41 → 5511967906646 → az123818 → 本公司专业代发广告 **`Boss91M1`**
2022-07-01 07:07:53 → 5511961028971 → xinbi_088 → 我们公司专业代发广告，精准投放客户群体   **`Boss91M1`**
2022-07-01 07:08:04 → 5511957276539 → meizi005 → 我司专业（代）发聊天群（广）告， **`Boss91M1`**
2022-07-01 07:08:13 → 5511966962455 → deep3695 → 我们精准代发广告 **`Boss91M1`**
2022-07-01 07:08:22 → 5511980117746 → tz636 → 本公司专业代发广告 **`Boss91M1`**
2022-07-01 07:08:30 → 5511968026503 → USDTm → 专业代《发》《广》告， **`Boss91M1`**
2022-07-01 07:08:42 → 19095050732 → daishou44 → 专业代《发》《广》告， **`Boss91M1`**
2022-07-01 07:09:07 → 19096741939 → aqawsedrftgyhujikolp → 我司专业（代）发（广）告， **`Boss91M1`**
2022-07-01 07:09:16 → 5511931138169 → TGYHZQ → 本公司专业代发广告 **`Boss91M1`**
2022-07-01 07:09:40 → 5511960923134 → TG0188 → 我们公司专业代发广告，精准投放客户广告 **`Boss91M1`**
2022-07-01 07:09:49 → 19095002275 → xbdb01 → 实力广告公司，专业代发广告 **`Boss91M1`**
2022-07-01 07:09:57 → 5511957279540 → bclm1 → 本公司专业代发广告 **`Boss91M1`**
2022-07-01 07:10:09 → 5511980647997 → xjltq → 我司专业（代）发聊天群（广）告， **`Boss91M1`**
2022-07-01 07:10:27 → 19108385277 → deep3695 → 专业广告公司，专业代发广告 **`Boss91M1`**
2022-07-01 07:10:36 → 5511946736417 → az123818 → 我司专业（代）发（广）告， **`Boss91M1`**
2022-07-01 07:10:57 → 5511946505741 → wz513064 → 我们公司专业代发广告，精准投放客户广告 **`Boss91M1`**
2022-07-01 07:11:22 → 5511957072605 → xjltq → 我们公司专业代发广告，精准投放客户广告 **`Boss91M1`**
2022-07-01 07:12:00 → 5511960874133 → xjltq → 我司专业（代）发各行各业（广）告， **`Boss91M1`**
2022-07-01 07:12:10 → 13607498791 → ORYXW → 实力广告公司，专业代发广告 **`Boss91M1`**
2022-07-01 07:12:37 → 5511957027897 → fbwsline2021 → 专业广告公司，专业代发广告 **`Boss91M1`**
2022-07-01 07:12:55 → 5511954046756 → zhifuo → 我司专业（代）发聊天群（广）告， **`Boss91M1`**
2022-07-01 07:13:05 → 62881010918250 → qxinw → 专业广告公司，专业代发广告 **`Boss91M1`**
2022-07-01 07:13:13 → 5511946817676 → sanfang53 → 我们公司专业代发广告，精准投放客户广告 **`Boss91M1`**
2022-07-01 07:13:23 → 13607173732 → axujj → 我司专业（代）发（广）告， **`Boss91M1`**
2022-07-01 07:13:41 → 5511944349557 → daishoujiaoyi → 专业广告公司，专业代发广告 **`Boss91M1`**
2022-07-01 07:13:53 → 62881011258551 → tfwzclz → 专业代《发》《广》告， **`Boss91M1`**
2022-07-01 07:14:02 → 19098452543 → xingqiuzt08 → 实力广告公司，专业代发广告 **`Boss91M1`**
2022-07-01 07:14:10 → 19107520819 → axujj → 我司专业（代）发各行各业（广）告， **`Boss91M1`**
2022-07-01 07:14:51 → 5511957276539 → daishou15 → 专业代《发》《广》告， **`Boss91M1`**
2022-07-01 07:15:12 → 5511946409046 → Usdtbmw → 我们公司专业代发广告，精准投放客户群体   **`Boss91M1`**
2022-07-01 07:15:55 → 5511966766277 → Flea66 → 本公司专业代发广告 **`Boss91M1`**
2022-07-01 07:16:04 → 5511968857823 → TG0188 → 实力广告公司，专业代发广告 **`Boss91M1`**
2022-07-01 07:16:31 → 5511957529417 → bcweb → 我司专业（代）发（广）告， **`Boss91M1`**
2022-07-01 07:16:42 → 62881010918250 → sunshineyyds → 我们公司专业代发广告，精准投放客户群体   **`Boss91M1`**
2022-07-01 07:16:52 → 19102605782 → Flea66 → 我们公司专业代发广告，精准投放客户广告 **`Boss91M1`**
2022-07-01 07:17:02 → 5511946505741 → caoji565 → 实力广告公司，专业代发广告 **`Boss91M1`**
2022-07-01 07:17:22 → 19098334676 → Usdtbmw → 专业代《发》《广》告， **`Boss91M1`**
2022-07-01 07:17:32 → 5511980117746 → yindutg → 专业广告公司，专业代发广告 **`Boss91M1`**
2022-07-01 07:17:51 → 5511957279540 → laoyingchuhai8 → 我们公司专业代发广告，精准投放客户群体   **`Boss91M1`**
2022-07-01 07:18:00 → 5511960923134 → axujj → 我们精准代发广告 **`Boss91M1`**
2022-07-01 07:18:21 → 62881011258551 → sanfang53 → 我们公司专业代发广告，精准投放客户群体   **`Boss91M1`**
2022-07-01 07:18:56 → 5511954046756 → laowangdan → 我司专业（代）发聊天群（广）告， **`Boss91M1`**
2022-07-01 07:19:05 → 19108094690 → axujj → 电报最大广告公司，专业代发广告 **`Boss91M1`**
2022-07-01 07:19:27 → 5511967906646 → caoji565 → 我们精准代发广告 **`Boss91M1`**
2022-07-01 07:19:48 → 5511962232370 → TGYHZQ → 电报最大广告公司，专业代发广告 **`Boss91M1`**
2022-07-01 07:20:09 → 19097032047 → deep3695 → 我们精准代发广告 **`Boss91M1`**
2022-07-01 07:20:18 → 13602091690 → zhongwen6 → 专业代《发》《广》告， **`Boss91M1`**
2022-07-01 07:21:03 → 5511962375572 → daishoujiaoyi → 我司专业（代）发（广）告， **`Boss91M1`**
2022-07-01 07:21:13 → 19098453166 → aqawsedrftgyhujikolp → 我们公司专业代发广告，精准投放客户群体   **`Boss91M1`**
2022-07-01 07:21:23 → 5511961028971 → tz636 → 本公司专业代发广告 **`Boss91M1`**
2022-07-01 07:21:36 → 13607498791 → dyjiaoliu → 专业代《发》《广》告， **`Boss91M1`**
2022-07-01 07:21:47 → 5511946736417 → bailaohui_cvv → 我司专业（代）发聊天群（广）告， **`Boss91M1`**
2022-07-01 07:22:48 → 5511969953585 → Flea66 → 我们公司专业代发广告，精准投放客户群体   **`Boss91M1`**
2022-07-01 07:23:00 → 5511968026503 → si1688 → 我司专业（代）发（广）告， **`Boss91M1`**
2022-07-01 07:23:10 → 5511966962455 → india_moneypay → 电报最大广告公司，专业代发广告 **`Boss91M1`**
2022-07-01 07:23:36 → 5511979992649 → TG0188 → 我司专业（代）发聊天群（广）告， **`Boss91M1`**
2022-07-01 07:24:05 → 5511931138169 → BAOAA → 我司专业（代）发（广）告， **`Boss91M1`**
2022-07-01 07:24:23 → 5511969818956 → iBox_official → 电报最大广告公司，专业代发广告 **`Boss91M1`**
2022-07-01 07:24:39 → 5511968026503 → bcweb → 专业广告公司，专业代发广告 **`Boss91M1`**
2022-07-01 07:24:53 → 62881011010022 → juliang666 → 本公司专业代发广告 **`Boss91M1`**
2022-07-01 07:25:10 → 5511980647997 → india_moneypay → 我司专业（代）发各行各业（广）告， **`Boss91M1`**
2022-07-01 07:25:19 → 5511961228669 → USDThuzhu3 → 本公司专业代发广告 **`Boss91M1`**
2022-07-01 07:25:28 → 13607498791 → jianting78 → 电报最大广告公司，专业代发广告 **`Boss91M1`**
2022-07-01 07:25:54 → 13607173732 → juliang666 → 实力广告公司，专业代发广告 **`Boss91M1`**
2022-07-01 07:26:59 → 5511962232370 → KMFW56789 → 专业广告公司，专业代发广告 **`Boss91M1`**
2022-07-01 07:27:10 → 19102605782 → daishou15 → 专业广告公司，专业代发广告 **`Boss91M1`**
2022-07-01 07:27:26 → 5511969731734 → yizhifu678 → 我们精准代发广告 **`Boss91M1`**
2022-07-01 07:27:46 → 5511957147449 → bclm1 → 我司专业（代）发（广）告， **`Boss91M1`**
2022-07-01 07:28:10 → 5511946827983 → zscd18 → 我司专业（代）发（广）告， **`Boss91M1`**
2022-07-01 07:28:32 → 19095002275 → Fkzy_Group → 我司专业（代）发各行各业（广）告， **`Boss91M1`**
2022-07-01 07:28:42 → 19108094690 → USDThuzhu3 → 我们精准代发广告 **`Boss91M1`**
2022-07-01 07:28:57 → 5511944349557 → usdtdfds → 我司专业（代）发聊天群（广）告， **`Boss91M1`**
2022-07-01 07:29:06 → 5511960874133 → xjltq → 实力广告公司，专业代发广告 **`Boss91M1`**
2022-07-01 07:29:15 → 5511954046756 → iBox_official → 电报最大广告公司，专业代发广告 **`Boss91M1`**
2022-07-01 07:29:44 → 5511965461554 → KMFW56789 → 实力广告公司，专业代发广告 **`Boss91M1`**
2022-07-01 07:30:02 → 19093130278 → QQLSJ → 我司专业（代）发各行各业（广）告， **`Boss91M1`**
2022-07-01 07:30:14 → 19108385277 → tfwzclz → 实力广告公司，专业代发广告 **`Boss91M1`**
2022-07-01 07:30:35 → 5511957276539 → axujj → 我司专业（代）发各行各业（广）告， **`Boss91M1`**
2022-07-01 07:30:43 → 5511979992649 → wz513064 → 专业广告公司，专业代发广告 **`Boss91M1`**
2022-07-01 07:31:02 → 5511961028971 → yizhifu678 → 我司专业（代）发（广）告， **`Boss91M1`**
2022-07-01 07:31:17 → 62881010918250 → bclm1 → 我司专业（代）发聊天群（广）告， **`Boss91M1`**
2022-07-01 07:31:27 → 79774388346 → laoyingchuhai8 → 本公司专业代发广告 **`Boss91M1`**
2022-07-01 07:31:56 → 62881011258551 → meizi005 → 我司专业（代）发聊天群（广）告， **`Boss91M1`**
2022-07-01 07:32:05 → 5511969818956 → si1688 → 我司专业（代）发（广）告， **`Boss91M1`**
2022-07-01 07:32:29 → 19093412269 → aqawsedrftgyhujikolp → 专业代《发》《广》告， **`Boss91M1`**
2022-07-01 07:32:40 → 5511969953585 → tz636 → 专业代《发》《广》告， **`Boss91M1`**
2022-07-01 07:32:59 → 5511957027897 → yindutg → 我们公司专业代发广告，精准投放客户群体   **`Boss91M1`**
2022-07-01 07:33:08 → 5511968857823 → daishou15 → 专业广告公司，专业代发广告 **`Boss91M1`**
2022-07-01 07:33:16 → 19103630933 → daishou44 → 我们公司专业代发广告，精准投放客户群体   **`Boss91M1`**
2022-07-01 07:33:33 → 5511968216453 → guangdongyue → 本公司专业代发广告 **`Boss91M1`**
2022-07-01 07:33:51 → 19107520819 → usdtdfds → 我们精准代发广告 **`Boss91M1`**
2022-07-01 07:34:39 → 5511957276539 → usdtdfds → 我司专业（代）发各行各业（广）告， **`Boss91M1`**
2022-07-01 07:34:52 → 5511965461554 → TG_King90 → 我司专业（代）发聊天群（广）告， **`Boss91M1`**
2022-07-01 07:35:22 → 19093412269 → BaJie99991 → 专业代《发》《广》告， **`Boss91M1`**
2022-07-01 07:35:31 → 5511966766277 → si1688 → 我们精准代发广告 **`Boss91M1`**
2022-07-01 07:36:02 → 19098334676 → huanqian35 → 我司专业（代）发聊天群（广）告， **`Boss91M1`**
2022-07-01 07:36:51 → 5511968216453 → yindutg → 我司专业（代）发（广）告， **`Boss91M1`**
2022-07-01 07:37:00 → 5511944349557 → daishoujiaoyi → 我司专业（代）发（广）告， **`Boss91M1`**
2022-07-01 07:37:10 → 5511946827983 → Flea66 → 专业代《发》《广》告， **`Boss91M1`**
2022-07-01 07:37:19 → 5511962232370 → juliang666 → 我们公司专业代发广告，精准投放客户群体   **`Boss91M1`**
2022-07-01 07:37:27 → 19096741939 → BaJie99991 → 我们公司专业代发广告，精准投放客户广告 **`Boss91M1`**
2022-07-01 07:37:37 → 62881010918250 → yinhangkausdt → 我们精准代发广告 **`Boss91M1`**
2022-07-01 07:37:57 → 19097151292 → Fkzy_Group → 电报最大广告公司，专业代发广告 **`Boss91M1`**
2022-07-01 07:38:36 → 5511980647997 → huanqian35 → 专业代《发》《广》告， **`Boss91M1`**
2022-07-01 07:38:46 → 13602091690 → QQLSJ → 我司专业（代）发（广）告， **`Boss91M1`**
2022-07-01 07:38:54 → 19103630933 → daishoujiaoyi → 我司专业（代）发（广）告， **`Boss91M1`**
2022-07-01 07:39:09 → 79774388346 → zscd18 → 电报最大广告公司，专业代发广告 **`Boss91M1`**
2022-07-01 07:39:21 → 5511946817676 → sanfang53 → 本公司专业代发广告 **`Boss91M1`**
2022-07-01 07:39:45 → 13607173732 → india_moneypay → 我司专业（代）发（广）告， **`Boss91M1`**
2022-07-01 07:39:55 → 5511946505741 → caoji565 → 我司专业（代）发聊天群（广）告， **`Boss91M1`**
2022-07-01 07:40:07 → 5511980657017 → daishou44 → 专业广告公司，专业代发广告 **`Boss91M1`**
2022-07-01 07:40:16 → 19107520819 → axujj → 我们精准代发广告 **`Boss91M1`**
2022-07-01 07:40:25 → 19093590835 → guangdongyue → 我们公司专业代发广告，精准投放客户广告 **`Boss91M1`**
2022-07-01 07:40:38 → 5511957279540 → HWDBQ → 专业广告公司，专业代发广告 **`Boss91M1`**
2022-07-01 07:40:49 → 5511969731734 → TG_King90 → 我司专业（代）发各行各业（广）告， **`Boss91M1`**
2022-07-01 07:40:58 → 5511957072605 → tsdb01 → 我司专业（代）发（广）告， **`Boss91M1`**
2022-07-01 07:41:17 → 5511980117746 → yindutg → 专业广告公司，专业代发广告 **`Boss91M1`**
2022-07-01 07:41:29 → 5511946409046 → USDT43 → 专业代《发》《广》告， **`Boss91M1`**
2022-07-01 07:41:40 → 5511946736417 → az123818 → 电报最大广告公司，专业代发广告 **`Boss91M1`**
2022-07-01 07:42:06 → 5511969818956 → yindutg → 我们公司专业代发广告，精准投放客户群体   **`Boss91M1`**
2022-07-01 07:42:18 → 5511962375572 → huanqian35 → 实力广告公司，专业代发广告 **`Boss91M1`**
2022-07-01 07:42:28 → 5511957529417 → baocai217 → 电报最大广告公司，专业代发广告 **`Boss91M1`**
2022-07-01 07:42:37 → 13606658573 → USDTm → 我司专业（代）发（广）告， **`Boss91M1`**
2022-07-01 07:43:00 → 5511969953585 → jiu_777 → 我们公司专业代发广告，精准投放客户广告 **`Boss91M1`**
2022-07-01 07:43:22 → 5511931138169 → NodeGlobal → 本公司专业代发广告 **`Boss91M1`**
2022-07-01 07:43:33 → 5511957049299 → mingmen520 → 实力广告公司，专业代发广告 **`Boss91M1`**
2022-07-01 07:43:43 → 5511960923134 → zscd18 → 专业代《发》《广》告， **`Boss91M1`**
2022-07-01 07:44:18 → 5511954046756 → wz513064 → 专业广告公司，专业代发广告 **`Boss91M1`**
2022-07-01 07:44:26 → 5511968026503 → zscd18 → 专业代《发》《广》告， **`Boss91M1`**
2022-07-01 07:44:57 → 5511968026503 → baocai217 → 我司专业（代）发聊天群（广）告， **`Boss91M1`**
2022-07-01 07:45:09 → 5511946827983 → bclm1 → 专业广告公司，专业代发广告 **`Boss91M1`**
2022-07-01 07:45:17 → 5511946817676 → xvswens → 本公司专业代发广告 **`Boss91M1`**
2022-07-01 07:45:31 → 5511957276539 → fbwsline2021 → 专业代《发》《广》告， **`Boss91M1`**
2022-07-01 07:46:10 → 19098453166 → aqawsedrftgyhujikolp → 本公司专业代发广告 **`Boss91M1`**
2022-07-01 07:46:18 → 5511967906646 → yizhifu678 → 专业代《发》《广》告， **`Boss91M1`**
2022-07-01 07:46:56 → 5511946736417 → si1688 → 我司专业（代）发各行各业（广）告， **`Boss91M1`**
2022-07-01 07:47:07 → 5511966962455 → usdthuihuan → 我司专业（代）发各行各业（广）告， **`Boss91M1`**
2022-07-01 07:47:20 → 5511961228669 → yindutg → 我们精准代发广告 **`Boss91M1`**
2022-07-01 07:47:30 → 19093240377 → sanfang53 → 实力广告公司，专业代发广告 **`Boss91M1`**
2022-07-01 07:47:39 → 13606658573 → huanqian35 → 实力广告公司，专业代发广告 **`Boss91M1`**
2022-07-01 07:47:54 → 19102605782 → sanfang53 → 本公司专业代发广告 **`Boss91M1`**
2022-07-01 07:48:32 → 5511969953585 → xinbi_088 → 专业代《发》《广》告， **`Boss91M1`**
2022-07-01 07:48:41 → 13602091690 → tongdao25 → 我们公司专业代发广告，精准投放客户广告 **`Boss91M1`**
2022-07-01 07:49:07 → 5511966766277 → wangzhuanusdt → 本公司专业代发广告 **`Boss91M1`**
2022-07-01 07:49:17 → 5511957072605 → daishou44 → 我们公司专业代发广告，精准投放客户广告 **`Boss91M1`**
2022-07-01 07:51:02 → 5511979992649 → Fkzy_Group → 我们公司专业代发广告，精准投放客户群体   **`Boss91M1`**
2022-07-01 07:51:10 → 5511962375572 → caoji565 → 我们精准代发广告 **`Boss91M1`**
2022-07-01 07:51:28 → 5511957529417 → bcweb → 我们精准代发广告 **`Boss91M1`**
2022-07-01 07:51:37 → 5511980647997 → xjltq → 我司专业（代）发各行各业（广）告， **`Boss91M1`**
2022-07-01 07:52:01 → 79774388346 → danbao96 → 专业广告公司，专业代发广告 **`Boss91M1`**
2022-07-01 07:52:26 → 5511968857823 → daishou15 → 本公司专业代发广告 **`Boss91M1`**
2022-07-01 07:52:52 → 5511980117746 → qipaipan54 → 实力广告公司，专业代发广告 **`Boss91M1`**
2022-07-01 07:53:02 → 5511961028971 → bclm1 → 我司专业（代）发各行各业（广）告， **`Boss91M1`**
2022-07-01 07:53:11 → 13607173732 → xbdb01 → 我们公司专业代发广告，精准投放客户广告 **`Boss91M1`**
2022-07-01 07:53:20 → 5511954046756 → dyjiaoliu → 我们公司专业代发广告，精准投放客户群体   **`Boss91M1`**
2022-07-01 07:53:38 → 62881011010022 → deep3695 → 我司专业（代）发（广）告， **`Boss91M1`**
2022-07-01 07:53:59 → 5511968216453 → sunshineyyds → 我们精准代发广告 **`Boss91M1`**
2022-07-01 07:54:11 → 5511965461554 → sanfang53 → 专业广告公司，专业代发广告 **`Boss91M1`**
2022-07-01 07:55:10 → 79774388346 → axujj → 我司专业（代）发聊天群（广）告， **`Boss91M1`**
2022-07-01 07:55:40 → 13602091690 → fbwsline2021 → 电报最大广告公司，专业代发广告 **`Boss91M1`**
2022-07-01 07:55:50 → 19098453166 → QQLSJ → 我们精准代发广告 **`Boss91M1`**
2022-07-01 07:56:10 → 13607498791 → jianting78 → 电报最大广告公司，专业代发广告 **`Boss91M1`**
2022-07-01 07:56:20 → 62881010918250 → yinhangkausdt → 专业广告公司，专业代发广告 **`Boss91M1`**
2022-07-01 07:56:29 → 19093412269 → Fkzy_Group → 专业广告公司，专业代发广告 **`Boss91M1`**
2022-07-01 07:56:46 → 5511968857823 → TG0188 → 实力广告公司，专业代发广告 **`Boss91M1`**
2022-07-01 07:56:57 → 5511931138169 → TGYHZQ → 我们精准代发广告 **`Boss91M1`**
2022-07-01 07:57:06 → 5511957276539 → tongdao25 → 专业广告公司，专业代发广告 **`Boss91M1`**
2022-07-01 07:57:18 → 5511946736417 → daishou44 → 我们精准代发广告 **`Boss91M1`**
2022-07-01 07:57:43 → 5511968216453 → zhifuo → 我们公司专业代发广告，精准投放客户群体   **`Boss91M1`**
2022-07-01 07:57:53 → 19095002275 → sanfang53 → 电报最大广告公司，专业代发广告 **`Boss91M1`**
2022-07-01 07:58:02 → 5511969731734 → daishoujiaoyi → 专业广告公司，专业代发广告 **`Boss91M1`**
2022-07-01 07:58:23 → 5511979992649 → xinbi_088 → 我们公司专业代发广告，精准投放客户群体   **`Boss91M1`**
2022-07-01 07:58:44 → 5511969818956 → iBox_official → 我们精准代发广告 **`Boss91M1`**
2022-07-01 07:58:55 → 5511980117746 → tz636 → 实力广告公司，专业代发广告 **`Boss91M1`**
2022-07-01 07:59:16 → 19096741939 → zhongwen6 → 我们精准代发广告 **`Boss91M1`**
2022-07-01 07:59:26 → 13607173732 → iBox_official → 我司专业（代）发聊天群（广）告， **`Boss91M1`**
2022-07-01 07:59:39 → 5511946827983 → wz513064 → 我司专业（代）发（广）告， **`Boss91M1`**
2022-07-01 07:59:48 → 19108385277 → deep3695 → 电报最大广告公司，专业代发广告 **`Boss91M1`**
2022-07-01 08:00:21 → 5511957072605 → daishou15 → 本公司专业代发广告 **`Boss91M1`**
2022-07-01 08:01:26 → 5511944349557 → yindutg → 电报最大广告公司，专业代发广告 **`Boss91M1`**
2022-07-01 08:02:06 → 5511966962455 → deep3695 → 我司专业（代）发（广）告， **`Boss91M1`**
2022-07-01 08:02:26 → 5511957529417 → jiu_777 → 专业代《发》《广》告， **`Boss91M1`**
2022-07-01 08:02:39 → 5511968026503 → zhongwen6 → 我们公司专业代发广告，精准投放客户群体   **`Boss91M1`**
2022-07-01 08:02:50 → 19095050732 → si1688 → 专业代《发》《广》告， **`Boss91M1`**
2022-07-01 08:03:03 → 5511962232370 → xbdb01 → 本公司专业代发广告 **`Boss91M1`**
2022-07-01 08:03:12 → 5511960923134 → TG0188 → 我司专业（代）发聊天群（广）告， **`Boss91M1`**
2022-07-01 08:03:41 → 5511967906646 → az123818 → 本公司专业代发广告 **`Boss91M1`**
2022-07-01 08:03:59 → 5511980647997 → si1688 → 我们公司专业代发广告，精准投放客户广告 **`Boss91M1`**
2022-07-01 08:04:09 → 19108094690 → zbbgq → 我们公司专业代发广告，精准投放客户群体   **`Boss91M1`**
2022-07-01 08:04:24 → 19097032047 → deep3695 → 我们公司专业代发广告，精准投放客户广告 **`Boss91M1`**
2022-07-01 08:04:32 → 5511967906646 → caoji565 → 我们公司专业代发广告，精准投放客户群体   **`Boss91M1`**
2022-07-01 08:04:41 → 5511946827983 → meizi005 → 我司专业（代）发聊天群（广）告， **`Boss91M1`**
2022-07-01 08:04:51 → 19098453166 → qxinw → 我司专业（代）发（广）告， **`Boss91M1`**
2022-07-01 08:05:25 → 5511946505741 → caoji565 → 专业代《发》《广》告， **`Boss91M1`**
2022-07-01 08:05:35 → 5511961228669 → tongdao25 → 我们精准代发广告 **`Boss91M1`**
2022-07-01 08:05:44 → 62881010918250 → sunshineyyds → 专业广告公司，专业代发广告 **`Boss91M1`**
2022-07-01 08:05:54 → 5511946817676 → wy173 → 实力广告公司，专业代发广告 **`Boss91M1`**
2022-07-01 08:06:14 → 19093240377 → guangdongyue → 我们精准代发广告 **`Boss91M1`**
2022-07-01 08:06:26 → 5511961028971 → yizhifu678 → 电报最大广告公司，专业代发广告 **`Boss91M1`**
2022-07-01 08:06:37 → 5511960923134 → zscd18 → 本公司专业代发广告 **`Boss91M1`**
2022-07-01 08:06:52 → 5511960874133 → meizi005 → 我司专业（代）发（广）告， **`Boss91M1`**
2022-07-01 08:07:08 → 5511968216453 → zscd1 → 专业广告公司，专业代发广告 **`Boss91M1`**
2022-07-01 08:07:36 → 5511968857823 → tsdb01 → 实力广告公司，专业代发广告 **`Boss91M1`**
2022-07-01 08:07:45 → 5511954046756 → sunshineyyds → 我们公司专业代发广告，精准投放客户群体   **`Boss91M1`**
2022-07-01 08:08:08 → 5511946736417 → dyjiaoliu → 电报最大广告公司，专业代发广告 **`Boss91M1`**
2022-07-01 08:08:21 → 5511957072605 → tongdao25 → 电报最大广告公司，专业代发广告 **`Boss91M1`**
2022-07-01 08:08:39 → 19097151292 → Fkzy_Group → 实力广告公司，专业代发广告 **`Boss91M1`**
2022-07-01 08:08:48 → 5511966962455 → njwwjpxc → 我司专业（代）发聊天群（广）告， **`Boss91M1`**
2022-07-01 08:09:16 → 5511962375572 → daishoujiaoyi → 电报最大广告公司，专业代发广告 **`Boss91M1`**
2022-07-01 08:09:27 → 5511969818956 → si1688 → 专业广告公司，专业代发广告 **`Boss91M1`**
2022-07-01 08:09:56 → 5511962232370 → wz513064 → 电报最大广告公司，专业代发广告 **`Boss91M1`**
2022-07-01 08:10:50 → 13602091690 → TGYHZQ → 电报最大广告公司，专业代发广告 **`Boss91M1`**
2022-07-01 08:11:01 → 5511946409046 → xjltq → 我司专业（代）发聊天群（广）告， **`Boss91M1`**
2022-07-01 08:11:10 → 5511944349557 → xbdb01 → 我们公司专业代发广告，精准投放客户广告 **`Boss91M1`**
2022-07-01 08:11:53 → 5511957276539 → guangdongyue → 我们公司专业代发广告，精准投放客户群体   **`Boss91M1`**
2022-07-01 08:12:02 → 19108094690 → guangdongyue → 我们公司专业代发广告，精准投放客户群体   **`Boss91M1`**
2022-07-01 08:12:11 → 13607498791 → si1688 → 实力广告公司，专业代发广告 **`Boss91M1`**
2022-07-01 08:12:26 → 13606658573 → huanqian35 → 我司专业（代）发聊天群（广）告， **`Boss91M1`**
2022-07-01 08:12:37 → 19108077585 → TG0188 → 专业广告公司，专业代发广告 **`Boss91M1`**
2022-07-01 08:12:45 → 5511957279540 → NodeGlobal → 我司专业（代）发各行各业（广）告， **`Boss91M1`**
2022-07-01 08:13:04 → 19098334676 → Usdtbmw → 我们精准代发广告 **`Boss91M1`**
2022-07-01 08:13:14 → 5511969953585 → Flea66 → 我们公司专业代发广告，精准投放客户广告 **`Boss91M1`**
2022-07-01 08:13:31 → 5511946827983 → qxinw → 我们公司专业代发广告，精准投放客户群体   **`Boss91M1`**
2022-07-01 08:13:56 → 5511961028971 → xinbi_088 → 我们公司专业代发广告，精准投放客户群体   **`Boss91M1`**
2022-07-01 08:14:04 → 19103630933 → daishou44 → 我司专业（代）发聊天群（广）告， **`Boss91M1`**
2022-07-01 08:14:26 → 19107520819 → axujj → 实力广告公司，专业代发广告 **`Boss91M1`**
2022-07-01 08:15:06 → 5511960874133 → xjltq → 我司专业（代）发（广）告， **`Boss91M1`**
2022-07-01 08:15:14 → 5511969818956 → yindutg → 电报最大广告公司，专业代发广告 **`Boss91M1`**
2022-07-01 08:15:27 → 19108385277 → bclm1 → 我司专业（代）发各行各业（广）告， **`Boss91M1`**
2022-07-01 08:15:37 → 79774388346 → xbdb01 → 我们公司专业代发广告，精准投放客户群体   **`Boss91M1`**
2022-07-01 08:16:14 → 5511969953585 → jiu_777 → 我们公司专业代发广告，精准投放客户群体   **`Boss91M1`**
2022-07-01 08:16:24 → 5511957276539 → Fkzy_Group → 专业广告公司，专业代发广告 **`Boss91M1`**
2022-07-01 08:16:38 → 5511962232370 → tsdb01 → 我们公司专业代发广告，精准投放客户广告 **`Boss91M1`**
2022-07-01 08:16:54 → 13602091690 → -1001685793459 → 电报最大广告公司，专业代发广告 **`Boss91M1`**
2022-07-01 08:17:03 → 5511966766277 → Flea66 → 我们公司专业代发广告，精准投放客户群体   **`Boss91M1`**
2022-07-01 08:17:13 → 62881010918250 → qxinw → 本公司专业代发广告 **`Boss91M1`**
2022-07-01 08:17:33 → 5511954046756 → huione888 → 我们精准代发广告 **`Boss91M1`**
2022-07-01 08:17:44 → 5511946505741 → wz513064 → 专业代《发》《广》告， **`Boss91M1`**
2022-07-01 08:17:52 → 5511946817676 → bailaohui_cvv → 我们公司专业代发广告，精准投放客户广告 **`Boss91M1`**
2022-07-01 08:18:01 → 13607498791 → dyjiaoliu → 我们精准代发广告 **`Boss91M1`**
2022-07-01 08:18:12 → 5511957147449 → bclm1 → 我们公司专业代发广告，精准投放客户广告 **`Boss91M1`**
2022-07-01 08:18:45 → 13606658573 → xinbi_088 → 我们公司专业代发广告，精准投放客户群体   **`Boss91M1`**
2022-07-01 08:18:54 → 5511968026503 → si1688 → 我司专业（代）发各行各业（广）告， **`Boss91M1`**
2022-07-01 08:19:13 → 19098334676 → huanqian35 → 实力广告公司，专业代发广告 **`Boss91M1`**
2022-07-01 08:19:35 → 5511944349557 → si1688 → 我司专业（代）发各行各业（广）告， **`Boss91M1`**
2022-07-01 08:20:30 → 5511960923134 → sanfang53 → 我们精准代发广告 **`Boss91M1`**
2022-07-01 08:20:39 → 19108094690 → DDTg8888 → 我司专业（代）发聊天群（广）告， **`Boss91M1`**
2022-07-01 08:20:48 → 5511946409046 → juliang666 → 我们公司专业代发广告，精准投放客户广告 **`Boss91M1`**
2022-07-01 08:21:16 → 19098453166 → axujj → 我们公司专业代发广告，精准投放客户广告 **`Boss91M1`**
2022-07-01 08:21:54 → 5511931138169 → xvswens → 我们精准代发广告 **`Boss91M1`**
2022-07-01 08:22:05 → 5511957279540 → sunshineyyds → 本公司专业代发广告 **`Boss91M1`**
2022-07-01 08:22:38 → 5511961228669 → Fkzy_Group → 专业代《发》《广》告， **`Boss91M1`**
2022-07-01 08:23:01 → 5511962375572 → fbwsline2021 → 本公司专业代发广告 **`Boss91M1`**
2022-07-01 08:23:20 → 5511957279540 → HWDBQ → 专业代《发》《广》告， **`Boss91M1`**
2022-07-01 08:23:29 → 5511946817676 → india_moneypay → 电报最大广告公司，专业代发广告 **`Boss91M1`**
2022-07-01 08:23:39 → 5511979992649 → sunshineyyds → 专业广告公司，专业代发广告 **`Boss91M1`**
2022-07-01 08:24:07 → 19096741939 → zhongwen6 → 实力广告公司，专业代发广告 **`Boss91M1`**
2022-07-01 08:24:22 → 5511965461554 → sanfang53 → 电报最大广告公司，专业代发广告 **`Boss91M1`**
2022-07-01 08:24:31 → 5511966962455 → Flea66 → 本公司专业代发广告 **`Boss91M1`**
2022-07-01 08:24:44 → 5511954046756 → axujj → 我们公司专业代发广告，精准投放客户群体   **`Boss91M1`**
2022-07-01 08:25:10 → 62881011010022 → juliang666 → 电报最大广告公司，专业代发广告 **`Boss91M1`**
2022-07-01 08:25:44 → 5511966766277 → si1688 → 我们精准代发广告 **`Boss91M1`**
2022-07-01 08:26:01 → 5511969731734 → -1001189649657 → 我司专业（代）发聊天群（广）告， **`Boss91M1`**
2022-07-01 08:26:31 → 5511980647997 → xjltq → 我司专业（代）发各行各业（广）告， **`Boss91M1`**
2022-07-01 08:26:54 → 5511968026503 → baocai217 → 我们公司专业代发广告，精准投放客户群体   **`Boss91M1`**
2022-07-01 08:27:07 → 13607173732 → bcweb → 我们公司专业代发广告，精准投放客户广告 **`Boss91M1`**
2022-07-01 08:27:28 → 5511946409046 → Usdtbmw → 电报最大广告公司，专业代发广告 **`Boss91M1`**
2022-07-01 08:27:39 → 5511967906646 → az123818 → 我司专业（代）发聊天群（广）告， **`Boss91M1`**
2022-07-01 08:27:48 → 5511968857823 → daishou15 → 我们公司专业代发广告，精准投放客户广告 **`Boss91M1`**
2022-07-01 08:27:59 → 5511980657017 → daishou44 → 我们公司专业代发广告，精准投放客户群体   **`Boss91M1`**
2022-07-01 08:28:18 → 62881010918250 → bclm1 → 本公司专业代发广告 **`Boss91M1`**
2022-07-01 08:28:28 → 5511961228669 → yinhangkausdt → 我们公司专业代发广告，精准投放客户广告 **`Boss91M1`**
2022-07-01 08:28:43 → 5511961028971 → tz636 → 专业代《发》《广》告， **`Boss91M1`**
2022-07-01 08:28:53 → 5511962232370 → jiu_777 → 我们公司专业代发广告，精准投放客户广告 **`Boss91M1`**
2022-07-01 08:29:13 → 5511960923134 → dong821 → 本公司专业代发广告 **`Boss91M1`**
2022-07-01 08:29:34 → 19095050732 → si1688 → 我们精准代发广告 **`Boss91M1`**
2022-07-01 08:30:07 → 13602091690 → bailaohui_cvv → 电报最大广告公司，专业代发广告 **`Boss91M1`**
2022-07-01 08:30:42 → 5511957072605 → NodeGlobal → 我们公司专业代发广告，精准投放客户群体   **`Boss91M1`**
2022-07-01 08:30:51 → 5511957529417 → bcweb → 我们公司专业代发广告，精准投放客户群体   **`Boss91M1`**
2022-07-01 08:31:03 → 5511962375572 → danbao96 → 我们公司专业代发广告，精准投放客户广告 **`Boss91M1`**
2022-07-01 08:31:12 → 5511969953585 → xinbi_088 → 我司专业（代）发各行各业（广）告， **`Boss91M1`**
2022-07-01 08:31:30 → 79774388346 → huanqian35 → 我司专业（代）发（广）告， **`Boss91M1`**
2022-07-01 08:31:59 → 5511980117746 → xbdb01 → 电报最大广告公司，专业代发广告 **`Boss91M1`**
2022-07-01 08:32:08 → 5511957027897 → yindutg → 我们公司专业代发广告，精准投放客户广告 **`Boss91M1`**
2022-07-01 08:32:20 → 19093130278 → QQLSJ → 实力广告公司，专业代发广告 **`Boss91M1`**
2022-07-01 08:32:41 → 19108094690 → deep3695 → 我们公司专业代发广告，精准投放客户广告 **`Boss91M1`**
2022-07-01 08:32:52 → 5511968216453 → zscd1 → 实力广告公司，专业代发广告 **`Boss91M1`**
2022-07-01 08:33:01 → 13606658573 → huione888 → 实力广告公司，专业代发广告 **`Boss91M1`**
2022-07-01 08:33:17 → 19093412269 → aqawsedrftgyhujikolp → 专业代《发》《广》告， **`Boss91M1`**
2022-07-01 08:33:33 → 5511969731734 → yizhifu678 → 我司专业（代）发（广）告， **`Boss91M1`**
2022-07-01 08:33:42 → 5511946736417 → Flea66 → 我们公司专业代发广告，精准投放客户群体   **`Boss91M1`**
2022-07-01 08:33:51 → 19095002275 → sichouzhilu0 → 本公司专业代发广告 **`Boss91M1`**
2022-07-01 08:34:08 → 13606658573 → Usdtbmw → 我们公司专业代发广告，精准投放客户广告 **`Boss91M1`**
2022-07-01 08:35:07 → 5511967906646 → yizhifu678 → 专业广告公司，专业代发广告 **`Boss91M1`**
2022-07-01 08:35:16 → 5511966962455 → xvswens → 专业广告公司，专业代发广告 **`Boss91M1`**
2022-07-01 08:35:37 → 62881011010022 → deep3695 → 我们精准代发广告 **`Boss91M1`**
2022-07-01 08:35:47 → 5511957276539 → TG0188 → 实力广告公司，专业代发广告 **`Boss91M1`**
2022-07-01 08:36:16 → 19107520819 → usdtdfds → 我司专业（代）发（广）告， **`Boss91M1`**
2022-07-01 08:36:33 → 19103630933 → daishoujiaoyi → 我们公司专业代发广告，精准投放客户广告 **`Boss91M1`**
2022-07-01 08:36:45 → 5511969818956 → yindutg → 电报最大广告公司，专业代发广告 **`Boss91M1`**
2022-07-01 08:36:56 → 5511931138169 → NodeGlobal → 我司专业（代）发（广）告， **`Boss91M1`**
2022-07-01 08:37:13 → 5511961228669 → az123818 → 我司专业（代）发聊天群（广）告， **`Boss91M1`**
2022-07-01 08:37:43 → 5511968026503 → USDTm → 我们精准代发广告 **`Boss91M1`**
2022-07-01 08:37:53 → 5511946409046 → tongdao25 → 专业广告公司，专业代发广告 **`Boss91M1`**
2022-07-01 08:38:11 → 5511965461554 → TG_King90 → 专业广告公司，专业代发广告 **`Boss91M1`**
2022-07-01 08:38:38 → 5511968216453 → sunshineyyds → 实力广告公司，专业代发广告 **`Boss91M1`**
2022-07-01 08:38:59 → 5511962375572 → html66 → 本公司专业代发广告 **`Boss91M1`**
2022-07-01 08:39:24 → 5511954046756 → TG0188 → 实力广告公司，专业代发广告 **`Boss91M1`**
2022-07-01 08:39:55 → 5511969953585 → tz636 → 本公司专业代发广告 **`Boss91M1`**
2022-07-01 08:40:04 → 5511968857823 → tsdb01 → 我司专业（代）发各行各业（广）告， **`Boss91M1`**
2022-07-01 08:40:13 → 5511957279540 → bclm1 → 我司专业（代）发（广）告， **`Boss91M1`**
2022-07-01 08:40:22 → 5511966766277 → wangzhuanusdt → 专业代《发》《广》告， **`Boss91M1`**
2022-07-01 08:40:55 → 79774388346 → zhifuo → 专业广告公司，专业代发广告 **`Boss91M1`**
2022-07-01 08:41:15 → 19102605782 → sanfang53 → 我们精准代发广告 **`Boss91M1`**
2022-07-01 08:41:24 → 5511946827983 → bclm1 → 我司专业（代）发各行各业（广）告， **`Boss91M1`**
2022-07-01 08:41:33 → 5511957072605 → TGYHZQ → 我司专业（代）发（广）告， **`Boss91M1`**
2022-07-01 08:41:54 → 5511979992649 → bclm1 → 本公司专业代发广告 **`Boss91M1`**
2022-07-01 08:42:13 → 5511960923134 → USDThuzhu3 → 实力广告公司，专业代发广告 **`Boss91M1`**
2022-07-01 08:42:34 → 13607498791 → OBax02 → 本公司专业代发广告 **`Boss91M1`**
2022-07-01 08:42:43 → 13607173732 → TGYHZQ → 我司专业（代）发各行各业（广）告， **`Boss91M1`**
2022-07-01 08:43:15 → 5511968216453 → yindutg → 专业代《发》《广》告， **`Boss91M1`**
2022-07-01 08:43:27 → 19093590835 → guangdongyue → 我司专业（代）发各行各业（广）告， **`Boss91M1`**
2022-07-01 08:44:08 → 79774388346 → jiu_777 → 我们公司专业代发广告，精准投放客户广告 **`Boss91M1`**
2022-07-01 08:44:17 → 5511962232370 → xbdb01 → 专业广告公司，专业代发广告 **`Boss91M1`**
2022-07-01 08:44:27 → 5511961228669 → deep3695 → 我们精准代发广告 **`Boss91M1`**
2022-07-01 08:44:37 → 5511969731734 → daishoujiaoyi → 我司专业（代）发（广）告， **`Boss91M1`**
2022-07-01 08:45:03 → 5511968857823 → TG0188 → 实力广告公司，专业代发广告 **`Boss91M1`**
2022-07-01 08:45:12 → 5511954046756 → USDT43 → 实力广告公司，专业代发广告 **`Boss91M1`**
2022-07-01 08:45:21 → 5511957147449 → bclm1 → 专业广告公司，专业代发广告 **`Boss91M1`**
2022-07-01 08:45:30 → 5511957276539 → Flea66 → 电报最大广告公司，专业代发广告 **`Boss91M1`**
2022-07-01 08:45:41 → 5511980647997 → huanqian35 → 我们公司专业代发广告，精准投放客户广告 **`Boss91M1`**
2022-07-01 08:45:53 → 5511962375572 → USDThuzhu3 → 电报最大广告公司，专业代发广告 **`Boss91M1`**
2022-07-01 08:46:02 → 5511944349557 → yindutg → 实力广告公司，专业代发广告 **`Boss91M1`**
2022-07-01 08:46:11 → 13607498791 → aqawsedrftgyhujikolp → 我们精准代发广告 **`Boss91M1`**
2022-07-01 08:46:19 → 5511946736417 → bailaohui_cvv → 我们公司专业代发广告，精准投放客户群体   **`Boss91M1`**
2022-07-01 08:46:56 → 5511957529417 → jiu_777 → 我司专业（代）发聊天群（广）告， **`Boss91M1`**
2022-07-01 08:47:07 → 5511967906646 → caoji565 → 我们公司专业代发广告，精准投放客户群体   **`Boss91M1`**
2022-07-01 08:47:17 → 5511979992649 → TG_King90 → 我司专业（代）发各行各业（广）告， **`Boss91M1`**
2022-07-01 08:48:21 → 5511957279540 → laoyingchuhai8 → 我们精准代发广告 **`Boss91M1`**
2022-07-01 08:48:50 → 5511960923134 → wy173 → 我司专业（代）发（广）告， **`Boss91M1`**
2022-07-01 08:49:02 → 19097151292 → Fkzy_Group → 我司专业（代）发（广）告， **`Boss91M1`**
2022-07-01 08:49:11 → 5511957027897 → fbwsline2021 → 电报最大广告公司，专业代发广告 **`Boss91M1`**
2022-07-01 08:49:19 → 5511946505741 → caoji565 → 专业广告公司，专业代发广告 **`Boss91M1`**
2022-07-01 08:49:29 → 62881010918250 → sunshineyyds → 我们精准代发广告 **`Boss91M1`**
2022-07-01 08:50:14 → 5511946817676 → xvswens → 我们公司专业代发广告，精准投放客户广告 **`Boss91M1`**
2022-07-01 08:50:39 → 5511946827983 → qxinw → 我司专业（代）发各行各业（广）告， **`Boss91M1`**
2022-07-01 08:50:48 → 5511966962455 → zscd18 → 实力广告公司，专业代发广告 **`Boss91M1`**
2022-07-01 08:50:56 → 5511968026503 → NodeGlobal → 我们公司专业代发广告，精准投放客户群体   **`Boss91M1`**
2022-07-01 08:51:11 → 19102605782 → daishou15 → 电报最大广告公司，专业代发广告 **`Boss91M1`**
2022-07-01 08:51:19 → 5511969818956 → iBox_official → 我们公司专业代发广告，精准投放客户群体   **`Boss91M1`**
2022-07-01 08:51:33 → 19108094690 → axujj → 电报最大广告公司，专业代发广告 **`Boss91M1`**
2022-07-01 08:51:44 → 13607173732 → sanfang53 → 我们公司专业代发广告，精准投放客户群体   **`Boss91M1`**
2022-07-01 08:51:53 → 19097032047 → deep3695 → 本公司专业代发广告 **`Boss91M1`**
2022-07-01 08:52:44 → 5511980647997 → india_moneypay → 我们公司专业代发广告，精准投放客户群体   **`Boss91M1`**
2022-07-01 08:52:54 → 5511946409046 → tongdao25 → 我们公司专业代发广告，精准投放客户广告 **`Boss91M1`**
2022-07-01 08:53:22 → 19096741939 → BaJie99991 → 我们公司专业代发广告，精准投放客户群体   **`Boss91M1`**
2022-07-01 08:53:49 → 19098334676 → huanqian35 → 专业代《发》《广》告， **`Boss91M1`**
2022-07-01 08:54:02 → 62881011010022 → BAOAA → 实力广告公司，专业代发广告 **`Boss91M1`**
2022-07-01 08:54:20 → 79774388346 → usdthuihuan → 电报最大广告公司，专业代发广告 **`Boss91M1`**
2022-07-01 08:54:29 → 19098453166 → aqawsedrftgyhujikolp → 专业代《发》《广》告， **`Boss91M1`**
2022-07-01 08:54:41 → 5511944349557 → usdtdfds → 我们精准代发广告 **`Boss91M1`**
2022-07-01 08:54:50 → 5511946736417 → USDThuzhu3 → 本公司专业代发广告 **`Boss91M1`**
2022-07-01 08:55:30 → 5511969818956 → si1688 → 实力广告公司，专业代发广告 **`Boss91M1`**
2022-07-01 08:55:41 → 5511957529417 → baocai217 → 我司专业（代）发（广）告， **`Boss91M1`**
2022-07-01 08:55:58 → 5511960874133 → xjltq → 我们精准代发广告 **`Boss91M1`**
2022-07-01 08:56:26 → 19103630933 → daishoujiaoyi → 电报最大广告公司，专业代发广告 **`Boss91M1`**
2022-07-01 08:56:35 → 19108094690 → deep3695 → 我们公司专业代发广告，精准投放客户广告 **`Boss91M1`**
2022-07-01 08:56:45 → 62881011258551 → baocai217 → 本公司专业代发广告 **`Boss91M1`**
2022-07-01 08:57:07 → 62881010918250 → bclm1 → 实力广告公司，专业代发广告 **`Boss91M1`**
2022-07-01 08:57:17 → 5511966962455 → india_moneypay → 我司专业（代）发各行各业（广）告， **`Boss91M1`**
2022-07-01 08:57:26 → 13607498791 → deep3695 → 本公司专业代发广告 **`Boss91M1`**
2022-07-01 08:57:35 → 5511966766277 → Flea66 → 我们精准代发广告 **`Boss91M1`**
2022-07-01 08:57:45 → 5511968216453 → guangdongyue → 我们公司专业代发广告，精准投放客户群体   **`Boss91M1`**
2022-07-01 08:57:55 → 5511961028971 → yizhifu678 → 我司专业（代）发（广）告， **`Boss91M1`**
2022-07-01 08:58:23 → 5511931688616 → XxUP1121 → 我们公司专业代发广告，精准投放客户群体   **`Boss91M1`**
2022-07-01 08:58:42 → 5511960923134 → axujj → 电报最大广告公司，专业代发广告 **`Boss91M1`**
2022-07-01 08:59:01 → 5511980657017 → daishou44 → 我们精准代发广告 **`Boss91M1`**
2022-07-01 08:59:09 → 5511962232370 → jiu_777 → 我司专业（代）发聊天群（广）告， **`Boss91M1`**
2022-07-01 08:59:28 → 19102605782 → Flea66 → 专业广告公司，专业代发广告 **`Boss91M1`**
2022-07-01 08:59:52 → 19095050732 → daishou44 → 我们公司专业代发广告，精准投放客户群体   **`Boss91M1`**
2022-07-01 09:00:01 → 13602091690 → qipaipan54 → 本公司专业代发广告 **`Boss91M1`**
2022-07-01 09:00:31 → 5511968026503 → zhifuo → 专业代《发》《广》告， **`Boss91M1`**
2022-07-01 09:00:40 → 5511946817676 → wy173 → 我们公司专业代发广告，精准投放客户群体   **`Boss91M1`**
2022-07-01 09:01:00 → 5511961228669 → yizhifu678 → 本公司专业代发广告 **`Boss91M1`**
2022-07-01 09:01:11 → 5511969953585 → Flea66 → 我司专业（代）发（广）告， **`Boss91M1`**
2022-07-01 09:01:23 → 5511980117746 → tz636 → 实力广告公司，专业代发广告 **`Boss91M1`**
2022-07-01 09:02:12 → 5511946827983 → zscd18 → 实力广告公司，专业代发广告 **`Boss91M1`**
2022-07-01 09:02:36 → 5511961228669 → TGYHZQ → 实力广告公司，专业代发广告 **`Boss91M1`**
2022-07-01 09:02:57 → 5511968857823 → daishou15 → 我司专业（代）发（广）告， **`Boss91M1`**
2022-07-01 09:03:11 → 13607498791 → xvswens → 我们公司专业代发广告，精准投放客户群体   **`Boss91M1`**
2022-07-01 09:03:31 → 5511965461554 → sanfang53 → 我们精准代发广告 **`Boss91M1`**
2022-07-01 09:03:52 → 5511961028971 → xinbi_088 → 专业广告公司，专业代发广告 **`Boss91M1`**
2022-07-01 09:04:01 → 5511946817676 → india_moneypay → 本公司专业代发广告 **`Boss91M1`**
2022-07-01 09:04:10 → 5511980117746 → xbdb01 → 实力广告公司，专业代发广告 **`Boss91M1`**
2022-07-01 09:04:32 → 5511968026503 → zhongwen6 → 我们精准代发广告 **`Boss91M1`**
2022-07-01 09:05:05 → 19107520819 → axujj → 我们精准代发广告 **`Boss91M1`**
2022-07-01 09:05:18 → 5511946505741 → caoji565 → 实力广告公司，专业代发广告 **`Boss91M1`**
2022-07-01 09:05:28 → 62881010918250 → qxinw → 我们精准代发广告 **`Boss91M1`**
2022-07-01 09:05:55 → 5511944349557 → daishoujiaoyi → 本公司专业代发广告 **`Boss91M1`**
2022-07-01 09:06:04 → 13606658573 → TG0188 → 我司专业（代）发（广）告， **`Boss91M1`**
2022-07-01 09:06:13 → 5511957072605 → xjltq → 电报最大广告公司，专业代发广告 **`Boss91M1`**
2022-07-01 09:06:26 → 19093412269 → BaJie99991 → 实力广告公司，专业代发广告 **`Boss91M1`**
2022-07-01 09:06:36 → 5511966766277 → wangzhuanusdt → 我们精准代发广告 **`Boss91M1`**
2022-07-01 09:06:47 → 5511969731734 → axujj → 电报最大广告公司，专业代发广告 **`Boss91M1`**
2022-07-01 09:06:56 → 5511966962455 → KMFW56789 → 电报最大广告公司，专业代发广告 **`Boss91M1`**
2022-07-01 09:07:40 → 19108094690 → zbbgq → 我们精准代发广告 **`Boss91M1`**
2022-07-01 09:08:05 → 13602091690 → zhongwen6 → 专业代《发》《广》告， **`Boss91M1`**
2022-07-01 09:08:13 → 19103630933 → daishou44 → 我司专业（代）发各行各业（广）告， **`Boss91M1`**
2022-07-01 09:08:44 → 19096741939 → aqawsedrftgyhujikolp → 实力广告公司，专业代发广告 **`Boss91M1`**
2022-07-01 09:08:53 → 5511957279540 → HWDBQ → 我们精准代发广告 **`Boss91M1`**
2022-07-01 09:09:16 → 5511957276539 → Flea66 → 我司专业（代）发（广）告， **`Boss91M1`**
2022-07-01 09:09:37 → 5511969953585 → jiu_777 → 实力广告公司，专业代发广告 **`Boss91M1`**
2022-07-01 09:10:02 → 5511980647997 → si1688 → 专业广告公司，专业代发广告 **`Boss91M1`**
2022-07-01 09:10:13 → 62881011258551 → sanfang53 → 我司专业（代）发（广）告， **`Boss91M1`**
2022-07-01 09:10:22 → 5511979992649 → TG0188 → 电报最大广告公司，专业代发广告 **`Boss91M1`**
2022-07-01 09:10:35 → 13607173732 → bailaohui_cvv → 我司专业（代）发（广）告， **`Boss91M1`**
2022-07-01 09:10:45 → 19097032047 → deep3695 → 电报最大广告公司，专业代发广告 **`Boss91M1`**
2022-07-01 09:10:56 → 5511960874133 → bitcoindfds → 实力广告公司，专业代发广告 **`Boss91M1`**
2022-07-01 09:11:05 → 5511931138169 → xvswens → 我司专业（代）发（广）告， **`Boss91M1`**
2022-07-01 09:11:14 → 19095002275 → xbdb01 → 我司专业（代）发各行各业（广）告， **`Boss91M1`**
2022-07-01 09:11:36 → 19093590835 → guangdongyue → 我们公司专业代发广告，精准投放客户群体   **`Boss91M1`**
2022-07-01 09:12:06 → 5511957276539 → TG0188 → 本公司专业代发广告 **`Boss91M1`**
2022-07-01 09:12:15 → 5511960923134 → wy173 → 我们公司专业代发广告，精准投放客户广告 **`Boss91M1`**
2022-07-01 09:12:38 → 19095002275 → sanfang53 → 专业代《发》《广》告， **`Boss91M1`**
2022-07-01 09:13:29 → 19098334676 → Usdtbmw → 本公司专业代发广告 **`Boss91M1`**
2022-07-01 09:13:46 → 5511931138169 → TGYHZQ → 我们公司专业代发广告，精准投放客户广告 **`Boss91M1`**
2022-07-01 09:14:05 → 5511969818956 → si1688 → 电报最大广告公司，专业代发广告 **`Boss91M1`**
2022-07-01 09:14:15 → 19098452543 → xingqiuzt08 → 实力广告公司，专业代发广告 **`Boss91M1`**
2022-07-01 09:14:24 → 13607498791 → guangdongyue → 专业广告公司，专业代发广告 **`Boss91M1`**
2022-07-01 09:14:45 → 5511957072605 → NodeGlobal → 本公司专业代发广告 **`Boss91M1`**
2022-07-01 09:14:54 → 13602091690 → fbwsline2021 → 我司专业（代）发各行各业（广）告， **`Boss91M1`**
2022-07-01 09:15:03 → 5511968216453 → zhifuo → 我们公司专业代发广告，精准投放客户广告 **`Boss91M1`**
2022-07-01 09:15:12 → 5511962375572 → huanqian35 → 我们精准代发广告 **`Boss91M1`**
2022-07-01 09:15:21 → 19102605782 → daishou15 → 我们公司专业代发广告，精准投放客户群体   **`Boss91M1`**
2022-07-01 09:15:30 → 5511944349557 → si1688 → 我们公司专业代发广告，精准投放客户广告 **`Boss91M1`**
2022-07-01 09:15:39 → 62881010918250 → yinhangkausdt → 我们公司专业代发广告，精准投放客户广告 **`Boss91M1`**
2022-07-01 09:15:52 → 5511979992649 → dyjiaoliu → 电报最大广告公司，专业代发广告 **`Boss91M1`**
2022-07-01 09:16:11 → 5511946736417 → Flea66 → 实力广告公司，专业代发广告 **`Boss91M1`**
2022-07-01 09:16:23 → 5511968026503 → tongdao25 → 我司专业（代）发聊天群（广）告， **`Boss91M1`**
2022-07-01 09:16:38 → 5511967906646 → az123818 → 电报最大广告公司，专业代发广告 **`Boss91M1`**
2022-07-01 09:17:53 → 5511961028971 → bclm1 → 专业代《发》《广》告， **`Boss91M1`**
2022-07-01 09:18:58 → 5511957529417 → bcweb → 我司专业（代）发各行各业（广）告， **`Boss91M1`**
2022-07-01 09:19:06 → 79774388346 → yizhifu678 → 专业代《发》《广》告， **`Boss91M1`**
2022-07-01 09:19:20 → 5511946505741 → wz513064 → 电报最大广告公司，专业代发广告 **`Boss91M1`**
2022-07-01 09:19:29 → 5511957279540 → NodeGlobal → 本公司专业代发广告 **`Boss91M1`**
2022-07-01 09:19:41 → 5511968857823 → tsdb01 → 我司专业（代）发各行各业（广）告， **`Boss91M1`**
2022-07-01 09:19:50 → 19098453166 → qxinw → 我司专业（代）发各行各业（广）告， **`Boss91M1`**
2022-07-01 09:20:11 → 5511980117746 → BAOAA → 我们公司专业代发广告，精准投放客户群体   **`Boss91M1`**
2022-07-01 09:20:46 → 5511969953585 → tz636 → 实力广告公司，专业代发广告 **`Boss91M1`**
2022-07-01 09:21:03 → 5511946827983 → Flea66 → 我司专业（代）发（广）告， **`Boss91M1`**
2022-07-01 09:21:17 → 5511962232370 → TGYHZQ → 我司专业（代）发（广）告， **`Boss91M1`**
2022-07-01 09:21:25 → 5511946817676 → bailaohui_cvv → 实力广告公司，专业代发广告 **`Boss91M1`**
2022-07-01 09:21:34 → 13607173732 → zscd18 → 我司专业（代）发聊天群（广）告， **`Boss91M1`**
2022-07-01 09:21:43 → 13606658573 → USDTm → 我们精准代发广告 **`Boss91M1`**
2022-07-01 09:21:58 → 5511960923134 → dong821 → 专业代《发》《广》告， **`Boss91M1`**
2022-07-01 09:22:07 → 13602091690 → USDThuzhu3 → 我司专业（代）发（广）告， **`Boss91M1`**
2022-07-01 09:22:31 → 19093240377 → guangdongyue → 实力广告公司，专业代发广告 **`Boss91M1`**
2022-07-01 09:22:41 → 19108094690 → DDTg8888 → 我们公司专业代发广告，精准投放客户群体   **`Boss91M1`**
2022-07-01 09:23:11 → 5511967906646 → BAOAA → 我们公司专业代发广告，精准投放客户广告 **`Boss91M1`**
2022-07-01 09:23:20 → 5511960874133 → xjltq → 专业广告公司，专业代发广告 **`Boss91M1`**
2022-07-01 09:23:40 → 5511957276539 → guangdongyue → 实力广告公司，专业代发广告 **`Boss91M1`**
2022-07-01 09:23:59 → 5511969953585 → xinbi_088 → 我们公司专业代发广告，精准投放客户广告 **`Boss91M1`**
2022-07-01 09:24:23 → 5511954046756 → iBox_official → 我司专业（代）发聊天群（广）告， **`Boss91M1`**
2022-07-01 09:24:32 → 19107520819 → usdtdfds → 本公司专业代发广告 **`Boss91M1`**
2022-07-01 09:24:46 → 5511980117746 → qipaipan54 → 电报最大广告公司，专业代发广告 **`Boss91M1`**
2022-07-01 09:24:57 → 62881011010022 → XxUP1121 → 实力广告公司，专业代发广告 **`Boss91M1`**
2022-07-01 09:25:06 → 5511966962455 → zscd18 → 我们公司专业代发广告，精准投放客户群体   **`Boss91M1`**
2022-07-01 09:25:25 → 13606658573 → paofenjiaoliu12 → 电报最大广告公司，专业代发广告 **`Boss91M1`**
2022-07-01 09:26:18 → 79774388346 → laoyingchuhai8 → 我们公司专业代发广告，精准投放客户群体   **`Boss91M1`**
2022-07-01 09:26:27 → 5511946736417 → dyjiaoliu → 专业广告公司，专业代发广告 **`Boss91M1`**
2022-07-01 09:27:01 → 5511962232370 → juliang666 → 我们公司专业代发广告，精准投放客户广告 **`Boss91M1`**
2022-07-01 09:27:45 → 5511968216453 → az123818 → 我们公司专业代发广告，精准投放客户广告 **`Boss91M1`**
2022-07-01 09:27:55 → 5511961228669 → TGYHZQ → 我司专业（代）发各行各业（广）告， **`Boss91M1`**
2022-07-01 09:28:04 → 5511946827983 → meizi005 → 我司专业（代）发聊天群（广）告， **`Boss91M1`**
2022-07-01 09:28:25 → 5511962375572 → daishoujiaoyi → 专业代《发》《广》告， **`Boss91M1`**
2022-07-01 09:28:48 → 5511944349557 → xbdb01 → 我们公司专业代发广告，精准投放客户广告 **`Boss91M1`**
2022-07-01 09:29:09 → 5511968857823 → TG0188 → 专业代《发》《广》告， **`Boss91M1`**
2022-07-01 09:29:58 → 5511961028971 → tz636 → 专业广告公司，专业代发广告 **`Boss91M1`**
2022-07-01 09:30:11 → 19095050732 → si1688 → 我们精准代发广告 **`Boss91M1`**
2022-07-01 09:30:20 → 5511957529417 → baocai217 → 我司专业（代）发聊天群（广）告， **`Boss91M1`**
2022-07-01 09:30:41 → 5511968026503 → zscd18 → 我司专业（代）发聊天群（广）告， **`Boss91M1`**
2022-07-01 09:30:50 → 19095002275 → dyjiaoliu → 本公司专业代发广告 **`Boss91M1`**
2022-07-01 09:31:07 → 5511969818956 → iBox_official → 我司专业（代）发各行各业（广）告， **`Boss91M1`**
2022-07-01 09:31:16 → 13607173732 → TG0188 → 我司专业（代）发各行各业（广）告， **`Boss91M1`**
2022-07-01 09:31:33 → 5511966766277 → si1688 → 我司专业（代）发各行各业（广）告， **`Boss91M1`**
2022-07-01 09:31:49 → 13606658573 → sunshineyyds → 实力广告公司，专业代发广告 **`Boss91M1`**
2022-07-01 09:31:58 → 19097151292 → Fkzy_Group → 专业广告公司，专业代发广告 **`Boss91M1`**
2022-07-01 09:32:51 → 5511969818956 → yindutg → 本公司专业代发广告 **`Boss91M1`**
2022-07-01 09:33:03 → 19096741939 → BaJie99991 → 本公司专业代发广告 **`Boss91M1`**
2022-07-01 09:33:12 → 5511979992649 → dyjiaoliu → 我们精准代发广告 **`Boss91M1`**
2022-07-01 09:33:21 → 5511962232370 → wz513064 → 专业广告公司，专业代发广告 **`Boss91M1`**
2022-07-01 09:34:17 → 19108385277 → bclm1 → 我司专业（代）发各行各业（广）告， **`Boss91M1`**
2022-07-01 09:34:31 → 5511946817676 → sanfang53 → 实力广告公司，专业代发广告 **`Boss91M1`**
2022-07-01 09:34:40 → 13602091690 → TGYHZQ → 本公司专业代发广告 **`Boss91M1`**
2022-07-01 09:34:49 → 5511957276539 → usdtdfds → 我们公司专业代发广告，精准投放客户群体   **`Boss91M1`**
2022-07-01 09:35:13 → 5511957072605 → daishou44 → 实力广告公司，专业代发广告 **`Boss91M1`**
2022-07-01 09:35:22 → 5511957279540 → sunshineyyds → 我们公司专业代发广告，精准投放客户群体   **`Boss91M1`**
2022-07-01 09:35:32 → 62881010918250 → yinhangkausdt → 电报最大广告公司，专业代发广告 **`Boss91M1`**
2022-07-01 09:36:39 → 19095002275 → tiandeng88 → 我司专业（代）发各行各业（广）告， **`Boss91M1`**
2022-07-01 09:37:04 → 19108094690 → guangdongyue → 我们公司专业代发广告，精准投放客户广告 **`Boss91M1`**
2022-07-01 09:37:13 → 5511980647997 → india_moneypay → 我们精准代发广告 **`Boss91M1`**
2022-07-01 09:37:30 → 5511968026503 → bcweb → 我司专业（代）发（广）告， **`Boss91M1`**
2022-07-01 09:38:37 → 5511954046756 → wz513064 → 实力广告公司，专业代发广告 **`Boss91M1`**
2022-07-01 09:38:46 → 5511967906646 → yizhifu678 → 我司专业（代）发（广）告， **`Boss91M1`**
2022-07-01 09:38:55 → 19093412269 → Fkzy_Group → 电报最大广告公司，专业代发广告 **`Boss91M1`**
2022-07-01 09:39:04 → 5511960923134 → sanfang53 → 我司专业（代）发（广）告， **`Boss91M1`**
2022-07-01 09:39:17 → 5511961228669 → USDThuzhu3 → 我们公司专业代发广告，精准投放客户群体   **`Boss91M1`**
2022-07-01 09:39:40 → 5511931138169 → NodeGlobal → 专业广告公司，专业代发广告 **`Boss91M1`**
2022-07-01 09:39:49 → 5511957147449 → bclm1 → 我们公司专业代发广告，精准投放客户群体   **`Boss91M1`**
2022-07-01 09:40:07 → 5511957027897 → yindutg → 专业代《发》《广》告， **`Boss91M1`**
2022-07-01 09:40:16 → 5511946736417 → az123818 → 专业代《发》《广》告， **`Boss91M1`**
2022-07-01 09:40:25 → 5511962375572 → USDThuzhu3 → 电报最大广告公司，专业代发广告 **`Boss91M1`**
2022-07-01 09:40:45 → 19098453166 → axujj → 专业代《发》《广》告， **`Boss91M1`**
2022-07-01 09:41:06 → 5511946409046 → xjltq → 我司专业（代）发各行各业（广）告， **`Boss91M1`**
2022-07-01 09:41:15 → 79774388346 → huanqian35 → 我们公司专业代发广告，精准投放客户广告 **`Boss91M1`**
2022-07-01 09:41:25 → 5511969731734 → TG_King90 → 本公司专业代发广告 **`Boss91M1`**
2022-07-01 09:41:34 → 13607498791 → qywxjmgzsz → 我司专业（代）发（广）告， **`Boss91M1`**
2022-07-01 09:41:45 → 5511966962455 → Flea66 → 我们公司专业代发广告，精准投放客户广告 **`Boss91M1`**
2022-07-01 09:41:55 → 5511965461554 → TG_King90 → 我们精准代发广告 **`Boss91M1`**
2022-07-01 09:42:12 → 13607498791 → DMZF8 → 电报最大广告公司，专业代发广告 **`Boss91M1`**
2022-07-01 09:42:24 → 5511961028971 → tz636 → 我们公司专业代发广告，精准投放客户广告 **`Boss91M1`**
2022-07-01 09:42:33 → 5511957072605 → TGYHZQ → 我们精准代发广告 **`Boss91M1`**
2022-07-01 09:42:42 → 5511980657017 → daishou44 → 电报最大广告公司，专业代发广告 **`Boss91M1`**
2022-07-01 09:43:24 → 19095002275 → Fkzy_Group → 专业广告公司，专业代发广告 **`Boss91M1`**
2022-07-01 09:43:55 → 62881011010022 → daishoujiaoyi → 专业广告公司，专业代发广告 **`Boss91M1`**
2022-07-01 09:44:06 → 19102605782 → sanfang53 → 专业广告公司，专业代发广告 **`Boss91M1`**
2022-07-01 09:44:37 → 5511954046756 → USDT43 → 电报最大广告公司，专业代发广告 **`Boss91M1`**
2022-07-01 09:44:46 → 5511979992649 → Fkzy_Group → 我司专业（代）发各行各业（广）告， **`Boss91M1`**
2022-07-01 09:44:55 → 5511980117746 → yindutg → 专业广告公司，专业代发广告 **`Boss91M1`**
2022-07-01 09:45:05 → 5511966766277 → Flea66 → 我们公司专业代发广告，精准投放客户群体   **`Boss91M1`**
2022-07-01 09:45:55 → 5511946505741 → caoji565 → 我司专业（代）发（广）告， **`Boss91M1`**
2022-07-01 09:46:26 → 62881010918250 → bclm1 → 我司专业（代）发聊天群（广）告， **`Boss91M1`**
2022-07-01 09:46:35 → 5511957276539 → axujj → 实力广告公司，专业代发广告 **`Boss91M1`**
2022-07-01 09:46:59 → 5511962232370 → wy173 → 实力广告公司，专业代发广告 **`Boss91M1`**
2022-07-01 09:47:16 → 13607173732 → sanfang53 → 我们公司专业代发广告，精准投放客户广告 **`Boss91M1`**
2022-07-01 09:47:53 → 13602091690 → -1001685793459 → 专业代《发》《广》告， **`Boss91M1`**
2022-07-01 09:48:41 → 5511961228669 → yindutg → 我们精准代发广告 **`Boss91M1`**
2022-07-01 09:49:00 → 5511968216453 → sunshineyyds → 本公司专业代发广告 **`Boss91M1`**
2022-07-01 09:49:08 → 5511957529417 → jiu_777 → 我司专业（代）发聊天群（广）告， **`Boss91M1`**
2022-07-01 09:49:18 → 19098452543 → xingqiuzt08 → 我们精准代发广告 **`Boss91M1`**
2022-07-01 09:49:37 → 5511968857823 → TG0188 → 我司专业（代）发（广）告， **`Boss91M1`**
2022-07-01 09:49:54 → 5511980647997 → xjltq → 我们精准代发广告 **`Boss91M1`**
2022-07-01 09:50:11 → 5511969953585 → tz636 → 本公司专业代发广告 **`Boss91M1`**
2022-07-01 09:50:20 → 5511946409046 → USDT43 → 我司专业（代）发（广）告， **`Boss91M1`**
2022-07-01 09:50:29 → 5511946827983 → meizi005 → 我们公司专业代发广告，精准投放客户广告 **`Boss91M1`**
2022-07-01 09:50:40 → 62881011258551 → baocai217 → 我们精准代发广告 **`Boss91M1`**
2022-07-01 09:50:52 → 5511960923134 → zscd18 → 我们公司专业代发广告，精准投放客户广告 **`Boss91M1`**
2022-07-01 09:51:03 → 5511967906646 → caoji565 → 我司专业（代）发聊天群（广）告， **`Boss91M1`**
2022-07-01 09:51:12 → 19103630933 → daishoujiaoyi → 电报最大广告公司，专业代发广告 **`Boss91M1`**
2022-07-01 09:51:50 → 19093412269 → Fkzy_Group → 我们精准代发广告 **`Boss91M1`**
2022-07-01 09:52:09 → 19095050732 → daishou44 → 专业代《发》《广》告， **`Boss91M1`**
2022-07-01 09:52:18 → 5511962232370 → TG0188 → 我司专业（代）发各行各业（广）告， **`Boss91M1`**
2022-07-01 09:52:41 → 19103630933 → daishou44 → 我司专业（代）发（广）告， **`Boss91M1`**
2022-07-01 09:52:53 → 5511957072605 → laowangdan → 本公司专业代发广告 **`Boss91M1`**
2022-07-01 09:53:15 → 5511946827983 → wz513064 → 我们公司专业代发广告，精准投放客户群体   **`Boss91M1`**
2022-07-01 09:53:24 → 5511968857823 → daishou15 → 我们公司专业代发广告，精准投放客户群体   **`Boss91M1`**
2022-07-01 09:53:54 → 5511969953585 → xinbi_088 → 专业代《发》《广》告， **`Boss91M1`**
2022-07-01 09:54:05 → 19098453166 → qxinw → 实力广告公司，专业代发广告 **`Boss91M1`**
2022-07-01 09:54:14 → 5511944349557 → usdtdfds → 我们公司专业代发广告，精准投放客户群体   **`Boss91M1`**
2022-07-01 09:54:37 → 5511980647997 → si1688 → 我司专业（代）发聊天群（广）告， **`Boss91M1`**
2022-07-01 09:54:46 → 5511946409046 → Usdtbmw → 我司专业（代）发各行各业（广）告， **`Boss91M1`**
2022-07-01 09:55:07 → 13607498791 → ORYXW → 电报最大广告公司，专业代发广告 **`Boss91M1`**
2022-07-01 09:55:34 → 5511968026503 → NodeGlobal → 实力广告公司，专业代发广告 **`Boss91M1`**
2022-07-01 09:55:48 → 19098334676 → Usdtbmw → 我们精准代发广告 **`Boss91M1`**
2022-07-01 09:55:58 → 5511961028971 → yizhifu678 → 我司专业（代）发各行各业（广）告， **`Boss91M1`**
2022-07-01 09:56:26 → 5511965461554 → KMFW56789 → 我司专业（代）发（广）告， **`Boss91M1`**
2022-07-01 09:56:35 → 13606658573 → iBox_official → 专业广告公司，专业代发广告 **`Boss91M1`**
2022-07-01 09:57:01 → 5511966962455 → deep3695 → 专业代《发》《广》告， **`Boss91M1`**
2022-07-01 09:57:20 → 13607173732 → juliang666 → 我们精准代发广告 **`Boss91M1`**
2022-07-01 09:57:29 → 5511954046756 → dyjiaoliu → 我们精准代发广告 **`Boss91M1`**
2022-07-01 09:57:50 → 5511962375572 → danbao96 → 我司专业（代）发聊天群（广）告， **`Boss91M1`**
2022-07-01 09:57:59 → 5511969818956 → iBox_official → 专业代《发》《广》告， **`Boss91M1`**
2022-07-01 09:58:10 → 5511969731734 → TG_King90 → 我们公司专业代发广告，精准投放客户群体   **`Boss91M1`**
2022-07-01 09:58:45 → 5511960923134 → TG0188 → 专业广告公司，专业代发广告 **`Boss91M1`**
2022-07-01 09:59:12 → 79774388346 → zscd18 → 电报最大广告公司，专业代发广告 **`Boss91M1`**
2022-07-01 09:59:35 → 5511979992649 → TG_King90 → 我们公司专业代发广告，精准投放客户广告 **`Boss91M1`**
2022-07-01 09:59:53 → 19108077585 → TG0188 → 我们精准代发广告 **`Boss91M1`**
2022-07-01 10:00:34 → 5511957279540 → bclm1 → 我们精准代发广告 **`Boss91M1`**
2022-07-01 10:00:55 → 19102605782 → Flea66 → 我们公司专业代发广告，精准投放客户群体   **`Boss91M1`**
2022-07-01 10:01:07 → 62881010918250 → qxinw → 我司专业（代）发（广）告， **`Boss91M1`**
2022-07-01 10:01:16 → 19096741939 → aqawsedrftgyhujikolp → 我们公司专业代发广告，精准投放客户群体   **`Boss91M1`**
2022-07-01 10:01:40 → 5511968857823 → tsdb01 → 专业代《发》《广》告， **`Boss91M1`**
2022-07-01 10:01:53 → 5511980647997 → huanqian35 → 我们公司专业代发广告，精准投放客户广告 **`Boss91M1`**
2022-07-01 10:02:04 → 19108385277 → deep3695 → 实力广告公司，专业代发广告 **`Boss91M1`**
2022-07-01 10:02:24 → 19093590835 → guangdongyue → 我们公司专业代发广告，精准投放客户广告 **`Boss91M1`**
2022-07-01 10:02:36 → 19108094690 → USDThuzhu3 → 专业代《发》《广》告， **`Boss91M1`**
2022-07-01 10:02:57 → 19098453166 → axujj → 我司专业（代）发聊天群（广）告， **`Boss91M1`**
2022-07-01 10:03:49 → 5511946817676 → sanfang53 → 实力广告公司，专业代发广告 **`Boss91M1`**
2022-07-01 10:04:00 → 5511979992649 → xinbi_088 → 我们精准代发广告 **`Boss91M1`**
2022-07-01 10:04:09 → 5511957529417 → jiu_777 → 我司专业（代）发聊天群（广）告， **`Boss91M1`**
2022-07-01 10:04:21 → 5511966766277 → si1688 → 我司专业（代）发各行各业（广）告， **`Boss91M1`**
2022-07-01 10:04:30 → 5511966962455 → india_moneypay → 专业代《发》《广》告， **`Boss91M1`**
2022-07-01 10:05:04 → 13607173732 → TGYHZQ → 专业代《发》《广》告， **`Boss91M1`**
2022-07-01 10:05:13 → 19098334676 → huanqian35 → 实力广告公司，专业代发广告 **`Boss91M1`**
2022-07-01 10:05:31 → 5511946736417 → bailaohui_cvv → 本公司专业代发广告 **`Boss91M1`**
2022-07-01 10:05:52 → 5511969818956 → si1688 → 我们公司专业代发广告，精准投放客户广告 **`Boss91M1`**
2022-07-01 10:06:09 → 19107520819 → usdtdfds → 电报最大广告公司，专业代发广告 **`Boss91M1`**
2022-07-01 10:06:30 → 5511960923134 → USDThuzhu3 → 实力广告公司，专业代发广告 **`Boss91M1`**
2022-07-01 10:06:43 → 5511954046756 → sunshineyyds → 我们公司专业代发广告，精准投放客户广告 **`Boss91M1`**
2022-07-01 10:07:06 → 5511957276539 → fbwsline2021 → 实力广告公司，专业代发广告 **`Boss91M1`**
2022-07-01 10:07:15 → 5511968216453 → yindutg → 我们精准代发广告 **`Boss91M1`**
2022-07-01 10:07:24 → 79774388346 → jiu_777 → 我们公司专业代发广告，精准投放客户广告 **`Boss91M1`**
2022-07-01 10:07:47 → 5511944349557 → daishoujiaoyi → 我司专业（代）发各行各业（广）告， **`Boss91M1`**
2022-07-01 10:07:56 → 5511961228669 → juliang666 → 专业代《发》《广》告， **`Boss91M1`**
2022-07-01 10:08:16 → 5511969953585 → jiu_777 → 实力广告公司，专业代发广告 **`Boss91M1`**
2022-07-01 10:08:25 → 5511965461554 → sanfang53 → 我司专业（代）发（广）告， **`Boss91M1`**
2022-07-01 10:09:03 → 5511961028971 → XxUP1121 → 我司专业（代）发聊天群（广）告， **`Boss91M1`**
2022-07-01 10:09:12 → 5511962232370 → tsdb01 → 我司专业（代）发各行各业（广）告， **`Boss91M1`**
2022-07-01 10:09:21 → 5511968026503 → zhongwen6 → 专业代《发》《广》告， **`Boss91M1`**
2022-07-01 10:09:39 → 62881010918250 → sunshineyyds → 本公司专业代发广告 **`Boss91M1`**
2022-07-01 10:09:50 → 5511946827983 → zscd18 → 我们精准代发广告 **`Boss91M1`**
2022-07-01 10:10:09 → 5511967906646 → caoji565 → 电报最大广告公司，专业代发广告 **`Boss91M1`**
2022-07-01 10:10:19 → 5511980657017 → daishou44 → 我司专业（代）发聊天群（广）告， **`Boss91M1`**
2022-07-01 10:11:34 → 13602091690 → daishoujiaoyi → 我们精准代发广告 **`Boss91M1`**
2022-07-01 10:11:43 → 19102605782 → daishou15 → 专业广告公司，专业代发广告 **`Boss91M1`**
2022-07-01 10:12:17 → 5511979992649 → TG0188 → 我们精准代发广告 **`Boss91M1`**
2022-07-01 10:12:35 → 19093240377 → sanfang53 → 实力广告公司，专业代发广告 **`Boss91M1`**
2022-07-01 10:13:00 → 5511980117746 → qipaipan54 → 本公司专业代发广告 **`Boss91M1`**
2022-07-01 10:13:09 → 19095002275 → dyjiaoliu → 专业广告公司，专业代发广告 **`Boss91M1`**
2022-07-01 10:14:45 → 5511946409046 → Usdtbmw → 专业代《发》《广》告， **`Boss91M1`**
2022-07-01 10:14:54 → 5511961028971 → bclm1 → 专业代《发》《广》告， **`Boss91M1`**
2022-07-01 10:15:04 → 13606658573 → XxUP1121 → 我们精准代发广告 **`Boss91M1`**
2022-07-01 10:15:25 → 5511954046756 → huione888 → 我们公司专业代发广告，精准投放客户群体   **`Boss91M1`**
2022-07-01 10:15:36 → 5511966766277 → wangzhuanusdt → 我们公司专业代发广告，精准投放客户广告 **`Boss91M1`**
2022-07-01 10:15:45 → 5511946827983 → qxinw → 专业广告公司，专业代发广告 **`Boss91M1`**
2022-07-01 10:15:54 → 5511931138169 → NodeGlobal → 我司专业（代）发各行各业（广）告， **`Boss91M1`**
2022-07-01 10:16:14 → 5511946505741 → caoji565 → 电报最大广告公司，专业代发广告 **`Boss91M1`**
2022-07-01 10:16:36 → 5511969953585 → Flea66 → 专业代《发》《广》告， **`Boss91M1`**
2022-07-01 10:16:55 → 19107520819 → axujj → 我们公司专业代发广告，精准投放客户群体   **`Boss91M1`**
2022-07-01 10:17:09 → 5511966962455 → usdthuihuan → 我们公司专业代发广告，精准投放客户广告 **`Boss91M1`**
2022-07-01 10:17:30 → 13607498791 → ORYXW → 我们精准代发广告 **`Boss91M1`**
2022-07-01 10:17:39 → 5511944349557 → xbdb01 → 我们公司专业代发广告，精准投放客户广告 **`Boss91M1`**
2022-07-01 10:17:48 → 5511960923134 → axujj → 本公司专业代发广告 **`Boss91M1`**
2022-07-01 10:18:12 → 79774388346 → xbdb01 → 我们公司专业代发广告，精准投放客户群体   **`Boss91M1`**
2022-07-01 10:18:21 → 5511960874133 → xjltq → 我司专业（代）发聊天群（广）告， **`Boss91M1`**
2022-07-01 10:18:33 → 5511957072605 → tsdb01 → 我们公司专业代发广告，精准投放客户群体   **`Boss91M1`**
2022-07-01 10:18:42 → 5511957027897 → fbwsline2021 → 我司专业（代）发（广）告， **`Boss91M1`**
2022-07-01 10:19:12 → 5511962375572 → caoji565 → 本公司专业代发广告 **`Boss91M1`**
2022-07-01 10:19:22 → 13607173732 → iBox_official → 电报最大广告公司，专业代发广告 **`Boss91M1`**
2022-07-01 10:19:31 → 19097151292 → Fkzy_Group → 我司专业（代）发各行各业（广）告， **`Boss91M1`**
2022-07-01 10:19:40 → 5511961228669 → KMFW56789 → 我司专业（代）发聊天群（广）告， **`Boss91M1`**
2022-07-01 10:19:49 → 5511967906646 → yizhifu678 → 本公司专业代发广告 **`Boss91M1`**
2022-07-01 10:20:00 → 5511946817676 → wy173 → 专业广告公司，专业代发广告 **`Boss91M1`**
2022-07-01 10:20:09 → 19096741939 → zhongwen6 → 专业广告公司，专业代发广告 **`Boss91M1`**
2022-07-01 10:20:22 → 5511968026503 → zhifuo → 实力广告公司，专业代发广告 **`Boss91M1`**
2022-07-01 10:20:41 → 5511969818956 → yindutg → 我们公司专业代发广告，精准投放客户群体   **`Boss91M1`**
2022-07-01 10:21:02 → 5511969731734 → daishoujiaoyi → 我司专业（代）发聊天群（广）告， **`Boss91M1`**
2022-07-01 10:21:21 → 5511946736417 → USDThuzhu3 → 本公司专业代发广告 **`Boss91M1`**
2022-07-01 10:21:45 → 5511968216453 → zscd1 → 专业广告公司，专业代发广告 **`Boss91M1`**
2022-07-01 10:22:20 → 79774388346 → zhifuo → 我们公司专业代发广告，精准投放客户广告 **`Boss91M1`**
2022-07-01 10:22:52 → 19095002275 → sichouzhilu0 → 专业代《发》《广》告， **`Boss91M1`**
2022-07-01 10:23:01 → 5511969731734 → -1001189649657 → 我司专业（代）发（广）告， **`Boss91M1`**
2022-07-01 10:23:31 → 5511946736417 → si1688 → 我们精准代发广告 **`Boss91M1`**
2022-07-01 10:23:40 → 5511946817676 → india_moneypay → 专业广告公司，专业代发广告 **`Boss91M1`**
2022-07-01 10:24:22 → 5511957529417 → bcweb → 我们公司专业代发广告，精准投放客户广告 **`Boss91M1`**
2022-07-01 10:24:32 → 19108385277 → deep3695 → 我司专业（代）发（广）告， **`Boss91M1`**
2022-07-01 10:24:42 → 5511961028971 → xinbi_088 → 我司专业（代）发（广）告， **`Boss91M1`**
2022-07-01 10:24:51 → 5511944349557 → si1688 → 实力广告公司，专业代发广告 **`Boss91M1`**
2022-07-01 10:25:00 → 5511957276539 → daishou15 → 我们公司专业代发广告，精准投放客户广告 **`Boss91M1`**
2022-07-01 10:25:22 → 5511946409046 → xjltq → 专业广告公司，专业代发广告 **`Boss91M1`**
2022-07-01 10:25:31 → 5511966962455 → njwwjpxc → 专业广告公司，专业代发广告 **`Boss91M1`**
2022-07-01 10:25:41 → 5511980117746 → xbdb01 → 我们精准代发广告 **`Boss91M1`**
2022-07-01 10:25:57 → 5511957027897 → yindutg → 专业广告公司，专业代发广告 **`Boss91M1`**
2022-07-01 10:26:07 → 19108094690 → axujj → 我们精准代发广告 **`Boss91M1`**
2022-07-01 10:26:32 → 5511931688616 → XxUP1121 → 实力广告公司，专业代发广告 **`Boss91M1`**
2022-07-01 10:26:41 → 5511979992649 → wz513064 → 我司专业（代）发聊天群（广）告， **`Boss91M1`**
2022-07-01 10:27:00 → 5511968857823 → TG0188 → 我们精准代发广告 **`Boss91M1`**
2022-07-01 10:27:22 → 5511961228669 → tongdao25 → 我们精准代发广告 **`Boss91M1`**
2022-07-01 10:27:36 → 62881011010022 → deep3695 → 我们公司专业代发广告，精准投放客户群体   **`Boss91M1`**
2022-07-01 10:27:51 → 5511968216453 → az123818 → 专业代《发》《广》告， **`Boss91M1`**
2022-07-01 10:28:05 → 5511957072605 → daishou15 → 我们公司专业代发广告，精准投放客户广告 **`Boss91M1`**
2022-07-01 10:28:58 → 5511965461554 → TG_King90 → 我们精准代发广告 **`Boss91M1`**
2022-07-01 10:29:07 → 5511968026503 → si1688 → 本公司专业代发广告 **`Boss91M1`**
2022-07-01 10:29:18 → 5511980647997 → india_moneypay → 我们精准代发广告 **`Boss91M1`**
2022-07-01 10:29:35 → 19093412269 → BaJie99991 → 专业广告公司，专业代发广告 **`Boss91M1`**
2022-07-01 10:30:07 → 19098334676 → huanqian35 → 我们公司专业代发广告，精准投放客户广告 **`Boss91M1`**
2022-07-01 10:30:31 → 5511957279540 → sunshineyyds → 我司专业（代）发聊天群（广）告， **`Boss91M1`**
2022-07-01 10:30:46 → 62881010918250 → bclm1 → 实力广告公司，专业代发广告 **`Boss91M1`**
2022-07-01 10:31:09 → 5511946827983 → Flea66 → 电报最大广告公司，专业代发广告 **`Boss91M1`**
2022-07-01 10:31:18 → 5511962375572 → html66 → 我们精准代发广告 **`Boss91M1`**
2022-07-01 10:31:27 → 5511954046756 → TG0188 → 本公司专业代发广告 **`Boss91M1`**
2022-07-01 10:31:36 → 13602091690 → fei733 → 我们公司专业代发广告，精准投放客户广告 **`Boss91M1`**
2022-07-01 10:31:57 → 19093412269 → aqawsedrftgyhujikolp → 我们公司专业代发广告，精准投放客户广告 **`Boss91M1`**
2022-07-01 10:32:57 → 62881010918250 → sunshineyyds → 我们公司专业代发广告，精准投放客户广告 **`Boss91M1`**
2022-07-01 10:33:10 → 19095002275 → sanfang53 → 我们公司专业代发广告，精准投放客户广告 **`Boss91M1`**
2022-07-01 10:33:39 → 19102605782 → Flea66 → 我司专业（代）发聊天群（广）告， **`Boss91M1`**
2022-07-01 10:33:48 → 5511954046756 → si1688 → 专业广告公司，专业代发广告 **`Boss91M1`**
2022-07-01 10:33:58 → 62881011258551 → sanfang53 → 我司专业（代）发聊天群（广）告， **`Boss91M1`**
2022-07-01 10:34:08 → 19098334676 → Usdtbmw → 本公司专业代发广告 **`Boss91M1`**
2022-07-01 10:34:21 → 5511931138169 → TGYHZQ → 专业代《发》《广》告， **`Boss91M1`**
2022-07-01 10:34:30 → 5511961228669 → yinhangkausdt → 专业广告公司，专业代发广告 **`Boss91M1`**
2022-07-01 10:34:41 → 5511946827983 → bclm1 → 我们公司专业代发广告，精准投放客户广告 **`Boss91M1`**
2022-07-01 10:34:50 → 5511966766277 → si1688 → 本公司专业代发广告 **`Boss91M1`**
2022-07-01 10:34:59 → 5511969953585 → jiu_777 → 我们公司专业代发广告，精准投放客户广告 **`Boss91M1`**
2022-07-01 10:35:20 → 5511946505741 → caoji565 → 我司专业（代）发聊天群（广）告， **`Boss91M1`**
2022-07-01 10:35:34 → 5511957529417 → baocai217 → 专业广告公司，专业代发广告 **`Boss91M1`**
2022-07-01 10:35:55 → 5511980117746 → BAOAA → 专业广告公司，专业代发广告 **`Boss91M1`**
2022-07-01 10:36:04 → 5511960923134 → dong821 → 我司专业（代）发聊天群（广）告， **`Boss91M1`**
2022-07-01 10:36:13 → 19108094690 → USDThuzhu3 → 我司专业（代）发（广）告， **`Boss91M1`**
2022-07-01 10:36:24 → 5511969818956 → iBox_official → 实力广告公司，专业代发广告 **`Boss91M1`**
2022-07-01 10:36:36 → 5511968857823 → tsdb01 → 实力广告公司，专业代发广告 **`Boss91M1`**
2022-07-01 10:37:09 → 13606658573 → huione888 → 本公司专业代发广告 **`Boss91M1`**
2022-07-01 10:37:33 → 5511944349557 → yindutg → 专业广告公司，专业代发广告 **`Boss91M1`**
2022-07-01 10:37:44 → 5511957072605 → tongdao25 → 本公司专业代发广告 **`Boss91M1`**
2022-07-01 10:37:53 → 5511957279540 → laoyingchuhai8 → 实力广告公司，专业代发广告 **`Boss91M1`**
2022-07-01 10:38:12 → 5511967906646 → az123818 → 我们精准代发广告 **`Boss91M1`**
2022-07-01 10:38:40 → 5511946409046 → USDT43 → 电报最大广告公司，专业代发广告 **`Boss91M1`**
2022-07-01 10:38:57 → 5511946736417 → daishou44 → 我司专业（代）发（广）告， **`Boss91M1`**
2022-07-01 10:39:38 → 13607173732 → bailaohui_cvv → 专业广告公司，专业代发广告 **`Boss91M1`**
2022-07-01 10:39:55 → 19096741939 → BaJie99991 → 电报最大广告公司，专业代发广告 **`Boss91M1`**
2022-07-01 10:40:16 → 5511962375572 → fbwsline2021 → 我司专业（代）发（广）告， **`Boss91M1`**
2022-07-01 10:40:25 → 5511968026503 → baocai217 → 我们精准代发广告 **`Boss91M1`**
2022-07-01 10:40:54 → 5511946817676 → xvswens → 本公司专业代发广告 **`Boss91M1`**
2022-07-01 10:41:03 → 19098453166 → aqawsedrftgyhujikolp → 专业广告公司，专业代发广告 **`Boss91M1`**
2022-07-01 10:41:20 → 5511957276539 → tongdao25 → 专业代《发》《广》告， **`Boss91M1`**
2022-07-01 10:41:29 → 13602091690 → tongdao25 → 我司专业（代）发聊天群（广）告， **`Boss91M1`**
2022-07-01 10:41:38 → 19098452543 → xingqiuzt08 → 我们公司专业代发广告，精准投放客户广告 **`Boss91M1`**
2022-07-01 10:42:04 → 19102605782 → sanfang53 → 专业广告公司，专业代发广告 **`Boss91M1`**
2022-07-01 10:42:15 → 5511931138169 → xvswens → 我司专业（代）发各行各业（广）告， **`Boss91M1`**
2022-07-01 10:42:31 → 5511968216453 → guangdongyue → 本公司专业代发广告 **`Boss91M1`**
2022-07-01 10:42:45 → 19093590835 → guangdongyue → 我们公司专业代发广告，精准投放客户广告 **`Boss91M1`**
2022-07-01 10:42:56 → 19108094690 → zbbgq → 实力广告公司，专业代发广告 **`Boss91M1`**
2022-07-01 10:43:06 → 62881010918250 → yinhangkausdt → 专业广告公司，专业代发广告 **`Boss91M1`**
2022-07-01 10:43:37 → 13607498791 → guangdongyue → 专业广告公司，专业代发广告 **`Boss91M1`**
2022-07-01 10:44:19 → 5511980117746 → yindutg → 我司专业（代）发聊天群（广）告， **`Boss91M1`**
2022-07-01 10:44:29 → 79774388346 → axujj → 我司专业（代）发聊天群（广）告， **`Boss91M1`**
2022-07-01 10:44:50 → 5511957276539 → Fkzy_Group → 我们精准代发广告 **`Boss91M1`**
2022-07-01 10:45:07 → 5511966962455 → xvswens → 实力广告公司，专业代发广告 **`Boss91M1`**
2022-07-01 10:45:32 → 5511966766277 → wangzhuanusdt → 我们精准代发广告 **`Boss91M1`**
2022-07-01 10:45:41 → 19096741939 → aqawsedrftgyhujikolp → 我司专业（代）发（广）告， **`Boss91M1`**
2022-07-01 10:45:53 → 5511968026503 → tongdao25 → 我们精准代发广告 **`Boss91M1`**
2022-07-01 10:46:41 → 5511969731734 → yizhifu678 → 专业代《发》《广》告， **`Boss91M1`**
2022-07-01 10:46:50 → 5511957279540 → bclm1 → 实力广告公司，专业代发广告 **`Boss91M1`**
2022-07-01 10:47:24 → 5511962232370 → wz513064 → 我们精准代发广告 **`Boss91M1`**
2022-07-01 10:47:33 → 19097032047 → deep3695 → 我们精准代发广告 **`Boss91M1`**
2022-07-01 10:48:03 → 5511957147449 → bclm1 → 我司专业（代）发各行各业（广）告， **`Boss91M1`**
2022-07-01 10:48:12 → 13607173732 → bcweb → 实力广告公司，专业代发广告 **`Boss91M1`**
2022-07-01 10:48:21 → 19103630933 → daishou44 → 实力广告公司，专业代发广告 **`Boss91M1`**
2022-07-01 10:48:32 → 5511961228669 → Fkzy_Group → 专业广告公司，专业代发广告 **`Boss91M1`**
2022-07-01 10:48:53 → 5511980647997 → si1688 → 专业广告公司，专业代发广告 **`Boss91M1`**
2022-07-01 10:49:10 → 13602091690 → bailaohui_cvv → 我司专业（代）发聊天群（广）告， **`Boss91M1`**
2022-07-01 10:49:19 → 5511946505741 → wz513064 → 本公司专业代发广告 **`Boss91M1`**
2022-07-01 10:49:28 → 5511968857823 → daishou15 → 专业广告公司，专业代发广告 **`Boss91M1`**
2022-07-01 10:49:39 → 5511946817676 → bailaohui_cvv → 我们精准代发广告 **`Boss91M1`**
2022-07-01 10:50:01 → 5511961028971 → xinbi_088 → 专业广告公司，专业代发广告 **`Boss91M1`**
2022-07-01 10:50:44 → 5511979992649 → bclm1 → 我们公司专业代发广告，精准投放客户群体   **`Boss91M1`**
2022-07-01 10:50:53 → 5511969953585 → xinbi_088 → 我司专业（代）发（广）告， **`Boss91M1`**
2022-07-01 10:51:13 → 19107520819 → axujj → 我们公司专业代发广告，精准投放客户广告 **`Boss91M1`**
2022-07-01 10:51:22 → 5511969818956 → yindutg → 我司专业（代）发各行各业（广）告， **`Boss91M1`**
2022-07-01 10:51:32 → 62881011010022 → juliang666 → 专业代《发》《广》告， **`Boss91M1`**
2022-07-01 10:51:50 → 5511960923134 → sanfang53 → 我司专业（代）发聊天群（广）告， **`Boss91M1`**
2022-07-01 10:52:10 → 5511946736417 → Flea66 → 我司专业（代）发聊天群（广）告， **`Boss91M1`**
2022-07-01 10:52:25 → 5511957529417 → jiu_777 → 我司专业（代）发各行各业（广）告， **`Boss91M1`**
2022-07-01 10:52:37 → 5511962375572 → USDThuzhu3 → 专业代《发》《广》告， **`Boss91M1`**
2022-07-01 10:52:47 → 19108077585 → TG0188 → 我们公司专业代发广告，精准投放客户广告 **`Boss91M1`**
2022-07-01 10:53:32 → 5511968026503 → bcweb → 我们公司专业代发广告，精准投放客户群体   **`Boss91M1`**
2022-07-01 10:53:41 → 5511969818956 → si1688 → 我们公司专业代发广告，精准投放客户广告 **`Boss91M1`**
2022-07-01 10:53:56 → 62881011010022 → XxUP1121 → 专业广告公司，专业代发广告 **`Boss91M1`**
2022-07-01 10:54:05 → 5511961028971 → bclm1 → 专业代《发》《广》告， **`Boss91M1`**
2022-07-01 10:54:26 → 5511980117746 → tz636 → 本公司专业代发广告 **`Boss91M1`**
2022-07-01 10:54:46 → 19097151292 → Fkzy_Group → 我们精准代发广告 **`Boss91M1`**
2022-07-01 10:55:23 → 5511969953585 → tz636 → 我司专业（代）发（广）告， **`Boss91M1`**
2022-07-01 10:55:32 → 13607498791 → aqawsedrftgyhujikolp → 实力广告公司，专业代发广告 **`Boss91M1`**
2022-07-01 10:55:43 → 5511954046756 → laowangdan → 专业代《发》《广》告， **`Boss91M1`**
2022-07-01 10:55:57 → 5511957072605 → laowangdan → 专业代《发》《广》告， **`Boss91M1`**
2022-07-01 10:56:06 → 5511957279540 → NodeGlobal → 我们精准代发广告 **`Boss91M1`**
2022-07-01 10:56:27 → 5511960874133 → xjltq → 我司专业（代）发各行各业（广）告， **`Boss91M1`**
2022-07-01 10:56:40 → 79774388346 → usdthuihuan → 实力广告公司，专业代发广告 **`Boss91M1`**
2022-07-01 10:56:49 → 19107520819 → usdtdfds → 我司专业（代）发聊天群（广）告， **`Boss91M1`**
2022-07-01 10:57:08 → 5511961228669 → az123818 → 本公司专业代发广告 **`Boss91M1`**
2022-07-01 10:57:37 → 5511967906646 → caoji565 → 实力广告公司，专业代发广告 **`Boss91M1`**
2022-07-01 10:57:46 → 19098453166 → aqawsedrftgyhujikolp → 我们公司专业代发广告，精准投放客户群体   **`Boss91M1`**
2022-07-01 10:58:05 → 62881010918250 → qxinw → 我司专业（代）发聊天群（广）告， **`Boss91M1`**
2022-07-01 10:58:38 → 19108385277 → bclm1 → 我们精准代发广告 **`Boss91M1`**
2022-07-01 10:59:15 → 5511946827983 → qxinw → 我司专业（代）发（广）告， **`Boss91M1`**
2022-07-01 10:59:27 → 5511944349557 → si1688 → 本公司专业代发广告 **`Boss91M1`**
2022-07-01 10:59:36 → 5511960923134 → axujj → 专业广告公司，专业代发广告 **`Boss91M1`**
2022-07-01 10:59:55 → 5511980647997 → huanqian35 → 我司专业（代）发各行各业（广）告， **`Boss91M1`**
2022-07-01 11:00:04 → 13606658573 → xinbi_088 → 专业代《发》《广》告， **`Boss91M1`**
2022-07-01 11:00:15 → 5511979992649 → sunshineyyds → 我们精准代发广告 **`Boss91M1`**
2022-07-01 11:00:37 → 5511962232370 → TG0188 → 我司专业（代）发各行各业（广）告， **`Boss91M1`**
2022-07-01 11:01:10 → 5511966766277 → Flea66 → 本公司专业代发广告 **`Boss91M1`**
2022-07-01 11:01:45 → 5511957027897 → yindutg → 我司专业（代）发各行各业（广）告， **`Boss91M1`**
2022-07-01 11:01:57 → 19108094690 → deep3695 → 我们精准代发广告 **`Boss91M1`**
2022-07-01 11:02:28 → 79774388346 → danbao96 → 我司专业（代）发聊天群（广）告， **`Boss91M1`**
2022-07-01 11:03:21 → 5511960874133 → meizi005 → 专业代《发》《广》告， **`Boss91M1`**
2022-07-01 11:03:37 → 5511946409046 → juliang666 → 专业广告公司，专业代发广告 **`Boss91M1`**
2022-07-01 11:03:46 → 13607498791 → dyjiaoliu → 专业广告公司，专业代发广告 **`Boss91M1`**
2022-07-01 11:04:27 → 5511957072605 → NodeGlobal → 我司专业（代）发（广）告， **`Boss91M1`**
2022-07-01 11:04:38 → 5511968026503 → zscd18 → 我们公司专业代发广告，精准投放客户群体   **`Boss91M1`**
2022-07-01 11:05:04 → 5511957279540 → HWDBQ → 本公司专业代发广告 **`Boss91M1`**
2022-07-01 11:05:13 → 5511960923134 → zscd18 → 我们公司专业代发广告，精准投放客户广告 **`Boss91M1`**
2022-07-01 11:05:27 → 5511954046756 → daishou44 → 我们精准代发广告 **`Boss91M1`**
2022-07-01 11:05:36 → 5511961028971 → yizhifu678 → 我司专业（代）发聊天群（广）告， **`Boss91M1`**
2022-07-01 11:05:54 → 5511968857823 → TG0188 → 我司专业（代）发各行各业（广）告， **`Boss91M1`**
2022-07-01 11:06:11 → 5511944349557 → usdtdfds → 专业广告公司，专业代发广告 **`Boss91M1`**
2022-07-01 11:06:20 → 19095050732 → daishou44 → 我们公司专业代发广告，精准投放客户广告 **`Boss91M1`**
2022-07-01 11:06:29 → 5511966962455 → india_moneypay → 专业代《发》《广》告， **`Boss91M1`**
2022-07-01 11:06:49 → 5511962232370 → KMFW56789 → 我们公司专业代发广告，精准投放客户群体   **`Boss91M1`**
2022-07-01 11:06:58 → 5511968216453 → sunshineyyds → 我司专业（代）发各行各业（广）告， **`Boss91M1`**
2022-07-01 11:07:07 → 5511980647997 → xjltq → 我司专业（代）发（广）告， **`Boss91M1`**
2022-07-01 11:07:31 → 5511969953585 → Flea66 → 本公司专业代发广告 **`Boss91M1`**
2022-07-01 11:07:49 → 5511946827983 → Flea66 → 电报最大广告公司，专业代发广告 **`Boss91M1`**
2022-07-01 11:08:20 → 5511967906646 → az123818 → 专业广告公司，专业代发广告 **`Boss91M1`**
2022-07-01 11:08:29 → 13602091690 → -1001685793459 → 专业广告公司，专业代发广告 **`Boss91M1`**
2022-07-01 11:09:02 → 5511946736417 → daishou44 → 专业代《发》《广》告， **`Boss91M1`**
2022-07-01 11:09:38 → 5511957147449 → bclm1 → 我们公司专业代发广告，精准投放客户群体   **`Boss91M1`**
2022-07-01 11:10:00 → 5511957529417 → bcweb → 我司专业（代）发（广）告， **`Boss91M1`**
2022-07-01 11:10:09 → 19103630933 → daishoujiaoyi → 我们公司专业代发广告，精准投放客户群体   **`Boss91M1`**
2022-07-01 11:10:32 → 13606658573 → XxUP1121 → 我司专业（代）发各行各业（广）告， **`Boss91M1`**
2022-07-01 11:10:42 → 5511957276539 → TG0188 → 实力广告公司，专业代发广告 **`Boss91M1`**
2022-07-01 11:10:56 → 5511969731734 → axujj → 我司专业（代）发聊天群（广）告， **`Boss91M1`**
2022-07-01 11:11:19 → 5511965461554 → sanfang53 → 实力广告公司，专业代发广告 **`Boss91M1`**
2022-07-01 11:11:30 → 5511946817676 → sanfang53 → 实力广告公司，专业代发广告 **`Boss91M1`**
2022-07-01 11:12:00 → 5511946409046 → tongdao25 → 我们公司专业代发广告，精准投放客户广告 **`Boss91M1`**
2022-07-01 11:12:10 → 13606658573 → huanqian35 → 我们精准代发广告 **`Boss91M1`**
2022-07-01 11:12:19 → 5511966962455 → KMFW56789 → 本公司专业代发广告 **`Boss91M1`**
2022-07-01 11:12:28 → 5511961028971 → tz636 → 电报最大广告公司，专业代发广告 **`Boss91M1`**
2022-07-01 11:12:59 → 13602091690 → qipaipan54 → 我们精准代发广告 **`Boss91M1`**
2022-07-01 11:13:10 → 5511968216453 → zscd1 → 我司专业（代）发聊天群（广）告， **`Boss91M1`**
2022-07-01 11:13:51 → 5511969818956 → iBox_official → 我们公司专业代发广告，精准投放客户广告 **`Boss91M1`**
2022-07-01 11:14:01 → 5511946505741 → caoji565 → 电报最大广告公司，专业代发广告 **`Boss91M1`**
2022-07-01 11:14:12 → 19098453166 → axujj → 我们精准代发广告 **`Boss91M1`**
2022-07-01 11:14:23 → 62881010918250 → bclm1 → 我们公司专业代发广告，精准投放客户广告 **`Boss91M1`**
2022-07-01 11:14:51 → 5511968026503 → USDTm → 我司专业（代）发聊天群（广）告， **`Boss91M1`**
2022-07-01 11:15:29 → 5511960923134 → TG0188 → 我司专业（代）发各行各业（广）告， **`Boss91M1`**
2022-07-01 11:15:38 → 5511944349557 → daishoujiaoyi → 我司专业（代）发（广）告， **`Boss91M1`**
2022-07-01 11:16:01 → 5511957276539 → axujj → 我司专业（代）发（广）告， **`Boss91M1`**
2022-07-01 11:16:12 → 5511931688616 → XxUP1121 → 本公司专业代发广告 **`Boss91M1`**
2022-07-01 11:16:31 → 5511961228669 → yizhifu678 → 专业代《发》《广》告， **`Boss91M1`**
2022-07-01 11:16:52 → 19095002275 → Fkzy_Group → 我司专业（代）发各行各业（广）告， **`Boss91M1`**
2022-07-01 11:17:04 → 13607498791 → si1688 → 我司专业（代）发（广）告， **`Boss91M1`**
2022-07-01 11:17:13 → 5511967906646 → yizhifu678 → 本公司专业代发广告 **`Boss91M1`**
2022-07-01 11:17:42 → 13607173732 → xbdb01 → 实力广告公司，专业代发广告 **`Boss91M1`**
2022-07-01 11:17:51 → 5511954046756 → zhifuo → 实力广告公司，专业代发广告 **`Boss91M1`**
2022-07-01 11:18:17 → 5511965461554 → TG_King90 → 实力广告公司，专业代发广告 **`Boss91M1`**
2022-07-01 11:18:49 → 5511962375572 → html66 → 我司专业（代）发各行各业（广）告， **`Boss91M1`**
2022-07-01 11:19:00 → 5511946827983 → zscd18 → 我司专业（代）发聊天群（广）告， **`Boss91M1`**
2022-07-01 11:19:36 → 19098334676 → huanqian35 → 我们精准代发广告 **`Boss91M1`**
2022-07-01 11:19:47 → 62881011010022 → daishoujiaoyi → 我们公司专业代发广告，精准投放客户群体   **`Boss91M1`**
2022-07-01 11:19:56 → 19102605782 → Flea66 → 我们精准代发广告 **`Boss91M1`**
2022-07-01 11:20:39 → 19097032047 → deep3695 → 我们精准代发广告 **`Boss91M1`**
2022-07-01 11:21:01 → 5511968857823 → daishou15 → 我司专业（代）发各行各业（广）告， **`Boss91M1`**
2022-07-01 11:21:12 → 5511946736417 → bailaohui_cvv → 实力广告公司，专业代发广告 **`Boss91M1`**
2022-07-01 11:21:39 → 5511946817676 → bailaohui_cvv → 我们精准代发广告 **`Boss91M1`**
2022-07-01 11:22:35 → 19095050732 → si1688 → 我司专业（代）发聊天群（广）告， **`Boss91M1`**
2022-07-01 11:22:58 → 5511966766277 → si1688 → 我司专业（代）发各行各业（广）告， **`Boss91M1`**
2022-07-01 11:23:35 → 5511961028971 → XxUP1121 → 本公司专业代发广告 **`Boss91M1`**
2022-07-01 11:23:57 → 5511946827983 → wz513064 → 我们公司专业代发广告，精准投放客户广告 **`Boss91M1`**
2022-07-01 11:24:21 → 5511962232370 → wy173 → 实力广告公司，专业代发广告 **`Boss91M1`**
2022-07-01 11:24:30 → 19103630933 → daishoujiaoyi → 我们公司专业代发广告，精准投放客户广告 **`Boss91M1`**
2022-07-01 11:24:39 → 13607173732 → india_moneypay → 我们精准代发广告 **`Boss91M1`**
2022-07-01 11:24:48 → 19096741939 → zhongwen6 → 本公司专业代发广告 **`Boss91M1`**
2022-07-01 11:24:57 → 5511960923134 → wy173 → 实力广告公司，专业代发广告 **`Boss91M1`**
2022-07-01 11:25:06 → 5511966962455 → deep3695 → 我司专业（代）发各行各业（广）告， **`Boss91M1`**
2022-07-01 11:25:15 → 5511957529417 → baocai217 → 实力广告公司，专业代发广告 **`Boss91M1`**
2022-07-01 11:25:47 → 5511931138169 → xvswens → 专业代《发》《广》告， **`Boss91M1`**
2022-07-01 11:26:10 → 13606658573 → sunshineyyds → 本公司专业代发广告 **`Boss91M1`**