
2022-06-26 00:00:08 → 13603618895 → https://t.me/zhongshandidi → 加群成功
2022-06-26 00:00:21 → 13607951438 → https://t.me/tg12389 → 加群成功
2022-06-26 00:00:35 → 13606658573 → https://t.me/hi628 → 加群成功
2022-06-26 00:00:50 → 13526166754 → https://t.me/biboxgroup → 加群成功
2022-06-26 00:01:04 → 13607433057 → https://t.me/myfreevpn → 加群成功
2022-06-26 00:01:17 → 13608891691 → https://t.me/mikebill888 → 加群成功
2022-06-26 00:01:30 → 13602091690 → https://t.me/olddrivergd → 加群成功
2022-06-26 00:01:43 → 13526232045 → https://t.me/tgdanbao000 → 加群成功
2022-06-26 00:01:56 → 13479801129 → https://t.me/flea66 → 加群成功
2022-06-26 00:02:10 → 13527291197 → https://t.me/bandwagonhostgroup → 加群成功
2022-06-26 00:02:23 → 13526128355 → https://t.me/zfb_qq → 加群成功
2022-06-26 00:02:36 → 13602182438 → https://t.me/huanqian35 → 加群成功
2022-06-26 00:03:04 → 13607498791 → https://t.me/yxbjx → 加群成功
2022-06-26 00:03:18 → 13479803524 → https://t.me/saltyleo_blog → 加群成功
2022-06-26 00:03:31 → 13608377628 → https://t.me/radiocacaasian → 加群成功
2022-06-26 00:03:44 → 13607175467 → https://t.me/dubaiqq918 → 加群成功
2022-06-26 00:03:57 → 13606858594 → https://t.me/qingroup → 加群成功
2022-06-26 00:04:10 → 13608892420 → https://t.me/doxchina → 加群失败：No user has "doxchina" as username
2022-06-26 00:04:21 → 13479901723 → https://t.me/zzlsjbyq → 加群成功
2022-06-26 00:04:34 → 13526420263 → https://t.me/P541888888 → 加群成功
2022-06-26 00:04:47 → 13606027981 → https://t.me/TG12389 → 加群成功
2022-06-26 00:05:01 → 13609178317 → https://t.me/yangjiangchannel → 加群成功
2022-06-26 00:05:14 → 13602158254 → https://t.me/galaxyheroescn → 加群成功
2022-06-26 00:05:27 → 13607173732 → https://t.me/wangzhuanusdt → 加群成功
2022-06-26 00:05:46 → 13608377628 → https://t.me/dibai778899 → 加群成功
2022-06-26 00:05:59 → 13607498791 → https://t.me/raicoincn → 加群成功
2022-06-26 00:06:12 → 13479901723 → https://t.me/TG907 → 加群成功
2022-06-26 00:06:25 → 13607175467 → https://t.me/yinhangkausdt → 加群成功
2022-06-26 00:06:39 → 13606027981 → https://t.me/huione888 → 加群成功
2022-06-26 00:06:52 → 13606858594 → https://t.me/zn88666 → 加群成功
2022-06-26 00:07:05 → 13526166754 → https://t.me/akkcloud → 加群成功
2022-06-26 00:07:20 → 13526420263 → https://t.me/liuhedadui → 加群成功
2022-06-26 00:07:33 → 13608892420 → https://t.me/TG006 → 加群成功
2022-06-26 00:07:46 → 13602182438 → https://t.me/tg006 → 加群成功
2022-06-26 00:07:59 → 13526128355 → https://t.me/olddriver_fs → 加群成功
2022-06-26 00:08:13 → 13479801129 → https://t.me/wz513064 → 加群成功
2022-06-26 00:08:26 → 13608891691 → https://t.me/se_talk → 加群成功
2022-06-26 00:08:39 → 13602091690 → https://t.me/zeronetzh → 加群成功
2022-06-26 00:08:53 → 13607433057 → https://t.me/fluxdefi → 加群成功
2022-06-26 00:09:06 → 13609178317 → https://t.me/a_k_3a → 加群成功
2022-06-26 00:09:19 → 13607173732 → https://t.me/google_win → 加群成功
2022-06-26 00:09:32 → 13606658573 → https://t.me/phbbs → 加群成功
2022-06-26 00:09:46 → 13527291197 → https://t.me/avnrichchinese_chat → 加群成功
2022-06-26 00:09:59 → 13602158254 → https://t.me/hoogroupchinese → 加群成功
2022-06-26 00:10:12 → 13479803524 → https://t.me/v2rayn → 加群成功
2022-06-26 00:10:25 → 13603618895 → https://t.me/sq577 → 加群成功
2022-06-26 00:10:38 → 13526232045 → https://t.me/jianpuzai777 → 加群成功
2022-06-26 00:10:54 → 13607951438 → https://t.me/bzzone → 加群成功
2022-06-26 00:11:12 → 13479901723 → https://t.me/usdt43 → 加群成功
2022-06-26 00:11:25 → 13479803524 → https://t.me/blsq55 → 加群成功
2022-06-26 00:11:39 → 13602158254 → https://t.me/HuNanTG → 加群成功
2022-06-26 00:11:54 → 13607951438 → https://t.me/gdsjq → 加群成功
2022-06-26 00:12:08 → 13526420263 → https://t.me/paofenht → 加群成功
2022-06-26 00:12:21 → 13527291197 → https://t.me/cccccccxyyy → 加群成功
2022-06-26 00:12:34 → 13526232045 → https://t.me/DIP9188 → 加群成功
2022-06-26 00:12:48 → 13603618895 → https://t.me/sunshineyyds → 加群成功
2022-06-26 00:13:01 → 13479801129 → https://t.me/xjltq → 加群成功
2022-06-26 00:13:15 → 13608377628 → https://t.me/pionexcn → 加群成功
2022-06-26 00:13:28 → 13602091690 → https://t.me/nwdr888 → 加群成功
2022-06-26 00:13:42 → 13526128355 → https://t.me/frontend_talk → 加群成功
2022-06-26 00:13:58 → 13606027981 → https://t.me/yuehui8 → 加群成功
2022-06-26 00:14:11 → 13607173732 → https://t.me/iClubHouse → 加群成功
2022-06-26 00:14:26 → 13607175467 → https://t.me/gdr666 → 加群失败：Cannot cast InputPeerUser to any kind of InputChannel.
2022-06-26 00:14:37 → 13606858594 → https://t.me/ColaChina → 加群成功
2022-06-26 00:14:50 → 13608891691 → https://t.me/ak99yunmlsxfgds → 加群成功
2022-06-26 00:15:06 → 13607498791 → https://t.me/guminlaqun66 → 加群成功
2022-06-26 00:15:19 → 13607433057 → https://t.me/nanjing025 → 加群失败：No user has "nanjing025" as username
2022-06-26 00:15:30 → 13526166754 → https://t.me/pingan66chadang → 加群成功
2022-06-26 00:15:45 → 13608892420 → https://t.me/TGhuaren1 → 加群成功
2022-06-26 00:15:58 → 13606658573 → https://t.me/BinancePoolChinese → 加群成功
2022-06-26 00:16:11 → 13602182438 → https://t.me/yuantoushuju4 → 加群成功
2022-06-26 00:16:26 → 13609178317 → https://t.me/light_up_comm → 加群成功
2022-06-26 00:16:47 → 13526420263 → https://t.me/ca0505 → 加群成功
2022-06-26 00:17:00 → 13526166754 → https://t.me/bacommu → 加群成功
2022-06-26 00:17:14 → 13479803524 → https://t.me/xysbbs → 加群成功
2022-06-26 00:17:27 → 13608892420 → https://t.me/BAOAA → 加群成功
2022-06-26 00:17:40 → 13602182438 → https://t.me/ydsj1 → 加群成功
2022-06-26 00:17:53 → 13606027981 → https://t.me/justmysockscn → 加群成功
2022-06-26 00:18:08 → 13603618895 → https://t.me/ltq33 → 加群成功
2022-06-26 00:18:22 → 13602091690 → https://t.me/binance_api_chinese → 加群成功
2022-06-26 00:18:35 → 13479801129 → https://t.me/shuju666886 → 加群失败：No user has "shuju666886" as username
2022-06-26 00:18:46 → 13527291197 → https://t.me/olddriversh → 加群成功
2022-06-26 00:18:59 → 13526128355 → https://t.me/kx360 → 加群成功
2022-06-26 00:19:12 → 13608891691 → https://t.me/dijia02 → 加群成功
2022-06-26 00:19:25 → 13607498791 → https://t.me/dibai918 → 加群成功
2022-06-26 00:19:39 → 13526232045 → https://t.me/tg_king80 → 加群成功
2022-06-26 00:19:52 → 13607951438 → https://t.me/paofen1688 → 加群成功
2022-06-26 00:20:05 → 13609178317 → https://t.me/lhc168 → 加群成功
2022-06-26 00:20:18 → 13607175467 → https://t.me/coinbetter_cn → 加群失败：No user has "coinbetter_cn" as username
2022-06-26 00:20:29 → 13602158254 → https://t.me/chinadarknet → 加群成功
2022-06-26 00:20:42 → 13606858594 → https://t.me/fw992 → 加群成功
2022-06-26 00:20:56 → 13479901723 → https://t.me/wybf168168 → 加群成功
2022-06-26 00:21:09 → 13607173732 → https://t.me/tgyhzq → 加群成功
2022-06-26 00:21:23 → 13606658573 → https://t.me/duanxin2008 → 加群成功
2022-06-26 00:21:36 → 13608377628 → https://t.me/kkkttt369 → 加群成功
2022-06-26 00:21:49 → 13607433057 → https://t.me/MDhuaren1 → 加群成功
2022-06-26 00:22:07 → 13479803524 → https://t.me/tianziusdt → 加群成功
2022-06-26 00:22:21 → 13526420263 → https://t.me/zaozhuang1 → 加群成功
2022-06-26 00:22:34 → 13608377628 → https://t.me/pionexcn → 加群成功
2022-06-26 00:22:47 → 13602091690 → https://t.me/usdthuzhu3 → 加群成功
2022-06-26 00:23:00 → 13527291197 → https://t.me/daishou44 → 加群成功
2022-06-26 00:23:29 → 13602182438 → https://t.me/zhifuo → 加群成功
2022-06-26 00:23:42 → 13606027981 → https://t.me/huaao1 → 加群成功
2022-06-26 00:23:55 → 13526166754 → https://t.me/wuhpay → 加群成功
2022-06-26 00:24:08 → 13479901723 → https://t.me/network50_chat → 加群成功
2022-06-26 00:24:24 → 13602158254 → https://t.me/USTCtg → 加群成功
2022-06-26 00:24:37 → 13608891691 → https://t.me/FHLMTEAM → 加群成功
2022-06-26 00:24:50 → 13607951438 → https://t.me/tgdl128 → 加群成功
2022-06-26 00:25:04 → 13526128355 → https://t.me/universityalliance → 加群成功
2022-06-26 00:25:19 → 13607175467 → https://t.me/wubuxianjingziyuan → 加群成功
2022-06-26 00:25:33 → 13606858594 → https://t.me/tg1949521 → 加群成功
2022-06-26 00:25:46 → 13526232045 → https://t.me/heyuedashen1 → 加群成功
2022-06-26 00:25:59 → 13607433057 → https://t.me/wy173 → 加群成功
2022-06-26 00:26:13 → 13606658573 → https://t.me/TG006 → 加群成功
2022-06-26 00:26:26 → 13609178317 → https://t.me/gm0008 → 加群成功
2022-06-26 00:26:40 → 13607173732 → https://t.me/kaihesoft → 加群成功
2022-06-26 00:26:53 → 13479801129 → https://t.me/DBhuaren1 → 加群成功
2022-06-26 00:27:07 → 13607498791 → https://t.me/lbank_cn → 加群成功
2022-06-26 00:27:20 → 13603618895 → https://t.me/guiyangpapa → 加群成功
2022-06-26 00:27:33 → 13608892420 → https://t.me/pg528 → 加群成功
2022-06-26 00:27:52 → 13526232045 → https://t.me/huanxiangyouxi → 加群成功
2022-06-26 00:28:06 → 13527291197 → https://t.me/hwdbq → 加群成功
2022-06-26 00:28:19 → 13606027981 → https://t.me/aiweisi888 → 加群成功
2022-06-26 00:28:32 → 13606658573 → https://t.me/chaxun2020 → 加群失败：No user has "chaxun2020" as username
2022-06-26 00:28:44 → 13608892420 → https://t.me/pigcommunity → 加群成功
2022-06-26 00:28:57 → 13602091690 → https://t.me/daishoujiaoyi → 加群成功
2022-06-26 00:29:10 → 13609178317 → https://t.me/CvvinternalOrganization → 加群成功
2022-06-26 00:29:26 → 13479901723 → https://t.me/esmascript6 → 加群成功
2022-06-26 00:29:39 → 13603618895 → https://t.me/pfwcn → 加群成功
2022-06-26 00:29:53 → 13608891691 → https://t.me/FQ3P3 → 加群成功
2022-06-26 00:30:06 → 13479803524 → https://t.me/njwwjpxc → 加群成功
2022-06-26 00:30:19 → 13608377628 → https://t.me/olddriver_cdu → 加群成功
2022-06-26 00:30:32 → 13526128355 → https://t.me/jiu_777 → 加群成功
2022-06-26 00:30:46 → 13607175467 → https://t.me/fastfish2 → 加群成功
2022-06-26 00:30:59 → 13602158254 → https://t.me/fastfish2 → 加群成功
2022-06-26 00:31:15 → 13479801129 → https://t.me/juliang666 → 加群成功
2022-06-26 00:31:28 → 13602182438 → https://t.me/qxinw → 加群成功
2022-06-26 19:52:55 → 5511931789525 → https://t.me/tfwzclz → 加群成功
2022-06-26 19:53:09 → 5511980657017 → https://t.me/zfb_qq → 加群成功
2022-06-26 19:53:22 → 5511960923134 → https://t.me/fhaak8 → 加群成功
2022-06-26 19:53:36 → 5506199498193 → https://t.me/hi_Official_Chinese → 加群成功
2022-06-26 19:53:50 → 5511946044550 → https://t.me/guangdongyue → 加群成功
2022-06-26 19:54:04 → 5511944349557 → https://t.me/yindutg → 加群成功
2022-06-26 19:54:18 → 5591993705196 → https://t.me/kkkttt369 → 加群成功
2022-06-26 19:54:37 → 5511931789525 → https://t.me/Gm0008 → 加群成功
2022-06-26 19:54:50 → 5591993705196 → https://t.me/lbank_cn → 加群成功
2022-06-26 19:55:04 → 5511946044550 → https://t.me/BIYONGOfficial0015 → 加群成功
2022-06-26 19:55:18 → 6285941891371 → https://t.me/tg1949521 → 加群成功
2022-06-26 19:55:33 → 6283138312417 → https://t.me/BKEXChinese → 加群成功
2022-06-26 19:55:47 → 5511944349557 → https://t.me/wuhpay → 加群成功
2022-06-26 19:56:01 → 5506199498193 → https://t.me/im0471 → 加群成功
2022-06-26 19:56:15 → 5511980657017 → https://t.me/network50_chat → 加群成功
2022-06-26 19:56:31 → 5511960923134 → https://t.me/html66 → 加群成功
2022-06-26 19:56:45 → 6281349564958 → https://t.me/esmascript6 → 加群成功
2022-06-26 19:57:05 → 5511960923134 → https://t.me/daishou44 → 加群成功
2022-06-26 19:57:19 → 5591993705196 → https://t.me/tg771 → 加群成功
2022-06-26 19:57:32 → 6285941891371 → https://t.me/aomenliuhe88 → 加群成功
2022-06-26 19:57:47 → 6281349564958 → https://t.me/ys52111 → 加群成功
2022-06-26 19:58:01 → 5506199498193 → https://t.me/vfucloud → 加群成功
2022-06-26 19:58:15 → 5511980657017 → https://t.me/feihelp → 加群成功
2022-06-26 19:58:28 → 6283138312417 → https://t.me/xbzijian → 加群成功
2022-06-26 19:58:45 → 5511931789525 → https://t.me/olddriverhui → 加群成功
2022-06-26 19:58:59 → 5511944349557 → https://t.me/shenma001 → 加群成功
2022-06-26 19:59:13 → 5511946044550 → https://t.me/aiweisi888 → 加群成功
2022-06-26 19:59:33 → 5591993705196 → https://t.me/a_k_3a → 加群成功
2022-06-26 19:59:47 → 5511946044550 → https://t.me/humanresource63 → 加群失败：No user has "humanresource63" as username
2022-06-26 19:59:58 → 5506199498193 → https://t.me/yuantoushuju4 → 加群成功
2022-06-26 20:00:14 → 6283138312417 → https://t.me/zeronetzh → 加群成功
2022-06-26 20:00:28 → 6285941891371 → https://t.me/kavachinese → 加群成功
2022-06-26 20:00:44 → 6281349564958 → https://t.me/tg96110 → 加群成功
2022-06-26 20:00:58 → 5511931789525 → https://t.me/xcarnival_chinese → 加群成功
2022-06-26 20:01:12 → 5511980657017 → https://t.me/bacommu → 加群成功
2022-06-26 20:01:26 → 5511944349557 → https://t.me/tgdl128 → 加群成功
2022-06-26 20:01:39 → 5511960923134 → https://t.me/polkadotzh → 加群成功
2022-06-26 20:01:59 → 5511944349557 → https://t.me/dayofdefeatcn → 加群成功
2022-06-26 20:02:13 → 5511960923134 → https://t.me/paofen33 → 加群成功
2022-06-26 20:02:27 → 6283138312417 → https://t.me/jfoisjfiodvfd → 加群成功
2022-06-26 20:02:42 → 5511931789525 → https://t.me/hunantg → 加群成功
2022-06-26 20:02:56 → 5506199498193 → https://t.me/crxs778 → 加群成功
2022-06-26 20:03:10 → 5591993705196 → https://t.me/tg006 → 加群成功
2022-06-26 20:03:24 → 5511980657017 → https://t.me/BinanceChinese → 加群成功
2022-06-26 20:03:37 → 6285941891371 → https://t.me/TG55555555555 → 加群成功
2022-06-26 20:03:51 → 5511946044550 → https://t.me/saltyleo_blog → 加群成功
2022-06-26 20:04:05 → 6281349564958 → https://t.me/Sz1888 → 加群成功
2022-06-26 20:04:26 → 6283138312417 → https://t.me/ckidc666 → 加群成功
2022-06-26 20:04:40 → 5511980657017 → https://t.me/BikingChineseGroup → 加群成功
2022-06-26 20:04:54 → 6281349564958 → https://t.me/si1688 → 加群成功
2022-06-26 20:05:09 → 6285941891371 → https://t.me/bdzycom → 加群成功
2022-06-26 20:05:23 → 5511960923134 → https://t.me/CKidc666 → 加群成功
2022-06-26 20:05:37 → 5511931789525 → https://t.me/x00008 → 加群成功
2022-06-26 20:05:51 → 5511946044550 → https://t.me/mla9999 → 加群成功
2022-06-26 20:06:05 → 5511944349557 → https://t.me/usdtdfds → 加群成功
2022-06-26 20:06:34 → 5591993705196 → https://t.me/zhifu7788 → 加群成功
2022-06-26 20:06:49 → 5506199498193 → https://t.me/tg328 → 加群成功
2022-06-26 20:07:08 → 5506199498193 → https://t.me/tg148 → 加群成功
2022-06-26 20:07:23 → 5511980657017 → https://t.me/balance863 → 加群成功
2022-06-26 20:07:37 → 6281349564958 → https://t.me/ccv348 → 加群成功
2022-06-26 20:07:51 → 5591993705196 → https://t.me/gdr666 → 加群失败：Cannot cast InputPeerUser to any kind of InputChannel.
2022-06-26 20:08:02 → 6285941891371 → https://t.me/zzlsjbyq → 加群成功
2022-06-26 20:08:17 → 5511946044550 → https://t.me/gif128 → 加群成功
2022-06-26 20:08:31 → 6283138312417 → https://t.me/bitcoin_cn → 加群成功
2022-06-26 20:08:45 → 5511960923134 → https://t.me/dmzf8 → 加群成功
2022-06-26 20:08:58 → 5511931789525 → https://t.me/fwbzy → 加群成功
2022-06-26 20:09:12 → 5511944349557 → https://t.me/trj_shore001 → 加群成功
2022-06-26 20:09:32 → 5511957147449 → https://t.me/OKXGroup_CN → 加群成功
2022-06-26 20:09:46 → 5511944349557 → https://t.me/changsha_dev → 加群成功
2022-06-26 20:10:01 → 6283138312417 → https://t.me/USTCtg → 加群成功
2022-06-26 20:10:14 → 5511931688616 → https://t.me/cambodiacn → 加群成功
2022-06-26 20:10:30 → 79030893640 → https://t.me/allswapcn → 加群失败：掉线/或官方销号
2022-06-26 20:10:42 → 5511980657017 → https://t.me/yangjiangchannel → 加群成功
2022-06-26 20:10:55 → 79630859258 → https://t.me/xcarnival_chinese → 加群失败：掉线/或官方销号
2022-06-26 20:11:07 → 5511961122688 → https://t.me/seeyellow → 加群成功
2022-06-26 20:11:21 → 5511960923134 → https://t.me/kachahu → 加群成功
2022-06-26 20:11:36 → 5562998439589 → https://t.me/yuantoushuju5 → 加群失败：掉线/或官方销号
2022-06-26 20:11:47 → 79374774866 → https://t.me/KavaChinese → 加群失败：掉线/或官方销号
2022-06-26 20:11:59 → 5511946158705 → https://t.me/x00008 → 加群成功
2022-06-26 20:12:13 → 79090860821 → https://t.me/server699 → 加群失败：掉线/或官方销号
2022-06-26 20:12:25 → 5511969516827 → https://t.me/xiaohao2018 → 加群失败：掉线/或官方销号
2022-06-26 20:12:36 → 5562992159154 → https://t.me/TG006 → 加群成功
2022-06-26 20:12:49 → 5511966766277 → https://t.me/aiweisi888 → 加群成功
2022-06-26 20:13:03 → 5562999071270 → https://t.me/huanxiangyouxi → 加群失败：掉线/或官方销号
2022-06-26 20:13:14 → 5511967768355 → https://t.me/wwxcxinting → 加群成功
2022-06-26 20:13:28 → 5564999019324 → https://t.me/bandwagonhostgroup → 加群失败：掉线/或官方销号
2022-06-26 20:13:39 → 6285941891371 → https://t.me/wybf168168 → 加群成功
2022-06-26 20:13:53 → 5511957044467 → https://t.me/phbbs → 加群成功
2022-06-26 20:14:07 → 5563992416364 → https://t.me/olddriver_cdu → 加群成功
2022-06-26 20:14:21 → 79630748529 → https://t.me/google_win → 加群失败：掉线/或官方销号
2022-06-26 20:14:33 → 5504192862200 → https://t.me/html66 → 加群失败：掉线/或官方销号
2022-06-26 20:14:44 → 79617920210 → https://t.me/flea66 → 加群失败：掉线/或官方销号
2022-06-26 20:14:56 → 5511960493235 → https://t.me/Nst_WP → 加群成功
2022-06-26 20:15:10 → 79090816218 → https://t.me/bkexchinese → 加群失败：掉线/或官方销号
2022-06-26 20:15:22 → 79255828080 → https://t.me/chaguaner → 加群失败：掉线/或官方销号
2022-06-26 20:15:34 → 5511949368193 → https://t.me/huizhouqun → 加群失败：掉线/或官方销号
2022-06-26 20:15:45 → 5511962404334 → https://t.me/quanqiushouhuo → 加群失败：掉线/或官方销号
2022-06-26 20:15:56 → 79634705322 → https://t.me/tsdb01 → 加群失败：掉线/或官方销号
2022-06-26 20:16:08 → 5511931789525 → https://t.me/binancechinese → 加群成功
2022-06-26 20:16:22 → 5511961144263 → https://t.me/feihelp → 加群成功
2022-06-26 20:16:36 → 5506199498193 → https://t.me/botong002 → 加群成功
2022-06-26 20:16:49 → 5564999864752 → https://t.me/TG55555555555 → 加群失败：掉线/或官方销号
2022-06-26 20:17:01 → 5511962964883 → https://t.me/pshqo → 加群失败：掉线/或官方销号
2022-06-26 20:17:12 → 5599981364306 → https://t.me/kedoucloud → 加群失败：掉线/或官方销号
2022-06-26 20:17:23 → 79045558009 → https://t.me/iampua → 加群失败：掉线/或官方销号
2022-06-26 20:17:35 → 5562996006643 → https://t.me/kaihesoft → 加群失败：掉线/或官方销号
2022-06-26 20:17:46 → 5508581415077 → https://t.me/OKXGroup_CN → 加群成功
2022-06-26 20:18:00 → 5511980556700 → https://t.me/goutui → 加群成功
2022-06-26 20:18:16 → 79033404671 → https://t.me/cdshouchang4 → 加群失败：掉线/或官方销号
2022-06-26 20:18:28 → 79058329969 → https://t.me/xysbbs → 加群失败：掉线/或官方销号
2022-06-26 20:18:40 → 5511949423176 → https://t.me/mla9999 → 加群失败：掉线/或官方销号
2022-06-26 20:18:51 → 5511968857823 → https://t.me/doge88 → 加群成功
2022-06-26 20:19:05 → 5511946044550 → https://t.me/biboxgroup → 加群成功
2022-06-26 20:19:19 → 5591993705196 → https://t.me/shuju888666 → 加群成功
2022-06-26 20:19:33 → 5511931146361 → https://t.me/tg96110 → 加群成功
2022-06-26 20:19:46 → 6281349564958 → https://t.me/usdtbmw → 加群成功
2022-06-26 20:20:07 → 5511946044550 → https://t.me/meizi005 → 加群成功
2022-06-26 20:20:20 → 5591993705196 → https://t.me/Fkzy_Group → 加群成功
2022-06-26 20:20:34 → 5511968857823 → https://t.me/xianliao01 → 加群成功
2022-06-26 20:20:48 → 5511967768355 → https://t.me/liuxingsq → 加群成功
2022-06-26 20:21:02 → 5511980657017 → https://t.me/InWebDarkNET → 加群成功
2022-06-26 20:21:16 → 6285941891371 → https://t.me/deep3695 → 加群失败：掉线/或官方销号
2022-06-26 20:21:28 → 5508581415077 → https://t.me/shenzhencity → 加群成功
2022-06-26 20:21:42 → 6281349564958 → https://t.me/binzhouqun → 加群成功
2022-06-26 20:21:56 → 5562992159154 → https://t.me/discussimmigration → 加群成功
2022-06-26 20:22:10 → 6283138312417 → https://t.me/dhjlq → 加群失败：掉线/或官方销号
2022-06-26 20:22:22 → 5511960923134 → https://t.me/bdzycom → 加群成功
2022-06-26 20:22:36 → 5511946158705 → https://t.me/se_talk → 加群成功
2022-06-26 20:22:50 → 5511961122688 → https://t.me/shell66666 → 加群成功
2022-06-26 20:23:04 → 5511957147449 → https://t.me/huaxingyl8 → 加群失败：No user has "huaxingyl8" as username
2022-06-26 20:23:15 → 5511961144263 → https://t.me/nwdr888 → 加群成功
2022-06-26 20:23:29 → 5511966766277 → https://t.me/TGhuaren1 → 加群成功
2022-06-26 20:23:43 → 5506199498193 → https://t.me/sanfang53 → 加群成功
2022-06-26 20:24:12 → 5511931688616 → https://t.me/saltyleo_blog → 加群成功
2022-06-26 20:24:26 → 5511931789525 → https://t.me/gdr666 → 加群失败：Cannot cast InputPeerUser to any kind of InputChannel.
2022-06-26 20:24:37 → 5511960493235 → https://t.me/GouTuiClub → 加群成功
2022-06-26 20:24:53 → 5511944349557 → https://t.me/crxs778 → 加群成功
2022-06-26 20:25:07 → 5511980556700 → https://t.me/tfwzclz → 加群成功
2022-06-26 20:25:21 → 5563992416364 → https://t.me/ssunion → 加群成功
2022-06-26 20:25:35 → 5511957044467 → https://t.me/huobiglobal_zw → 加群成功
2022-06-26 20:25:49 → 5511931146361 → https://t.me/radiocacaasian → 加群成功
2022-06-26 20:26:11 → 5511944349557 → https://t.me/esmascript6 → 加群成功
2022-06-26 20:26:25 → 5511931789525 → https://t.me/avnrichchinese_chat → 加群成功
2022-06-26 20:26:39 → 5511960493235 → https://t.me/xuanchengolddriver → 加群成功
2022-06-26 20:26:53 → 5508581415077 → https://t.me/xxup1121 → 加群成功
2022-06-26 20:27:07 → 5511980556700 → https://t.me/myanmarcn → 加群成功
2022-06-26 20:27:23 → 5511957147449 → https://t.me/ltq33 → 加群成功
2022-06-26 20:27:37 → 5511931146361 → https://t.me/ftx_chinese_official → 加群成功
2022-06-26 20:27:51 → 5591993705196 → https://t.me/paofen33 → 加群成功
2022-06-26 20:28:06 → 6281349564958 → https://t.me/dayofdefeatcn → 加群成功
2022-06-26 20:28:20 → 5511968857823 → https://t.me/cndumpschat → 加群失败：Nobody is using this username, or the username is unacceptable. If the latter, it must match r"[a-zA-Z][\w\d]{3,30}[a-zA-Z\d]" (caused by ResolveUsernameRequest)
2022-06-26 20:28:31 → 5563992416364 → https://t.me/tg12389 → 加群成功
2022-06-26 20:28:45 → 5511961122688 → https://t.me/TG907 → 加群成功
2022-06-26 20:28:59 → 5511931688616 → https://t.me/hunantg → 加群成功
2022-06-26 20:29:15 → 5511980657017 → https://t.me/TG907 → 加群成功
2022-06-26 20:29:29 → 6281349564958 → https://t.me/pg528 → 加群成功
2022-06-26 20:29:43 → 5511966766277 → https://t.me/hi_official_chinese → 加群成功
2022-06-26 20:29:57 → 5562992159154 → https://t.me/zeronetzh → 加群成功
2022-06-26 20:30:11 → 5511931688616 → https://t.me/tokaucn → 加群成功
2022-06-26 20:30:25 → 5511931146361 → https://t.me/yidaoshou2 → 加群成功
2022-06-26 20:30:39 → 5511980556700 → https://t.me/feihuaph → 加群成功
2022-06-26 20:30:53 → 5508581415077 → https://t.me/KavaChinese → 加群成功
2022-06-26 20:31:07 → 5511967768355 → https://t.me/paofen315 → 加群成功
2022-06-26 20:31:21 → 5511946158705 → https://t.me/discussimmigration → 加群成功
2022-06-26 20:31:35 → 5511968857823 → https://t.me/binzhouqun → 加群成功
2022-06-26 20:31:49 → 5511944349557 → https://t.me/justmysockscn → 加群成功
2022-06-26 20:32:05 → 5511931789525 → https://t.me/TG110 → 加群成功
2022-06-26 20:32:20 → 5511957147449 → https://t.me/network50_chat → 加群成功
2022-06-26 20:32:34 → 5506199498193 → https://t.me/iampua → 加群成功
2022-06-26 20:32:48 → 5563992416364 → https://t.me/xmarspace → 加群成功
2022-06-26 20:33:02 → 5511957044467 → https://t.me/tg12389 → 加群成功
2022-06-26 20:33:16 → 5511946044550 → https://t.me/fw992 → 加群成功
2022-06-26 20:33:30 → 5511960923134 → https://t.me/axujj → 加群成功
2022-06-26 20:33:44 → 5511961122688 → https://t.me/P541888888 → 加群成功
2022-06-26 20:33:58 → 5511960493235 → https://t.me/yyl001 → 加群成功
2022-06-26 20:34:12 → 5591993705196 → https://t.me/tg8848community → 加群成功
2022-06-26 20:34:25 → 5511961144263 → https://t.me/gz3388 → 加群成功
2022-06-26 20:34:47 → 5511967768355 → https://t.me/dayofdefeatcn → 加群成功
2022-06-26 20:35:01 → 5511960923134 → https://t.me/three001 → 加群成功
2022-06-26 20:35:15 → 5563992416364 → https://t.me/botong002 → 加群成功
2022-06-26 20:35:28 → 5511957147449 → https://t.me/xxg863 → 加群成功
2022-06-26 20:35:41 → 5511980657017 → https://t.me/daishou44 → 加群成功
2022-06-26 20:36:10 → 5511931789525 → https://t.me/GouTuiClub → 加群成功
2022-06-26 20:36:26 → 5511957044467 → https://t.me/trj_shore001 → 加群成功
2022-06-26 20:36:40 → 5511946044550 → https://t.me/bitcoin_cn → 加群成功
2022-06-26 20:36:54 → 5511946158705 → https://t.me/yuantoushuju4 → 加群成功
2022-06-26 20:37:08 → 5562992159154 → https://t.me/daishuvpn → 加群成功
2022-06-26 20:37:22 → 5511931688616 → https://t.me/tglianmeng002 → 加群成功
2022-06-26 20:37:36 → 5511960493235 → https://t.me/qqxgqq → 加群成功
2022-06-26 20:37:50 → 5511980556700 → https://t.me/zhenggui → 加群成功
2022-06-26 20:38:04 → 5511961122688 → https://t.me/appssweepstakes → 加群成功
2022-06-26 20:38:20 → 5506199498193 → https://t.me/galaxyheroescn → 加群成功
2022-06-26 20:38:34 → 5511944349557 → https://t.me/goutui → 加群成功
2022-06-26 20:38:50 → 5591993705196 → https://t.me/db_lm → 加群成功
2022-06-26 20:39:04 → 5511966766277 → https://t.me/allswapcn → 加群成功
2022-06-26 20:39:18 → 5508581415077 → https://t.me/huaxingyl8 → 加群失败：No user has "huaxingyl8" as username
2022-06-26 20:39:29 → 5511931146361 → https://t.me/dibai918 → 加群成功
2022-06-26 20:39:43 → 5511968857823 → https://t.me/tronnetworkcn → 加群成功
2022-06-26 20:39:57 → 6281349564958 → https://t.me/dibai12 → 加群成功
2022-06-26 20:40:11 → 5511961144263 → https://t.me/BinanceChinese → 加群成功
2022-06-26 20:40:32 → 5511957147449 → https://t.me/polkadotzh → 加群成功
2022-06-26 20:40:45 → 5511946044550 → https://t.me/cdshouchang4 → 加群成功
2022-06-26 20:40:58 → 5511961144263 → https://t.me/balance863 → 加群成功
2022-06-26 20:41:12 → 5563992416364 → https://t.me/ssunion → 加群失败：群组禁止访问
2022-06-26 20:41:23 → 5508581415077 → https://t.me/zb_support → 加群成功
2022-06-26 20:41:37 → 5511931688616 → https://t.me/binance_api_chinese → 加群成功
2022-06-26 20:41:51 → 5511944349557 → https://t.me/humanresource63 → 加群失败：No user has "humanresource63" as username
2022-06-26 20:42:02 → 5511960923134 → https://t.me/guiyangpapa → 加群成功
2022-06-26 20:42:16 → 6281349564958 → https://t.me/goutui1113 → 加群成功
2022-06-26 20:42:30 → 5511957044467 → https://t.me/tsdb01 → 加群成功
2022-06-26 20:42:44 → 5511931146361 → https://t.me/pshqo → 加群成功
2022-06-26 20:43:01 → 5511968857823 → https://t.me/cambodiacn → 加群成功
2022-06-26 20:43:17 → 5562992159154 → https://t.me/DIP9188 → 加群成功
2022-06-26 20:43:31 → 5511966766277 → https://t.me/jiamidi → 加群成功
2022-06-26 20:43:47 → 5511961122688 → https://t.me/huihui220 → 加群成功
2022-06-26 20:44:01 → 5511980556700 → https://t.me/homeassiant666 → 加群成功
2022-06-26 20:44:15 → 5511931789525 → https://t.me/chaoxi → 加群成功
2022-06-26 20:44:31 → 5511946158705 → https://t.me/CvvinternalOrganization → 加群成功
2022-06-26 20:44:47 → 5591993705196 → https://t.me/lkdxqf88 → 加群成功
2022-06-26 20:45:01 → 5511967768355 → https://t.me/yueaijilu → 加群成功
2022-06-26 20:45:15 → 5511980657017 → https://t.me/MDhuaren1 → 加群成功
2022-06-26 20:45:28 → 5506199498193 → https://t.me/jianpuzai777 → 加群成功
2022-06-26 20:45:44 → 5511960493235 → https://t.me/asiaweed → 加群成功
2022-06-26 20:46:04 → 5511980556700 → https://t.me/Dingshia → 加群成功
2022-06-26 20:46:18 → 5511960493235 → https://t.me/TGhuaren1 → 加群成功
2022-06-26 20:46:31 → 5511966766277 → https://t.me/guminlaqun66 → 加群成功
2022-06-26 20:46:45 → 5511960923134 → https://t.me/sanfang53 → 加群成功
2022-06-26 20:47:14 → 5511946044550 → https://t.me/olddriver_gd → 加群成功
2022-06-26 20:47:28 → 5508581415077 → https://t.me/ai699 → 加群成功
2022-06-26 20:47:42 → 5591993705196 → https://t.me/server699 → 加群成功
2022-06-26 20:47:56 → 5511944349557 → https://t.me/ltq33 → 加群成功
2022-06-26 20:48:10 → 5511931789525 → https://t.me/qht888 → 加群失败：Nobody is using this username, or the username is unacceptable. If the latter, it must match r"[a-zA-Z][\w\d]{3,30}[a-zA-Z\d]" (caused by ResolveUsernameRequest)
2022-06-26 20:48:21 → 5511967768355 → https://t.me/juliang666 → 加群成功
2022-06-26 20:48:35 → 5506199498193 → https://t.me/crxs778 → 加群失败：群组禁止访问
2022-06-26 20:48:46 → 5511980657017 → https://t.me/ysshuju1 → 加群成功
2022-06-26 20:49:00 → 5511931688616 → https://t.me/hgmhxz → 加群成功
2022-06-26 20:49:14 → 5562992159154 → https://t.me/kaihesoft → 加群成功
2022-06-26 20:49:29 → 5511961122688 → https://t.me/dfsdaeaw → 加群失败：Nobody is using this username, or the username is unacceptable. If the latter, it must match r"[a-zA-Z][\w\d]{3,30}[a-zA-Z\d]" (caused by ResolveUsernameRequest)
2022-06-26 20:49:40 → 5511957147449 → https://t.me/zhuhai9 → 加群成功
2022-06-26 20:49:56 → 5511968857823 → https://t.me/ytzx2 → 加群成功
2022-06-26 20:50:10 → 5511961144263 → https://t.me/zscd18 → 加群成功
2022-06-26 20:50:24 → 5563992416364 → https://t.me/faka58 → 加群成功
2022-06-26 20:50:38 → 5511957044467 → https://t.me/WKLhuaren → 加群成功
2022-06-26 20:50:52 → 5511946158705 → https://t.me/diyidaifu → 加群成功
2022-06-26 20:51:07 → 6281349564958 → https://t.me/liaobshe → 加群成功
2022-06-26 20:51:21 → 5511931146361 → https://t.me/aiweisi888 → 加群成功
2022-06-26 20:51:41 → 5511961122688 → https://t.me/olddriver_cdu → 加群成功
2022-06-26 20:51:55 → 5508581415077 → https://t.me/xuanchengolddriver → 加群成功
2022-06-26 20:52:09 → 5506199498193 → https://t.me/kaiheo → 加群成功
2022-06-26 20:52:24 → 5511931688616 → https://t.me/kachahu → 加群成功
2022-06-26 20:52:39 → 5511961144263 → https://t.me/raicoincn → 加群成功
2022-06-26 20:52:53 → 5563992416364 → https://t.me/tgdl128 → 加群成功
2022-06-26 20:53:07 → 5511946158705 → https://t.me/tiandeng88 → 加群成功
2022-06-26 20:53:21 → 5511968857823 → https://t.me/goutuiclub → 加群成功
2022-06-26 20:53:37 → 5511960493235 → https://t.me/gibxchange_cn → 加群成功
2022-06-26 20:53:51 → 5511980556700 → https://t.me/paofen33 → 加群成功
2022-06-26 20:54:06 → 5591993705196 → https://t.me/a_k_3a → 加群成功
2022-06-26 20:54:20 → 5511931789525 → https://t.me/yamzcunziyuanduij → 加群成功
2022-06-26 20:54:34 → 5511946044550 → https://t.me/QQXGQQ → 加群成功
2022-06-26 20:54:48 → 5511931146361 → https://t.me/zfb_qq → 加群成功
2022-06-26 20:55:02 → 6281349564958 → https://t.me/gdsjq → 加群失败：掉线/或官方销号
2022-06-26 20:55:14 → 5511960923134 → https://t.me/dmzf8 → 加群成功
2022-06-26 20:55:27 → 5511944349557 → https://t.me/liuhedadui → 加群成功
2022-06-26 20:55:41 → 5511967768355 → https://t.me/zaozhuang1 → 加群成功
2022-06-26 20:55:55 → 5511966766277 → https://t.me/wangzhuanusdt → 加群成功
2022-06-26 20:56:24 → 5562992159154 → https://t.me/bzzone → 加群成功
2022-06-26 20:56:38 → 5511957147449 → https://t.me/dibaihrg009 → 加群成功
2022-06-26 20:56:52 → 5511980657017 → https://t.me/zn88666 → 加群成功
2022-06-26 20:57:05 → 5511957044467 → https://t.me/mikebill888 → 加群成功
2022-06-26 20:57:26 → 5511957147449 → https://t.me/njwwjpxc → 加群成功
2022-06-26 20:57:39 → 5511980556700 → https://t.me/ca0505 → 加群成功
2022-06-26 20:57:52 → 5591993705196 → https://t.me/tg_88888 → 加群成功
2022-06-26 20:58:06 → 5511968857823 → https://t.me/mljlq → 加群成功
2022-06-26 20:58:20 → 5511931688616 → https://t.me/seeyellow → 加群成功
2022-06-26 20:58:34 → 5506199498193 → https://t.me/pingan66shop → 加群成功
2022-06-26 20:58:49 → 5511931789525 → https://t.me/bandwagonhostgroup → 加群成功
2022-06-26 20:59:03 → 5511960923134 → https://t.me/Gm0008 → 加群成功
2022-06-26 20:59:17 → 5562992159154 → https://t.me/avnrichchinese_chat → 加群成功
2022-06-26 20:59:31 → 5511967768355 → https://t.me/olddriverhui → 加群成功
2022-06-26 20:59:45 → 5563992416364 → https://t.me/qianmin → 加群成功
2022-06-26 20:59:59 → 5511946158705 → https://t.me/xbzijian → 加群成功
2022-06-26 21:00:13 → 5511961144263 → https://t.me/tg148 → 加群成功
2022-06-26 21:00:27 → 5508581415077 → https://t.me/kkkttt369 → 加群成功
2022-06-26 21:00:41 → 5511960493235 → https://t.me/PHMAKA107 → 加群成功
2022-06-26 21:00:55 → 5511946044550 → https://t.me/olddrivergd → 加群成功
2022-06-26 21:01:08 → 5511966766277 → https://t.me/AlipayJiFu → 加群成功
2022-06-26 21:01:21 → 5511980657017 → https://t.me/shell66666 → 加群成功
2022-06-26 21:01:35 → 5511944349557 → https://t.me/doge88 → 加群成功
2022-06-26 21:01:48 → 5511931146361 → https://t.me/usdtdfds → 加群成功
2022-06-26 21:02:02 → 5511957044467 → https://t.me/blsq55 → 加群成功
2022-06-26 21:02:16 → 5511961122688 → https://t.me/programertalk → 加群成功
2022-06-26 21:02:37 → 5511944349557 → https://t.me/yuehui8 → 加群成功
2022-06-26 21:02:50 → 5511961144263 → https://t.me/fluxdefi → 加群成功
2022-06-26 21:03:04 → 5511967768355 → https://t.me/coinbetter_cn → 加群失败：No user has "coinbetter_cn" as username
2022-06-26 21:03:15 → 5511961122688 → https://t.me/OKXGroup_CN → 加群成功
2022-06-26 21:03:28 → 5562992159154 → https://t.me/xysbbs → 加群成功
2022-06-26 21:03:42 → 5511980556700 → https://t.me/huanqian35 → 加群成功
2022-06-26 21:04:11 → 5511957044467 → https://t.me/hunantg → 加群成功
2022-06-26 21:04:27 → 5506199498193 → https://t.me/TG55555555555 → 加群成功
2022-06-26 21:04:41 → 5511931688616 → https://t.me/xxup1121 → 加群成功
2022-06-26 21:04:55 → 5511960923134 → https://t.me/BinancePoolChinese → 加群成功
2022-06-26 21:05:09 → 5511946158705 → https://t.me/linkdyh → 加群成功
2022-06-26 21:05:23 → 5511946044550 → https://t.me/olddriversh → 加群成功
2022-06-26 21:05:37 → 5511968857823 → https://t.me/daishou15 → 加群成功
2022-06-26 21:06:06 → 5508581415077 → https://t.me/shenma001 → 加群成功
2022-06-26 21:06:20 → 5511931146361 → https://t.me/pingan66chadang → 加群成功
2022-06-26 21:06:34 → 5591993705196 → https://t.me/Fkzy_Group → 加群成功
2022-06-26 21:06:47 → 5511966766277 → https://t.me/TG188188 → 加群成功
2022-06-26 21:07:01 → 5511931789525 → https://t.me/TG12389 → 加群成功
2022-06-26 21:07:15 → 5563992416364 → https://t.me/zhongshandidi → 加群成功
2022-06-26 21:07:29 → 5511957147449 → https://t.me/dibaifa → 加群成功
2022-06-26 21:07:43 → 5511960493235 → https://t.me/dyjiaoliu → 加群成功
2022-06-26 21:07:56 → 5511980657017 → https://t.me/im0471 → 加群成功
2022-06-26 21:08:16 → 5506199498193 → https://t.me/HTCOLV → 加群成功
2022-06-26 21:08:30 → 5508581415077 → https://t.me/haojiyou → 加群成功
2022-06-26 21:08:46 → 5563992416364 → https://t.me/liuxingsq → 加群成功
2022-06-26 21:09:00 → 5511960923134 → https://t.me/gboxtg → 加群成功
2022-06-26 21:09:14 → 5511931688616 → https://t.me/php_group_cn → 加群成功
2022-06-26 21:09:30 → 5511980657017 → https://t.me/otcfl → 加群成功
2022-06-26 21:09:44 → 5511968857823 → https://t.me/yuantoushuju5 → 加群成功
2022-06-26 21:09:58 → 5511967768355 → https://t.me/wwxcxinting → 加群成功
2022-06-26 21:10:11 → 5511966766277 → https://t.me/ys52111 → 加群成功
2022-06-26 21:10:25 → 5511960493235 → https://t.me/light_up_comm → 加群成功
2022-06-26 21:10:41 → 5511946158705 → https://t.me/BIYONGOfficial0015 → 加群成功
2022-06-26 21:10:55 → 5511946044550 → https://t.me/szhkfun → 加群成功
2022-06-26 21:11:09 → 5511961122688 → https://t.me/bozaiweb → 加群成功
2022-06-26 21:11:23 → 5511957147449 → https://t.me/cndumpschat → 加群失败：Nobody is using this username, or the username is unacceptable. If the latter, it must match r"[a-zA-Z][\w\d]{3,30}[a-zA-Z\d]" (caused by ResolveUsernameRequest)
2022-06-26 21:11:34 → 5511944349557 → https://t.me/xianliao01 → 加群成功
2022-06-26 21:11:48 → 5511961144263 → https://t.me/expressnode → 加群成功
2022-06-26 21:12:04 → 5511931789525 → https://t.me/kedoucloud → 加群成功
2022-06-26 21:12:17 → 5511957044467 → https://t.me/chatssr → 加群成功
2022-06-26 21:12:33 → 5562992159154 → https://t.me/tuishouLL01 → 加群成功
2022-06-26 21:12:47 → 5511931146361 → https://t.me/guangdongyue → 加群成功
2022-06-26 21:13:00 → 5591993705196 → https://t.me/pcptm → 加群成功
2022-06-26 21:13:14 → 5511980556700 → https://t.me/qxinw → 加群成功
2022-06-26 21:13:35 → 5511931688616 → https://t.me/aomenliuhe88 → 加群成功
2022-06-26 21:13:48 → 5511931789525 → https://t.me/tgdibai168 → 加群成功
2022-06-26 21:14:01 → 5591993705196 → https://t.me/flea66 → 加群成功
2022-06-26 21:14:15 → 5506199498193 → https://t.me/TGlianmeng002 → 加群成功
2022-06-26 21:14:29 → 5511960923134 → https://t.me/huiguophp → 加群成功
2022-06-26 21:14:43 → 5511961144263 → https://t.me/maticnetwork_china → 加群成功
2022-06-26 21:14:57 → 5511966766277 → https://t.me/biboxgroup → 加群成功
2022-06-26 21:15:11 → 5511946158705 → https://t.me/olddriver_fs → 加群成功
2022-06-26 21:15:25 → 5511944349557 → https://t.me/lbank_cn → 加群成功
2022-06-26 21:15:39 → 5511960493235 → https://t.me/dockertutorial → 加群失败：RPCError 400: INVITE_REQUEST_SENT (caused by JoinChannelRequest)
2022-06-26 21:15:50 → 5511980556700 → https://t.me/yugzf → 加群成功
2022-06-26 21:16:04 → 5508581415077 → https://t.me/paofen1688 → 加群成功
2022-06-26 21:16:18 → 5562992159154 → https://t.me/zscd1 → 加群成功
2022-06-26 21:16:32 → 5511957044467 → https://t.me/b12306 → 加群成功
2022-06-26 21:16:46 → 5511980657017 → https://t.me/feihelp → 加群成功
2022-06-26 21:16:59 → 5511968857823 → https://t.me/Nst_WP → 加群成功
2022-06-26 21:17:13 → 5511931146361 → https://t.me/ccv348 → 加群成功
2022-06-26 21:17:27 → 5511961122688 → https://t.me/qqlsj → 加群成功
2022-06-26 21:17:41 → 5563992416364 → https://t.me/chaxun2020 → 加群失败：No user has "chaxun2020" as username
2022-06-26 21:17:52 → 5511967768355 → https://t.me/sakura_cloud → 加群成功
2022-06-26 21:18:06 → 5511957147449 → https://t.me/chlmzy → 加群成功
2022-06-26 21:18:20 → 5511946044550 → https://t.me/quanqiushouhuo → 加群成功
2022-06-26 21:18:40 → 5511960493235 → https://t.me/tianziusdt → 加群成功
2022-06-26 21:18:54 → 5511931146361 → https://t.me/haojing168 → 加群成功
2022-06-26 21:19:08 → 5511980657017 → https://t.me/USTCtg → 加群成功
2022-06-26 21:19:22 → 5562992159154 → https://t.me/tg_king80 → 加群成功
2022-06-26 21:19:36 → 5563992416364 → https://t.me/dibaicn → 加群成功
2022-06-26 21:19:52 → 5511946044550 → https://t.me/dhjlq → 加群成功
2022-06-26 21:20:06 → 5511946158705 → https://t.me/bclm1 → 加群成功
2022-06-26 21:20:20 → 5511960923134 → https://t.me/www589qkcom → 加群成功
2022-06-26 21:20:34 → 5511966766277 → https://t.me/yangjiangchannel → 加群成功
2022-06-26 21:20:48 → 5511931688616 → https://t.me/dbjlq1 → 加群成功
2022-06-26 21:21:02 → 5511968857823 → https://t.me/v2rayn → 加群成功
2022-06-26 21:21:16 → 5511961122688 → https://t.me/BKEXChinese → 加群成功
2022-06-26 21:21:30 → 5511931789525 → https://t.me/readerbeta → 加群成功
2022-06-26 21:21:44 → 5508581415077 → https://t.me/CKidc666 → 加群成功
2022-06-26 21:21:58 → 5511957044467 → https://t.me/chaguaner → 加群成功
2022-06-26 21:22:11 → 5591993705196 → https://t.me/fhaak8 → 加群成功
2022-06-26 21:22:25 → 5511961144263 → https://t.me/wy173 → 加群成功
2022-06-26 21:22:39 → 5511957147449 → https://t.me/Sz1888 → 加群成功
2022-06-26 21:22:53 → 5506199498193 → https://t.me/huichan_com_grp → 加群成功
2022-06-26 21:23:07 → 5511980556700 → https://t.me/xiaohao2018 → 加群成功
2022-06-26 21:23:21 → 5511967768355 → https://t.me/ckidc666 → 加群成功
2022-06-26 21:23:35 → 5511944349557 → https://t.me/zzlsjbyq → 加群成功
2022-06-26 21:23:56 → 5591993705196 → https://t.me/akkcloud → 加群成功
2022-06-26 21:24:11 → 5511957147449 → https://t.me/lasihaima266 → 加群成功
2022-06-26 21:24:25 → 5562992159154 → https://t.me/hi628 → 加群成功
2022-06-26 21:24:41 → 5511957044467 → https://t.me/bdzycom → 加群成功
2022-06-26 21:24:55 → 5511946158705 → https://t.me/se_talk → 加群成功
2022-06-26 21:25:09 → 5511980657017 → https://t.me/AlgorandFoundationCN → 加群成功
2022-06-26 21:25:23 → 5511931146361 → https://t.me/beiluochat → 加群成功
2022-06-26 21:25:39 → 5563992416364 → https://t.me/xcarnival_chinese → 加群成功
2022-06-26 21:25:53 → 5511944349557 → https://t.me/Shore999888 → 加群成功
2022-06-26 21:26:07 → 5511960923134 → https://t.me/btokofficial_03 → 加群成功
2022-06-26 21:26:21 → 5511966766277 → https://t.me/dbf6666 → 加群成功
2022-06-26 21:26:35 → 5511931789525 → https://t.me/yxbjx → 加群成功
2022-06-26 21:26:48 → 5511961122688 → https://t.me/zhifubaojiefeng → 加群成功
2022-06-26 21:27:02 → 5511931688616 → https://t.me/ak11828 → 加群成功
2022-06-26 21:27:16 → 5511960493235 → https://t.me/wubuxianjingziyuan → 加群成功
2022-06-26 21:27:30 → 5506199498193 → https://t.me/qwerdt1 → 加群成功
2022-06-26 21:27:44 → 5511980556700 → https://t.me/usdtbmw → 加群成功
2022-06-26 21:27:58 → 5511968857823 → https://t.me/btokcn_0016 → 加群成功
2022-06-26 21:28:11 → 5511967768355 → https://t.me/btokcn_0014 → 加群成功
2022-06-26 21:28:24 → 5511946044550 → https://t.me/monstainfinitechinese → 加群成功
2022-06-26 21:28:37 → 5508581415077 → https://t.me/huobiglobal_zw → 加群成功
2022-06-26 21:28:51 → 5511961144263 → https://t.me/universityalliance → 加群成功
2022-06-26 21:29:14 → 5511968857823 → https://t.me/frontend_talk → 加群成功
2022-06-26 21:29:30 → 5511931688616 → https://t.me/jfoisjfiodvfd → 加群成功
2022-06-26 21:29:44 → 5511931146361 → https://t.me/huanxiangyouxi → 加群成功
2022-06-26 21:29:59 → 5511980657017 → https://t.me/bacommu → 加群成功
2022-06-26 21:30:12 → 5511944349557 → https://t.me/si1688 → 加群成功
2022-06-26 21:30:26 → 5511957044467 → https://t.me/aofexcn → 加群成功
2022-06-26 21:30:40 → 5506199498193 → https://t.me/fhlmteam → 加群成功
2022-06-26 21:30:54 → 5511931789525 → https://t.me/zhongwen6 → 加群成功
2022-06-26 21:31:07 → 5562992159154 → https://t.me/dibai8880 → 加群成功
2022-06-26 21:31:21 → 5511960923134 → https://t.me/shenzhencity → 加群成功
2022-06-26 21:31:35 → 5511946158705 → https://t.me/deep3695 → 加群成功
2022-06-26 21:31:49 → 5511961144263 → https://t.me/tg96110 → 加群成功
2022-06-26 21:32:03 → 5591993705196 → https://t.me/InWebDarkNET → 加群成功
2022-06-26 21:32:17 → 5511957147449 → https://t.me/quanzhangshequ → 加群成功
2022-06-26 21:32:30 → 5508581415077 → https://t.me/fw866 → 加群成功
2022-06-26 21:32:44 → 5511961122688 → https://t.me/ziyuan2 → 加群成功
2022-06-26 21:32:58 → 5563992416364 → https://t.me/xmsji → 加群成功
2022-06-26 21:33:12 → 5511946044550 → https://t.me/radiocacaasian → 加群成功
2022-06-26 21:33:28 → 5511960493235 → https://t.me/socks55555 → 加群成功
2022-06-26 21:33:42 → 5511967768355 → https://t.me/olddrivercd → 加群成功
2022-06-26 21:33:55 → 5511966766277 → https://t.me/dibai778899 → 加群成功
2022-06-26 21:34:09 → 5511980556700 → https://t.me/pionexcn → 加群成功
2022-06-26 21:34:28 → 5511968857823 → https://t.me/TG0188 → 加群成功
2022-06-26 21:34:42 → 5511966766277 → https://t.me/gif128 → 加群成功
2022-06-26 21:34:56 → 5511931146361 → https://t.me/changsha_dev → 加群成功
2022-06-26 21:35:10 → 5562992159154 → https://t.me/wuhpay → 加群成功
2022-06-26 21:35:24 → 5511931688616 → https://t.me/mayishequ → 加群成功
2022-06-26 21:35:38 → 5511961122688 → https://t.me/tg771 → 加群成功
2022-06-26 21:35:52 → 5511960493235 → https://t.me/HuNanTG → 加群成功
2022-06-26 21:36:08 → 5511961144263 → https://t.me/fwbzy → 加群成功
2022-06-26 21:36:23 → 5511980657017 → https://t.me/mf_group → 加群成功
2022-06-26 21:36:36 → 5506199498193 → https://t.me/fg528 → 加群成功
2022-06-26 21:36:50 → 5511957147449 → https://t.me/Zoey052697 → 加群成功
2022-06-26 21:37:04 → 5508581415077 → https://t.me/google_win → 加群成功
2022-06-26 21:37:18 → 5511980556700 → https://t.me/BikingChineseGroup → 加群成功
2022-06-26 21:37:32 → 5511960923134 → https://t.me/lendhub → 加群成功
2022-06-26 21:37:46 → 5511944349557 → https://t.me/australiasydneychat → 加群成功
2022-06-26 21:38:00 → 5511957044467 → https://t.me/dijia02 → 加群成功
2022-06-26 21:38:14 → 5591993705196 → https://t.me/xbdb01 → 加群成功
2022-06-26 21:38:28 → 5511946044550 → https://t.me/hzaxx → 加群成功
2022-06-26 21:38:42 → 5563992416364 → https://t.me/saltyleo_blog → 加群成功
2022-06-26 21:38:56 → 5511946158705 → https://t.me/DBhuaren1 → 加群成功
2022-06-26 21:39:10 → 5511967768355 → https://t.me/qingroup → 加群成功
2022-06-26 21:39:23 → 5511931789525 → https://t.me/weikang2020 → 加群成功
2022-06-26 21:39:43 → 5511961122688 → https://t.me/binancechinese → 加群成功
2022-06-26 21:39:57 → 5511967768355 → https://t.me/shore999888 → 加群成功
2022-06-26 21:40:11 → 5506199498193 → https://t.me/fastfish2 → 加群成功
2022-06-26 21:40:27 → 5511960923134 → https://t.me/html66 → 加群成功
2022-06-26 21:40:41 → 5511931789525 → https://t.me/wybf168168 → 加群成功
2022-06-26 21:40:55 → 5511946158705 → https://t.me/usdthuzhu3 → 加群成功
2022-06-26 21:41:09 → 5511966766277 → https://t.me/ak99yunmlsxfgds → 加群成功
2022-06-26 21:41:25 → 5591993705196 → https://t.me/mla9999 → 加群成功
2022-06-26 21:41:39 → 5511960493235 → https://t.me/myanmarcn → 加群成功
2022-06-26 21:41:55 → 5508581415077 → https://t.me/laowangdan → 加群成功
2022-06-26 21:42:09 → 5511957147449 → https://t.me/tg006 → 加群成功
2022-06-26 21:42:22 → 5511944349557 → https://t.me/TG006 → 加群成功
2022-06-26 21:42:35 → 5511931688616 → https://t.me/tg1949521 → 加群成功
2022-06-26 21:42:49 → 5563992416364 → https://t.me/nwdr888 → 加群成功
2022-06-26 21:43:03 → 5511968857823 → https://t.me/FHLMTEAM → 加群成功
2022-06-26 21:43:17 → 5511961144263 → https://t.me/A_K_3A → 加群成功
2022-06-26 21:43:31 → 5562992159154 → https://t.me/huizhouqun → 加群成功
2022-06-26 21:43:45 → 5511980657017 → https://t.me/ml520 → 加群成功
2022-06-26 21:43:59 → 5511946044550 → https://t.me/nbydxyk1 → 加群成功
2022-06-26 21:44:13 → 5511931146361 → https://t.me/tcelue1 → 加群成功
2022-06-26 21:44:27 → 5511957044467 → https://t.me/sq577 → 加群成功
2022-06-26 21:44:41 → 5511980556700 → https://t.me/x00008 → 加群成功
2022-06-26 21:45:01 → 5508581415077 → https://t.me/sichouzhilu0 → 加群成功
2022-06-26 21:45:15 → 5511966766277 → https://t.me/tg0799 → 加群成功
2022-06-26 21:45:29 → 5511946158705 → https://t.me/heyuedashen1 → 加群成功
2022-06-26 21:45:43 → 5511980556700 → https://t.me/bkexchinese → 加群成功
2022-06-26 21:45:57 → 5511960493235 → https://t.me/tg166 → 加群成功
2022-06-26 21:46:11 → 5562992159154 → https://t.me/tgzhcn → 加群成功
2022-06-26 21:46:25 → 5506199498193 → https://t.me/officelearner → 加群成功
2022-06-26 21:46:41 → 5511961122688 → https://t.me/Socks55555 → 加群成功
2022-06-26 21:46:55 → 5563992416364 → https://t.me/loufenha → 加群成功
2022-06-26 21:47:09 → 5511957147449 → https://t.me/zhifu7788 → 加群成功
2022-06-26 21:47:24 → 5511931688616 → https://t.me/ftx_chinese_official → 加群成功
2022-06-26 21:47:38 → 5511957044467 → https://t.me/kavachinese → 加群成功
2022-06-26 21:47:52 → 5511968857823 → https://t.me/YYL001 → 加群成功
2022-06-26 21:48:06 → 5511931146361 → https://t.me/myfreevpn → 加群成功
2022-06-26 21:48:20 → 5511980657017 → https://t.me/esmascript6 → 加群成功
2022-06-26 21:48:34 → 5511960923134 → https://t.me/hi_Official_Chinese → 加群成功
2022-06-26 21:48:48 → 5511961144263 → https://t.me/liang1112233 → 加群成功
2022-06-26 21:49:02 → 5511931789525 → https://t.me/tfwzclz → 加群成功
2022-06-26 21:49:15 → 5511967768355 → https://t.me/phbbs → 加群成功
2022-06-26 21:49:29 → 5511946044550 → https://t.me/shuju888666 → 加群成功
2022-06-26 21:49:42 → 5591993705196 → https://t.me/daishoujiaoyi → 加群成功
2022-06-26 21:49:56 → 5511944349557 → https://t.me/gdr666 → 加群失败：Cannot cast InputPeerUser to any kind of InputChannel.
2022-06-26 21:50:13 → 5511967768355 → https://t.me/tg088 → 加群成功
2022-06-26 21:50:27 → 5511946158705 → https://t.me/tg6198 → 加群成功
2022-06-26 21:50:41 → 5511980556700 → https://t.me/tg328 → 加群成功
2022-06-26 21:50:55 → 5511931789525 → https://t.me/tg108 → 加群成功
2022-06-26 21:51:09 → 5563992416364 → https://t.me/chinadarknet → 加群成功
2022-06-26 21:51:23 → 5511961144263 → https://t.me/dubaiqq918 → 加群成功
2022-06-26 21:51:37 → 5591993705196 → https://t.me/vfucloud → 加群成功
2022-06-26 21:51:51 → 5511968857823 → https://t.me/tg858 → 加群失败：No user has "tg858" as username
2022-06-26 23:44:22 → 5511966766277 → https://t.me/pingan66shop → 加群成功
2022-06-26 23:44:27 → 5511931146361 → https://t.me/tg108 → 加群成功
2022-06-26 23:44:40 → 5511961144263 → https://t.me/wangzhuanusdt → 加群成功
2022-06-26 23:44:53 → 5511968857823 → https://t.me/ytzx2 → 加群成功
2022-06-26 23:45:07 → 5511980657017 → https://t.me/dhjlq → 加群成功
2022-06-26 23:45:20 → 5511946158705 → https://t.me/tronnetworkcn → 加群成功
2022-06-26 23:45:34 → 5511931789525 → https://t.me/dubaiqq918 → 加群成功
2022-06-26 23:45:48 → 5508581415077 → https://t.me/paofen1688 → 加群成功
2022-06-26 23:46:01 → 5511961122688 → https://t.me/qingroup → 加群成功
2022-06-26 23:46:15 → 5506199498193 → https://t.me/goutui1113 → 加群成功
2022-06-26 23:46:29 → 5511960493235 → https://t.me/raicoincn → 加群成功
2022-06-26 23:46:43 → 5511946044550 → https://t.me/lbank_cn → 加群成功
2022-06-26 23:46:57 → 5511931688616 → https://t.me/mf_group → 加群成功
2022-06-26 23:47:11 → 5591993705196 → https://t.me/dibai12 → 加群成功
2022-06-26 23:47:25 → 5511980556700 → https://t.me/tg166 → 加群成功
2022-06-26 23:47:39 → 5511966766277 → https://t.me/BikingChineseGroup → 加群成功
2022-06-26 23:47:53 → 5511960923134 → https://t.me/phbbs → 加群成功
2022-06-26 23:48:07 → 5562992159154 → https://t.me/olddriversh → 加群成功
2022-06-26 23:48:21 → 5511944349557 → https://t.me/tg088 → 加群成功
2022-06-26 23:48:35 → 5511957044467 → https://t.me/usdtbmw → 加群成功
2022-06-26 23:48:49 → 5563992416364 → https://t.me/olddriver_gd → 加群成功
2022-06-26 23:49:03 → 5511967768355 → https://t.me/xcarnival_chinese → 加群成功
2022-06-26 23:49:17 → 5511957147449 → https://t.me/weikang2020 → 加群成功
2022-06-26 23:49:37 → 5511960493235 → https://t.me/yidaoshou2 → 加群成功
2022-06-26 23:49:51 → 5563992416364 → https://t.me/shenma001 → 加群成功
2022-06-26 23:50:05 → 5508581415077 → https://t.me/maticnetwork_china → 加群成功
2022-06-26 23:50:19 → 5511960923134 → https://t.me/tianziusdt → 加群成功
2022-06-26 23:50:33 → 5506199498193 → https://t.me/zeronetzh → 加群成功
2022-06-26 23:50:47 → 5511957147449 → https://t.me/aomenliuhe88 → 加群成功
2022-06-26 23:51:01 → 5511944349557 → https://t.me/BKEXChinese → 加群成功
2022-06-26 23:51:15 → 5511931789525 → https://t.me/appssweepstakes → 加群成功
2022-06-26 23:51:31 → 5511968857823 → https://t.me/dibaihrg009 → 加群成功
2022-06-26 23:51:45 → 5511946158705 → https://t.me/ys52111 → 加群成功
2022-06-26 23:51:59 → 5511957044467 → https://t.me/pingan66chadang → 加群成功
2022-06-26 23:52:13 → 5511961144263 → https://t.me/zhifubaojiefeng → 加群成功
2022-06-26 23:52:27 → 5562992159154 → https://t.me/iampua → 加群成功
2022-06-26 23:52:41 → 5511931688616 → https://t.me/DBhuaren1 → 加群成功
2022-06-26 23:52:55 → 5591993705196 → https://t.me/se_talk → 加群成功
2022-06-26 23:53:09 → 5511961122688 → https://t.me/TG006 → 加群成功
2022-06-26 23:53:23 → 5511946044550 → https://t.me/hunantg → 加群成功
2022-06-26 23:53:39 → 5511980657017 → https://t.me/TGlianmeng002 → 加群成功
2022-06-26 23:53:53 → 5511966766277 → https://t.me/ccv348 → 加群成功
2022-06-26 23:54:07 → 5511931146361 → https://t.me/dmzf8 → 加群成功
2022-06-26 23:54:21 → 5511980556700 → https://t.me/dayofdefeatcn → 加群成功
2022-06-26 23:54:35 → 5511967768355 → https://t.me/saltyleo_blog → 加群成功
2022-06-26 23:54:56 → 5511961122688 → https://t.me/yangjiangchannel → 加群成功
2022-06-26 23:55:09 → 5511957044467 → https://t.me/Zoey052697 → 加群成功
2022-06-26 23:55:23 → 5511961144263 → https://t.me/ziyuan2 → 加群成功
2022-06-26 23:55:38 → 5511980657017 → https://t.me/gibxchange_cn → 加群成功
2022-06-26 23:55:52 → 5511946044550 → https://t.me/tg96110 → 加群成功
2022-06-26 23:56:06 → 5508581415077 → https://t.me/qxinw → 加群成功
2022-06-26 23:56:20 → 5511966766277 → https://t.me/si1688 → 加群成功
2022-06-26 23:56:34 → 5506199498193 → https://t.me/guminlaqun66 → 加群成功
2022-06-26 23:56:48 → 5511931688616 → https://t.me/szhkfun → 加群成功
2022-06-26 23:57:02 → 5511960493235 → https://t.me/xmsji → 加群成功
2022-06-26 23:57:16 → 5511946158705 → https://t.me/bzzone → 加群成功
2022-06-26 23:57:30 → 5511944349557 → https://t.me/jiamidi → 加群成功
2022-06-26 23:57:46 → 5511967768355 → https://t.me/TG907 → 加群成功
2022-06-26 23:58:00 → 5591993705196 → https://t.me/Dingshia → 加群成功
2022-06-26 23:58:14 → 5562992159154 → https://t.me/galaxyheroescn → 加群成功
2022-06-26 23:58:28 → 5511931146361 → https://t.me/wybf168168 → 加群成功
2022-06-26 23:58:42 → 5511957147449 → https://t.me/tg0799 → 加群成功
2022-06-26 23:58:56 → 5511960923134 → https://t.me/TG0188 → 加群成功
2022-06-26 23:59:10 → 5511931789525 → https://t.me/server699 → 加群成功
2022-06-26 23:59:24 → 5511980556700 → https://t.me/tuishouLL01 → 加群成功
2022-06-26 23:59:38 → 5511968857823 → https://t.me/xianliao01 → 加群成功
2022-06-26 23:59:52 → 5563992416364 → https://t.me/avnrichchinese_chat → 加群成功