
2022-06-25 13:41:59 → 13606027981 → https://t.me/myanmarcn → 加群成功
2022-06-25 13:42:15 → 13607498791 → https://t.me/si1688 → 加群成功
2022-06-25 13:48:42 → 13607433057 → https://t.me/pingan66chadang → 加群成功
2022-06-25 13:48:55 → 13602182438 → https://t.me/zhifuo → 加群成功
2022-06-25 13:49:08 → 13609178317 → https://t.me/sakura_cloud → 加群成功
2022-06-25 13:49:22 → 13608892420 → https://t.me/quanqiushouhuo → 加群成功
2022-06-25 13:49:35 → 13608891691 → https://t.me/sunshineyyds → 加群成功
2022-06-25 13:49:48 → 13526420263 → https://t.me/zhifubaojiefeng → 加群成功
2022-06-25 13:50:02 → 13607951438 → https://t.me/tg108 → 加群成功
2022-06-25 13:50:15 → 13527291197 → https://t.me/caoji565 → 加群成功
2022-06-25 13:50:28 → 13602091690 → https://t.me/fg528 → 加群成功
2022-06-25 13:50:41 → 13526166754 → https://t.me/liuhedadui → 加群成功
2022-06-25 13:50:54 → 13606027981 → https://t.me/yuantoushuju4 → 加群成功
2022-06-25 13:51:08 → 13479801129 → https://t.me/lkdxqf88 → 加群成功
2022-06-25 13:51:21 → 13526128355 → https://t.me/hi_Official_Chinese → 加群成功
2022-06-25 13:51:36 → 13479803524 → https://t.me/PHMAKA107 → 加群成功
2022-06-25 13:51:50 → 13607498791 → https://t.me/mljlq → 加群成功
2022-06-25 13:52:04 → 13606658573 → https://t.me/pshqo → 加群成功
2022-06-25 13:52:18 → 13602158254 → https://t.me/google_win → 加群成功
2022-06-25 13:52:31 → 13607175467 → https://t.me/huihui220 → 加群成功
2022-06-25 13:52:45 → 13479901723 → https://t.me/yyl001 → 加群成功
2022-06-25 13:53:00 → 13526232045 → https://t.me/weikang2020 → 加群成功
2022-06-25 13:53:13 → 13608377628 → https://t.me/MDhuaren1 → 加群成功
2022-06-25 13:53:28 → 13603618895 → https://t.me/tgdanbao000 → 加群成功
2022-06-25 13:53:41 → 13606858594 → https://t.me/yinhangkausdt → 加群成功
2022-06-25 13:53:55 → 13607173732 → https://t.me/server699 → 加群成功
2022-06-25 13:54:15 → 13479803524 → https://t.me/tg858 → 加群失败：No user has "tg858" as username
2022-06-25 13:54:26 → 13602091690 → https://t.me/qipaipan54 → 加群成功
2022-06-25 13:54:55 → 13607173732 → https://t.me/TG0188 → 加群成功
2022-06-25 13:55:08 → 13479901723 → https://t.me/xcarnival_chinese → 加群成功
2022-06-25 13:55:22 → 13602182438 → https://t.me/liaobshe → 加群成功
2022-06-25 13:55:36 → 13608891691 → https://t.me/sichouzhilu0 → 加群成功
2022-06-25 13:55:51 → 13606858594 → https://t.me/programertalk → 加群成功
2022-06-25 13:56:05 → 13607433057 → https://t.me/KavaChinese → 加群成功
2022-06-25 13:56:19 → 13608377628 → https://t.me/bandwagonhostgroup → 加群成功
2022-06-25 13:56:33 → 13526420263 → https://t.me/ysshuju1 → 加群成功
2022-06-25 13:56:47 → 13607951438 → https://t.me/binance_api_chinese → 加群成功
2022-06-25 13:57:01 → 13526166754 → https://t.me/yuanyuzhou8 → 加群成功
2022-06-25 13:57:14 → 13607498791 → https://t.me/paofen55 → 加群失败：No user has "paofen55" as username
2022-06-25 13:57:25 → 13527291197 → https://t.me/tgyhzq → 加群成功
2022-06-25 13:57:39 → 13609178317 → https://t.me/paofenht → 加群成功
2022-06-25 13:57:52 → 13526232045 → https://t.me/wuhpay → 加群成功
2022-06-25 13:58:06 → 13606658573 → https://t.me/tg_88888 → 加群成功
2022-06-25 13:58:21 → 13603618895 → https://t.me/daishou44 → 加群成功
2022-06-25 13:58:50 → 13479801129 → https://t.me/balance863 → 加群成功
2022-06-25 13:59:04 → 13526128355 → https://t.me/ziyuan2 → 加群成功
2022-06-25 13:59:18 → 13602158254 → https://t.me/mayishequ → 加群成功
2022-06-25 13:59:32 → 13606027981 → https://t.me/chatssr → 加群成功
2022-06-25 13:59:48 → 13607175467 → https://t.me/lasihaima266 → 加群成功
2022-06-25 14:00:03 → 13608892420 → https://t.me/tiandeng88 → 加群成功
2022-06-25 14:00:23 → 13479901723 → https://t.me/tgzhcn → 加群成功
2022-06-25 14:00:36 → 13606858594 → https://t.me/blsq55 → 加群成功
2022-06-25 14:00:51 → 13607951438 → https://t.me/chlmzy → 加群成功
2022-06-25 14:01:04 → 13607173732 → https://t.me/allswapcn → 加群成功
2022-06-25 14:01:18 → 13609178317 → https://t.me/tg12389 → 加群成功
2022-06-25 14:01:31 → 13526128355 → https://t.me/hi_official_chinese → 加群成功
2022-06-25 14:01:44 → 13603618895 → https://t.me/lhc168 → 加群成功
2022-06-25 14:01:57 → 13527291197 → https://t.me/cambodiacn → 加群成功
2022-06-25 14:02:13 → 13608892420 → https://t.me/DBhuaren1 → 加群成功
2022-06-25 14:02:26 → 13606658573 → https://t.me/huione888 → 加群成功
2022-06-25 14:02:56 → 13479803524 → https://t.me/gboxtg → 加群成功
2022-06-25 14:03:09 → 13602182438 → https://t.me/usdt43 → 加群成功
2022-06-25 14:03:23 → 13607498791 → https://t.me/galaxyheroescn → 加群成功
2022-06-25 14:03:37 → 13608377628 → https://t.me/tsdb01 → 加群成功
2022-06-25 14:03:52 → 13526166754 → https://t.me/changsha_dev → 加群成功
2022-06-25 14:04:06 → 13602091690 → https://t.me/CKidc666 → 加群成功
2022-06-25 14:04:20 → 13479801129 → https://t.me/gm0008 → 加群成功
2022-06-25 14:04:33 → 13602158254 → https://t.me/TGhuaren1 → 加群成功
2022-06-25 14:04:47 → 13526232045 → https://t.me/universityalliance → 加群成功
2022-06-25 14:05:04 → 13607433057 → https://t.me/HTCOLV → 加群成功
2022-06-25 14:05:17 → 13526420263 → https://t.me/pfwcn → 加群成功
2022-06-25 14:05:32 → 13606027981 → https://t.me/gibxchange_cn → 加群成功
2022-06-25 14:05:45 → 13607175467 → https://t.me/humanresource63 → 加群失败：No user has "humanresource63" as username
2022-06-25 14:05:56 → 13608891691 → https://t.me/pionexcn → 加群成功
2022-06-25 14:06:16 → 13479801129 → https://t.me/fwbzy → 加群成功
2022-06-25 14:06:31 → 13602158254 → https://t.me/zhuhai9 → 加群成功
2022-06-25 14:06:46 → 13479901723 → https://t.me/chaxun2020 → 加群失败：No user has "chaxun2020" as username
2022-06-25 14:06:58 → 13606858594 → https://t.me/daishoujiaoyi → 加群成功
2022-06-25 14:07:12 → 13527291197 → https://t.me/paofen315 → 加群成功
2022-06-25 14:07:26 → 13607175467 → https://t.me/gdsjq → 加群成功
2022-06-25 14:07:40 → 13608892420 → https://t.me/zaozhuang1 → 加群成功
2022-06-25 14:07:53 → 13526128355 → https://t.me/tcelue1 → 加群成功
2022-06-25 14:08:07 → 13607498791 → https://t.me/DIP9188 → 加群成功
2022-06-25 14:08:21 → 13602091690 → https://t.me/tgdl128 → 加群成功
2022-06-25 14:08:36 → 13603618895 → https://t.me/se_talk → 加群成功
2022-06-25 14:08:49 → 13608377628 → https://t.me/goutui → 加群成功
2022-06-25 14:09:06 → 13607433057 → https://t.me/daishou15 → 加群成功
2022-06-25 14:09:19 → 13609178317 → https://t.me/huaao1 → 加群成功
2022-06-25 14:09:33 → 13526166754 → https://t.me/usdtdfds → 加群成功
2022-06-25 14:10:03 → 13479803524 → https://t.me/xjltq → 加群成功
2022-06-25 14:10:17 → 13526420263 → https://t.me/tglianmeng002 → 加群成功
2022-06-25 14:10:31 → 13606027981 → https://t.me/network50_chat → 加群成功
2022-06-25 14:10:46 → 13606658573 → https://t.me/bkexchinese → 加群成功
2022-06-25 14:11:00 → 13602182438 → https://t.me/dibaifa → 加群成功
2022-06-25 14:11:15 → 13608891691 → https://t.me/homeassiant666 → 加群成功
2022-06-25 14:11:28 → 13607173732 → https://t.me/trj_shore001 → 加群成功
2022-06-25 14:11:42 → 13526232045 → https://t.me/tg6198 → 加群成功
2022-06-25 14:11:55 → 13607951438 → https://t.me/xmarspace → 加群成功
2022-06-25 14:12:16 → 13606858594 → https://t.me/yuehui8 → 加群成功
2022-06-25 14:12:29 → 13526166754 → https://t.me/cdshouchang4 → 加群成功
2022-06-25 14:12:43 → 13602182438 → https://t.me/xianliao01 → 加群成功
2022-06-25 14:12:58 → 13608377628 → https://t.me/readerbeta → 加群成功
2022-06-25 14:13:11 → 13527291197 → https://t.me/botong002 → 加群成功
2022-06-25 14:13:25 → 13607498791 → https://t.me/aofexcn → 加群成功
2022-06-25 14:13:39 → 13479803524 → https://t.me/qqlsj → 加群成功
2022-06-25 14:13:53 → 13607175467 → https://t.me/Fkzy_Group → 加群成功
2022-06-25 14:14:06 → 13526232045 → https://t.me/cn_talk → 加群成功
2022-06-25 14:14:19 → 13479901723 → https://t.me/linkdyh → 加群失败：群组禁止访问
2022-06-25 14:14:30 → 13526420263 → https://t.me/doge88 → 加群成功
2022-06-25 14:14:44 → 13607951438 → https://t.me/fw866 → 加群成功
2022-06-25 14:14:58 → 13608891691 → https://t.me/dubaiqq918 → 加群成功
2022-06-25 14:15:12 → 13609178317 → https://t.me/phbbs → 加群成功
2022-06-25 14:15:26 → 13479801129 → https://t.me/dibaihrg009 → 加群成功
2022-06-25 14:15:40 → 13602091690 → https://t.me/ca0505 → 加群成功
2022-06-25 14:15:54 → 13526128355 → https://t.me/monstainfinitechinese → 加群成功
2022-06-25 14:16:08 → 13606658573 → https://t.me/xinbi_088 → 加群成功
2022-06-25 14:16:22 → 13607433057 → https://t.me/huanqian35 → 加群成功
2022-06-25 14:16:36 → 13608892420 → https://t.me/b12306 → 加群成功
2022-06-25 14:16:49 → 13602158254 → https://t.me/ccv348 → 加群成功
2022-06-25 14:17:03 → 13607173732 → https://t.me/TG006 → 加群成功
2022-06-25 14:17:17 → 13603618895 → https://t.me/beiluochat → 加群成功
2022-06-25 14:17:32 → 13606027981 → https://t.me/guangdongyue → 加群成功
2022-06-25 14:17:53 → 13608892420 → https://t.me/pg528 → 加群成功
2022-06-25 14:18:06 → 13479803524 → https://t.me/lhc168 → 加群成功
2022-06-25 14:18:20 → 13609178317 → https://t.me/qingroup → 加群成功
2022-06-25 14:18:34 → 13526420263 → https://t.me/MDhuaren1 → 加群成功
2022-06-25 14:18:49 → 13526166754 → https://t.me/zscd1 → 加群成功
2022-06-25 14:19:03 → 13607498791 → https://t.me/xysbbs → 加群成功
2022-06-25 14:19:16 → 13607175467 → https://t.me/mingmen520 → 加群成功
2022-06-25 14:19:30 → 13606858594 → https://t.me/binancechinese → 加群成功
2022-06-25 14:19:45 → 13526128355 → https://t.me/aiweisi888 → 加群成功
2022-06-25 14:19:58 → 13603618895 → https://t.me/WKLhuaren → 加群成功
2022-06-25 14:20:12 → 13608377628 → https://t.me/usdthuzhu3 → 加群成功
2022-06-25 14:20:26 → 13608891691 → https://t.me/P541888888 → 加群成功
2022-06-25 14:20:41 → 13606027981 → https://t.me/mf_group → 加群成功
2022-06-25 14:20:54 → 13527291197 → https://t.me/btokcn_0014 → 加群成功
2022-06-25 14:21:08 → 13479901723 → https://t.me/yamzcunziyuanduij → 加群成功
2022-06-25 14:21:22 → 13602091690 → https://t.me/InWebDarkNET → 加群成功
2022-06-25 14:21:35 → 13607433057 → https://t.me/olddrivergd → 加群成功
2022-06-25 14:21:50 → 13602182438 → https://t.me/feihuaph → 加群成功
2022-06-25 14:22:03 → 13602158254 → https://t.me/otcfl → 加群成功
2022-06-25 14:22:16 → 13607173732 → https://t.me/paofen33 → 加群成功
2022-06-25 14:22:30 → 13526232045 → https://t.me/daifu76 → 加群成功
2022-06-25 14:22:44 → 13607951438 → https://t.me/raicoincn → 加群成功
2022-06-25 14:22:58 → 13606658573 → https://t.me/justmysockscn → 加群成功
2022-06-25 14:23:15 → 13479801129 → https://t.me/wybf168168 → 加群成功
2022-06-25 14:23:35 → 13606658573 → https://t.me/discussimmigration → 加群成功
2022-06-25 14:23:48 → 13602182438 → https://t.me/dayofdefeatcn → 加群成功
2022-06-25 14:24:02 → 13479801129 → https://t.me/haojing168 → 加群成功
2022-06-25 14:24:16 → 13607173732 → https://t.me/kedoucloud → 加群成功
2022-06-25 14:24:29 → 13526420263 → https://t.me/dibai778899 → 加群成功
2022-06-25 14:24:43 → 13607433057 → https://t.me/v2rayn → 加群成功
2022-06-25 14:24:58 → 13602091690 → https://t.me/btokcn_0016 → 加群成功
2022-06-25 14:25:11 → 13609178317 → https://t.me/fhlmteam → 加群成功
2022-06-25 14:25:26 → 13602158254 → https://t.me/Nst_WP → 加群成功
2022-06-25 14:25:39 → 13607175467 → https://t.me/FQ3P3 → 加群成功
2022-06-25 14:25:53 → 13479803524 → https://t.me/qxinw → 加群成功
2022-06-25 14:26:06 → 13607951438 → https://t.me/ak99yunmlsxfgds → 加群成功
2022-06-25 14:26:23 → 13608891691 → https://t.me/asiaweed → 加群成功
2022-06-25 14:26:37 → 13606027981 → https://t.me/huizhouqun → 加群成功
2022-06-25 14:26:51 → 13608892420 → https://t.me/myanmarcn → 加群成功
2022-06-25 14:27:07 → 13526128355 → https://t.me/ColaChina → 加群成功
2022-06-25 14:27:21 → 13603618895 → https://t.me/tg0799 → 加群成功
2022-06-25 14:27:35 → 13526166754 → https://t.me/xjltq → 加群成功
2022-06-25 14:27:48 → 13607498791 → https://t.me/tg328 → 加群成功
2022-06-25 14:28:02 → 13608377628 → https://t.me/QQXGQQ → 加群成功
2022-06-25 14:28:17 → 13479901723 → https://t.me/fluxdefi → 加群成功
2022-06-25 14:28:30 → 13526232045 → https://t.me/liang1112233 → 加群成功
2022-06-25 14:28:45 → 13527291197 → https://t.me/tokaucn → 加群成功
2022-06-25 14:28:58 → 13606858594 → https://t.me/AlipayJiFu → 加群成功
2022-06-25 14:29:19 → 13606858594 → https://t.me/FHLMTEAM → 加群成功
2022-06-25 14:29:32 → 13602158254 → https://t.me/hi628 → 加群成功
2022-06-25 14:29:48 → 13602091690 → https://t.me/wangzhuanusdt → 加群成功
2022-06-25 14:30:02 → 13526128355 → https://t.me/dibai8880 → 加群成功
2022-06-25 14:30:16 → 13608891691 → https://t.me/DBhuaren1 → 加群成功
2022-06-25 14:30:29 → 13479801129 → https://t.me/ys52111 → 加群成功
2022-06-25 14:30:43 → 13602182438 → https://t.me/dongnanyaliaotian → 加群成功
2022-06-25 14:30:57 → 13526232045 → https://t.me/kaihesoft → 加群成功
2022-06-25 14:31:11 → 13479803524 → https://t.me/BKEXChinese → 加群成功
2022-06-25 14:31:26 → 13607173732 → https://t.me/officelearner → 加群成功
2022-06-25 14:31:41 → 13608892420 → https://t.me/xxg863 → 加群成功
2022-06-25 14:31:56 → 13607498791 → https://t.me/BinancePoolChinese → 加群成功
2022-06-25 14:32:09 → 13479901723 → https://t.me/zb_support → 加群成功
2022-06-25 14:32:24 → 13606658573 → https://t.me/njwwjpxc → 加群成功
2022-06-25 14:32:38 → 13526166754 → https://t.me/juliang666 → 加群成功
2022-06-25 14:32:52 → 13607951438 → https://t.me/esmascript6 → 加群成功
2022-06-25 14:33:06 → 13603618895 → https://t.me/TG110 → 加群成功
2022-06-25 14:33:20 → 13606027981 → https://t.me/shcpco → 加群成功
2022-06-25 14:33:33 → 13607433057 → https://t.me/dbf6666 → 加群成功
2022-06-25 14:33:48 → 13527291197 → https://t.me/im0471 → 加群成功
2022-06-25 14:34:01 → 13607175467 → https://t.me/hoogroupchinese → 加群成功
2022-06-25 14:34:16 → 13609178317 → https://t.me/yizhifu678 → 加群成功
2022-06-25 14:34:29 → 13608377628 → https://t.me/shenma001 → 加群成功
2022-06-25 14:34:43 → 13526420263 → https://t.me/TG_King90 → 加群成功
2022-06-25 14:35:04 → 13479803524 → https://t.me/dibai12 → 加群成功
2022-06-25 14:35:18 → 13607433057 → https://t.me/laoyingchuhai8 → 加群成功
2022-06-25 14:35:32 → 13526420263 → https://t.me/pcptm → 加群成功
2022-06-25 14:35:46 → 13609178317 → https://t.me/sanfang53 → 加群成功
2022-06-25 14:36:15 → 13606658573 → https://t.me/bestvcommunity → 加群成功
2022-06-25 14:36:29 → 13608892420 → https://t.me/saltyleo_blog → 加群成功
2022-06-25 14:36:42 → 13479801129 → https://t.me/TG006 → 加群成功
2022-06-25 14:36:57 → 13602091690 → https://t.me/faka58 → 加群成功
2022-06-25 14:37:11 → 13607498791 → https://t.me/xvswens → 加群成功
2022-06-25 14:37:24 → 13607173732 → https://t.me/ltq33 → 加群成功
2022-06-25 14:37:38 → 13602182438 → https://t.me/tg771 → 加群成功
2022-06-25 14:37:52 → 13608377628 → https://t.me/huaxingyl8 → 加群失败：No user has "huaxingyl8" as username
2022-06-25 14:38:03 → 13526232045 → https://t.me/olddriver_cdu → 加群成功
2022-06-25 14:38:17 → 13479901723 → https://t.me/xuanchengolddriver → 加群成功
2022-06-25 14:38:31 → 13527291197 → https://t.me/AlgorandFoundationCN → 加群成功
2022-06-25 14:38:45 → 13606027981 → https://t.me/qwerdt1 → 加群成功
2022-06-25 14:38:58 → 13606858594 → https://t.me/dockertutorial → 加群失败：RPCError 400: INVITE_REQUEST_SENT (caused by JoinChannelRequest)
2022-06-25 14:39:09 → 13607951438 → https://t.me/cndumpschat → 加群失败：Nobody is using this username, or the username is unacceptable. If the latter, it must match r"[a-zA-Z][\w\d]{3,30}[a-zA-Z\d]" (caused by ResolveUsernameRequest)
2022-06-25 14:39:21 → 13602158254 → https://t.me/ai699 → 加群成功
2022-06-25 14:39:35 → 13526128355 → https://t.me/BinancePoolChinese → 加群成功
2022-06-25 14:39:48 → 13608891691 → https://t.me/mla9999 → 加群成功
2022-06-25 14:40:02 → 13603618895 → https://t.me/bz8822 → 加群成功
2022-06-25 14:40:18 → 13607175467 → https://t.me/australiasydneychat → 加群成功
2022-06-25 14:40:31 → 13526166754 → https://t.me/tg8848community → 加群成功
2022-06-25 14:40:52 → 13609178317 → https://t.me/TGlianmeng002 → 加群成功
2022-06-25 14:41:05 → 13527291197 → https://t.me/BKEXChinese → 加群成功
2022-06-25 14:41:20 → 13608891691 → https://t.me/paofen1688 → 加群成功
2022-06-25 14:41:33 → 13606858594 → https://t.me/doxchina → 加群失败：No user has "doxchina" as username
2022-06-25 14:41:44 → 13607498791 → https://t.me/dmzf8 → 加群成功
2022-06-25 14:41:58 → 13526232045 → https://t.me/TG55555555555 → 加群成功
2022-06-25 14:42:13 → 13603618895 → https://t.me/huiguophp → 加群成功
2022-06-25 14:42:26 → 13608892420 → https://t.me/feihelp → 加群成功
2022-06-25 14:42:41 → 13602158254 → https://t.me/ml520 → 加群成功
2022-06-25 14:42:55 → 13479801129 → https://t.me/fastfish2 → 加群成功
2022-06-25 14:43:10 → 13602091690 → https://t.me/pingan66shop → 加群成功
2022-06-25 14:43:24 → 13526128355 → https://t.me/ussyu → 加群成功
2022-06-25 14:43:39 → 13608377628 → https://t.me/light_up_comm → 加群成功
2022-06-25 14:43:55 → 13607433057 → https://t.me/aomenliuhe88 → 加群成功
2022-06-25 14:44:08 → 13607173732 → https://t.me/WKLhuaren → 加群成功
2022-06-25 14:44:21 → 13602182438 → https://t.me/qqxgqq → 加群成功
2022-06-25 14:44:35 → 13607951438 → https://t.me/tianziusdt → 加群成功
2022-06-25 14:44:50 → 13526166754 → https://t.me/hgmhxz → 加群成功
2022-06-25 14:45:03 → 13607175467 → https://t.me/TG907 → 加群成功
2022-06-25 14:45:17 → 13479901723 → https://t.me/ftx_chinese_official → 加群成功
2022-06-25 14:45:31 → 13479803524 → https://t.me/TG006 → 加群成功
2022-06-25 14:45:45 → 13526420263 → https://t.me/wy173 → 加群成功
2022-06-25 14:45:59 → 13606658573 → https://t.me/kkkttt369 → 加群成功
2022-06-25 14:46:12 → 13606027981 → https://t.me/BAOAA → 加群成功
2022-06-25 14:46:32 → 13479901723 → https://t.me/usdtbmw → 加群成功
2022-06-25 14:46:45 → 13609178317 → https://t.me/guiyangpapa → 加群成功
2022-06-25 14:47:00 → 13603618895 → https://t.me/tongdao25 → 加群成功
2022-06-25 14:47:29 → 13479801129 → https://t.me/TG6766 → 加群成功
2022-06-25 14:47:42 → 13607173732 → https://t.me/bdzycom → 加群失败：群组禁止访问
2022-06-25 14:47:53 → 13607433057 → https://t.me/tg148 → 加群成功
2022-06-25 14:48:07 → 13608892420 → https://t.me/ak11828 → 加群成功
2022-06-25 14:48:21 → 13606658573 → https://t.me/ibox_official → 加群成功
2022-06-25 14:48:35 → 13607951438 → https://t.me/guminlaqun66 → 加群成功
2022-06-25 14:48:49 → 13526420263 → https://t.me/pionexcn → 加群成功
2022-06-25 14:49:03 → 13527291197 → https://t.me/ytzx2 → 加群成功
2022-06-25 14:49:17 → 13479803524 → https://t.me/dyjiaoliu → 加群成功
2022-06-25 14:49:30 → 13526232045 → https://t.me/a1313652 → 加群成功
2022-06-25 14:49:44 → 13606027981 → https://t.me/loufenha → 加群成功
2022-06-25 14:49:57 → 13607498791 → https://t.me/mikebill888 → 加群失败：群组禁止访问
2022-06-25 14:50:08 → 13526166754 → https://t.me/zhongwen6 → 加群成功
2022-06-25 14:50:22 → 13602158254 → https://t.me/wz513064 → 加群成功
2022-06-25 14:50:36 → 13608891691 → https://t.me/tuishouLL01 → 加群成功
2022-06-25 14:50:50 → 13608377628 → https://t.me/HLS0002 → 加群成功
2022-06-25 14:51:05 → 13602182438 → https://t.me/dhjlq → 加群成功
2022-06-25 14:51:18 → 13607175467 → https://t.me/tg006 → 加群成功
2022-06-25 14:51:33 → 13602091690 → https://t.me/szhkfun → 加群成功
2022-06-25 14:51:46 → 13526128355 → https://t.me/xianliao01 → 加群成功
2022-06-25 14:52:01 → 13606858594 → https://t.me/KavaChinese → 加群成功
2022-06-25 14:52:21 → 13606858594 → https://t.me/flea66 → 加群成功
2022-06-25 14:52:34 → 13526232045 → https://t.me/dfsdaeaw → 加群失败：Nobody is using this username, or the username is unacceptable. If the latter, it must match r"[a-zA-Z][\w\d]{3,30}[a-zA-Z\d]" (caused by ResolveUsernameRequest)
2022-06-25 14:52:45 → 13479901723 → https://t.me/btc_chinese → 加群成功
2022-06-25 14:52:59 → 13606027981 → https://t.me/tgdibai168 → 加群成功
2022-06-25 14:53:14 → 13603618895 → https://t.me/yangjiangchannel → 加群成功
2022-06-25 14:53:27 → 13602091690 → https://t.me/bzzone → 加群成功
2022-06-25 14:53:41 → 13607951438 → https://t.me/three001 → 加群成功
2022-06-25 14:53:55 → 13602158254 → https://t.me/zn88666 → 加群成功
2022-06-25 14:54:10 → 13607498791 → https://t.me/crxs778 → 加群成功
2022-06-25 14:54:24 → 13479803524 → https://t.me/yueaijilu → 加群成功
2022-06-25 14:54:38 → 13479801129 → https://t.me/danbao96 → 加群成功
2022-06-25 14:55:07 → 13607175467 → https://t.me/xmsji → 加群成功
2022-06-25 14:55:21 → 13527291197 → https://t.me/chaguaner → 加群成功
2022-06-25 14:55:34 → 13606658573 → https://t.me/TG12389 → 加群成功
2022-06-25 14:55:48 → 13608377628 → https://t.me/xingbi0088 → 加群成功
2022-06-25 14:56:02 → 13608892420 → https://t.me/yindutg → 加群成功
2022-06-25 14:56:16 → 13526166754 → https://t.me/xxup1121 → 加群成功
2022-06-25 14:56:30 → 13526420263 → https://t.me/olddriver_fs → 加群失败：群组禁止访问
2022-06-25 14:56:41 → 13607433057 → https://t.me/quanzhangshequ → 加群成功
2022-06-25 14:56:55 → 13609178317 → https://t.me/biboxgroup → 加群成功
2022-06-25 14:57:08 → 13526128355 → https://t.me/YYL001 → 加群成功
2022-06-25 14:57:22 → 13607173732 → https://t.me/USTCtg → 加群成功
2022-06-25 14:57:36 → 13602182438 → https://t.me/az123818 → 加群成功
2022-06-25 14:57:50 → 13608891691 → https://t.me/zhongshandidi → 加群成功
2022-06-25 14:58:10 → 13526232045 → https://t.me/gdr666 → 加群失败：Cannot cast InputPeerUser to any kind of InputChannel.
2022-06-25 14:58:22 → 13603618895 → https://t.me/duanxin2008 → 加群成功
2022-06-25 14:58:36 → 13526166754 → https://t.me/bitcoin_cn → 加群成功
2022-06-25 14:58:49 → 13608891691 → https://t.me/dibaicn → 加群成功
2022-06-25 14:59:05 → 13602091690 → https://t.me/nanjing025 → 加群失败：No user has "nanjing025" as username
2022-06-25 14:59:17 → 13602182438 → https://t.me/binzhouqun → 加群成功
2022-06-25 14:59:30 → 13607498791 → https://t.me/polkadotzh → 加群成功
2022-06-25 14:59:43 → 13607173732 → https://t.me/bailaohui_cvv → 加群成功
2022-06-25 14:59:57 → 13608892420 → https://t.me/php_group_cn → 加群成功
2022-06-25 15:00:14 → 13527291197 → https://t.me/chaoxi → 加群成功
2022-06-25 15:00:30 → 13606027981 → https://t.me/radiocacaasian → 加群成功
2022-06-25 15:00:44 → 13606658573 → https://t.me/Socks55555 → 加群成功
2022-06-25 15:00:59 → 13609178317 → https://t.me/zzlsjbyq → 加群成功
2022-06-25 15:01:12 → 13479803524 → https://t.me/deep3695 → 加群成功
2022-06-25 15:01:26 → 13479801129 → https://t.me/jiu_777 → 加群成功
2022-06-25 15:01:39 → 13608377628 → https://t.me/jianpuzai777 → 加群成功
2022-06-25 15:01:56 → 13526128355 → https://t.me/frontend_talk → 加群成功
2022-06-25 15:02:12 → 13607433057 → https://t.me/fastfish2 → 加群成功
2022-06-25 15:02:28 → 13602158254 → https://t.me/kaiheo → 加群成功
2022-06-25 15:02:42 → 13607951438 → https://t.me/BikingChineseGroup → 加群成功
2022-06-25 15:02:56 → 13526420263 → https://t.me/bacommu → 加群成功
2022-06-25 15:03:10 → 13607175467 → https://t.me/yugzf → 加群成功
2022-06-25 15:03:24 → 13479901723 → https://t.me/tg1949521 → 加群成功
2022-06-25 15:03:39 → 13606858594 → https://t.me/xiaohao2018 → 加群成功
2022-06-25 15:03:59 → 13607175467 → https://t.me/lendhub → 加群成功
2022-06-25 15:04:13 → 13607498791 → https://t.me/heyuedashen1 → 加群成功
2022-06-25 15:04:26 → 13526420263 → https://t.me/jiamidi → 加群成功
2022-06-25 15:04:42 → 13607951438 → https://t.me/BinanceChinese → 加群成功
2022-06-25 15:04:57 → 13608892420 → https://t.me/kachahu → 加群成功
2022-06-25 15:05:10 → 13608377628 → https://t.me/coinbetter_cn → 加群失败：No user has "coinbetter_cn" as username
2022-06-25 15:05:21 → 13479801129 → https://t.me/CvvinternalOrganization → 加群成功
2022-06-25 15:05:37 → 13526232045 → https://t.me/bohrwebc → 加群成功
2022-06-25 15:05:52 → 13609178317 → https://t.me/meizi005 → 加群成功
2022-06-25 15:06:06 → 13526166754 → https://t.me/chinadarknet → 加群成功
2022-06-25 15:06:20 → 13602158254 → https://t.me/nbydxyk1 → 加群成功
2022-06-25 15:06:33 → 13603618895 → https://t.me/hzaxx → 加群成功
2022-06-25 15:06:48 → 13607173732 → https://t.me/myfreevpn → 加群成功
2022-06-25 15:07:01 → 13479901723 → https://t.me/yidaoshou2 → 加群成功
2022-06-25 15:07:15 → 13608891691 → https://t.me/GouTuiClub → 加群成功
2022-06-25 15:07:31 → 13606858594 → https://t.me/shuju666886 → 加群失败：No user has "shuju666886" as username
2022-06-25 15:07:43 → 13606658573 → https://t.me/kavachinese → 加群成功
2022-06-25 15:07:56 → 13479803524 → https://t.me/pigcommunity → 加群成功
2022-06-25 15:08:09 → 13607433057 → https://t.me/botong002 → 加群成功
2022-06-25 15:08:23 → 13602091690 → https://t.me/fbwsline2021 → 加群成功
2022-06-25 15:08:37 → 13602182438 → https://t.me/ColaChina → 加群成功
2022-06-25 15:08:52 → 13526128355 → https://t.me/gz3388 → 加群成功
2022-06-25 15:09:07 → 13606027981 → https://t.me/goutui1113 → 加群成功
2022-06-25 15:09:21 → 13527291197 → https://t.me/bcweb → 加群成功
2022-06-25 15:09:41 → 13607433057 → https://t.me/tg96110 → 加群成功
2022-06-25 15:09:54 → 13606027981 → https://t.me/dijia02 → 加群成功
2022-06-25 15:10:07 → 13527291197 → https://t.me/qht888 → 加群失败：Nobody is using this username, or the username is unacceptable. If the latter, it must match r"[a-zA-Z][\w\d]{3,30}[a-zA-Z\d]" (caused by ResolveUsernameRequest)
2022-06-25 15:10:18 → 13607498791 → https://t.me/pionexcn → 加群成功
2022-06-25 15:10:32 → 13526232045 → https://t.me/zeronetzh → 加群成功
2022-06-25 15:10:46 → 13602158254 → https://t.me/expressnode → 加群成功
2022-06-25 15:11:02 → 13602182438 → https://t.me/aomenliuhe88 → 加群成功
2022-06-25 15:11:15 → 13607175467 → https://t.me/tg166 → 加群成功
2022-06-25 15:11:29 → 13606858594 → https://t.me/tg_king80 → 加群成功
2022-06-25 15:11:43 → 13526420263 → https://t.me/vfucloud → 加群失败：群组禁止访问
2022-06-25 15:11:55 → 13479901723 → https://t.me/www589qkcom → 加群成功
2022-06-25 15:12:09 → 13609178317 → https://t.me/haojiyou → 加群成功
2022-06-25 15:12:23 → 13607951438 → https://t.me/liuxingsq → 加群成功
2022-06-25 15:12:36 → 13479803524 → https://t.me/huobiglobal_zw → 加群成功
2022-06-25 15:12:50 → 13608891691 → https://t.me/Sz1888 → 加群成功
2022-06-25 15:13:04 → 13603618895 → https://t.me/tgdl128 → 加群成功
2022-06-25 15:13:18 → 13479801129 → https://t.me/jfoisjfiodvfd → 加群成功
2022-06-25 15:13:32 → 13602091690 → https://t.me/avnrichchinese_chat → 加群成功
2022-06-25 15:13:46 → 13526166754 → https://t.me/BinanceChinese → 加群成功
2022-06-25 15:14:00 → 13608377628 → https://t.me/zhenggui → 加群成功
2022-06-25 15:14:13 → 13608892420 → https://t.me/tz636 → 加群成功
2022-06-25 15:14:28 → 13606658573 → https://t.me/xbzijian → 加群成功
2022-06-25 15:14:43 → 13526128355 → https://t.me/ydsj1 → 加群成功
2022-06-25 15:14:57 → 13607173732 → https://t.me/iampua → 加群成功
2022-06-25 15:15:17 → 13607173732 → https://t.me/india_moneypay → 加群成功
2022-06-25 15:15:30 → 13607498791 → https://t.me/dbjlq1 → 加群成功
2022-06-25 15:15:44 → 13602182438 → https://t.me/tfwzclz → 加群成功
2022-06-25 15:15:59 → 13608377628 → https://t.me/mihuzahuopu → 加群成功
2022-06-25 15:16:13 → 13602091690 → https://t.me/olddriver_gd → 加群成功
2022-06-25 15:16:26 → 13479803524 → https://t.me/Shore999888 → 加群成功
2022-06-25 15:16:41 → 13607175467 → https://t.me/hunantg → 加群成功
2022-06-25 15:16:57 → 13606858594 → https://t.me/kx360 → 加群成功
2022-06-25 15:17:10 → 13526232045 → https://t.me/MDhuaren1 → 加群成功
2022-06-25 15:17:25 → 13526128355 → https://t.me/wubuxianjingziyuan → 加群成功
2022-06-25 15:17:38 → 13607951438 → https://t.me/baoaa → 加群成功
2022-06-25 15:17:52 → 13607433057 → https://t.me/baocai217 → 加群成功
2022-06-25 15:18:06 → 13603618895 → https://t.me/Dingshia → 加群成功
2022-06-25 15:18:21 → 13526166754 → https://t.me/hwhrbbs → 加群成功
2022-06-25 15:18:35 → 13526420263 → https://t.me/akkcloud → 加群成功
2022-06-25 15:18:50 → 13479801129 → https://t.me/gaigangs → 加群成功
2022-06-25 15:19:04 → 13602158254 → https://t.me/hi_Official_Chinese → 加群成功
2022-06-25 15:19:18 → 13606658573 → https://t.me/yuantoushuju5 → 加群成功
2022-06-25 15:19:32 → 13606027981 → https://t.me/usdtm → 加群成功
2022-06-25 15:19:45 → 13527291197 → https://t.me/fhaak8 → 加群成功
2022-06-25 15:20:00 → 13479901723 → https://t.me/zhifu7788 → 加群成功
2022-06-25 15:20:14 → 13608891691 → https://t.me/tronnetworkcn → 加群成功
2022-06-25 15:20:28 → 13608892420 → https://t.me/BIYONGOfficial0015 → 加群成功
2022-06-25 15:20:42 → 13609178317 → https://t.me/maticnetwork_china → 加群成功
2022-06-25 15:21:03 → 13606027981 → https://t.me/kmfw56789 → 加群成功
2022-06-25 15:21:16 → 13602091690 → https://t.me/btokofficial_03 → 加群成功
2022-06-25 15:21:30 → 13607951438 → https://t.me/tg088 → 加群成功
2022-06-25 15:21:45 → 13609178317 → https://t.me/diyidaifu → 加群成功
2022-06-25 15:22:00 → 13602158254 → https://t.me/HuNanTG → 加群成功
2022-06-25 15:22:16 → 13479901723 → https://t.me/tghc1 → 加群成功
2022-06-25 15:22:30 → 13479801129 → https://t.me/Gm0008 → 加群成功
2022-06-25 15:22:44 → 13526128355 → https://t.me/socks55555 → 加群成功
2022-06-25 15:22:58 → 13479803524 → https://t.me/qianmin → 加群成功
2022-06-25 15:23:12 → 13608891691 → https://t.me/shuju888666 → 加群成功
2022-06-25 15:23:25 → 13606858594 → https://t.me/ritalin51 → 加群失败：Nobody is using this username, or the username is unacceptable. If the latter, it must match r"[a-zA-Z][\w\d]{3,30}[a-zA-Z\d]" (caused by ResolveUsernameRequest)
2022-06-25 15:23:36 → 13603618895 → https://t.me/TG188188 → 加群成功
2022-06-25 15:23:51 → 13607173732 → https://t.me/zscd18 → 加群成功
2022-06-25 15:24:04 → 13607498791 → https://t.me/A_K_3A → 加群成功
2022-06-25 15:24:18 → 13607175467 → https://t.me/bitcoindfds → 加群成功
2022-06-25 15:24:33 → 13526420263 → https://t.me/huichan_com_grp → 加群成功
2022-06-25 15:24:47 → 13606658573 → https://t.me/iClubHouse → 加群成功
2022-06-25 15:25:03 → 13607433057 → https://t.me/shenzhencity → 加群成功
2022-06-25 15:25:16 → 13602182438 → https://t.me/shore999888 → 加群成功
2022-06-25 15:25:31 → 13608892420 → https://t.me/nwdr888 → 加群成功
2022-06-25 15:25:44 → 13608377628 → https://t.me/hwdbq → 加群成功
2022-06-25 15:26:14 → 13526232045 → https://t.me/bclm1 → 加群成功
2022-06-25 15:26:28 → 13527291197 → https://t.me/laowangdan → 加群成功
2022-06-25 15:26:42 → 13526166754 → https://t.me/xbdb01 → 加群成功
2022-06-25 15:27:02 → 13602091690 → https://t.me/seeyellow → 加群成功
2022-06-25 15:27:15 → 13608892420 → https://t.me/goutuiclub → 加群成功
2022-06-25 15:27:32 → 13602158254 → https://t.me/appssweepstakes → 加群成功
2022-06-25 15:27:48 → 13603618895 → https://t.me/x00008 → 加群成功
2022-06-25 15:28:02 → 13602182438 → https://t.me/cccccccxyyy → 加群成功
2022-06-25 15:28:16 → 13606658573 → https://t.me/olddriverhui → 加群成功
2022-06-25 15:28:30 → 13479803524 → https://t.me/usdthuihuan → 加群成功
2022-06-25 15:28:44 → 13526420263 → https://t.me/shell66666 → 加群成功
2022-06-25 15:28:57 → 13526232045 → https://t.me/a_k_3a → 加群成功
2022-06-25 15:29:12 → 13607173732 → https://t.me/axujj → 加群成功
2022-06-25 15:29:26 → 13526128355 → https://t.me/lbank_cn → 加群成功
2022-06-25 15:29:40 → 13606858594 → https://t.me/zfb_qq → 加群成功
2022-06-25 15:29:53 → 13479901723 → https://t.me/bozaiweb → 加群成功
2022-06-25 15:30:08 → 13609178317 → https://t.me/html66 → 加群成功
2022-06-25 15:30:22 → 13608891691 → https://t.me/db_lm → 加群成功
2022-06-25 15:30:36 → 13607498791 → https://t.me/yxbjx → 加群成功
2022-06-25 15:30:50 → 13607951438 → https://t.me/huanxiangyouxi → 加群成功
2022-06-25 15:31:05 → 13608377628 → https://t.me/Zoey052697 → 加群成功
2022-06-25 15:31:18 → 13607433057 → https://t.me/OKXGroup_CN → 加群成功
2022-06-25 15:31:33 → 13479801129 → https://t.me/olddrivercd → 加群成功
2022-06-25 15:31:46 → 13526166754 → https://t.me/fw992 → 加群成功
2022-06-25 15:32:01 → 13606027981 → https://t.me/ssunion → 加群成功
2022-06-25 15:32:15 → 13527291197 → https://t.me/si1688 → 加群成功
2022-06-25 15:32:28 → 13607175467 → https://t.me/cyj1188 → 加群成功
2022-06-25 15:32:49 → 13602091690 → https://t.me/sq577 → 加群成功
2022-06-25 15:33:03 → 13607175467 → https://t.me/ckidc666 → 加群成功
2022-06-25 15:33:16 → 13526232045 → https://t.me/olddriversh → 加群失败：群组禁止访问
2022-06-25 15:33:27 → 13603618895 → https://t.me/gif128 → 加群成功
2022-06-25 15:33:41 → 13479901723 → https://t.me/wwxcxinting → 加群成功
2022-06-25 15:33:56 → 13608892420 → https://t.me/daishuvpn → 加群成功
2022-06-25 15:34:10 → 13606858594 → https://t.me/NodeGlobal → 加群成功
2022-06-25 15:34:23 → 13609178317 → https://t.me/dibai918 → 加群成功
2022-06-25 17:55:07 → 13603618895 → https://t.me/dongnanyaliaotian → 加群成功
2022-06-25 17:55:20 → 13479803524 → https://t.me/ysshuju1 → 加群成功
2022-06-25 17:55:33 → 13479901723 → https://t.me/Dingshia → 加群成功
2022-06-25 17:55:46 → 13526232045 → https://t.me/huizhouqun → 加群成功
2022-06-25 17:55:59 → 13602182438 → https://t.me/cn_talk → 加群成功
2022-06-25 17:56:12 → 13608892420 → https://t.me/dibai12 → 加群成功
2022-06-25 17:56:25 → 13607433057 → https://t.me/humanresource63 → 加群失败：No user has "humanresource63" as username
2022-06-25 17:56:37 → 13608377628 → https://t.me/balance863 → 加群成功
2022-06-25 17:56:50 → 13479801129 → https://t.me/shcpco → 加群成功
2022-06-25 17:57:04 → 13606658573 → https://t.me/ssunion → 加群成功
2022-06-25 17:57:17 → 13609178317 → https://t.me/shenma001 → 加群成功
2022-06-25 17:57:30 → 13526166754 → https://t.me/yidaoshou2 → 加群成功
2022-06-25 17:57:43 → 13527291197 → https://t.me/pionexcn → 加群成功
2022-06-25 17:57:56 → 13602091690 → https://t.me/coinbetter_cn → 加群失败：No user has "coinbetter_cn" as username
2022-06-25 17:58:07 → 13606858594 → https://t.me/yizhifu678 → 加群成功
2022-06-25 17:58:21 → 13526420263 → https://t.me/njwwjpxc → 加群成功
2022-06-25 17:58:34 → 13607175467 → https://t.me/zhifuo → 加群成功
2022-06-25 17:58:47 → 13608891691 → https://t.me/gibxchange_cn → 加群成功
2022-06-25 17:59:00 → 13607498791 → https://t.me/pionexcn → 加群成功
2022-06-25 17:59:13 → 13526128355 → https://t.me/lhc168 → 加群成功
2022-06-25 17:59:26 → 13607173732 → https://t.me/nwdr888 → 加群成功
2022-06-25 17:59:40 → 13606027981 → https://t.me/bestvcommunity → 加群成功
2022-06-25 17:59:53 → 13602158254 → https://t.me/zscd18 → 加群成功
2022-06-25 18:00:06 → 13607951438 → https://t.me/fbwsline2021 → 加群成功
2022-06-25 18:00:25 → 13527291197 → https://t.me/ziyuan2 → 加群成功
2022-06-25 18:00:39 → 13607951438 → https://t.me/zaozhuang1 → 加群成功
2022-06-25 18:00:53 → 13608377628 → https://t.me/wybf168168 → 加群成功
2022-06-25 18:01:06 → 13607498791 → https://t.me/yamzcunziyuanduij → 加群成功
2022-06-25 18:01:19 → 13608892420 → https://t.me/TG006 → 加群成功
2022-06-25 18:01:33 → 13479801129 → https://t.me/tianziusdt → 加群成功
2022-06-25 18:01:47 → 13607173732 → https://t.me/aomenliuhe88 → 加群成功
2022-06-25 18:02:01 → 13526232045 → https://t.me/fastfish2 → 加群成功
2022-06-25 18:02:17 → 13479803524 → https://t.me/HuNanTG → 加群成功
2022-06-25 18:02:31 → 13602158254 → https://t.me/tg1949521 → 加群成功
2022-06-25 18:02:45 → 13602091690 → https://t.me/pigcommunity → 加群成功
2022-06-25 18:02:59 → 13602182438 → https://t.me/Zoey052697 → 加群成功
2022-06-25 18:03:13 → 13526166754 → https://t.me/ak11828 → 加群成功
2022-06-25 18:03:27 → 13526128355 → https://t.me/huaxingyl8 → 加群失败：No user has "huaxingyl8" as username
2022-06-25 18:03:38 → 13606027981 → https://t.me/pg528 → 加群成功
2022-06-25 18:03:52 → 13526420263 → https://t.me/bozaiweb → 加群成功
2022-06-25 18:04:05 → 13479901723 → https://t.me/yindutg → 加群成功
2022-06-25 18:04:19 → 13609178317 → https://t.me/QQXGQQ → 加群成功
2022-06-25 18:04:32 → 13606658573 → https://t.me/tg12389 → 加群成功
2022-06-25 18:04:46 → 13603618895 → https://t.me/yugzf → 加群成功
2022-06-25 18:05:00 → 13608891691 → https://t.me/xinbi_088 → 加群成功
2022-06-25 18:05:14 → 13607433057 → https://t.me/shenzhencity → 加群失败：群组禁止访问
2022-06-25 18:05:24 → 13607175467 → https://t.me/yxbjx → 加群成功
2022-06-25 18:05:38 → 13606858594 → https://t.me/seeyellow → 加群成功
2022-06-25 18:05:58 → 13527291197 → https://t.me/allswapcn → 加群成功
2022-06-25 18:06:12 → 13607433057 → https://t.me/dmzf8 → 加群成功
2022-06-25 18:06:25 → 13479901723 → https://t.me/vfucloud → 加群成功
2022-06-25 18:06:39 → 13479801129 → https://t.me/TG12389 → 加群成功
2022-06-25 18:06:52 → 13526420263 → https://t.me/Socks55555 → 加群成功
2022-06-25 18:07:06 → 13608892420 → https://t.me/zhifu7788 → 加群成功
2022-06-25 18:07:20 → 13526232045 → https://t.me/doge88 → 加群成功
2022-06-25 18:07:34 → 13479803524 → https://t.me/loufenha → 加群成功
2022-06-25 18:07:48 → 13608377628 → https://t.me/hi_official_chinese → 加群成功
2022-06-25 18:08:02 → 13606027981 → https://t.me/dbjlq1 → 加群成功
2022-06-25 18:08:16 → 13602158254 → https://t.me/mingmen520 → 加群成功
2022-06-25 18:08:30 → 13607173732 → https://t.me/yangjiangchannel → 加群成功
2022-06-25 18:08:44 → 13603618895 → https://t.me/changsha_dev → 加群成功
2022-06-25 18:08:58 → 13607951438 → https://t.me/dibai8880 → 加群成功
2022-06-25 18:09:12 → 13602091690 → https://t.me/shell66666 → 加群成功
2022-06-25 18:09:26 → 13608891691 → https://t.me/huiguophp → 加群成功
2022-06-25 18:09:40 → 13606858594 → https://t.me/ritalin51 → 加群失败：Nobody is using this username, or the username is unacceptable. If the latter, it must match r"[a-zA-Z][\w\d]{3,30}[a-zA-Z\d]" (caused by ResolveUsernameRequest)
2022-06-25 18:09:51 → 13602182438 → https://t.me/goutuiclub → 加群成功
2022-06-25 18:10:07 → 13606658573 → https://t.me/sunshineyyds → 加群成功
2022-06-25 18:10:21 → 13526166754 → https://t.me/quanzhangshequ → 加群成功
2022-06-25 18:10:35 → 13607498791 → https://t.me/daishou15 → 加群成功
2022-06-25 18:10:49 → 13609178317 → https://t.me/biboxgroup → 加群成功
2022-06-25 18:11:02 → 13526128355 → https://t.me/KavaChinese → 加群成功
2022-06-25 18:11:16 → 13607175467 → https://t.me/ca0505 → 加群成功
2022-06-25 18:11:36 → 13608892420 → https://t.me/baoaa → 加群成功
2022-06-25 18:11:50 → 13602091690 → https://t.me/nanjing025 → 加群失败：No user has "nanjing025" as username
2022-06-25 18:12:01 → 13602182438 → https://t.me/ibox_official → 加群成功
2022-06-25 18:12:15 → 13607498791 → https://t.me/linkdyh → 加群成功
2022-06-25 18:12:29 → 13526128355 → https://t.me/daishoujiaoyi → 加群成功
2022-06-25 18:12:43 → 13608891691 → https://t.me/maticnetwork_china → 加群成功
2022-06-25 18:12:57 → 13526166754 → https://t.me/mayishequ → 加群成功
2022-06-25 18:13:11 → 13527291197 → https://t.me/php_group_cn → 加群成功
2022-06-25 18:13:25 → 13606027981 → https://t.me/botong002 → 加群成功
2022-06-25 18:13:39 → 13603618895 → https://t.me/InWebDarkNET → 加群成功
2022-06-25 18:13:53 → 13608377628 → https://t.me/kedoucloud → 加群成功
2022-06-25 18:14:06 → 13607175467 → https://t.me/BAOAA → 加群成功
2022-06-25 18:14:20 → 13479901723 → https://t.me/wuhpay → 加群成功
2022-06-25 18:14:34 → 13526420263 → https://t.me/CKidc666 → 加群成功
2022-06-25 18:14:48 → 13609178317 → https://t.me/tsdb01 → 加群成功
2022-06-25 18:15:02 → 13607951438 → https://t.me/chatssr → 加群成功
2022-06-25 18:15:18 → 13479801129 → https://t.me/chaguaner → 加群成功
2022-06-25 18:15:32 → 13606658573 → https://t.me/xiaohao2018 → 加群成功
2022-06-25 18:15:46 → 13606858594 → https://t.me/hi_Official_Chinese → 加群成功
2022-06-25 18:16:00 → 13479803524 → https://t.me/phbbs → 加群成功
2022-06-25 18:16:14 → 13607433057 → https://t.me/three001 → 加群成功
2022-06-25 18:16:28 → 13607173732 → https://t.me/chinadarknet → 加群成功
2022-06-25 18:16:42 → 13526232045 → https://t.me/guminlaqun66 → 加群成功
2022-06-25 18:16:55 → 13602158254 → https://t.me/mikebill888 → 加群成功
2022-06-25 18:17:15 → 13603618895 → https://t.me/aiweisi888 → 加群成功
2022-06-25 18:17:28 → 13608892420 → https://t.me/yinhangkausdt → 加群成功
2022-06-25 18:17:42 → 13608377628 → https://t.me/dbf6666 → 加群成功
2022-06-25 18:17:56 → 13526232045 → https://t.me/html66 → 加群成功
2022-06-25 18:18:10 → 13479803524 → https://t.me/laowangdan → 加群成功
2022-06-25 18:18:24 → 13607173732 → https://t.me/tgdl128 → 加群成功
2022-06-25 18:18:38 → 13608891691 → https://t.me/ltq33 → 加群成功
2022-06-25 18:18:52 → 13527291197 → https://t.me/ckidc666 → 加群成功
2022-06-25 18:19:06 → 13607433057 → https://t.me/google_win → 加群成功
2022-06-25 18:19:20 → 13606658573 → https://t.me/usdtbmw → 加群成功
2022-06-25 18:19:33 → 13607951438 → https://t.me/gif128 → 加群成功
2022-06-25 18:19:47 → 13607175467 → https://t.me/xbzijian → 加群成功
2022-06-25 18:20:03 → 13602158254 → https://t.me/bacommu → 加群成功
2022-06-25 18:20:17 → 13606858594 → https://t.me/tz636 → 加群成功
2022-06-25 18:20:31 → 13607498791 → https://t.me/deep3695 → 加群成功
2022-06-25 18:20:45 → 13526128355 → https://t.me/huanxiangyouxi → 加群成功
2022-06-25 18:21:00 → 13606027981 → https://t.me/BinanceChinese → 加群成功
2022-06-25 18:21:13 → 13479801129 → https://t.me/kaiheo → 加群成功
2022-06-25 18:21:28 → 13479901723 → https://t.me/tcelue1 → 加群成功
2022-06-25 18:21:42 → 13526420263 → https://t.me/Gm0008 → 加群成功
2022-06-25 18:21:56 → 13602182438 → https://t.me/jiu_777 → 加群成功
2022-06-25 18:22:10 → 13526166754 → https://t.me/meizi005 → 加群成功
2022-06-25 18:22:24 → 13602091690 → https://t.me/socks55555 → 加群失败：群组禁止访问
2022-06-25 18:22:35 → 13609178317 → https://t.me/TG_King90 → 加群成功
2022-06-25 18:22:55 → 13526232045 → https://t.me/olddriverhui → 加群成功
2022-06-25 18:23:09 → 13607433057 → https://t.me/binance_api_chinese → 加群成功
2022-06-25 18:23:23 → 13526166754 → https://t.me/dibaihrg009 → 加群成功
2022-06-25 18:23:37 → 13526128355 → https://t.me/tokaucn → 加群成功
2022-06-25 18:23:51 → 13606858594 → https://t.me/universityalliance → 加群成功
2022-06-25 18:24:07 → 13607175467 → https://t.me/huihui220 → 加群成功
2022-06-25 18:24:21 → 13607951438 → https://t.me/DIP9188 → 加群成功
2022-06-25 18:24:35 → 13479901723 → https://t.me/myanmarcn → 加群成功
2022-06-25 18:24:51 → 13602091690 → https://t.me/GouTuiClub → 加群成功
2022-06-25 18:25:07 → 13606658573 → https://t.me/xysbbs → 加群成功
2022-06-25 18:25:21 → 13602158254 → https://t.me/chlmzy → 加群成功
2022-06-25 18:25:35 → 13607173732 → https://t.me/USTCtg → 加群成功
2022-06-25 18:25:48 → 13608377628 → https://t.me/www589qkcom → 加群成功
2022-06-25 18:26:02 → 13526420263 → https://t.me/haojing168 → 加群成功
2022-06-25 18:26:17 → 13609178317 → https://t.me/usdthuihuan → 加群成功
2022-06-25 18:26:46 → 13603618895 → https://t.me/dibai918 → 加群成功
2022-06-25 18:27:00 → 13479803524 → https://t.me/zb_support → 加群成功
2022-06-25 18:27:14 → 13606027981 → https://t.me/paofen55 → 加群失败：No user has "paofen55" as username
2022-06-25 18:27:25 → 13608891691 → https://t.me/hoogroupchinese → 加群成功
2022-06-25 18:27:38 → 13607498791 → https://t.me/dyjiaoliu → 加群成功
2022-06-25 18:27:52 → 13602182438 → https://t.me/usdtm → 加群成功
2022-06-25 18:28:06 → 13479801129 → https://t.me/duanxin2008 → 加群成功
2022-06-25 18:28:20 → 13527291197 → https://t.me/tg96110 → 加群成功
2022-06-25 18:28:33 → 13608892420 → https://t.me/usdtdfds → 加群成功
2022-06-25 18:29:08 → 13607175467 → https://t.me/binancechinese → 加群成功
2022-06-25 18:29:22 → 13606858594 → https://t.me/haojiyou → 加群成功
2022-06-25 18:29:38 → 13526166754 → https://t.me/mihuzahuopu → 加群成功
2022-06-25 18:29:52 → 13603618895 → https://t.me/yuehui8 → 加群成功
2022-06-25 18:30:06 → 13479801129 → https://t.me/xianliao01 → 加群成功
2022-06-25 18:30:20 → 13602091690 → https://t.me/heyuedashen1 → 加群成功
2022-06-25 18:30:34 → 13526420263 → https://t.me/cyj1188 → 加群成功
2022-06-25 18:30:48 → 13608892420 → https://t.me/kavachinese → 加群成功
2022-06-25 18:31:02 → 13526232045 → https://t.me/daishou44 → 加群成功
2022-06-25 18:31:16 → 13526128355 → https://t.me/dockertutorial → 加群失败：RPCError 400: INVITE_REQUEST_SENT (caused by JoinChannelRequest)
2022-06-25 18:31:28 → 13608891691 → https://t.me/a1313652 → 加群成功
2022-06-25 18:31:42 → 13602182438 → https://t.me/dfsdaeaw → 加群失败：Nobody is using this username, or the username is unacceptable. If the latter, it must match r"[a-zA-Z][\w\d]{3,30}[a-zA-Z\d]" (caused by ResolveUsernameRequest)
2022-06-25 18:31:53 → 13608377628 → https://t.me/chaxun2020 → 加群失败：No user has "chaxun2020" as username
2022-06-25 18:32:04 → 13607173732 → https://t.me/szhkfun → 加群成功
2022-06-25 18:32:18 → 13606658573 → https://t.me/tfwzclz → 加群成功
2022-06-25 18:32:47 → 13527291197 → https://t.me/fg528 → 加群成功
2022-06-25 18:33:01 → 13609178317 → https://t.me/juliang666 → 加群成功
2022-06-25 18:33:15 → 13479803524 → https://t.me/tg0799 → 加群成功
2022-06-25 18:33:29 → 13602158254 → https://t.me/olddrivergd → 加群成功
2022-06-25 18:33:43 → 13607951438 → https://t.me/sq577 → 加群成功
2022-06-25 18:33:57 → 13606027981 → https://t.me/YYL001 → 加群成功
2022-06-25 18:34:11 → 13607433057 → https://t.me/tg8848community → 加群成功
2022-06-25 18:34:25 → 13479901723 → https://t.me/TG110 → 加群成功
2022-06-25 18:34:39 → 13607498791 → https://t.me/esmascript6 → 加群成功
2022-06-25 18:34:59 → 13606658573 → https://t.me/qht888 → 加群失败：Nobody is using this username, or the username is unacceptable. If the latter, it must match r"[a-zA-Z][\w\d]{3,30}[a-zA-Z\d]" (caused by ResolveUsernameRequest)
2022-06-25 18:35:11 → 13602091690 → https://t.me/qqlsj → 加群成功
2022-06-25 18:35:25 → 13607173732 → https://t.me/DBhuaren1 → 加群成功
2022-06-25 18:35:38 → 13602182438 → https://t.me/NodeGlobal → 加群成功
2022-06-25 18:35:52 → 13606858594 → https://t.me/hwhrbbs → 加群成功
2022-06-25 18:36:06 → 13607433057 → https://t.me/btokofficial_03 → 加群成功
2022-06-25 18:36:20 → 13479901723 → https://t.me/BinanceChinese → 加群成功
2022-06-25 18:36:34 → 13526420263 → https://t.me/xvswens → 加群成功
2022-06-25 18:36:48 → 13607951438 → https://t.me/tg328 → 加群失败：群组禁止访问
2022-06-25 18:36:59 → 13479801129 → https://t.me/monstainfinitechinese → 加群成功
2022-06-25 18:37:13 → 13526232045 → https://t.me/frontend_talk → 加群成功
2022-06-25 18:37:29 → 13608377628 → https://t.me/tg108 → 加群成功
2022-06-25 18:37:43 → 13609178317 → https://t.me/fluxdefi → 加群成功
2022-06-25 18:37:57 → 13526128355 → https://t.me/diyidaifu → 加群成功
2022-06-25 18:38:11 → 13526166754 → https://t.me/otcfl → 加群成功
2022-06-25 18:38:25 → 13602158254 → https://t.me/officelearner → 加群成功
2022-06-25 18:38:41 → 13479803524 → https://t.me/tg_88888 → 加群成功
2022-06-25 18:38:55 → 13603618895 → https://t.me/avnrichchinese_chat → 加群成功
2022-06-25 18:39:09 → 13607498791 → https://t.me/xingbi0088 → 加群成功
2022-06-25 18:39:22 → 13607175467 → https://t.me/fw866 → 加群成功
2022-06-25 18:39:36 → 13608891691 → https://t.me/wangzhuanusdt → 加群成功
2022-06-25 18:39:50 → 13608892420 → https://t.me/TG188188 → 加群成功
2022-06-25 18:40:04 → 13606027981 → https://t.me/lasihaima266 → 加群成功
2022-06-25 18:40:18 → 13527291197 → https://t.me/PHMAKA107 → 加群成功
2022-06-25 18:40:38 → 13526420263 → https://t.me/tiandeng88 → 加群成功
2022-06-25 18:40:52 → 13526232045 → https://t.me/bdzycom → 加群成功
2022-06-25 18:41:06 → 13607433057 → https://t.me/lbank_cn → 加群成功
2022-06-25 18:41:20 → 13479901723 → https://t.me/Shore999888 → 加群成功
2022-06-25 18:41:34 → 13603618895 → https://t.me/tg858 → 加群失败：No user has "tg858" as username
2022-06-25 18:41:45 → 13526166754 → https://t.me/xmsji → 加群成功
2022-06-25 18:41:59 → 13607498791 → https://t.me/ydsj1 → 加群成功
2022-06-25 18:42:12 → 13609178317 → https://t.me/MDhuaren1 → 加群成功
2022-06-25 18:42:26 → 13607951438 → https://t.me/mla9999 → 加群成功
2022-06-25 18:42:40 → 13602158254 → https://t.me/tgzhcn → 加群成功
2022-06-25 18:42:54 → 13527291197 → https://t.me/xcarnival_chinese → 加群成功
2022-06-25 18:43:08 → 13608891691 → https://t.me/olddrivercd → 加群成功
2022-06-25 18:43:21 → 13606027981 → https://t.me/sakura_cloud → 加群成功
2022-06-25 18:43:35 → 13607173732 → https://t.me/expressnode → 加群成功
2022-06-25 18:43:51 → 13479801129 → https://t.me/ml520 → 加群成功
2022-06-25 18:44:05 → 13608377628 → https://t.me/sanfang53 → 加群成功
2022-06-25 18:44:19 → 13602182438 → https://t.me/beiluochat → 加群成功
2022-06-25 18:44:33 → 13526128355 → https://t.me/tghc1 → 加群成功
2022-06-25 18:44:47 → 13602091690 → https://t.me/aofexcn → 加群成功
2022-06-25 18:45:01 → 13608892420 → https://t.me/FQ3P3 → 加群成功
2022-06-25 18:45:15 → 13606858594 → https://t.me/pionexcn → 加群成功
2022-06-25 18:45:28 → 13479803524 → https://t.me/ussyu → 加群成功
2022-06-25 18:45:42 → 13607175467 → https://t.me/tg6198 → 加群成功
2022-06-25 18:45:56 → 13606658573 → https://t.me/weikang2020 → 加群成功
2022-06-25 18:46:17 → 13602091690 → https://t.me/kaihesoft → 加群成功
2022-06-25 18:46:31 → 13479901723 → https://t.me/HTCOLV → 加群成功
2022-06-25 18:46:45 → 13607433057 → https://t.me/qxinw → 加群成功
2022-06-25 18:46:59 → 13479803524 → https://t.me/justmysockscn → 加群成功
2022-06-25 18:47:15 → 13608892420 → https://t.me/laoyingchuhai8 → 加群成功
2022-06-25 18:47:29 → 13608891691 → https://t.me/liaobshe → 加群成功
2022-06-25 18:47:42 → 13602158254 → https://t.me/btc_chinese → 加群成功
2022-06-25 18:47:56 → 13606658573 → https://t.me/yuantoushuju4 → 加群成功
2022-06-25 18:48:10 → 13526166754 → https://t.me/xjltq → 加群成功
2022-06-25 18:48:23 → 13608377628 → https://t.me/dubaiqq918 → 加群成功
2022-06-25 18:48:37 → 13526420263 → https://t.me/ys52111 → 加群成功
2022-06-25 18:48:51 → 13606858594 → https://t.me/shore999888 → 加群成功
2022-06-25 18:49:04 → 13609178317 → https://t.me/az123818 → 加群成功
2022-06-25 18:49:18 → 13606027981 → https://t.me/qingroup → 加群成功
2022-06-25 18:49:32 → 13527291197 → https://t.me/homeassiant666 → 加群成功
2022-06-25 18:49:46 → 13603618895 → https://t.me/doxchina → 加群失败：No user has "doxchina" as username
2022-06-25 18:49:57 → 13479801129 → https://t.me/tuishouLL01 → 加群成功
2022-06-25 18:50:11 → 13607175467 → https://t.me/CvvinternalOrganization → 加群成功
2022-06-25 18:50:27 → 13602182438 → https://t.me/BIYONGOfficial0015 → 加群成功
2022-06-25 18:50:41 → 13526128355 → https://t.me/zfb_qq → 加群成功
2022-06-25 18:50:55 → 13526232045 → https://t.me/server699 → 加群成功
2022-06-25 18:51:09 → 13607173732 → https://t.me/usdt43 → 加群成功
2022-06-25 18:51:23 → 13607951438 → https://t.me/bitcoin_cn → 加群成功
2022-06-25 18:51:37 → 13607498791 → https://t.me/cccccccxyyy → 加群成功
2022-06-25 18:51:57 → 13602158254 → https://t.me/v2rayn → 加群成功
2022-06-25 18:52:11 → 13606858594 → https://t.me/myfreevpn → 加群成功
2022-06-25 18:52:25 → 13527291197 → https://t.me/kmfw56789 → 加群成功
2022-06-25 18:52:39 → 13606658573 → https://t.me/pingan66shop → 加群成功
2022-06-25 18:52:53 → 13608377628 → https://t.me/gz3388 → 加群成功
2022-06-25 18:53:09 → 13607433057 → https://t.me/BinancePoolChinese → 加群成功
2022-06-25 18:53:23 → 13607498791 → https://t.me/ColaChina → 加群成功
2022-06-25 18:53:36 → 13607175467 → https://t.me/fastfish2 → 加群成功
2022-06-25 18:53:50 → 13479801129 → https://t.me/hgmhxz → 加群成功
2022-06-25 18:54:04 → 13526166754 → https://t.me/zn88666 → 加群成功
2022-06-25 18:54:18 → 13602091690 → https://t.me/tgyhzq → 加群成功
2022-06-25 18:54:32 → 13479901723 → https://t.me/wwxcxinting → 加群成功
2022-06-25 18:54:46 → 13526420263 → https://t.me/cndumpschat → 加群失败：Nobody is using this username, or the username is unacceptable. If the latter, it must match r"[a-zA-Z][\w\d]{3,30}[a-zA-Z\d]" (caused by ResolveUsernameRequest)
2022-06-25 18:54:57 → 13526128355 → https://t.me/tgdibai168 → 加群成功
2022-06-25 18:55:11 → 13526232045 → https://t.me/programertalk → 加群成功
2022-06-25 18:55:25 → 13607173732 → https://t.me/BKEXChinese → 加群成功
2022-06-25 18:55:39 → 13608892420 → https://t.me/MDhuaren1 → 加群成功
2022-06-25 18:55:53 → 13608891691 → https://t.me/huobiglobal_zw → 加群成功
2022-06-25 18:56:07 → 13603618895 → https://t.me/daishuvpn → 加群成功
2022-06-25 18:56:21 → 13479803524 → https://t.me/huione888 → 加群成功
2022-06-25 18:56:34 → 13609178317 → https://t.me/ColaChina → 加群成功
2022-06-25 18:56:47 → 13602182438 → https://t.me/TG006 → 加群成功
2022-06-25 18:57:01 → 13607951438 → https://t.me/danbao96 → 加群成功
2022-06-25 18:57:15 → 13606027981 → https://t.me/zhongwen6 → 加群成功
2022-06-25 18:57:36 → 13608377628 → https://t.me/liuxingsq → 加群成功
2022-06-25 18:57:50 → 13602182438 → https://t.me/usdthuzhu3 → 加群成功
2022-06-25 18:58:04 → 13602158254 → https://t.me/db_lm → 加群成功
2022-06-25 18:58:18 → 13479801129 → https://t.me/yyl001 → 加群成功
2022-06-25 18:58:32 → 13479901723 → https://t.me/tronnetworkcn → 加群成功
2022-06-25 18:58:46 → 13607173732 → https://t.me/paofen1688 → 加群成功
2022-06-25 18:59:00 → 13526166754 → https://t.me/nbydxyk1 → 加群成功
2022-06-25 18:59:14 → 13527291197 → https://t.me/lkdxqf88 → 加群成功
2022-06-25 18:59:28 → 13526420263 → https://t.me/jianpuzai777 → 加群成功
2022-06-25 18:59:44 → 13479803524 → https://t.me/network50_chat → 加群成功
2022-06-25 18:59:58 → 13608891691 → https://t.me/polkadotzh → 加群成功
2022-06-25 19:00:12 → 13603618895 → https://t.me/BKEXChinese → 加群成功
2022-06-25 19:00:25 → 13606027981 → https://t.me/faka58 → 加群成功
2022-06-25 19:00:39 → 13526128355 → https://t.me/xxup1121 → 加群成功
2022-06-25 19:00:53 → 13608892420 → https://t.me/qqxgqq → 加群成功
2022-06-25 19:01:07 → 13607175467 → https://t.me/bcweb → 加群成功
2022-06-25 19:01:21 → 13607951438 → https://t.me/paofen315 → 加群成功
2022-06-25 19:01:35 → 13607498791 → https://t.me/yuantoushuju5 → 加群成功
2022-06-25 19:01:50 → 13609178317 → https://t.me/TGhuaren1 → 加群成功
2022-06-25 19:02:04 → 13526232045 → https://t.me/yueaijilu → 加群成功
2022-06-25 19:02:18 → 13606858594 → https://t.me/xbdb01 → 加群成功
2022-06-25 19:02:32 → 13602091690 → https://t.me/gboxtg → 加群成功
2022-06-25 19:02:46 → 13607433057 → https://t.me/bzzone → 加群成功
2022-06-25 19:03:00 → 13606658573 → https://t.me/bandwagonhostgroup → 加群成功
2022-06-25 19:03:21 → 13607498791 → https://t.me/pshqo → 加群成功
2022-06-25 19:03:35 → 13609178317 → https://t.me/huanqian35 → 加群成功
2022-06-25 19:04:04 → 13606658573 → https://t.me/tg148 → 加群成功
2022-06-25 19:04:18 → 13607433057 → https://t.me/HLS0002 → 加群成功
2022-06-25 19:04:32 → 13606027981 → https://t.me/hi628 → 加群成功
2022-06-25 19:04:48 → 13602158254 → https://t.me/paofenht → 加群成功
2022-06-25 19:05:02 → 13602182438 → https://t.me/dijia02 → 加群成功
2022-06-25 19:05:16 → 13526232045 → https://t.me/ak99yunmlsxfgds → 加群成功
2022-06-25 19:05:32 → 13608892420 → https://t.me/zhuhai9 → 加群成功
2022-06-25 19:05:48 → 13526128355 → https://t.me/wubuxianjingziyuan → 加群失败：群组禁止访问
2022-06-25 19:05:59 → 13606858594 → https://t.me/india_moneypay → 加群成功
2022-06-25 19:06:12 → 13607951438 → https://t.me/readerbeta → 加群成功
2022-06-25 19:06:26 → 13602091690 → https://t.me/bz8822 → 加群成功
2022-06-25 19:06:43 → 13479801129 → https://t.me/tongdao25 → 加群成功
2022-06-25 19:06:56 → 13607175467 → https://t.me/goutui → 加群成功
2022-06-25 19:07:12 → 13526420263 → https://t.me/wz513064 → 加群成功
2022-06-25 19:07:25 → 13607173732 → https://t.me/aomenliuhe88 → 加群成功
2022-06-25 19:07:38 → 13526166754 → https://t.me/wy173 → 加群成功
2022-06-25 19:07:52 → 13603618895 → https://t.me/tg_king80 → 加群成功
2022-06-25 19:08:06 → 13608377628 → https://t.me/dibaifa → 加群成功
2022-06-25 19:08:20 → 13479803524 → https://t.me/btokcn_0014 → 加群成功
2022-06-25 19:08:34 → 13608891691 → https://t.me/chaoxi → 加群成功
2022-06-25 19:08:50 → 13527291197 → https://t.me/hzaxx → 加群成功
2022-06-25 19:09:04 → 13479901723 → https://t.me/binzhouqun → 加群成功
2022-06-25 19:09:25 → 13608377628 → https://t.me/kkkttt369 → 加群成功
2022-06-25 19:09:38 → 13608891691 → https://t.me/australiasydneychat → 加群成功
2022-06-25 19:09:52 → 13607175467 → https://t.me/paofen33 → 加群成功
2022-06-25 19:10:07 → 13526420263 → https://t.me/akkcloud → 加群成功
2022-06-25 19:10:21 → 13606858594 → https://t.me/xianliao01 → 加群成功
2022-06-25 19:10:35 → 13603618895 → https://t.me/fhaak8 → 加群成功
2022-06-25 19:10:49 → 13526166754 → https://t.me/Fkzy_Group → 加群成功
2022-06-25 19:11:03 → 13602158254 → https://t.me/gdsjq → 加群成功
2022-06-25 19:11:17 → 13606027981 → https://t.me/tg771 → 加群成功
2022-06-25 19:11:31 → 13602182438 → https://t.me/ftx_chinese_official → 加群成功
2022-06-25 19:11:45 → 13479801129 → https://t.me/jiamidi → 加群成功
2022-06-25 19:12:01 → 13608892420 → https://t.me/daifu76 → 加群成功
2022-06-25 19:12:14 → 13607433057 → https://t.me/cambodiacn → 加群成功
2022-06-25 19:12:30 → 13607498791 → https://t.me/guangdongyue → 加群成功
2022-06-25 19:12:44 → 13527291197 → https://t.me/kx360 → 加群成功
2022-06-25 19:12:58 → 13607173732 → https://t.me/xmarspace → 加群成功
2022-06-25 19:13:12 → 13479803524 → https://t.me/zscd1 → 加群成功
2022-06-25 19:13:26 → 13609178317 → https://t.me/xuanchengolddriver → 加群成功
2022-06-25 19:13:40 → 13526232045 → https://t.me/liang1112233 → 加群成功
2022-06-25 19:13:54 → 13607951438 → https://t.me/mljlq → 加群成功
2022-06-25 19:14:08 → 13479901723 → https://t.me/flea66 → 加群成功
2022-06-25 19:14:22 → 13526128355 → https://t.me/bitcoindfds → 加群成功
2022-06-25 19:14:36 → 13602091690 → https://t.me/huichan_com_grp → 加群成功
2022-06-25 19:14:50 → 13606658573 → https://t.me/BikingChineseGroup → 加群成功
2022-06-25 19:15:09 → 13602158254 → https://t.me/shuju888666 → 加群成功
2022-06-25 19:15:23 → 13606027981 → https://t.me/TG55555555555 → 加群成功
2022-06-25 19:15:37 → 13606658573 → https://t.me/TG0188 → 加群成功
2022-06-25 19:15:51 → 13527291197 → https://t.me/dibaicn → 加群成功
2022-06-25 19:16:07 → 13607433057 → https://t.me/P541888888 → 加群成功
2022-06-25 19:16:20 → 13608892420 → https://t.me/xxg863 → 加群成功
2022-06-25 19:16:34 → 13609178317 → https://t.me/caoji565 → 加群成功
2022-06-25 19:16:48 → 13607951438 → https://t.me/si1688 → 加群成功
2022-06-25 19:17:02 → 13608377628 → https://t.me/TGlianmeng002 → 加群成功
2022-06-25 19:17:16 → 13479803524 → https://t.me/trj_shore001 → 加群成功
2022-06-25 19:17:30 → 13607498791 → https://t.me/jfoisjfiodvfd → 加群成功
2022-06-25 19:17:44 → 13603618895 → https://t.me/pfwcn → 加群成功
2022-06-25 19:17:58 → 13608891691 → https://t.me/tglianmeng002 → 加群成功
2022-06-25 19:18:12 → 13602182438 → https://t.me/tg006 → 加群成功
2022-06-25 19:18:25 → 13526166754 → https://t.me/bohrwebc → 加群成功
2022-06-25 19:18:39 → 13607175467 → https://t.me/gdr666 → 加群失败：Cannot cast InputPeerUser to any kind of InputChannel.
2022-06-25 19:18:50 → 13606858594 → https://t.me/btokcn_0016 → 加群成功
2022-06-25 19:19:04 → 13526128355 → https://t.me/tg166 → 加群成功
2022-06-25 19:19:18 → 13479901723 → https://t.me/TG6766 → 加群成功
2022-06-25 19:19:32 → 13602091690 → https://t.me/appssweepstakes → 加群成功
2022-06-25 19:19:48 → 13526232045 → https://t.me/AlipayJiFu → 加群成功
2022-06-25 19:20:02 → 13607173732 → https://t.me/BinancePoolChinese → 加群成功
2022-06-25 19:20:16 → 13479801129 → https://t.me/hi_Official_Chinese → 加群成功
2022-06-25 19:20:30 → 13526420263 → https://t.me/pingan66chadang → 加群成功
2022-06-25 19:20:51 → 13608377628 → https://t.me/yuanyuzhou8 → 加群成功
2022-06-25 19:21:04 → 13602091690 → https://t.me/bailaohui_cvv → 加群成功
2022-06-25 19:21:18 → 13606858594 → https://t.me/dayofdefeatcn → 加群成功
2022-06-25 19:21:32 → 13609178317 → https://t.me/ytzx2 → 加群成功
2022-06-25 19:21:46 → 13607173732 → https://t.me/zzlsjbyq → 加群成功
2022-06-25 19:22:00 → 13603618895 → https://t.me/raicoincn → 加群成功
2022-06-25 19:22:14 → 13526166754 → https://t.me/iClubHouse → 加群成功
2022-06-25 19:22:30 → 13607498791 → https://t.me/ai699 → 加群成功
2022-06-25 19:22:44 → 13608891691 → https://t.me/huaao1 → 加群成功
2022-06-25 19:22:58 → 13526420263 → https://t.me/WKLhuaren → 加群成功
2022-06-25 19:23:11 → 13479803524 → https://t.me/OKXGroup_CN → 加群成功
2022-06-25 19:23:25 → 13527291197 → https://t.me/qwerdt1 → 加群成功
2022-06-25 19:23:39 → 13479801129 → https://t.me/fw992 → 加群成功
2022-06-25 19:23:53 → 13608892420 → https://t.me/pcptm → 加群成功
2022-06-25 19:24:07 → 13606027981 → https://t.me/hwdbq → 加群成功
2022-06-25 19:24:21 → 13607951438 → https://t.me/olddriver_gd → 加群成功
2022-06-25 19:24:34 → 13526232045 → https://t.me/KavaChinese → 加群成功
2022-06-25 19:24:48 → 13607175467 → https://t.me/se_talk → 加群成功
2022-06-25 19:25:02 → 13602158254 → https://t.me/olddriver_cdu → 加群成功
2022-06-25 19:25:16 → 13526128355 → https://t.me/Sz1888 → 加群成功
2022-06-25 19:25:30 → 13602182438 → https://t.me/tg088 → 加群成功
2022-06-25 19:25:43 → 13607433057 → https://t.me/dibai778899 → 加群成功
2022-06-25 19:25:57 → 13606658573 → https://t.me/b12306 → 加群成功
2022-06-25 19:26:11 → 13479901723 → https://t.me/ccv348 → 加群成功
2022-06-25 19:26:32 → 13607498791 → https://t.me/im0471 → 加群成功
2022-06-25 19:26:45 → 13602182438 → https://t.me/cdshouchang4 → 加群成功
2022-06-25 19:26:59 → 13479803524 → https://t.me/kachahu → 加群成功
2022-06-25 19:27:14 → 13526128355 → https://t.me/saltyleo_blog → 加群成功
2022-06-25 19:27:28 → 13479801129 → https://t.me/qipaipan54 → 加群成功
2022-06-25 19:27:42 → 13527291197 → https://t.me/light_up_comm → 加群成功
2022-06-25 19:27:58 → 13602158254 → https://t.me/fhlmteam → 加群成功
2022-06-25 19:28:12 → 13608892420 → https://t.me/x00008 → 加群成功
2022-06-25 19:28:26 → 13606858594 → https://t.me/MDhuaren1 → 加群成功
2022-06-25 19:28:39 → 13607173732 → https://t.me/hunantg → 加群成功
2022-06-25 19:28:55 → 13608377628 → https://t.me/fwbzy → 加群成功
2022-06-25 19:29:09 → 13526166754 → https://t.me/lhc168 → 加群成功
2022-06-25 19:29:22 → 13526232045 → https://t.me/iampua → 加群成功
2022-06-25 19:29:36 → 13602091690 → https://t.me/DBhuaren1 → 加群成功
2022-06-25 19:29:50 → 13479901723 → https://t.me/zhongshandidi → 加群成功
2022-06-25 19:30:04 → 13607433057 → https://t.me/galaxyheroescn → 加群成功
2022-06-25 19:30:18 → 13608891691 → https://t.me/zeronetzh → 加群成功
2022-06-25 19:30:32 → 13526420263 → https://t.me/goutui1113 → 加群成功
2022-06-25 19:30:46 → 13607951438 → https://t.me/zhifubaojiefeng → 加群成功
2022-06-25 19:31:00 → 13606658573 → https://t.me/dhjlq → 加群成功
2022-06-25 19:31:14 → 13606027981 → https://t.me/a_k_3a → 加群成功
2022-06-25 19:31:28 → 13607175467 → https://t.me/baocai217 → 加群成功
2022-06-25 19:31:42 → 13603618895 → https://t.me/qianmin → 加群成功
2022-06-25 19:31:56 → 13609178317 → https://t.me/gm0008 → 加群成功
2022-06-25 19:32:16 → 13607498791 → https://t.me/WKLhuaren → 加群成功
2022-06-25 19:32:30 → 13526166754 → https://t.me/bkexchinese → 加群成功
2022-06-25 19:32:43 → 13606027981 → https://t.me/feihelp → 加群成功
2022-06-25 19:32:57 → 13602182438 → https://t.me/lendhub → 加群成功
2022-06-25 19:33:11 → 13606658573 → https://t.me/tgdanbao000 → 加群成功
2022-06-25 19:33:25 → 13608891691 → https://t.me/botong002 → 加群成功
2022-06-25 19:33:38 → 13527291197 → https://t.me/shuju666886 → 加群失败：No user has "shuju666886" as username
2022-06-25 19:33:49 → 13606858594 → https://t.me/xjltq → 加群成功
2022-06-25 19:34:03 → 13607175467 → https://t.me/FHLMTEAM → 加群成功
2022-06-25 19:34:17 → 13602158254 → https://t.me/asiaweed → 加群成功
2022-06-25 19:34:31 → 13479803524 → https://t.me/quanqiushouhuo → 加群成功
2022-06-25 19:34:45 → 13609178317 → https://t.me/discussimmigration → 加群成功
2022-06-25 19:34:59 → 13526420263 → https://t.me/gaigangs → 加群成功
2022-06-25 19:35:13 → 13608892420 → https://t.me/TG907 → 加群成功
2022-06-25 19:35:27 → 13602091690 → https://t.me/olddriversh → 加群成功
2022-06-25 19:35:41 → 13479801129 → https://t.me/sichouzhilu0 → 加群成功
2022-06-25 19:35:55 → 13603618895 → https://t.me/TG006 → 加群成功
2022-06-25 19:36:09 → 13526232045 → https://t.me/A_K_3A → 加群成功
2022-06-25 19:36:22 → 13479901723 → https://t.me/blsq55 → 加群成功
2022-06-25 19:36:35 → 13607433057 → https://t.me/axujj → 加群成功
2022-06-25 19:36:49 → 13608377628 → https://t.me/tgdl128 → 加群成功
2022-06-25 19:37:03 → 13607951438 → https://t.me/guiyangpapa → 加群成功
2022-06-25 19:37:17 → 13607173732 → https://t.me/radiocacaasian → 加群成功
2022-06-25 19:37:31 → 13526128355 → https://t.me/bclm1 → 加群成功
2022-06-25 19:37:51 → 13527291197 → https://t.me/olddriver_fs → 加群成功
2022-06-25 19:38:05 → 13608891691 → https://t.me/feihuaph → 加群成功
2022-06-25 19:38:19 → 13608892420 → https://t.me/mf_group → 加群成功
2022-06-25 19:38:33 → 13607951438 → https://t.me/AlgorandFoundationCN → 加群成功
2022-06-25 19:38:47 → 13607433057 → https://t.me/zhenggui → 加群成功
2022-06-25 19:39:01 → 13479901723 → https://t.me/liuhedadui → 加群成功
2022-06-25 19:39:15 → 13606658573 → https://t.me/crxs778 → 加群成功
2022-06-25 19:39:29 → 13608377628 → https://t.me/Nst_WP → 加群成功
2022-06-25 23:25:27 → 13607173732 → https://t.me/ibox_official → 加群成功
2022-06-25 23:25:41 → 13606858594 → https://t.me/TG0188 → 加群成功
2022-06-25 23:25:55 → 13603618895 → https://t.me/gboxtg → 加群成功
2022-06-25 23:26:09 → 13606658573 → https://t.me/bohrwebc → 加群成功
2022-06-25 23:26:23 → 13602091690 → https://t.me/huizhouqun → 加群成功
2022-06-25 23:26:37 → 13608891691 → https://t.me/HTCOLV → 加群成功
2022-06-25 23:26:51 → 13606027981 → https://t.me/ftx_chinese_official → 加群成功
2022-06-25 23:27:05 → 13607951438 → https://t.me/server699 → 加群成功
2022-06-25 23:27:20 → 13607498791 → https://t.me/expressnode → 加群成功
2022-06-25 23:27:37 → 13479901723 → https://t.me/xbzijian → 加群成功
2022-06-25 23:27:52 → 13526232045 → https://t.me/deep3695 → 加群成功
2022-06-25 23:28:07 → 13607433057 → https://t.me/fwbzy → 加群成功
2022-06-25 23:28:20 → 13526128355 → https://t.me/baoaa → 加群成功
2022-06-25 23:28:34 → 13608892420 → https://t.me/cdshouchang4 → 加群成功
2022-06-25 23:28:48 → 13527291197 → https://t.me/seeyellow → 加群成功
2022-06-25 23:29:02 → 13609178317 → https://t.me/hunantg → 加群成功
2022-06-25 23:29:18 → 13479801129 → https://t.me/pshqo → 加群成功
2022-06-25 23:29:32 → 13526420263 → https://t.me/lkdxqf88 → 加群成功
2022-06-25 23:29:46 → 13602182438 → https://t.me/diyidaifu → 加群成功
2022-06-25 23:30:01 → 13608377628 → https://t.me/socks55555 → 加群成功
2022-06-25 23:30:15 → 13526166754 → https://t.me/php_group_cn → 加群成功
2022-06-25 23:30:31 → 13607175467 → https://t.me/Sz1888 → 加群成功
2022-06-25 23:30:45 → 13602158254 → https://t.me/im0471 → 加群成功
2022-06-25 23:30:59 → 13479803524 → https://t.me/allswapcn → 加群成功
2022-06-25 23:31:20 → 13608377628 → https://t.me/hzaxx → 加群成功
2022-06-25 23:31:34 → 13606658573 → https://t.me/quanqiushouhuo → 加群成功
2022-06-25 23:31:47 → 13602158254 → https://t.me/dhjlq → 加群成功
2022-06-25 23:32:01 → 13608892420 → https://t.me/ritalin51 → 加群失败：Nobody is using this username, or the username is unacceptable. If the latter, it must match r"[a-zA-Z][\w\d]{3,30}[a-zA-Z\d]" (caused by ResolveUsernameRequest)
2022-06-25 23:32:12 → 13526128355 → https://t.me/btokofficial_03 → 加群成功
2022-06-25 23:32:26 → 13607433057 → https://t.me/balance863 → 加群成功
2022-06-25 23:32:40 → 13603618895 → https://t.me/liang1112233 → 加群成功
2022-06-25 23:32:54 → 13609178317 → https://t.me/bitcoin_cn → 加群成功
2022-06-25 23:33:08 → 13607498791 → https://t.me/dayofdefeatcn → 加群成功
2022-06-25 23:33:22 → 13608891691 → https://t.me/dbjlq1 → 加群成功
2022-06-25 23:33:36 → 13526420263 → https://t.me/WKLhuaren → 加群成功
2022-06-25 23:33:49 → 13607175467 → https://t.me/bestvcommunity → 加群成功
2022-06-25 23:34:03 → 13602182438 → https://t.me/xianliao01 → 加群成功
2022-06-25 23:34:17 → 13602091690 → https://t.me/zhongwen6 → 加群成功
2022-06-25 23:34:31 → 13479801129 → https://t.me/officelearner → 加群成功
2022-06-25 23:34:45 → 13607951438 → https://t.me/fhaak8 → 加群成功
2022-06-25 23:34:59 → 13606858594 → https://t.me/yugzf → 加群成功
2022-06-25 23:35:13 → 13479901723 → https://t.me/xiaohao2018 → 加群成功
2022-06-25 23:35:27 → 13526166754 → https://t.me/jfoisjfiodvfd → 加群成功
2022-06-25 23:35:41 → 13607173732 → https://t.me/programertalk → 加群成功
2022-06-25 23:35:55 → 13526232045 → https://t.me/tg_88888 → 加群成功
2022-06-25 23:36:09 → 13479803524 → https://t.me/shuju888666 → 加群成功
2022-06-25 23:36:23 → 13527291197 → https://t.me/OKXGroup_CN → 加群成功
2022-06-25 23:36:37 → 13606027981 → https://t.me/paofen55 → 加群失败：No user has "paofen55" as username
2022-06-25 23:36:55 → 13606027981 → https://t.me/dibai12 → 加群成功
2022-06-25 23:37:08 → 13602091690 → https://t.me/BKEXChinese → 加群成功
2022-06-25 23:37:22 → 13526420263 → https://t.me/xmsji → 加群成功
2022-06-25 23:37:36 → 13479801129 → https://t.me/aomenliuhe88 → 加群成功
2022-06-25 23:37:50 → 13607173732 → https://t.me/shcpco → 加群成功
2022-06-25 23:38:04 → 13479803524 → https://t.me/bkexchinese → 加群成功
2022-06-25 23:38:18 → 13526232045 → https://t.me/yidaoshou2 → 加群成功
2022-06-25 23:38:32 → 13602182438 → https://t.me/TG55555555555 → 加群成功
2022-06-25 23:38:47 → 13479901723 → https://t.me/Gm0008 → 加群成功
2022-06-25 23:39:00 → 13607175467 → https://t.me/tsdb01 → 加群成功
2022-06-25 23:39:14 → 13607951438 → https://t.me/cambodiacn → 加群成功
2022-06-25 23:39:30 → 13606658573 → https://t.me/xxup1121 → 加群成功
2022-06-25 23:39:44 → 13607433057 → https://t.me/x00008 → 加群成功
2022-06-25 23:39:58 → 13602158254 → https://t.me/pingan66shop → 加群成功
2022-06-25 23:40:12 → 13608891691 → https://t.me/dyjiaoliu → 加群成功
2022-06-25 23:40:26 → 13608892420 → https://t.me/australiasydneychat → 加群成功
2022-06-25 23:40:41 → 13607498791 → https://t.me/readerbeta → 加群成功
2022-06-25 23:40:54 → 13603618895 → https://t.me/doge88 → 加群成功
2022-06-25 23:41:08 → 13606858594 → https://t.me/danbao96 → 加群成功
2022-06-25 23:41:38 → 13526128355 → https://t.me/weikang2020 → 加群成功
2022-06-25 23:41:51 → 13526166754 → https://t.me/hi_Official_Chinese → 加群成功
2022-06-25 23:42:05 → 13608377628 → https://t.me/tfwzclz → 加群成功
2022-06-25 23:42:18 → 13527291197 → https://t.me/tongdao25 → 加群成功
2022-06-25 23:42:47 → 13609178317 → https://t.me/tg8848community → 加群成功
2022-06-25 23:43:08 → 13479901723 → https://t.me/liuxingsq → 加群成功
2022-06-25 23:43:22 → 13607951438 → https://t.me/qht888 → 加群失败：Nobody is using this username, or the username is unacceptable. If the latter, it must match r"[a-zA-Z][\w\d]{3,30}[a-zA-Z\d]" (caused by ResolveUsernameRequest)
2022-06-25 23:43:33 → 13608891691 → https://t.me/btokcn_0016 → 加群成功
2022-06-25 23:43:47 → 13526232045 → https://t.me/Zoey052697 → 加群成功
2022-06-25 23:44:01 → 13602182438 → https://t.me/bz8822 → 加群成功
2022-06-25 23:44:17 → 13526166754 → https://t.me/a1313652 → 加群成功
2022-06-25 23:44:31 → 13526420263 → https://t.me/appssweepstakes → 加群成功
2022-06-25 23:44:47 → 13608892420 → https://t.me/monstainfinitechinese → 加群成功
2022-06-25 23:45:01 → 13526128355 → https://t.me/xinbi_088 → 加群成功
2022-06-25 23:45:15 → 13607498791 → https://t.me/xianliao01 → 加群成功
2022-06-25 23:45:29 → 13606658573 → https://t.me/liaobshe → 加群成功
2022-06-25 23:45:42 → 13602091690 → https://t.me/html66 → 加群成功
2022-06-25 23:45:56 → 13609178317 → https://t.me/BinanceChinese → 加群成功
2022-06-25 23:46:11 → 13608377628 → https://t.me/cn_talk → 加群成功
2022-06-25 23:46:24 → 13603618895 → https://t.me/A_K_3A → 加群成功
2022-06-25 23:46:38 → 13527291197 → https://t.me/mingmen520 → 加群成功
2022-06-25 23:46:52 → 13602158254 → https://t.me/dibaihrg009 → 加群成功
2022-06-25 23:47:06 → 13607433057 → https://t.me/fhlmteam → 加群成功
2022-06-25 23:47:20 → 13607175467 → https://t.me/hgmhxz → 加群失败：群组禁止访问
2022-06-25 23:47:32 → 13607173732 → https://t.me/huiguophp → 加群成功
2022-06-25 23:47:45 → 13606858594 → https://t.me/lasihaima266 → 加群成功
2022-06-25 23:47:58 → 13606027981 → https://t.me/xingbi0088 → 加群成功
2022-06-25 23:48:13 → 13479803524 → https://t.me/TG110 → 加群成功
2022-06-25 23:48:26 → 13479801129 → https://t.me/shell66666 → 加群成功
2022-06-25 23:48:47 → 13479901723 → https://t.me/chatssr → 加群成功
2022-06-25 23:49:02 → 13607173732 → https://t.me/btokcn_0014 → 加群成功
2022-06-25 23:49:16 → 13607175467 → https://t.me/xjltq → 加群成功
2022-06-25 23:49:30 → 13608377628 → https://t.me/beiluochat → 加群成功
2022-06-25 23:49:44 → 13602182438 → https://t.me/tg328 → 加群成功
2022-06-25 23:49:58 → 13526420263 → https://t.me/tuishouLL01 → 加群成功
2022-06-25 23:50:13 → 13606658573 → https://t.me/iampua → 加群成功
2022-06-25 23:50:26 → 13603618895 → https://t.me/BKEXChinese → 加群成功
2022-06-25 23:50:39 → 13526128355 → https://t.me/KavaChinese → 加群成功
2022-06-25 23:50:53 → 13527291197 → https://t.me/hwhrbbs → 加群成功
2022-06-25 23:51:07 → 13607498791 → https://t.me/zb_support → 加群成功
2022-06-25 23:51:21 → 13602158254 → https://t.me/qipaipan54 → 加群成功
2022-06-25 23:51:35 → 13526166754 → https://t.me/tcelue1 → 加群成功
2022-06-25 23:51:48 → 13526232045 → https://t.me/wwxcxinting → 加群成功
2022-06-25 23:52:02 → 13609178317 → https://t.me/MDhuaren1 → 加群成功
2022-06-25 23:52:15 → 13479801129 → https://t.me/HLS0002 → 加群成功
2022-06-25 23:52:30 → 13607433057 → https://t.me/laowangdan → 加群成功
2022-06-25 23:52:43 → 13602091690 → https://t.me/daishuvpn → 加群成功
2022-06-25 23:52:57 → 13606027981 → https://t.me/tronnetworkcn → 加群成功
2022-06-25 23:53:12 → 13608891691 → https://t.me/yamzcunziyuanduij → 加群成功
2022-06-25 23:53:25 → 13608892420 → https://t.me/binzhouqun → 加群成功
2022-06-25 23:53:40 → 13607951438 → https://t.me/BinancePoolChinese → 加群成功
2022-06-25 23:53:53 → 13606858594 → https://t.me/mla9999 → 加群成功
2022-06-25 23:54:06 → 13479803524 → https://t.me/guangdongyue → 加群成功
2022-06-25 23:54:25 → 13607433057 → https://t.me/yuantoushuju5 → 加群成功
2022-06-25 23:54:39 → 13607173732 → https://t.me/homeassiant666 → 加群成功
2022-06-25 23:54:53 → 13602182438 → https://t.me/xuanchengolddriver → 加群成功
2022-06-25 23:55:06 → 13479803524 → https://t.me/cndumpschat → 加群失败：Nobody is using this username, or the username is unacceptable. If the latter, it must match r"[a-zA-Z][\w\d]{3,30}[a-zA-Z\d]" (caused by ResolveUsernameRequest)
2022-06-25 23:55:17 → 13607951438 → https://t.me/AlipayJiFu → 加群成功
2022-06-25 23:55:30 → 13526166754 → https://t.me/mljlq → 加群成功
2022-06-25 23:55:43 → 13479901723 → https://t.me/baocai217 → 加群成功
2022-06-25 23:55:57 → 13608892420 → https://t.me/qqlsj → 加群成功
2022-06-25 23:56:10 → 13609178317 → https://t.me/sichouzhilu0 → 加群成功
2022-06-25 23:56:23 → 13602158254 → https://t.me/gaigangs → 加群成功
2022-06-25 23:56:36 → 13606027981 → https://t.me/kmfw56789 → 加群成功
2022-06-25 23:56:49 → 13606858594 → https://t.me/btc_chinese → 加群成功
2022-06-25 23:57:03 → 13526232045 → https://t.me/chaoxi → 加群成功
2022-06-25 23:57:18 → 13607175467 → https://t.me/feihelp → 加群成功
2022-06-25 23:57:31 → 13606658573 → https://t.me/paofen33 → 加群成功
2022-06-25 23:57:45 → 13479801129 → https://t.me/usdtm → 加群成功
2022-06-25 23:57:58 → 13527291197 → https://t.me/asiaweed → 加群成功
2022-06-25 23:58:12 → 13608377628 → https://t.me/dbf6666 → 加群成功
2022-06-25 23:58:25 → 13526128355 → https://t.me/ys52111 → 加群成功
2022-06-25 23:58:39 → 13603618895 → https://t.me/yizhifu678 → 加群成功
2022-06-25 23:58:52 → 13526420263 → https://t.me/daifu76 → 加群成功
2022-06-25 23:59:21 → 13607498791 → https://t.me/b12306 → 加群成功
2022-06-25 23:59:35 → 13602091690 → https://t.me/kaiheo → 加群成功
2022-06-25 23:59:49 → 13608891691 → https://t.me/vfucloud → 加群成功