
2022-06-27 00:00:12 → 5511961144263 → https://t.me/fluxdefi → 加群失败：群组禁止访问
2022-06-27 00:00:24 → 5511931789525 → https://t.me/network50_chat → 加群成功
2022-06-27 00:00:40 → 5511946158705 → https://t.me/kedoucloud → 加群成功
2022-06-27 00:00:53 → 5511960493235 → https://t.me/dyjiaoliu → 加群成功
2022-06-27 00:01:07 → 5511980556700 → https://t.me/qqlsj → 加群成功
2022-06-27 00:01:21 → 5511931146361 → https://t.me/fw866 → 加群成功
2022-06-27 00:01:36 → 5511968857823 → https://t.me/USTCtg → 加群成功
2022-06-27 00:01:49 → 5511946044550 → https://t.me/gdr666 → 加群失败：Cannot cast InputPeerUser to any kind of InputChannel.
2022-06-27 00:02:01 → 5511931688616 → https://t.me/polkadotzh → 加群成功
2022-06-27 00:02:14 → 5562992159154 → https://t.me/A_K_3A → 加群成功
2022-06-27 00:02:28 → 5511966766277 → https://t.me/flea66 → 加群成功
2022-06-27 00:02:41 → 5511957147449 → https://t.me/gboxtg → 加群成功
2022-06-27 00:02:55 → 5506199498193 → https://t.me/xmarspace → 加群成功
2022-06-27 00:03:09 → 5563992416364 → https://t.me/qwerdt1 → 加群成功
2022-06-27 00:03:23 → 5511967768355 → https://t.me/olddriver_fs → 加群成功
2022-06-27 00:03:37 → 5511980657017 → https://t.me/njwwjpxc → 加群成功
2022-06-27 00:03:51 → 5511961122688 → https://t.me/Shore999888 → 加群成功
2022-06-27 00:04:05 → 5511960923134 → https://t.me/chaguaner → 加群成功
2022-06-27 00:04:19 → 5508581415077 → https://t.me/Socks55555 → 加群成功
2022-06-27 00:04:33 → 5591993705196 → https://t.me/ysshuju1 → 加群成功
2022-06-27 00:04:47 → 5511957044467 → https://t.me/zhifu7788 → 加群成功
2022-06-27 00:05:02 → 5511944349557 → https://t.me/TG110 → 加群成功
2022-06-27 00:05:22 → 5511966766277 → https://t.me/liuhedadui → 加群成功
2022-06-27 00:05:35 → 5563992416364 → https://t.me/fhaak8 → 加群成功
2022-06-27 00:05:49 → 5511957044467 → https://t.me/zfb_qq → 加群成功
2022-06-27 00:06:03 → 5511944349557 → https://t.me/BinancePoolChinese → 加群成功
2022-06-27 00:06:17 → 5511980657017 → https://t.me/lkdxqf88 → 加群成功
2022-06-27 00:06:31 → 5511957147449 → https://t.me/zhongshandidi → 加群成功
2022-06-27 00:06:45 → 5511961144263 → https://t.me/pcptm → 加群成功
2022-06-27 00:06:59 → 5511961122688 → https://t.me/P541888888 → 加群成功
2022-06-27 00:07:12 → 5511980556700 → https://t.me/fhlmteam → 加群成功
2022-06-27 00:07:26 → 5511968857823 → https://t.me/tsdb01 → 加群成功
2022-06-27 00:07:40 → 5511946044550 → https://t.me/australiasydneychat → 加群成功
2022-06-27 00:07:54 → 5511931688616 → https://t.me/huichan_com_grp → 加群成功
2022-06-27 00:08:08 → 5508581415077 → https://t.me/fwbzy → 加群成功
2022-06-27 00:08:22 → 5562992159154 → https://t.me/humanresource63 → 加群失败：No user has "humanresource63" as username
2022-06-27 00:08:33 → 5511931146361 → https://t.me/ckidc666 → 加群成功
2022-06-27 00:08:47 → 5511946158705 → https://t.me/xuanchengolddriver → 加群成功
2022-06-27 00:09:01 → 5511960923134 → https://t.me/wy173 → 加群成功
2022-06-27 00:09:15 → 5506199498193 → https://t.me/radiocacaasian → 加群成功
2022-06-27 00:09:29 → 5511931789525 → https://t.me/allswapcn → 加群成功
2022-06-27 00:09:43 → 5591993705196 → https://t.me/dibai918 → 加群成功
2022-06-27 00:09:57 → 5511960493235 → https://t.me/tg771 → 加群成功
2022-06-27 00:10:10 → 5511967768355 → https://t.me/hi_Official_Chinese → 加群成功
2022-06-27 00:10:30 → 5511931688616 → https://t.me/Sz1888 → 加群成功
2022-06-27 00:10:44 → 5511957044467 → https://t.me/dibaicn → 加群成功
2022-06-27 00:11:00 → 5511946158705 → https://t.me/HTCOLV → 加群成功
2022-06-27 00:11:14 → 5508581415077 → https://t.me/chaxun2020 → 加群失败：No user has "chaxun2020" as username
2022-06-27 00:11:25 → 5511960493235 → https://t.me/huobiglobal_zw → 加群成功
2022-06-27 00:11:39 → 5511961122688 → https://t.me/pshqo → 加群成功
2022-06-27 00:11:53 → 5511961144263 → https://t.me/yuantoushuju5 → 加群成功
2022-06-27 00:12:07 → 5506199498193 → https://t.me/kaihesoft → 加群成功
2022-06-27 00:12:23 → 5511966766277 → https://t.me/myfreevpn → 加群成功
2022-06-27 00:12:36 → 5511931789525 → https://t.me/sichouzhilu0 → 加群成功
2022-06-27 00:12:50 → 5563992416364 → https://t.me/dijia02 → 加群成功
2022-06-27 00:13:04 → 5591993705196 → https://t.me/expressnode → 加群成功
2022-06-27 00:13:18 → 5511980657017 → https://t.me/huiguophp → 加群成功
2022-06-27 00:13:32 → 5511957147449 → https://t.me/hi628 → 加群成功
2022-06-27 00:13:48 → 5511946044550 → https://t.me/laowangdan → 加群成功
2022-06-27 00:14:02 → 5562992159154 → https://t.me/btokcn_0014 → 加群成功
2022-06-27 00:14:16 → 5511931146361 → https://t.me/dibaifa → 加群成功
2022-06-27 00:14:30 → 5511968857823 → https://t.me/php_group_cn → 加群成功
2022-06-27 00:14:46 → 5511944349557 → https://t.me/daishoujiaoyi → 加群成功
2022-06-27 00:15:00 → 5511980556700 → https://t.me/quanzhangshequ → 加群成功
2022-06-27 00:15:14 → 5511960923134 → https://t.me/usdthuzhu3 → 加群成功
2022-06-27 00:15:28 → 5511967768355 → https://t.me/vfucloud → 加群成功
2022-06-27 00:15:48 → 5511960493235 → https://t.me/botong002 → 加群成功
2022-06-27 00:16:02 → 5508581415077 → https://t.me/fw992 → 加群成功
2022-06-27 00:16:16 → 5511931688616 → https://t.me/ak11828 → 加群成功
2022-06-27 00:16:29 → 5511967768355 → https://t.me/coinbetter_cn → 加群失败：No user has "coinbetter_cn" as username
2022-06-27 00:16:40 → 5511980657017 → https://t.me/kachahu → 加群成功
2022-06-27 00:16:55 → 5511961122688 → https://t.me/homeassiant666 → 加群成功
2022-06-27 00:17:09 → 5562992159154 → https://t.me/lasihaima266 → 加群成功
2022-06-27 00:17:22 → 5511960923134 → https://t.me/www589qkcom → 加群成功
2022-06-27 00:17:36 → 5563992416364 → https://t.me/juliang666 → 加群成功
2022-06-27 00:17:50 → 5511957044467 → https://t.me/sq577 → 加群成功
2022-06-27 00:18:04 → 5511957147449 → https://t.me/a_k_3a → 加群成功
2022-06-27 00:18:18 → 5511946158705 → https://t.me/KavaChinese → 加群成功
2022-06-27 00:18:32 → 5511966766277 → https://t.me/bacommu → 加群成功
2022-06-27 00:18:46 → 5511980556700 → https://t.me/CKidc666 → 加群成功
2022-06-27 00:19:00 → 5506199498193 → https://t.me/zb_support → 加群成功
2022-06-27 00:19:14 → 5591993705196 → https://t.me/olddrivercd → 加群成功
2022-06-27 00:19:27 → 5511944349557 → https://t.me/gz3388 → 加群成功
2022-06-27 00:19:43 → 5511968857823 → https://t.me/gif128 → 加群成功
2022-06-27 00:19:57 → 5511931789525 → https://t.me/blsq55 → 加群成功
2022-06-27 00:20:11 → 5511931146361 → https://t.me/tg858 → 加群失败：No user has "tg858" as username
2022-06-27 00:20:22 → 5511961144263 → https://t.me/linkdyh → 加群成功
2022-06-27 00:20:36 → 5511946044550 → https://t.me/zhenggui → 加群成功
2022-06-27 00:20:57 → 5511931688616 → https://t.me/crxs778 → 加群成功
2022-06-27 00:21:10 → 5511961144263 → https://t.me/AlipayJiFu → 加群成功
2022-06-27 00:21:24 → 5511960493235 → https://t.me/daishou44 → 加群成功
2022-06-27 00:21:54 → 5562992159154 → https://t.me/haojiyou → 加群成功
2022-06-27 00:22:10 → 5506199498193 → https://t.me/xxg863 → 加群成功
2022-06-27 00:22:24 → 5511931789525 → https://t.me/zhongwen6 → 加群成功
2022-06-27 00:22:37 → 5511961122688 → https://t.me/db_lm → 加群成功
2022-06-27 00:22:51 → 5591993705196 → https://t.me/dibai778899 → 加群成功
2022-06-27 00:23:05 → 5511960923134 → https://t.me/huaxingyl8 → 加群失败：No user has "huaxingyl8" as username
2022-06-27 00:23:16 → 5563992416364 → https://t.me/dbf6666 → 加群成功
2022-06-27 00:23:30 → 5511957044467 → https://t.me/tcelue1 → 加群成功
2022-06-27 00:23:45 → 5511946044550 → https://t.me/html66 → 加群成功
2022-06-27 00:23:58 → 5511946158705 → https://t.me/zaozhuang1 → 加群成功
2022-06-27 00:24:12 → 5511944349557 → https://t.me/pionexcn → 加群成功
2022-06-27 00:24:25 → 5511980556700 → https://t.me/tg6198 → 加群成功
2022-06-27 00:24:39 → 5508581415077 → https://t.me/faka58 → 加群成功
2022-06-27 00:24:53 → 5511931146361 → https://t.me/jianpuzai777 → 加群成功
2022-06-27 00:25:09 → 5511980657017 → https://t.me/yugzf → 加群成功
2022-06-27 00:25:23 → 5511968857823 → https://t.me/dockertutorial → 加群失败：RPCError 400: INVITE_REQUEST_SENT (caused by JoinChannelRequest)
2022-06-27 00:25:34 → 5511957147449 → https://t.me/InWebDarkNET → 加群成功
2022-06-27 00:25:48 → 5511967768355 → https://t.me/pg528 → 加群成功
2022-06-27 00:26:02 → 5511966766277 → https://t.me/guangdongyue → 加群成功
2022-06-27 00:26:23 → 5506199498193 → https://t.me/otcfl → 加群成功
2022-06-27 00:26:36 → 5562992159154 → https://t.me/chaoxi → 加群成功
2022-06-27 00:26:52 → 5511961144263 → https://t.me/wubuxianjingziyuan → 加群成功
2022-06-27 00:27:06 → 5511967768355 → https://t.me/tglianmeng002 → 加群成功
2022-06-27 00:27:20 → 5511931146361 → https://t.me/myanmarcn → 加群成功
2022-06-27 00:27:37 → 5511957147449 → https://t.me/fastfish2 → 加群成功
2022-06-27 00:27:53 → 5511980556700 → https://t.me/b12306 → 加群成功
2022-06-27 00:28:07 → 5511961122688 → https://t.me/aofexcn → 加群成功
2022-06-27 00:28:21 → 5511960493235 → https://t.me/kaiheo → 加群成功
2022-06-27 00:28:36 → 5511946044550 → https://t.me/dbjlq1 → 加群成功
2022-06-27 00:28:50 → 5511966766277 → https://t.me/chinadarknet → 加群成功
2022-06-27 00:29:03 → 5511957044467 → https://t.me/ml520 → 加群成功
2022-06-27 00:29:17 → 5511968857823 → https://t.me/chatssr → 加群成功
2022-06-27 00:29:33 → 5563992416364 → https://t.me/bkexchinese → 加群成功
2022-06-27 00:29:46 → 5511946158705 → https://t.me/liang1112233 → 加群成功
2022-06-27 00:30:00 → 5511944349557 → https://t.me/ai699 → 加群成功
2022-06-27 00:30:14 → 5511980657017 → https://t.me/bozaiweb → 加群成功
2022-06-27 00:30:27 → 5511931688616 → https://t.me/sakura_cloud → 加群成功
2022-06-27 00:30:41 → 5508581415077 → https://t.me/zzlsjbyq → 加群成功
2022-06-27 00:30:55 → 5511931789525 → https://t.me/officelearner → 加群成功
2022-06-27 00:31:11 → 5511960923134 → https://t.me/zn88666 → 加群成功
2022-06-27 00:31:25 → 5591993705196 → https://t.me/olddriver_cdu → 加群成功
2022-06-27 00:31:45 → 5563992416364 → https://t.me/tg006 → 加群成功
2022-06-27 00:31:59 → 5591993705196 → https://t.me/MDhuaren1 → 加群成功
2022-06-27 00:32:13 → 5511961144263 → https://t.me/sanfang53 → 加群成功
2022-06-27 00:32:42 → 5511944349557 → https://t.me/huanxiangyouxi → 加群成功
2022-06-27 00:32:57 → 5511967768355 → https://t.me/axujj → 加群成功
2022-06-27 00:33:11 → 5562992159154 → https://t.me/daishou15 → 加群成功
2022-06-27 00:33:40 → 5511946044550 → https://t.me/biboxgroup → 加群成功
2022-06-27 00:33:53 → 5511931688616 → https://t.me/yuantoushuju4 → 加群成功
2022-06-27 00:34:08 → 5506199498193 → https://t.me/monstainfinitechinese → 加群成功
2022-06-27 00:34:22 → 5511931146361 → https://t.me/three001 → 加群成功
2022-06-27 00:34:36 → 5511957044467 → https://t.me/xxup1121 → 加群成功
2022-06-27 00:34:51 → 5511960923134 → https://t.me/beiluochat → 加群成功
2022-06-27 00:35:06 → 5511961122688 → https://t.me/yueaijilu → 加群成功
2022-06-27 00:35:20 → 5511946158705 → https://t.me/goutui → 加群成功
2022-06-27 00:35:36 → 5511980556700 → https://t.me/bandwagonhostgroup → 加群成功
2022-06-27 00:35:50 → 5511968857823 → https://t.me/balance863 → 加群成功
2022-06-27 00:36:04 → 5511966766277 → https://t.me/chlmzy → 加群成功
2022-06-27 00:36:18 → 5508581415077 → https://t.me/ca0505 → 加群成功
2022-06-27 00:36:31 → 5511957147449 → https://t.me/wwxcxinting → 加群成功
2022-06-27 00:36:45 → 5511931789525 → https://t.me/discussimmigration → 加群成功
2022-06-27 00:36:59 → 5511960493235 → https://t.me/mljlq → 加群成功
2022-06-27 00:37:13 → 5511980657017 → https://t.me/lendhub → 加群成功
2022-06-27 00:37:33 → 5591993705196 → https://t.me/shuju888666 → 加群成功
2022-06-27 00:37:47 → 5511980657017 → https://t.me/DIP9188 → 加群成功
2022-06-27 00:38:01 → 5511931688616 → https://t.me/readerbeta → 加群成功
2022-06-27 00:38:16 → 5511946044550 → https://t.me/kavachinese → 加群成功
2022-06-27 00:38:29 → 5511961144263 → https://t.me/olddriverhui → 加群成功
2022-06-27 00:38:43 → 5511961122688 → https://t.me/loufenha → 加群成功
2022-06-27 00:38:57 → 5511980556700 → https://t.me/QQXGQQ → 加群成功
2022-06-27 00:39:11 → 5508581415077 → https://t.me/huizhouqun → 加群成功
2022-06-27 00:39:25 → 5511967768355 → https://t.me/bitcoin_cn → 加群成功
2022-06-27 00:39:39 → 5511957147449 → https://t.me/CvvinternalOrganization → 加群成功
2022-06-27 00:39:55 → 5511960923134 → https://t.me/zscd18 → 加群成功
2022-06-27 00:40:09 → 5511957044467 → https://t.me/cndumpschat → 加群失败：Nobody is using this username, or the username is unacceptable. If the latter, it must match r"[a-zA-Z][\w\d]{3,30}[a-zA-Z\d]" (caused by ResolveUsernameRequest)
2022-06-27 00:40:20 → 5563992416364 → https://t.me/Fkzy_Group → 加群成功
2022-06-27 00:40:34 → 5511931789525 → https://t.me/hzaxx → 加群成功
2022-06-27 00:40:48 → 5506199498193 → https://t.me/TG12389 → 加群成功
2022-06-27 00:41:02 → 5562992159154 → https://t.me/shell66666 → 加群成功
2022-06-27 00:41:16 → 5511968857823 → https://t.me/wuhpay → 加群成功
2022-06-27 00:41:30 → 5511931146361 → https://t.me/olddrivergd → 加群成功
2022-06-27 00:41:45 → 5511960493235 → https://t.me/zscd1 → 加群成功
2022-06-27 00:41:58 → 5511944349557 → https://t.me/tokaucn → 加群成功
2022-06-27 00:42:12 → 5511946158705 → https://t.me/deep3695 → 加群成功
2022-06-27 00:42:25 → 5511966766277 → https://t.me/ak99yunmlsxfgds → 加群成功
2022-06-27 00:42:48 → 5511946158705 → https://t.me/shore999888 → 加群成功
2022-06-27 00:43:01 → 5511968857823 → https://t.me/GouTuiClub → 加群失败：群组禁止访问
2022-06-27 00:43:12 → 5511967768355 → https://t.me/xiaohao2018 → 加群成功
2022-06-27 00:43:26 → 5511957147449 → https://t.me/tg12389 → 加群成功
2022-06-27 00:43:40 → 5511960923134 → https://t.me/binancechinese → 加群成功
2022-06-27 00:43:54 → 5508581415077 → https://t.me/qianmin → 加群成功
2022-06-27 00:44:08 → 5511931146361 → https://t.me/Nst_WP → 加群成功
2022-06-27 00:44:22 → 5511980657017 → https://t.me/mla9999 → 加群成功
2022-06-27 00:44:36 → 5511931688616 → https://t.me/btokcn_0016 → 加群成功
2022-06-27 00:44:51 → 5511961144263 → https://t.me/esmascript6 → 加群成功
2022-06-27 00:45:04 → 5511946044550 → https://t.me/ftx_chinese_official → 加群成功
2022-06-27 00:45:18 → 5511931789525 → https://t.me/akkcloud → 加群成功
2022-06-27 00:45:34 → 5511961122688 → https://t.me/AlgorandFoundationCN → 加群成功
2022-06-27 00:45:48 → 5511960493235 → https://t.me/jfoisjfiodvfd → 加群成功
2022-06-27 00:46:02 → 5591993705196 → https://t.me/ssunion → 加群成功
2022-06-27 00:46:16 → 5511957044467 → https://t.me/YYL001 → 加群成功
2022-06-27 00:46:30 → 5563992416364 → https://t.me/liuxingsq → 加群失败：群组禁止访问
2022-06-27 00:46:41 → 5511966766277 → https://t.me/dibai8880 → 加群成功
2022-06-27 00:46:55 → 5511980556700 → https://t.me/tg_king80 → 加群成功
2022-06-27 00:47:09 → 5511944349557 → https://t.me/xbdb01 → 加群成功
2022-06-27 00:47:23 → 5506199498193 → https://t.me/tg8848community → 加群成功
2022-06-27 00:47:37 → 5562992159154 → https://t.me/diyidaifu → 加群成功
2022-06-27 00:47:59 → 5511980556700 → https://t.me/binzhouqun → 加群成功
2022-06-27 00:48:12 → 5511961122688 → https://t.me/TGhuaren1 → 加群成功
2022-06-27 00:48:26 → 5591993705196 → https://t.me/cambodiacn → 加群成功
2022-06-27 00:48:42 → 5511960493235 → https://t.me/HuNanTG → 加群成功
2022-06-27 00:48:58 → 5511968857823 → https://t.me/seeyellow → 加群成功
2022-06-27 00:49:13 → 5511961144263 → https://t.me/xysbbs → 加群成功
2022-06-27 00:49:26 → 5511957044467 → https://t.me/doge88 → 加群成功
2022-06-27 00:49:40 → 5511966766277 → https://t.me/hgmhxz → 加群成功
2022-06-27 00:49:54 → 5511931688616 → https://t.me/paofen315 → 加群成功
2022-06-27 00:50:08 → 5508581415077 → https://t.me/xbzijian → 加群成功
2022-06-27 00:50:24 → 5511944349557 → https://t.me/PHMAKA107 → 加群成功
2022-06-27 00:50:38 → 5511967768355 → https://t.me/dfsdaeaw → 加群失败：Nobody is using this username, or the username is unacceptable. If the latter, it must match r"[a-zA-Z][\w\d]{3,30}[a-zA-Z\d]" (caused by ResolveUsernameRequest)
2022-06-27 00:50:49 → 5562992159154 → https://t.me/changsha_dev → 加群成功
2022-06-27 00:51:03 → 5511960923134 → https://t.me/WKLhuaren → 加群成功
2022-06-27 00:51:17 → 5563992416364 → https://t.me/universityalliance → 加群成功
2022-06-27 00:51:33 → 5506199498193 → https://t.me/huihui220 → 加群成功
2022-06-27 00:51:47 → 5511946158705 → https://t.me/goutuiclub → 加群成功
2022-06-27 00:52:03 → 5511980657017 → https://t.me/OKXGroup_CN → 加群成功
2022-06-27 00:52:17 → 5511931146361 → https://t.me/im0471 → 加群成功
2022-06-27 00:52:31 → 5511931789525 → https://t.me/shenzhencity → 加群成功
2022-06-27 00:52:45 → 5511946044550 → https://t.me/tg_88888 → 加群成功
2022-06-27 00:52:59 → 5511957147449 → https://t.me/cdshouchang4 → 加群成功
2022-06-27 00:53:20 → 5591993705196 → https://t.me/trj_shore001 → 加群成功
2022-06-27 00:53:33 → 5511960923134 → https://t.me/binance_api_chinese → 加群成功
2022-06-27 00:53:47 → 5511957044467 → https://t.me/heyuedashen1 → 加群成功
2022-06-27 00:54:01 → 5511931688616 → https://t.me/light_up_comm → 加群成功
2022-06-27 00:54:18 → 5511980556700 → https://t.me/gdsjq → 加群成功
2022-06-27 00:54:31 → 5511961144263 → https://t.me/guiyangpapa → 加群成功
2022-06-27 00:54:44 → 5511961122688 → https://t.me/v2rayn → 加群成功
2022-06-27 00:54:58 → 5511966766277 → https://t.me/tfwzclz → 加群成功
2022-06-27 00:55:13 → 5511980657017 → https://t.me/nwdr888 → 加群成功
2022-06-27 00:55:27 → 5511957147449 → https://t.me/yxbjx → 加群成功
2022-06-27 00:55:40 → 5511931146361 → https://t.me/BIYONGOfficial0015 → 加群成功
2022-06-27 00:55:54 → 5511944349557 → https://t.me/feihelp → 加群成功
2022-06-27 00:56:08 → 5508581415077 → https://t.me/FHLMTEAM → 加群成功
2022-06-27 00:56:22 → 5511946158705 → https://t.me/tg1949521 → 加群成功
2022-06-27 00:56:36 → 5511960493235 → https://t.me/tg328 → 加群成功
2022-06-27 00:56:50 → 5511967768355 → https://t.me/liaobshe → 加群成功
2022-06-27 00:57:05 → 5511946044550 → https://t.me/tiandeng88 → 加群成功
2022-06-27 00:57:18 → 5511968857823 → https://t.me/ltq33 → 加群成功
2022-06-27 00:57:31 → 5563992416364 → https://t.me/google_win → 加群成功
2022-06-27 00:57:45 → 5562992159154 → https://t.me/TG188188 → 加群成功
2022-06-27 00:57:59 → 5511931789525 → https://t.me/tgdibai168 → 加群成功
2022-06-27 00:58:13 → 5506199498193 → https://t.me/BinanceChinese → 加群成功
2022-06-27 00:58:34 → 5511931688616 → https://t.me/tgdl128 → 加群成功
2022-06-27 00:58:47 → 5511961144263 → https://t.me/aiweisi888 → 加群成功
2022-06-27 00:59:01 → 5511957147449 → https://t.me/daishuvpn → 加群成功
2022-06-27 00:59:15 → 5511967768355 → https://t.me/huanqian35 → 加群成功
2022-06-27 00:59:44 → 5508581415077 → https://t.me/fg528 → 加群成功
2022-06-27 00:59:58 → 5506199498193 → https://t.me/yyl001 → 加群成功
2022-06-27 01:00:12 → 5511960493235 → https://t.me/nbydxyk1 → 加群成功
2022-06-27 01:00:26 → 5511968857823 → https://t.me/btokofficial_03 → 加群成功
2022-06-27 01:00:39 → 5511944349557 → https://t.me/kkkttt369 → 加群成功
2022-06-27 01:00:53 → 5511946044550 → https://t.me/usdtdfds → 加群成功
2022-06-27 01:01:07 → 5511966766277 → https://t.me/frontend_talk → 加群成功
2022-06-27 01:01:23 → 5511960923134 → https://t.me/tg148 → 加群成功
2022-06-27 01:01:37 → 5562992159154 → https://t.me/mikebill888 → 加群成功
2022-06-27 01:01:51 → 5591993705196 → https://t.me/qht888 → 加群失败：Nobody is using this username, or the username is unacceptable. If the latter, it must match r"[a-zA-Z][\w\d]{3,30}[a-zA-Z\d]" (caused by ResolveUsernameRequest)
2022-06-27 01:02:03 → 5511957044467 → https://t.me/programertalk → 加群成功
2022-06-27 01:02:16 → 5511980657017 → https://t.me/yuehui8 → 加群成功
2022-06-27 01:02:30 → 5511980556700 → https://t.me/asiaweed → 加群成功
2022-06-27 01:02:45 → 5511946158705 → https://t.me/haojing168 → 加群成功
2022-06-27 01:02:59 → 5511931789525 → https://t.me/x00008 → 加群成功
2022-06-27 01:03:12 → 5563992416364 → https://t.me/socks55555 → 加群成功
2022-06-27 01:03:27 → 5511961122688 → https://t.me/feihuaph → 加群成功
2022-06-27 01:03:40 → 5511931146361 → https://t.me/TG55555555555 → 加群成功
2022-06-27 01:04:01 → 5511980657017 → https://t.me/hi_official_chinese → 加群成功
2022-06-27 01:04:15 → 5563992416364 → https://t.me/zhuhai9 → 加群成功
2022-06-27 01:04:30 → 5511960493235 → https://t.me/mayishequ → 加群成功
2022-06-27 01:04:44 → 5511931146361 → https://t.me/yamzcunziyuanduij → 加群成功
2022-06-27 01:04:58 → 5511967768355 → https://t.me/qqxgqq → 加群成功
2022-06-27 01:05:13 → 5511944349557 → https://t.me/Gm0008 → 加群成功
2022-06-27 01:05:26 → 5511966766277 → https://t.me/quanqiushouhuo → 加群成功
2022-06-27 01:05:40 → 5511961144263 → https://t.me/bdzycom → 加群成功
2022-06-27 01:05:54 → 5511960923134 → https://t.me/justmysockscn → 加群成功
2022-06-27 01:06:10 → 5562992159154 → https://t.me/paofen33 → 加群成功
2022-06-27 01:06:24 → 5511957147449 → https://t.me/bclm1 → 加群成功
2022-06-27 01:06:38 → 5511946044550 → https://t.me/tgzhcn → 加群成功
2022-06-27 21:04:25 → 19088973453 → https://t.me/ak99yunmlsxfgds → 加群成功
2022-06-27 21:04:34 → 19142924106 → https://t.me/weikang2020 → 加群成功
2022-06-27 21:04:40 → 19138151751 → https://t.me/BIYONGOfficial0015 → 加群成功
2022-06-27 21:04:46 → 19133562816 → https://t.me/readerbeta → 加群成功
2022-06-27 21:04:52 → 19104678934 → https://t.me/yuehui8 → 加群成功
2022-06-27 21:04:58 → 19067670589 → https://t.me/TG188188 → 加群成功
2022-06-27 21:05:06 → 19106210284 → https://t.me/tokaucn → 加群成功
2022-06-27 21:05:12 → 19092948245 → https://t.me/TGlianmeng002 → 加群成功
2022-06-27 21:05:18 → 19132435953 → https://t.me/xmsji → 加群成功
2022-06-27 21:05:24 → 19082241524 → https://t.me/P541888888 → 加群成功
2022-06-27 21:05:30 → 19123723109 → https://t.me/jiamidi → 加群成功
2022-06-27 21:05:38 → 19142185077 → https://t.me/A_K_3A → 加群成功
2022-06-27 21:05:44 → 19089449397 → https://t.me/goutuiclub → 加群成功
2022-06-27 21:05:52 → 19094928998 → https://t.me/tg1949521 → 加群成功
2022-06-27 21:05:58 → 19089863195 → https://t.me/qingroup → 加群成功
2022-06-27 21:06:04 → 19067626410 → https://t.me/radiocacaasian → 加群成功
2022-06-27 21:06:10 → 19137327442 → https://t.me/blsq55 → 加群失败：掉线/或官方销号
2022-06-27 21:06:15 → 19105165921 → https://t.me/zscd18 → 加群成功
2022-06-27 21:06:21 → 19108077585 → https://t.me/bacommu → 加群成功
2022-06-27 21:06:28 → 19092811749 → https://t.me/zscd1 → 加群成功
2022-06-27 21:06:34 → 19124217237 → https://t.me/saltyleo_blog → 加群成功
2022-06-27 21:06:41 → 19084664229 → https://t.me/pcptm → 加群成功
2022-06-27 21:06:47 → 19095002275 → https://t.me/hunantg → 加群成功
2022-06-27 21:06:55 → 19133589203 → https://t.me/tg771 → 加群成功
2022-06-27 21:07:01 → 19122742979 → https://t.me/wy173 → 加群成功
2022-06-27 21:07:07 → 19092811521 → https://t.me/cambodiacn → 加群成功
2022-06-27 21:07:16 → 19125504351 → https://t.me/tg8848community → 加群成功
2022-06-27 21:07:22 → 19135652588 → https://t.me/three001 → 加群成功
2022-06-27 21:07:28 → 19096006881 → https://t.me/beiluochat → 加群成功
2022-06-27 21:07:36 → 19123808258 → https://t.me/FHLMTEAM → 加群失败：掉线/或官方销号
2022-06-27 21:07:40 → 19094927554 → https://t.me/sichouzhilu0 → 加群成功
2022-06-27 21:07:46 → 19106210415 → https://t.me/sakura_cloud → 加群失败：掉线/或官方销号
2022-06-27 21:07:51 → 19108385277 → https://t.me/wubuxianjingziyuan → 加群成功
2022-06-27 21:07:57 → 19102406976 → https://t.me/bandwagonhostgroup → 加群成功
2022-06-27 21:08:03 → 19142920489 → https://t.me/tg12389 → 加群成功
2022-06-27 21:08:10 → 19093592961 → https://t.me/binzhouqun → 加群成功
2022-06-27 21:08:17 → 19142563219 → https://t.me/yangjiangchannel → 加群成功
2022-06-27 21:08:23 → 19142818890 → https://t.me/fhaak8 → 加群成功
2022-06-27 21:08:29 → 19093240377 → https://t.me/sanfang53 → 加群成功
2022-06-27 21:08:50 → 19094913740 → https://t.me/hi628 → 加群成功
2022-06-27 21:08:58 → 19096741939 → https://t.me/fg528 → 加群成功
2022-06-27 21:09:05 → 19094172099 → https://t.me/zhongwen6 → 加群成功
2022-06-27 21:09:11 → 19098453299 → https://t.me/biboxgroup → 加群成功
2022-06-27 21:09:17 → 19142683621 → https://t.me/db_lm → 加群成功
2022-06-27 21:09:24 → 19108891339 → https://t.me/huiguophp → 加群成功
2022-06-27 21:09:30 → 19123615366 → https://t.me/BinancePoolChinese → 加群成功
2022-06-27 21:09:36 → 19098453166 → https://t.me/dbjlq1 → 加群成功
2022-06-27 21:09:43 → 19127379294 → https://t.me/ltq33 → 加群成功
2022-06-27 21:09:49 → 19093403629 → https://t.me/faka58 → 加群成功
2022-06-27 21:09:56 → 19105028240 → https://t.me/loufenha → 加群成功
2022-06-27 21:10:02 → 19123615937 → https://t.me/dibaihrg009 → 加群成功
2022-06-27 21:10:08 → 19123019844 → https://t.me/Socks55555 → 加群成功
2022-06-27 21:10:14 → 19079219436 → https://t.me/hi_Official_Chinese → 加群成功
2022-06-27 21:10:20 → 19122162963 → https://t.me/yuantoushuju4 → 加群成功
2022-06-27 21:10:27 → 19107520819 → https://t.me/lendhub → 加群成功
2022-06-27 21:10:33 → 19097032308 → https://t.me/fhlmteam → 加群成功
2022-06-27 21:10:41 → 19128058145 → https://t.me/daishou15 → 加群成功
2022-06-27 21:11:02 → 19142528510 → https://t.me/kachahu → 加群成功
2022-06-27 21:11:09 → 19088664443 → https://t.me/yuantoushuju5 → 加群成功
2022-06-27 21:11:16 → 19142574538 → https://t.me/tg108 → 加群成功
2022-06-27 21:11:22 → 19128058031 → https://t.me/ak11828 → 加群成功
2022-06-27 21:11:28 → 19142662231 → https://t.me/zeronetzh → 加群失败：掉线/或官方销号
2022-06-27 21:11:32 → 19103630933 → https://t.me/qqxgqq → 加群成功
2022-06-27 21:11:39 → 19098334676 → https://t.me/huanqian35 → 加群成功
2022-06-27 21:12:00 → 19097151292 → https://t.me/dibai8880 → 加群成功
2022-06-27 21:12:06 → 19128058042 → https://t.me/BKEXChinese → 加群成功
2022-06-27 21:12:12 → 19066803911 → https://t.me/axujj → 加群成功
2022-06-27 21:12:19 → 19102605782 → https://t.me/frontend_talk → 加群成功
2022-06-27 21:12:25 → 19122214385 → https://t.me/HTCOLV → 加群成功
2022-06-27 21:12:32 → 19095362850 → https://t.me/goutui1113 → 加群成功
2022-06-27 21:12:39 → 19122002224 → https://t.me/diyidaifu → 加群成功
2022-06-27 21:12:45 → 19093590835 → https://t.me/TG12389 → 加群成功
2022-06-27 21:12:52 → 19142967866 → https://t.me/BikingChineseGroup → 加群成功
2022-06-27 21:12:58 → 19142528459 → https://t.me/chaxun2020 → 加群失败：No user has "chaxun2020" as username
2022-06-27 21:13:02 → 19097032047 → https://t.me/liaobshe → 加群成功
2022-06-27 21:13:08 → 19066803689 → https://t.me/paofen1688 → 加群成功
2022-06-27 21:13:14 → 19092793409 → https://t.me/ccv348 → 加群成功
2022-06-27 21:13:20 → 19084819978 → https://t.me/pg528 → 加群成功
2022-06-27 21:13:27 → 19093130278 → https://t.me/expressnode → 加群成功
2022-06-27 21:13:35 → 19123301773 → https://t.me/olddriver_gd → 加群成功
2022-06-27 21:13:41 → 19143075530 → https://t.me/html66 → 加群成功
2022-06-27 21:13:48 → 19098452543 → https://t.me/mljlq → 加群成功
2022-06-27 21:13:54 → 19123805493 → https://t.me/officelearner → 加群成功
2022-06-27 21:14:00 → 19105374023 → https://t.me/tg328 → 加群成功
2022-06-27 21:14:07 → 19095052432 → https://t.me/AlgorandFoundationCN → 加群成功
2022-06-27 21:14:13 → 19095050732 → https://t.me/ytzx2 → 加群成功
2022-06-27 21:14:19 → 19109842608 → https://t.me/lkdxqf88 → 加群成功
2022-06-27 21:14:25 → 19104608778 → https://t.me/sq577 → 加群成功
2022-06-27 21:14:32 → 19108887818 → https://t.me/haojiyou → 加群成功
2022-06-27 21:14:40 → 19122688827 → https://t.me/tgzhcn → 加群成功
2022-06-27 21:14:46 → 19142661195 → https://t.me/cdshouchang4 → 加群成功
2022-06-27 21:14:52 → 19123242833 → https://t.me/xcarnival_chinese → 加群成功
2022-06-27 21:14:58 → 19123963082 → https://t.me/trj_shore001 → 加群成功
2022-06-27 21:15:04 → 19097032059 → https://t.me/x00008 → 加群成功
2022-06-27 21:15:10 → 19133809348 → https://t.me/pingan66chadang → 加群成功
2022-06-27 21:15:16 → 19093412269 → https://t.me/discussimmigration → 加群成功
2022-06-27 21:15:22 → 19108094690 → https://t.me/TG006 → 加群成功
2022-06-27 21:15:29 → 19135850799 → https://t.me/paofen33 → 加群成功
2022-06-27 21:15:37 → 19127955391 → https://t.me/TG907 → 加群成功
2022-06-27 21:15:44 → 19108883240 → https://t.me/CvvinternalOrganization → 加群成功
2022-06-27 21:15:58 → 19097032308 → https://t.me/dubaiqq918 → 加群成功
2022-06-27 21:16:04 → 19094928998 → https://t.me/tg006 → 加群成功
2022-06-27 21:16:10 → 19096741939 → https://t.me/mikebill888 → 加群成功
2022-06-27 21:54:13 → 19093240377 → https://t.me/tg0799 → 加群成功
2022-06-27 21:54:25 → 19097032308 → https://t.me/ai699 → 加群成功
2022-06-27 21:54:38 → 19123242833 → https://t.me/daishuvpn → 加群成功
2022-06-27 21:54:50 → 19108883240 → https://t.me/chlmzy → 加群成功
2022-06-27 21:55:02 → 19133562816 → https://t.me/deep3695 → 加群成功
2022-06-27 21:55:14 → 19093592961 → https://t.me/fwbzy → 加群成功
2022-06-27 21:55:26 → 19135850799 → https://t.me/cdshouchang4 → 加群成功
2022-06-27 21:55:38 → 19123615937 → https://t.me/tsdb01 → 加群成功
2022-06-27 21:55:50 → 19133809348 → https://t.me/Socks55555 → 加群成功
2022-06-27 21:56:02 → 19095002275 → https://t.me/haojiyou → 加群成功
2022-06-27 21:56:16 → 19104678934 → https://t.me/huichan_com_grp → 加群成功
2022-06-27 21:56:28 → 19122162963 → https://t.me/wuhpay → 加群成功
2022-06-27 21:56:40 → 19132435953 → https://t.me/diyidaifu → 加群成功
2022-06-27 21:56:52 → 19094927554 → https://t.me/soqun → 加群成功
2022-06-27 21:57:04 → 19097151292 → https://t.me/yangjiangchannel → 加群成功
2022-06-27 21:57:16 → 19105374023 → https://t.me/Sz1888 → 加群成功
2022-06-27 21:57:28 → 19127955391 → https://t.me/liaobshe → 加群成功
2022-06-27 21:57:40 → 19142924106 → https://t.me/liang1112233 → 加群成功
2022-06-27 21:57:52 → 19093403629 → https://t.me/dyjiaoliu → 加群成功
2022-06-27 21:58:04 → 19123963082 → https://t.me/Nst_WP → 加群成功
2022-06-27 21:58:16 → 19098453166 → https://t.me/olddriver_gd → 加群成功
2022-06-27 21:58:28 → 19143075530 → https://t.me/yuehui8 → 加群成功
2022-06-27 21:58:40 → 19098334676 → https://t.me/wangzhuanusdt → 加群成功
2022-06-27 21:58:52 → 19092811749 → https://t.me/quanzhangshequ → 加群成功
2022-06-27 21:59:04 → 19109842608 → https://t.me/pshqo → 加群成功
2022-06-27 21:59:16 → 19093412269 → https://t.me/feihuaph → 加群成功
2022-06-27 21:59:28 → 19095050732 → https://t.me/kachahu → 加群成功
2022-06-27 21:59:41 → 19142967866 → https://t.me/AlipayJiFu → 加群成功
2022-06-27 21:59:53 → 19122688827 → https://t.me/qqlsj → 加群成功
2022-06-27 22:00:05 → 19108385277 → https://t.me/jiamidi → 加群成功
2022-06-27 22:00:19 → 19093130278 → https://t.me/ys52111 → 加群成功
2022-06-27 22:00:31 → 19107520819 → https://t.me/olddriver_fs → 加群成功
2022-06-27 22:00:43 → 19089863195 → https://t.me/appssweepstakes → 加群成功
2022-06-27 22:00:57 → 19093590835 → https://t.me/yyl001 → 加群成功
2022-06-27 22:01:09 → 19096741939 → https://t.me/huihui220 → 加群成功
2022-06-27 22:01:21 → 19097032059 → https://t.me/loufenha → 加群成功
2022-06-27 22:01:33 → 19105165921 → https://t.me/biboxgroup → 加群成功
2022-06-27 22:01:45 → 19095362850 → https://t.me/ml520 → 加群成功
2022-06-27 22:01:57 → 19128058042 → https://t.me/socks55555 → 加群成功
2022-06-27 22:02:09 → 19097032047 → https://t.me/lbank_cn → 加群成功
2022-06-27 22:02:21 → 19124217237 → https://t.me/tianziusdt → 加群成功
2022-06-27 22:02:33 → 19122214385 → https://t.me/xxup1121 → 加群成功
2022-06-27 22:02:45 → 19098453299 → https://t.me/zn88666 → 加群成功
2022-06-27 22:02:57 → 19108891339 → https://t.me/binzhouqun → 加群成功
2022-06-27 22:03:09 → 19089449397 → https://t.me/quanqiushouhuo → 加群成功
2022-06-27 22:03:21 → 19108887818 → https://t.me/html66 → 加群成功
2022-06-27 22:03:33 → 19142683621 → https://t.me/dibai8880 → 加群成功
2022-06-27 22:03:45 → 19123723109 → https://t.me/sanfang53 → 加群成功
2022-06-27 22:04:12 → 19127379294 → https://t.me/vfucloud → 加群成功
2022-06-27 22:04:24 → 19138151751 → https://t.me/dibai12 → 加群成功
2022-06-27 22:04:35 → 19123019844 → https://t.me/tg_king80 → 加群成功
2022-06-27 22:04:47 → 19098452543 → https://t.me/haojing168 → 加群成功
2022-06-27 22:04:59 → 19142528510 → https://t.me/asiaweed → 加群成功
2022-06-27 22:05:12 → 19094913740 → https://t.me/gdsjq → 加群成功
2022-06-27 22:05:24 → 19122002224 → https://t.me/btokofficial_03 → 加群成功
2022-06-27 22:05:37 → 10.zip → https://t.me/daishoujiaoyi → 加群失败：掉线/或官方销号
2022-06-27 22:05:47 → 19123615366 → https://t.me/sakura_cloud → 加群成功
2022-06-27 22:05:59 → 19092948245 → https://t.me/hgmhxz → 加群成功
2022-06-27 22:06:11 → 19102605782 → https://t.me/pg528 → 加群成功
2022-06-27 22:06:23 → 19096006881 → https://t.me/frontend_talk → 加群成功
2022-06-27 22:06:35 → 19135652588 → https://t.me/olddrivergd → 加群成功
2022-06-27 22:06:47 → 19123301773 → https://t.me/monstainfinitechinese → 加群成功
2022-06-27 22:06:59 → 19102406976 → https://t.me/TG907 → 加群成功
2022-06-27 22:07:11 → 19092793409 → https://t.me/chatssr → 加群成功
2022-06-27 22:07:25 → 19092811521 → https://t.me/wybf168168 → 加群成功
2022-06-27 22:07:37 → 19122742979 → https://t.me/P541888888 → 加群成功
2022-06-27 22:07:49 → 19125504351 → https://t.me/tg148 → 加群成功
2022-06-27 22:08:01 → 19108094690 → https://t.me/usdthuzhu3 → 加群成功
2022-06-27 22:08:13 → 19142920489 → https://t.me/heyuedashen1 → 加群成功
2022-06-27 22:08:25 → 19142574538 → https://t.me/ccv348 → 加群成功
2022-06-27 22:08:37 → 19094928998 → https://t.me/gz3388 → 加群成功
2022-06-27 22:08:51 → 19142563219 → https://t.me/kkkttt369 → 加群成功
2022-06-27 22:09:03 → 19142185077 → https://t.me/zhongwen6 → 加群成功
2022-06-27 22:09:15 → 19095052432 → https://t.me/BinanceChinese → 加群成功
2022-06-27 22:09:27 → 19104608778 → https://t.me/goutuiclub → 加群成功
2022-06-27 22:09:41 → 19108077585 → https://t.me/TG0188 → 加群成功
2022-06-27 22:09:53 → 19128058031 → https://t.me/google_win → 加群成功
2022-06-27 22:10:05 → 19142818890 → https://t.me/usdtbmw → 加群成功
2022-06-27 22:10:17 → 19123805493 → https://t.me/TGhuaren1 → 加群成功
2022-06-27 22:10:29 → 19133589203 → https://t.me/se_talk → 加群成功
2022-06-27 22:10:41 → 19106210284 → https://t.me/zscd18 → 加群成功
2022-06-27 22:10:53 → 19128058145 → https://t.me/im0471 → 加群成功
2022-06-27 22:11:05 → 19105028240 → https://t.me/btokcn_0014 → 加群成功
2022-06-27 22:11:17 → 19103630933 → https://t.me/daishou44 → 加群成功
2022-06-27 22:11:44 → 19142661195 → https://t.me/kaihesoft → 加群成功
2022-06-27 22:11:56 → 19094172099 → https://t.me/zhifu7788 → 加群成功
2022-06-27 22:12:08 → 19142528459 → https://t.me/zzlsjbyq → 加群成功
2022-06-27 22:12:24 → 19123615366 → https://t.me/jfoisjfiodvfd → 加群成功
2022-06-27 22:12:36 → 19098334676 → https://t.me/tuishouLL01 → 加群成功
2022-06-27 22:12:47 → 19108883240 → https://t.me/HWDBQ → 加群成功
2022-06-27 22:12:58 → 19093240377 → https://t.me/BIYONGOfficial0015 → 加群成功
2022-06-27 22:13:10 → 19123963082 → https://t.me/polkadotzh → 加群成功
2022-06-27 22:13:21 → 19142683621 → https://t.me/shenzhencity → 加群成功
2022-06-27 22:13:33 → 19098452543 → https://t.me/qwerdt1 → 加群成功
2022-06-27 22:13:44 → 19094928998 → https://t.me/huanqian35 → 加群成功
2022-06-27 22:14:11 → 19142528510 → https://t.me/xmsji → 加群成功
2022-06-27 22:14:22 → 19142528459 → https://t.me/tg858 → 加群失败：No user has "tg858" as username
2022-06-27 22:14:31 → 19123242833 → https://t.me/lendhub → 加群成功
2022-06-27 22:14:42 → 19122214385 → https://t.me/chaguaner → 加群成功
2022-06-27 22:14:55 → 10.zip → https://t.me/olddriverhui → 加群失败：掉线/或官方销号
2022-06-27 22:15:03 → 19102406976 → https://t.me/galaxyheroescn → 加群成功
2022-06-27 22:15:15 → 19135652588 → https://t.me/kavachinese → 加群成功
2022-06-27 22:15:26 → 19128058031 → https://t.me/TGlianmeng002 → 加群成功
2022-06-27 22:15:38 → 19133562816 → https://t.me/mf_group → 加群成功
2022-06-27 22:15:49 → 19143075530 → https://t.me/sichouzhilu0 → 加群成功
2022-06-27 22:16:00 → 19133589203 → https://t.me/paofen33 → 加群成功
2022-06-27 22:16:13 → 19124217237 → https://t.me/tokaucn → 加群成功
2022-06-27 22:16:24 → 19093412269 → https://t.me/dfsdaeaw → 加群失败：Nobody is using this username, or the username is unacceptable. If the latter, it must match r"[a-zA-Z][\w\d]{3,30}[a-zA-Z\d]" (caused by ResolveUsernameRequest)
2022-06-27 22:16:33 → 19108887818 → https://t.me/TG006 → 加群成功
2022-06-27 22:16:44 → 19096741939 → https://t.me/zhongwen6 → 加群成功
2022-06-27 22:16:55 → 19122688827 → https://t.me/xmarspace → 加群成功
2022-06-27 22:17:07 → 19102605782 → https://t.me/flea66 → 加群成功
2022-06-27 22:17:18 → 19123805493 → https://t.me/ak11828 → 加群成功
2022-06-27 22:17:29 → 19109842608 → https://t.me/mla9999 → 加群成功
2022-06-27 22:17:40 → 19098453299 → https://t.me/seeyellow → 加群成功
2022-06-27 22:17:52 → 19103630933 → https://t.me/crxs778 → 加群成功
2022-06-27 22:18:03 → 19122162963 → https://t.me/qht888 → 加群失败：Nobody is using this username, or the username is unacceptable. If the latter, it must match r"[a-zA-Z][\w\d]{3,30}[a-zA-Z\d]" (caused by ResolveUsernameRequest)
2022-06-27 22:18:12 → 19123019844 → https://t.me/maticnetwork_china → 加群成功
2022-06-27 22:18:24 → 19123615937 → https://t.me/chinadarknet → 加群成功
2022-06-27 22:18:36 → 19092811521 → https://t.me/bandwagonhostgroup → 加群成功
2022-06-27 22:18:48 → 19092811749 → https://t.me/zhifubaojiefeng → 加群成功
2022-06-27 22:19:00 → 19108094690 → https://t.me/lasihaima266 → 加群成功
2022-06-27 22:19:12 → 19142563219 → https://t.me/xinbi088 → 加群成功
2022-06-27 22:19:24 → 19138151751 → https://t.me/bacommu → 加群成功
2022-06-27 22:19:36 → 19108077585 → https://t.me/guiyangpapa → 加群成功
2022-06-27 22:19:48 → 19097032308 → https://t.me/officelearner → 加群成功
2022-06-27 22:20:02 → 19122742979 → https://t.me/yxbjx → 加群成功
2022-06-27 22:20:13 → 19122002224 → https://t.me/light_up_comm → 加群成功
2022-06-27 22:20:27 → 19095002275 → https://t.me/network50_chat → 加群成功
2022-06-27 22:20:41 → 19092793409 → https://t.me/olddrivercd → 加群成功
2022-06-27 22:20:53 → 19107520819 → https://t.me/yamzcunziyuanduij → 加群成功
2022-06-27 22:21:05 → 19105374023 → https://t.me/hi_Official_Chinese → 加群成功
2022-06-27 22:21:16 → 19125504351 → https://t.me/huobiglobal_zw → 加群成功
2022-06-27 22:21:28 → 19142818890 → https://t.me/ysshuju1 → 加群成功
2022-06-27 22:21:40 → 19132435953 → https://t.me/TG110 → 加群成功
2022-06-27 22:21:52 → 19094927554 → https://t.me/linkdyh → 加群成功
2022-06-27 22:22:04 → 19135850799 → https://t.me/USTCtg → 加群成功
2022-06-27 22:22:16 → 19094913740 → https://t.me/dbf6666 → 加群成功
2022-06-27 22:22:28 → 19105165921 → https://t.me/dibai778899 → 加群成功
2022-06-27 22:22:39 → 19097151292 → https://t.me/dmzf8 → 加群成功
2022-06-27 22:22:51 → 19105028240 → https://t.me/fastfish2 → 加群成功
2022-06-27 22:23:03 → 19142185077 → https://t.me/mikebill888 → 加群成功
2022-06-27 22:23:15 → 19108385277 → https://t.me/jianpuzai777 → 加群成功
2022-06-27 22:23:29 → 19127955391 → https://t.me/radiocacaasian → 加群成功
2022-06-27 22:23:41 → 19142920489 → https://t.me/nwdr888 → 加群成功
2022-06-27 22:23:54 → 19142967866 → https://t.me/expressnode → 加群成功
2022-06-27 22:24:08 → 19093590835 → https://t.me/bzzone → 加群成功
2022-06-27 22:24:20 → 19133809348 → https://t.me/dibai918 → 加群成功
2022-06-27 22:24:32 → 19094172099 → https://t.me/CKidc666 → 加群成功
2022-06-27 22:24:44 → 19089863195 → https://t.me/ssunion → 加群成功
2022-06-27 22:24:48 → 19123615366 → https://t.me/australiasydneychat → 加群成功
2022-06-27 22:25:00 → 19092811749 → https://t.me/xmsji → 加群成功
2022-06-27 22:25:12 → 19127379294 → https://t.me/allswapcn → 加群成功
2022-06-27 22:25:23 → 19123723109 → https://t.me/socks55555 → 加群成功
2022-06-27 22:25:34 → 19093592961 → https://t.me/fhlmteam → 加群成功
2022-06-27 22:25:46 → 19142924106 → https://t.me/tfwzclz → 加群成功
2022-06-27 22:25:58 → 19122002224 → https://t.me/olddriver_fs → 加群成功
2022-06-27 22:26:09 → 19094172099 → https://t.me/cdshouchang4 → 加群成功
2022-06-27 22:26:21 → 19133589203 → https://t.me/qianmin → 加群成功
2022-06-27 22:26:32 → 19122688827 → https://t.me/wwxcxinting → 加群成功
2022-06-27 22:26:43 → 19142920489 → https://t.me/dockertutorial → 加群失败：RPCError 400: INVITE_REQUEST_SENT (caused by JoinChannelRequest)
2022-06-27 22:26:52 → 19142661195 → https://t.me/chlmzy → 加群成功
2022-06-27 22:27:03 → 19108094690 → https://t.me/deep3695 → 加群成功
2022-06-27 22:27:14 → 19135850799 → https://t.me/justmysockscn → 加群成功
2022-06-27 22:27:28 → 19122162963 → https://t.me/szhkfun → 加群成功
2022-06-27 22:27:39 → 19108077585 → https://t.me/homeassiant666 → 加群成功
2022-06-27 22:27:51 → 19106210284 → https://t.me/weikang2020 → 加群成功
2022-06-27 22:28:02 → 19095002275 → https://t.me/bkexchinese → 加群成功
2022-06-27 22:28:13 → 19123805493 → https://t.me/xcarnival_chinese → 加群成功
2022-06-27 22:28:24 → 19142818890 → https://t.me/cndumpschat → 加群失败：Nobody is using this username, or the username is unacceptable. If the latter, it must match r"[a-zA-Z][\w\d]{3,30}[a-zA-Z\d]" (caused by ResolveUsernameRequest)
2022-06-27 22:28:33 → 19098453299 → https://t.me/pg528 → 加群成功
2022-06-27 22:28:43 → 19142683621 → https://t.me/chatssr → 加群成功
2022-06-27 22:28:57 → 19093130278 → https://t.me/gz3388 → 加群成功
2022-06-27 22:29:09 → 19123963082 → https://t.me/tg858 → 加群失败：No user has "tg858" as username
2022-06-27 22:29:18 → 19108385277 → https://t.me/php_group_cn → 加群成功
2022-06-27 22:29:32 → 19127379294 → https://t.me/quanzhangshequ → 加群成功
2022-06-27 22:29:44 → 19094927554 → https://t.me/homeassiant666 → 加群成功
2022-06-27 22:29:56 → 19097032047 → https://t.me/polkadotzh → 加群成功
2022-06-27 22:30:08 → 19142563219 → https://t.me/bozaiweb → 加群成功
2022-06-27 22:30:20 → 19142574538 → https://t.me/zfb_qq → 加群成功
2022-06-27 22:30:32 → 19094172099 → https://t.me/daishou44 → 加群成功
2022-06-27 22:30:59 → 19095002275 → https://t.me/shuju888666 → 加群成功
2022-06-27 22:31:11 → 19092811749 → https://t.me/justmysockscn → 加群成功
2022-06-27 22:31:25 → 19096741939 → https://t.me/yuantoushuju5 → 加群成功
2022-06-27 22:31:37 → 19103630933 → https://t.me/network50_chat → 加群成功
2022-06-27 22:31:51 → 19122002224 → https://t.me/ziyuan2 → 加群成功
2022-06-27 22:32:04 → 19122214385 → https://t.me/qqlsj → 加群成功
2022-06-27 22:32:16 → 19138151751 → https://t.me/weikang2020 → 加群成功
2022-06-27 22:32:28 → 19094913740 → https://t.me/dyjiaoliu → 加群成功
2022-06-27 22:32:40 → 19095050732 → https://t.me/A_K_3A → 加群成功
2022-06-27 22:32:52 → 19093412269 → https://t.me/chaoxi → 加群成功
2022-06-27 22:33:06 → 19142528459 → https://t.me/sichouzhilu0 → 加群成功
2022-06-27 22:33:18 → 19107520819 → https://t.me/tg_king80 → 加群成功
2022-06-27 22:33:30 → 19094928998 → https://t.me/tsdb01 → 加群成功
2022-06-27 22:33:43 → 10.zip → https://t.me/gibxchange_cn → 加群失败：掉线/或官方销号
2022-06-27 22:33:53 → 19123723109 → https://t.me/bzzone → 加群成功
2022-06-27 22:34:05 → 19092793409 → https://t.me/humanresource63 → 加群失败：No user has "humanresource63" as username
2022-06-27 22:34:14 → 19123615937 → https://t.me/saltyleo_blog → 加群成功
2022-06-27 22:34:26 → 19098453166 → https://t.me/www589qkcom → 加群成功
2022-06-27 22:34:38 → 19109842608 → https://t.me/olddrivercd → 加群成功
2022-06-27 22:34:49 → 19142967866 → https://t.me/ssunion → 加群成功
2022-06-27 22:35:01 → 19095052432 → https://t.me/qingroup → 加群成功
2022-06-27 22:35:13 → 19123242833 → https://t.me/dbjlq1 → 加群成功
2022-06-27 22:35:25 → 19098452543 → https://t.me/BinanceChinese → 加群成功
2022-06-27 22:35:37 → 19128058042 → https://t.me/esmascript6 → 加群成功
2022-06-27 22:35:49 → 19108077585 → https://t.me/CvvinternalOrganization → 加群成功
2022-06-27 22:36:03 → 19123301773 → https://t.me/tfwzclz → 加群成功
2022-06-27 22:36:15 → 19102605782 → https://t.me/a_k_3a → 加群成功
2022-06-27 22:36:28 → 19096006881 → https://t.me/njwwjpxc → 加群成功
2022-06-27 22:36:40 → 19089449397 → https://t.me/dibai918 → 加群成功
2022-06-27 22:36:51 → 19135850799 → https://t.me/tcelue1 → 加群成功
2022-06-27 22:37:03 → 19123615366 → https://t.me/ltq33 → 加群成功
2022-06-27 22:37:15 → 19122742979 → https://t.me/xbzijian → 加群成功
2022-06-27 22:37:29 → 19142528510 → https://t.me/galaxyheroescn → 加群成功
2022-06-27 22:37:41 → 19133589203 → https://t.me/fw992 → 加群成功
2022-06-27 22:37:53 → 19108883240 → https://t.me/liaobshe → 加群成功
2022-06-27 22:38:05 → 19108094690 → https://t.me/tg771 → 加群成功
2022-06-27 22:38:17 → 19142661195 → https://t.me/maticnetwork_china → 加群成功
2022-06-27 22:38:29 → 19093590835 → https://t.me/monstainfinitechinese → 加群成功
2022-06-27 22:38:41 → 19133562816 → https://t.me/AlipayJiFu → 加群成功
2022-06-27 22:38:53 → 19105165921 → https://t.me/TG55555555555 → 加群成功
2022-06-27 22:39:05 → 19128058031 → https://t.me/hi_Official_Chinese → 加群成功
2022-06-27 22:39:17 → 19098453299 → https://t.me/myanmarcn → 加群成功
2022-06-27 22:39:31 → 19143075530 → https://t.me/zhongwen6 → 加群成功
2022-06-27 22:39:43 → 19095362850 → https://t.me/bdzycom → 加群成功
2022-06-27 22:39:55 → 19097032059 → https://t.me/CKidc666 → 加群成功
2022-06-27 22:40:07 → 19093240377 → https://t.me/yxbjx → 加群成功
2022-06-27 22:40:18 → 19105374023 → https://t.me/TG006 → 加群成功
2022-06-27 22:40:30 → 19122162963 → https://t.me/olddriver_fs → 加群成功
2022-06-27 22:40:42 → 19097032308 → https://t.me/pshqo → 加群成功
2022-06-27 22:40:54 → 19128058145 → https://t.me/goutuiclub → 加群成功
2022-06-27 22:41:08 → 19089863195 → https://t.me/hi628 → 加群成功
2022-06-27 22:41:22 → 19106210284 → https://t.me/paofen33 → 加群成功
2022-06-27 22:41:34 → 19142924106 → https://t.me/tg_88888 → 加群成功
2022-06-27 22:41:46 → 19123019844 → https://t.me/dbf6666 → 加群成功
2022-06-27 22:41:58 → 19125504351 → https://t.me/zhifubaojiefeng → 加群成功
2022-06-27 22:42:10 → 19133809348 → https://t.me/universityalliance → 加群成功
2022-06-27 22:42:24 → 19108891339 → https://t.me/wuhpay → 加群成功
2022-06-27 22:42:36 → 19092811521 → https://t.me/qwerdt1 → 加群成功
2022-06-27 22:42:48 → 19092948245 → https://t.me/P541888888 → 加群成功
2022-06-27 22:43:00 → 19102406976 → https://t.me/zhongshandidi → 加群成功
2022-06-27 22:43:12 → 19122688827 → https://t.me/sakura_cloud → 加群成功
2022-06-27 22:43:24 → 19142818890 → https://t.me/seeyellow → 加群成功
2022-06-27 22:43:36 → 19132435953 → https://t.me/ak11828 → 加群成功
2022-06-27 22:43:48 → 19093592961 → https://t.me/zhifu7788 → 加群成功
2022-06-27 22:44:01 → 19104678934 → https://t.me/yuantoushuju4 → 加群成功
2022-06-27 22:44:14 → 19108887818 → https://t.me/tg088 → 加群成功
2022-06-27 22:44:26 → 19123805493 → https://t.me/expressnode → 加群成功
2022-06-27 22:44:38 → 19093403629 → https://t.me/BikingChineseGroup → 加群成功
2022-06-27 22:44:50 → 19142185077 → https://t.me/lasihaima266 → 加群成功
2022-06-27 22:45:02 → 19097151292 → https://t.me/balance863 → 加群成功
2022-06-27 22:45:15 → 19127955391 → https://t.me/sq577 → 加群成功
2022-06-27 22:45:26 → 19105028240 → https://t.me/avnrichchinese_chat → 加群成功
2022-06-27 22:45:38 → 19135652588 → https://t.me/dibaihrg009 → 加群成功
2022-06-27 22:45:50 → 19142920489 → https://t.me/TG12389 → 加群成功
2022-06-27 22:46:01 → 19124217237 → https://t.me/gdr666 → 加群失败：Cannot cast InputPeerUser to any kind of InputChannel.
2022-06-27 22:46:10 → 19104608778 → https://t.me/frontend_talk → 加群成功
2022-06-27 22:46:24 → 19098334676 → https://t.me/usdtbmw → 加群成功
2022-06-27 22:46:41 → 19094927554 → https://t.me/xbdb01 → 加群成功
2022-06-27 22:46:53 → 19092948245 → https://t.me/juliang666 → 加群成功
2022-06-27 22:47:05 → 19108385277 → https://t.me/heyuedashen1 → 加群成功
2022-06-27 22:47:17 → 19097151292 → https://t.me/gif128 → 加群成功
2022-06-27 22:47:29 → 19132435953 → https://t.me/fwbzy → 加群成功
2022-06-27 22:47:41 → 19092811749 → https://t.me/dijia02 → 加群成功
2022-06-27 22:47:53 → 19123723109 → https://t.me/feihuaph → 加群成功
2022-06-27 22:48:05 → 19122742979 → https://t.me/dockertutorial → 加群失败：RPCError 400: INVITE_REQUEST_SENT (caused by JoinChannelRequest)
2022-06-27 22:48:14 → 19108094690 → https://t.me/TG110 → 加群成功
2022-06-27 22:48:27 → 10.zip → https://t.me/yueaijilu → 加群失败：掉线/或官方销号
2022-06-27 22:48:37 → 19128058145 → https://t.me/kaihesoft → 加群成功
2022-06-27 22:48:50 → 19095052432 → https://t.me/chaxun2020 → 加群失败：No user has "chaxun2020" as username
2022-06-27 22:48:59 → 19092811521 → https://t.me/ysshuju1 → 加群成功
2022-06-27 22:49:11 → 19133562816 → https://t.me/tg148 → 加群成功
2022-06-27 22:49:23 → 19142528510 → https://t.me/blsq55 → 加群成功
2022-06-27 22:49:35 → 19098453299 → https://t.me/liuhedadui → 加群成功
2022-06-27 22:49:47 → 19107520819 → https://t.me/yyl001 → 加群成功
2022-06-27 22:49:59 → 19142661195 → https://t.me/three001 → 加群成功
2022-06-27 22:50:11 → 19093590835 → https://t.me/+jrPK9KTLN3k2ODM1 → 加群失败：Cannot find any entity corresponding to "https://t.me/+jrPK9KTLN3k2ODM1"
2022-06-27 22:50:20 → 19095362850 → https://t.me/vfucloud → 加群成功
2022-06-27 22:50:32 → 19094913740 → https://t.me/YYL001 → 加群成功
2022-06-27 22:50:44 → 19142528459 → https://t.me/tg328 → 加群成功
2022-06-27 22:50:56 → 19097032059 → https://t.me/yangjiangchannel → 加群成功
2022-06-27 22:51:08 → 19089863195 → https://t.me/olddriverhui → 加群成功
2022-06-27 22:51:20 → 19142967866 → https://t.me/laowangdan → 加群成功
2022-06-27 22:51:32 → 19102605782 → https://t.me/changsha_dev → 加群成功
2022-06-27 22:51:44 → 19094928998 → https://t.me/qxinw → 加群成功
2022-06-27 22:51:56 → 19102406976 → https://t.me/fluxdefi → 加群成功
2022-06-27 22:52:08 → 19122162963 → https://t.me/tglianmeng002 → 加群成功
2022-06-27 22:52:20 → 19108891339 → https://t.me/btokcn_0016 → 加群成功
2022-06-27 22:52:32 → 19135652588 → https://t.me/kachahu → 加群成功
2022-06-27 22:52:45 → 19135850799 → https://t.me/tokaucn → 加群成功
2022-06-27 22:52:57 → 19133809348 → https://t.me/fw866 → 加群成功
2022-06-27 22:53:09 → 19095050732 → https://t.me/GouTuiClub → 加群成功
2022-06-27 22:53:23 → 19093592961 → https://t.me/xuanchengolddriver → 加群成功
2022-06-27 22:53:35 → 19097032047 → https://t.me/deep3695 → 加群成功
2022-06-27 22:53:47 → 19122002224 → https://t.me/olddriver_cdu → 加群成功
2022-06-27 22:53:59 → 19142920489 → https://t.me/paofen315 → 加群成功
2022-06-27 22:54:11 → 19124217237 → https://t.me/dhjlq → 加群成功
2022-06-27 22:54:23 → 19105374023 → https://t.me/trj_shore001 → 加群成功
2022-06-27 22:54:35 → 19142818890 → https://t.me/binancechinese → 加群成功
2022-06-27 22:54:47 → 19138151751 → https://t.me/Zoey052697 → 加群成功
2022-06-27 22:54:59 → 19122688827 → https://t.me/guminlaqun66 → 加群成功
2022-06-27 22:55:11 → 19142563219 → https://t.me/pionexcn → 加群成功
2022-06-27 22:55:23 → 19143075530 → https://t.me/pcptm → 加群成功
2022-06-27 22:55:35 → 19098453166 → https://t.me/axujj → 加群成功
2022-06-27 22:55:47 → 19133589203 → https://t.me/xiaohao2018 → 加群成功
2022-06-27 22:55:59 → 19123242833 → https://t.me/mikebill888 → 加群成功
2022-06-27 22:56:11 → 19103630933 → https://t.me/doge88 → 加群成功
2022-06-27 22:56:23 → 19093403629 → https://t.me/haojiyou → 加群成功
2022-06-27 22:56:37 → 19125504351 → https://t.me/discussimmigration → 加群成功
2022-06-27 22:56:49 → 19098334676 → https://t.me/shell66666 → 加群成功
2022-06-27 22:57:02 → 19128058031 → https://t.me/readerbeta → 加群成功
2022-06-27 22:57:14 → 19123019844 → https://t.me/Socks55555 → 加群失败：群组禁止访问
2022-06-27 22:57:25 → 19127955391 → https://t.me/gboxtg → 加群成功
2022-06-27 22:57:36 → 19123615366 → https://t.me/yidaoshou2 → 加群成功
2022-06-27 22:57:49 → 19123301773 → https://t.me/biboxgroup → 加群成功
2022-06-27 22:58:01 → 19104608778 → https://t.me/ml520 → 加群成功
2022-06-27 22:58:13 → 19096006881 → https://t.me/wubuxianjingziyuan → 加群成功
2022-06-27 22:58:25 → 19093412269 → https://t.me/Fkzy_Group → 加群成功
2022-06-27 22:58:37 → 19096741939 → https://t.me/mf_group → 加群成功
2022-06-27 22:58:49 → 19108887818 → https://t.me/bclm1 → 加群成功
2022-06-27 22:59:01 → 19108883240 → https://t.me/aomenliuhe88 → 加群成功
2022-06-27 22:59:15 → 19089449397 → https://t.me/DBhuaren1 → 加群成功
2022-06-27 22:59:27 → 19104678934 → https://t.me/goutui1113 → 加群成功
2022-06-27 22:59:39 → 19142185077 → https://t.me/wybf168168 → 加群成功
2022-06-27 22:59:51 → 19122214385 → https://t.me/DIP9188 → 加群成功
2022-06-27 23:00:03 → 19109842608 → https://t.me/html66 → 加群成功
2022-06-27 23:00:14 → 19123805493 → https://t.me/tg8848community → 加群成功
2022-06-27 23:00:25 → 19127379294 → https://t.me/zzlsjbyq → 加群成功
2022-06-27 23:00:37 → 19123963082 → https://t.me/dbjlq1 → 加群成功
2022-06-27 23:00:48 → 19142528459 → https://t.me/fhaak8 → 加群成功
2022-06-27 23:01:00 → 19095052432 → https://t.me/server699 → 加群成功
2022-06-27 23:01:12 → 19122214385 → https://t.me/btokcn_0016 → 加群成功
2022-06-27 23:01:24 → 19123723109 → https://t.me/MDhuaren1 → 加群成功
2022-06-27 23:23:17 → 19095050732 → https://t.me/tg_king80 → 加群成功
2022-06-27 23:23:29 → 19092793409 → https://t.me/njwwjpxc → 加群成功
2022-06-27 23:23:41 → 19142967866 → https://t.me/radiocacaasian → 加群成功
2022-06-27 23:23:53 → 19092811521 → https://t.me/discussimmigration → 加群成功
2022-06-27 23:24:04 → 19094913740 → https://t.me/tianziusdt → 加群成功
2022-06-27 23:24:16 → 19089863195 → https://t.me/Nst_WP → 加群成功
2022-06-27 23:24:27 → 19093130278 → https://t.me/yuantoushuju5 → 加群成功
2022-06-27 23:24:39 → 19092948245 → https://t.me/yidaoshou2 → 加群成功
2022-06-27 23:24:50 → 19132435953 → https://t.me/qqlsj → 加群成功
2022-06-27 23:25:01 → 19106210284 → https://t.me/sakura_cloud → 加群成功
2022-06-27 23:25:13 → 19108887818 → https://t.me/dhjlq → 加群成功
2022-06-27 23:25:24 → 19107520819 → https://t.me/btokofficial_03 → 加群成功
2022-06-27 23:25:36 → 19094927554 → https://t.me/gif128 → 加群成功
2022-06-27 23:25:48 → 19105165921 → https://t.me/goutui → 加群成功
2022-06-27 23:26:01 → 19108891339 → https://t.me/bozaiweb → 加群成功
2022-06-27 23:26:12 → 19142574538 → https://t.me/dbf6666 → 加群成功
2022-06-27 23:26:24 → 19142924106 → https://t.me/officelearner → 加群成功
2022-06-27 23:26:38 → 19108077585 → https://t.me/fastfish2 → 加群成功
2022-06-27 23:26:52 → 19097032047 → https://t.me/feihuaph → 加群成功
2022-06-27 23:27:03 → 19095362850 → https://t.me/+jrPK9KTLN3k2ODM1 → 加群失败：Cannot find any entity corresponding to "https://t.me/+jrPK9KTLN3k2ODM1"
2022-06-27 23:27:12 → 19128058145 → https://t.me/xbzijian → 加群成功
2022-06-27 23:27:26 → 19124217237 → https://t.me/zaozhuang1 → 加群成功
2022-06-27 23:27:37 → 19092811749 → https://t.me/daishuvpn → 加群成功
2022-06-27 23:27:48 → 19089449397 → https://t.me/GouTuiClub → 加群失败：群组禁止访问
2022-06-27 23:27:58 → 19095052432 → https://t.me/heyuedashen1 → 加群成功
2022-06-27 23:28:09 → 19093403629 → https://t.me/v2rayn → 加群成功
2022-06-27 23:28:21 → 19123805493 → https://t.me/gdsjq → 加群成功
2022-06-27 23:28:33 → 19123963082 → https://t.me/sanfang53 → 加群成功
2022-06-27 23:29:00 → 19103630933 → https://t.me/BinancePoolChinese → 加群成功
2022-06-27 23:29:13 → 19097032308 → https://t.me/crxs778 → 加群成功
2022-06-27 23:29:25 → 19098452543 → https://t.me/guiyangpapa → 加群成功
2022-06-27 23:29:37 → 19142683621 → https://t.me/balance863 → 加群成功
2022-06-27 23:29:49 → 19094928998 → https://t.me/xmarspace → 加群成功
2022-06-27 23:30:01 → 19122162963 → https://t.me/gibxchange_cn → 加群成功
2022-06-27 23:30:13 → 19094172099 → https://t.me/bkexchinese → 加群成功
2022-06-27 23:30:25 → 19093240377 → https://t.me/lendhub → 加群成功
2022-06-27 23:30:37 → 19123615937 → https://t.me/wangzhuanusdt → 加群成功
2022-06-27 23:31:04 → 19123019844 → https://t.me/shenzhencity → 加群成功
2022-06-27 23:31:16 → 19142818890 → https://t.me/tgdl128 → 加群成功
2022-06-27 23:31:28 → 19097032059 → https://t.me/appssweepstakes → 加群成功
2022-06-27 23:31:42 → 19104608778 → https://t.me/google_win → 加群成功
2022-06-27 23:31:55 → 10.zip → https://t.me/aomenliuhe88 → 加群失败：掉线/或官方销号
2022-06-27 23:32:05 → 19133562816 → https://t.me/linkdyh → 加群成功
2022-06-27 23:32:17 → 19142185077 → https://t.me/huanqian35 → 加群成功
2022-06-27 23:32:29 → 19133589203 → https://t.me/yangjiangchannel → 加群成功
2022-06-27 23:32:41 → 19096741939 → https://t.me/TGhuaren1 → 加群成功
2022-06-27 23:32:53 → 19135850799 → https://t.me/binance_api_chinese → 加群成功
2022-06-27 23:33:05 → 19122214385 → https://t.me/hgmhxz → 加群成功
2022-06-27 23:33:17 → 19125504351 → https://t.me/html66 → 加群成功
2022-06-27 23:33:29 → 19128058042 → https://t.me/USTCtg → 加群成功
2022-06-27 23:33:42 → 19122688827 → https://t.me/binancechinese → 加群成功
2022-06-27 23:33:54 → 19123301773 → https://t.me/frontend_talk → 加群成功
2022-06-27 23:34:08 → 19108094690 → https://t.me/mla9999 → 加群成功
2022-06-27 23:34:20 → 19095002275 → https://t.me/tiandeng88 → 加群成功
2022-06-27 23:34:32 → 19128058031 → https://t.me/qwerdt1 → 加群成功
2022-06-27 23:34:44 → 19093592961 → https://t.me/dmzf8 → 加群成功
2022-06-27 23:34:56 → 19127379294 → https://t.me/chaoxi → 加群成功
2022-06-27 23:35:10 → 19138151751 → https://t.me/yuehui8 → 加群成功
2022-06-27 23:35:22 → 19127955391 → https://t.me/homeassiant666 → 加群成功
2022-06-27 23:35:34 → 19142528510 → https://t.me/programertalk → 加群成功
2022-06-27 23:35:46 → 19098453299 → https://t.me/liuhedadui → 加群成功
2022-06-27 23:35:57 → 19096006881 → https://t.me/hzaxx → 加群成功
2022-06-27 23:36:09 → 19102605782 → https://t.me/jiamidi → 加群成功
2022-06-27 23:36:23 → 19104678934 → https://t.me/guminlaqun66 → 加群成功
2022-06-27 23:36:35 → 19143075530 → https://t.me/TG907 → 加群成功
2022-06-27 23:36:47 → 19097151292 → https://t.me/paofen33 → 加群成功
2022-06-27 23:36:59 → 19135652588 → https://t.me/huanxiangyouxi → 加群成功
2022-06-27 23:38:35 → 19094913740 → https://t.me/quanqiushouhuo → 加群成功
2022-06-27 23:38:46 → 19108077585 → https://t.me/njwwjpxc → 加群成功
2022-06-27 23:38:57 → 19108094690 → https://t.me/zn88666 → 加群成功
2022-06-27 23:39:08 → 19104678934 → https://t.me/TG12389 → 加群成功
2022-06-27 23:39:19 → 19105028240 → https://t.me/CvvinternalOrganization → 加群成功
2022-06-27 23:39:33 → 19097032059 → https://t.me/tg858 → 加群失败：No user has "tg858" as username
2022-06-27 23:39:42 → 19103630933 → https://t.me/vfucloud → 加群成功
2022-06-27 23:39:53 → 19095050732 → https://t.me/paofen315 → 加群成功
2022-06-27 23:40:04 → 19097032047 → https://t.me/huaxingyl8 → 加群失败：No user has "huaxingyl8" as username
2022-06-27 23:40:13 → 19095002275 → https://t.me/TG188188 → 加群成功
2022-06-27 23:40:25 → 19089863195 → https://t.me/akkcloud → 加群成功
2022-06-27 23:40:38 → 19108887818 → https://t.me/ak11828 → 加群成功
2022-06-27 23:40:49 → 19095052432 → https://t.me/wangzhuanusdt → 加群成功
2022-06-27 23:41:01 → 19097032308 → https://t.me/yangjiangchannel → 加群成功
2022-06-27 23:41:12 → 19093592961 → https://t.me/yuantoushuju5 → 加群成功
2022-06-27 23:41:24 → 19096006881 → https://t.me/dockertutorial → 加群失败：RPCError 400: INVITE_REQUEST_SENT (caused by JoinChannelRequest)
2022-06-27 23:41:33 → 19098334676 → https://t.me/botong002 → 加群成功
2022-06-27 23:41:44 → 19092948245 → https://t.me/xbdb01 → 加群成功
2022-06-27 23:41:55 → 19105165921 → https://t.me/dibai918 → 加群成功
2022-06-27 23:42:06 → 19096741939 → https://t.me/huichan_com_grp → 加群成功
2022-06-27 23:42:18 → 19093403629 → https://t.me/tg96110 → 加群成功
2022-06-27 23:42:29 → 19105374023 → https://t.me/shuju888666 → 加群成功
2022-06-27 23:42:40 → 19102605782 → https://t.me/BinancePoolChinese → 加群成功
2022-06-27 23:42:51 → 19106210284 → https://t.me/goutui → 加群成功
2022-06-27 23:43:05 → 19095362850 → https://t.me/aomenliuhe88 → 加群成功
2022-06-27 23:43:16 → 19092793409 → https://t.me/paofen1688 → 加群成功
2022-06-27 23:43:27 → 19089449397 → https://t.me/qht888 → 加群失败：Nobody is using this username, or the username is unacceptable. If the latter, it must match r"[a-zA-Z][\w\d]{3,30}[a-zA-Z\d]" (caused by ResolveUsernameRequest)
2022-06-27 23:43:36 → 19093412269 → https://t.me/olddriversh → 加群成功
2022-06-27 23:43:48 → 19093590835 → https://t.me/socks55555 → 加群成功
2022-06-27 23:43:59 → 19093240377 → https://t.me/guangdongyue → 加群成功
2022-06-27 23:44:10 → 19094928998 → https://t.me/qwerdt1 → 加群成功
2022-06-27 23:44:21 → 19107520819 → https://t.me/jianpuzai777 → 加群成功
2022-06-27 23:44:35 → 19098452543 → https://t.me/otcfl → 加群成功
2022-06-27 23:44:46 → 19098453299 → https://t.me/wwxcxinting → 加群成功
2022-06-27 23:44:57 → 19092811749 → https://t.me/tronnetworkcn → 加群成功
2022-06-27 23:45:08 → 19093130278 → https://t.me/dfsdaeaw → 加群失败：Nobody is using this username, or the username is unacceptable. If the latter, it must match r"[a-zA-Z][\w\d]{3,30}[a-zA-Z\d]" (caused by ResolveUsernameRequest)
2022-06-27 23:45:17 → 19097151292 → https://t.me/loufenha → 加群成功
2022-06-27 23:45:28 → 19108883240 → https://t.me/tg_king80 → 加群成功
2022-06-27 23:45:40 → 19104608778 → https://t.me/mf_group → 加群成功
2022-06-27 23:45:51 → 19094927554 → https://t.me/HTCOLV → 加群成功
2022-06-27 23:46:03 → 19098453166 → https://t.me/PHMAKA107 → 加群成功
2022-06-27 23:46:15 → 19108891339 → https://t.me/axujj → 加群成功
2022-06-27 23:46:26 → 19108385277 → https://t.me/bclm1 → 加群成功
2022-06-27 23:46:38 → 19094172099 → https://t.me/mljlq → 加群成功
2022-06-27 23:46:49 → 19102406976 → https://t.me/shenma001 → 加群成功
2022-06-27 23:47:00 → 19092811521 → https://t.me/discussimmigration → 加群成功
2022-06-27 23:47:16 → 19103630933 → https://t.me/tg12389 → 加群成功
2022-06-27 23:47:28 → 19089449397 → https://t.me/dibaihrg009 → 加群成功
2022-06-27 23:47:40 → 19102406976 → https://t.me/polkadotzh → 加群成功
2022-06-27 23:47:52 → 19097032059 → https://t.me/australiasydneychat → 加群成功
2022-06-27 23:48:04 → 19094927554 → https://t.me/chinadarknet → 加群成功
2022-06-27 23:48:16 → 19095052432 → https://t.me/QQXGQQ → 加群成功
2022-06-27 23:48:28 → 19108385277 → https://t.me/tfwzclz → 加群成功
2022-06-27 23:48:40 → 19108094690 → https://t.me/iampua → 加群成功
2022-06-27 23:48:52 → 19093130278 → https://t.me/gdsjq → 加群成功
2022-06-27 23:49:04 → 19106210284 → https://t.me/pingan66chadang → 加群成功
2022-06-27 23:49:16 → 19098334676 → https://t.me/daishou15 → 加群成功
2022-06-27 23:49:28 → 19105374023 → https://t.me/server699 → 加群成功
2022-06-27 23:49:40 → 19092793409 → https://t.me/tg6198 → 加群成功
2022-06-27 23:49:52 → 19108077585 → https://t.me/tiandeng88 → 加群成功
2022-06-27 23:50:04 → 19094913740 → https://t.me/readerbeta → 加群成功
2022-06-27 23:50:16 → 19092948245 → https://t.me/daishoujiaoyi → 加群成功
2022-06-27 23:50:28 → 19097032308 → https://t.me/wybf168168 → 加群成功
2022-06-27 23:50:40 → 19108887818 → https://t.me/tokaucn → 加群成功
2022-06-27 23:50:52 → 19105028240 → https://t.me/monstainfinitechinese → 加群成功
2022-06-27 23:51:04 → 19096741939 → https://t.me/asiaweed → 加群成功
2022-06-27 23:51:16 → 19096006881 → https://t.me/qianmin → 加群成功
2022-06-27 23:51:28 → 19092811521 → https://t.me/Sz1888 → 加群成功
2022-06-27 23:51:40 → 19108883240 → https://t.me/shore999888 → 加群成功
2022-06-27 23:51:52 → 19102605782 → https://t.me/FHLMTEAM → 加群成功
2022-06-27 23:52:04 → 19098452543 → https://t.me/ckidc666 → 加群成功
2022-06-27 23:52:16 → 19104678934 → https://t.me/lasihaima266 → 加群成功
2022-06-27 23:52:28 → 19093592961 → https://t.me/phbbs → 加群成功
2022-06-27 23:52:40 → 19094172099 → https://t.me/three001 → 加群成功
2022-06-27 23:52:52 → 19108891339 → https://t.me/liaobshe → 加群成功
2022-06-27 23:53:04 → 19104608778 → https://t.me/BKEXChinese → 加群成功
2022-06-27 23:53:16 → 19105165921 → https://t.me/xbzijian → 加群成功
2022-06-27 23:53:30 → 19095002275 → https://t.me/gboxtg → 加群成功
2022-06-27 23:53:42 → 19093412269 → https://t.me/tgdl128 → 加群成功
2022-06-27 23:53:54 → 19095362850 → https://t.me/gdr666 → 加群失败：Cannot cast InputPeerUser to any kind of InputChannel.
2022-06-27 23:54:03 → 19095050732 → https://t.me/BikingChineseGroup → 加群成功
2022-06-27 23:54:15 → 19093590835 → https://t.me/blsq55 → 加群成功
2022-06-27 23:54:27 → 19098453299 → https://t.me/Dingshia → 加群成功
2022-06-27 23:54:39 → 19089863195 → https://t.me/btokcn_0016 → 加群成功
2022-06-27 23:54:51 → 19107520819 → https://t.me/shenzhencity → 加群成功
2022-06-27 23:55:03 → 19093403629 → https://t.me/zfb_qq → 加群成功
2022-06-27 23:55:15 → 19097151292 → https://t.me/esmascript6 → 加群成功
2022-06-27 23:55:27 → 19092811749 → https://t.me/goutui1113 → 加群成功
2022-06-27 23:55:39 → 19094928998 → https://t.me/TGhuaren1 → 加群成功
2022-06-27 23:55:51 → 19098453166 → https://t.me/universityalliance → 加群成功
2022-06-27 23:56:05 → 19097032047 → https://t.me/TG006 → 加群成功
2022-06-27 23:56:17 → 19093240377 → https://t.me/humanresource63 → 加群失败：No user has "humanresource63" as username
2022-06-27 23:56:32 → 19095052432 → https://t.me/dbf6666 → 加群成功
2022-06-27 23:56:44 → 19098452543 → https://t.me/bitcoin_cn → 加群成功
2022-06-27 23:56:56 → 19104608778 → https://t.me/homeassiant666 → 加群成功
2022-06-27 23:57:08 → 19098453166 → https://t.me/cambodiacn → 加群成功
2022-06-27 23:57:22 → 19108077585 → https://t.me/kaihesoft → 加群成功
2022-06-27 23:57:35 → 19094927554 → https://t.me/raicoincn → 加群成功
2022-06-27 23:57:47 → 19105165921 → https://t.me/xcarnival_chinese → 加群成功
2022-06-27 23:57:59 → 19093592961 → https://t.me/+jrPK9KTLN3k2ODM1 → 加群失败：Cannot find any entity corresponding to "https://t.me/+jrPK9KTLN3k2ODM1"
2022-06-27 23:58:08 → 19096741939 → https://t.me/TG110 → 加群成功
2022-06-27 23:58:20 → 19097151292 → https://t.me/yueaijilu → 加群成功
2022-06-27 23:58:32 → 19107520819 → https://t.me/beiluochat → 加群成功
2022-06-27 23:58:46 → 19098334676 → https://t.me/justmysockscn → 加群成功
2022-06-27 23:59:00 → 19106210284 → https://t.me/tg148 → 加群成功
2022-06-27 23:59:12 → 19105028240 → https://t.me/AlipayJiFu → 加群成功
2022-06-27 23:59:24 → 19092793409 → https://t.me/fastfish2 → 加群成功
2022-06-27 23:59:38 → 19108385277 → https://t.me/tgzhcn → 加群成功
2022-06-27 23:59:50 → 19092811521 → https://t.me/MDhuaren1 → 加群成功