
2022-06-28 00:00:02 → 19098453299 → https://t.me/crxs778 → 加群成功
2022-06-28 00:00:14 → 19092948245 → https://t.me/ak99yunmlsxfgds → 加群成功
2022-06-28 00:00:28 → 19093130278 → https://t.me/chaxun2020 → 加群失败：No user has "chaxun2020" as username
2022-06-28 00:00:37 → 19095050732 → https://t.me/lendhub → 加群成功
2022-06-28 00:00:49 → 19108883240 → https://t.me/olddrivergd → 加群成功
2022-06-28 00:01:01 → 19093412269 → https://t.me/huihui220 → 加群成功
2022-06-28 00:01:13 → 19097032308 → https://t.me/xysbbs → 加群成功
2022-06-28 00:01:25 → 19105374023 → https://t.me/liuhedadui → 加群成功
2022-06-28 00:01:37 → 19102605782 → https://t.me/trj_shore001 → 加群成功
2022-06-28 00:01:49 → 19096006881 → https://t.me/olddriver_cdu → 加群成功
2022-06-28 00:02:01 → 19094928998 → https://t.me/TG907 → 加群成功
2022-06-28 00:02:13 → 19093240377 → https://t.me/dijia02 → 加群成功
2022-06-28 00:02:25 → 19095002275 → https://t.me/xiaohao2018 → 加群成功
2022-06-28 00:02:37 → 19092811749 → https://t.me/db_lm → 加群成功
2022-06-28 00:02:49 → 19094172099 → https://t.me/CKidc666 → 加群失败：群组禁止访问
2022-06-28 00:02:58 → 19108891339 → https://t.me/fw866 → 加群成功
2022-06-28 00:03:10 → 19104678934 → https://t.me/tg088 → 加群成功
2022-06-28 00:03:22 → 19089449397 → https://t.me/chatssr → 加群成功
2022-06-28 00:03:38 → 19097032047 → https://t.me/binance_api_chinese → 加群成功
2022-06-28 00:03:50 → 19108887818 → https://t.me/tg1949521 → 加群成功
2022-06-28 00:04:02 → 19103630933 → https://t.me/pionexcn → 加群成功
2022-06-28 00:04:14 → 19097032059 → https://t.me/fhaak8 → 加群成功
2022-06-28 00:04:26 → 19093590835 → https://t.me/Zoey052697 → 加群成功
2022-06-28 00:04:38 → 19102406976 → https://t.me/zaozhuang1 → 加群成功
2022-06-28 00:04:50 → 19095362850 → https://t.me/feihelp → 加群成功
2022-06-28 00:05:02 → 19108094690 → https://t.me/seeyellow → 加群成功
2022-06-28 00:05:14 → 19093403629 → https://t.me/chlmzy → 加群成功
2022-06-28 00:05:26 → 19094913740 → https://t.me/appssweepstakes → 加群成功
2022-06-28 00:05:40 → 19089863195 → https://t.me/usdtdfds → 加群成功
2022-06-28 00:06:13 → 19096741939 → https://t.me/bkexchinese → 加群成功
2022-06-28 00:06:25 → 19098453166 → https://t.me/qqlsj → 加群成功
2022-06-28 00:06:37 → 19097032308 → https://t.me/tg108 → 加群成功
2022-06-28 00:06:49 → 19089449397 → https://t.me/v2rayn → 加群成功
2022-06-28 00:07:01 → 19105165921 → https://t.me/ai699 → 加群成功
2022-06-28 00:07:13 → 19108385277 → https://t.me/USTCtg → 加群成功
2022-06-28 00:07:25 → 19096006881 → https://t.me/hzaxx → 加群成功
2022-06-28 00:07:36 → 19094928998 → https://t.me/hi628 → 加群成功
2022-06-28 00:07:50 → 19097032059 → https://t.me/dayofdefeatcn → 加群成功
2022-06-28 00:08:02 → 19092948245 → https://t.me/weikang2020 → 加群成功
2022-06-28 00:08:14 → 19102605782 → https://t.me/frontend_talk → 加群成功
2022-06-28 00:08:28 → 19095050732 → https://t.me/myanmarcn → 加群成功
2022-06-28 00:08:42 → 19092793409 → https://t.me/zhifu7788 → 加群成功
2022-06-28 00:08:55 → 19108887818 → https://t.me/ys52111 → 加群成功
2022-06-28 00:09:07 → 19092811749 → https://t.me/zhifubaojiefeng → 加群成功
2022-06-28 00:09:19 → 19108883240 → https://t.me/ysshuju1 → 加群成功
2022-06-28 00:09:32 → 19095002275 → https://t.me/KavaChinese → 加群成功
2022-06-28 00:09:43 → 19095362850 → https://t.me/xianliao01 → 加群成功
2022-06-28 00:09:55 → 19105374023 → https://t.me/gif128 → 加群成功
2022-06-28 00:10:07 → 19095052432 → https://t.me/mikebill888 → 加群成功
2022-06-28 00:10:19 → 19104678934 → https://t.me/tg8848community → 加群成功
2022-06-28 00:10:31 → 19093130278 → https://t.me/liuxingsq → 加群成功
2022-06-28 00:10:44 → 19093412269 → https://t.me/quanzhangshequ → 加群成功
2022-06-28 00:10:56 → 19105028240 → https://t.me/cndumpschat → 加群失败：Nobody is using this username, or the username is unacceptable. If the latter, it must match r"[a-zA-Z][\w\d]{3,30}[a-zA-Z\d]" (caused by ResolveUsernameRequest)
2022-06-28 00:11:05 → 19094927554 → https://t.me/hunantg → 加群成功
2022-06-28 00:11:19 → 19107520819 → https://t.me/lkdxqf88 → 加群成功
2022-06-28 00:11:31 → 19103630933 → https://t.me/heyuedashen1 → 加群成功
2022-06-28 00:11:43 → 19093240377 → https://t.me/aofexcn → 加群成功
2022-06-28 00:11:55 → 19098452543 → https://t.me/huiguophp → 加群成功
2022-06-28 00:12:07 → 19104608778 → https://t.me/wubuxianjingziyuan → 加群成功
2022-06-28 00:12:19 → 19094913740 → https://t.me/tg_88888 → 加群成功
2022-06-28 00:12:31 → 19089863195 → https://t.me/HuNanTG → 加群成功
2022-06-28 00:12:45 → 19097151292 → https://t.me/liang1112233 → 加群成功
2022-06-28 00:12:57 → 19093403629 → https://t.me/feihuaph → 加群成功
2022-06-28 00:13:09 → 19094172099 → https://t.me/haojiyou → 加群成功
2022-06-28 00:13:23 → 19093592961 → https://t.me/saltyleo_blog → 加群成功
2022-06-28 00:13:35 → 19108077585 → https://t.me/nbydxyk1 → 加群成功
2022-06-28 00:13:47 → 19108094690 → https://t.me/php_group_cn → 加群成功
2022-06-28 00:14:01 → 19108891339 → https://t.me/pcptm → 加群成功
2022-06-28 00:14:13 → 19106210284 → https://t.me/shell66666 → 加群成功
2022-06-28 00:14:25 → 19093590835 → https://t.me/Socks55555 → 加群失败：群组禁止访问
2022-06-28 00:14:34 → 19102406976 → https://t.me/huobiglobal_zw → 加群成功
2022-06-28 00:14:46 → 19098453299 → https://t.me/kedoucloud → 加群成功
2022-06-28 00:14:58 → 19097032047 → https://t.me/bozaiweb → 加群成功
2022-06-28 00:15:10 → 19092811521 → https://t.me/binzhouqun → 加群成功
2022-06-28 00:15:22 → 19098334676 → https://t.me/qingroup → 加群成功
2022-06-28 00:15:41 → 19097032059 → https://t.me/dhjlq → 加群成功
2022-06-28 00:15:52 → 19093590835 → https://t.me/jiamidi → 加群成功
2022-06-28 00:16:06 → 19106210284 → https://t.me/daishou44 → 加群成功
2022-06-28 00:16:37 → 19102605782 → https://t.me/dibai12 → 加群成功
2022-06-28 00:16:50 → 19093240377 → https://t.me/dibaifa → 加群成功
2022-06-28 00:17:02 → 19089863195 → https://t.me/hgmhxz → 加群成功
2022-06-28 00:17:14 → 19093592961 → https://t.me/A_K_3A → 加群成功
2022-06-28 00:17:26 → 19094927554 → https://t.me/GouTuiClub → 加群成功
2022-06-28 00:17:40 → 19108094690 → https://t.me/huanxiangyouxi → 加群成功
2022-06-28 00:17:53 → 19098453166 → https://t.me/olddrivercd → 加群成功
2022-06-28 00:18:05 → 19105028240 → https://t.me/gibxchange_cn → 加群成功
2022-06-28 00:18:17 → 19104678934 → https://t.me/btokofficial_03 → 加群成功
2022-06-28 00:18:29 → 19093412269 → https://t.me/TGlianmeng002 → 加群成功
2022-06-28 00:18:41 → 19092948245 → https://t.me/bandwagonhostgroup → 加群成功
2022-06-28 00:18:53 → 19108385277 → https://t.me/balance863 → 加群成功
2022-06-28 00:19:05 → 19097151292 → https://t.me/bdzycom → 加群成功
2022-06-28 00:19:17 → 19095002275 → https://t.me/sichouzhilu0 → 加群成功
2022-06-28 00:19:29 → 19095362850 → https://t.me/yamzcunziyuanduij → 加群成功
2022-06-28 00:19:41 → 19108883240 → https://t.me/zhongshandidi → 加群成功
2022-06-28 00:19:54 → 19103630933 → https://t.me/Gm0008 → 加群成功
2022-06-28 00:20:05 → 19092811749 → https://t.me/ytzx2 → 加群成功
2022-06-28 00:20:17 → 19094928998 → https://t.me/qxinw → 加群成功
2022-06-28 00:20:29 → 19096741939 → https://t.me/linkdyh → 加群成功
2022-06-28 00:20:41 → 19098334676 → https://t.me/dibai778899 → 加群成功
2022-06-28 00:20:53 → 19092793409 → https://t.me/TG55555555555 → 加群成功
2022-06-28 00:21:05 → 19105374023 → https://t.me/bacommu → 加群成功
2022-06-28 00:21:17 → 19094172099 → https://t.me/mayishequ → 加群成功
2022-06-28 00:21:29 → 19094913740 → https://t.me/avnrichchinese_chat → 加群成功
2022-06-28 00:21:41 → 19097032047 → https://t.me/x00008 → 加群成功
2022-06-28 00:21:53 → 19092811521 → https://t.me/AlgorandFoundationCN → 加群成功
2022-06-28 00:22:05 → 19093403629 → https://t.me/InWebDarkNET → 加群成功
2022-06-28 00:22:17 → 19095052432 → https://t.me/google_win → 加群成功
2022-06-28 00:22:29 → 19093130278 → https://t.me/tg006 → 加群成功
2022-06-28 00:22:41 → 19096006881 → https://t.me/pg528 → 加群成功
2022-06-28 00:22:53 → 19108887818 → https://t.me/sq577 → 加群成功
2022-06-28 00:23:05 → 19105165921 → https://t.me/DIP9188 → 加群成功
2022-06-28 00:23:17 → 19097032308 → https://t.me/ftx_chinese_official → 加群成功
2022-06-28 00:23:29 → 19098453299 → https://t.me/a_k_3a → 加群成功
2022-06-28 00:23:41 → 19095050732 → https://t.me/si1688 → 加群成功
2022-06-28 00:23:52 → 19108077585 → https://t.me/P541888888 → 加群成功
2022-06-28 00:23:59 → 19104678934 → https://t.me/TG110 → 加群成功
2022-06-28 00:24:10 → 19098453166 → https://t.me/huizhouqun → 加群成功
2022-06-28 00:24:21 → 19094172099 → https://t.me/kaiheo → 加群成功
2022-06-28 00:24:36 → 19092948245 → https://t.me/Zoey052697 → 加群成功
2022-06-28 00:24:48 → 19093590835 → https://t.me/xysbbs → 加群成功
2022-06-28 00:25:00 → 19097151292 → https://t.me/yuantoushuju4 → 加群成功
2022-06-28 00:25:12 → 19095002275 → https://t.me/dyjiaoliu → 加群成功
2022-06-28 00:25:23 → 19093403629 → https://t.me/FHLMTEAM → 加群成功
2022-06-28 00:25:34 → 19105374023 → https://t.me/MDhuaren1 → 加群成功
2022-06-28 00:25:46 → 19093240377 → https://t.me/nbydxyk1 → 加群成功
2022-06-28 00:25:57 → 19108891339 → https://t.me/fastfish2 → 加群成功
2022-06-28 00:26:11 → 19096006881 → https://t.me/ltq33 → 加群成功
2022-06-28 00:26:22 → 19092811521 → https://t.me/daishou15 → 加群成功
2022-06-28 00:26:34 → 19097032047 → https://t.me/bandwagonhostgroup → 加群成功
2022-06-28 00:26:46 → 19108094690 → https://t.me/chatssr → 加群成功
2022-06-28 00:27:00 → 19094928998 → https://t.me/si1688 → 加群成功
2022-06-28 00:27:12 → 19097032059 → https://t.me/bzzone → 加群成功
2022-06-28 00:27:24 → 19098452543 → https://t.me/olddriversh → 加群成功
2022-06-28 00:27:35 → 19095362850 → https://t.me/liuhedadui → 加群成功
2022-06-28 00:27:50 → 19089449397 → https://t.me/crxs778 → 加群成功
2022-06-28 00:28:01 → 19098334676 → https://t.me/hi628 → 加群成功
2022-06-28 00:28:15 → 19096741939 → https://t.me/tg12389 → 加群成功
2022-06-28 00:28:27 → 19105165921 → https://t.me/tgdibai168 → 加群成功
2022-06-28 00:28:39 → 19106210284 → https://t.me/expressnode → 加群成功
2022-06-28 00:28:53 → 19093592961 → https://t.me/tg_88888 → 加群成功
2022-06-28 00:29:05 → 19092793409 → https://t.me/quanqiushouhuo → 加群成功
2022-06-28 00:29:17 → 19108077585 → https://t.me/Sz1888 → 加群成功
2022-06-28 00:29:29 → 19105028240 → https://t.me/TG55555555555 → 加群成功
2022-06-28 00:29:41 → 19102605782 → https://t.me/tg166 → 加群成功
2022-06-28 00:29:53 → 19095052432 → https://t.me/qxinw → 加群成功
2022-06-28 00:30:05 → 19089863195 → https://t.me/olddriverhui → 加群成功
2022-06-28 00:30:17 → 19108883240 → https://t.me/paofen33 → 加群成功
2022-06-28 00:30:29 → 19095050732 → https://t.me/ziyuan2 → 加群成功
2022-06-28 00:30:42 → 19094927554 → https://t.me/dibai12 → 加群成功
2022-06-28 00:30:54 → 19108887818 → https://t.me/huaxingyl8 → 加群失败：No user has "huaxingyl8" as username
2022-06-28 00:31:03 → 19092811749 → https://t.me/google_win → 加群成功
2022-06-28 00:31:15 → 19093130278 → https://t.me/tg858 → 加群失败：No user has "tg858" as username
2022-06-28 00:31:24 → 19097032308 → https://t.me/otcfl → 加群成功
2022-06-28 00:31:36 → 19098453299 → https://t.me/dayofdefeatcn → 加群成功
2022-06-28 00:31:48 → 19104608778 → https://t.me/se_talk → 加群成功
2022-06-28 00:32:00 → 19103630933 → https://t.me/yuehui8 → 加群成功
2022-06-28 00:32:12 → 19093412269 → https://t.me/OKXGroup_CN → 加群成功
2022-06-28 00:32:24 → 19107520819 → https://t.me/linkdyh → 加群成功
2022-06-28 00:32:36 → 19102406976 → https://t.me/pcptm → 加群成功
2022-06-28 00:32:48 → 19094913740 → https://t.me/nwdr888 → 加群成功
2022-06-28 00:33:01 → 19108385277 → https://t.me/binance_api_chinese → 加群成功
2022-06-28 00:33:20 → 19098452543 → https://t.me/yamzcunziyuanduij → 加群成功
2022-06-28 00:33:31 → 19107520819 → https://t.me/BKEXChinese → 加群成功
2022-06-28 00:33:43 → 19093590835 → https://t.me/yueaijilu → 加群成功
2022-06-28 00:33:55 → 19093240377 → https://t.me/goutui1113 → 加群成功
2022-06-28 00:34:07 → 19105374023 → https://t.me/feihelp → 加群成功
2022-06-28 00:34:19 → 19097032059 → https://t.me/lkdxqf88 → 加群成功
2022-06-28 00:34:31 → 19095362850 → https://t.me/tokaucn → 加群成功
2022-06-28 00:34:43 → 19097151292 → https://t.me/QQXGQQ → 加群成功
2022-06-28 00:34:55 → 19108077585 → https://t.me/TG188188 → 加群成功
2022-06-28 00:35:07 → 19093403629 → https://t.me/bdzycom → 加群成功
2022-06-28 00:35:19 → 19098453166 → https://t.me/tg088 → 加群成功
2022-06-28 00:35:31 → 19108385277 → https://t.me/lasihaima266 → 加群成功
2022-06-28 00:35:43 → 19108887818 → https://t.me/sq577 → 加群成功
2022-06-28 00:35:54 → 19102605782 → https://t.me/dockertutorial → 加群失败：RPCError 400: INVITE_REQUEST_SENT (caused by JoinChannelRequest)
2022-06-28 00:36:03 → 19092811521 → https://t.me/ai699 → 加群成功
2022-06-28 00:36:15 → 19095002275 → https://t.me/yidaoshou2 → 加群成功
2022-06-28 00:36:27 → 19105165921 → https://t.me/bclm1 → 加群成功
2022-06-28 00:36:39 → 19095052432 → https://t.me/BIYONGOfficial0015 → 加群成功
2022-06-28 00:36:51 → 19108891339 → https://t.me/btokcn_0014 → 加群成功
2022-06-28 00:37:03 → 19093130278 → https://t.me/chaoxi → 加群成功
2022-06-28 00:37:17 → 19097032047 → https://t.me/trj_shore001 → 加群成功
2022-06-28 00:37:29 → 19092793409 → https://t.me/appssweepstakes → 加群成功
2022-06-28 00:37:43 → 19094172099 → https://t.me/chlmzy → 加群成功
2022-06-28 00:37:55 → 19105028240 → https://t.me/guiyangpapa → 加群成功
2022-06-28 00:38:07 → 19106210284 → https://t.me/mljlq → 加群成功
2022-06-28 00:38:19 → 19094913740 → https://t.me/xiaohao2018 → 加群成功
2022-06-28 00:38:31 → 19108094690 → https://t.me/ml520 → 加群成功
2022-06-28 00:38:43 → 19092948245 → https://t.me/szhkfun → 加群成功
2022-06-28 00:38:55 → 19092811749 → https://t.me/ysshuju1 → 加群成功
2022-06-28 00:39:07 → 19094928998 → https://t.me/radiocacaasian → 加群成功
2022-06-28 00:39:19 → 19089449397 → https://t.me/weikang2020 → 加群成功
2022-06-28 00:39:31 → 19097032308 → https://t.me/quanzhangshequ → 加群成功
2022-06-28 00:39:43 → 19089863195 → https://t.me/paofen315 → 加群成功
2022-06-28 00:39:58 → 19093592961 → https://t.me/zhuhai9 → 加群成功
2022-06-28 00:40:12 → 19098453299 → https://t.me/ckidc666 → 加群成功
2022-06-28 00:40:24 → 19094927554 → https://t.me/maticnetwork_china → 加群成功
2022-06-28 00:40:36 → 19102406976 → https://t.me/esmascript6 → 加群成功
2022-06-28 00:40:48 → 19096741939 → https://t.me/shenma001 → 加群成功
2022-06-28 00:41:00 → 19104608778 → https://t.me/coinbetter_cn → 加群失败：No user has "coinbetter_cn" as username
2022-06-28 00:41:09 → 19098334676 → https://t.me/im0471 → 加群成功
2022-06-28 00:41:21 → 19093412269 → https://t.me/x00008 → 加群成功
2022-06-28 00:41:33 → 19096006881 → https://t.me/discussimmigration → 加群成功
2022-06-28 00:41:45 → 19095050732 → https://t.me/tg1949521 → 加群成功
2022-06-28 00:41:57 → 19103630933 → https://t.me/HTCOLV → 加群成功
2022-06-28 00:42:09 → 19108883240 → https://t.me/yuantoushuju5 → 加群成功
2022-06-28 00:42:22 → 19104678934 → https://t.me/xxg863 → 加群成功
2022-06-28 00:42:41 → 19108077585 → https://t.me/ssunion → 加群成功
2022-06-28 00:42:52 → 19108883240 → https://t.me/Nst_WP → 加群成功
2022-06-28 00:43:07 → 19104608778 → https://t.me/olddriver_gd → 加群成功
2022-06-28 00:43:19 → 19104678934 → https://t.me/phbbs → 加群成功
2022-06-28 00:43:31 → 19103630933 → https://t.me/WKLhuaren → 加群成功
2022-06-28 00:43:43 → 19092793409 → https://t.me/tianziusdt → 加群成功
2022-06-28 00:43:55 → 19095052432 → https://t.me/justmysockscn → 加群成功
2022-06-28 00:44:09 → 19098453299 → https://t.me/dijia02 → 加群成功
2022-06-28 00:44:21 → 19108887818 → https://t.me/zb_support → 加群成功
2022-06-28 00:44:33 → 19093590835 → https://t.me/bacommu → 加群成功
2022-06-28 00:44:45 → 19097032059 → https://t.me/USTCtg → 加群成功
2022-06-28 00:44:57 → 19089863195 → https://t.me/Socks55555 → 加群成功
2022-06-28 00:45:09 → 19097032047 → https://t.me/aofexcn → 加群成功
2022-06-28 00:45:22 → 19098452543 → https://t.me/gboxtg → 加群成功
2022-06-28 00:45:33 → 19093403629 → https://t.me/qqlsj → 加群成功
2022-06-28 00:45:45 → 19096741939 → https://t.me/Dingshia → 加群成功
2022-06-28 00:45:57 → 19092811521 → https://t.me/yyl001 → 加群成功
2022-06-28 00:46:09 → 19092948245 → https://t.me/huobiglobal_zw → 加群成功
2022-06-28 00:46:21 → 19105165921 → https://t.me/officelearner → 加群成功
2022-06-28 00:46:35 → 19102406976 → https://t.me/tgzhcn → 加群成功
2022-06-28 00:46:47 → 19093130278 → https://t.me/www589qkcom → 加群成功
2022-06-28 00:46:59 → 19108385277 → https://t.me/tgdl128 → 加群成功
2022-06-28 00:47:11 → 19097151292 → https://t.me/myanmarcn → 加群成功
2022-06-28 00:47:25 → 19096006881 → https://t.me/chaguaner → 加群成功
2022-06-28 00:47:37 → 19095050732 → https://t.me/yxbjx → 加群成功
2022-06-28 00:47:49 → 19105374023 → https://t.me/zhongshandidi → 加群成功
2022-06-28 00:48:01 → 19095002275 → https://t.me/australiasydneychat → 加群成功
2022-06-28 00:48:13 → 19107520819 → https://t.me/tg108 → 加群成功
2022-06-28 00:48:25 → 19093592961 → https://t.me/KavaChinese → 加群成功
2022-06-28 00:48:37 → 19094172099 → https://t.me/binzhouqun → 加群成功
2022-06-28 00:48:49 → 19098453166 → https://t.me/blsq55 → 加群成功
2022-06-28 00:49:01 → 19098334676 → https://t.me/olddrivercd → 加群成功
2022-06-28 00:49:13 → 19093240377 → https://t.me/gdsjq → 加群成功
2022-06-28 00:49:25 → 19097032308 → https://t.me/gdr666 → 加群失败：Cannot cast InputPeerUser to any kind of InputChannel.
2022-06-28 00:49:34 → 19095362850 → https://t.me/ak11828 → 加群成功
2022-06-28 00:49:46 → 19094927554 → https://t.me/goutuiclub → 加群失败：群组禁止访问
2022-06-28 00:49:55 → 19106210284 → https://t.me/aomenliuhe88 → 加群成功
2022-06-28 00:50:07 → 19092811749 → https://t.me/cambodiacn → 加群成功
2022-06-28 00:50:21 → 19102605782 → https://t.me/hunantg → 加群成功
2022-06-28 00:50:35 → 19105028240 → https://t.me/allswapcn → 加群成功
2022-06-28 00:50:47 → 19108094690 → https://t.me/guangdongyue → 加群成功
2022-06-28 00:50:59 → 19094928998 → https://t.me/goutui → 加群成功
2022-06-28 00:51:13 → 19089449397 → https://t.me/mf_group → 加群成功
2022-06-28 00:51:25 → 19094913740 → https://t.me/kaihesoft → 加群成功
2022-06-28 00:51:38 → 19108891339 → https://t.me/olddrivergd → 加群成功
2022-06-28 00:51:50 → 19093412269 → https://t.me/qianmin → 加群成功
2022-06-28 00:52:09 → 19104678934 → https://t.me/readerbeta → 加群成功
2022-06-28 00:52:20 → 19108883240 → https://t.me/Shore999888 → 加群成功
2022-06-28 00:52:31 → 19103630933 → https://t.me/polkadotzh → 加群成功
2022-06-28 00:52:43 → 19104608778 → https://t.me/+jrPK9KTLN3k2ODM1 → 加群失败：Cannot find any entity corresponding to "https://t.me/+jrPK9KTLN3k2ODM1"
2022-06-28 00:52:52 → 19092948245 → https://t.me/jiamidi → 加群成功
2022-06-28 00:53:06 → 19093240377 → https://t.me/pingan66shop → 加群成功
2022-06-28 00:53:19 → 19098334676 → https://t.me/tglianmeng002 → 加群成功
2022-06-28 00:53:31 → 19092811521 → https://t.me/beiluochat → 加群成功
2022-06-28 00:53:45 → 19108094690 → https://t.me/haojiyou → 加群成功
2022-06-28 00:53:59 → 19107520819 → https://t.me/axujj → 加群成功
2022-06-28 00:54:11 → 19105028240 → https://t.me/zaozhuang1 → 加群成功
2022-06-28 00:54:23 → 19108077585 → https://t.me/hgmhxz → 加群成功
2022-06-28 00:54:35 → 19093590835 → https://t.me/tiandeng88 → 加群成功
2022-06-28 00:54:47 → 19102605782 → https://t.me/Gm0008 → 加群成功
2022-06-28 00:54:59 → 19102406976 → https://t.me/xbzijian → 加群成功
2022-06-28 00:55:13 → 19097151292 → https://t.me/huichan_com_grp → 加群成功
2022-06-28 00:55:25 → 19097032308 → https://t.me/jianpuzai777 → 加群成功
2022-06-28 00:55:39 → 19108385277 → https://t.me/btokofficial_03 → 加群成功
2022-06-28 00:55:51 → 19095362850 → https://t.me/php_group_cn → 加群成功
2022-06-28 00:56:05 → 19092811749 → https://t.me/CvvinternalOrganization → 加群成功
2022-06-28 00:56:19 → 19108887818 → https://t.me/heyuedashen1 → 加群成功
2022-06-28 00:56:31 → 19095002275 → https://t.me/BinancePoolChinese → 加群成功
2022-06-28 00:56:43 → 19098453166 → https://t.me/huihui220 → 加群成功
2022-06-28 00:56:55 → 19106210284 → https://t.me/dibaihrg009 → 加群成功
2022-06-28 00:57:07 → 19098452543 → https://t.me/jfoisjfiodvfd → 加群成功
2022-06-28 00:57:19 → 19095050732 → https://t.me/TG907 → 加群成功
2022-06-28 00:57:31 → 19092793409 → https://t.me/wubuxianjingziyuan → 加群成功
2022-06-28 00:57:43 → 19097032059 → https://t.me/a_k_3a → 加群成功
2022-06-28 00:57:55 → 19094172099 → https://t.me/gz3388 → 加群成功
2022-06-28 00:58:09 → 19096741939 → https://t.me/BikingChineseGroup → 加群成功
2022-06-28 00:58:21 → 19094913740 → https://t.me/tfwzclz → 加群成功
2022-06-28 00:58:33 → 19096006881 → https://t.me/yugzf → 加群成功
2022-06-28 00:58:45 → 19089863195 → https://t.me/bitcoin_cn → 加群成功
2022-06-28 00:58:57 → 19094928998 → https://t.me/InWebDarkNET → 加群成功
2022-06-28 00:59:09 → 19105374023 → https://t.me/A_K_3A → 加群成功
2022-06-28 00:59:21 → 19093412269 → https://t.me/fw992 → 加群成功
2022-06-28 00:59:33 → 19094927554 → https://t.me/hi_Official_Chinese → 加群成功
2022-06-28 00:59:45 → 19105165921 → https://t.me/tg771 → 加群成功
2022-06-28 00:59:57 → 19098453299 → https://t.me/wwxcxinting → 加群成功
2022-06-28 01:00:10 → 19089449397 → https://t.me/shuju888666 → 加群成功
2022-06-28 01:00:22 → 19093130278 → https://t.me/CKidc666 → 加群成功
2022-06-28 01:00:34 → 19108891339 → https://t.me/yangjiangchannel → 加群成功
2022-06-28 01:00:46 → 19097032047 → https://t.me/v2rayn → 加群成功
2022-06-28 01:00:58 → 19095052432 → https://t.me/dmzf8 → 加群成功
2022-06-28 01:01:10 → 19093592961 → https://t.me/lbank_cn → 加群成功
2022-06-28 01:01:22 → 19093403629 → https://t.me/sakura_cloud → 加群成功
2022-06-28 01:01:40 → 19092793409 → https://t.me/seeyellow → 加群成功
2022-06-28 01:01:52 → 19108094690 → https://t.me/tg_king80 → 加群成功
2022-06-28 01:02:04 → 19095002275 → https://t.me/btokcn_0016 → 加群成功
2022-06-28 01:02:16 → 19108891339 → https://t.me/binancechinese → 加群成功
2022-06-28 01:02:28 → 19104608778 → https://t.me/tg148 → 加群成功
2022-06-28 01:02:40 → 19097032059 → https://t.me/light_up_comm → 加群成功
2022-06-28 01:02:54 → 19094927554 → https://t.me/dhjlq → 加群成功
2022-06-28 01:03:06 → 19095362850 → https://t.me/tg6198 → 加群成功
2022-06-28 01:03:18 → 19108883240 → https://t.me/daishuvpn → 加群成功
2022-06-28 01:03:30 → 19105028240 → https://t.me/html66 → 加群成功
2022-06-28 01:03:42 → 19105374023 → https://t.me/TG12389 → 加群成功
2022-06-28 01:03:54 → 19106210284 → https://t.me/zeronetzh → 加群成功
2022-06-28 01:04:06 → 19097032047 → https://t.me/shore999888 → 加群成功
2022-06-28 01:04:18 → 19095052432 → https://t.me/huanqian35 → 加群成功
2022-06-28 01:04:45 → 19093592961 → https://t.me/guminlaqun66 → 加群成功
2022-06-28 01:04:57 → 19094172099 → https://t.me/xmsji → 加群成功
2022-06-28 01:05:09 → 19089449397 → https://t.me/dbf6666 → 加群成功
2022-06-28 01:05:21 → 19094913740 → https://t.me/zzlsjbyq → 加群成功
2022-06-28 01:05:33 → 19103630933 → https://t.me/DBhuaren1 → 加群成功
2022-06-28 01:05:45 → 19098452543 → https://t.me/GouTuiClub → 加群成功
2022-06-28 01:05:59 → 19104678934 → https://t.me/homeassiant666 → 加群成功
2022-06-28 01:06:11 → 19107520819 → https://t.me/usdtdfds → 加群成功
2022-06-28 01:06:38 → 19092948245 → https://t.me/fg528 → 加群成功
2022-06-28 01:06:50 → 19095050732 → https://t.me/tcelue1 → 加群成功
2022-06-28 01:07:02 → 19097032308 → https://t.me/tg006 → 加群成功
2022-06-28 01:07:14 → 19096741939 → https://t.me/bkexchinese → 加群成功
2022-06-28 01:07:25 → 19089863195 → https://t.me/dibai918 → 加群成功
2022-06-28 01:07:37 → 19092811521 → https://t.me/ytzx2 → 加群成功
2022-06-28 01:07:49 → 19098334676 → https://t.me/fluxdefi → 加群成功
2022-06-28 01:08:01 → 19093403629 → https://t.me/njwwjpxc → 加群成功
2022-06-28 01:08:13 → 19098453299 → https://t.me/dibai8880 → 加群成功
2022-06-28 01:08:25 → 19093590835 → https://t.me/liang1112233 → 加群成功
2022-06-28 01:08:37 → 19105165921 → https://t.me/bozaiweb → 加群成功
2022-06-28 01:08:49 → 19108385277 → https://t.me/mla9999 → 加群成功
2022-06-28 01:09:01 → 19092811749 → https://t.me/botong002 → 加群成功
2022-06-28 01:09:12 → 19097151292 → https://t.me/soqun → 加群成功
2022-06-28 01:09:24 → 19108077585 → https://t.me/loufenha → 加群成功
2022-06-28 01:09:36 → 19098453166 → https://t.me/huanxiangyouxi → 加群成功
2022-06-28 01:09:49 → 19102406976 → https://t.me/fw866 → 加群成功
2022-06-28 01:10:01 → 19094928998 → https://t.me/ca0505 → 加群成功
2022-06-28 01:10:13 → 19108887818 → https://t.me/myfreevpn → 加群成功
2022-06-28 01:10:25 → 19093412269 → https://t.me/tuishouLL01 → 加群成功
2022-06-28 01:10:37 → 19093130278 → https://t.me/liuxingsq → 加群失败：群组禁止访问
2022-06-28 01:10:46 → 19102605782 → https://t.me/aiweisi888 → 加群成功
2022-06-28 01:10:58 → 19096006881 → https://t.me/cndumpschat → 加群失败：Nobody is using this username, or the username is unacceptable. If the latter, it must match r"[a-zA-Z][\w\d]{3,30}[a-zA-Z\d]" (caused by ResolveUsernameRequest)
2022-06-28 01:11:07 → 19093240377 → https://t.me/fhlmteam → 加群成功
2022-06-28 01:11:25 → 19097032059 → https://t.me/gif128 → 加群成功
2022-06-28 01:11:37 → 19104608778 → https://t.me/zn88666 → 加群成功
2022-06-28 01:11:49 → 19105028240 → https://t.me/sichouzhilu0 → 加群成功
2022-06-28 01:12:01 → 19097032047 → https://t.me/faka58 → 加群成功
2022-06-28 01:12:14 → 19107520819 → https://t.me/asiaweed → 加群成功
2022-06-28 01:12:26 → 19108094690 → https://t.me/dbjlq1 → 加群成功
2022-06-28 01:12:38 → 19108887818 → https://t.me/AlipayJiFu → 加群成功
2022-06-28 01:12:50 → 19105165921 → https://t.me/socks55555 → 加群成功
2022-06-28 01:13:02 → 19094927554 → https://t.me/three001 → 加群成功
2022-06-28 01:13:14 → 19108883240 → https://t.me/frontend_talk → 加群成功
2022-06-28 01:13:28 → 19092793409 → https://t.me/xcarnival_chinese → 加群成功
2022-06-28 01:13:40 → 19097151292 → https://t.me/tronnetworkcn → 加群成功
2022-06-28 01:13:52 → 19098334676 → https://t.me/shell66666 → 加群失败：群组禁止访问
2022-06-28 01:14:01 → 19095052432 → https://t.me/b12306 → 加群成功
2022-06-28 01:14:13 → 19098452543 → https://t.me/tg96110 → 加群成功
2022-06-28 01:14:25 → 19093130278 → https://t.me/mikebill888 → 加群成功
2022-06-28 01:14:37 → 19102605782 → https://t.me/olddriver_cdu → 加群成功
2022-06-28 01:14:49 → 19108385277 → https://t.me/akkcloud → 加群成功
2022-06-28 01:15:03 → 19095002275 → https://t.me/TGlianmeng002 → 加群成功
2022-06-28 01:15:15 → 19092948245 → https://t.me/mayishequ → 加群成功
2022-06-28 01:15:27 → 19104678934 → https://t.me/db_lm → 加群成功
2022-06-28 01:15:40 → 19098453299 → https://t.me/zfb_qq → 加群成功
2022-06-28 01:15:52 → 19094913740 → https://t.me/balance863 → 加群成功
2022-06-28 01:16:04 → 19096006881 → https://t.me/hi_official_chinese → 加群成功
2022-06-28 01:16:16 → 19103630933 → https://t.me/daishoujiaoyi → 加群成功
2022-06-28 01:16:28 → 19094172099 → https://t.me/doge88 → 加群成功
2022-06-28 01:16:40 → 19097032308 → https://t.me/tg8848community → 加群成功
2022-06-28 01:16:52 → 19093592961 → https://t.me/shenzhencity → 加群成功
2022-06-28 01:17:04 → 19094928998 → https://t.me/xuanchengolddriver → 加群成功
2022-06-28 01:17:24 → 19089863195 → https://t.me/dibaicn → 加群成功
2022-06-28 01:17:50 → 19093412269 → https://t.me/kedoucloud → 加群成功
2022-06-28 01:18:01 → 19105374023 → https://t.me/biboxgroup → 加群成功
2022-06-28 01:18:13 → 19096741939 → https://t.me/pshqo → 加群成功
2022-06-28 01:18:25 → 19095362850 → https://t.me/chinadarknet → 加群成功
2022-06-28 01:18:37 → 19093590835 → https://t.me/zhifubaojiefeng → 加群成功
2022-06-28 01:18:49 → 19093240377 → https://t.me/dfsdaeaw → 加群失败：Nobody is using this username, or the username is unacceptable. If the latter, it must match r"[a-zA-Z][\w\d]{3,30}[a-zA-Z\d]" (caused by ResolveUsernameRequest)
2022-06-28 01:18:58 → 19098453166 → https://t.me/lendhub → 加群成功
2022-06-28 01:19:11 → 19092811749 → https://t.me/dibai778899 → 加群成功
2022-06-28 01:19:22 → 19093403629 → https://t.me/cdshouchang4 → 加群成功
2022-06-28 01:19:34 → 19092811521 → https://t.me/xbdb01 → 加群成功
2022-06-28 01:19:46 → 19095050732 → https://t.me/daishou44 → 加群成功
2022-06-28 01:20:13 → 19108077585 → https://t.me/P541888888 → 加群成功
2022-06-28 01:20:24 → 19102406976 → https://t.me/hzaxx → 加群成功
2022-06-28 01:20:36 → 19106210284 → https://t.me/feihuaph → 加群成功
2022-06-28 01:20:48 → 19089449397 → https://t.me/qwerdt1 → 加群成功
2022-06-28 01:21:00 → 19108891339 → https://t.me/ys52111 → 加群成功
2022-06-28 01:21:19 → 19108887818 → https://t.me/fwbzy → 加群成功
2022-06-28 01:21:30 → 19103630933 → https://t.me/fhaak8 → 加群成功
2022-06-28 01:21:42 → 19098334676 → https://t.me/zhifu7788 → 加群成功
2022-06-28 01:21:54 → 19104678934 → https://t.me/changsha_dev → 加群成功
2022-06-28 01:22:06 → 19108891339 → https://t.me/TG006 → 加群成功
2022-06-28 01:22:18 → 19096006881 → https://t.me/dibaifa → 加群成功
2022-06-28 01:22:30 → 19092811749 → https://t.me/xmarspace → 加群成功
2022-06-28 01:22:42 → 19105374023 → https://t.me/ak99yunmlsxfgds → 加群成功
2022-06-28 01:22:56 → 19094928998 → https://t.me/xianliao01 → 加群成功
2022-06-28 01:23:08 → 19095052432 → https://t.me/saltyleo_blog → 加群成功
2022-06-28 01:23:20 → 19094913740 → https://t.me/vfucloud → 加群成功
2022-06-28 01:23:32 → 19108077585 → https://t.me/pg528 → 加群成功
2022-06-28 01:23:44 → 19098453166 → https://t.me/raicoincn → 加群成功
2022-06-28 01:23:56 → 19102605782 → https://t.me/server699 → 加群成功
2022-06-28 01:24:09 → 19095002275 → https://t.me/sanfang53 → 加群成功
2022-06-28 01:24:36 → 19105028240 → https://t.me/chaxun2020 → 加群失败：No user has "chaxun2020" as username
2022-06-28 01:24:45 → 19093130278 → https://t.me/zhenggui → 加群成功
2022-06-28 01:24:57 → 19094927554 → https://t.me/monstainfinitechinese → 加群成功
2022-06-28 01:25:09 → 19104608778 → https://t.me/liaobshe → 加群成功
2022-06-28 01:25:21 → 19093240377 → https://t.me/AlgorandFoundationCN → 加群成功
2022-06-28 01:25:33 → 19107520819 → https://t.me/wangzhuanusdt → 加群成功
2022-06-28 01:25:45 → 19108094690 → https://t.me/qingroup → 加群成功
2022-06-28 01:25:57 → 19096741939 → https://t.me/HuNanTG → 加群成功
2022-06-28 01:26:11 → 19105165921 → https://t.me/qht888 → 加群失败：Nobody is using this username, or the username is unacceptable. If the latter, it must match r"[a-zA-Z][\w\d]{3,30}[a-zA-Z\d]" (caused by ResolveUsernameRequest)
2022-06-28 01:26:20 → 19093590835 → https://t.me/BinanceChinese → 加群成功
2022-06-28 01:26:32 → 19097032059 → https://t.me/programertalk → 加群成功
2022-06-28 01:26:44 → 19089449397 → https://t.me/galaxyheroescn → 加群成功
2022-06-28 01:26:56 → 19097032047 → https://t.me/pionexcn → 加群成功
2022-06-28 01:27:08 → 19093403629 → https://t.me/avnrichchinese_chat → 加群成功
2022-06-28 01:27:20 → 19098452543 → https://t.me/humanresource63 → 加群失败：No user has "humanresource63" as username
2022-06-28 01:27:29 → 19089863195 → https://t.me/universityalliance → 加群成功
2022-06-28 01:27:43 → 19108385277 → https://t.me/PHMAKA107 → 加群成功
2022-06-28 01:27:55 → 19097032308 → https://t.me/wybf168168 → 加群成功
2022-06-28 01:28:06 → 19097151292 → https://t.me/pingan66chadang → 加群成功
2022-06-28 01:28:18 → 19106210284 → https://t.me/huiguophp → 加群成功
2022-06-28 01:28:30 → 19095050732 → https://t.me/iampua → 加群成功
2022-06-28 01:28:42 → 19092948245 → https://t.me/paofen1688 → 加群成功
2022-06-28 01:28:54 → 19092811521 → https://t.me/haojing168 → 加群成功
2022-06-28 01:29:06 → 19094172099 → https://t.me/YYL001 → 加群成功
2022-06-28 01:29:18 → 19102406976 → https://t.me/deep3695 → 加群成功
2022-06-28 01:29:30 → 19098453299 → https://t.me/DIP9188 → 加群成功
2022-06-28 01:29:42 → 19092793409 → https://t.me/kavachinese → 加群成功
2022-06-28 01:29:54 → 19093592961 → https://t.me/network50_chat → 加群成功
2022-06-28 01:30:08 → 19108883240 → https://t.me/dubaiqq918 → 加群成功
2022-06-28 01:30:20 → 19095362850 → https://t.me/tg328 → 加群成功
2022-06-28 01:30:32 → 19093412269 → https://t.me/gibxchange_cn → 加群成功
2022-06-28 01:30:50 → 19097032059 → https://t.me/TGhuaren1 → 加群成功
2022-06-28 01:31:02 → 19097032308 → https://t.me/ftx_chinese_official → 加群成功
2022-06-28 01:31:13 → 19092811749 → https://t.me/sichouzhilu0 → 加群成功
2022-06-28 01:31:25 → 19095002275 → https://t.me/Fkzy_Group → 加群成功
2022-06-28 01:31:37 → 19108094690 → https://t.me/olddriver_fs → 加群成功
2022-06-28 09:06:35 → 19093403629 → https://t.me/binzhouqun → 加群成功
2022-06-28 09:06:47 → 19097032059 → https://t.me/fw866 → 加群成功
2022-06-28 09:06:59 → 19097032047 → https://t.me/tgdl128 → 加群成功
2022-06-28 09:07:11 → 19105165921 → https://t.me/balance863 → 加群成功
2022-06-28 09:07:23 → 19108887818 → https://t.me/aomenliuhe88 → 加群成功
2022-06-28 09:07:35 → 19098334676 → https://t.me/mljlq → 加群成功
2022-06-28 09:07:47 → 19093130278 → https://t.me/huiguophp → 加群成功
2022-06-28 09:07:59 → 19094172099 → https://t.me/galaxyheroescn → 加群成功
2022-06-28 09:08:11 → 19104608778 → https://t.me/dibai778899 → 加群成功
2022-06-28 09:08:23 → 19105028240 → https://t.me/shell66666 → 加群成功
2022-06-28 09:08:35 → 19092811521 → https://t.me/tg_king80 → 加群成功
2022-06-28 09:08:47 → 19095002275 → https://t.me/tg166 → 加群成功
2022-06-28 09:08:59 → 19106210284 → https://t.me/tcelue1 → 加群成功
2022-06-28 09:09:10 → 19105374023 → https://t.me/dfsdaeaw → 加群失败：Nobody is using this username, or the username is unacceptable. If the latter, it must match r"[a-zA-Z][\w\d]{3,30}[a-zA-Z\d]" (caused by ResolveUsernameRequest)
2022-06-28 09:09:20 → 19094913740 → https://t.me/doge88 → 加群成功
2022-06-28 09:09:31 → 19107520819 → https://t.me/btokofficial_03 → 加群成功
2022-06-28 09:09:43 → 19092793409 → https://t.me/zhifubaojiefeng → 加群成功
2022-06-28 09:09:55 → 19102605782 → https://t.me/dubaiqq918 → 加群成功
2022-06-28 09:10:07 → 19096006881 → https://t.me/tronnetworkcn → 加群成功
2022-06-28 09:10:19 → 19108891339 → https://t.me/ysshuju1 → 加群成功
2022-06-28 09:10:31 → 19092948245 → https://t.me/DIP9188 → 加群成功
2022-06-28 09:10:43 → 19097151292 → https://t.me/Fkzy_Group → 加群成功
2022-06-28 09:10:55 → 19103630933 → https://t.me/xcarnival_chinese → 加群成功
2022-06-28 09:11:07 → 19093412269 → https://t.me/sq577 → 加群成功
2022-06-28 09:11:19 → 19093590835 → https://t.me/zaozhuang1 → 加群成功
2022-06-28 09:11:31 → 19096741939 → https://t.me/P541888888 → 加群成功
2022-06-28 09:11:43 → 19108094690 → https://t.me/axujj → 加群成功
2022-06-28 09:11:55 → 19108077585 → https://t.me/shuju888666 → 加群成功
2022-06-28 09:12:07 → 19104678934 → https://t.me/wangzhuanusdt → 加群成功
2022-06-28 09:12:18 → 19098452543 → https://t.me/yidaoshou2 → 加群成功
2022-06-28 09:12:30 → 19098453299 → https://t.me/im0471 → 加群成功
2022-06-28 09:12:42 → 19098453166 → https://t.me/officelearner → 加群成功
2022-06-28 09:12:56 → 19092811749 → https://t.me/tg_88888 → 加群成功
2022-06-28 09:13:08 → 19093240377 → https://t.me/gboxtg → 加群成功
2022-06-28 09:13:20 → 19094927554 → https://t.me/kavachinese → 加群成功
2022-06-28 09:13:32 → 19108883240 → https://t.me/blsq55 → 加群成功
2022-06-28 09:13:44 → 19108385277 → https://t.me/dibaifa → 加群成功
2022-06-28 09:13:56 → 19089449397 → https://t.me/kaihesoft → 加群成功