
2022-06-22 06:04:31 → 84584391085 → https://t.me/+qi9K7Bo2Y8Y3ZWY9 → 加群失败：掉线/或官方销号
2022-06-22 06:04:36 → 84586376092 → https://t.me/+uc5k-JwziZU2MzVh → 加群成功
2022-06-22 06:04:41 → 84586324327 → https://t.me/+YhkvVBH2sLNiMmJh → 加群失败：掉线/或官方销号
2022-06-22 06:04:44 → 84586359306 → https://t.me/+hdw-z80muVFjNzFl → 加群成功
2022-06-22 06:04:46 → 84586376294 → https://t.me/+p6YlZXi4WgU0Yzc1 → 加群失败：掉线/或官方销号
2022-06-22 06:12:49 → 5511961228669 → https://t.me/+jDogamSAXRJmNTJl → 加群成功
2022-06-22 06:13:14 → 84586359306 → https://t.me/+l_b3i7oqjn0zMWE1 → 加群成功
2022-06-22 06:13:26 → 5511957072605 → https://t.me/+wUPu96w7BvQ3NTU1 → 加群成功
2022-06-22 06:13:39 → 84586376092 → https://t.me/+MSzURb05WsVlZWYx → 加群成功
2022-06-22 06:14:08 → 5511980117746 → https://t.me/+40-bqGDev2g3NGZl → 加群成功
2022-06-22 06:14:29 → 5511961085017 → https://t.me/+pImQqG6kee4wZDYx → 加群成功
2022-06-22 06:14:44 → 5511980588137 → https://t.me/+zjwd6Dobyb5hYWM1 → 加群成功
2022-06-22 06:15:16 → 5511946811081 → https://t.me/+yB1tBXdqMKFkMGFl → 加群成功
2022-06-22 06:15:37 → 5511979992649 → https://t.me/+6SR7fONaaVJmNDMx → 加群成功
2022-06-22 06:15:52 → 5511931138169 → https://t.me/+-ZBvuqf9AYtkM2Q5 → 加群失败：https://t.me/+-ZBvuqf9AYtkM2Q5 用户尝试加入的聊天已过期且不再有效（由 ImportChatInviteRequest 引起）
2022-06-22 06:16:10 → 5511962375572 → https://t.me/+yTmSqvjL6MZhOGM1 → 加群成功
2022-06-22 06:16:33 → 5511968835278 → https://t.me/+Vr3PW_vRaiY3YjFh → 加群成功
2022-06-22 06:17:05 → 5511954046756 → https://t.me/+mw6XSaYD2eFjYWQx → 加群成功
2022-06-22 06:17:22 → 5511966779490 → https://t.me/+Ak8f4ofbKpEzYTU1 → 加群成功
2022-06-22 06:17:34 → 5511965461554 → https://t.me/+-gQhQNg6UedmYzhh → 加群失败：https://t.me/+-gQhQNg6UedmYzhh 用户尝试加入的聊天已过期且不再有效（由 ImportChatInviteRequest 引起）
2022-06-22 06:17:52 → 5511957529417 → https://t.me/+Hu3nlzXur5djMzg1 → 加群成功
2022-06-22 06:18:14 → 5511961448505 → https://t.me/+iByuoW9T4aMzODVl → 加群成功
2022-06-22 06:18:31 → 5511946827983 → https://t.me/+0ooyBXIvunM2ODAx → 加群成功
2022-06-22 06:18:53 → 5511980647997 → https://t.me/+TkFX2Ws-6WliNjU9 → 加群成功
2022-06-22 06:19:12 → 5511966735971 → https://t.me/+Ykhdirg6NcNkYjAx → 加群成功
2022-06-22 06:19:43 → 5511946736417 → https://t.me/+rgxcUm5Dp35mYWI1 → 加群成功
2022-06-22 06:20:00 → 5511946817676 → https://t.me/+r4fE7rGC-tU3YWE1 → 加群成功
2022-06-22 06:20:27 → 79774388346 → https://t.me/+3SrSrS52L785Yjg1 → 加群成功
2022-06-22 06:20:49 → 5511969953585 → https://t.me/+noFSLnh4gzRmMWM1 → 加群成功
2022-06-22 06:21:09 → 5511980647997 → https://t.me/+WnFY9z024NdiODgx → 加群成功
2022-06-22 06:21:21 → 5511954046756 → https://t.me/+mXolrdPE2mxhNTdl → 加群成功
2022-06-22 06:21:43 → 5511961085017 → https://t.me/+aQJcp5R0T3pkZGNl → 加群成功
2022-06-22 06:21:57 → 5511969953585 → https://t.me/+VwDoIE1fU34wNDRl → 加群失败：https://t.me/+VwDoIE1fU34wNDRl 用户尝试加入的聊天已过期且不再有效（由 ImportChatInviteRequest 引起）
2022-06-22 06:22:19 → 5511946827983 → https://t.me/+2hRtaNIomANhZjhl → 加群成功
2022-06-22 06:22:33 → 5511946811081 → https://t.me/+Xh2Sw8Abn_w0NzRl → 加群成功
2022-06-22 06:23:03 → 5511957529417 → https://t.me/+S58Sh-K2alY3Nzdl → 加群成功
2022-06-22 06:23:21 → 5511946736417 → https://t.me/+b8osyGrSdOhhZjE9 → 加群成功
2022-06-22 06:23:49 → 5511957072605 → https://t.me/+z-xgWFuhbXRiMmU1 → 加群失败：https://t.me/+z-xgWFuhbXRiMmU1 用户尝试加入的聊天已过期且不再有效（由 ImportChatInviteRequest 引起）
2022-06-22 06:24:14 → 5511980117746 → https://t.me/+cgctxddaCwxhYWM1 → 加群成功
2022-06-22 06:24:46 → 5511966779490 → https://t.me/+gJ-eKM5QJ3YyNzc1 → 加群成功
2022-06-22 06:25:13 → 5511962375572 → https://t.me/+kaP8DGgokxo4NGIx → 加群成功
2022-06-22 06:25:32 → 84586376092 → https://t.me/+-RvPwnYZ0fo2NzE1 → 加群失败：https://t.me/+-RvPwnYZ0fo2NzE1 用户尝试加入的聊天已过期且不再有效（由 ImportChatInviteRequest 引起）
2022-06-22 06:25:51 → 5511979992649 → https://t.me/+StNEwMqEaUE2NmFl → 加群成功
2022-06-22 06:26:04 → 79774388346 → https://t.me/+REYpWO1e16djZDUx → 加群成功
2022-06-22 06:26:33 → 5511968835278 → https://t.me/+XAPOpgfM36YxYTk1 → 加群成功
2022-06-22 06:26:56 → 5511931138169 → https://t.me/+owVJEPVLlZpiOGUx → 加群成功
2022-06-22 06:27:15 → 5511980588137 → https://t.me/+8RnTf-FOZT9iYzRl → 加群成功
2022-06-22 06:27:44 → 5511961228669 → https://t.me/+d704xN5CSodkN2Vh → 加群成功
2022-06-22 06:28:05 → 5511966735971 → https://t.me/+ULwwAMPXqG5iNTI1 → 加群成功
2022-06-22 06:28:28 → 5511961448505 → https://t.me/+54gl7-9CGNExOTQx → 加群成功
2022-06-22 06:28:50 → 84586359306 → https://t.me/+71ANa06F0wNmNmJl → 加群成功
2022-06-22 06:29:03 → 5511965461554 → https://t.me/+YlMJYHBBe0M5ZmMx → 加群成功
2022-06-22 06:29:35 → 5511946817676 → https://t.me/+j1rD3RsKu2A5ZTJl → 加群失败：https://t.me/+j1rD3RsKu2A5ZTJl 用户尝试加入的聊天已过期且不再有效（由 ImportChatInviteRequest 引起）
2022-06-22 06:30:01 → 5511966735971 → https://t.me/+_co7YJMXqzliMzhh → 加群成功
2022-06-22 06:30:23 → 5511968835278 → https://t.me/+AGovixe_eoE4NDNh → 加群成功
2022-06-22 06:30:46 → 5511961448505 → https://t.me/+oK6peJEVCBgzZjcx → 加群成功
2022-06-22 06:31:01 → 84586376092 → https://t.me/+DM9DYATWVQA2MTlh → 加群成功
2022-06-22 06:31:34 → 79774388346 → https://t.me/+feeRJoJYK0EzMTRl → 加群成功
2022-06-22 06:32:02 → 5511931138169 → https://t.me/+wyQoNDjjMBVjNDA1 → 加群成功
2022-06-22 06:32:22 → 5511966779490 → https://t.me/+APKLYqmdSclhZjU1 → 加群成功
2022-06-22 06:32:40 → 5511980647997 → https://t.me/+HjBnsQsrMc44ZmNl → 加群成功
2022-06-22 06:33:05 → 5511957529417 → https://t.me/+AeKQBS5VnYFhZjdh → 加群成功
2022-06-22 06:33:21 → 5511979992649 → https://t.me/+UDrX76uyYy82OWEx → 加群成功
2022-06-22 06:33:46 → 5511946811081 → https://t.me/+XMeaKsmC7JU4NzA1 → 加群失败：https://t.me/+XMeaKsmC7JU4NzA1 用户尝试加入的聊天已过期且不再有效（由 ImportChatInviteRequest 引起）
2022-06-22 06:34:02 → 5511962375572 → https://t.me/+So8ftQcz7V8xMTI5 → 加群成功
2022-06-22 06:34:14 → 5511946817676 → https://t.me/+EGVQeuIr3OU0NGI9 → 加群成功
2022-06-22 06:34:26 → 5511961085017 → https://t.me/+Rn0gXKwDBdZiMzhl → 加群成功
2022-06-22 06:34:55 → 5511969953585 → https://t.me/+XA-AFUSIJMBjY2Fh → 加群失败：https://t.me/+XA-AFUSIJMBjY2Fh 用户尝试加入的聊天已过期且不再有效（由 ImportChatInviteRequest 引起）
2022-06-22 06:35:22 → 5511961228669 → https://t.me/+vD11mXSl0Qo1NjBl → 加群成功
2022-06-22 06:35:38 → 84586359306 → https://t.me/+xoa71RA8zRlkZWE1 → 加群成功
2022-06-22 06:36:02 → 5511957072605 → https://t.me/+X_itTArL40g1ZWI5 → 加群失败：https://t.me/+X_itTArL40g1ZWI5 用户尝试加入的聊天已过期且不再有效（由 ImportChatInviteRequest 引起）
2022-06-22 06:36:22 → 5511946736417 → https://t.me/+4bOGsWK-7145MGQ1 → 加群成功
2022-06-22 06:36:38 → 5511965461554 → https://t.me/+B7AquUh1jWpkNjQx → 加群成功
2022-06-22 06:37:09 → 5511980588137 → https://t.me/+spzhFF0zV5M1YjZh → 加群成功
2022-06-22 06:37:33 → 5511954046756 → https://t.me/+67pYhAT5wPcxMDRl → 加群成功
2022-06-22 06:38:08 → 5511946827983 → https://t.me/+YI3Dtp8InIthMmU5 → 加群成功
2022-06-22 06:38:35 → 79774388346 → https://t.me/+EsOVJtfj7FwyOWUx → 加群成功
2022-06-22 06:38:47 → 5511954046756 → https://t.me/+3gLBjcldb5E1NWY9 → 加群成功
2022-06-22 06:39:10 → 5511966735971 → https://t.me/+xWeQtRBfjOFkNTA1 → 加群成功
2022-06-22 06:39:39 → 5511946811081 → https://t.me/+9oE0N-acgdo0NTNl → 加群成功
2022-06-22 06:40:00 → 5511957529417 → https://t.me/joinchat/c1irPtTz-KpmMzZl → 加群成功
2022-06-22 06:40:28 → 5511961448505 → https://t.me/+K4hA5oTciaJhNTVl → 加群成功
2022-06-22 06:40:52 → 5511980588137 → https://t.me/+4-TIERdkNVVmY2Ix → 加群成功
2022-06-22 06:41:08 → 5511980647997 → https://t.me/+bOgiT1uFp88xNmQ1 → 加群成功
2022-06-22 06:41:22 → 5511957072605 → https://t.me/+BrmgdJH6PSZkNTNh → 加群成功
2022-06-22 06:41:41 → 5511946736417 → https://t.me/+LO5hAmiN4McyODU1 → 加群成功
2022-06-22 06:41:56 → 5511946827983 → https://t.me/+-FuT5gvc2BwyNzg5 → 加群失败：https://t.me/+-FuT5gvc2BwyNzg5 用户尝试加入的聊天已过期且不再有效（由 ImportChatInviteRequest 引起）
2022-06-22 06:42:24 → 5511961228669 → https://t.me/+zAh3xoopIn4yYTU5 → 加群成功
2022-06-22 06:42:47 → 5511946827983 → https://t.me/+6SR7fONaaVJmNDMx → 加群成功
2022-06-22 06:43:01 → 5511957072605 → https://t.me/+2jZp8I80mEIyOGY1 → 加群成功
2022-06-22 06:43:15 → 5511946736417 → https://t.me/+noFSLnh4gzRmMWM1 → 加群成功
2022-06-22 06:43:27 → 5511966735971 → https://t.me/wangbo28 → 加群失败：https://t.me/wangbo28 用户尝试加入的聊天已过期且不再有效（由 ImportChatInviteRequest 引起）
2022-06-22 06:43:39 → 5511931138169 → https://t.me/+YlQkP6X2f11lZjlh → 加群成功
2022-06-22 06:43:52 → 5511966779490 → https://t.me/+hG4evzI6ZJ84MTA5 → 加群成功
2022-06-22 06:44:07 → 5511969953585 → https://t.me/+ZIUaM08xAIhkYmUx → 加群成功
2022-06-22 06:44:22 → 5511961448505 → https://t.me/+YhkvVBH2sLNiMmJh → 加群成功
2022-06-22 06:44:35 → 79774388346 → https://t.me/+Qz0ir67LdmQzODM9 → 加群成功
2022-06-22 06:44:48 → 84586359306 → https://t.me/+xoa71RA8zRlkZWE1 → 加群失败：The authenticated user is already a participant of the chat (caused by ImportChatInviteRequest)
2022-06-22 06:45:07 → 5511957529417 → https://t.me/+-RvPwnYZ0fo2NzE1 → 加群失败：https://t.me/+-RvPwnYZ0fo2NzE1 用户尝试加入的聊天已过期且不再有效（由 ImportChatInviteRequest 引起）
2022-06-22 06:45:22 → 84586376092 → https://t.me/+W5n0MEy_bxMyMDFl → 加群失败：https://t.me/+W5n0MEy_bxMyMDFl 用户尝试加入的聊天已过期且不再有效（由 ImportChatInviteRequest 引起）
2022-06-22 06:45:37 → 5511961085017 → https://t.me/+pImQqG6kee4wZDYx → 加群失败：The authenticated user is already a participant of the chat (caused by ImportChatInviteRequest)
2022-06-22 06:45:52 → 5511979992649 → https://t.me/+_cUk83u2c1JjNzY1 → 加群成功
2022-06-22 06:46:05 → 5511980647997 → https://t.me/+AGovixe_eoE4NDNh → 加群成功
2022-06-22 06:46:24 → 5511980117746 → https://t.me/+07AqZIR1RH43MmY1 → 加群成功
2022-06-22 06:46:42 → 5511980588137 → https://t.me/+G-TP1oGwz_UzZTgx → 加群成功
2022-06-22 06:47:00 → 5511961228669 → https://t.me/+calyHe56Wm82OTg1 → 加群成功
2022-06-22 06:47:19 → 5511946817676 → https://t.me/+0jORkEcjJ0thZDk1 → 加群成功
2022-06-22 06:47:32 → 5511965461554 → https://t.me/+KV5UJvJFZadmZjVl → 加群成功
2022-06-22 06:47:48 → 5511954046756 → https://t.me/+iByuoW9T4aMzODVl → 加群成功
2022-06-22 06:48:05 → 5511968835278 → https://t.me/+Qda8QNJzsX4yNjVl → 加群成功
2022-06-22 06:48:57 → 5511954046756 → https://t.me/+h2PiE1mN6nZmN2Vl → 加群成功
2022-06-22 06:49:17 → 79774388346 → https://t.me/+-gQhQNg6UedmYzhh → 加群失败：https://t.me/+-gQhQNg6UedmYzhh 用户尝试加入的聊天已过期且不再有效（由 ImportChatInviteRequest 引起）
2022-06-22 06:49:36 → 5511980647997 → https://t.me/+IWYUKU0ocCcwYjMx → 加群成功
2022-06-22 06:49:52 → 84586376092 → https://t.me/+54gl7-9CGNExOTQx → 加群成功
2022-06-22 06:50:11 → 5511966735971 → https://t.me/+LWL438ngyIQxZjQ1 → 加群成功
2022-06-22 06:50:29 → 5511946736417 → https://t.me/+A1-zdEEfAu03ZTFl → 加群成功
2022-06-22 06:50:41 → 5511965461554 → https://t.me/+owVJEPVLlZpiOGUx → 加群成功
2022-06-22 06:50:53 → 84586359306 → https://t.me/+HBDkiYv3Y9c2ODM1 → 加群成功
2022-06-22 06:51:10 → 5511946827983 → https://t.me/+zp8hQFMQsnIyYTdl → 加群成功
2022-06-22 06:51:27 → 5511980588137 → https://t.me/+vD11mXSl0Qo1NjBl → 加群成功
2022-06-22 06:51:42 → 5511966779490 → https://t.me/+BqdPZFGv9QxjMWI1 → 加群成功
2022-06-22 06:52:00 → 5511961228669 → https://t.me/+rUlOEDqXoIM4NDk9 → 加群成功
2022-06-22 06:52:13 → 5511961085017 → https://t.me/+xRLKfhWedANiZGM1 → 加群失败：https://t.me/+xRLKfhWedANiZGM1 用户尝试加入的聊天已过期且不再有效（由 ImportChatInviteRequest 引起）
2022-06-22 06:52:24 → 5511931138169 → https://t.me/+T-jYQLw4qHozZWU1 → 加群成功
2022-06-22 06:52:40 → 5511961448505 → https://t.me/+zjwd6Dobyb5hYWM1 → 加群成功
2022-06-22 06:52:56 → 5511946811081 → https://t.me/+StNEwMqEaUE2NmFl → 加群成功
2022-06-22 06:53:15 → 5511962375572 → https://t.me/+b8osyGrSdOhhZjE9 → 加群成功
2022-06-22 06:53:28 → 5511946817676 → https://t.me/ffcyx → 加群失败：https://t.me/ffcyx 用户尝试加入的聊天已过期且不再有效（由 ImportChatInviteRequest 引起）
2022-06-22 06:53:43 → 5511980117746 → https://t.me/+Xh2Sw8Abn_w0NzRl → 加群成功
2022-06-22 06:54:41 → 5511979992649 → https://t.me/+TkFX2Ws-6WliNjU9 → 加群成功
2022-06-22 06:54:56 → 5511969953585 → https://t.me/+4GYip2NBLOphOTVl → 加群成功
2022-06-22 06:55:12 → 5511968835278 → https://t.me/+1zXkNRlLObA1NGNl → 加群失败：https://t.me/+1zXkNRlLObA1NGNl 用户尝试加入的聊天已过期且不再有效（由 ImportChatInviteRequest 引起）
2022-06-22 06:55:29 → 5511954046756 → https://t.me/+67pYhAT5wPcxMDRl → 加群失败：The authenticated user is already a participant of the chat (caused by ImportChatInviteRequest)
2022-06-22 06:55:48 → 5511946817676 → https://t.me/+0kedKOuRB0o1NDMx → 加群成功
2022-06-22 06:56:03 → 5511966779490 → https://t.me/+boGmQAE3JrBjNTNl → 加群成功
2022-06-22 06:56:20 → 5511965461554 → https://t.me/+MVMDI7oWzDczNmI1 → 加群成功
2022-06-22 06:56:34 → 5511968835278 → https://t.me/+in9IWOKmArs5ODg5 → 加群成功
2022-06-22 06:56:52 → 5511969953585 → https://t.me/+APKLYqmdSclhZjU1 → 加群成功
2022-06-22 06:57:03 → 5511957529417 → https://t.me/+EFZfdCzTGu9iMzcx → 加群成功
2022-06-22 06:57:23 → 5511931138169 → https://t.me/+uFhQDDWC5a8xOTVh → 加群成功
2022-06-22 06:57:39 → 5511980117746 → https://t.me/+F4cgrWsKrcRkMDA9 → 加群成功
2022-06-22 06:57:53 → 84586359306 → https://t.me/+AeKQBS5VnYFhZjdh → 加群成功
2022-06-22 06:58:08 → 5511980588137 → https://t.me/+kaP8DGgokxo4NGIx → 加群成功
2022-06-22 06:58:28 → 5511980647997 → https://t.me/+71ANa06F0wNmNmJl → 加群成功
2022-06-22 06:58:41 → 5511962375572 → https://t.me/+Qhz0SfbvEQAzYmFl → 加群成功
2022-06-22 06:58:58 → 5511979992649 → https://t.me/+k7skOSclEXNkY2M1 → 加群成功
2022-06-22 06:59:16 → 5511946811081 → https://t.me/+UDrX76uyYy82OWEx → 加群成功
2022-06-22 06:59:33 → 79774388346 → https://t.me/+Sh3VLTGHA9Q3YTdl → 加群成功
2022-06-22 06:59:48 → 5511966735971 → https://t.me/+IMTe1XL2eRhmZTQ1 → 加群成功
2022-06-22 07:00:07 → 5511957072605 → https://t.me/+XMeaKsmC7JU4NzA1 → 加群失败：https://t.me/+XMeaKsmC7JU4NzA1 用户尝试加入的聊天已过期且不再有效（由 ImportChatInviteRequest 引起）
2022-06-22 07:00:19 → 84586376092 → https://t.me/+GG2gvlA8M2s5Mjgx → 加群成功
2022-06-22 07:00:31 → 5511961228669 → https://t.me/+WbJrXuE28703Zjdl → 加群成功
2022-06-22 07:00:43 → 5511946736417 → https://t.me/+kF5YAHBQ7b8yMDVl → 加群失败：https://t.me/+kF5YAHBQ7b8yMDVl 用户尝试加入的聊天已过期且不再有效（由 ImportChatInviteRequest 引起）
2022-06-22 07:00:55 → 5511961085017 → https://t.me/+C0RIb6Z0lM8xY2Q1 → 加群失败：https://t.me/+C0RIb6Z0lM8xY2Q1 用户尝试加入的聊天已过期且不再有效（由 ImportChatInviteRequest 引起）
2022-06-22 07:01:13 → 5511946827983 → https://t.me/+jxfLkeV_sRZlZjIx → 加群失败：https://t.me/+jxfLkeV_sRZlZjIx 用户尝试加入的聊天已过期且不再有效（由 ImportChatInviteRequest 引起）
2022-06-22 07:01:28 → 5511961448505 → https://t.me/+-jAPlPqNLng3NTk1 → 加群失败：https://t.me/+-jAPlPqNLng3NTk1 用户尝试加入的聊天已过期且不再有效（由 ImportChatInviteRequest 引起）
2022-06-22 07:01:52 → 5511946817676 → https://t.me/+qi9K7Bo2Y8Y3ZWY9 → 加群失败：https://t.me/+qi9K7Bo2Y8Y3ZWY9 用户尝试加入的聊天已过期且不再有效（由 ImportChatInviteRequest 引起）
2022-06-22 07:02:10 → 5511961448505 → https://t.me/+BRUAa2sBGU0zOTQ1 → 加群成功
2022-06-22 07:02:23 → 5511980647997 → https://t.me/+Vr3PW_vRaiY3YjFh → 加群成功
2022-06-22 07:02:36 → 5511957072605 → https://t.me/+KqByXUbZl6wxM2Nh → 加群成功
2022-06-22 07:02:58 → 79774388346 → https://t.me/+pbakZSSRFjRhNGU1 → 加群成功
2022-06-22 07:03:12 → 84586376092 → https://t.me/+-ZBvuqf9AYtkM2Q5 → 加群失败：https://t.me/+-ZBvuqf9AYtkM2Q5 用户尝试加入的聊天已过期且不再有效（由 ImportChatInviteRequest 引起）
2022-06-22 07:03:29 → 5511946736417 → https://t.me/+q9iWwMyPl485YzE1 → 加群成功
2022-06-22 07:03:41 → 5511954046756 → https://t.me/+d8XzUzLwhhU1YWVl → 加群成功
2022-06-22 07:03:56 → 5511968835278 → https://t.me/+n18k2BFJNDsxY2Fl → 加群成功
2022-06-22 07:04:16 → 5511979992649 → https://t.me/+PnwvxbcwQXVjYzE1 → 加群成功
2022-06-22 07:04:34 → 5511957529417 → https://t.me/+4iQgzALLkPowZGFl → 加群成功
2022-06-22 07:04:54 → 5511980117746 → https://t.me/+wyQoNDjjMBVjNDA1 → 加群成功
2022-06-22 07:05:12 → 5511946827983 → https://t.me/+j8GV22yY5x5lM2Jh → 加群成功
2022-06-22 07:05:30 → 5511966735971 → https://t.me/+fAdS-xoI0zJiZTdh → 加群成功
2022-06-22 07:05:50 → 5511969953585 → https://t.me/+2UbXwZlSXqxiMGIx → 加群成功
2022-06-22 07:06:01 → 5511946811081 → https://t.me/+z9w5abx_AKI3ZDA1 → 加群成功
2022-06-22 07:06:20 → 5511961228669 → https://t.me/+CM8QfiFJeng1OWM1 → 加群成功
2022-06-22 07:06:38 → 84586359306 → https://t.me/+XA-AFUSIJMBjY2Fh → 加群失败：https://t.me/+XA-AFUSIJMBjY2Fh 用户尝试加入的聊天已过期且不再有效（由 ImportChatInviteRequest 引起）
2022-06-22 07:06:51 → 5511961085017 → https://t.me/+z-xgWFuhbXRiMmU1 → 加群失败：https://t.me/+z-xgWFuhbXRiMmU1 用户尝试加入的聊天已过期且不再有效（由 ImportChatInviteRequest 引起）
2022-06-22 07:07:08 → 5511931138169 → https://t.me/+r4fE7rGC-tU3YWE1 → 加群成功
2022-06-22 07:07:28 → 5511965461554 → https://t.me/+aQJcp5R0T3pkZGNl → 加群成功
2022-06-22 07:07:40 → 5511980588137 → https://t.me/+Z11hDKptzFdjZDZh → 加群成功
2022-06-22 07:07:54 → 5511962375572 → https://t.me/+bOgiT1uFp88xNmQ1 → 加群成功
2022-06-22 07:08:11 → 5511966779490 → https://t.me/+-bcWU8v_IGBjNDBl → 加群失败：https://t.me/+-bcWU8v_IGBjNDBl 用户尝试加入的聊天已过期且不再有效（由 ImportChatInviteRequest 引起）
2022-06-22 07:08:32 → 5511969953585 → https://t.me/+LqsBiT_T0DszOWI1 → 加群成功
2022-06-22 07:08:52 → 79774388346 → https://t.me/+zAh3xoopIn4yYTU5 → 加群成功
2022-06-22 07:09:08 → 5511980588137 → https://t.me/+iBdNpf3vLzBkOTFl → 加群成功
2022-06-22 07:09:26 → 5511961085017 → https://t.me/+K4hA5oTciaJhNTVl → 加群成功
2022-06-22 07:09:39 → 5511966735971 → https://t.me/+rxfOqtxvW-4wNWVl → 加群成功
2022-06-22 07:09:54 → 84586376092 → https://t.me/+X1XfCzCulJplNzJl → 加群成功
2022-06-22 07:10:14 → 5511957529417 → https://t.me/+rgxcUm5Dp35mYWI1 → 加群成功
2022-06-22 07:10:33 → 5511965461554 → https://t.me/+ADL_14T-XG0yMmE5 → 加群成功
2022-06-22 07:10:53 → 84586359306 → https://t.me/+uc5k-JwziZU2MzVh → 加群成功
2022-06-22 07:11:12 → 5511946736417 → https://t.me/+5gVajc77kDQ0NzI5 → 加群成功
2022-06-22 07:11:26 → 5511946827983 → https://t.me/+3SrSrS52L785Yjg1 → 加群成功
2022-06-22 07:11:42 → 5511957072605 → https://t.me/+jxQcjZH0KvRjY2Jl → 加群成功
2022-06-22 07:11:57 → 5511980647997 → https://t.me/+Vr3PW_vRaiY3YjFh → 加群失败：The authenticated user is already a participant of the chat (caused by ImportChatInviteRequest)
2022-06-22 07:12:12 → 5511962375572 → https://t.me/+54gl7-9CGNExOTQx → 加群成功
2022-06-22 07:12:28 → 5511946811081 → https://t.me/+-bcWU8v_IGBjNDBl → 加群失败：https://t.me/+-bcWU8v_IGBjNDBl 用户尝试加入的聊天已过期且不再有效（由 ImportChatInviteRequest 引起）
2022-06-22 07:12:44 → 5511954046756 → https://t.me/+E7EhI4J4t2BjMTdh → 加群成功
2022-06-22 07:13:04 → 5511961448505 → https://t.me/+xn2eYKH-rlI5N2E5 → 加群成功
2022-06-22 07:13:23 → 5511961228669 → https://t.me/+rxfOqtxvW-4wNWVl → 加群成功
2022-06-22 07:13:38 → 5511968835278 → https://t.me/+XMeaKsmC7JU4NzA1 → 加群失败：https://t.me/+XMeaKsmC7JU4NzA1 用户尝试加入的聊天已过期且不再有效（由 ImportChatInviteRequest 引起）
2022-06-22 07:13:51 → 5511931138169 → https://t.me/+bOgiT1uFp88xNmQ1 → 加群成功
2022-06-22 07:14:11 → 5511980117746 → https://t.me/+9oE0N-acgdo0NTNl → 加群成功
2022-06-22 07:14:23 → 5511966779490 → https://t.me/+BRUAa2sBGU0zOTQ1 → 加群成功
2022-06-22 07:14:42 → 5511946817676 → https://t.me/+boGmQAE3JrBjNTNl → 加群成功
2022-06-22 07:14:54 → 5511979992649 → https://t.me/+VZOVUsJ_CrRiNjI5 → 加群成功
2022-06-22 07:15:17 → 84586359306 → https://t.me/+ssjAgSqpCLI0YzBh → 加群成功
2022-06-22 07:15:34 → 5511980117746 → https://t.me/+ULwwAMPXqG5iNTI1 → 加群成功
2022-06-22 07:15:52 → 5511961448505 → https://t.me/+m7Ys3kdhOQ5jODQ1 → 加群成功
2022-06-22 07:16:07 → 5511957529417 → https://t.me/+hdw-z80muVFjNzFl → 加群成功
2022-06-22 07:16:24 → 5511980647997 → https://t.me/+q9iWwMyPl485YzE1 → 加群成功
2022-06-22 07:16:43 → 5511969953585 → https://t.me/+hdw-z80muVFjNzFl → 加群成功
2022-06-22 07:16:58 → 5511965461554 → https://t.me/+4GYip2NBLOphOTVl → 加群成功
2022-06-22 07:17:11 → 5511931138169 → https://t.me/+BIb1nofuq6Q5NzY1 → 加群成功