

=====================================================

2022-06-28
咨询客户ID：5387799106 → None
咨询消息：每日返氷八个点  
http://2977.one
回复消息：你好,老板！🤝 我们公司承接

网站搭建❕定制机器人❕群发软件❕代发广告

👉公司客服： @Boss91M1   @Boss91M2
👉官方交流群： @bs91m990

=====================================================

2022-06-28
咨询客户ID：5569654143 → HaoCuc43599
咨询消息：近期在做什么项目呢?抱歉~打扰一下
回复消息：你好,老板！🤝 我们公司承接

网站搭建❕定制机器人❕群发软件❕代发广告

👉公司客服： @Boss91M1   @Boss91M2
👉官方交流群： @bs91m990

=====================================================

2022-06-28
咨询客户ID：1718319669 → None
咨询消息：嗯好
回复消息：你好,老板！🤝 我们公司承接

网站搭建❕定制机器人❕群发软件❕代发广告

👉公司客服： @Boss91M1   @Boss91M2
👉官方交流群： @bs91m990

=====================================================

2022-06-28
咨询客户ID：5521404545 → oXqlFzhang88886
咨询消息：出售TG群发软件功能齐全，协议小号，频道群上粉僵尸粉，机器人定制  @ll630022 https://t.me/MJ63005
回复消息：你好,老板！🤝 我们公司承接

网站搭建❕定制机器人❕群发软件❕代发广告

👉公司客服： @Boss91M1   @Boss91M2
👉官方交流群： @bs91m990

=====================================================

2022-06-28
咨询客户ID：5594979522 → None
咨询消息：每日返氷八个点  
http://1498.one
回复消息：你好,老板！🤝 我们公司承接

网站搭建❕定制机器人❕群发软件❕代发广告

👉公司客服： @Boss91M1   @Boss91M2
👉官方交流群： @bs91m990

=====================================================

2022-06-28
咨询客户ID：5229574923 → richardson_NFTs
咨询消息：Hello it’s my pleasure to meet you here,do you mind me introducing myself?
回复消息：你好,老板！🤝 我们公司承接

网站搭建❕定制机器人❕群发软件❕代发广告

👉公司客服： @Boss91M1   @Boss91M2
👉官方交流群： @bs91m990

=====================================================

2022-06-28
咨询客户ID：5581426625 → None
咨询消息：朋友，ALGO后续你怎么看
回复消息：你好,老板！🤝 我们公司承接

网站搭建❕定制机器人❕群发软件❕代发广告

👉公司客服： @Boss91M1   @Boss91M2
👉官方交流群： @bs91m990

=====================================================

2022-06-28
咨询客户ID：5506995103 → shon020663545706
咨询消息：WG哈希，活动火爆进行中
新用户前五吧包赔，最高下注100U。
包赔50%，五把以后一起计算
赢了你拿走，输了找我赔
全网最高水位1.5  
点击了解详情 @wg7000
回复消息：你好,老板！🤝 我们公司承接

网站搭建❕定制机器人❕群发软件❕代发广告

👉公司客服： @Boss91M1   @Boss91M2
👉官方交流群： @bs91m990

=====================================================

2022-06-28
咨询客户ID：5568244160 → None
咨询消息：每日返氷八个点  
http://2977.one
回复消息：你好,老板！🤝 我们公司承接

网站搭建❕定制机器人❕群发软件❕代发广告

👉公司客服： @Boss91M1   @Boss91M2
👉官方交流群： @bs91m990

=====================================================

2022-06-28
咨询客户ID：5296096643 → qq678000
咨询消息：有认识车队吗
回复消息：你好,老板！🤝 我们公司承接

网站搭建❕定制机器人❕群发软件❕代发广告

👉公司客服： @Boss91M1   @Boss91M2
👉官方交流群： @bs91m990

=====================================================

2022-06-28
咨询客户ID：5571245447 → Naht51900Ta_I
咨询消息：每日返氷八个点  
http://1498.one
回复消息：你好,老板！🤝 我们公司承接

网站搭建❕定制机器人❕群发软件❕代发广告

👉公司客服： @Boss91M1   @Boss91M2
👉官方交流群： @bs91m990

=====================================================

2022-06-28
咨询客户ID：5570387203 → None
咨询消息：None
回复消息：你好,老板！🤝 我们公司承接

网站搭建❕定制机器人❕群发软件❕代发广告

👉公司客服： @Boss91M1   @Boss91M2
👉官方交流群： @bs91m990

=====================================================

2022-06-28
咨询客户ID：5315174441 → None
咨询消息：http://60765.co  
极力打造
回复消息：你好,老板！🤝 我们公司承接

网站搭建❕定制机器人❕群发软件❕代发广告

👉公司客服： @Boss91M1   @Boss91M2
👉官方交流群： @bs91m990

=====================================================

2022-06-28
咨询客户ID：5512372792 → None
咨询消息：http://60765.co  
极力打造
回复消息：你好,老板！🤝 我们公司承接

网站搭建❕定制机器人❕群发软件❕代发广告

👉公司客服： @Boss91M1   @Boss91M2
👉官方交流群： @bs91m990

=====================================================

2022-06-28
咨询客户ID：5300742188 → None
咨询消息：None
回复消息：你好,老板！🤝 我们公司承接

网站搭建❕定制机器人❕群发软件❕代发广告

👉公司客服： @Boss91M1   @Boss91M2
👉官方交流群： @bs91m990

=====================================================

2022-06-28
咨询客户ID：5596827119 → None
咨询消息：你对加密货币有什么了解吗？？
回复消息：你好,老板！🤝 我们公司承接

网站搭建❕定制机器人❕群发软件❕代发广告

👉公司客服： @Boss91M1   @Boss91M2
👉官方交流群： @bs91m990

=====================================================

2022-06-28
咨询客户ID：5530399137 → None
咨询消息：꧁꫞꯭w꯭g꯭꫞꧂  
http://6228.bid
回复消息：你好,老板！🤝 我们公司承接

网站搭建❕定制机器人❕群发软件❕代发广告

👉公司客服： @Boss91M1   @Boss91M2
👉官方交流群： @bs91m990

=====================================================

2022-06-28
咨询客户ID：5587621949 → None
咨询消息：每日返氷八个点  
http://1498.one
回复消息：你好,老板！🤝 我们公司承接

网站搭建❕定制机器人❕群发软件❕代发广告

👉公司客服： @Boss91M1   @Boss91M2
👉官方交流群： @bs91m990

=====================================================

2022-06-28
咨询客户ID：5453060596 → None
咨询消息：每日返氷八个点  
http://2977.one
回复消息：你好,老板！🤝 我们公司承接

网站搭建❕定制机器人❕群发软件❕代发广告

👉公司客服： @Boss91M1   @Boss91M2
👉官方交流群： @bs91m990

=====================================================

2022-06-28
咨询客户ID：2139369788 → None
咨询消息：💎竞猜平台 966hash.com💎

➡️全网独家去中心化模式、庄家运营资金可见
➡️无需充值提款、保护玩家隐私
➡️所有人转账记录回款可查，无任何虚假操作
➡️系统自动识别结算、自动返奖

✈️官方频道：（所有活动以频道发布为准）
https://t.me/+flbDsvaHyVRhYTVi
回复消息：你好,老板！🤝 我们公司承接

网站搭建❕定制机器人❕群发软件❕代发广告

👉公司客服： @Boss91M1   @Boss91M2
👉官方交流群： @bs91m990

=====================================================

2022-06-28
咨询客户ID：5357939346 → None
咨询消息：⅛⅛½H
大秀入口：https://t.me/z8haxiyule77   
牛牛玩法地址：【点击复制即可】
TYLjt293Pk4sP3BUaY545jVwP2mNUNNNNN
大小玩法地址：【点击复制即可】
TDu2ESghcUA8CyGHqQpMEzJmcvGM911111
单双玩法地址：【点击复制即可】
TTLSRZChqbHYJ1HVGNVnkjw88aahE33333
活动招商：@z8zhaoshang9 
活动客服：@z8hash09
官方注册：  z8hash11.com
官方频道： @z8_hxyl
Y
⅝⅛⅗
回复消息：你好,老板！🤝 我们公司承接

网站搭建❕定制机器人❕群发软件❕代发广告

👉公司客服： @Boss91M1   @Boss91M2
👉官方交流群： @bs91m990

=====================================================

2022-06-28
咨询客户ID：5583704698 → None
咨询消息：嗨 你好啊，想了解如何赚取USDT吗？
回复消息：你好,老板！🤝 我们公司承接

网站搭建❕定制机器人❕群发软件❕代发广告

👉公司客服： @Boss91M1   @Boss91M2
👉官方交流群： @bs91m990

=====================================================

2022-06-28
咨询客户ID：5578953811 → qsdNmjaxonyakhi1
咨询消息：🎰🔆⭐  
最^强^实^力^哈^希——索^莱^尔SOLAIRE 

💸全^网^最^高^赔^率2.0

💸负^盈^利^返^水2.0%

💸总^投^注^流^水1.5%

💸代^理^直^推^佣^金1.0%+分^红20%起

🥇玩^就^包^赔188USDT
https://t.me/+t-cP4W-IZ1UzN2Fh
     
💸️♟
回复消息：你好,老板！🤝 我们公司承接

网站搭建❕定制机器人❕群发软件❕代发广告

👉公司客服： @Boss91M1   @Boss91M2
👉官方交流群： @bs91m990

=====================================================

2022-06-28
咨询客户ID：5193873304 → Asplund1
咨询消息：Hello
回复消息：你好,老板！🤝 我们公司承接

网站搭建❕定制机器人❕群发软件❕代发广告

👉公司客服： @Boss91M1   @Boss91M2
👉官方交流群： @bs91m990

=====================================================

2022-06-28
咨询客户ID：5462495231 → None
咨询消息：金贝金博集团具有雄厚的实力与资金
旗下运营：
加拿大pc28(4.2/4.6)
加拿大pc28(4.2/5.0)
加拿大pc28(网盘）
🇨🇦百家乐
🇨🇦10倍抢庄牛牛
🇨🇦通比牛牛
德州扑克

凡是本集团旗下玩家均免费享受以下服务：酒店套房，专车接送，直升机，游艇，
进群链接 @jb08756bot
回复消息：你好,老板！🤝 我们公司承接

网站搭建❕定制机器人❕群发软件❕代发广告

👉公司客服： @Boss91M1   @Boss91M2
👉官方交流群： @bs91m990

=====================================================

2022-06-28
咨询客户ID：5409226065 → None
咨询消息：⅗⅟⅞H
大秀入口：https://t.me/z8haxiyule77   
牛牛玩法地址：【点击复制即可】
TYLjt293Pk4sP3BUaY545jVwP2mNUNNNNN
大小玩法地址：【点击复制即可】
TDu2ESghcUA8CyGHqQpMEzJmcvGM911111
单双玩法地址：【点击复制即可】
TTLSRZChqbHYJ1HVGNVnkjw88aahE33333
活动招商：@z8zhaoshang9 
活动客服：@z8hash09
官方注册：  z8hash11.com
官方频道： @z8_hxyl
Y
⅝⅖⅙
回复消息：你好,老板！🤝 我们公司承接

网站搭建❕定制机器人❕群发软件❕代发广告

👉公司客服： @Boss91M1   @Boss91M2
👉官方交流群： @bs91m990

=====================================================

2022-06-28
咨询客户ID：5413687694 → None
咨询消息：None
回复消息：你好,老板！🤝 我们公司承接

网站搭建❕定制机器人❕群发软件❕代发广告

👉公司客服： @Boss91M1   @Boss91M2
👉官方交流群： @bs91m990

=====================================================

2022-06-28
咨询客户ID：5533206719 → lOhaiberT4180
咨询消息：TG首家澳洲幸运5，
盛大起航！等你来战👊👊👊！

网盘火热爆庄中全网最高统一反水1%
新玩家进群首充28USDT送28USDT

活动(一)：每日首充
充值100  以上赠送18 USDT
充值200  以上赠送28 USDT
充值300  以上赠送38USDT
充值500  以上赠送58USDT
充值1000 以上赠送88USDT
 (以上活动须达到本金+赠送彩金和的五倍流水方可下分)

活动(二)：
玩家亏损救援扶持金最高赠送6%
平台保证公正，公开，透明，最可靠的加密货币竞猜娱乐平台！
本平台诚招实力代理，有意向的老铁欢迎前来洽谈
加入实现你的财富梦想
详情请联系客服：@hjmdl6667
皇家马德里集团祝贺每一位新人在2022年里赢在起跑线上
（参加本活动，如发现涉嫌套取福利，本集团将扣取盈利金额和扣取彩金！）
老板如果有兴趣，请私聊客服：@hjmdl6667
回复消息：你好,老板！🤝 我们公司承接

网站搭建❕定制机器人❕群发软件❕代发广告

👉公司客服： @Boss91M1   @Boss91M2
👉官方交流群： @bs91m990

=====================================================

2022-06-28
咨询客户ID：5156022270 → None
咨询消息：⅜⅕⅛H
大秀入口：https://t.me/z8haxiyule77   
牛牛玩法地址：【点击复制即可】
TYLjt293Pk4sP3BUaY545jVwP2mNUNNNNN
大小玩法地址：【点击复制即可】
TDu2ESghcUA8CyGHqQpMEzJmcvGM911111
单双玩法地址：【点击复制即可】
TTLSRZChqbHYJ1HVGNVnkjw88aahE33333
活动招商：@z8zhaoshang9 
活动客服：@z8hash09
官方注册：  z8hash11.com
官方频道： @z8_hxyl
Y
⅚⅚⅖
回复消息：你好,老板！🤝 我们公司承接

网站搭建❕定制机器人❕群发软件❕代发广告

👉公司客服： @Boss91M1   @Boss91M2
👉官方交流群： @bs91m990

=====================================================

2022-06-28
咨询客户ID：5442028624 → None
咨询消息：每日返氷八个点  
http://2977.one
回复消息：你好,老板！🤝 我们公司承接

网站搭建❕定制机器人❕群发软件❕代发广告

👉公司客服： @Boss91M1   @Boss91M2
👉官方交流群： @bs91m990

=====================================================

2022-06-28
咨询客户ID：5587140746 → None
咨询消息：金贝金博集团具有雄厚的实力与资金
旗下运营：
加拿大pc28(4.2/4.6)
加拿大pc28(4.2/5.0)
加拿大pc28(网盘）
🇨🇦百家乐
🇨🇦10倍抢庄牛牛
🇨🇦通比牛牛
德州扑克

凡是本集团旗下玩家均免费享受以下服务：酒店套房，专车接送，直升机，游艇，
进群链接 @jb08756bot
回复消息：你好,老板！🤝 我们公司承接

网站搭建❕定制机器人❕群发软件❕代发广告

👉公司客服： @Boss91M1   @Boss91M2
👉官方交流群： @bs91m990

=====================================================

2022-06-28
咨询客户ID：5013869211 → None
咨询消息：Salut!
回复消息：你好,老板！🤝 我们公司承接

网站搭建❕定制机器人❕群发软件❕代发广告

👉公司客服： @Boss91M1   @Boss91M2
👉官方交流群： @bs91m990

=====================================================

2022-06-28
咨询客户ID：5556246604 → None
咨询消息：囧囧囧  
http://7752.in
回复消息：你好,老板！🤝 我们公司承接

网站搭建❕定制机器人❕群发软件❕代发广告

👉公司客服： @Boss91M1   @Boss91M2
👉官方交流群： @bs91m990

=====================================================

2022-06-28
咨询客户ID：5474016704 → None
咨询消息：金贝金博集团具有雄厚的实力与资金
旗下运营：
加拿大pc28(4.2/4.6)
加拿大pc28(4.2/5.0)
加拿大pc28(网盘）
🇨🇦百家乐
🇨🇦10倍抢庄牛牛
🇨🇦通比牛牛
德州扑克

凡是本集团旗下玩家均免费享受以下服务：酒店套房，专车接送，直升机，游艇，
进群链接 @jb08756bot
回复消息：你好,老板！🤝 我们公司承接

网站搭建❕定制机器人❕群发软件❕代发广告

👉公司客服： @Boss91M1   @Boss91M2
👉官方交流群： @bs91m990

=====================================================

2022-06-28
咨询客户ID：5419057454 → None
咨询消息：囧囧囧  
http://7752.in
回复消息：你好,老板！🤝 我们公司承接

网站搭建❕定制机器人❕群发软件❕代发广告

👉公司客服： @Boss91M1   @Boss91M2
👉官方交流群： @bs91m990

=====================================================

2022-06-28
咨询客户ID：5314072334 → None
咨询消息：金贝金博集团具有雄厚的实力与资金
旗下运营：
加拿大pc28(4.2/4.6)
加拿大pc28(4.2/5.0)
加拿大pc28(网盘）
🇨🇦百家乐
🇨🇦10倍抢庄牛牛
🇨🇦通比牛牛
德州扑克

凡是本集团旗下玩家均免费享受以下服务：酒店套房，专车接送，直升机，游艇，
进群链接 @jb08756bot
回复消息：你好,老板！🤝 我们公司承接

网站搭建❕定制机器人❕群发软件❕代发广告

👉公司客服： @Boss91M1   @Boss91M2
👉官方交流群： @bs91m990

=====================================================

2022-06-28
咨询客户ID：5403465865 → R_eginAlle8nald_DavidCarey
咨询消息：🌋火山哈希平台🌋
🌋新人下注最高送888U！🌋

玩法丰富 拒绝单一

全网代理最高福利待遇 返点

联系飞机: hshxhby
回复消息：你好,老板！🤝 我们公司承接

网站搭建❕定制机器人❕群发软件❕代发广告

👉公司客服： @Boss91M1   @Boss91M2
👉官方交流群： @bs91m990

=====================================================

2022-06-28
咨询客户ID：5315231324 → None
咨询消息：金贝金博集团具有雄厚的实力与资金
旗下运营：
加拿大pc28(4.2/4.6)
加拿大pc28(4.2/5.0)
加拿大pc28(网盘）
🇨🇦百家乐
🇨🇦10倍抢庄牛牛
🇨🇦通比牛牛
德州扑克

凡是本集团旗下玩家均免费享受以下服务：酒店套房，专车接送，直升机，游艇，
进群链接 @jb08756bot
回复消息：你好,老板！🤝 我们公司承接

网站搭建❕定制机器人❕群发软件❕代发广告

👉公司客服： @Boss91M1   @Boss91M2
👉官方交流群： @bs91m990

=====================================================

2022-06-28
咨询客户ID：5505022520 → None
咨询消息：꧁꫞꯭w꯭g꯭꫞꧂  
http://6228.bid
回复消息：你好,老板！🤝 我们公司承接

网站搭建❕定制机器人❕群发软件❕代发广告

👉公司客服： @Boss91M1   @Boss91M2
👉官方交流群： @bs91m990

=====================================================

2022-06-28
咨询客户ID：5527688359 → None
咨询消息：🔥🌺ⓐⓛⓛⓘⓝ鉿唏国际  新用户前五把包赔68ⓤ
全新代理流水返佣模式  实力拉手来谈🌺🔥

👬交流交友群：  t.me/+ElNJ_sjuC7w1Y2Fk

👬频道：  http://151379.com
回复消息：你好,老板！🤝 我们公司承接

网站搭建❕定制机器人❕群发软件❕代发广告

👉公司客服： @Boss91M1   @Boss91M2
👉官方交流群： @bs91m990

=====================================================

2022-06-28
咨询客户ID：1883180213 → c12366SFj
咨询消息：1️⃣：新人包赔· 实时发放
2️⃣：新人奖励 · 实时发放
3️⃣：满勤签到活动
4️⃣：锦上添花
5️⃣：爆庄奖励 · 隔日领取
6️⃣：玩家救济金· 隔日领取

详情请咨询:@E_hash002
回复消息：你好,老板！🤝 我们公司承接

网站搭建❕定制机器人❕群发软件❕代发广告

👉公司客服： @Boss91M1   @Boss91M2
👉官方交流群： @bs91m990

=====================================================

2022-06-28
咨询客户ID：5370763482 → None
咨询消息：金贝金博集团具有雄厚的实力与资金
旗下运营：
加拿大pc28(4.2/4.6)
加拿大pc28(4.2/5.0)
加拿大pc28(网盘）
🇨🇦百家乐
🇨🇦10倍抢庄牛牛
🇨🇦通比牛牛
德州扑克

凡是本集团旗下玩家均免费享受以下服务：酒店套房，专车接送，直升机，游艇，
进群链接 @jb08756bot
回复消息：你好,老板！🤝 我们公司承接

网站搭建❕定制机器人❕群发软件❕代发广告

👉公司客服： @Boss91M1   @Boss91M2
👉官方交流群： @bs91m990

=====================================================

2022-06-28
咨询客户ID：5538083534 → None
咨询消息：金贝金博集团具有雄厚的实力与资金
旗下运营：
加拿大pc28(4.2/4.6)
加拿大pc28(4.2/5.0)
加拿大pc28(网盘）
🇨🇦百家乐
🇨🇦10倍抢庄牛牛
🇨🇦通比牛牛
德州扑克

凡是本集团旗下玩家均免费享受以下服务：酒店套房，专车接送，直升机，游艇，
进群链接 @jb08756bot
回复消息：你好,老板！🤝 我们公司承接

网站搭建❕定制机器人❕群发软件❕代发广告

👉公司客服： @Boss91M1   @Boss91M2
👉官方交流群： @bs91m990

=====================================================

2022-06-28
咨询客户ID：5508039457 → None
咨询消息：None
回复消息：你好,老板！🤝 我们公司承接

网站搭建❕定制机器人❕群发软件❕代发广告

👉公司客服： @Boss91M1   @Boss91M2
👉官方交流群： @bs91m990

=====================================================

2022-06-28
咨询客户ID：5119459261 → None
咨询消息：⅖⅕⅚大秀入口：https://t.me/z8haxiyule77   
牛牛玩法地址：【点击复制即可】
TYLjt293Pk4sP3BUaY545jVwP2mNUNNNNN
大小玩法地址：【点击复制即可】
TDu2ESghcUA8CyGHqQpMEzJmcvGM911111
单双玩法地址：【点击复制即可】
TTLSRZChqbHYJ1HVGNVnkjw88aahE33333
活动招商：@zexi002
活动客服：@zexi004
官方注册：  z8hash1.com/index?rg=2029
官方频道： @z8_hxyl
⅞⅕½
回复消息：你好,老板！🤝 我们公司承接

网站搭建❕定制机器人❕群发软件❕代发广告

👉公司客服： @Boss91M1   @Boss91M2
👉官方交流群： @bs91m990

=====================================================

2022-06-28
咨询客户ID：5167981593 → Mark420668993
咨询消息：非法药物和产品 真正的暗网平台 @street_mall 

黑客技术培训 黑客组织的官方频道 @JDH34SG
Glenn
回复消息：你好,老板！🤝 我们公司承接

网站搭建❕定制机器人❕群发软件❕代发广告

👉公司客服： @Boss91M1   @Boss91M2
👉官方交流群： @bs91m990

=====================================================

2022-06-28
咨询客户ID：5372672229 → None
咨询消息：🤩新人注册福利🤩10把、包赔100U💰

 t.me/+RvzzMpC11ZowOTQ0 👈
回复消息：你好,老板！🤝 我们公司承接

网站搭建❕定制机器人❕群发软件❕代发广告

👉公司客服： @Boss91M1   @Boss91M2
👉官方交流群： @bs91m990

=====================================================

2022-06-28
咨询客户ID：5372658951 → None
咨询消息：祝您和您的家人平安幸福
回复消息：你好,老板！🤝 我们公司承接

网站搭建❕定制机器人❕群发软件❕代发广告

👉公司客服： @Boss91M1   @Boss91M2
👉官方交流群： @bs91m990

=====================================================

2022-06-28
咨询客户ID：5465485527 → Kate00014
咨询消息：Hello, This is Kate are you interested to increase your usdt using DAFI network? Did you know that with only 50usdt you can now expand your usdt to 2.3USDT every 24hours with $1 minimum withdrawal only, the good thing here is you dont need to send money to anyone,  You can do it alone with your own crypto wallet
回复消息：你好,老板！🤝 我们公司承接

网站搭建❕定制机器人❕群发软件❕代发广告

👉公司客服： @Boss91M1   @Boss91M2
👉官方交流群： @bs91m990

=====================================================

2022-06-28
咨询客户ID：5512977720 → meng011
咨询消息：🔥 Z8哈希区块娱乐🔥 
全球首家区块链多元素娱乐
  公平🈵  公正 🈵 公开🈵  任何人不可篡改🈵 
       👇👇👇👇

注册  送58USDT🔜Z8哈希娱乐官网：
z8mm.com

咨询✈️：@shan8810


每天玩一玩，轻松赚U好轻松
合作共赢，日入万U等你来赚
回复消息：你好,老板！🤝 我们公司承接

网站搭建❕定制机器人❕群发软件❕代发广告

👉公司客服： @Boss91M1   @Boss91M2
👉官方交流群： @bs91m990

=====================================================

2022-06-28
咨询客户ID：5528067105 → None
咨询消息：金贝金博集团具有雄厚的实力与资金
旗下运营：
加拿大pc28(4.2/4.6)
加拿大pc28(4.2/5.0)
加拿大pc28(网盘）
🇨🇦百家乐
🇨🇦10倍抢庄牛牛
🇨🇦通比牛牛
德州扑克

凡是本集团旗下玩家均免费享受以下服务：酒店套房，专车接送，直升机，游艇，
进群链接 @jb08756bot
回复消息：你好,老板！🤝 我们公司承接

网站搭建❕定制机器人❕群发软件❕代发广告

👉公司客服： @Boss91M1   @Boss91M2
👉官方交流群： @bs91m990

=====================================================

2022-06-28
咨询客户ID：5490352018 → sOFlyCaoVan96
咨询消息：🌏🌺ⓐⓛⓛⓘⓝ鉿唏国际  新用户前五把包赔68ⓤ
全新代理流水返佣模式  实力拉手来谈🌺🌏

👬交流交友群：  t.me/+ElNJ_sjuC7w1Y2Fk

👬频道：  http://455211.com
回复消息：你好,老板！🤝 我们公司承接

网站搭建❕定制机器人❕群发软件❕代发广告

👉公司客服： @Boss91M1   @Boss91M2
👉官方交流群： @bs91m990

=====================================================

2022-06-28
咨询客户ID：5497592797 → None
咨询消息：金贝金博集团具有雄厚的实力与资金
旗下运营：
加拿大pc28(4.2/4.6)
加拿大pc28(4.2/5.0)
加拿大pc28(网盘）
🇨🇦百家乐
🇨🇦10倍抢庄牛牛
🇨🇦通比牛牛
德州扑克

凡是本集团旗下玩家均免费享受以下服务：酒店套房，专车接送，直升机，游艇，
进群链接 @jb08756bot
回复消息：你好,老板！🤝 我们公司承接

网站搭建❕定制机器人❕群发软件❕代发广告

👉公司客服： @Boss91M1   @Boss91M2
👉官方交流群： @bs91m990

=====================================================

2022-06-28
咨询客户ID：1548266018 → None
咨询消息：kız napiyon ne ediyon nevar ne yok iyimisiniz kezzbbbbbbn
回复消息：你好,老板！🤝 我们公司承接

网站搭建❕定制机器人❕群发软件❕代发广告

👉公司客服： @Boss91M1   @Boss91M2
👉官方交流群： @bs91m990

=====================================================

2022-06-28
咨询客户ID：5531919140 → None
咨询消息：每日返氷八个点  
http://2977.one
回复消息：你好,老板！🤝 我们公司承接

网站搭建❕定制机器人❕群发软件❕代发广告

👉公司客服： @Boss91M1   @Boss91M2
👉官方交流群： @bs91m990

=====================================================

2022-06-28
咨询客户ID：5526576368 → xiaozhang6661
咨询消息：老板，需要二道充网关回U吗，代收代付银联备付金下发支持预付押金担保！
回复消息：你好,老板！🤝 我们公司承接

网站搭建❕定制机器人❕群发软件❕代发广告

👉公司客服： @Boss91M1   @Boss91M2
👉官方交流群： @bs91m990

=====================================================

2022-06-28
咨询客户ID：5482464251 → None
咨询消息：金贝金博集团具有雄厚的实力与资金
旗下运营：
加拿大pc28(4.2/4.6)
加拿大pc28(4.2/5.0)
加拿大pc28(网盘）
🇨🇦百家乐
🇨🇦10倍抢庄牛牛
🇨🇦通比牛牛
德州扑克

凡是本集团旗下玩家均免费享受以下服务：酒店套房，专车接送，直升机，游艇，
进群链接 @jb08756bot
回复消息：你好,老板！🤝 我们公司承接

网站搭建❕定制机器人❕群发软件❕代发广告

👉公司客服： @Boss91M1   @Boss91M2
👉官方交流群： @bs91m990

=====================================================

2022-06-28
咨询客户ID：5567432661 → None
咨询消息：下   载  地   址：   88880.me 

 联系  客服  领取   体验福利  888W
 @qq7288
回复消息：你好,老板！🤝 我们公司承接

网站搭建❕定制机器人❕群发软件❕代发广告

👉公司客服： @Boss91M1   @Boss91M2
👉官方交流群： @bs91m990

=====================================================

2022-06-28
咨询客户ID：5412897580 → HongCuc86360
咨询消息：
回复消息：你好,老板！🤝 我们公司承接

网站搭建❕定制机器人❕群发软件❕代发广告

👉公司客服： @Boss91M1   @Boss91M2
👉官方交流群： @bs91m990

=====================================================

2022-06-28
咨询客户ID：5130038927 → None
咨询消息：出海联盟资源库! 您需要的我们都有!!! https://t.me/+yBhqM-zm8LA0OTNl
回复消息：你好,老板！🤝 我们公司承接

网站搭建❕定制机器人❕群发软件❕代发广告

👉公司客服： @Boss91M1   @Boss91M2
👉官方交流群： @bs91m990

=====================================================

2022-06-28
咨询客户ID：5470207833 → None
咨询消息：🎤🎤广大网友请注意 🎤🎤🎤 
⭐️联盛首届pc28狂欢节⭐️将在28号00.00正式开始有效期3天，邀请各大网友和我们一起共度联盛集团首届PC28的狂欢活动，福利不断，惊喜多多。机会不多，抓紧来领取属于联盛集团给你们派送的💰💰💰 
🌹欢迎全网代理，拉手，玩家来咨询。🌹 
                                     联盛集团接待客服： 
                                 @LianshengGroup005
回复消息：你好,老板！🤝 我们公司承接

网站搭建❕定制机器人❕群发软件❕代发广告

👉公司客服： @Boss91M1   @Boss91M2
👉官方交流群： @bs91m990

=====================================================

2022-06-28
咨询客户ID：5564889124 → None
咨询消息：Hello, are you an investor in cryptocurrencies too?
回复消息：你好,老板！🤝 我们公司承接

网站搭建❕定制机器人❕群发软件❕代发广告

👉公司客服： @Boss91M1   @Boss91M2
👉官方交流群： @bs91m990

=====================================================

2022-06-28
咨询客户ID：5393717205 → gCGrpjjbhbbn
咨询消息：下   载  地   址：   88880.me 

 联系  客服  领取   体验福利  888W
 @qq7288
回复消息：你好,老板！🤝 我们公司承接

网站搭建❕定制机器人❕群发软件❕代发广告

👉公司客服： @Boss91M1   @Boss91M2
👉官方交流群： @bs91m990

=====================================================

2022-06-28
咨询客户ID：5133265155 → None
咨询消息：🌈 六合内幕资料交流群链接：🔻 
 
🌐 https://t.me/+mZdD8vJG7a5iMTM1 
 
              💯💯💯💯💯💯 
 
  澳门/香港六合四肖八码连中十八期 
 
                 🏅🏅🏅🏅🏅 
 
  澳门/香港六合资料大全应有尽有 
 
                📣📣📣📣📣 
 
      欢迎马友入群交流，看资料 
 
                 🤝🤝🤝🤝🤝 
 
 澳门/香港六合四肖八码连中十八期 
 
                🔥🔥🔥🔥🔥 
 
    澳门/香港六合资料大全应有尽有 
 
     🌈 六合资料交流群链接：🔻 
 
🌐 https://t.me/+mZdD8vJG7a5iMTM1 
 
        ✈️ 联系请点击 =》  @lhc318 ✈️
回复消息：你好,老板！🤝 我们公司承接

网站搭建❕定制机器人❕群发软件❕代发广告

👉公司客服： @Boss91M1   @Boss91M2
👉官方交流群： @bs91m990

=====================================================

2022-06-28
咨询客户ID：5384033127 → None
咨询消息：🎤🎤广大网友请注意 🎤🎤🎤 
⭐️联盛首届pc28狂欢节⭐️将在28号00.00正式开始有效期3天，邀请各大网友和我们一起共度联盛集团首届PC28的狂欢活动，福利不断，惊喜多多。机会不多，抓紧来领取属于联盛集团给你们派送的💰💰💰 
🌹欢迎全网代理，拉手，玩家来咨询。🌹 
                                     联盛集团接待客服： 
                                 @LianshengGroup005
回复消息：你好,老板！🤝 我们公司承接

网站搭建❕定制机器人❕群发软件❕代发广告

👉公司客服： @Boss91M1   @Boss91M2
👉官方交流群： @bs91m990

=====================================================

2022-06-28
咨询客户ID：5321289118 → None
咨询消息：None
回复消息：你好,老板！🤝 我们公司承接

网站搭建❕定制机器人❕群发软件❕代发广告

👉公司客服： @Boss91M1   @Boss91M2
👉官方交流群： @bs91m990

=====================================================

2022-06-28
咨询客户ID：5378049096 → yuncheekong
咨询消息：你好你最近怎么样
回复消息：你好,老板！🤝 我们公司承接

网站搭建❕定制机器人❕群发软件❕代发广告

👉公司客服： @Boss91M1   @Boss91M2
👉官方交流群： @bs91m990

=====================================================

2022-06-28
咨询客户ID：5591825639 → None
咨询消息：每天美女直播不断！
回复消息：你好,老板！🤝 我们公司承接

网站搭建❕定制机器人❕群发软件❕代发广告

👉公司客服： @Boss91M1   @Boss91M2
👉官方交流群： @bs91m990

=====================================================

2022-06-28
咨询客户ID：5389838384 → Nihabzuma
咨询消息：Hello
回复消息：你好,老板！🤝 我们公司承接

网站搭建❕定制机器人❕群发软件❕代发广告

👉公司客服： @Boss91M1   @Boss91M2
👉官方交流群： @bs91m990

=====================================================

2022-06-28
咨询客户ID：5516304345 → Dean_G5dodfe767ryCar
咨询消息：哈喽哈喽 哈喽 搞起来





火山哈希，有你更精彩，想赚你就来  包赔多次，懂的来  亏了算我的，赚了算你的

飞机：haxi6692
回复消息：你好,老板！🤝 我们公司承接

网站搭建❕定制机器人❕群发软件❕代发广告

👉公司客服： @Boss91M1   @Boss91M2
👉官方交流群： @bs91m990

=====================================================

2022-06-28
咨询客户ID：5322197479 → derek_8yr75u
咨询消息：🌏🌺ⓐⓛⓛⓘⓝ鉿唏国际  新用户前五把包赔68ⓤ
全新代理流水返佣模式  实力拉手来谈🌺🌏

👬交流交友群：  t.me/+ElNJ_sjuC7w1Y2Fk

👬频道：  http://455211.com
回复消息：你好,老板！🤝 我们公司承接

网站搭建❕定制机器人❕群发软件❕代发广告

👉公司客服： @Boss91M1   @Boss91M2
👉官方交流群： @bs91m990

=====================================================

2022-06-28
咨询客户ID：5346292910 → Hilary_Ant_HowaronioAlbert
咨询消息：哈喽哈喽 哈喽 搞起来





火山哈希，有你更精彩，想赚你就来  包赔多次，懂的来  亏了算我的，赚了算你的

飞机：haxi6692
回复消息：你好,老板！🤝 我们公司承接

网站搭建❕定制机器人❕群发软件❕代发广告

👉公司客服： @Boss91M1   @Boss91M2
👉官方交流群： @bs91m990

=====================================================

2022-06-28
咨询客户ID：5454588389 → PrwrVPhilukepr
咨询消息：🥪🥙🍟
🎉🎉特邀会员活动(1)🎉🎉
🎁58U送28U
🎁88U送48U
⭕️只限一次  2倍流水（只能投注六合彩）
🎉🎉新人首充活动(2)🎉🎉
🎁100U送28U      一倍流水
🎁300u送58U       一倍流水
🎁500u送128U     一倍流水
🎁1000送288U     一倍流水
🎁2000u送588U   一倍流水
上下分支持 ”U“  支付宝 银行卡 方便快捷！
了解详情联系客服:  @Aozhouguoji02
🧆🧇🫔
回复消息：你好,老板！🤝 我们公司承接

网站搭建❕定制机器人❕群发软件❕代发广告

👉公司客服： @Boss91M1   @Boss91M2
👉官方交流群： @bs91m990

=====================================================

2022-06-28
咨询客户ID：5210517427 → None
咨询消息：None
回复消息：你好,老板！🤝 我们公司承接

网站搭建❕定制机器人❕群发软件❕代发广告

👉公司客服： @Boss91M1   @Boss91M2
👉官方交流群： @bs91m990

=====================================================

2022-06-28
咨询客户ID：5480916935 → None
咨询消息：营销推广神器24小时全自动群发tg协议软件，直登号,协议号，全平台群组监控，接各种全自动群管定制，软件可优先免费测试@Marsworkroom10 @Marsworkroom2 频道看效果 @Marsworkroom3
回复消息：你好,老板！🤝 我们公司承接

网站搭建❕定制机器人❕群发软件❕代发广告

👉公司客服： @Boss91M1   @Boss91M2
👉官方交流群： @bs91m990

=====================================================

2022-06-28
咨询客户ID：5490141137 → beverly_i3oa3o
咨询消息：ksh🏆 🏆欧宝继30W赢一亿后，再出赌神  狂揽三千万！🏆🏆

❤️‍🔥❤️‍🔥55%分红，玩家输100万，你提55万

❤️‍🔥❤️‍🔥2%流水，玩家流水1000万，你提20万（无论输赢）

❤️‍🔥❤️‍🔥300人头费，一个起发，无上限（无论输赢）

❤️‍🔥❤️‍🔥转介绍代理4%-8%分红

🌸🌸每月稳定发放4次佣金   每月稳定发放4次佣金🌸🌸

🔥🔥玩家福利，注册送，首存送，复存送，包赔单，红包雨，超高返水等等，百种福利等你来挑🔥🔥

🌈百万，千万提款秒到账🌈支持多种渠道存取款🌈

欢迎打扰
    👇🏻👇🏻👇🏻  
🧡🤎💜💚❤️开线咨询，认准欧宝官方：@M65566
回复消息：你好,老板！🤝 我们公司承接

网站搭建❕定制机器人❕群发软件❕代发广告

👉公司客服： @Boss91M1   @Boss91M2
👉官方交流群： @bs91m990

=====================================================

2022-06-28
咨询客户ID：5380508600 → OctaFxTraderReal
咨询消息：INVESTMENT WINDOW IS NOW OPEN
YOU CAN NOW SEND IN YOUR CAPITAL AND EARN 20x OF WHAT YOU INVEST WITHIN 6 HOURS

BE YOUR OWN BOSS TODAY AND INVEST TOWARDS YOUR FUTURE.

 EXPLANATION OF GIC : 
 ➡️GUARANTEE🇸🇬📊
 ➡️ CAPITAL IN SAFE
 ➡️ PROFIT RECEIVED
 ➡️ PROFESSIONAL MANAGEMENT   
 ➡️ SHARIAH COMPLIANT
 ➡️ LEGAL IN THE TRADING WORLD
 ➡️ PROFIT COMES IN WITHIN 6 HOURS ONLY
 ➡️DO NOT MISS THE GOLDEN OPPORTUNITY🇸🇬📊
      
Come on !!! Invest with us in OCTAFX of Singapore Investment Corporation see for yourself the benefits 🤗🤑 Want to invest, 

TRADING TIME IS 6 HOURS For interested investors, please send me your full name, contact number, nationality, email address Contact me now for your trading plan

🇦 🇩 🇲 🇮 🇳
📩𝐓𝐞𝐥𝐞𝐠𝐫𝐚𝐦:
https://t.me/awards_alexyuu

JOIN GRUP 👇
https://t.me/OctaFxinvestationn
回复消息：你好,老板！🤝 我们公司承接

网站搭建❕定制机器人❕群发软件❕代发广告

👉公司客服： @Boss91M1   @Boss91M2
👉官方交流群： @bs91m990

=====================================================

2022-06-28
咨询客户ID：5459978270 → None
咨询消息：滴滴滴 在吗？
回复消息：你好,老板！🤝 我们公司承接

网站搭建❕定制机器人❕群发软件❕代发广告

👉公司客服： @Boss91M1   @Boss91M2
👉官方交流群： @bs91m990

=====================================================

2022-06-28
咨询客户ID：5587696653 → None
咨询消息：🌍AK 国际哈希平台🌍
无需注册，直接拿着您的冷钱包即可参加投注投注3秒自动返奖
💖玩家在AK任意投注送100TRX油费+每日局数彩金最高588U+每日连赢最高15%+每日救济金最高4%
💗代理每天反水
咨询客服: @akxx88  @akxx888
回复消息：你好,老板！🤝 我们公司承接

网站搭建❕定制机器人❕群发软件❕代发广告

👉公司客服： @Boss91M1   @Boss91M2
👉官方交流群： @bs91m990

=====================================================

2022-06-28
咨询客户ID：5574213369 → None
咨询消息：🎤🎤广大网友请注意 🎤🎤🎤 
⭐️联盛首届pc28狂欢节⭐️将在28号00.00正式开始有效期3天，邀请各大网友和我们一起共度联盛集团首届PC28的狂欢活动，福利不断，惊喜多多。机会不多，抓紧来领取属于联盛集团给你们派送的💰💰💰 
🌹欢迎全网代理，拉手，玩家来咨询。🌹 
                                     联盛集团接待客服： @LianshengGroup005
回复消息：你好,老板！🤝 我们公司承接

网站搭建❕定制机器人❕群发软件❕代发广告

👉公司客服： @Boss91M1   @Boss91M2
👉官方交流群： @bs91m990

=====================================================

2022-06-28
咨询客户ID：5406762201 → None
咨询消息：🎤🎤广大网友请注意 🎤🎤🎤 
⭐️联盛首届pc28狂欢节⭐️将在28号00.00正式开始有效期3天，邀请各大网友和我们一起共度联盛集团首届PC28的狂欢活动，福利不断，惊喜多多。机会不多，抓紧来领取属于联盛集团给你们派送的💰💰💰 
🌹欢迎全网代理，拉手，玩家来咨询。🌹 
                                     联盛集团接待客服： @LianshengGroup005
回复消息：你好,老板！🤝 我们公司承接

网站搭建❕定制机器人❕群发软件❕代发广告

👉公司客服： @Boss91M1   @Boss91M2
👉官方交流群： @bs91m990

=====================================================

2022-06-28
咨询客户ID：5301409283 → None
咨询消息：None
回复消息：你好,老板！🤝 我们公司承接

网站搭建❕定制机器人❕群发软件❕代发广告

👉公司客服： @Boss91M1   @Boss91M2
👉官方交流群： @bs91m990

=====================================================

2022-06-28
咨询客户ID：5378049096 → yuncheekong
咨询消息：感谢您的广告我的兄弟，您可以删除您的whatsapp链接
回复消息：你好,老板！🤝 我们公司承接

网站搭建❕定制机器人❕群发软件❕代发广告

👉公司客服： @Boss91M1   @Boss91M2
👉官方交流群： @bs91m990

=====================================================

2022-06-28
咨询客户ID：5213635336 → CockroachInterleaver
咨询消息：【91M Boss】传媒公司  
😀 🌈🍇🫕🥎💴🎊💛♍️🔴⛵️Hq意开业大吉  
https://t.me/+qlEopb4RILgxOTlh
回复消息：你好,老板！🤝 我们公司承接

网站搭建❕定制机器人❕群发软件❕代发广告

👉公司客服： @Boss91M1   @Boss91M2
👉官方交流群： @bs91m990

=====================================================

2022-06-28
咨询客户ID：2136357032 → None
咨询消息：1️⃣：新人包赔· 实时发放
2️⃣：新人奖励 · 实时发放
3️⃣：满勤签到活动
4️⃣：锦上添花
5️⃣：爆庄奖励 · 隔日领取
6️⃣：玩家救济金· 隔日领取

详情请咨询:@E_hash002
回复消息：你好,老板！🤝 我们公司承接

网站搭建❕定制机器人❕群发软件❕代发广告

👉公司客服： @Boss91M1   @Boss91M2
👉官方交流群： @bs91m990

=====================================================

2022-06-28
咨询客户ID：5428805640 → None
咨询消息：🍇🍑🫑🔥汇旺💰担保20万美金，下分秒回💰
🔥飞机最火爆中华老虎机爆庄中🔥
🔥赢率超高🔥
🔥Telegram老虎机为官方表情贴图，无法被操控！🔥
🔥完全随机性质！公开、公平、公正！一切全靠博！🔥
🔔公群进入体验🔔
https://t.me/+L7ZYiqnpZEwxYzVl
💰欢迎进入上下分群💰
https://t.me/+moGsMEdPvPRiNTVl
开始私聊游戏：
@zhonghua_slot_bot
客服查询
@wannwoo123
回复消息：你好,老板！🤝 我们公司承接

网站搭建❕定制机器人❕群发软件❕代发广告

👉公司客服： @Boss91M1   @Boss91M2
👉官方交流群： @bs91m990

=====================================================

2022-06-28
咨询客户ID：5425661953 → charlotte_jnvq3d
咨询消息：➡✈🔘🔥TokenPocket钱包可在官方频道安装与更新啦！

🛠苹果ios版本可供中国大陆用户升级与导入钱包。并根据部分用户反映安卓闪退现象，同时也发布Android最新版本，修复闪退Bug。为了不影响您钱包的正常使用，建议及时备份好导入钱包的私钥或助记词，做到有备无患，并下载最新版本🔰

💻TokenPocket官方TG频道 @tokenpocket_Serve，该频道支持TP钱包🍎 ios 和 🤖 安卓版本在线更新与安装。官方频道下载TP钱包，可领500trx，老用户通过本频道导入钱包，可领1000trx。

💬TP金牌客服：@tokenpocket_Helps（24H在线，提供问题咨询、技术支持）

频道消息与twitter同步更新，让您获得第一手的币圈市场信息。

👉请关注TokenPocket唯一官方频道：@tokenpocket_Serve

🔰TokenPocket Foundation Ltd.（技术团队）
回复消息：你好,老板！🤝 我们公司承接

网站搭建❕定制机器人❕群发软件❕代发广告

👉公司客服： @Boss91M1   @Boss91M2
👉官方交流群： @bs91m990

=====================================================

2022-06-28
咨询客户ID：5400112836 → None
咨询消息：⚡🌹🌹⚽️欧宝体育🏆诚招代理🎗合作共赢
🌟：负盈利佣金分红55%（1w=5500）
🌟：会员首存复存有彩金，人头费300/个
🌟：体育，电竞流水佣金2%扶持（其它0.2%）
🌟：介绍代理分8%+专享：独立代理后台和推广域名

好消息🎉好福利🎉好扶持🎉直到世界杯结束当月5个活跃即可享受55%佣金分红💵

中文成人指南频道：https://t.me/cldr123

☎️telegram：@obaji1828

📣欧宝官方永久域名： 588ob.cn  （浏览器打开）
🌸💥💖
回复消息：你好,老板！🤝 我们公司承接

网站搭建❕定制机器人❕群发软件❕代发广告

👉公司客服： @Boss91M1   @Boss91M2
👉官方交流群： @bs91m990

=====================================================

2022-06-28
咨询客户ID：1839310372 → Abiodun_adu
咨询消息：Hello
回复消息：你好,老板！🤝 我们公司承接

网站搭建❕定制机器人❕群发软件❕代发广告

👉公司客服： @Boss91M1   @Boss91M2
👉官方交流群： @bs91m990

=====================================================

2022-06-28
咨询客户ID：5453800916 → George_EgWin206stonb2ertC
咨询消息：
回复消息：你好,老板！🤝 我们公司承接

网站搭建❕定制机器人❕群发软件❕代发广告

👉公司客服： @Boss91M1   @Boss91M2
👉官方交流群： @bs91m990

=====================================================

2022-06-28
咨询客户ID：5459753976 → None
咨询消息：http://60765.co  
极力打造
回复消息：你好,老板！🤝 我们公司承接

网站搭建❕定制机器人❕群发软件❕代发广告

👉公司客服： @Boss91M1   @Boss91M2
👉官方交流群： @bs91m990

=====================================================

2022-06-28
咨询客户ID：5265078095 → None
咨询消息：None
回复消息：你好,老板！🤝 我们公司承接

网站搭建❕定制机器人❕群发软件❕代发广告

👉公司客服： @Boss91M1   @Boss91M2
👉官方交流群： @bs91m990

=====================================================

2022-06-28
咨询客户ID：5342468781 → huzzniuzuez
咨询消息：🎺🎺老牌博企招商，代理最高60个点！！！🦞猎杰集团🦞推出【亚洲体育】真诚期望与您合作！！！

另招：代理专员/组长若干名 （9休4+菲假） 待遇：1W3-1W5

地址：马尼拉ayala大道

详情咨询【红妹子】TG：@hmz2222        @xk6868
回复消息：你好,老板！🤝 我们公司承接

网站搭建❕定制机器人❕群发软件❕代发广告

👉公司客服： @Boss91M1   @Boss91M2
👉官方交流群： @bs91m990

=====================================================

2022-06-28
咨询客户ID：5557940304 → FAuwEMariBritoP
咨询消息：营销推广神器24小时全自动群发群发,代发,代拉,僵尸,活粉，全平台群组监控，接各种全自动群管定制，软件可优先免费测试@Marsworkroom10 @Marsworkroom2 频道看效果 @Marsworkroom3
回复消息：你好,老板！🤝 我们公司承接

网站搭建❕定制机器人❕群发软件❕代发广告

👉公司客服： @Boss91M1   @Boss91M2
👉官方交流群： @bs91m990

=====================================================

2022-06-28
咨询客户ID：5453800916 → George_EgWin206stonb2ertC
咨询消息：
回复消息：你好,老板！🤝 我们公司承接

网站搭建❕定制机器人❕群发软件❕代发广告

👉公司客服： @Boss91M1   @Boss91M2
👉官方交流群： @bs91m990

=====================================================

2022-06-28
咨询客户ID：5401485521 → HanhHinh87747
咨询消息：
回复消息：你好,老板！🤝 我们公司承接

网站搭建❕定制机器人❕群发软件❕代发广告

👉公司客服： @Boss91M1   @Boss91M2
👉官方交流群： @bs91m990

=====================================================

2022-06-28
咨询客户ID：5377153023 → None
咨询消息：你好 【91M Boss】传媒公司客服 Boss91m1 你好 lu 东南集团
澳洲PK10群飞单
推荐使用USDT数字货币交易
投注飞单群8区https://t.me/jbokxr888
@U6x688
回复消息：你好,老板！🤝 我们公司承接

网站搭建❕定制机器人❕群发软件❕代发广告

👉公司客服： @Boss91M1   @Boss91M2
👉官方交流群： @bs91m990

=====================================================

2022-06-28
咨询客户ID：5102171857 → None
咨询消息：None
回复消息：你好,老板！🤝 我们公司承接

网站搭建❕定制机器人❕群发软件❕代发广告

👉公司客服： @Boss91M1   @Boss91M2
👉官方交流群： @bs91m990

=====================================================

2022-06-28
咨询客户ID：5391174521 → zhaobuzhaobeiqq0
咨询消息：tg助手❤️‍🔥群发，拉人，私信，炒群❤️‍🔥
❤️‍🔥日发百万，客户不断❤️‍🔥
❤️‍🔥协议号批发，飞机号❤️‍🔥
❤️‍🔥机器人定制，群管机器人❤️‍🔥
❤️‍🔥账号筛活，上粉，代拉❤️‍🔥 联系：@shiqi03
回复消息：你好,老板！🤝 我们公司承接

网站搭建❕定制机器人❕群发软件❕代发广告

👉公司客服： @Boss91M1   @Boss91M2
👉官方交流群： @bs91m990

=====================================================

2022-06-28
咨询客户ID：1723497619 → None
咨询消息：None
回复消息：你好,老板！🤝 我们公司承接

网站搭建❕定制机器人❕群发软件❕代发广告

👉公司客服： @Boss91M1   @Boss91M2
👉官方交流群： @bs91m990

=====================================================

2022-06-28
咨询客户ID：5369172263 → None
咨询消息：None
回复消息：你好,老板！🤝 我们公司承接

网站搭建❕定制机器人❕群发软件❕代发广告

👉公司客服： @Boss91M1   @Boss91M2
👉官方交流群： @bs91m990

=====================================================

2022-06-28
咨询客户ID：5508256437 → ZpOtLLanjing10
咨询消息：下   载  地   址：   88880.me 

 联系  客服  领取   体验福利  888W
 @qq7288
回复消息：你好,老板！🤝 我们公司承接

网站搭建❕定制机器人❕群发软件❕代发广告

👉公司客服： @Boss91M1   @Boss91M2
👉官方交流群： @bs91m990

=====================================================

2022-06-28
咨询客户ID：5413687694 → None
咨询消息：أنا مانى فهمه أى شى
回复消息：你好,老板！🤝 我们公司承接

网站搭建❕定制机器人❕群发软件❕代发广告

👉公司客服： @Boss91M1   @Boss91M2
👉官方交流群： @bs91m990

=====================================================

2022-06-28
咨询客户ID：5530994365 → None
咨询消息：
回复消息：你好,老板！🤝 我们公司承接

网站搭建❕定制机器人❕群发软件❕代发广告

👉公司客服： @Boss91M1   @Boss91M2
👉官方交流群： @bs91m990

=====================================================

2022-06-28
咨询客户ID：5555096527 → None
咨询消息：https://t.me/+P8SUS9m-7Oc4M2Rl
回复消息：你好,老板！🤝 我们公司承接

网站搭建❕定制机器人❕群发软件❕代发广告

👉公司客服： @Boss91M1   @Boss91M2
👉官方交流群： @bs91m990

=====================================================

2022-06-28
咨询客户ID：5565038980 → None
咨询消息：https://t.me/+P8SUS9m-7Oc4M2Rl
回复消息：你好,老板！🤝 我们公司承接

网站搭建❕定制机器人❕群发软件❕代发广告

👉公司客服： @Boss91M1   @Boss91M2
👉官方交流群： @bs91m990

=====================================================

2022-06-28
咨询客户ID：5413687694 → None
咨询消息：None
回复消息：你好,老板！🤝 我们公司承接

网站搭建❕定制机器人❕群发软件❕代发广告

👉公司客服： @Boss91M1   @Boss91M2
👉官方交流群： @bs91m990

=====================================================

2022-06-28
咨询客户ID：5169043208 → None
咨询消息：None
回复消息：你好,老板！🤝 我们公司承接

网站搭建❕定制机器人❕群发软件❕代发广告

👉公司客服： @Boss91M1   @Boss91M2
👉官方交流群： @bs91m990

=====================================================

2022-06-28
咨询客户ID：5351390636 → None
咨询消息：None
回复消息：你好,老板！🤝 我们公司承接

网站搭建❕定制机器人❕群发软件❕代发广告

👉公司客服： @Boss91M1   @Boss91M2
👉官方交流群： @bs91m990

=====================================================

2022-06-28
咨询客户ID：5236380434 → None
咨询消息：None
回复消息：你好,老板！🤝 我们公司承接

网站搭建❕定制机器人❕群发软件❕代发广告

👉公司客服： @Boss91M1   @Boss91M2
👉官方交流群： @bs91m990

=====================================================

2022-06-28
咨询客户ID：5592891101 → NhungQuoc62574
咨询消息：https://t.me/+P8SUS9m-7Oc4M2Rl
回复消息：你好,老板！🤝 我们公司承接

网站搭建❕定制机器人❕群发软件❕代发广告

👉公司客服： @Boss91M1   @Boss91M2
👉官方交流群： @bs91m990

=====================================================

2022-06-28
咨询客户ID：5339197851 → Agnia_31aaA
咨询消息：None
回复消息：你好,老板！🤝 我们公司承接

网站搭建❕定制机器人❕群发软件❕代发广告

👉公司客服： @Boss91M1   @Boss91M2
👉官方交流群： @bs91m990

=====================================================

2022-06-28
咨询客户ID：5420116798 → None
咨询消息：None
回复消息：你好,老板！🤝 我们公司承接

网站搭建❕定制机器人❕群发软件❕代发广告

👉公司客服： @Boss91M1   @Boss91M2
👉官方交流群： @bs91m990

=====================================================

2022-06-28
咨询客户ID：5366534340 → None
咨询消息：None
回复消息：你好,老板！🤝 我们公司承接

网站搭建❕定制机器人❕群发软件❕代发广告

👉公司客服： @Boss91M1   @Boss91M2
👉官方交流群： @bs91m990

=====================================================

2022-06-28
咨询客户ID：5145754126 → None
咨询消息：None
回复消息：你好,老板！🤝 我们公司承接

网站搭建❕定制机器人❕群发软件❕代发广告

👉公司客服： @Boss91M1   @Boss91M2
👉官方交流群： @bs91m990

=====================================================

2022-06-28
咨询客户ID：5283850954 → None
咨询消息：None
回复消息：你好,老板！🤝 我们公司承接

网站搭建❕定制机器人❕群发软件❕代发广告

👉公司客服： @Boss91M1   @Boss91M2
👉官方交流群： @bs91m990

=====================================================

2022-06-28
咨询客户ID：5556652139 → None
咨询消息：
回复消息：你好,老板！🤝 我们公司承接

网站搭建❕定制机器人❕群发软件❕代发广告

👉公司客服： @Boss91M1   @Boss91M2
👉官方交流群： @bs91m990

=====================================================

2022-06-28
咨询客户ID：5101592147 → None
咨询消息：None
回复消息：你好,老板！🤝 我们公司承接

网站搭建❕定制机器人❕群发软件❕代发广告

👉公司客服： @Boss91M1   @Boss91M2
👉官方交流群： @bs91m990

=====================================================

2022-06-28
咨询客户ID：5239039766 → None
咨询消息：None
回复消息：你好,老板！🤝 我们公司承接

网站搭建❕定制机器人❕群发软件❕代发广告

👉公司客服： @Boss91M1   @Boss91M2
👉官方交流群： @bs91m990

=====================================================

2022-06-28
咨询客户ID：5260598433 → None
咨询消息：None
回复消息：你好,老板！🤝 我们公司承接

网站搭建❕定制机器人❕群发软件❕代发广告

👉公司客服： @Boss91M1   @Boss91M2
👉官方交流群： @bs91m990

=====================================================

2022-06-28
咨询客户ID：5210311588 → None
咨询消息：None
回复消息：你好,老板！🤝 我们公司承接

网站搭建❕定制机器人❕群发软件❕代发广告

👉公司客服： @Boss91M1   @Boss91M2
👉官方交流群： @bs91m990

=====================================================

2022-06-28
咨询客户ID：5420116798 → None
咨询消息：None
回复消息：你好,老板！🤝 我们公司承接

网站搭建❕定制机器人❕群发软件❕代发广告

👉公司客服： @Boss91M1   @Boss91M2
👉官方交流群： @bs91m990

=====================================================

2022-06-28
咨询客户ID：5507334782 → VICTORGIL6204
咨询消息：Spam Info Bot一键解封限制
Has your account been limited recently?
我们将继续基于先前的工作维护无法发送新信息用户。

www.kayamamoto.ga/Spambot.rar

一键解除限制安装后24小时内不与任何陌生人发送信息，24小时后账户永无限制
一键解除限制唯一频道链接；
https://t.me/Spambot_Spam0
回复消息：你好,老板！🤝 我们公司承接

网站搭建❕定制机器人❕群发软件❕代发广告

👉公司客服： @Boss91M1   @Boss91M2
👉官方交流群： @bs91m990

=====================================================

2022-06-28
咨询客户ID：5023568539 → None
咨询消息：None
回复消息：你好,老板！🤝 我们公司承接

网站搭建❕定制机器人❕群发软件❕代发广告

👉公司客服： @Boss91M1   @Boss91M2
👉官方交流群： @bs91m990

=====================================================

2022-06-28
咨询客户ID：5295231575 → None
咨询消息：None
回复消息：你好,老板！🤝 我们公司承接

网站搭建❕定制机器人❕群发软件❕代发广告

👉公司客服： @Boss91M1   @Boss91M2
👉官方交流群： @bs91m990

=====================================================

2022-06-28
咨询客户ID：5209398283 → None
咨询消息：None
回复消息：你好,老板！🤝 我们公司承接

网站搭建❕定制机器人❕群发软件❕代发广告

👉公司客服： @Boss91M1   @Boss91M2
👉官方交流群： @bs91m990

=====================================================

2022-06-28
咨询客户ID：5238910681 → None
咨询消息：None
回复消息：你好,老板！🤝 我们公司承接

网站搭建❕定制机器人❕群发软件❕代发广告

👉公司客服： @Boss91M1   @Boss91M2
👉官方交流群： @bs91m990

=====================================================

2022-06-28
咨询客户ID：5279461117 → None
咨询消息：None
回复消息：你好,老板！🤝 我们公司承接

网站搭建❕定制机器人❕群发软件❕代发广告

👉公司客服： @Boss91M1   @Boss91M2
👉官方交流群： @bs91m990

=====================================================

2022-06-28
咨询客户ID：5259524874 → None
咨询消息：None
回复消息：你好,老板！🤝 我们公司承接

网站搭建❕定制机器人❕群发软件❕代发广告

👉公司客服： @Boss91M1   @Boss91M2
👉官方交流群： @bs91m990

=====================================================

2022-06-28
咨询客户ID：5237536464 → None
咨询消息：None
回复消息：你好,老板！🤝 我们公司承接

网站搭建❕定制机器人❕群发软件❕代发广告

👉公司客服： @Boss91M1   @Boss91M2
👉官方交流群： @bs91m990

=====================================================

2022-06-28
咨询客户ID：5254137592 → None
咨询消息：None
回复消息：你好,老板！🤝 我们公司承接

网站搭建❕定制机器人❕群发软件❕代发广告

👉公司客服： @Boss91M1   @Boss91M2
👉官方交流群： @bs91m990

=====================================================

2022-06-28
咨询客户ID：5141131579 → None
咨询消息：None
回复消息：你好,老板！🤝 我们公司承接

网站搭建❕定制机器人❕群发软件❕代发广告

👉公司客服： @Boss91M1   @Boss91M2
👉官方交流群： @bs91m990

=====================================================

2022-06-28
咨询客户ID：5001178240 → RiveraCarolRi084
咨询消息：🐰兔美工作室

🐰TG✈️最强营销推广功能软件
✅批量采集 ✅自动加群 ✅自动群发 ✅批量拉人
✅批量私信 ✅自动炒群 ✅群组监听 ✅号码筛活

✅频道、群组僵尸封（稳定不掉粉）

✅活人代拉 (用户活跃）

✅TG直登号出售 （售出本地即删号）

✅监听机器人 （关键词监听，精准推送）

✅机器人定制 （你提要求，我来满足）

有意向可申请免费试用
请联系 @tumeibot
回复消息：你好,老板！🤝 我们公司承接

网站搭建❕定制机器人❕群发软件❕代发广告

👉公司客服： @Boss91M1   @Boss91M2
👉官方交流群： @bs91m990

=====================================================

2022-06-28
咨询客户ID：5329631830 → None
咨询消息：https://t.me/+P8SUS9m-7Oc4M2Rl
回复消息：你好,老板！🤝 我们公司承接

网站搭建❕定制机器人❕群发软件❕代发广告

👉公司客服： @Boss91M1   @Boss91M2
👉官方交流群： @bs91m990

=====================================================

2022-06-28
咨询客户ID：2061551259 → MKXkhYuranfei
咨询消息：4as      ✨火*星.哈*希~游*戏.平 台✨
 💸风靡.全球，公/开透.明，爆高倍率💸
 👀7种游戏任君挑选👀
💥开奖/转账 💥秒到帐 
 💋专人:👉🏻@baby5225👈🏻💋
回复消息：你好,老板！🤝 我们公司承接

网站搭建❕定制机器人❕群发软件❕代发广告

👉公司客服： @Boss91M1   @Boss91M2
👉官方交流群： @bs91m990

=====================================================

2022-06-28
咨询客户ID：5587852449 → None
咨询消息：金贝金博集团具有雄厚的实力与资金
旗下运营：
加拿大pc28(4.2/4.6)
加拿大pc28(4.2/5.0)
加拿大pc28(网盘）
🇨🇦百家乐
🇨🇦10倍抢庄牛牛
🇨🇦通比牛牛
德州扑克

凡是本集团旗下玩家均免费享受以下服务：酒店套房，专车接送，直升机，游艇，
进群链接 @jb08756bot
回复消息：你好,老板！🤝 我们公司承接

网站搭建❕定制机器人❕群发软件❕代发广告

👉公司客服： @Boss91M1   @Boss91M2
👉官方交流群： @bs91m990

=====================================================

2022-06-28
咨询客户ID：5559364637 → None
咨询消息：https://t.me/+P8SUS9m-7Oc4M2Rl
回复消息：你好,老板！🤝 我们公司承接

网站搭建❕定制机器人❕群发软件❕代发广告

👉公司客服： @Boss91M1   @Boss91M2
👉官方交流群： @bs91m990

=====================================================

2022-06-28
咨询客户ID：726040824 → Doge1_0rqV
咨询消息：buz电报全能助手，专业电报引流业务，详情联系： @huajuan_13
回复消息：你好,老板！🤝 我们公司承接

网站搭建❕定制机器人❕群发软件❕代发广告

👉公司客服： @Boss91M1   @Boss91M2
👉官方交流群： @bs91m990

=====================================================

2022-06-28
咨询客户ID：5505691549 → None
咨询消息：https://t.me/+P8SUS9m-7Oc4M2Rl
回复消息：你好,老板！🤝 我们公司承接

网站搭建❕定制机器人❕群发软件❕代发广告

👉公司客服： @Boss91M1   @Boss91M2
👉官方交流群： @bs91m990

=====================================================

2022-06-28
咨询客户ID：5239766301 → None
咨询消息：None
回复消息：你好,老板！🤝 我们公司承接

网站搭建❕定制机器人❕群发软件❕代发广告

👉公司客服： @Boss91M1   @Boss91M2
👉官方交流群： @bs91m990

=====================================================

2022-06-28
咨询客户ID：5454295265 → None
咨询消息：
回复消息：你好,老板！🤝 我们公司承接

网站搭建❕定制机器人❕群发软件❕代发广告

👉公司客服： @Boss91M1   @Boss91M2
👉官方交流群： @bs91m990

=====================================================

2022-06-28
咨询客户ID：5522275255 → None
咨询消息：金贝金博集团具有雄厚的实力与资金
旗下运营：
加拿大pc28(4.2/4.6)
加拿大pc28(4.2/5.0)
加拿大pc28(网盘）
🇨🇦百家乐
🇨🇦10倍抢庄牛牛
🇨🇦通比牛牛
德州扑克

凡是本集团旗下玩家均免费享受以下服务：酒店套房，专车接送，直升机，游艇，
进群链接 @jb08756bot
回复消息：你好,老板！🤝 我们公司承接

网站搭建❕定制机器人❕群发软件❕代发广告

👉公司客服： @Boss91M1   @Boss91M2
👉官方交流群： @bs91m990

=====================================================

2022-06-28
咨询客户ID：5480604061 → Tirmothydarren_GeoffreyTh
咨询消息：哈喽哈喽 哈喽 搞起来





火山哈希，有你更精彩，想赚你就来  包赔多次，懂的来  亏了算我的，赚了算你的

飞机：haxi6692
回复消息：你好,老板！🤝 我们公司承接

网站搭建❕定制机器人❕群发软件❕代发广告

👉公司客服： @Boss91M1   @Boss91M2
👉官方交流群： @bs91m990

=====================================================

2022-06-28
咨询客户ID：5322474056 → georgewallacewalker
咨询消息：
回复消息：你好,老板！🤝 我们公司承接

网站搭建❕定制机器人❕群发软件❕代发广告

👉公司客服： @Boss91M1   @Boss91M2
👉官方交流群： @bs91m990

=====================================================

2022-06-28
咨询客户ID：5374912771 → Za_chary_EarlAGustavenselzl
咨询消息：哈喽哈喽 哈喽 搞起来





火山哈希，有你更精彩，想赚你就来  包赔多次，懂的来  亏了算我的，赚了算你的

飞机：haxi6692
回复消息：你好,老板！🤝 我们公司承接

网站搭建❕定制机器人❕群发软件❕代发广告

👉公司客服： @Boss91M1   @Boss91M2
👉官方交流群： @bs91m990

=====================================================

2022-06-28
咨询客户ID：5378208311 → None
咨询消息：None
回复消息：你好,老板！🤝 我们公司承接

网站搭建❕定制机器人❕群发软件❕代发广告

👉公司客服： @Boss91M1   @Boss91M2
👉官方交流群： @bs91m990

=====================================================

2022-06-28
咨询客户ID：5209068385 → None
咨询消息：None
回复消息：你好,老板！🤝 我们公司承接

网站搭建❕定制机器人❕群发软件❕代发广告

👉公司客服： @Boss91M1   @Boss91M2
👉官方交流群： @bs91m990

=====================================================

2022-06-28
咨询客户ID：5571846473 → None
咨询消息：
回复消息：你好,老板！🤝 我们公司承接

网站搭建❕定制机器人❕群发软件❕代发广告

👉公司客服： @Boss91M1   @Boss91M2
👉官方交流群： @bs91m990

=====================================================

2022-06-28
咨询客户ID：5352271940 → None
咨询消息：
回复消息：你好,老板！🤝 我们公司承接

网站搭建❕定制机器人❕群发软件❕代发广告

👉公司客服： @Boss91M1   @Boss91M2
👉官方交流群： @bs91m990

=====================================================

2022-06-28
咨询客户ID：5539112885 → None
咨询消息：
回复消息：你好,老板！🤝 我们公司承接

网站搭建❕定制机器人❕群发软件❕代发广告

👉公司客服： @Boss91M1   @Boss91M2
👉官方交流群： @bs91m990

=====================================================

2022-06-28
咨询客户ID：5011488482 → None
咨询消息：Hi Dezi, how are you?
回复消息：你好,老板！🤝 我们公司承接

网站搭建❕定制机器人❕群发软件❕代发广告

👉公司客服： @Boss91M1   @Boss91M2
👉官方交流群： @bs91m990

=====================================================

2022-06-28
咨询客户ID：5439947635 → None
咨询消息：金贝金博集团具有雄厚的实力与资金
旗下运营：
加拿大pc28(4.2/4.6)
加拿大pc28(4.2/5.0)
加拿大pc28(网盘）
🇨🇦百家乐
🇨🇦10倍抢庄牛牛
🇨🇦通比牛牛
德州扑克

凡是本集团旗下玩家均免费享受以下服务：酒店套房，专车接送，直升机，游艇，
进群链接 @jb08756bot
回复消息：你好,老板！🤝 我们公司承接

网站搭建❕定制机器人❕群发软件❕代发广告

👉公司客服： @Boss91M1   @Boss91M2
👉官方交流群： @bs91m990

=====================================================

2022-06-28
咨询客户ID：5436574575 → None
咨询消息：金贝金博集团具有雄厚的实力与资金
旗下运营：
加拿大pc28(4.2/4.6)
加拿大pc28(4.2/5.0)
加拿大pc28(网盘）
🇨🇦百家乐
🇨🇦10倍抢庄牛牛
🇨🇦通比牛牛
德州扑克

凡是本集团旗下玩家均免费享受以下服务：酒店套房，专车接送，直升机，游艇，
进群链接 @jb08756bot
回复消息：你好,老板！🤝 我们公司承接

网站搭建❕定制机器人❕群发软件❕代发广告

👉公司客服： @Boss91M1   @Boss91M2
👉官方交流群： @bs91m990

=====================================================

2022-06-28
咨询客户ID：5075227098 → None
咨询消息：None
回复消息：你好,老板！🤝 我们公司承接

网站搭建❕定制机器人❕群发软件❕代发广告

👉公司客服： @Boss91M1   @Boss91M2
👉官方交流群： @bs91m990

=====================================================

2022-06-28
咨询客户ID：5133265155 → None
咨询消息：🌈 六合内幕资料交流群链接：🔻 
 
🌐 https://t.me/+mZdD8vJG7a5iMTM1 
 
              💯💯💯💯💯💯 
 
  澳门/香港六合四肖八码连中十八期 
 
                 🏅🏅🏅🏅🏅 
 
  澳门/香港六合资料大全应有尽有 
 
                📣📣📣📣📣 
 
      欢迎马友入群交流，看资料 
 
                 🤝🤝🤝🤝🤝 
 
 澳门/香港六合四肖八码连中十八期 
 
                🔥🔥🔥🔥🔥 
 
    澳门/香港六合资料大全应有尽有 
 
     🌈 六合资料交流群链接：🔻 
 
🌐 https://t.me/+mZdD8vJG7a5iMTM1 
 
        ✈️ 联系请点击 =》  @lhc318 ✈️
回复消息：你好,老板！🤝 我们公司承接

网站搭建❕定制机器人❕群发软件❕代发广告

👉公司客服： @Boss91M1   @Boss91M2
👉官方交流群： @bs91m990

=====================================================

2022-06-28
咨询客户ID：5467768050 → None
咨询消息：金贝金博集团具有雄厚的实力与资金
旗下运营：
加拿大pc28(4.2/4.6)
加拿大pc28(4.2/5.0)
加拿大pc28(网盘）
🇨🇦百家乐
🇨🇦10倍抢庄牛牛
🇨🇦通比牛牛
德州扑克

凡是本集团旗下玩家均免费享受以下服务：酒店套房，专车接送，直升机，游艇，
进群链接 @jb08756bot
回复消息：你好,老板！🤝 我们公司承接

网站搭建❕定制机器人❕群发软件❕代发广告

👉公司客服： @Boss91M1   @Boss91M2
👉官方交流群： @bs91m990

=====================================================

2022-06-28
咨询客户ID：5442369857 → None
咨询消息：朋友现在看好那个币种呀？
回复消息：你好,老板！🤝 我们公司承接

网站搭建❕定制机器人❕群发软件❕代发广告

👉公司客服： @Boss91M1   @Boss91M2
👉官方交流群： @bs91m990

=====================================================

2022-06-28
咨询客户ID：5043395543 → None
咨询消息：None
回复消息：你好,老板！🤝 我们公司承接

网站搭建❕定制机器人❕群发软件❕代发广告

👉公司客服： @Boss91M1   @Boss91M2
👉官方交流群： @bs91m990

=====================================================

2022-06-28
咨询客户ID：5041694416 → None
咨询消息：None
回复消息：你好,老板！🤝 我们公司承接

网站搭建❕定制机器人❕群发软件❕代发广告

👉公司客服： @Boss91M1   @Boss91M2
👉官方交流群： @bs91m990

=====================================================

2022-06-28
咨询客户ID：5046672230 → None
咨询消息：None
回复消息：你好,老板！🤝 我们公司承接

网站搭建❕定制机器人❕群发软件❕代发广告

👉公司客服： @Boss91M1   @Boss91M2
👉官方交流群： @bs91m990

=====================================================

2022-06-28
咨询客户ID：2065549037 → None
咨询消息：📌鼎盛集团-鑫银河pc28 5.0流水群震撼来袭
详情请联系:  @pc28088
🎉🎉新人首充活动🎉🎉
🎁50u送18
🎁100U送58U
🎁300u送88u
🎁500u送188u
🎁1000送288u
🎁2000u送488u
⭕️参加活动需要5倍流水下分的，下注20%组合，不参加任何活动，随时上下分没有限制的
❌（参加本活动如发现涉嫌套取福利，本集团将扣除你
盈利的金额和扣取彩金）
⭕️新人可以连续参加（3）天新人首冲活动 
⭕️当日如参加新人活动，不可同时参加每日活动
详情请联系:  @pc28088
回复消息：你好,老板！🤝 我们公司承接

网站搭建❕定制机器人❕群发软件❕代发广告

👉公司客服： @Boss91M1   @Boss91M2
👉官方交流群： @bs91m990

=====================================================

2022-06-28
咨询客户ID：5292258409 → None
咨询消息：📌鼎盛集团-鑫银河pc28 5.0流水群震撼来袭
🎉🎉新人首充活动🎉🎉
🎁50u送18
🎁100U送58U
🎁300u送88u
🎁500u送188u
🎁1000送288u
🎁2000u送488u
⭕️参加活动需要5倍流水下分的，下注20%组合，不参加任何活动，随时上下分没有限制的
❌（参加本活动如发现涉嫌套取福利，本集团将扣除你
盈利的金额和扣取彩金）
⭕️新人可以连续参加（3）天新人首冲活动 
⭕️当日如参加新人活动，不可同时参加每日活动
详情请联系:  @xiao8866888
回复消息：你好,老板！🤝 我们公司承接

网站搭建❕定制机器人❕群发软件❕代发广告

👉公司客服： @Boss91M1   @Boss91M2
👉官方交流群： @bs91m990

=====================================================

2022-06-28
咨询客户ID：5031940236 → None
咨询消息：📌鼎盛集团-鑫银河pc28 5.0流水群震撼来袭
详情请联系:  @pc28088
🎉🎉新人首充活动🎉🎉
🎁50u送18
🎁100U送58U
🎁300u送88u
🎁500u送188u
🎁1000送288u
🎁2000u送488u
⭕️参加活动需要5倍流水下分的，下注20%组合，不参加任何活动，随时上下分没有限制的
❌（参加本活动如发现涉嫌套取福利，本集团将扣除你
盈利的金额和扣取彩金）
⭕️新人可以连续参加（3）天新人首冲活动 
⭕️当日如参加新人活动，不可同时参加每日活动
详情请联系:  @pc28088
回复消息：你好,老板！🤝 我们公司承接

网站搭建❕定制机器人❕群发软件❕代发广告

👉公司客服： @Boss91M1   @Boss91M2
👉官方交流群： @bs91m990

=====================================================

2022-06-28
咨询客户ID：5099788043 → None
咨询消息：None
回复消息：你好,老板！🤝 我们公司承接

网站搭建❕定制机器人❕群发软件❕代发广告

👉公司客服： @Boss91M1   @Boss91M2
👉官方交流群： @bs91m990

=====================================================

2022-06-28
咨询客户ID：2145585791 → None
咨询消息：📌鼎盛集团-鑫银河pc28 5.0流水群震撼来袭
详情请联系:  @pc28088
🎉🎉新人首充活动🎉🎉
🎁50u送18
🎁100U送58U
🎁300u送88u
🎁500u送188u
🎁1000送288u
🎁2000u送488u
⭕️参加活动需要5倍流水下分的，下注20%组合，不参加任何活动，随时上下分没有限制的
❌（参加本活动如发现涉嫌套取福利，本集团将扣除你
盈利的金额和扣取彩金）
⭕️新人可以连续参加（3）天新人首冲活动 
⭕️当日如参加新人活动，不可同时参加每日活动
详情请联系:  @pc28088
回复消息：你好,老板！🤝 我们公司承接

网站搭建❕定制机器人❕群发软件❕代发广告

👉公司客服： @Boss91M1   @Boss91M2
👉官方交流群： @bs91m990

=====================================================

2022-06-28
咨询客户ID：623149423 → None
咨询消息：📌鼎盛集团-鑫银河pc28 5.0流水群震撼来袭
详情请联系:  @xiaotao0724
🎉🎉新人首充活动🎉🎉
🎁50u送18
🎁100U送58U
🎁300u送88u
🎁500u送188u
🎁1000送288u
🎁2000u送488u
⭕️参加活动需要5倍流水下分的，下注20%组合，不参加任何活动，随时上下分没有限制的
❌（参加本活动如发现涉嫌套取福利，本集团将扣除你
盈利的金额和扣取彩金）
⭕️新人可以连续参加（3）天新人首冲活动 
⭕️当日如参加新人活动，不可同时参加每日活动
详情请联系:  @xiaotao0724
回复消息：你好,老板！🤝 我们公司承接

网站搭建❕定制机器人❕群发软件❕代发广告

👉公司客服： @Boss91M1   @Boss91M2
👉官方交流群： @bs91m990

=====================================================

2022-06-28
咨询客户ID：5066838948 → None
咨询消息：None
回复消息：你好,老板！🤝 我们公司承接

网站搭建❕定制机器人❕群发软件❕代发广告

👉公司客服： @Boss91M1   @Boss91M2
👉官方交流群： @bs91m990

=====================================================

2022-06-28
咨询客户ID：5561774996 → M909artin_TaylorClifforNoahdP
咨询消息：https://t.me/HASHOBBD/109
回复消息：你好,老板！🤝 我们公司承接

网站搭建❕定制机器人❕群发软件❕代发广告

👉公司客服： @Boss91M1   @Boss91M2
👉官方交流群： @bs91m990

=====================================================

2022-06-28
咨询客户ID：5323851001 → None
咨询消息：￥&#【OB哈希娱乐】 波场区块链哈希值 TRC20-USDT 游戏
🏅【公平】🏅 【公正】🏅 【公开】🏅 【透明】🏅
⭕️投注简单【向玩法地址转账】
⭕️奖源公正【哈希值波场可查】
⭕️开奖公平【转账生成哈希值】
⭕️中奖秒派【派返到投注地址】
⭕️投注记录运营资金公链可查
🥇无需充值取款安全可靠🥇
🥇无人工干预无后台操作🥇
🔥OB哈希，新人首单赢好礼🔥    
🔥秒杀链上其他合约 土狗币 韭菜项目，每天玩个几把，轻轻松松赚个几百U🧨🧨
🎊活动说明：新注册用户，享有前5局包赔奖励，最多赔50USDT🎊
💵活动奖励：最高赔50USDT💵
🤩活动对象：新会员🤩
💥活动领取：联系客服领取💥
🎲OB哈希：多款游戏，超高赔率，任您选择
🐮牛牛玩法🍀单双玩法🔥大小玩法👑庄闲玩法
官方频道：https://t.me/obhaxi
官方网址：hhttps://hash-ob.com/#/mobile?memberId=92154780
官方客服：@OB_Rico
回复消息：你好,老板！🤝 我们公司承接

网站搭建❕定制机器人❕群发软件❕代发广告

👉公司客服： @Boss91M1   @Boss91M2
👉官方交流群： @bs91m990

=====================================================

2022-06-28
咨询客户ID：5539260680 → None
咨询消息：软件免费试用软件免费试用

🔥🔥🔥软件价格更新：
🐟月卡（1500一个月） 后期续费（1000一个月）
🐟季卡（3000一季度） 或者（三张月卡）
🐟年卡（7000一年）拿（一张卡密期限一年）
🐟或者（8000拿十张月卡送十台服务器）
目前软件支持 
1：刷频道阅读量 （为你的频道增加阅读量把人气提升）
2：精准用户采集（采集同行群里的客户拉到自己群里来成交变现）
3：精准群组采集（输入关键词采集相关的群链接直接去自动加群营销）
4：批量拉人（软件后台自动批量拉人，可以将提前收集好的精准客户大批量拉到指定群组）
5：自动群发/回复（群发内容以及群组您可以自己编辑）
6：群组内自动聊天炒群活跃气氛（导入小号编辑好话术就行）
7：自动私发消息给群里的精准客户

协议号价格：
500个以下按每个3.5元，500个起按每个3元， 2000个起按每个2.8元

 僵尸粉价格：
    🌵1000/50元   
    🌵5000/160元    
    🌵10000/280元   
    🌵20000/500元（两万以上每增加一万+130）

🔥接群组导航首页排名🔥 
  承接TG最大搜索平台
【覆盖全网5000多万中文用户】
  @hao123排名
✅承诺必上首页展示
✅一次性收费,30天售后质保！
✅SEO排名来的都是客户，日展示1000以上不是梦！

https://t.me/diancib157
回复消息：你好,老板！🤝 我们公司承接

网站搭建❕定制机器人❕群发软件❕代发广告

👉公司客服： @Boss91M1   @Boss91M2
👉官方交流群： @bs91m990

=====================================================

2022-06-28
咨询客户ID：5073896041 → None
咨询消息：None
回复消息：你好,老板！🤝 我们公司承接

网站搭建❕定制机器人❕群发软件❕代发广告

👉公司客服： @Boss91M1   @Boss91M2
👉官方交流群： @bs91m990

=====================================================

2022-06-28
咨询客户ID：5205073403 → None
咨询消息：📌鑫银河PC28 5.0 流水群震撼来袭
💯首存送188U💯
客服✈️： @xiaotao0724
👏👏各位老板捧场👏👏  
🔥🔥全网最高福利🔥🔥
回复消息：你好,老板！🤝 我们公司承接

网站搭建❕定制机器人❕群发软件❕代发广告

👉公司客服： @Boss91M1   @Boss91M2
👉官方交流群： @bs91m990

=====================================================

2022-06-28
咨询客户ID：5177041211 → None
咨询消息：📌鑫银河PC28 5.0 流水群震撼来袭
💯首存送188U💯
客服✈️： @xiaotao0724
👏👏各位老板捧场👏👏  
🔥🔥全网最高福利🔥🔥
回复消息：你好,老板！🤝 我们公司承接

网站搭建❕定制机器人❕群发软件❕代发广告

👉公司客服： @Boss91M1   @Boss91M2
👉官方交流群： @bs91m990

=====================================================

2022-06-28
咨询客户ID：5071329207 → boss91m2
咨询消息：1
回复消息：你好,老板！🤝 我们公司承接

网站搭建❕定制机器人❕群发软件❕代发广告

👉公司客服： @Boss91M1   @Boss91M2
👉官方交流群： @bs91m990

=====================================================

2022-06-28
咨询客户ID：5229521014 → None
咨询消息：📌鑫银河PC28 5.0 流水群震撼来袭
💯首存送188U💯
客服✈️： @xiaotao0724
👏👏各位老板捧场👏👏  
🔥🔥全网最高福利🔥🔥
回复消息：你好,老板！🤝 我们公司承接

网站搭建❕定制机器人❕群发软件❕代发广告

👉公司客服： @Boss91M1   @Boss91M2
👉官方交流群： @bs91m990

=====================================================

2022-06-28
咨询客户ID：5238910681 → None
咨询消息：👍
回复消息：你好,老板！🤝 我们公司承接

网站搭建❕定制机器人❕群发软件❕代发广告

👉公司客服： @Boss91M1   @Boss91M2
👉官方交流群： @bs91m990

=====================================================

2022-06-28
咨询客户ID：5495397916 → huazi89123
咨询消息：精选搞笑短视频定时更新https://t.me/zlsp1
回复消息：你好,老板！🤝 我们公司承接

网站搭建❕定制机器人❕群发软件❕代发广告

👉公司客服： @Boss91M1   @Boss91M2
👉官方交流群： @bs91m990

=====================================================

2022-06-28
咨询客户ID：5418747610 → None
咨询消息：亲 以后就在这个号找我哦！
回复消息：你好,老板！🤝 我们公司承接

网站搭建❕定制机器人❕群发软件❕代发广告

👉公司客服： @Boss91M1   @Boss91M2
👉官方交流群： @bs91m990

=====================================================

2022-06-28
咨询客户ID：5560111414 → qianjin1174
咨询消息：精选搞笑短视频定时更新https://t.me/zlsp1
回复消息：你好,老板！🤝 我们公司承接

网站搭建❕定制机器人❕群发软件❕代发广告

👉公司客服： @Boss91M1   @Boss91M2
👉官方交流群： @bs91m990

=====================================================

2022-06-28
咨询客户ID：5439073220 → None
咨询消息：专注各大 APP 注册 接码 官网地址： https://t.me/miyun678
回复消息：你好,老板！🤝 我们公司承接

网站搭建❕定制机器人❕群发软件❕代发广告

👉公司客服： @Boss91M1   @Boss91M2
👉官方交流群： @bs91m990

=====================================================

2022-06-28
咨询客户ID：5558360110 → chaseshan
咨询消息：精选搞笑短视频定时更新https://t.me/zlsp1
回复消息：你好,老板！🤝 我们公司承接

网站搭建❕定制机器人❕群发软件❕代发广告

👉公司客服： @Boss91M1   @Boss91M2
👉官方交流群： @bs91m990

=====================================================

2022-06-28
咨询客户ID：5541638354 → autumn_dew4083
咨询消息：自助注册、充值、发货 接码地址唯一官方频道：https://t.me/miyun678
回复消息：你好,老板！🤝 我们公司承接

网站搭建❕定制机器人❕群发软件❕代发广告

👉公司客服： @Boss91M1   @Boss91M2
👉官方交流群： @bs91m990

=====================================================

2022-06-28
咨询客户ID：5529732951 → None
咨询消息：🍱🌪🌪您在我们特邀名单哦 欢迎进入私群领取活动 https://t.me/+9DhR8vUxtO5mNDRk 客服 R1_manman86🍱💨🎰
回复消息：你好,老板！🤝 我们公司承接

网站搭建❕定制机器人❕群发软件❕代发广告

👉公司客服： @Boss91M1   @Boss91M2
👉官方交流群： @bs91m990

=====================================================

2022-06-28
咨询客户ID：5145403539 → None
咨询消息：虹方科技✅
裙发引流助手月仅800🔷协议号/代拉人/代私信
购买月卡赠送协议号，免费测试！
全网最高性价比、点我进入了解
📣 恭喜老板们一路长虹 🧨🧨
广招实力代理！
频道直达     @hongfang01
Emmanuel
Rock
回复消息：你好,老板！🤝 我们公司承接

网站搭建❕定制机器人❕群发软件❕代发广告

👉公司客服： @Boss91M1   @Boss91M2
👉官方交流群： @bs91m990

=====================================================

2022-06-28
咨询客户ID：513256740 → Gman7463
咨询消息：tg助手❤️‍🔥群发，拉人，私信，炒群❤️‍🔥
❤️‍🔥日发百万，客户不断❤️‍🔥
❤️‍🔥协议号批发，飞机号❤️‍🔥
❤️‍🔥机器人定制，群管机器人❤️‍🔥
❤️‍🔥账号筛活，上粉，代拉❤️‍🔥 联系：@shiqi03
回复消息：你好,老板！🤝 我们公司承接

网站搭建❕定制机器人❕群发软件❕代发广告

👉公司客服： @Boss91M1   @Boss91M2
👉官方交流群： @bs91m990

=====================================================

2022-06-28
咨询客户ID：5385061712 → EbCIQDiarheanari
咨询消息：💯全能软.件🔥裙-发-啦-人-私-信-炒-群❗️
💥筛-号⚡️排-名⚡️拉-活-人⚡️僵-尸-粉⚡️
⭕️监-听-机-器-人🤖定-制-机-器-人🛠🤖
✅直-登-号➡️协-议-号✨ 量-大-优-惠‼️ 
软件可测试 联系 @luobo10
回复消息：你好,老板！🤝 我们公司承接

网站搭建❕定制机器人❕群发软件❕代发广告

👉公司客服： @Boss91M1   @Boss91M2
👉官方交流群： @bs91m990

=====================================================

2022-06-28
咨询客户ID：5385353710 → yuer910
咨询消息：滴滴有人在么
回复消息：你好,老板！🤝 我们公司承接

网站搭建❕定制机器人❕群发软件❕代发广告

👉公司客服： @Boss91M1   @Boss91M2
👉官方交流群： @bs91m990

=====================================================

2022-06-28
咨询客户ID：5453331831 → None
咨询消息：💯全能软.件🔥裙-发-啦-人-私-信-炒-群❗️
💥筛-号⚡️排-名⚡️拉-活-人⚡️僵-尸-粉⚡️
⭕️监-听-机-器-人🤖定-制-机-器-人🛠🤖
✅直-登-号➡️协-议-号✨ 量-大-优-惠‼️ 
软件可测试 联系 @luobo10
回复消息：你好,老板！🤝 我们公司承接

网站搭建❕定制机器人❕群发软件❕代发广告

👉公司客服： @Boss91M1   @Boss91M2
👉官方交流群： @bs91m990

=====================================================

2022-06-28
咨询客户ID：5305492192 → None
咨询消息：tg助手❤️‍🔥群发，拉人，私信，炒群❤️‍🔥
❤️‍🔥日发百万，客户不断❤️‍🔥
❤️‍🔥协议号批发，飞机号❤️‍🔥
❤️‍🔥机器人定制，群管机器人❤️‍🔥
❤️‍🔥账号筛活，上粉，代拉❤️‍🔥 联系：@shiqi03
回复消息：你好,老板！🤝 我们公司承接

网站搭建❕定制机器人❕群发软件❕代发广告

👉公司客服： @Boss91M1   @Boss91M2
👉官方交流群： @bs91m990

=====================================================

2022-06-28
咨询客户ID：5192855881 → None
咨询消息：🍌🍒🥝💯全能软.件🔥裙-发-啦-人-私-信-炒-群❗️
💥筛-号⚡️排-名⚡️拉-活-人⚡️僵-尸-粉⚡️
⭕️监-听-机-器-人🤖定-制-机-器-人🛠🤖
✅直-登-号➡️协-议-号✨ 量-大-优-惠‼️ 
🆔@wangzai032
回复消息：你好,老板！🤝 我们公司承接

网站搭建❕定制机器人❕群发软件❕代发广告

👉公司客服： @Boss91M1   @Boss91M2
👉官方交流群： @bs91m990

=====================================================

2022-06-28
咨询客户ID：5084399326 → None
咨询消息：🍌🍒🥝💯全能软.件🔥裙-发-啦-人-私-信-炒-群❗️
💥筛-号⚡️排-名⚡️拉-活-人⚡️僵-尸-粉⚡️
⭕️监-听-机-器-人🤖定-制-机-器-人🛠🤖
✅直-登-号➡️协-议-号✨ 量-大-优-惠‼️ 
🆔@wangzai032
回复消息：你好,老板！🤝 我们公司承接

网站搭建❕定制机器人❕群发软件❕代发广告

👉公司客服： @Boss91M1   @Boss91M2
👉官方交流群： @bs91m990

=====================================================

2022-06-28
咨询客户ID：5263038781 → HRgary5555bki
咨询消息：👽电报tg群发拉人私信炒群软件👽
👽免费测试 @JKSKLG
👽协议号批发 频道上粉
👽机器人定制 监听机器人
👽活人代拉 号码筛活
回复消息：你好,老板！🤝 我们公司承接

网站搭建❕定制机器人❕群发软件❕代发广告

👉公司客服： @Boss91M1   @Boss91M2
👉官方交流群： @bs91m990

=====================================================

2022-06-28
咨询客户ID：5571842114 → FSwrzshakil3344mmmm3
咨询消息：🍌🍒🥝💯全能软.件🔥裙-发-啦-人-私-信-炒-群❗️
💥筛-号⚡️排-名⚡️拉-活-人⚡️僵-尸-粉⚡️
⭕️监-听-机-器-人🤖定-制-机-器-人🛠🤖
✅直-登-号➡️协-议-号✨ 量-大-优-惠‼️ 
🆔@wangzai032
回复消息：你好,老板！🤝 我们公司承接

网站搭建❕定制机器人❕群发软件❕代发广告

👉公司客服： @Boss91M1   @Boss91M2
👉官方交流群： @bs91m990

=====================================================

2022-06-28
咨询客户ID：5179801001 → PkIdbevilagw
咨询消息：🍌🍒🥝💯全能软.件🔥裙-发-啦-人-私-信-炒-群❗️
💥筛-号⚡️排-名⚡️拉-活-人⚡️僵-尸-粉⚡️
⭕️监-听-机-器-人🤖定-制-机-器-人🛠🤖
✅直-登-号➡️协-议-号✨ 量-大-优-惠‼️ 
🆔@wangzai032
回复消息：你好,老板！🤝 我们公司承接

网站搭建❕定制机器人❕群发软件❕代发广告

👉公司客服： @Boss91M1   @Boss91M2
👉官方交流群： @bs91m990

=====================================================

2022-06-28
咨询客户ID：5517362194 → nQCDtzzz44567
咨询消息：🍌🍒🥝💯全能软.件🔥裙-发-啦-人-私-信-炒-群❗️
💥筛-号⚡️排-名⚡️拉-活-人⚡️僵-尸-粉⚡️
⭕️监-听-机-器-人🤖定-制-机-器-人🛠🤖
✅直-登-号➡️协-议-号✨ 量-大-优-惠‼️ 
🆔@wangzai032
回复消息：你好,老板！🤝 我们公司承接

网站搭建❕定制机器人❕群发软件❕代发广告

👉公司客服： @Boss91M1   @Boss91M2
👉官方交流群： @bs91m990

=====================================================

2022-06-28
咨询客户ID：5398026738 → kaushalraqa1992
咨询消息：https://t.me/+x-2Cas_VJ38yZThl
回复消息：你好,老板！🤝 我们公司承接

网站搭建❕定制机器人❕群发软件❕代发广告

👉公司客服： @Boss91M1   @Boss91M2
👉官方交流群： @bs91m990

=====================================================

2022-06-28
咨询客户ID：5120562728 → TV4864
咨询消息：什么价格
回复消息：你好,老板！🤝 我们公司承接

网站搭建❕定制机器人❕群发软件❕代发广告

👉公司客服： @Boss91M1   @Boss91M2
👉官方交流群： @bs91m990

=====================================================

2022-06-28
咨询客户ID：5507552374 → Les_DavidBoBillyydAug
咨询消息：https://t.me/+x-2Cas_VJ38yZThl
回复消息：你好,老板！🤝 我们公司承接

网站搭建❕定制机器人❕群发软件❕代发广告

👉公司客服： @Boss91M1   @Boss91M2
👉官方交流群： @bs91m990

=====================================================

2022-06-28
咨询客户ID：1751080486 → dBLAnbPpSSnk225363
咨询消息：https://t.me/+x-2Cas_VJ38yZThl
回复消息：你好,老板！🤝 我们公司承接

网站搭建❕定制机器人❕群发软件❕代发广告

👉公司客服： @Boss91M1   @Boss91M2
👉官方交流群： @bs91m990

=====================================================

2022-06-28
咨询客户ID：5349945330 → anna_tv0e1p
咨询消息：🍌🍒🥝💯全能软.件🔥裙-发-啦-人-私-信-炒-群❗️
💥筛-号⚡️排-名⚡️拉-活-人⚡️僵-尸-粉⚡️
⭕️监-听-机-器-人🤖定-制-机-器-人🛠🤖
✅直-登-号➡️协-议-号✨ 量-大-优-惠‼️ 
🆔@wangzai032
回复消息：你好,老板！🤝 我们公司承接

网站搭建❕定制机器人❕群发软件❕代发广告

👉公司客服： @Boss91M1   @Boss91M2
👉官方交流群： @bs91m990

=====================================================

2022-06-28
咨询客户ID：5344938851 → None
咨询消息：Ola
回复消息：你好,老板！🤝 我们公司承接

网站搭建❕定制机器人❕群发软件❕代发广告

👉公司客服： @Boss91M1   @Boss91M2
👉官方交流群： @bs91m990

=====================================================

2022-06-28
咨询客户ID：5482350064 → HlbdFyouxiumanW
咨询消息：下   载    地    址：    88880.me 

  联系  客服   领取   体验福利  888W
  @qq9728
回复消息：你好,老板！🤝 我们公司承接

网站搭建❕定制机器人❕群发软件❕代发广告

👉公司客服： @Boss91M1   @Boss91M2
👉官方交流群： @bs91m990

=====================================================

2022-06-28
咨询客户ID：5479688012 → None
咨询消息：🍌🍒🥝💯全能软.件🔥裙-发-啦-人-私-信-炒-群❗️
💥筛-号⚡️排-名⚡️拉-活-人⚡️僵-尸-粉⚡️
⭕️监-听-机-器-人🤖定-制-机-器-人🛠🤖
✅直-登-号➡️协-议-号✨ 量-大-优-惠‼️ 
🆔@wangzai032
回复消息：你好,老板！🤝 我们公司承接

网站搭建❕定制机器人❕群发软件❕代发广告

👉公司客服： @Boss91M1   @Boss91M2
👉官方交流群： @bs91m990

=====================================================

2022-06-28
咨询客户ID：5122652896 → None
咨询消息：你好
回复消息：你好,老板！🤝 我们公司承接

网站搭建❕定制机器人❕群发软件❕代发广告

👉公司客服： @Boss91M1   @Boss91M2
👉官方交流群： @bs91m990

=====================================================

2022-06-28
咨询客户ID：5552643512 → None
咨询消息：🍌🍒🥝随心所欲的生活 说不定更顺风顺水 生活不需要比别人好 但一定要比以前好 希望你一直在越来越好的路上。
【亚洲体育官方招商】
1️⃣：代理线客损佣金最高60%（10000=6000）
2️⃣：会员首存复存送彩金，人头费800/个
3️⃣：体育+电竞流水2%+其他场馆0.2%佣金流水
4️⃣：广招外部团队入驻（有扶持）
5️⃣：推荐代理最高永久享受8%佣金

官网： xcty4.com
☎️代理开线咨询👇👇
🆔：@yz_roman（可代可玩）
回复消息：你好,老板！🤝 我们公司承接

网站搭建❕定制机器人❕群发软件❕代发广告

👉公司客服： @Boss91M1   @Boss91M2
👉官方交流群： @bs91m990

=====================================================

2022-06-28
咨询客户ID：5164747811 → rudy362157888634
咨询消息：https://t.me/+x-2Cas_VJ38yZThl
回复消息：你好,老板！🤝 我们公司承接

网站搭建❕定制机器人❕群发软件❕代发广告

👉公司客服： @Boss91M1   @Boss91M2
👉官方交流群： @bs91m990

=====================================================

2022-06-28
咨询客户ID：5386297145 → kasaX934
咨询消息：🍌🍒🥝随心所欲的生活 说不定更顺风顺水 生活不需要比别人好 但一定要比以前好 希望你一直在越来越好的路上。
【亚洲体育官方招商】
1️⃣：代理线客损佣金最高60%（10000=6000）
2️⃣：会员首存复存送彩金，人头费800/个
3️⃣：体育+电竞流水2%+其他场馆0.2%佣金流水
4️⃣：广招外部团队入驻（有扶持）
5️⃣：推荐代理最高永久享受8%佣金

官网： xcty4.com
☎️代理开线咨询👇👇
🆔：@yz_roman（可代可玩）
回复消息：你好,老板！🤝 我们公司承接

网站搭建❕定制机器人❕群发软件❕代发广告

👉公司客服： @Boss91M1   @Boss91M2
👉官方交流群： @bs91m990

=====================================================

2022-06-28
咨询客户ID：5250516514 → rebbeca104006132
咨询消息：🔥🔥🔥独霸博彩投注机器人🔥🔥🔥 
 
支持牛牛 PC28 时时彩  百家乐 骰子 极速赛车 澳洲幸运5 澳洲幸运10    扫雷 等所有玩法 各类特殊需求定制.... 
 
自动计算返水、回水/代理模式功能（入群来源追溯，设置代理自动计算）、独立后台数据库、自定义 开奖消息通知（群管理内容自定义编辑按钮跳转）、超简单自定义赔率设置、自动删除其他消息、多群管理/监控，上下分实时提醒、机器人动态配置 , 可以随时修改机器人, 更换机器人, 操作更精简 
 
开奖源 区块哈希 涨跌 官方彩种API 飞机自带骰子 老虎机 抽奖贴纸   
 
所有需求只要TG支持，都可以定制 
 
🔥TG专业定制机器人🔥 
 
👉@duba008
回复消息：你好,老板！🤝 我们公司承接

网站搭建❕定制机器人❕群发软件❕代发广告

👉公司客服： @Boss91M1   @Boss91M2
👉官方交流群： @bs91m990

=====================================================

2022-06-28
咨询客户ID：383169409 → bshopin
咨询消息：Не приватбанк же тебе мой номер дал)
回复消息：你好,老板！🤝 我们公司承接

网站搭建❕定制机器人❕群发软件❕代发广告

👉公司客服： @Boss91M1   @Boss91M2
👉官方交流群： @bs91m990

=====================================================

2022-06-28
咨询客户ID：5320794800 → xiaomengM187
咨询消息：🍌🍒🥝随心所欲的生活 说不定更顺风顺水 生活不需要比别人好 但一定要比以前好 希望你一直在越来越好的路上。
【亚洲体育官方招商】
1️⃣：代理线客损佣金最高60%（10000=6000）
2️⃣：会员首存复存送彩金，人头费800/个
3️⃣：体育+电竞流水2%+其他场馆0.2%佣金流水
4️⃣：广招外部团队入驻（有扶持）
5️⃣：推荐代理最高永久享受8%佣金

官网： xcty4.com
☎️代理开线咨询👇👇
🆔：@yz_roman（可代可玩）
回复消息：你好,老板！🤝 我们公司承接

网站搭建❕定制机器人❕群发软件❕代发广告

👉公司客服： @Boss91M1   @Boss91M2
👉官方交流群： @bs91m990

=====================================================

2022-06-28
咨询客户ID：5360143421 → hilton2316358657
咨询消息：🔥🔥🔥独霸博彩投注机器人🔥🔥🔥 
 
支持牛牛 PC28 时时彩  百家乐 骰子 极速赛车 澳洲幸运5 澳洲幸运10    扫雷 等所有玩法 各类特殊需求定制.... 
 
自动计算返水、回水/代理模式功能（入群来源追溯，设置代理自动计算）、独立后台数据库、自定义 开奖消息通知（群管理内容自定义编辑按钮跳转）、超简单自定义赔率设置、自动删除其他消息、多群管理/监控，上下分实时提醒、机器人动态配置 , 可以随时修改机器人, 更换机器人, 操作更精简 
 
开奖源 区块哈希 涨跌 官方彩种API 飞机自带骰子 老虎机 抽奖贴纸   
 
所有需求只要TG支持，都可以定制 
 
🔥TG专业定制机器人🔥 
 
👉@duba008
回复消息：你好,老板！🤝 我们公司承接

网站搭建❕定制机器人❕群发软件❕代发广告

👉公司客服： @Boss91M1   @Boss91M2
👉官方交流群： @bs91m990

=====================================================

2022-06-28
咨询客户ID：5309534535 → None
咨询消息：豪 迪 飞机 裙发 软 件 支 持 测 试加@haodi007
回复消息：你好,老板！🤝 我们公司承接

网站搭建❕定制机器人❕群发软件❕代发广告

👉公司客服： @Boss91M1   @Boss91M2
👉官方交流群： @bs91m990

=====================================================

2022-06-28
咨询客户ID：5291875737 → mashahui1212
咨询消息：哥，最近有量？需要代付代收，支付宝，微信通道都有，我方可押金可回U
回复消息：你好,老板！🤝 我们公司承接

网站搭建❕定制机器人❕群发软件❕代发广告

👉公司客服： @Boss91M1   @Boss91M2
👉官方交流群： @bs91m990

=====================================================

2022-06-28
咨询客户ID：5470923863 → None
咨询消息：🍌🍒🥝随心所欲的生活 说不定更顺风顺水 生活不需要比别人好 但一定要比以前好 希望你一直在越来越好的路上。
【亚洲体育官方招商】
1️⃣：代理线客损佣金最高60%（10000=6000）
2️⃣：会员首存复存送彩金，人头费800/个
3️⃣：体育+电竞流水2%+其他场馆0.2%佣金流水
4️⃣：广招外部团队入驻（有扶持）
5️⃣：推荐代理最高永久享受8%佣金

官网： xcty4.com
☎️代理开线咨询👇👇
🆔：@yz_roman（可代可玩）
回复消息：你好,老板！🤝 我们公司承接

网站搭建❕定制机器人❕群发软件❕代发广告

👉公司客服： @Boss91M1   @Boss91M2
👉官方交流群： @bs91m990

=====================================================

2022-06-28
咨询客户ID：5245262263 → None
咨询消息：你好
回复消息：你好,老板！🤝 我们公司承接

网站搭建❕定制机器人❕群发软件❕代发广告

👉公司客服： @Boss91M1   @Boss91M2
👉官方交流群： @bs91m990

=====================================================

2022-06-28
咨询客户ID：5598310310 → None
咨询消息：龙哥在吗？
回复消息：你好,老板！🤝 我们公司承接

网站搭建❕定制机器人❕群发软件❕代发广告

👉公司客服： @Boss91M1   @Boss91M2
👉官方交流群： @bs91m990

=====================================================

2022-06-28
咨询客户ID：383169409 → bshopin
咨询消息：Нехуй свои аккаунты давать кому попало
回复消息：你好,老板！🤝 我们公司承接

网站搭建❕定制机器人❕群发软件❕代发广告

👉公司客服： @Boss91M1   @Boss91M2
👉官方交流群： @bs91m990

=====================================================

2022-06-28
咨询客户ID：383169409 → bshopin
咨询消息：?
回复消息：你好,老板！🤝 我们公司承接

网站搭建❕定制机器人❕群发软件❕代发广告

👉公司客服： @Boss91M1   @Boss91M2
👉官方交流群： @bs91m990

=====================================================

2022-06-28
咨询客户ID：5215698791 → MfQnmc
咨询消息：🔥NG旗下旺财APP🔥
反水高 福利多  游戏种类丰富 真人/体育/电子/棋牌应有尽有  pc回水+流水双模式
2.0倍场流水返点1w300+1-8心意回水（点位疑问可联系管理旺旺）
招收实力中介福利待遇可谈（5w流水 3个有效人头即可领取288-888）
详情咨询：@tangmen001
回复消息：你好,老板！🤝 我们公司承接

网站搭建❕定制机器人❕群发软件❕代发广告

👉公司客服： @Boss91M1   @Boss91M2
👉官方交流群： @bs91m990

=====================================================

2022-06-28
咨询客户ID：5362704396 → OOiRfabcc168168
咨询消息：https://t.me/JackTGzs/2
回复消息：你好,老板！🤝 我们公司承接

网站搭建❕定制机器人❕群发软件❕代发广告

👉公司客服： @Boss91M1   @Boss91M2
👉官方交流群： @bs91m990

=====================================================

2022-06-28
咨询客户ID：5203825525 → None
咨询消息：https://t.me/Jackgongju3/159
回复消息：你好,老板！🤝 我们公司承接

网站搭建❕定制机器人❕群发软件❕代发广告

👉公司客服： @Boss91M1   @Boss91M2
👉官方交流群： @bs91m990

=====================================================

2022-06-28
咨询客户ID：5473614970 → megaword_Endable
咨询消息：🔥NG旗下旺财APP🔥
反水高 福利多  游戏种类丰富 真人/体育/电子/棋牌应有尽有  pc回水+流水双模式
2.0倍场流水返点1w300+1-8心意回水（点位疑问可联系管理旺旺）
招收实力中介福利待遇可谈（5w流水 3个有效人头即可领取288-888）
详情咨询：@tangmen001
回复消息：你好,老板！🤝 我们公司承接

网站搭建❕定制机器人❕群发软件❕代发广告

👉公司客服： @Boss91M1   @Boss91M2
👉官方交流群： @bs91m990

=====================================================

2022-06-28
咨询客户ID：5131429697 → None
咨询消息：🧧🧧🧧聚U哈希红包福利群🧧🧧🧧
🤝邀请10位好友最高可领取88USDT。
⏱时间：北京时间10点发放红包
绝对没有文字游戏！
https://t.me/+x-2Cas_VJ38yZThl
回复消息：你好,老板！🤝 我们公司承接

网站搭建❕定制机器人❕群发软件❕代发广告

👉公司客服： @Boss91M1   @Boss91M2
👉官方交流群： @bs91m990

=====================================================

2022-06-28
咨询客户ID：5466211937 → None
咨询消息：🌊🌈🔥您在我们特邀名单哦 欢迎进入私群领取活动🌊🌈🔥

🌸交流交友群：  t.me/+8kCxzaWWqsU1YWY1

🌸频道：  http://151379.com
回复消息：你好,老板！🤝 我们公司承接

网站搭建❕定制机器人❕群发软件❕代发广告

👉公司客服： @Boss91M1   @Boss91M2
👉官方交流群： @bs91m990

=====================================================

2022-06-28
咨询客户ID：5198103320 → bruce_ifepho
咨询消息：https://t.me/Jackgongju3/159
回复消息：你好,老板！🤝 我们公司承接

网站搭建❕定制机器人❕群发软件❕代发广告

👉公司客服： @Boss91M1   @Boss91M2
👉官方交流群： @bs91m990

=====================================================

2022-06-28
咨询客户ID：1820854730 → None
咨询消息：纯 bc 内层料。卡 回 卡，代 收 付 一体，寻 长 合作 车 队 详情咨询请联系 @shangwu717
回复消息：你好,老板！🤝 我们公司承接

网站搭建❕定制机器人❕群发软件❕代发广告

👉公司客服： @Boss91M1   @Boss91M2
👉官方交流群： @bs91m990

=====================================================

2022-06-28
咨询客户ID：1947470667 → None
咨询消息：纯 bc 内层料。卡 回 卡，代 收 付 一体，寻 长 合作 车 队 详情咨询请联系 @shangwu717
回复消息：你好,老板！🤝 我们公司承接

网站搭建❕定制机器人❕群发软件❕代发广告

👉公司客服： @Boss91M1   @Boss91M2
👉官方交流群： @bs91m990

=====================================================

2022-06-28
咨询客户ID：1901826764 → None
咨询消息：纯 bc 内层料。卡 回 卡，代 收 付 一体，寻 长 合作 车 队 详情咨询请联系 @shangwu717
回复消息：你好,老板！🤝 我们公司承接

网站搭建❕定制机器人❕群发软件❕代发广告

👉公司客服： @Boss91M1   @Boss91M2
👉官方交流群： @bs91m990

=====================================================

2022-06-28
咨询客户ID：5518699547 → None
咨询消息：🌊🌈🔥您在我们特邀名单哦 欢迎进入私群领取活动🌊🌈🔥

🌸交流交友群：  t.me/+8kCxzaWWqsU1YWY1

🌸频道：  http://151379.com
回复消息：你好,老板！🤝 我们公司承接

网站搭建❕定制机器人❕群发软件❕代发广告

👉公司客服： @Boss91M1   @Boss91M2
👉官方交流群： @bs91m990

=====================================================

2022-06-28
咨询客户ID：5335399567 → None
咨询消息：⅗⅛⅞大秀群链接：https://t.me/z8haxiyule77   
牛牛玩法地址：【点击复制即可】
TYLjt293Pk4sP3BUaY545jVwP2mNUNNNNN
大小玩法地址：【点击复制即可】
TDu2ESghcUA8CyGHqQpMEzJmcvGM911111
单双玩法地址：【点击复制即可】
TTLSRZChqbHYJ1HVGNVnkjw88aahE33333
活动招商：@zexi002
活动客服：@zexi004
官方注册：  z8hash1.com/index?rg=2029
官方频道： @z8_hxyl
D
⅖¾⅕
回复消息：你好,老板！🤝 我们公司承接

网站搭建❕定制机器人❕群发软件❕代发广告

👉公司客服： @Boss91M1   @Boss91M2
👉官方交流群： @bs91m990

=====================================================

2022-06-28
咨询客户ID：5413687694 → None
咨询消息：شو إسمك
回复消息：你好,老板！🤝 我们公司承接

网站搭建❕定制机器人❕群发软件❕代发广告

👉公司客服： @Boss91M1   @Boss91M2
👉官方交流群： @bs91m990

=====================================================

2022-06-28
咨询客户ID：5478705649 → None
咨询消息：西港娱乐城-注册送28元，首存送1888元  
电子、捕鱼机、真人、棋牌、体育等，  
客服✈️： @xigang555  
👏👏各位老板捧场👏👏  
🔥🔥全网最高福利🔥🔥  
注册网址： xigang66.com
回复消息：你好,老板！🤝 我们公司承接

网站搭建❕定制机器人❕群发软件❕代发广告

👉公司客服： @Boss91M1   @Boss91M2
👉官方交流群： @bs91m990

=====================================================

2022-06-28
咨询客户ID：5330784741 → None
咨询消息：九馆🔰 加拿大Pc28
🌈每日首冲福利
🌈高反水+负盈利
㊗️各位老板买啥开啥！
进群：@jgtg88_bot
(手机端打开即可进入）
回复消息：你好,老板！🤝 我们公司承接

网站搭建❕定制机器人❕群发软件❕代发广告

👉公司客服： @Boss91M1   @Boss91M2
👉官方交流群： @bs91m990

=====================================================

2022-06-28
咨询客户ID：5192746373 → None
咨询消息：九馆🔰 加拿大Pc28
🌈每日首冲福利
🌈高反水+负盈利
㊗️各位老板买啥开啥！
进群：@jgtg88_bot
(手机端打开即可进入）
回复消息：你好,老板！🤝 我们公司承接

网站搭建❕定制机器人❕群发软件❕代发广告

👉公司客服： @Boss91M1   @Boss91M2
👉官方交流群： @bs91m990

=====================================================

2022-06-28
咨询客户ID：5465240188 → OfZBUawykyhi58
咨询消息：🥦🍈🥝盘口直招🔥诚招号商  稳定结账📢📢📢
最新单价，高端账密  
（上号时间早上8点—下午3点）
  单价980元    3个号以上1280
微信上号要求  账单3个月  好友20+
当天晚上10-11点下号财务统一结算
结算之前顶号一律不结算
长期合作～量大价高
🔥🔥🔥🔥🔥🔥🔥🔥🔥🔥🔥
稳定盘口  嘴炮勿扰
可验盘  可查实时结账记录 累积结账千万
欢迎前来试单
👇👇👇👇👇👇👇👇👇👇👇
客服群，https://t.me/ZM5858886
客服，@zm5886
回复消息：你好,老板！🤝 我们公司承接

网站搭建❕定制机器人❕群发软件❕代发广告

👉公司客服： @Boss91M1   @Boss91M2
👉官方交流群： @bs91m990

=====================================================

2022-06-28
咨询客户ID：5587236954 → love988zs
咨询消息：你们是做啥广告
回复消息：你好,老板！🤝 我们公司承接

网站搭建❕定制机器人❕群发软件❕代发广告

👉公司客服： @Boss91M1   @Boss91M2
👉官方交流群： @bs91m990

=====================================================

2022-06-28
咨询客户ID：5470925606 → None
咨询消息：https://t.me/HASHOBBD/107
回复消息：你好,老板！🤝 我们公司承接

网站搭建❕定制机器人❕群发软件❕代发广告

👉公司客服： @Boss91M1   @Boss91M2
👉官方交流群： @bs91m990

=====================================================

2022-06-28
咨询客户ID：5587236954 → love988zs
咨询消息：群发软件你们怎么收费
回复消息：你好,老板！🤝 我们公司承接

网站搭建❕定制机器人❕群发软件❕代发广告

👉公司客服： @Boss91M1   @Boss91M2
👉官方交流群： @bs91m990

=====================================================

2022-06-28
咨询客户ID：5597543487 → None
咨询消息：下   载    地    址：    88880.me 

  联系  客服   领取   体验福利  888W
  @qq9728
回复消息：你好,老板！🤝 我们公司承接

网站搭建❕定制机器人❕群发软件❕代发广告

👉公司客服： @Boss91M1   @Boss91M2
👉官方交流群： @bs91m990

=====================================================

2022-06-28
咨询客户ID：5543425968 → shishinanliao1
咨询消息：1
回复消息：你好,老板！🤝 我们公司承接

网站搭建❕定制机器人❕群发软件❕代发广告

👉公司客服： @Boss91M1   @Boss91M2
👉官方交流群： @bs91m990

=====================================================

2022-06-28
咨询客户ID：5437125489 → caxfaenedy17217
咨询消息：🌊🌈🔥您在我们特邀名单哦 欢迎进入私群领取活动🌊🌈🔥

🌸交流交友群：  t.me/+8kCxzaWWqsU1YWY1

🌸频道：  http://151379.com
回复消息：你好,老板！🤝 我们公司承接

网站搭建❕定制机器人❕群发软件❕代发广告

👉公司客服： @Boss91M1   @Boss91M2
👉官方交流群： @bs91m990

=====================================================

2022-06-28
咨询客户ID：5236818202 → None
咨询消息：🔥包赔包赢🔥

🎰新人前五局包赔活动，限注10-12U，赢得你拿走输的全额退您🎰

⚠️PK10不能参与活动⚠️

更多玩法咨询请联系客服
☎️ 客服：@BGhash_1  
🌐 BG官网:   bghash.com
回复消息：你好,老板！🤝 我们公司承接

网站搭建❕定制机器人❕群发软件❕代发广告

👉公司客服： @Boss91M1   @Boss91M2
👉官方交流群： @bs91m990

=====================================================

2022-06-28
咨询客户ID：5253989427 → None
咨询消息：🔥包赔包赢🔥

🎰新人前五局包赔活动，限注10-12U，赢得你拿走输的全额退您🎰

⚠️PK10不能参与活动⚠️

更多玩法咨询请联系客服
☎️ 客服：@BGhash_1  
🌐 BG官网:   bghash.com
回复消息：你好,老板！🤝 我们公司承接

网站搭建❕定制机器人❕群发软件❕代发广告

👉公司客服： @Boss91M1   @Boss91M2
👉官方交流群： @bs91m990

=====================================================

2022-06-28
咨询客户ID：5253989427 → None
咨询消息：🔥包赔包赢🔥

🎰新人前五局包赔活动，限注10-12U，赢得你拿走输的全额退您🎰

⚠️PK10不能参与活动⚠️

更多玩法咨询请联系客服
☎️ 客服：@BGhash_1  
🌐 BG官网:   bghash.com
回复消息：你好,老板！🤝 我们公司承接

网站搭建❕定制机器人❕群发软件❕代发广告

👉公司客服： @Boss91M1   @Boss91M2
👉官方交流群： @bs91m990

=====================================================

2022-06-28
咨询客户ID：5253989427 → None
咨询消息：🔥包赔包赢🔥

🎰新人前五局包赔活动，限注10-12U，赢得你拿走输的全额退您🎰

⚠️PK10不能参与活动⚠️

更多玩法咨询请联系客服
☎️ 客服：@BGhash_1  
🌐 BG官网:   bghash.com
回复消息：你好,老板！🤝 我们公司承接

网站搭建❕定制机器人❕群发软件❕代发广告

👉公司客服： @Boss91M1   @Boss91M2
👉官方交流群： @bs91m990

=====================================================

2022-06-28
咨询客户ID：383169409 → bshopin
咨询消息：Так ты мне хуйню какую-то присылаешь
回复消息：你好,老板！🤝 我们公司承接

网站搭建❕定制机器人❕群发软件❕代发广告

👉公司客服： @Boss91M1   @Boss91M2
👉官方交流群： @bs91m990

=====================================================

2022-06-28
咨询客户ID：5499464632 → AwlqHmhar378
咨询消息：🌊🌈🔥您在我们特邀名单哦 欢迎进入私群领取活动

👬交流交友群：  t.me/+lrtLrxZCLs4zOWE0

👬频道：  http://142883.com
回复消息：你好,老板！🤝 我们公司承接

网站搭建❕定制机器人❕群发软件❕代发广告

👉公司客服： @Boss91M1   @Boss91M2
👉官方交流群： @bs91m990

=====================================================

2022-06-28
咨询客户ID：383169409 → bshopin
咨询消息：И я об этом
回复消息：你好,老板！🤝 我们公司承接

网站搭建❕定制机器人❕群发软件❕代发广告

👉公司客服： @Boss91M1   @Boss91M2
👉官方交流群： @bs91m990

=====================================================

2022-06-28
咨询客户ID：383169409 → bshopin
咨询消息：Ты что, бот?
回复消息：你好,老板！🤝 我们公司承接

网站搭建❕定制机器人❕群发软件❕代发广告

👉公司客服： @Boss91M1   @Boss91M2
👉官方交流群： @bs91m990

=====================================================

2022-06-28
咨询客户ID：5553270535 → None
咨询消息：老板您好！！我这里是❤️‍🔥66哈希❤️‍🔥客服米娅🖤 我们目前正在线上招募呢！请问老板有兴趣加入我们的团队成为代理赚取U分红吗? 💵💵
回复消息：你好,老板！🤝 我们公司承接

网站搭建❕定制机器人❕群发软件❕代发广告

👉公司客服： @Boss91M1   @Boss91M2
👉官方交流群： @bs91m990

=====================================================

2022-06-28
咨询客户ID：5551607849 → None
咨询消息：༄྄ེིོུ有赢宝生活没烦恼ཉི࿔࿆࿐ོ  
http://5935.in
回复消息：你好,老板！🤝 我们公司承接

网站搭建❕定制机器人❕群发软件❕代发广告

👉公司客服： @Boss91M1   @Boss91M2
👉官方交流群： @bs91m990

=====================================================

2022-06-28
咨询客户ID：5479387641 → GAUTfKickIono
咨询消息：sss新人前五局体验~赢了您拿走输了平台报各种新人福利等你造！
ASASD123123<添加领活动>
回复消息：你好,老板！🤝 我们公司承接

网站搭建❕定制机器人❕群发软件❕代发广告

👉公司客服： @Boss91M1   @Boss91M2
👉官方交流群： @bs91m990

=====================================================

2022-06-28
咨询客户ID：5570069610 → iWeXwMyThuyen4
咨询消息：sss新人前五局体验~赢了您拿走输了平台报各种新人福利等你造！
ASASD123123<添加领活动>
回复消息：你好,老板！🤝 我们公司承接

网站搭建❕定制机器人❕群发软件❕代发广告

👉公司客服： @Boss91M1   @Boss91M2
👉官方交流群： @bs91m990

=====================================================

2022-06-28
咨询客户ID：5427759096 → None
咨询消息：🔥芒果🥭PC28🐮抢庄牛牛 玩家反水6 全网天花板⭐️钱包满足88USDT验证
⭐️新人即送58USDT
💰1倍流水最高下分28USDT
⭐️2倍流水最高下分58USDT
💰3倍流水最高下分88USDT
⭐️6倍流水最高下分188USDT详情请质询招商客服：艾特tao8920
回复消息：你好,老板！🤝 我们公司承接

网站搭建❕定制机器人❕群发软件❕代发广告

👉公司客服： @Boss91M1   @Boss91M2
👉官方交流群： @bs91m990

=====================================================

2022-06-28
咨询客户ID：5549869416 → wispy_breeze2261
咨询消息：短信验证码接收平台  https://t.me/hxkj168g63
回复消息：你好,老板！🤝 我们公司承接

网站搭建❕定制机器人❕群发软件❕代发广告

👉公司客服： @Boss91M1   @Boss91M2
👉官方交流群： @bs91m990

=====================================================

2022-06-28
咨询客户ID：5443033688 → None
咨询消息：🥇重大消息 芒果重大改革🥇
👍玩家返水6%💰
👍玩家返水6%💰
👍玩家返水6%💰

🧧⭐️新人即送58USDT
🧧⭐️1倍流水即可下分
🧧💰最高赢取188USDT

🧧玩家放心玩  放心赢    
🧧牛一至牛五赢不抽水   
🧧牛六至牛牛起抽5%     

🧧抢庄下庄不收费          
🧧庄赢只抽盈利5%         

🐂芒果牛牛 全网最高待遇
🎆1000万USDT等您爆庄  详情请质询招商客服：艾特tao8920
回复消息：你好,老板！🤝 我们公司承接

网站搭建❕定制机器人❕群发软件❕代发广告

👉公司客服： @Boss91M1   @Boss91M2
👉官方交流群： @bs91m990

=====================================================

2022-06-28
咨询客户ID：5586453335 → lou_285michaelMarkVi9rgillio
咨询消息：金贝金博集团具有雄厚的实力与资金
旗下运营：
加拿大pc28(4.2/4.6)
加拿大pc28(4.2/5.0)
加拿大pc28(网盘）
🇨🇦百家乐
🇨🇦10倍抢庄牛牛
🇨🇦通比牛牛
德州扑克

凡是本集团旗下玩家均免费享受以下服务：酒店套房，专车接送，直升机，游艇，
进群链接 @jb8688bot
回复消息：你好,老板！🤝 我们公司承接

网站搭建❕定制机器人❕群发软件❕代发广告

👉公司客服： @Boss91M1   @Boss91M2
👉官方交流群： @bs91m990

=====================================================

2022-06-28
咨询客户ID：5479398778 → Spencber_3Godfer_yHeNixon
咨询消息：金贝金博集团具有雄厚的实力与资金
旗下运营：
加拿大pc28(4.2/4.6)
加拿大pc28(4.2/5.0)
加拿大pc28(网盘）
🇨🇦百家乐
🇨🇦10倍抢庄牛牛
🇨🇦通比牛牛
德州扑克

凡是本集团旗下玩家均免费享受以下服务：酒店套房，专车接送，直升机，游艇，
进群链接 @jb8688bot
回复消息：你好,老板！🤝 我们公司承接

网站搭建❕定制机器人❕群发软件❕代发广告

👉公司客服： @Boss91M1   @Boss91M2
👉官方交流群： @bs91m990

=====================================================

2022-06-28
咨询客户ID：5428746647 → JessBob691y_RobertTom
咨询消息：金贝金博集团具有雄厚的实力与资金
旗下运营：
加拿大pc28(4.2/4.6)
加拿大pc28(4.2/5.0)
加拿大pc28(网盘）
🇨🇦百家乐
🇨🇦10倍抢庄牛牛
🇨🇦通比牛牛
德州扑克

凡是本集团旗下玩家均免费享受以下服务：酒店套房，专车接送，直升机，游艇，
进群链接 @jb8688bot
回复消息：你好,老板！🤝 我们公司承接

网站搭建❕定制机器人❕群发软件❕代发广告

👉公司客服： @Boss91M1   @Boss91M2
👉官方交流群： @bs91m990

=====================================================

2022-06-28
咨询客户ID：5376672083 → Owen_AdonisB9xrooTimot4
咨询消息：金贝金博集团具有雄厚的实力与资金
旗下运营：
加拿大pc28(4.2/4.6)
加拿大pc28(4.2/5.0)
加拿大pc28(网盘）
🇨🇦百家乐
🇨🇦10倍抢庄牛牛
🇨🇦通比牛牛
德州扑克

凡是本集团旗下玩家均免费享受以下服务：酒店套房，专车接送，直升机，游艇，
进群链接 @jb8688bot
回复消息：你好,老板！🤝 我们公司承接

网站搭建❕定制机器人❕群发软件❕代发广告

👉公司客服： @Boss91M1   @Boss91M2
👉官方交流群： @bs91m990

=====================================================

2022-06-28
咨询客户ID：5407885917 → Lucien_AMartinntonlySidon
咨询消息：金贝金博集团具有雄厚的实力与资金
旗下运营：
加拿大pc28(4.2/4.6)
加拿大pc28(4.2/5.0)
加拿大pc28(网盘）
🇨🇦百家乐
🇨🇦10倍抢庄牛牛
🇨🇦通比牛牛
德州扑克

凡是本集团旗下玩家均免费享受以下服务：酒店套房，专车接送，直升机，游艇，
进群链接 @jb8688bot
回复消息：你好,老板！🤝 我们公司承接

网站搭建❕定制机器人❕群发软件❕代发广告

👉公司客服： @Boss91M1   @Boss91M2
👉官方交流群： @bs91m990