

=====================================================

2022-06-30
咨询客户ID：5531879709 → HuyNhung64225
咨询消息：
回复消息：你好,老板！🤝 我们公司承接

网站搭建❕定制机器人❕群发软件❕代发广告

👉公司客服： @Boss91M1   @Boss91M2
👉官方交流群： @bs91m990

=====================================================

2022-06-30
咨询客户ID：5476398600 → Macy_Francis3MattthewRleopoldic
咨询消息：
回复消息：你好,老板！🤝 我们公司承接

网站搭建❕定制机器人❕群发软件❕代发广告

👉公司客服： @Boss91M1   @Boss91M2
👉官方交流群： @bs91m990

=====================================================

2022-06-30
咨询客户ID：5531879709 → HuyNhung64225
咨询消息：
回复消息：你好,老板！🤝 我们公司承接

网站搭建❕定制机器人❕群发软件❕代发广告

👉公司客服： @Boss91M1   @Boss91M2
👉官方交流群： @bs91m990

=====================================================

2022-06-30
咨询客户ID：5507431118 → Marico_DerrickBenochurnelwlEri
咨询消息：🚅🚅:    @feoqc
回复消息：你好,老板！🤝 我们公司承接

网站搭建❕定制机器人❕群发软件❕代发广告

👉公司客服： @Boss91M1   @Boss91M2
👉官方交流群： @bs91m990

=====================================================

2022-06-30
咨询客户ID：5507431118 → Marico_DerrickBenochurnelwlEri
咨询消息：
回复消息：你好,老板！🤝 我们公司承接

网站搭建❕定制机器人❕群发软件❕代发广告

👉公司客服： @Boss91M1   @Boss91M2
👉官方交流群： @bs91m990

=====================================================

2022-06-30
咨询客户ID：5507431118 → Marico_DerrickBenochurnelwlEri
咨询消息：
回复消息：你好,老板！🤝 我们公司承接

网站搭建❕定制机器人❕群发软件❕代发广告

👉公司客服： @Boss91M1   @Boss91M2
👉官方交流群： @bs91m990

=====================================================

2022-06-30
咨询客户ID：5414927964 → CNewmanqkolby_ericBowen
咨询消息：
回复消息：你好,老板！🤝 我们公司承接

网站搭建❕定制机器人❕群发软件❕代发广告

👉公司客服： @Boss91M1   @Boss91M2
👉官方交流群： @bs91m990

=====================================================

2022-06-30
咨询客户ID：5490732116 → aiweixinyi
咨询消息：
回复消息：你好,老板！🤝 我们公司承接

网站搭建❕定制机器人❕群发软件❕代发广告

👉公司客服： @Boss91M1   @Boss91M2
👉官方交流群： @bs91m990

=====================================================

2022-06-30
咨询客户ID：5444431984 → None
咨询消息：
回复消息：你好,老板！🤝 我们公司承接

网站搭建❕定制机器人❕群发软件❕代发广告

👉公司客服： @Boss91M1   @Boss91M2
👉官方交流群： @bs91m990

=====================================================

2022-06-30
咨询客户ID：5373532807 → Dyla5ny_JonaPetersAlbert
咨询消息：
回复消息：你好,老板！🤝 我们公司承接

网站搭建❕定制机器人❕群发软件❕代发广告

👉公司客服： @Boss91M1   @Boss91M2
👉官方交流群： @bs91m990

=====================================================

2022-06-30
咨询客户ID：5327458978 → None
咨询消息：
回复消息：你好,老板！🤝 我们公司承接

网站搭建❕定制机器人❕群发软件❕代发广告

👉公司客服： @Boss91M1   @Boss91M2
👉官方交流群： @bs91m990

=====================================================

2022-06-30
咨询客户ID：5444431984 → None
咨询消息：
回复消息：你好,老板！🤝 我们公司承接

网站搭建❕定制机器人❕群发软件❕代发广告

👉公司客服： @Boss91M1   @Boss91M2
👉官方交流群： @bs91m990

=====================================================

2022-06-30
咨询客户ID：5053207335 → None
咨询消息：
回复消息：你好,老板！🤝 我们公司承接

网站搭建❕定制机器人❕群发软件❕代发广告

👉公司客服： @Boss91M1   @Boss91M2
👉官方交流群： @bs91m990

=====================================================

2022-06-30
咨询客户ID：5110217591 → None
咨询消息：
回复消息：你好,老板！🤝 我们公司承接

网站搭建❕定制机器人❕群发软件❕代发广告

👉公司客服： @Boss91M1   @Boss91M2
👉官方交流群： @bs91m990

=====================================================

2022-06-30
咨询客户ID：5515346768 → None
咨询消息：
回复消息：你好,老板！🤝 我们公司承接

网站搭建❕定制机器人❕群发软件❕代发广告

👉公司客服： @Boss91M1   @Boss91M2
👉官方交流群： @bs91m990

=====================================================

2022-06-30
咨询客户ID：5557199396 → lorretta27811877
咨询消息：「为诚团队」：苹果ID、谷歌邮箱、电报直登号，协议号、支付宝账号、各类僵尸粉、注册卡、流量卡、波场豹子号离线生成  搜索 关注频道  gongqunwc    （留个关注、以不时之需）
回复消息：你好,老板！🤝 我们公司承接

网站搭建❕定制机器人❕群发软件❕代发广告

👉公司客服： @Boss91M1   @Boss91M2
👉官方交流群： @bs91m990

=====================================================

2022-06-30
咨询客户ID：5397752008 → kgjGXyinzhuang999
咨询消息：天使担保公群巨富国际汇率8.5一道回U,https://t.me/+spUs0T-aCMFmOTFk
回复消息：你好,老板！🤝 我们公司承接

网站搭建❕定制机器人❕群发软件❕代发广告

👉公司客服： @Boss91M1   @Boss91M2
👉官方交流群： @bs91m990

=====================================================

2022-06-30
咨询客户ID：5307657430 → ssd52528
咨询消息：嗨
回复消息：你好,老板！🤝 我们公司承接

网站搭建❕定制机器人❕群发软件❕代发广告

👉公司客服： @Boss91M1   @Boss91M2
👉官方交流群： @bs91m990

=====================================================

2022-06-30
咨询客户ID：5506043463 → LoNgoan14080
咨询消息：🧧🧧🧧---聚U#哈希#红包免费领---🧧🧧🧧
🍭邀请/好友/就能参加口令红包 前五名奖励18-88USDT。
🍭安慰奖励 每拉1人=1TRX #
🍭北京时间10点发放支付宝口令红包#
https://t.me/+eTcubzt0KiUwYzFl
回复消息：你好,老板！🤝 我们公司承接

网站搭建❕定制机器人❕群发软件❕代发广告

👉公司客服： @Boss91M1   @Boss91M2
👉官方交流群： @bs91m990

=====================================================

2022-06-30
咨询客户ID：5322814792 → None
咨询消息：🥳你好                          
😌                            
😄                               .
😃红包扫雷招代理，底薪3000/月福利多

😍流水返佣 5% 起

🙂实力代理可独立开群，利润分成 50% 起

😅欢迎来撩客服小妹：@hongbaokefu5_bot
回复消息：你好,老板！🤝 我们公司承接

网站搭建❕定制机器人❕群发软件❕代发广告

👉公司客服： @Boss91M1   @Boss91M2
👉官方交流群： @bs91m990

=====================================================

2022-06-30
咨询客户ID：5587103949 → dencipgpmz4144
咨询消息：👑🔥👇👇👇👇🔥👑
https://t.me/ybhxpd14
回复消息：你好,老板！🤝 我们公司承接

网站搭建❕定制机器人❕群发软件❕代发广告

👉公司客服： @Boss91M1   @Boss91M2
👉官方交流群： @bs91m990