

=====================================================

2022-07-01
咨询客户ID：5174463781 → None
咨询消息：
回复消息：你好,老板！🤝 我们公司承接

网站搭建❕定制机器人❕群发软件❕代发广告

👉公司客服： @Boss91M1   @Boss91M2
👉官方交流群： @bs91m990

=====================================================

2022-07-01
咨询客户ID：5475008456 → None
咨询消息：
回复消息：你好,老板！🤝 我们公司承接

网站搭建❕定制机器人❕群发软件❕代发广告

👉公司客服： @Boss91M1   @Boss91M2
👉官方交流群： @bs91m990

=====================================================

2022-07-01
咨询客户ID：5369366513 → Pectinogen_1812
咨询消息：三方Ｂ２Ｃ\Ｂ２Ｂ网关支付
承接:BC CP QP SSC HB JR 等各大行业
中汇持牌三方正规一手通道，实力收信誉盘量，拥有独家备付金代付通道，通道稳定资金安全。

联系客服：@axanodutego
回复消息：你好,老板！🤝 我们公司承接

网站搭建❕定制机器人❕群发软件❕代发广告

👉公司客服： @Boss91M1   @Boss91M2
👉官方交流群： @bs91m990