

=====================================================

2022-06-29
咨询客户ID：5567179029 → Edwar_Roryd_JackTro6y
咨询消息：金贝金博集团具有雄厚的实力与资金
旗下运营：
加拿大pc28(4.2/4.6)
加拿大pc28(4.2/5.0)
加拿大pc28(网盘）
🇨🇦百家乐
🇨🇦10倍抢庄牛牛
🇨🇦通比牛牛
德州扑克

凡是本集团旗下玩家均免费享受以下服务：酒店套房，专车接送，直升机，游艇，
进群链接 @jb8688bot
回复消息：你好,老板！🤝 我们公司承接

网站搭建❕定制机器人❕群发软件❕代发广告

👉公司客服： @Boss91M1   @Boss91M2
👉官方交流群： @bs91m990

=====================================================

2022-06-29
咨询客户ID：5481586704 → Bard_Do_nahueliMarshallo
咨询消息：金贝金博集团具有雄厚的实力与资金
旗下运营：
加拿大pc28(4.2/4.6)
加拿大pc28(4.2/5.0)
加拿大pc28(网盘）
🇨🇦百家乐
🇨🇦10倍抢庄牛牛
🇨🇦通比牛牛
德州扑克

凡是本集团旗下玩家均免费享受以下服务：酒店套房，专车接送，直升机，游艇，
进群链接 @jb8688bot
回复消息：你好,老板！🤝 我们公司承接

网站搭建❕定制机器人❕群发软件❕代发广告

👉公司客服： @Boss91M1   @Boss91M2
👉官方交流群： @bs91m990

=====================================================

2022-06-29
咨询客户ID：5130674646 → None
咨询消息：金贝金博集团具有雄厚的实力与资金
旗下运营：
加拿大pc28(4.2/4.6)
加拿大pc28(4.2/5.0)
加拿大pc28(网盘）
🇨🇦百家乐
🇨🇦10倍抢庄牛牛
🇨🇦通比牛牛
德州扑克

凡是本集团旗下玩家均免费享受以下服务：酒店套房，专车接送，直升机，游艇，
进群链接 @jb8688bot
回复消息：你好,老板！🤝 我们公司承接

网站搭建❕定制机器人❕群发软件❕代发广告

👉公司客服： @Boss91M1   @Boss91M2
👉官方交流群： @bs91m990

=====================================================

2022-06-29
咨询客户ID：5585782558 → bold_fog7301
咨询消息：短信验证接码平台  https://t.me/hxkj1684gb
回复消息：你好,老板！🤝 我们公司承接

网站搭建❕定制机器人❕群发软件❕代发广告

👉公司客服： @Boss91M1   @Boss91M2
👉官方交流群： @bs91m990

=====================================================

2022-06-29
咨询客户ID：5034576506 → None
咨询消息：金贝金博集团具有雄厚的实力与资金
旗下运营：
加拿大pc28(4.2/4.6)
加拿大pc28(4.2/5.0)
加拿大pc28(网盘）
🇨🇦百家乐
🇨🇦10倍抢庄牛牛
🇨🇦通比牛牛
德州扑克

凡是本集团旗下玩家均免费享受以下服务：酒店套房，专车接送，直升机，游艇，
进群链接 @jb8688bot
回复消息：你好,老板！🤝 我们公司承接

网站搭建❕定制机器人❕群发软件❕代发广告

👉公司客服： @Boss91M1   @Boss91M2
👉官方交流群： @bs91m990

=====================================================

2022-06-29
咨询客户ID：5539575145 → Harriet_KeviBradleynEmmet
咨询消息：金贝金博集团具有雄厚的实力与资金
旗下运营：
加拿大pc28(4.2/4.6)
加拿大pc28(4.2/5.0)
加拿大pc28(网盘）
🇨🇦百家乐
🇨🇦10倍抢庄牛牛
🇨🇦通比牛牛
德州扑克

凡是本集团旗下玩家均免费享受以下服务：酒店套房，专车接送，直升机，游艇，
进群链接 @jb8688bot
回复消息：你好,老板！🤝 我们公司承接

网站搭建❕定制机器人❕群发软件❕代发广告

👉公司客服： @Boss91M1   @Boss91M2
👉官方交流群： @bs91m990

=====================================================

2022-06-29
咨询客户ID：5038944889 → None
咨询消息：🌈聚U哈希福利群🌈
😎邀请10位好友最高可领取红包88USDT
🕙北京时间10:00点发放红包福利
绝对没有文字游戏！
https://t.me/+x-2Cas_VJ38yZThl
回复消息：你好,老板！🤝 我们公司承接

网站搭建❕定制机器人❕群发软件❕代发广告

👉公司客服： @Boss91M1   @Boss91M2
👉官方交流群： @bs91m990

=====================================================

2022-06-29
咨询客户ID：5540801287 → None
咨询消息：
回复消息：你好,老板！🤝 我们公司承接

网站搭建❕定制机器人❕群发软件❕代发广告

👉公司客服： @Boss91M1   @Boss91M2
👉官方交流群： @bs91m990

=====================================================

2022-06-29
咨询客户ID：5540801287 → None
咨询消息：
回复消息：你好,老板！🤝 我们公司承接

网站搭建❕定制机器人❕群发软件❕代发广告

👉公司客服： @Boss91M1   @Boss91M2
👉官方交流群： @bs91m990

=====================================================

2022-06-29
咨询客户ID：5540801287 → None
咨询消息：
回复消息：你好,老板！🤝 我们公司承接

网站搭建❕定制机器人❕群发软件❕代发广告

👉公司客服： @Boss91M1   @Boss91M2
👉官方交流群： @bs91m990

=====================================================

2022-06-29
咨询客户ID：5478095550 → None
咨询消息：
回复消息：你好,老板！🤝 我们公司承接

网站搭建❕定制机器人❕群发软件❕代发广告

👉公司客服： @Boss91M1   @Boss91M2
👉官方交流群： @bs91m990

=====================================================

2022-06-29
咨询客户ID：5456217678 → None
咨询消息：
回复消息：你好,老板！🤝 我们公司承接

网站搭建❕定制机器人❕群发软件❕代发广告

👉公司客服： @Boss91M1   @Boss91M2
👉官方交流群： @bs91m990

=====================================================

2022-06-29
咨询客户ID：5478095550 → None
咨询消息：
回复消息：你好,老板！🤝 我们公司承接

网站搭建❕定制机器人❕群发软件❕代发广告

👉公司客服： @Boss91M1   @Boss91M2
👉官方交流群： @bs91m990

=====================================================

2022-06-29
咨询客户ID：5431812697 → Sam_Brady_TyroxneAbraham
咨询消息：
回复消息：你好,老板！🤝 我们公司承接

网站搭建❕定制机器人❕群发软件❕代发广告

👉公司客服： @Boss91M1   @Boss91M2
👉官方交流群： @bs91m990

=====================================================

2022-06-29
咨询客户ID：5456217678 → None
咨询消息：
回复消息：你好,老板！🤝 我们公司承接

网站搭建❕定制机器人❕群发软件❕代发广告

👉公司客服： @Boss91M1   @Boss91M2
👉官方交流群： @bs91m990

=====================================================

2022-06-29
咨询客户ID：5456217678 → None
咨询消息：
回复消息：你好,老板！🤝 我们公司承接

网站搭建❕定制机器人❕群发软件❕代发广告

👉公司客服： @Boss91M1   @Boss91M2
👉官方交流群： @bs91m990

=====================================================

2022-06-29
咨询客户ID：5592457400 → vfnjtlxvcsbs
咨询消息：
回复消息：你好,老板！🤝 我们公司承接

网站搭建❕定制机器人❕群发软件❕代发广告

👉公司客服： @Boss91M1   @Boss91M2
👉官方交流群： @bs91m990

=====================================================

2022-06-29
咨询客户ID：5456217678 → None
咨询消息：
回复消息：你好,老板！🤝 我们公司承接

网站搭建❕定制机器人❕群发软件❕代发广告

👉公司客服： @Boss91M1   @Boss91M2
👉官方交流群： @bs91m990

=====================================================

2022-06-29
咨询客户ID：5456217678 → None
咨询消息：
回复消息：你好,老板！🤝 我们公司承接

网站搭建❕定制机器人❕群发软件❕代发广告

👉公司客服： @Boss91M1   @Boss91M2
👉官方交流群： @bs91m990

=====================================================

2022-06-29
咨询客户ID：5585426232 → CongCan78358
咨询消息：
回复消息：你好,老板！🤝 我们公司承接

网站搭建❕定制机器人❕群发软件❕代发广告

👉公司客服： @Boss91M1   @Boss91M2
👉官方交流群： @bs91m990

=====================================================

2022-06-29
咨询客户ID：5590396332 → None
咨询消息：🎁哥们啊哥们🎁

🎁只要哈希买的好，老婆年年在高考

🤞https://t.me/hdje1
回复消息：你好,老板！🤝 我们公司承接

网站搭建❕定制机器人❕群发软件❕代发广告

👉公司客服： @Boss91M1   @Boss91M2
👉官方交流群： @bs91m990

=====================================================

2022-06-29
咨询客户ID：5066838948 → None
咨询消息：😂
回复消息：你好,老板！🤝 我们公司承接

网站搭建❕定制机器人❕群发软件❕代发广告

👉公司客服： @Boss91M1   @Boss91M2
👉官方交流群： @bs91m990

=====================================================

2022-06-29
咨询客户ID：5143572505 → tangxiaomei1
咨询消息：说
回复消息：你好,老板！🤝 我们公司承接

网站搭建❕定制机器人❕群发软件❕代发广告

👉公司客服： @Boss91M1   @Boss91M2
👉官方交流群： @bs91m990

=====================================================

2022-06-29
咨询客户ID：5588330221 → NgaBan87043
咨询消息：
回复消息：你好,老板！🤝 我们公司承接

网站搭建❕定制机器人❕群发软件❕代发广告

👉公司客服： @Boss91M1   @Boss91M2
👉官方交流群： @bs91m990

=====================================================

2022-06-29
咨询客户ID：5588330221 → NgaBan87043
咨询消息：
回复消息：你好,老板！🤝 我们公司承接

网站搭建❕定制机器人❕群发软件❕代发广告

👉公司客服： @Boss91M1   @Boss91M2
👉官方交流群： @bs91m990

=====================================================

2022-06-29
咨询客户ID：5383363411 → xiaogui6669
咨询消息：
回复消息：你好,老板！🤝 我们公司承接

网站搭建❕定制机器人❕群发软件❕代发广告

👉公司客服： @Boss91M1   @Boss91M2
👉官方交流群： @bs91m990

=====================================================

2022-06-29
咨询客户ID：5551829482 → None
咨询消息：^^^全能引流，裙📣发📣啦📣人📣采📣集📣炒📣裙📣软📣件欢迎试用📣精准引流📣日发百万好用不死 @chuanzkf005  僵尸-活粉-直登号-协议号💯💯💯
回复消息：你好,老板！🤝 我们公司承接

网站搭建❕定制机器人❕群发软件❕代发广告

👉公司客服： @Boss91M1   @Boss91M2
👉官方交流群： @bs91m990

=====================================================

2022-06-29
咨询客户ID：5576189915 → HNbFPapponu
咨询消息：k$a全能引流，裙📣发📣啦📣人📣采📣集📣炒📣裙📣软📣件欢迎试用📣精准引流📣日发百万好用不死 @chuanzkf005  僵尸-活粉-直登号-协议号💯💯💯
回复消息：你好,老板！🤝 我们公司承接

网站搭建❕定制机器人❕群发软件❕代发广告

👉公司客服： @Boss91M1   @Boss91M2
👉官方交流群： @bs91m990

=====================================================

2022-06-29
咨询客户ID：5292514990 → None
咨询消息：专业飞机引流 群发拉人私信炒群
频道：https://t.me/Jackgongju3
回复消息：你好,老板！🤝 我们公司承接

网站搭建❕定制机器人❕群发软件❕代发广告

👉公司客服： @Boss91M1   @Boss91M2
👉官方交流群： @bs91m990

=====================================================

2022-06-29
咨询客户ID：5447332969 → None
咨询消息：fs5      🪐火星-H-A-S-H-平台🪐
🏆幸运ha/sh🏆真正做到公平
🎖、公正🎖、公开🎖、透明🎖
❤️承诺给玩家带来绝对的保障和顶级的体验
🔥平台实力雄厚，口碑优秀，运行稳定
   🎀 美女专人:@baby5225🎀
回复消息：你好,老板！🤝 我们公司承接

网站搭建❕定制机器人❕群发软件❕代发广告

👉公司客服： @Boss91M1   @Boss91M2
👉官方交流群： @bs91m990

=====================================================

2022-06-29
咨询客户ID：5575998905 → None
咨询消息：欢迎加入越南出海交流群，本群有很多越南资源，欢迎进群聊天及对接业务：https://t.me/xnwm88
回复消息：你好,老板！🤝 我们公司承接

网站搭建❕定制机器人❕群发软件❕代发广告

👉公司客服： @Boss91M1   @Boss91M2
👉官方交流群： @bs91m990

=====================================================

2022-06-29
咨询客户ID：5400760492 → HinhNgao74881
咨询消息：您好！！
回复消息：你好,老板！🤝 我们公司承接

网站搭建❕定制机器人❕群发软件❕代发广告

👉公司客服： @Boss91M1   @Boss91M2
👉官方交流群： @bs91m990

=====================================================

2022-06-29
咨询客户ID：5522827452 → WS18888
咨询消息：1
回复消息：你好,老板！🤝 我们公司承接

网站搭建❕定制机器人❕群发软件❕代发广告

👉公司客服： @Boss91M1   @Boss91M2
👉官方交流群： @bs91m990

=====================================================

2022-06-29
咨询客户ID：5407984151 → fragrant_bird3007
咨询消息：全球实卡接码  https://t.me/UT16888c7f
回复消息：你好,老板！🤝 我们公司承接

网站搭建❕定制机器人❕群发软件❕代发广告

👉公司客服： @Boss91M1   @Boss91M2
👉官方交流群： @bs91m990

=====================================================

2022-06-29
咨询客户ID：5409176974 → None
咨询消息：🧧🧧🧧---聚U哈希红包免费领---🧧🧧🧧
🍭邀请好友就能参加口令红包 前五名奖励18-88USDT。
🍭安慰奖励 每拉1人=1TRX 。
🍭北京时间10点发放支付宝口令红包。
https://t.me/+9pXuy-C-G-MzZGM1
回复消息：你好,老板！🤝 我们公司承接

网站搭建❕定制机器人❕群发软件❕代发广告

👉公司客服： @Boss91M1   @Boss91M2
👉官方交流群： @bs91m990

=====================================================

2022-06-29
咨询客户ID：5413342791 → DienMy66416
咨询消息：🧧🧧🧧---聚U哈希红包免费领---🧧🧧🧧
🍭邀请好友就能参加口令红包 前五名奖励18-88USDT。
🍭安慰奖励 每拉1人=1TRX 。
🍭北京时间10点发放支付宝口令红包。
https://t.me/+9pXuy-C-G-MzZGM1
回复消息：你好,老板！🤝 我们公司承接

网站搭建❕定制机器人❕群发软件❕代发广告

👉公司客服： @Boss91M1   @Boss91M2
👉官方交流群： @bs91m990

=====================================================

2022-06-29
咨询客户ID：5433164499 → holy_sunset1847
咨询消息：接码平台  https://t.me/fafa268g9a
回复消息：你好,老板！🤝 我们公司承接

网站搭建❕定制机器人❕群发软件❕代发广告

👉公司客服： @Boss91M1   @Boss91M2
👉官方交流群： @bs91m990

=====================================================

2022-06-29
咨询客户ID：1949093024 → dolblue_trade_v6
咨询消息：привет бро
回复消息：你好,老板！🤝 我们公司承接

网站搭建❕定制机器人❕群发软件❕代发广告

👉公司客服： @Boss91M1   @Boss91M2
👉官方交流群： @bs91m990

=====================================================

2022-06-29
咨询客户ID：5403915989 → None
咨询消息：115好消息好消息：A1西哈 包赔活动火爆来袭,没有限制,快来咨询：haxiA1
回复消息：你好,老板！🤝 我们公司承接

网站搭建❕定制机器人❕群发软件❕代发广告

👉公司客服： @Boss91M1   @Boss91M2
👉官方交流群： @bs91m990

=====================================================

2022-06-29
咨询客户ID：5509348720 → XaCqXnima_5667563
咨询消息：🌸️🔥🌈⚽️ 欧宝体育 品牌赞助   尤文图斯 瓦伦西亚合作伙伴 LPL战队合作伙伴。
【没有新增要求！没有新增要求！】
1.【55%分红】
2.【流水2%返点】
3.【人头奖/300】
➖➖➖➖➖➖➖➖➖➖
官网链接 ob888tv.com  可代可玩，
 ➖➖➖➖➖➖➖➖➖➖
欧宝招商浩克：@haoke688
➖➖➖➖➖➖➖➖➖➖
💥💖🌸
回复消息：你好,老板！🤝 我们公司承接

网站搭建❕定制机器人❕群发软件❕代发广告

👉公司客服： @Boss91M1   @Boss91M2
👉官方交流群： @bs91m990

=====================================================

2022-06-29
咨询客户ID：5234918112 → white_moon6163
咨询消息：国内外短信接码平台 https://67sim.xyz/ads441s31b
回复消息：你好,老板！🤝 我们公司承接

网站搭建❕定制机器人❕群发软件❕代发广告

👉公司客服： @Boss91M1   @Boss91M2
👉官方交流群： @bs91m990

=====================================================

2022-06-29
咨询客户ID：5482972921 → CwTCrxo1888
咨询消息：🌸💖🔥🌈⚽️ 欧宝体育 品牌赞助   尤文图斯 瓦伦西亚合作伙伴 LPL战队合作伙伴。
【没有新增要求！没有新增要求！】
1.【55%分红】
2.【流水2%返点】
3.【人头奖/300】
➖➖➖➖➖➖➖➖➖➖
官网链接 ob888tv.com  可代可玩，
 ➖➖➖➖➖➖➖➖➖➖
欧宝招商浩克：@haoke688
➖➖➖➖➖➖➖➖➖➖
🔥️💖
回复消息：你好,老板！🤝 我们公司承接

网站搭建❕定制机器人❕群发软件❕代发广告

👉公司客服： @Boss91M1   @Boss91M2
👉官方交流群： @bs91m990

=====================================================

2022-06-29
咨询客户ID：5390336260 → lively_dawn2007
咨询消息：最佳接码平台 https://68sim.xyz/463ad5s4f6ade2
回复消息：你好,老板！🤝 我们公司承接

网站搭建❕定制机器人❕群发软件❕代发广告

👉公司客服： @Boss91M1   @Boss91M2
👉官方交流群： @bs91m990

=====================================================

2022-06-29
咨询客户ID：5492372251 → crimson_dew8116
咨询消息：最佳接码平台 https://68sim.xyz/463ad5s4f6a6g4
回复消息：你好,老板！🤝 我们公司承接

网站搭建❕定制机器人❕群发软件❕代发广告

👉公司客服： @Boss91M1   @Boss91M2
👉官方交流群： @bs91m990

=====================================================

2022-06-29
咨询客户ID：5169567995 → TobyPegO509
咨询消息：亚洲体育官网:xcty2.com

纸飞机:@hmz2222
回复消息：你好,老板！🤝 我们公司承接

网站搭建❕定制机器人❕群发软件❕代发广告

👉公司客服： @Boss91M1   @Boss91M2
👉官方交流群： @bs91m990

=====================================================

2022-06-29
咨询客户ID：5542349460 → white_snow7095
咨询消息：跑芬，闲鱼新模式：@abkj1684c06
回复消息：你好,老板！🤝 我们公司承接

网站搭建❕定制机器人❕群发软件❕代发广告

👉公司客服： @Boss91M1   @Boss91M2
👉官方交流群： @bs91m990

=====================================================

2022-06-29
咨询客户ID：5307657430 → ssd52528
咨询消息：在干嘛
回复消息：你好,老板！🤝 我们公司承接

网站搭建❕定制机器人❕群发软件❕代发广告

👉公司客服： @Boss91M1   @Boss91M2
👉官方交流群： @bs91m990

=====================================================

2022-06-29
咨询客户ID：5396568595 → cwSrZr
咨询消息：操作简便，独立后台，API/手动一体，入金可公可私 
承接:BC CP QP SSC HB JR 等各大行业
中汇持牌三方正规一手通道，实力收信誉盘量，拥有独家备付金代付通道，通道稳定资金安全，支持小额测试，可提供出款凭证。

代付通道

① -------------------
② 通道接口:   三方备付金直出
③ 商户限额：1001W/日
④ 出金限额：单笔100-200000
⑤ 充值时间：24H
⑥ 上分时间：到账秒上分                        
⑦ 并发笔数：1000+每分 
⑧ 代付时间：24小时
⑨ 代付模式：API/手工/批量
⑩ 代付到账时间：秒到                 
需要请加24小时客服   @dwadwa66
回复消息：你好,老板！🤝 我们公司承接

网站搭建❕定制机器人❕群发软件❕代发广告

👉公司客服： @Boss91M1   @Boss91M2
👉官方交流群： @bs91m990