

=====================================================

2022-06-23
咨询客户ID：1805833636 → chloe_becker
咨询消息：你好
回复消息：联系客服专员：@boss91m1   @boss91m2

=====================================================

2022-06-23
咨询客户ID：5214437789 → None
咨询消息：
回复消息：联系客服专员：@boss91m1   @boss91m2

=====================================================

2022-06-23
咨询客户ID：1671123698 → xiaoliduanxin
咨询消息：老板需要短信群发嘛
回复消息：联系客服专员：@boss91m1   @boss91m2

=====================================================

2022-06-23
咨询客户ID：5502806149 → XHRgl
咨询消息：哥们 你家有啥通道可以跑嘛？
回复消息：联系客服专员：@boss91m1   @boss91m2

=====================================================

2022-06-23
咨询客户ID：5214437789 → None
咨询消息：Это что?
回复消息：联系客服专员：@boss91m1   @boss91m2

=====================================================

2022-06-23
咨询客户ID：5596827119 → None
咨询消息：
回复消息：联系客服专员：@boss91m1   @boss91m2

=====================================================

2022-06-23
咨询客户ID：1664184760 → H16861
咨询消息：
回复消息：联系客服专员：@boss91m1   @boss91m2

=====================================================

2022-06-23
咨询客户ID：1664184760 → H16861
咨询消息：啥
回复消息：联系客服专员：@boss91m1   @boss91m2

=====================================================

2022-06-23
咨询客户ID：5027302615 → panghuochai
咨询消息：能定制什么机器人
回复消息：联系客服专员：@boss91m1   @boss91m2

=====================================================

2022-06-23
咨询客户ID：5334903169 → None
咨询消息：https://t.me/+moGsMEdPvPRiNTVl
回复消息：联系客服专员：@boss91m1   @boss91m2

=====================================================

2022-06-23
咨询客户ID：5467947322 → StephanieBack889201
咨询消息：🔺TG电报飞机全功能软件🔺
🔥1：刷频道阅读量 🔺增加频道阅读量🔺
🔥2：精准用户采集🔺采集同行群客户到自己群里来变现🔺
🔥3：精准群组采集🔺关键词采集相关群直接去自动加群🔺
🔥4：批量拉人🔺后台自动拉人采集好的客户拉到指定群🔺
🔥5：自动群发/回复🔺自动群发，验证群防止机器人删除🔺
🔥6：群内自动聊天活跃气氛🔺导入小号编辑好话术🔺
🔥7：自动私发消息给群里的精准客户🔺
回复消息：联系客服专员：@boss91m1   @boss91m2

=====================================================

2022-06-23
咨询客户ID：5423243487 → None
咨询消息：老板，现在有什么料在跑吗
回复消息：联系客服专员：@boss91m1   @boss91m2

=====================================================

2022-06-23
咨询客户ID：5045701728 → None
咨询消息：1
回复消息：联系客服专员：@boss91m1   @boss91m2

=====================================================

2022-06-23
咨询客户ID：5455088976 → None
咨询消息：None
回复消息：联系客服专员：@boss91m1   @boss91m2

=====================================================

2022-06-23
咨询客户ID：5130784613 → None
咨询消息：✈️✈️✈️TG引流软件✈️✈️✈️ 
🤙批 量🔎‍采 集👨‍👩‍👧‍👦垃 人‍💌私 信👋炒 群💡测 试👂🏻监 听🧑‍ @tumei002
🌷僵尸粉|佸人粉|监听bot|协义号批量出售🌷
🉑免费试用👍 精准引流💮量越多优惠越大💯  售后保障
回复消息：联系客服专员：@boss91m1   @boss91m2

=====================================================

2022-06-23
咨询客户ID：1981468224 → None
咨询消息：🔥The global cloud mining platform can earn 9%-20% daily profit
🐲Registration will give away 6,000, and users who recommend to register will getas a reward
📢 Referral commission up to 17%👥
👉Latest Registration Link:https://cutt.ly/xKnvMgr
回复消息：联系客服专员：@boss91m1   @boss91m2

=====================================================

2022-06-23
咨询客户ID：5347311456 → None
咨询消息：下浮7个点币价6.1出黑资USDT 
不影响进任何交易所变现或者冷钱包流通 
①没接过，可以提供测试（真金不怕火炼） 
②可以同台交易或者线上一笔一回先U 
③长期稳定有量 
 
注：白嫖、盗U、口嗨、人头搬砖的请勿打扰！只找长期有实力U商、车队、老板合作！ 
欢迎有实力的老板来消化。 
 
唯一TG飞机ID：USDT5
回复消息：联系客服专员：@boss91m1   @boss91m2

=====================================================

2022-06-23
咨询客户ID：5441742771 → None
咨询消息：None
回复消息：联系客服专员：@boss91m1   @boss91m2

=====================================================

2022-06-23
咨询客户ID：5270043422 → None
咨询消息：✈️✈️✈️TG引流软件✈️✈️✈️ 
🤙批 量🔎‍采 集👨‍👩‍👧‍👦垃 人‍💌私 信👋炒 群💡测 试👂🏻监 听🧑‍ @tumei002
🌷僵尸粉|佸人粉|监听bot|协义号批量出售🌷
🉑免费试用👍 精准引流💮量越多优惠越大💯  售后保障
回复消息：联系客服专员：@boss91m1   @boss91m2

=====================================================

2022-06-23
咨询客户ID：5263587562 → None
咨询消息：None
回复消息：联系客服专员：@boss91m1   @boss91m2

=====================================================

2022-06-23
咨询客户ID：5176424117 → None
咨询消息：Hi what up
回复消息：联系客服专员：@boss91m1   @boss91m2

=====================================================

2022-06-23
咨询客户ID：5544348234 → None
咨询消息：None
回复消息：联系客服专员：@boss91m1   @boss91m2

=====================================================

2022-06-23
咨询客户ID：5479547405 → None
咨询消息：None
回复消息：联系客服专员：@boss91m1   @boss91m2

=====================================================

2022-06-23
咨询客户ID：5564637415 → None
咨询消息：None
回复消息：联系客服专员：@boss91m1   @boss91m2

=====================================================

2022-06-23
咨询客户ID：5441742771 → None
咨询消息：Bonjour
回复消息：联系客服专员：@boss91m1   @boss91m2

=====================================================

2022-06-23
咨询客户ID：5489741963 → None
咨询消息：None
回复消息：联系客服专员：@boss91m1   @boss91m2

=====================================================

2022-06-23
咨询客户ID：5553306638 → None
咨询消息：None
回复消息：联系客服专员：@boss91m1   @boss91m2

=====================================================

2022-06-23
咨询客户ID：5520744748 → None
咨询消息：None
回复消息：联系客服专员：@boss91m1   @boss91m2

=====================================================

2022-06-23
咨询客户ID：5533048457 → None
咨询消息：None
回复消息：联系客服专员：@boss91m1   @boss91m2

=====================================================

2022-06-23
咨询客户ID：5441742771 → None
咨询消息：
回复消息：联系客服专员：@boss91m1   @boss91m2

=====================================================

2022-06-23
咨询客户ID：5414220197 → None
咨询消息：None
回复消息：联系客服专员：@boss91m1   @boss91m2

=====================================================

2022-06-23
咨询客户ID：5465019406 → None
咨询消息：None
回复消息：联系客服专员：@boss91m1   @boss91m2

=====================================================

2022-06-23
咨询客户ID：5395652300 → None
咨询消息：None
回复消息：联系客服专员：@boss91m1   @boss91m2

=====================================================

2022-06-23
咨询客户ID：5323258466 → None
咨询消息：恭喜成为皇宫哈希特邀用户

添加客服咨询领取特邀豪华大礼包

代理每日高额固定工资单独代理线

玩家每日高额流水局数奖励

豹子顺子最高奖1888.88U

@huanggong857

hghash1.com
回复消息：联系客服专员：@boss91m1   @boss91m2

=====================================================

2022-06-23
咨询客户ID：5342570353 → None
咨询消息：None
回复消息：联系客服专员：@boss91m1   @boss91m2

=====================================================

2022-06-23
咨询客户ID：5513864355 → None
咨询消息：None
回复消息：联系客服专员：@boss91m1   @boss91m2

=====================================================

2022-06-23
咨询客户ID：5333877755 → None
咨询消息：None
回复消息：联系客服专员：@boss91m1   @boss91m2

=====================================================

2022-06-23
咨询客户ID：5113572366 → None
咨询消息：None
回复消息：联系客服专员：@boss91m1   @boss91m2

=====================================================

2022-06-23
咨询客户ID：5374092801 → None
咨询消息：下浮7个点币价6.1出黑资USDT 
不影响进任何交易所变现或者冷钱包流通 
①没接过，可以提供测试（真金不怕火炼） 
②可以同台交易或者线上一笔一回先U 
③长期稳定有量 
 
注：白嫖、盗U、口嗨、人头搬砖的请勿打扰！只找长期有实力U商、车队、老板合作！ 
欢迎有实力的老板来消化。 
 
唯一TG飞机ID：USDT5
回复消息：联系客服专员：@boss91m1   @boss91m2

=====================================================

2022-06-23
咨询客户ID：5441742771 → None
咨询消息：Je.ne comprends pas
回复消息：联系客服专员：@boss91m1   @boss91m2

=====================================================

2022-06-23
咨询客户ID：5576743023 → Hnamiltion_Quin_nBeM
咨询消息：福利公告 每天送不停 欢迎领取
玩赛车，飞艇，澳洲 免费领取18U福利。
我们不生产USDT.我们只是您USDT的搬运工。
客服专员：hjgj11
Foster
回复消息：联系客服专员：@boss91m1   @boss91m2