

=====================================================

2022-06-27
咨询客户ID：2109740383 → Jennife452
咨询消息：Hello I am Miriam Escobar,
  nice to meet you,I have something to discuss with you, do you mind to chat?
回复消息：你好！🤝

网站搭建❕定制机器人❕群发软件❕代发广告

👉商务合作联系 @Boss91M1   @Boss91M2
👉官方交流群： @bs91m990

=====================================================

2022-06-27
咨询客户ID：5467464746 → eugene_52hoie
咨询消息：dds新人前五局体验~赢了您拿走输了平台报各种新人福利等你造！
ASASD123123<添加领活动>
回复消息：你好！🤝

网站搭建❕定制机器人❕群发软件❕代发广告

👉商务合作联系 @Boss91M1   @Boss91M2
👉官方交流群： @bs91m990

=====================================================

2022-06-27
咨询客户ID：5364641685 → ty11300
咨询消息：进群直接找我对接
回复消息：你好！🤝

网站搭建❕定制机器人❕群发软件❕代发广告

👉商务合作联系 @Boss91M1   @Boss91M2
👉官方交流群： @bs91m990

=====================================================

2022-06-27
咨询客户ID：5473271642 → None
咨询消息：None
回复消息：你好！🤝

网站搭建❕定制机器人❕群发软件❕代发广告

👉商务合作联系 @Boss91M1   @Boss91M2
👉官方交流群： @bs91m990

=====================================================

2022-06-27
咨询客户ID：1566167484 → Ainar1555
咨询消息：Hi
回复消息：你好！🤝

网站搭建❕定制机器人❕群发软件❕代发广告

👉商务合作联系 @Boss91M1   @Boss91M2
👉官方交流群： @bs91m990

=====================================================

2022-06-27
咨询客户ID：5107481978 → None
咨询消息：sds新人前五局体验~赢了您拿走输了平台报各种新人福利等你造！
ASASD123123<添加领活动>
回复消息：你好！🤝

网站搭建❕定制机器人❕群发软件❕代发广告

👉商务合作联系 @Boss91M1   @Boss91M2
👉官方交流群： @bs91m990

=====================================================

2022-06-27
咨询客户ID：5423679825 → KmbPUmmemelusz
咨询消息：🌼🌹🔥⚽️欧宝体育🏆诚招代理🎗合作共赢
🌟：负盈利佣金分红55%（1w=5500）
🌟：会员首存复存有彩金，人头费300/个
🌟：体育，电竞流水佣金2%扶持（其它0.2%）
🌟：介绍代理分8%+专享：独立代理后台和推广域名

好消息🎉好福利🎉好扶持🎉直到世界杯结束当月5个活跃即可享受55%佣金分红💵

中文成人指南频道：https://t.me/cldr123

☎️telegram：@obaji1828

📣欧宝官方永久域名： 588ob.cn  （浏览器打开）
🌼🌸🌹
回复消息：你好！🤝

网站搭建❕定制机器人❕群发软件❕代发广告

👉商务合作联系 @Boss91M1   @Boss91M2
👉官方交流群： @bs91m990

=====================================================

2022-06-27
咨询客户ID：5567153701 → None
咨询消息：兄弟  GHC你埋伏了没
回复消息：你好！🤝

网站搭建❕定制机器人❕群发软件❕代发广告

👉商务合作联系 @Boss91M1   @Boss91M2
👉官方交流群： @bs91m990

=====================================================

2022-06-27
咨询客户ID：5110567720 → None
咨询消息：Mds😳
回复消息：你好！🤝

网站搭建❕定制机器人❕群发软件❕代发广告

👉商务合作联系 @Boss91M1   @Boss91M2
👉官方交流群： @bs91m990

=====================================================

2022-06-27
咨询客户ID：5406614098 → None
咨询消息：你好 THALITAGOMES 你好 johnnylu 你好 3Dmark 东南集团
澳洲PK10群飞单
推荐使用USDT数字货币交易
投注飞单群8区https://t.me/jbokxr888
@U6x688
回复消息：你好！🤝

网站搭建❕定制机器人❕群发软件❕代发广告

👉商务合作联系 @Boss91M1   @Boss91M2
👉官方交流群： @bs91m990

=====================================================

2022-06-27
咨询客户ID：5210979611 → None
咨询消息：None
回复消息：你好！🤝

网站搭建❕定制机器人❕群发软件❕代发广告

👉商务合作联系 @Boss91M1   @Boss91M2
👉官方交流群： @bs91m990

=====================================================

2022-06-27
咨询客户ID：5404268296 → None
咨询消息：None
回复消息：你好！🤝

网站搭建❕定制机器人❕群发软件❕代发广告

👉商务合作联系 @Boss91M1   @Boss91M2
👉官方交流群： @bs91m990

=====================================================

2022-06-27
咨询客户ID：5262476578 → None
咨询消息：None
回复消息：你好！🤝

网站搭建❕定制机器人❕群发软件❕代发广告

👉商务合作联系 @Boss91M1   @Boss91M2
👉官方交流群： @bs91m990

=====================================================

2022-06-27
咨询客户ID：5513286717 → None
咨询消息：👊拼搏广发英雄帖👊
🏆联系：@KLxiaoxianer❤️网站很多，靠谱的没几个！
🔴  传统彩打码一万佣金30-90提升，纯信誉盘口 不黑不卡不限制IP
🔴介绍代理最高可领8%介绍费，并且永久！
🔴每月有效会员人数奖励 300/个
🔴有兴趣就来谈，条件你开，大家有商有量
🔴 负盈利最高30%佣金提成，
回复消息：你好！🤝

网站搭建❕定制机器人❕群发软件❕代发广告

👉商务合作联系 @Boss91M1   @Boss91M2
👉官方交流群： @bs91m990

=====================================================

2022-06-27
咨询客户ID：5567039919 → None
咨询消息：👊拼搏广发英雄帖👊
🏆联系：@KLxiaoxianer❤️网站很多，靠谱的没几个！
🔴  传统彩打码一万佣金30-90提升，纯信誉盘口 不黑不卡不限制IP
🔴介绍代理最高可领8%介绍费，并且永久！
🔴每月有效会员人数奖励 300/个
🔴有兴趣就来谈，条件你开，大家有商有量
🔴 负盈利最高30%佣金提成，
回复消息：你好！🤝

网站搭建❕定制机器人❕群发软件❕代发广告

👉商务合作联系 @Boss91M1   @Boss91M2
👉官方交流群： @bs91m990

=====================================================

2022-06-27
咨询客户ID：5331464018 → None
咨询消息：👊拼搏广发英雄帖👊
🏆联系：@KLxiaoxianer❤️网站很多，靠谱的没几个！
🔴  传统彩打码一万佣金30-90提升，纯信誉盘口 不黑不卡不限制IP
🔴介绍代理最高可领8%介绍费，并且永久！
🔴每月有效会员人数奖励 300/个
🔴有兴趣就来谈，条件你开，大家有商有量
🔴 负盈利最高30%佣金提成，
回复消息：你好！🤝

网站搭建❕定制机器人❕群发软件❕代发广告

👉商务合作联系 @Boss91M1   @Boss91M2
👉官方交流群： @bs91m990

=====================================================

2022-06-27
咨询客户ID：5172779844 → SusanLocke69010
咨询消息：你好 专业代发广告联系 Boss91m1 引流l✅自动加群群发l✅自动精准拉人l✅自动私信l✅自动炒群l✅高质量僵尸粉l✅排名l✅监听小帮手👾个人定制机器人🤖专业团队🔥售后保障出💯全业务👍TG小号批发🉑免费试用👉

☎️主要在线💁🏻@thaaarannn
☎️客服一号 @chenxuelan
☎️客服二号💁🏻@cxvip001
☎️主号唯一💁🏻@YueGuangl
回复消息：你好！🤝

网站搭建❕定制机器人❕群发软件❕代发广告

👉商务合作联系 @Boss91M1   @Boss91M2
👉官方交流群： @bs91m990

=====================================================

2022-06-27
咨询客户ID：5534623785 → IsabellMccow591014
咨询消息：你好 专业代发广告联系 Boss91m1 你好 Elon Choco Milk 引流l✅自动加群群发l✅自动精准拉人l✅自动私信l✅自动炒群l✅高质量僵尸粉l✅排名l✅监听小帮手👾个人定制机器人🤖专业团队🔥售后保障出💯全业务👍TG小号批发🉑免费试用👉

☎️主要在线💁🏻@thaaarannn
☎️客服一号 @chenxuelan
☎️客服二号💁🏻@cxvip001
☎️主号唯一💁🏻@YueGuangl
回复消息：你好！🤝

网站搭建❕定制机器人❕群发软件❕代发广告

👉商务合作联系 @Boss91M1   @Boss91M2
👉官方交流群： @bs91m990

=====================================================

2022-06-27
咨询客户ID：5243452084 → None
咨询消息：金贝金博集团具有雄厚的实力与资金
旗下运营：
加拿大pc28(4.2/4.6)
加拿大pc28(4.2/5.0)
加拿大pc28(网盘）
🇨🇦百家乐
🇨🇦10倍抢庄牛牛
🇨🇦通比牛牛
德州扑克

凡是本集团旗下玩家均免费享受以下服务：酒店套房，专车接送，直升机，游艇，
进群链接 @jb08756bot
回复消息：你好！🤝

网站搭建❕定制机器人❕群发软件❕代发广告

👉商务合作联系 @Boss91M1   @Boss91M2
👉官方交流群： @bs91m990

=====================================================

2022-06-27
咨询客户ID：5541587668 → None
咨询消息：金贝金博集团具有雄厚的实力与资金
旗下运营：
加拿大pc28(4.2/4.6)
加拿大pc28(4.2/5.0)
加拿大pc28(网盘）
🇨🇦百家乐
🇨🇦10倍抢庄牛牛
🇨🇦通比牛牛
德州扑克

凡是本集团旗下玩家均免费享受以下服务：酒店套房，专车接送，直升机，游艇，
进群链接 @jb08756bot
回复消息：你好！🤝

网站搭建❕定制机器人❕群发软件❕代发广告

👉商务合作联系 @Boss91M1   @Boss91M2
👉官方交流群： @bs91m990

=====================================================

2022-06-27
咨询客户ID：5587140746 → None
咨询消息：金贝金博集团具有雄厚的实力与资金
旗下运营：
加拿大pc28(4.2/4.6)
加拿大pc28(4.2/5.0)
加拿大pc28(网盘）
🇨🇦百家乐
🇨🇦10倍抢庄牛牛
🇨🇦通比牛牛
德州扑克

凡是本集团旗下玩家均免费享受以下服务：酒店套房，专车接送，直升机，游艇，
进群链接 @jb08756bot
回复消息：你好！🤝

网站搭建❕定制机器人❕群发软件❕代发广告

👉商务合作联系 @Boss91M1   @Boss91M2
👉官方交流群： @bs91m990

=====================================================

2022-06-27
咨询客户ID：5485259216 → None
咨询消息：金贝金博集团具有雄厚的实力与资金
旗下运营：
加拿大pc28(4.2/4.6)
加拿大pc28(4.2/5.0)
加拿大pc28(网盘）
🇨🇦百家乐
🇨🇦10倍抢庄牛牛
🇨🇦通比牛牛
德州扑克

凡是本集团旗下玩家均免费享受以下服务：酒店套房，专车接送，直升机，游艇，
进群链接 @jb08756bot
回复消息：你好！🤝

网站搭建❕定制机器人❕群发软件❕代发广告

👉商务合作联系 @Boss91M1   @Boss91M2
👉官方交流群： @bs91m990

=====================================================

2022-06-27
咨询客户ID：5554883763 → Lawrenc5Jacke_StevenPk
咨询消息：.
🎈
哈喽，打扰您一下，
哈希全新玩法，了解一下，
只需一个冷钱包，转账即投注
新人试玩前五把包赢


🎈
赔率合理，玩法公开通明，有迹可寻，活动繁多，坚持信誉第一的准则

🎈     游戏包括牛牛，百家乐，分分彩，大小单双，幸运哈希


咨询热线 @xiaoshisan13 （24小时在线讲解哦）
回复消息：你好！🤝

网站搭建❕定制机器人❕群发软件❕代发广告

👉商务合作联系 @Boss91M1   @Boss91M2
👉官方交流群： @bs91m990

=====================================================

2022-06-27
咨询客户ID：5473271642 → None
咨询消息：None
回复消息：你好！🤝 我们公司承接

网站搭建❕定制机器人❕群发软件❕代发广告

👉商务合作联系 @Boss91M1   @Boss91M2
👉官方交流群： @bs91m990

=====================================================

2022-06-27
咨询客户ID：5404268296 → None
咨询消息：None
回复消息：你好！🤝 我们公司承接

网站搭建❕定制机器人❕群发软件❕代发广告

👉商务合作联系 @Boss91M1   @Boss91M2
👉官方交流群： @bs91m990

=====================================================

2022-06-27
咨询客户ID：5262476578 → None
咨询消息：None
回复消息：你好！🤝 我们公司承接

网站搭建❕定制机器人❕群发软件❕代发广告

👉商务合作联系 @Boss91M1   @Boss91M2
👉官方交流群： @bs91m990

=====================================================

2022-06-27
咨询客户ID：5561905896 → None
咨询消息：每日返氷八个点  
http://2745.in
回复消息：你好！🤝 我们公司承接

网站搭建❕定制机器人❕群发软件❕代发广告

👉商务合作联系 @Boss91M1   @Boss91M2
👉官方交流群： @bs91m990