

=====================================================

2022-06-25
咨询客户ID：5495212509 → None
咨询消息：None
回复消息：你好！🤝

网站搭建❕定制机器人❕群发软件❕代发广告

👉商务合作联系 @Boss91M1   @Boss91M2
👉官方交流群： @bs91m990

=====================================================

2022-06-25
咨询客户ID：5564637415 → None
咨询消息：مين
回复消息：你好！🤝

网站搭建❕定制机器人❕群发软件❕代发广告

👉商务合作联系 @Boss91M1   @Boss91M2
👉官方交流群： @bs91m990

=====================================================

2022-06-25
咨询客户ID：5564637415 → None
咨询消息：ممكن تكتب عربي
回复消息：你好！🤝

网站搭建❕定制机器人❕群发软件❕代发广告

👉商务合作联系 @Boss91M1   @Boss91M2
👉官方交流群： @bs91m990

=====================================================

2022-06-25
咨询客户ID：2002287201 → None
咨询消息：Precisamos  urgentemente  de  30 pessoas  em casa. Não há custo, tudo o que precisamos é de um telemóvel. O salário diário é de 500-2000. ver Telegrama para mais detalhes.@Stephanie1562
回复消息：你好！🤝

网站搭建❕定制机器人❕群发软件❕代发广告

👉商务合作联系 @Boss91M1   @Boss91M2
👉官方交流群： @bs91m990

=====================================================

2022-06-25
咨询客户ID：5443235019 → None
咨询消息：Como você está hoje meu amigo
回复消息：你好！🤝

网站搭建❕定制机器人❕群发软件❕代发广告

👉商务合作联系 @Boss91M1   @Boss91M2
👉官方交流群： @bs91m990

=====================================================

2022-06-25
咨询客户ID：5564637415 → None
咨询消息：None
回复消息：你好！🤝

网站搭建❕定制机器人❕群发软件❕代发广告

👉商务合作联系 @Boss91M1   @Boss91M2
👉官方交流群： @bs91m990

=====================================================

2022-06-25
咨询客户ID：5340187550 → None
咨询消息：Olá
回复消息：你好！🤝

网站搭建❕定制机器人❕群发软件❕代发广告

👉商务合作联系 @Boss91M1   @Boss91M2
👉官方交流群： @bs91m990

=====================================================

2022-06-25
咨询客户ID：5337583223 → Lopssz
咨询消息：None
回复消息：你好！🤝

网站搭建❕定制机器人❕群发软件❕代发广告

👉商务合作联系 @Boss91M1   @Boss91M2
👉官方交流群： @bs91m990

=====================================================

2022-06-25
咨询客户ID：5323984864 → henyexu882
咨询消息：📣全网最火😱奖励最高18888U💰

 t.me/+sxav2Kfr-zY3OGI8 👈
回复消息：你好！🤝

网站搭建❕定制机器人❕群发软件❕代发广告

👉商务合作联系 @Boss91M1   @Boss91M2
👉官方交流群： @bs91m990

=====================================================

2022-06-25
咨询客户ID：5436085893 → Adol_ph_W673ilburDaveB
咨询消息：
回复消息：你好！🤝

网站搭建❕定制机器人❕群发软件❕代发广告

👉商务合作联系 @Boss91M1   @Boss91M2
👉官方交流群： @bs91m990

=====================================================

2022-06-25
咨询客户ID：5565471428 → None
咨询消息：Boa tarde senhor
回复消息：你好！🤝

网站搭建❕定制机器人❕群发软件❕代发广告

👉商务合作联系 @Boss91M1   @Boss91M2
👉官方交流群： @bs91m990

=====================================================

2022-06-25
咨询客户ID：5565471428 → None
咨询消息：desculpe, você entendeu inglês?
回复消息：你好！🤝

网站搭建❕定制机器人❕群发软件❕代发广告

👉商务合作联系 @Boss91M1   @Boss91M2
👉官方交流群： @bs91m990

=====================================================

2022-06-25
咨询客户ID：5565471428 → None
咨询消息：desculpe, você não entende inglês, não consigo entender o que você está dizendo
回复消息：你好！🤝

网站搭建❕定制机器人❕群发软件❕代发广告

👉商务合作联系 @Boss91M1   @Boss91M2
👉官方交流群： @bs91m990

=====================================================

2022-06-25
咨询客户ID：1911737929 → Helenrissa
咨询消息：Oi
回复消息：你好！🤝

网站搭建❕定制机器人❕群发软件❕代发广告

👉商务合作联系 @Boss91M1   @Boss91M2
👉官方交流群： @bs91m990

=====================================================

2022-06-25
咨询客户ID：5355691120 → None
咨询消息：Oi
回复消息：你好！🤝

网站搭建❕定制机器人❕群发软件❕代发广告

👉商务合作联系 @Boss91M1   @Boss91M2
👉官方交流群： @bs91m990

=====================================================

2022-06-25
咨询客户ID：5380799647 → JamesWilliam785
咨询消息：ei, eu posso te ensinar como você pode ganhar mais de 5.000 reais em apenas 24 horas, mas você me dá %10 de comissão, pode me perguntar como para mais informações
回复消息：你好！🤝

网站搭建❕定制机器人❕群发软件❕代发广告

👉商务合作联系 @Boss91M1   @Boss91M2
👉官方交流群： @bs91m990

=====================================================

2022-06-25
咨询客户ID：5015858111 → lsabel160
咨询消息：Oi
回复消息：你好！🤝

网站搭建❕定制机器人❕群发软件❕代发广告

👉商务合作联系 @Boss91M1   @Boss91M2
👉官方交流群： @bs91m990

=====================================================

2022-06-25
咨询客户ID：5533345069 → None
咨询消息：None
回复消息：你好！🤝

网站搭建❕定制机器人❕群发软件❕代发广告

👉商务合作联系 @Boss91M1   @Boss91M2
👉官方交流群： @bs91m990

=====================================================

2022-06-25
咨询客户ID：5588780195 → None
咨询消息：None
回复消息：你好！🤝

网站搭建❕定制机器人❕群发软件❕代发广告

👉商务合作联系 @Boss91M1   @Boss91M2
👉官方交流群： @bs91m990

=====================================================

2022-06-25
咨询客户ID：5557346515 → None
咨询消息：None
回复消息：你好！🤝

网站搭建❕定制机器人❕群发软件❕代发广告

👉商务合作联系 @Boss91M1   @Boss91M2
👉官方交流群： @bs91m990

=====================================================

2022-06-25
咨询客户ID：5316347882 → tasleykarila
咨询消息：None
回复消息：你好！🤝

网站搭建❕定制机器人❕群发软件❕代发广告

👉商务合作联系 @Boss91M1   @Boss91M2
👉官方交流群： @bs91m990

=====================================================

2022-06-25
咨询客户ID：5578925265 → None
咨询消息：None
回复消息：你好！🤝

网站搭建❕定制机器人❕群发软件❕代发广告

👉商务合作联系 @Boss91M1   @Boss91M2
👉官方交流群： @bs91m990

=====================================================

2022-06-25
咨询客户ID：5338724374 → RodNixon_Ro0ryEmmanuel
咨询消息：None
回复消息：你好！🤝

网站搭建❕定制机器人❕群发软件❕代发广告

👉商务合作联系 @Boss91M1   @Boss91M2
👉官方交流群： @bs91m990

=====================================================

2022-06-25
咨询客户ID：5522083258 → None
咨询消息：None
回复消息：你好！🤝

网站搭建❕定制机器人❕群发软件❕代发广告

👉商务合作联系 @Boss91M1   @Boss91M2
👉官方交流群： @bs91m990

=====================================================

2022-06-25
咨询客户ID：5349685143 → None
咨询消息：None
回复消息：你好！🤝

网站搭建❕定制机器人❕群发软件❕代发广告

👉商务合作联系 @Boss91M1   @Boss91M2
👉官方交流群： @bs91m990

=====================================================

2022-06-25
咨询客户ID：5455088976 → None
咨询消息：هضيسما امشي اخرط بعيد سلم الشاطر
回复消息：你好！🤝

网站搭建❕定制机器人❕群发软件❕代发广告

👉商务合作联系 @Boss91M1   @Boss91M2
👉官方交流群： @bs91m990

=====================================================

2022-06-25
咨询客户ID：5161527863 → None
咨询消息：None
回复消息：你好！🤝

网站搭建❕定制机器人❕群发软件❕代发广告

👉商务合作联系 @Boss91M1   @Boss91M2
👉官方交流群： @bs91m990

=====================================================

2022-06-25
咨询客户ID：5531157067 → NatKeith_Fra8ncisHoraceI
咨询消息：None
回复消息：你好！🤝

网站搭建❕定制机器人❕群发软件❕代发广告

👉商务合作联系 @Boss91M1   @Boss91M2
👉官方交流群： @bs91m990

=====================================================

2022-06-25
咨询客户ID：5305973170 → None
咨询消息：None
回复消息：你好！🤝

网站搭建❕定制机器人❕群发软件❕代发广告

👉商务合作联系 @Boss91M1   @Boss91M2
👉官方交流群： @bs91m990

=====================================================

2022-06-25
咨询客户ID：5322203730 → None
咨询消息：None
回复消息：你好！🤝

网站搭建❕定制机器人❕群发软件❕代发广告

👉商务合作联系 @Boss91M1   @Boss91M2
👉官方交流群： @bs91m990

=====================================================

2022-06-25
咨询客户ID：5157493714 → Verificadaz0
咨询消息：None
回复消息：你好！🤝

网站搭建❕定制机器人❕群发软件❕代发广告

👉商务合作联系 @Boss91M1   @Boss91M2
👉官方交流群： @bs91m990

=====================================================

2022-06-25
咨询客户ID：5571423981 → monika172
咨询消息：Hello
回复消息：你好！🤝

网站搭建❕定制机器人❕群发软件❕代发广告

👉商务合作联系 @Boss91M1   @Boss91M2
👉官方交流群： @bs91m990

=====================================================

2022-06-25
咨询客户ID：5571423981 → monika172
咨询消息：Hello
回复消息：你好！🤝

网站搭建❕定制机器人❕群发软件❕代发广告

👉商务合作联系 @Boss91M1   @Boss91M2
👉官方交流群： @bs91m990

=====================================================

2022-06-25
咨询客户ID：5396294445 → None
咨询消息：None
回复消息：你好！🤝

网站搭建❕定制机器人❕群发软件❕代发广告

👉商务合作联系 @Boss91M1   @Boss91M2
👉官方交流群： @bs91m990

=====================================================

2022-06-25
咨询客户ID：5386703991 → None
咨询消息：None
回复消息：你好！🤝

网站搭建❕定制机器人❕群发软件❕代发广告

👉商务合作联系 @Boss91M1   @Boss91M2
👉官方交流群： @bs91m990

=====================================================

2022-06-25
咨询客户ID：5304707236 → None
咨询消息：None
回复消息：你好！🤝

网站搭建❕定制机器人❕群发软件❕代发广告

👉商务合作联系 @Boss91M1   @Boss91M2
👉官方交流群： @bs91m990

=====================================================

2022-06-25
咨询客户ID：5199576323 → None
咨询消息：None
回复消息：你好！🤝

网站搭建❕定制机器人❕群发软件❕代发广告

👉商务合作联系 @Boss91M1   @Boss91M2
👉官方交流群： @bs91m990

=====================================================

2022-06-25
咨询客户ID：5582339160 → None
咨询消息：Olà
回复消息：你好！🤝

网站搭建❕定制机器人❕群发软件❕代发广告

👉商务合作联系 @Boss91M1   @Boss91M2
👉官方交流群： @bs91m990

=====================================================

2022-06-25
咨询客户ID：5582339160 → None
咨询消息：Como vai
回复消息：你好！🤝

网站搭建❕定制机器人❕群发软件❕代发广告

👉商务合作联系 @Boss91M1   @Boss91M2
👉官方交流群： @bs91m990

=====================================================

2022-06-25
咨询客户ID：5582339160 → None
咨询消息：Desculpe desculpas pela abordagem aleatória.  Bem, eu tenho uma oferta de negócios muito lucrativa para qual você pode lucrar aproximadamente 15.000 reais  em uma semana... que eu te provoque sobre como isso?
回复消息：你好！🤝

网站搭建❕定制机器人❕群发软件❕代发广告

👉商务合作联系 @Boss91M1   @Boss91M2
👉官方交流群： @bs91m990

=====================================================

2022-06-25
咨询客户ID：5294735901 → None
咨询消息：None
回复消息：你好！🤝

网站搭建❕定制机器人❕群发软件❕代发广告

👉商务合作联系 @Boss91M1   @Boss91M2
👉官方交流群： @bs91m990

=====================================================

2022-06-25
咨询客户ID：5395731716 → None
咨询消息：None
回复消息：你好！🤝

网站搭建❕定制机器人❕群发软件❕代发广告

👉商务合作联系 @Boss91M1   @Boss91M2
👉官方交流群： @bs91m990

=====================================================

2022-06-25
咨询客户ID：5359523518 → None
咨询消息：None
回复消息：你好！🤝

网站搭建❕定制机器人❕群发软件❕代发广告

👉商务合作联系 @Boss91M1   @Boss91M2
👉官方交流群： @bs91m990

=====================================================

2022-06-25
咨询客户ID：5104551085 → None
咨询消息：None
回复消息：你好！🤝

网站搭建❕定制机器人❕群发软件❕代发广告

👉商务合作联系 @Boss91M1   @Boss91M2
👉官方交流群： @bs91m990

=====================================================

2022-06-25
咨询客户ID：5104551085 → None
咨询消息：Nihau
回复消息：你好！🤝

网站搭建❕定制机器人❕群发软件❕代发广告

👉商务合作联系 @Boss91M1   @Boss91M2
👉官方交流群： @bs91m990

=====================================================

2022-06-25
咨询客户ID：5104551085 → None
咨询消息：??
回复消息：你好！🤝

网站搭建❕定制机器人❕群发软件❕代发广告

👉商务合作联系 @Boss91M1   @Boss91M2
👉官方交流群： @bs91m990

=====================================================

2022-06-25
咨询客户ID：5353848098 → None
咨询消息：None
回复消息：你好！🤝

网站搭建❕定制机器人❕群发软件❕代发广告

👉商务合作联系 @Boss91M1   @Boss91M2
👉官方交流群： @bs91m990

=====================================================

2022-06-25
咨询客户ID：5485197503 → KevDarrenin_ClydeAngelo
咨询消息：1
回复消息：你好！🤝

网站搭建❕定制机器人❕群发软件❕代发广告

👉商务合作联系 @Boss91M1   @Boss91M2
👉官方交流群： @bs91m990

=====================================================

2022-06-25
咨询客户ID：5338869143 → None
咨询消息：None
回复消息：你好！🤝

网站搭建❕定制机器人❕群发软件❕代发广告

👉商务合作联系 @Boss91M1   @Boss91M2
👉官方交流群： @bs91m990

=====================================================

2022-06-25
咨询客户ID：5355148751 → Cavinijeans
咨询消息：None
回复消息：你好！🤝

网站搭建❕定制机器人❕群发软件❕代发广告

👉商务合作联系 @Boss91M1   @Boss91M2
👉官方交流群： @bs91m990

=====================================================

2022-06-25
咨询客户ID：5181504975 → None
咨询消息：Olà
回复消息：你好！🤝

网站搭建❕定制机器人❕群发软件❕代发广告

👉商务合作联系 @Boss91M1   @Boss91M2
👉官方交流群： @bs91m990

=====================================================

2022-06-25
咨询客户ID：5321024292 → None
咨询消息：None
回复消息：你好！🤝

网站搭建❕定制机器人❕群发软件❕代发广告

👉商务合作联系 @Boss91M1   @Boss91M2
👉官方交流群： @bs91m990

=====================================================

2022-06-25
咨询客户ID：5338925627 → QH859
咨询消息：
回复消息：你好！🤝

网站搭建❕定制机器人❕群发软件❕代发广告

👉商务合作联系 @Boss91M1   @Boss91M2
👉官方交流群： @bs91m990

=====================================================

2022-06-25
咨询客户ID：5346162991 → None
咨询消息：None
回复消息：你好！🤝

网站搭建❕定制机器人❕群发软件❕代发广告

👉商务合作联系 @Boss91M1   @Boss91M2
👉官方交流群： @bs91m990

=====================================================

2022-06-25
咨询客户ID：5114472293 → None
咨询消息：
回复消息：你好！🤝

网站搭建❕定制机器人❕群发软件❕代发广告

👉商务合作联系 @Boss91M1   @Boss91M2
👉官方交流群： @bs91m990

=====================================================

2022-06-25
咨询客户ID：5114472293 → None
咨询消息：
回复消息：你好！🤝

网站搭建❕定制机器人❕群发软件❕代发广告

👉商务合作联系 @Boss91M1   @Boss91M2
👉官方交流群： @bs91m990

=====================================================

2022-06-25
咨询客户ID：1983318186 → Sandra707
咨询消息：Hi
回复消息：你好！🤝

网站搭建❕定制机器人❕群发软件❕代发广告

👉商务合作联系 @Boss91M1   @Boss91M2
👉官方交流群： @bs91m990

=====================================================

2022-06-25
咨询客户ID：5149759881 → None
咨询消息：None
回复消息：你好！🤝

网站搭建❕定制机器人❕群发软件❕代发广告

👉商务合作联系 @Boss91M1   @Boss91M2
👉官方交流群： @bs91m990

=====================================================

2022-06-25
咨询客户ID：5136294181 → Marcelio6
咨询消息：Ola
回复消息：你好！🤝

网站搭建❕定制机器人❕群发软件❕代发广告

👉商务合作联系 @Boss91M1   @Boss91M2
👉官方交流群： @bs91m990

=====================================================

2022-06-25
咨询客户ID：5384898216 → None
咨询消息：None
回复消息：你好！🤝

网站搭建❕定制机器人❕群发软件❕代发广告

👉商务合作联系 @Boss91M1   @Boss91M2
👉官方交流群： @bs91m990

=====================================================

2022-06-25
咨询客户ID：5304707236 → None
咨询消息：Oi
回复消息：你好！🤝

网站搭建❕定制机器人❕群发软件❕代发广告

👉商务合作联系 @Boss91M1   @Boss91M2
👉官方交流群： @bs91m990

=====================================================

2022-06-25
咨询客户ID：5141178130 → None
咨询消息：None
回复消息：你好！🤝

网站搭建❕定制机器人❕群发软件❕代发广告

👉商务合作联系 @Boss91M1   @Boss91M2
👉官方交流群： @bs91m990

=====================================================

2022-06-25
咨询客户ID：5181898931 → None
咨询消息：None
回复消息：你好！🤝

网站搭建❕定制机器人❕群发软件❕代发广告

👉商务合作联系 @Boss91M1   @Boss91M2
👉官方交流群： @bs91m990

=====================================================

2022-06-25
咨询客户ID：5121597183 → None
咨询消息：None
回复消息：你好！🤝

网站搭建❕定制机器人❕群发软件❕代发广告

👉商务合作联系 @Boss91M1   @Boss91M2
👉官方交流群： @bs91m990

=====================================================

2022-06-25
咨询客户ID：5196518619 → None
咨询消息：None
回复消息：你好！🤝

网站搭建❕定制机器人❕群发软件❕代发广告

👉商务合作联系 @Boss91M1   @Boss91M2
👉官方交流群： @bs91m990

=====================================================

2022-06-25
咨询客户ID：5561369143 → None
咨询消息：买币|亏钱？合|约爆仓，还|在被资|本|家割韭|菜？
大|小，单|双|高赔，牛|牛|赢率|高|达65%！
试|试|区块|链盲|盒玩|法！百人|会员|在线|赚U中~

💢每天|使用时|间玩|几把，轻轻|松松|赚几百U
💢秒|杀链上|其他|合|约，土狗|币，韭|菜项|目

💥放心玩💥
*交易|区块|哈|希值|生成，完全|随机
*波|场TRON 公|链|随时|可查，任何|人不能篡改

💥放心赢💥
*无须|注册|充值，无须扫码授权，冷|钱包|转链即|投注
*不|担心银|行卡冻|结，盈|利3秒自动到账

地|址公开|可查,资金|充足💵,投|注次数|已突|破十万
🎮更|多玩|法-💹开|奖播报-💁‍♂️在|线客服
https://t.me/dadaummi9999
回复消息：你好！🤝

网站搭建❕定制机器人❕群发软件❕代发广告

👉商务合作联系 @Boss91M1   @Boss91M2
👉官方交流群： @bs91m990

=====================================================

2022-06-25
咨询客户ID：5583742880 → None
咨询消息：
回复消息：你好！🤝

网站搭建❕定制机器人❕群发软件❕代发广告

👉商务合作联系 @Boss91M1   @Boss91M2
👉官方交流群： @bs91m990

=====================================================

2022-06-25
咨询客户ID：5491541487 → None
咨询消息：你有没有买过
回复消息：你好！🤝

网站搭建❕定制机器人❕群发软件❕代发广告

👉商务合作联系 @Boss91M1   @Boss91M2
👉官方交流群： @bs91m990

=====================================================

2022-06-25
咨询客户ID：5139737859 → None
咨询消息：Oi
回复消息：你好！🤝

网站搭建❕定制机器人❕群发软件❕代发广告

👉商务合作联系 @Boss91M1   @Boss91M2
👉官方交流群： @bs91m990

=====================================================

2022-06-25
咨询客户ID：5136431293 → None
咨询消息：None
回复消息：你好！🤝

网站搭建❕定制机器人❕群发软件❕代发广告

👉商务合作联系 @Boss91M1   @Boss91M2
👉官方交流群： @bs91m990

=====================================================

2022-06-25
咨询客户ID：5296712205 → None
咨询消息：None
回复消息：你好！🤝

网站搭建❕定制机器人❕群发软件❕代发广告

👉商务合作联系 @Boss91M1   @Boss91M2
👉官方交流群： @bs91m990

=====================================================

2022-06-25
咨询客户ID：5496011020 → None
咨询消息：币友好 近期都手拿什么币呢？币友好 近期都手拿什么币呢？
回复消息：你好！🤝

网站搭建❕定制机器人❕群发软件❕代发广告

👉商务合作联系 @Boss91M1   @Boss91M2
👉官方交流群： @bs91m990

=====================================================

2022-06-25
咨询客户ID：1951108188 → Tai529
咨询消息：Hi
回复消息：你好！🤝

网站搭建❕定制机器人❕群发软件❕代发广告

👉商务合作联系 @Boss91M1   @Boss91M2
👉官方交流群： @bs91m990

=====================================================

2022-06-25
咨询客户ID：5285265531 → None
咨询消息：None
回复消息：你好！🤝

网站搭建❕定制机器人❕群发软件❕代发广告

👉商务合作联系 @Boss91M1   @Boss91M2
👉官方交流群： @bs91m990

=====================================================

2022-06-25
咨询客户ID：5146254685 → None
咨询消息：None
回复消息：你好！🤝

网站搭建❕定制机器人❕群发软件❕代发广告

👉商务合作联系 @Boss91M1   @Boss91M2
👉官方交流群： @bs91m990

=====================================================

2022-06-25
咨询客户ID：5281419373 → lucasdias197
咨询消息：None
回复消息：你好！🤝

网站搭建❕定制机器人❕群发软件❕代发广告

👉商务合作联系 @Boss91M1   @Boss91M2
👉官方交流群： @bs91m990

=====================================================

2022-06-25
咨询客户ID：5192957803 → Julinha_car
咨询消息：Blx
回复消息：你好！🤝

网站搭建❕定制机器人❕群发软件❕代发广告

👉商务合作联系 @Boss91M1   @Boss91M2
👉官方交流群： @bs91m990

=====================================================

2022-06-25
咨询客户ID：5279428502 → None
咨询消息：白资🔥收下浮USDT🔥
全国🔥送现金上门🚪
玩套路🔥请绕道🔥，三年🔥U商，见招拆招 :✈️：shou6789 欢迎来询
 ◦
回复消息：你好！🤝

网站搭建❕定制机器人❕群发软件❕代发广告

👉商务合作联系 @Boss91M1   @Boss91M2
👉官方交流群： @bs91m990

=====================================================

2022-06-25
咨询客户ID：5157979308 → None
咨询消息：None
回复消息：你好！🤝

网站搭建❕定制机器人❕群发软件❕代发广告

👉商务合作联系 @Boss91M1   @Boss91M2
👉官方交流群： @bs91m990

=====================================================

2022-06-25
咨询客户ID：5131835743 → None
咨询消息：None
回复消息：你好！🤝

网站搭建❕定制机器人❕群发软件❕代发广告

👉商务合作联系 @Boss91M1   @Boss91M2
👉官方交流群： @bs91m990

=====================================================

2022-06-25
咨询客户ID：5502812326 → None
咨询消息：朋友你最近玩什么币?
回复消息：你好！🤝

网站搭建❕定制机器人❕群发软件❕代发广告

👉商务合作联系 @Boss91M1   @Boss91M2
👉官方交流群： @bs91m990

=====================================================

2022-06-25
咨询客户ID：5502812326 → None
咨询消息：朋友你最近玩什么币?
回复消息：你好！🤝

网站搭建❕定制机器人❕群发软件❕代发广告

👉商务合作联系 @Boss91M1   @Boss91M2
👉官方交流群： @bs91m990

=====================================================

2022-06-25
咨询客户ID：5209921163 → None
咨询消息：Hello
回复消息：你好！🤝

网站搭建❕定制机器人❕群发软件❕代发广告

👉商务合作联系 @Boss91M1   @Boss91M2
👉官方交流群： @bs91m990

=====================================================

2022-06-25
咨询客户ID：5114472293 → None
咨询消息：
回复消息：你好！🤝

网站搭建❕定制机器人❕群发软件❕代发广告

👉商务合作联系 @Boss91M1   @Boss91M2
👉官方交流群： @bs91m990

=====================================================

2022-06-25
咨询客户ID：5279428502 → None
咨询消息：白资🔥收下浮USDT🔥
全国🔥送现金上门🚪
玩套路🔥请绕道🔥，三年🔥U商，见招拆招 :✈️：shou6789 欢迎来询
 ◦
回复消息：你好！🤝

网站搭建❕定制机器人❕群发软件❕代发广告

👉商务合作联系 @Boss91M1   @Boss91M2
👉官方交流群： @bs91m990

=====================================================

2022-06-25
咨询客户ID：1951108188 → Tai529
咨询消息：How are you?
回复消息：你好！🤝

网站搭建❕定制机器人❕群发软件❕代发广告

👉商务合作联系 @Boss91M1   @Boss91M2
👉官方交流群： @bs91m990

=====================================================

2022-06-25
咨询客户ID：5131835743 → None
咨询消息：不，謝謝
回复消息：你好！🤝

网站搭建❕定制机器人❕群发软件❕代发广告

👉商务合作联系 @Boss91M1   @Boss91M2
👉官方交流群： @bs91m990

=====================================================

2022-06-25
咨询客户ID：5560259013 → porter1543065140
咨询消息：挑战全网下浮U骗子 
 
 
下浮6个点出黑资USDT 
不影响正常流通和交易所变现 
没接过可以提供测试，支持同台或线上先U 
 
可以消化白资资金，和二道归集 
 
欢迎有实力的老板来！ 
唯TG 飞机 号  USDT5
回复消息：你好！🤝

网站搭建❕定制机器人❕群发软件❕代发广告

👉商务合作联系 @Boss91M1   @Boss91M2
👉官方交流群： @bs91m990

=====================================================

2022-06-25
咨询客户ID：5126680189 → chtptwquxok
咨询消息：② 通道接口:   三方备付金直出
③ 商户限额：1001W/日
④ 出金限额：单笔100-50000
⑤ 充值时间：24H
⑥ 上分时间：到账秒上分                        
⑦ 并发笔数：1000+每分 
⑧ 代付时间：24小时
⑨ 代付模式：API/手工/批量
⑩ 代付到账时间：秒到                          
需要备付金通道加 @dwadwa66
回复消息：你好！🤝

网站搭建❕定制机器人❕群发软件❕代发广告

👉商务合作联系 @Boss91M1   @Boss91M2
👉官方交流群： @bs91m990

=====================================================

2022-06-25
咨询客户ID：5548845622 → None
咨询消息：朋友，现在的行情还有什么好的币在关注嘛互相分享分享
回复消息：你好！🤝

网站搭建❕定制机器人❕群发软件❕代发广告

👉商务合作联系 @Boss91M1   @Boss91M2
👉官方交流群： @bs91m990

=====================================================

2022-06-25
咨询客户ID：5367177140 → None
咨询消息：None
回复消息：你好！🤝

网站搭建❕定制机器人❕群发软件❕代发广告

👉商务合作联系 @Boss91M1   @Boss91M2
👉官方交流群： @bs91m990

=====================================================

2022-06-25
咨询客户ID：5311396581 → shysh550
咨询消息：你好
回复消息：你好！🤝

网站搭建❕定制机器人❕群发软件❕代发广告

👉商务合作联系 @Boss91M1   @Boss91M2
👉官方交流群： @bs91m990