

=====================================================

2022-06-24
咨询客户ID：5448643903 → None
咨询消息：❗Лесенка от 2 000р до 10 000р❗

Здравствуйте, хочу предложить вам  поучаствовать в лесенке на после оплату то есть - я даю ставки абсолютно бесплатно до того как вы не приумножите свой банк от 5 до 6 раз, например если мы начали с суммой 5 000р я довожу эту сумму 
до 25 000 - 30 000 и поделим доход. 

❗не нужно завести новый аккаунт в бк и т.д, можно ставить со своего аккаунта в любом бк❗

✅P.S. надеюсь вы понимаете что поднять банк в 5 раз случайным образом не получится поэтому мне нет смысла обманывать вас потому что до окончания лесенки я не беру ни копейки
回复消息：你好！🤝

网站搭建❕定制机器人❕群发软件❕代发广告

👉商务合作联系 @Boss91M1   @Boss91M2
👉官方交流群： @bs91m990

=====================================================

2022-06-24
咨询客户ID：5140455027 → Poldnik1Adminn
咨询消息：❗️Ребят ставлю с ними уже около недели  и у них очень красивые заходы! 

▪️Прогнозы по линии и в лайве Длительных лузстриков не было. Если бывает минус то сразу перекрывают!

📈Заходите: https://t.me/+h_hmsR5oDag2NjFi
回复消息：你好！🤝

网站搭建❕定制机器人❕群发软件❕代发广告

👉商务合作联系 @Boss91M1   @Boss91M2
👉官方交流群： @bs91m990

=====================================================

2022-06-24
咨询客户ID：5033504408 → None
咨询消息：Ok
回复消息：你好！🤝

网站搭建❕定制机器人❕群发软件❕代发广告

👉商务合作联系 @Boss91M1   @Boss91M2
👉官方交流群： @bs91m990

=====================================================

2022-06-24
咨询客户ID：1816096902 → None
咨询消息：🙈
回复消息：你好！🤝

网站搭建❕定制机器人❕群发软件❕代发广告

👉商务合作联系 @Boss91M1   @Boss91M2
👉官方交流群： @bs91m990

=====================================================

2022-06-24
咨询客户ID：5596827119 → None
咨询消息：客户服务 ，。为了什么？？
回复消息：你好！🤝

网站搭建❕定制机器人❕群发软件❕代发广告

👉商务合作联系 @Boss91M1   @Boss91M2
👉官方交流群： @bs91m990

=====================================================

2022-06-24
咨询客户ID：1927829701 → canberra1916
咨询消息：Hi, we are in the same crypto group FTX Token. I’m a pro trader, and I am posting my forecasts in my own channel. If you are interested, please subscribe and let’s make a fortune together. You can find the link to the channel in my profile info.
回复消息：你好！🤝

网站搭建❕定制机器人❕群发软件❕代发广告

👉商务合作联系 @Boss91M1   @Boss91M2
👉官方交流群： @bs91m990

=====================================================

2022-06-24
咨询客户ID：5305614586 → None
咨询消息：None
回复消息：你好！🤝

网站搭建❕定制机器人❕群发软件❕代发广告

👉商务合作联系 @Boss91M1   @Boss91M2
👉官方交流群： @bs91m990

=====================================================

2022-06-24
咨询客户ID：5570518685 → patriciawelsh
咨询消息：Hello
回复消息：你好！🤝

网站搭建❕定制机器人❕群发软件❕代发广告

👉商务合作联系 @Boss91M1   @Boss91M2
👉官方交流群： @bs91m990

=====================================================

2022-06-24
咨询客户ID：5099580673 → yueyue125
咨询消息：老哥 需要小额支付通道吗
回复消息：你好！🤝

网站搭建❕定制机器人❕群发软件❕代发广告

👉商务合作联系 @Boss91M1   @Boss91M2
👉官方交流群： @bs91m990

=====================================================

2022-06-24
咨询客户ID：1123051040 → judy66ann
咨询消息：My Name is Judy Fankhauser and I don't buy bitcoin, I earn it everyday! Want to know how I make 0.5BTC(3767.44)every 9hours? I will show you if you ask me how.
You can Trade with me an account manager who has the latest software and a reliable broker to suit your needs.. Withdrawal is 100% and fully guaranteed.. With a minimum investment of $100 you will yield meaningful profit.. 
$100 to get $1,500 every 9hours 
$200 to get $2,500 every 9hours 
$300 to get $3,500 every 9hours
$400 to get $4 500 every 9hours
$500 to get $5,500 every 9hours
$600 to get $6,500  every 9hours
$700 to get $7,500  every 9hours
$1000 gives you $10,000 every 9hours

Get back to me so I can tell you more about his invest and how you will get and make money monthly .
回复消息：你好！🤝

网站搭建❕定制机器人❕群发软件❕代发广告

👉商务合作联系 @Boss91M1   @Boss91M2
👉官方交流群： @bs91m990

=====================================================

2022-06-24
咨询客户ID：2055151910 → ChamroeunPenh
咨询消息：Hi
回复消息：你好！🤝

网站搭建❕定制机器人❕群发软件❕代发广告

👉商务合作联系 @Boss91M1   @Boss91M2
👉官方交流群： @bs91m990

=====================================================

2022-06-24
咨询客户ID：2009851136 → None
咨询消息：nobis.
回复消息：你好！🤝

网站搭建❕定制机器人❕群发软件❕代发广告

👉商务合作联系 @Boss91M1   @Boss91M2
👉官方交流群： @bs91m990

=====================================================

2022-06-24
咨询客户ID：5418251045 → vkmemctn6
咨询消息：Ius dicat feugiat no, vix cu modo dicat principes






Vix paulo sanctus scripserit ex, te iriure insolens voluptatum qui








Mandamus abhorreant deseruisse mea at, mea elit deserunt persequeris at, in putant fuisset honestatis qui











Oratio accumsan et mea
回复消息：你好！🤝

网站搭建❕定制机器人❕群发软件❕代发广告

👉商务合作联系 @Boss91M1   @Boss91M2
👉官方交流群： @bs91m990

=====================================================

2022-06-24
咨询客户ID：5337619979 → None
咨询消息：None
回复消息：你好！🤝

网站搭建❕定制机器人❕群发软件❕代发广告

👉商务合作联系 @Boss91M1   @Boss91M2
👉官方交流群： @bs91m990

=====================================================

2022-06-24
咨询客户ID：1391850583 → None
咨询消息：Hello
回复消息：你好！🤝

网站搭建❕定制机器人❕群发软件❕代发广告

👉商务合作联系 @Boss91M1   @Boss91M2
👉官方交流群： @bs91m990

=====================================================

2022-06-24
咨询客户ID：2066936024 → None
咨询消息：Hello
回复消息：你好！🤝

网站搭建❕定制机器人❕群发软件❕代发广告

👉商务合作联系 @Boss91M1   @Boss91M2
👉官方交流群： @bs91m990

=====================================================

2022-06-24
咨询客户ID：1816096902 → None
咨询消息：Q porra é isso
回复消息：你好！🤝

网站搭建❕定制机器人❕群发软件❕代发广告

👉商务合作联系 @Boss91M1   @Boss91M2
👉官方交流群： @bs91m990

=====================================================

2022-06-24
咨询客户ID：5188569464 → sara_Toyi
咨询消息：🥺
回复消息：你好！🤝

网站搭建❕定制机器人❕群发软件❕代发广告

👉商务合作联系 @Boss91M1   @Boss91M2
👉官方交流群： @bs91m990

=====================================================

2022-06-24
咨询客户ID：5303040579 → None
咨询消息：None
回复消息：你好！🤝

网站搭建❕定制机器人❕群发软件❕代发广告

👉商务合作联系 @Boss91M1   @Boss91M2
👉官方交流群： @bs91m990

=====================================================

2022-06-24
咨询客户ID：5092232217 → None
咨询消息：None
回复消息：你好！🤝

网站搭建❕定制机器人❕群发软件❕代发广告

👉商务合作联系 @Boss91M1   @Boss91M2
👉官方交流群： @bs91m990

=====================================================

2022-06-24
咨询客户ID：5115197025 → rosymay000
咨询消息：Hello how are you doing
回复消息：你好！🤝

网站搭建❕定制机器人❕群发软件❕代发广告

👉商务合作联系 @Boss91M1   @Boss91M2
👉官方交流群： @bs91m990

=====================================================

2022-06-24
咨询客户ID：5299439519 → None
咨询消息：None
回复消息：你好！🤝

网站搭建❕定制机器人❕群发软件❕代发广告

👉商务合作联系 @Boss91M1   @Boss91M2
👉官方交流群： @bs91m990

=====================================================

2022-06-24
咨询客户ID：2109300092 → None
咨询消息：🎲 Voici ton lien de parrainage à envoyer à tes amis pour gagner de l’argent ! ⚙️ ⬇️

https://t.me/Mooooonneybot?start=Bot8505803

🚀 Tu as actuellement: 0 membres parrainés dans ton équipe👥 

♻️ Tu gagne 3000 FCFA pour chaque personne parrainer 

🎱 NB: Le Parrainage est obligatoire juste 17 personnes 

✅ Tu peux demander un retrait à partir de 50 000 FCFA! 🛸
回复消息：你好！🤝

网站搭建❕定制机器人❕群发软件❕代发广告

👉商务合作联系 @Boss91M1   @Boss91M2
👉官方交流群： @bs91m990

=====================================================

2022-06-24
咨询客户ID：5140699857 → AndreaElvin6286
咨询消息：Hello
回复消息：你好！🤝

网站搭建❕定制机器人❕群发软件❕代发广告

👉商务合作联系 @Boss91M1   @Boss91M2
👉官方交流群： @bs91m990

=====================================================

2022-06-24
咨询客户ID：5095584033 → LindaMKilroy
咨询消息：Hi dear
回复消息：你好！🤝

网站搭建❕定制机器人❕群发软件❕代发广告

👉商务合作联系 @Boss91M1   @Boss91M2
👉官方交流群： @bs91m990

=====================================================

2022-06-24
咨询客户ID：5218404390 → None
咨询消息：None
回复消息：你好！🤝

网站搭建❕定制机器人❕群发软件❕代发广告

👉商务合作联系 @Boss91M1   @Boss91M2
👉官方交流群： @bs91m990

=====================================================

2022-06-24
咨询客户ID：5213832947 → Charles_405
咨询消息：Hi
回复消息：你好！🤝

网站搭建❕定制机器人❕群发软件❕代发广告

👉商务合作联系 @Boss91M1   @Boss91M2
👉官方交流群： @bs91m990

=====================================================

2022-06-24
咨询客户ID：5286557931 → None
咨询消息：None
回复消息：你好！🤝

网站搭建❕定制机器人❕群发软件❕代发广告

👉商务合作联系 @Boss91M1   @Boss91M2
👉官方交流群： @bs91m990

=====================================================

2022-06-24
咨询客户ID：5198475926 → None
咨询消息：None
回复消息：你好！🤝

网站搭建❕定制机器人❕群发软件❕代发广告

👉商务合作联系 @Boss91M1   @Boss91M2
👉官方交流群： @bs91m990

=====================================================

2022-06-24
咨询客户ID：1922063258 → Lucy3132
咨询消息：Hi mate I've a marketing proposal for you I can get you listed in 24hrs on blockfolio
回复消息：你好！🤝

网站搭建❕定制机器人❕群发软件❕代发广告

👉商务合作联系 @Boss91M1   @Boss91M2
👉官方交流群： @bs91m990

=====================================================

2022-06-24
咨询客户ID：5077491403 → bennett_self
咨询消息：Hello
回复消息：你好！🤝

网站搭建❕定制机器人❕群发软件❕代发广告

👉商务合作联系 @Boss91M1   @Boss91M2
👉官方交流群： @bs91m990

=====================================================

2022-06-24
咨询客户ID：5273011997 → None
咨询消息：None
回复消息：你好！🤝

网站搭建❕定制机器人❕群发软件❕代发广告

👉商务合作联系 @Boss91M1   @Boss91M2
👉官方交流群： @bs91m990

=====================================================

2022-06-24
咨询客户ID：5239070613 → None
咨询消息：None
回复消息：你好！🤝

网站搭建❕定制机器人❕群发软件❕代发广告

👉商务合作联系 @Boss91M1   @Boss91M2
👉官方交流群： @bs91m990

=====================================================

2022-06-24
咨询客户ID：5073057280 → AbdirahamAshur
咨询消息：Hello
回复消息：你好！🤝

网站搭建❕定制机器人❕群发软件❕代发广告

👉商务合作联系 @Boss91M1   @Boss91M2
👉官方交流群： @bs91m990

=====================================================

2022-06-24
咨询客户ID：5136354165 → None
咨询消息：None
回复消息：你好！🤝

网站搭建❕定制机器人❕群发软件❕代发广告

👉商务合作联系 @Boss91M1   @Boss91M2
👉官方交流群： @bs91m990

=====================================================

2022-06-24
咨询客户ID：5074225610 → liselotte147
咨询消息：Hello
回复消息：你好！🤝

网站搭建❕定制机器人❕群发软件❕代发广告

👉商务合作联系 @Boss91M1   @Boss91M2
👉官方交流群： @bs91m990

=====================================================

2022-06-24
咨询客户ID：5060615532 → None
咨询消息：Hello
回复消息：你好！🤝

网站搭建❕定制机器人❕群发软件❕代发广告

👉商务合作联系 @Boss91M1   @Boss91M2
👉官方交流群： @bs91m990

=====================================================

2022-06-24
咨询客户ID：5130132738 → None
咨询消息：None
回复消息：你好！🤝

网站搭建❕定制机器人❕群发软件❕代发广告

👉商务合作联系 @Boss91M1   @Boss91M2
👉官方交流群： @bs91m990

=====================================================

2022-06-24
咨询客户ID：5043894016 → None
咨询消息：None
回复消息：你好！🤝

网站搭建❕定制机器人❕群发软件❕代发广告

👉商务合作联系 @Boss91M1   @Boss91M2
👉官方交流群： @bs91m990

=====================================================

2022-06-24
咨询客户ID：5058498129 → katiefreya
咨询消息：Hi
回复消息：你好！🤝

网站搭建❕定制机器人❕群发软件❕代发广告

👉商务合作联系 @Boss91M1   @Boss91M2
👉官方交流群： @bs91m990

=====================================================

2022-06-24
咨询客户ID：5035699191 → None
咨询消息：None
回复消息：你好！🤝

网站搭建❕定制机器人❕群发软件❕代发广告

👉商务合作联系 @Boss91M1   @Boss91M2
👉官方交流群： @bs91m990

=====================================================

2022-06-24
咨询客户ID：2053251631 → None
咨询消息：você não pode ser um milionário enquanto é apenas um ganhador de salário, a maioria dos ricos não ganha com o salário, eles ganham com o investimento e se tornam bem-sucedidos, eu conheço uma plataforma que pode te fazer bem-sucedido, eu tentei  eu mesmo e está funcionando, clique no link para entrar na plataforma e veja 👇👇👇👇
https://t.me/+-Iq1YjQa1Wk4MDY0
回复消息：你好！🤝

网站搭建❕定制机器人❕群发软件❕代发广告

👉商务合作联系 @Boss91M1   @Boss91M2
👉官方交流群： @bs91m990

=====================================================

2022-06-24
咨询客户ID：2140890065 → None
咨询消息：😝
回复消息：你好！🤝

网站搭建❕定制机器人❕群发软件❕代发广告

👉商务合作联系 @Boss91M1   @Boss91M2
👉官方交流群： @bs91m990

=====================================================

2022-06-24
咨询客户ID：2015204591 → Jasiel_Bernard
咨询消息：Hello... I am  a Graphic and Video Designer🎥🎞. I can make Logos, promotional/presentation videos, videos on how to buy tokens, videos about your website and intro logos video and other designs such as Banner, moving banners and stickers. I am here to offer this service for your Website or project.

😎This is a great Resolution for you to see.. this is 4k Resolution😎

dm me and I have an example for you to see...🎥🎥
--------------------------------------------------
You can add me to your contacts and feel free to dm me anytime if you need it. 🌹
回复消息：你好！🤝

网站搭建❕定制机器人❕群发软件❕代发广告

👉商务合作联系 @Boss91M1   @Boss91M2
👉官方交流群： @bs91m990

=====================================================

2022-06-24
咨询客户ID：2119842419 → xyzmarianna
咨询消息：Helo
回复消息：你好！🤝

网站搭建❕定制机器人❕群发软件❕代发广告

👉商务合作联系 @Boss91M1   @Boss91M2
👉官方交流群： @bs91m990

=====================================================

2022-06-24
咨询客户ID：5086309282 → Eileen_alp
咨询消息：hi
回复消息：你好！🤝

网站搭建❕定制机器人❕群发软件❕代发广告

👉商务合作联系 @Boss91M1   @Boss91M2
👉官方交流群： @bs91m990

=====================================================

2022-06-24
咨询客户ID：2073069660 → None
咨询消息：None
回复消息：你好！🤝

网站搭建❕定制机器人❕群发软件❕代发广告

👉商务合作联系 @Boss91M1   @Boss91M2
👉官方交流群： @bs91m990

=====================================================

2022-06-24
咨询客户ID：2089770595 → Camilefromworld
咨询消息：😝
回复消息：你好！🤝

网站搭建❕定制机器人❕群发软件❕代发广告

👉商务合作联系 @Boss91M1   @Boss91M2
👉官方交流群： @bs91m990

=====================================================

2022-06-24
咨询客户ID：1816096902 → None
咨询消息：👍
回复消息：你好！🤝

网站搭建❕定制机器人❕群发软件❕代发广告

👉商务合作联系 @Boss91M1   @Boss91M2
👉官方交流群： @bs91m990

=====================================================

2022-06-24
咨询客户ID：2144444358 → None
咨询消息：None
回复消息：你好！🤝

网站搭建❕定制机器人❕群发软件❕代发广告

👉商务合作联系 @Boss91M1   @Boss91M2
👉官方交流群： @bs91m990

=====================================================

2022-06-24
咨询客户ID：1921101221 → mmjmrs
咨询消息：None
回复消息：你好！🤝

网站搭建❕定制机器人❕群发软件❕代发广告

👉商务合作联系 @Boss91M1   @Boss91M2
👉官方交流群： @bs91m990

=====================================================

2022-06-24
咨询客户ID：1926069834 → None
咨询消息：None
回复消息：你好！🤝

网站搭建❕定制机器人❕群发软件❕代发广告

👉商务合作联系 @Boss91M1   @Boss91M2
👉官方交流群： @bs91m990

=====================================================

2022-06-24
咨询客户ID：5221040703 → weipeiyong
咨询消息：
回复消息：你好！🤝

网站搭建❕定制机器人❕群发软件❕代发广告

👉商务合作联系 @Boss91M1   @Boss91M2
👉官方交流群： @bs91m990

=====================================================

2022-06-24
咨询客户ID：5473987225 → None
咨询消息：🥕⚔🦊++【放心赢】【博|U】娛樂城
无须注|册充|值，无须扫|码授|权，
冷|钱包转链即投|注，盈|利1秒自动到账

⚔️全網最高賠率1賠2，平台無抽取任何油費
🐮业内最专业的哈|希娛樂城，无须授|权充|值
🐮地|址公开可查，资金充足，投|注次数已突破十万+

https://t.me/haminakk998
冷|钱包下|注1秒结算，百人在线火熱賺U中~
🎮更多玩|法-💹开|奖播报-💁‍♂️在线客|服
🥕️🦊
回复消息：你好！🤝

网站搭建❕定制机器人❕群发软件❕代发广告

👉商务合作联系 @Boss91M1   @Boss91M2
👉官方交流群： @bs91m990

=====================================================

2022-06-24
咨询客户ID：5471434847 → Chester_kenlsTheod2oreCN
咨询消息：📌鼎盛集团-鑫银河pc28 5.0流水群震撼来袭
🎉🎉新人首充活动🎉🎉
🎁50u送18
🎁100U送58U
🎁300u送88u
🎁500u送188u
🎁1000送288u
🎁2000u送488u
⭕️参加活动需要5倍流水下分的，下注20%组合，不参加任何活动，随时上下分没有限制的
❌（参加本活动如发现涉嫌套取福利，本集团将扣除你
盈利的金额和扣取彩金）
⭕️新人可以连续参加（3）天新人首冲活动 
⭕️当日如参加新人活动，不可同时参加每日活动
详情请联系: @xiaotao07242
回复消息：你好！🤝

网站搭建❕定制机器人❕群发软件❕代发广告

👉商务合作联系 @Boss91M1   @Boss91M2
👉官方交流群： @bs91m990

=====================================================

2022-06-24
咨询客户ID：5581280635 → None
咨询消息：老板，您好，在忙吗？
回复消息：你好！🤝

网站搭建❕定制机器人❕群发软件❕代发广告

👉商务合作联系 @Boss91M1   @Boss91M2
👉官方交流群： @bs91m990

=====================================================

2022-06-24
咨询客户ID：5581280635 → None
咨询消息：WG哈希 
新人福利，免费赠送TRX
全网实力+信誉的标杆
诚招实力代理，享受流水返佣+空股分红20%起
加入我们，得到您想得到的生活 ！！！
详情咨询集团客服：@WG1011
详情咨询集团客服：@WGhash107
回复消息：你好！🤝

网站搭建❕定制机器人❕群发软件❕代发广告

👉商务合作联系 @Boss91M1   @Boss91M2
👉官方交流群： @bs91m990

=====================================================

2022-06-24
咨询客户ID：5422442936 → None
咨询消息：
回复消息：你好！🤝

网站搭建❕定制机器人❕群发软件❕代发广告

👉商务合作联系 @Boss91M1   @Boss91M2
👉官方交流群： @bs91m990

=====================================================

2022-06-24
咨询客户ID：1805833636 → chloe_becker
咨询消息：如果您可以向我解释，平台是什么？
回复消息：你好！🤝

网站搭建❕定制机器人❕群发软件❕代发广告

👉商务合作联系 @Boss91M1   @Boss91M2
👉官方交流群： @bs91m990

=====================================================

2022-06-24
咨询客户ID：5559687451 → None
咨询消息：http://2.131278.com  
限时
回复消息：你好！🤝

网站搭建❕定制机器人❕群发软件❕代发广告

👉商务合作联系 @Boss91M1   @Boss91M2
👉官方交流群： @bs91m990

=====================================================

2022-06-24
咨询客户ID：5595163097 → barbara_4933oq
咨询消息：ddd没事耍一耍！三轮变宝马！害怕杀猪盘？A1带你玩！
要问为何在这玩？全网最好福利盘！
一天到晚收益低？联系客服领福利：ASASD123123<添加领活动>
新人前五局体验~赢了您拿走输了平台报各种新人福利等你造！
回复消息：你好！🤝

网站搭建❕定制机器人❕群发软件❕代发广告

👉商务合作联系 @Boss91M1   @Boss91M2
👉官方交流群： @bs91m990

=====================================================

2022-06-24
咨询客户ID：5530478990 → None
咨询消息：
回复消息：你好！🤝

网站搭建❕定制机器人❕群发软件❕代发广告

👉商务合作联系 @Boss91M1   @Boss91M2
👉官方交流群： @bs91m990

=====================================================

2022-06-24
咨询客户ID：5390107860 → dashi1133
咨询消息：1
回复消息：你好！🤝

网站搭建❕定制机器人❕群发软件❕代发广告

👉商务合作联系 @Boss91M1   @Boss91M2
👉官方交流群： @bs91m990

=====================================================

2022-06-24
咨询客户ID：5595212432 → None
咨询消息：哥哥你好  喜欢美女吗  我可以给你介绍美女认识认识 看妹妹 玩点刺激的哟
回复消息：你好！🤝

网站搭建❕定制机器人❕群发软件❕代发广告

👉商务合作联系 @Boss91M1   @Boss91M2
👉官方交流群： @bs91m990

=====================================================

2022-06-24
咨询客户ID：5189664404 → Lightz79
咨询消息：
回复消息：你好！🤝

网站搭建❕定制机器人❕群发软件❕代发广告

👉商务合作联系 @Boss91M1   @Boss91M2
👉官方交流群： @bs91m990

=====================================================

2022-06-24
咨询客户ID：5563310540 → None
咨询消息：高价收购政府部门、军队部队内部信息文件、有兴趣详谈、绝对安全、价钱满意
回复消息：你好！🤝

网站搭建❕定制机器人❕群发软件❕代发广告

👉商务合作联系 @Boss91M1   @Boss91M2
👉官方交流群： @bs91m990

=====================================================

2022-06-24
咨询客户ID：5481909926 → cool_water5115
咨询消息：你好
回复消息：你好！🤝

网站搭建❕定制机器人❕群发软件❕代发广告

👉商务合作联系 @Boss91M1   @Boss91M2
👉官方交流群： @bs91m990

=====================================================

2022-06-24
咨询客户ID：1671123698 → xiaoliduanxin
咨询消息：老板需要短信群发嘛
回复消息：你好！🤝

网站搭建❕定制机器人❕群发软件❕代发广告

👉商务合作联系 @Boss91M1   @Boss91M2
👉官方交流群： @bs91m990

=====================================================

2022-06-24
咨询客户ID：5279428502 → None
咨询消息：您好，全国上🚪収úsdt
现金收@shou6789
回复消息：你好！🤝

网站搭建❕定制机器人❕群发软件❕代发广告

👉商务合作联系 @Boss91M1   @Boss91M2
👉官方交流群： @bs91m990

=====================================================

2022-06-24
咨询客户ID：5455088976 → None
咨询消息：شن نفهم نا مثلا؟
回复消息：你好！🤝

网站搭建❕定制机器人❕群发软件❕代发广告

👉商务合作联系 @Boss91M1   @Boss91M2
👉官方交流群： @bs91m990

=====================================================

2022-06-24
咨询客户ID：5176458674 → None
咨询消息：Olá
回复消息：你好！🤝

网站搭建❕定制机器人❕群发软件❕代发广告

👉商务合作联系 @Boss91M1   @Boss91M2
👉官方交流群： @bs91m990

=====================================================

2022-06-24
咨询客户ID：5462420203 → None
咨询消息：
回复消息：你好！🤝

网站搭建❕定制机器人❕群发软件❕代发广告

👉商务合作联系 @Boss91M1   @Boss91M2
👉官方交流群： @bs91m990