

=====================================================

2022-06-26
咨询客户ID：5427979013 → trompisch
咨询消息：Hi
回复消息：你好！🤝

网站搭建❕定制机器人❕群发软件❕代发广告

👉商务合作联系 @Boss91M1   @Boss91M2
👉官方交流群： @bs91m990

=====================================================

2022-06-26
咨询客户ID：5427979013 → trompisch
咨询消息：How are you doing
回复消息：你好！🤝

网站搭建❕定制机器人❕群发软件❕代发广告

👉商务合作联系 @Boss91M1   @Boss91M2
👉官方交流群： @bs91m990

=====================================================

2022-06-26
咨询客户ID：5018490240 → None
咨询消息：嗨，你好！❤️
云.顶.哈.希.娱.乐.城
秒.開.奖⭐️秒.到.账
 💯前.三.局.包.賠.豪.送.各.种.红.包。福.利   
實地賭廳  📱線上投注
信譽品牌  💰資金保障
https://bit.ly/39SD5EI
🔥詳情請聯繫24h客服🔥
     @ydhaxi

‰ЇеҐЅè‰Їе„è‰Їе„еҐЅè
回复消息：你好！🤝

网站搭建❕定制机器人❕群发软件❕代发广告

👉商务合作联系 @Boss91M1   @Boss91M2
👉官方交流群： @bs91m990

=====================================================

2022-06-26
咨询客户ID：5533727478 → None
咨询消息：这个神秘出海技术大佬圈，今日限时免费开放，邀请链接23:59后失效！
👉https://t.me/+evylIMqcWKY1MDc1
回复消息：你好！🤝

网站搭建❕定制机器人❕群发软件❕代发广告

👉商务合作联系 @Boss91M1   @Boss91M2
👉官方交流群： @bs91m990

=====================================================

2022-06-26
咨询客户ID：5585441278 → JackSparro9099
咨询消息：极达国际
中菲空海运，空运低至550/kg，48时效，
（不限物品，不限地址）首单-20
回国机票一条龙，香港中转回国稳定出票
各国入菲保关一条龙
菲律宾各类签证，房产租售
飞机：@jidawuliu
回复消息：你好！🤝

网站搭建❕定制机器人❕群发软件❕代发广告

👉商务合作联系 @Boss91M1   @Boss91M2
👉官方交流群： @bs91m990

=====================================================

2022-06-26
咨询客户ID：2046865271 → nurbatrisyamusa
咨询消息：这个神秘出海技术大佬圈，今日限时免费开放，邀请链接23:59后失效！
👉https://t.me/+-KlLayHDH7JhM2Fl
回复消息：你好！🤝

网站搭建❕定制机器人❕群发软件❕代发广告

👉商务合作联系 @Boss91M1   @Boss91M2
👉官方交流群： @bs91m990

=====================================================

2022-06-26
咨询客户ID：5585512553 → ubgtskyxbrvww
咨询消息：② 通道接口:   三方备付金直出
③ 商户限额：1001W/日
④ 出金限额：单笔100-50000
⑤ 充值时间：24H
⑥ 上分时间：到账秒上分                        
⑦ 并发笔数：1000+每分 
⑧ 代付时间：24小时
⑨ 代付模式：API/手工/批量
⑩ 代付到账时间：秒到                          
需要备付金通道加 @dwadwa66
回复消息：你好！🤝

网站搭建❕定制机器人❕群发软件❕代发广告

👉商务合作联系 @Boss91M1   @Boss91M2
👉官方交流群： @bs91m990

=====================================================

2022-06-26
咨询客户ID：5487972362 → None
咨询消息：这个神秘出海技术大佬圈，今日限时免费开放，邀请链接23:59后失效！
👉https://t.me/+evylIMqcWKY1MDc1
回复消息：你好！🤝

网站搭建❕定制机器人❕群发软件❕代发广告

👉商务合作联系 @Boss91M1   @Boss91M2
👉官方交流群： @bs91m990

=====================================================

2022-06-26
咨询客户ID：5597714027 → uxgZOdfdf168
咨询消息：这个神秘出海技术大佬圈，今日限时免费开放，邀请链接23:59后失效！
👉https://t.me/+evylIMqcWKY1MDc1
回复消息：你好！🤝

网站搭建❕定制机器人❕群发软件❕代发广告

👉商务合作联系 @Boss91M1   @Boss91M2
👉官方交流群： @bs91m990

=====================================================

2022-06-26
咨询客户ID：5192129329 → None
咨询消息：哥哥你好~哥哥喜歡性感妹妹嗎~我帶你玩刺激的哦~~
回复消息：你好！🤝

网站搭建❕定制机器人❕群发软件❕代发广告

👉商务合作联系 @Boss91M1   @Boss91M2
👉官方交流群： @bs91m990

=====================================================

2022-06-26
咨询客户ID：5122947254 → None
咨询消息：´థ౪థσ你假期竟然没胖  
http://4645.nl
回复消息：你好！🤝

网站搭建❕定制机器人❕群发软件❕代发广告

👉商务合作联系 @Boss91M1   @Boss91M2
👉官方交流群： @bs91m990

=====================================================

2022-06-26
咨询客户ID：5560462271 → Ren66752
咨询消息：极达国际
中菲空海运，空运低至550/kg，48时效，
（不限物品，不限地址）首单-20
回国机票一条龙，香港中转回国稳定出票
各国入菲保关一条龙
菲律宾各类签证，房产租售
飞机：@jidawuliu
回复消息：你好！🤝

网站搭建❕定制机器人❕群发软件❕代发广告

👉商务合作联系 @Boss91M1   @Boss91M2
👉官方交流群： @bs91m990

=====================================================

2022-06-26
咨询客户ID：5433314385 → BrianRhode314425
咨询消息：全网悬赏：陈峰，福建安溪人，前西港黄金城股东，忽悠十几个股东出资，员工200人无薪资出力，构建资金盘滚雪球达5亿元，掏空资金外逃，留下负债公司员工的人渣事迹。现曝光福建安溪陈峰做过的烂事，频道附带陈峰夫妇护照、照片、转账记录，视频记录，他目前还在东南亚，兄弟们留意一下 也许他就在你身边，提供有效信息，获取5-20万U悬赏金！！！
回复消息：你好！🤝

网站搭建❕定制机器人❕群发软件❕代发广告

👉商务合作联系 @Boss91M1   @Boss91M2
👉官方交流群： @bs91m990

=====================================================

2022-06-26
咨询客户ID：5588923022 → None
咨询消息：返氷八个点  
http://4645.nl
回复消息：你好！🤝

网站搭建❕定制机器人❕群发软件❕代发广告

👉商务合作联系 @Boss91M1   @Boss91M2
👉官方交流群： @bs91m990

=====================================================

2022-06-26
咨询客户ID：5330417771 → None
咨询消息：嗨，你好！❤️
云.顶.哈.希.娱.乐.城
秒.開.奖⭐️秒.到.账
 💯前.三.局.包.賠.豪.送.各.种.红.包。福.利   
實地賭廳  📱線上投注
信譽品牌  💰資金保障
https://bit.ly/39SD5EI
🔥詳情請聯繫24h客服🔥
     @ydhaxi

‰ЇеҐЅè‰Їе„è‰Їе„еҐЅè
回复消息：你好！🤝

网站搭建❕定制机器人❕群发软件❕代发广告

👉商务合作联系 @Boss91M1   @Boss91M2
👉官方交流群： @bs91m990

=====================================================

2022-06-26
咨询客户ID：5184785962 → None
咨询消息：❤️嗨，你好！
云.顶.哈.希.娱.乐.城
秒.開.奖⭐️秒.到.账
 💯前.三.局.包.賠.豪.送.各.种.红.包。福.利   
實地賭廳  📱線上投注
信譽品牌  💰資金保障
https://bit.ly/39NfTrL
🔥詳情請聯繫24h客服🔥
t.me/ydhaxi
‰ЇеҐЅè‰Їе„¢ه¤چ
回复消息：你好！🤝

网站搭建❕定制机器人❕群发软件❕代发广告

👉商务合作联系 @Boss91M1   @Boss91M2
👉官方交流群： @bs91m990

=====================================================

2022-06-26
咨询客户ID：5307119484 → None
咨询消息：嗨，你好！❤️
云.顶.哈.希.娱.乐.城
秒.開.奖⭐️秒.到.账
 💯前.三.局.包.賠.豪.送.各.种.红.包。福.利   
實地賭廳  📱線上投注
信譽品牌  💰資金保障
https://bit.ly/39SD5EI
🔥詳情請聯繫24h客服🔥
     @ydhaxi

‰ЇеҐЅè‰Їе„è‰Їе„еҐЅè
回复消息：你好！🤝

网站搭建❕定制机器人❕群发软件❕代发广告

👉商务合作联系 @Boss91M1   @Boss91M2
👉官方交流群： @bs91m990

=====================================================

2022-06-26
咨询客户ID：5330417771 → None
咨询消息：嗨，你好！❤️
云.顶.哈.希.娱.乐.城
秒.開.奖⭐️秒.到.账
 💯前.三.局.包.賠.豪.送.各.种.红.包。福.利   
實地賭廳  📱線上投注
信譽品牌  💰資金保障
https://bit.ly/39SD5EI
🔥詳情請聯繫24h客服🔥
     @ydhaxi

‰ЇеҐЅè‰Їе„è‰Їе„еҐЅè
回复消息：你好！🤝

网站搭建❕定制机器人❕群发软件❕代发广告

👉商务合作联系 @Boss91M1   @Boss91M2
👉官方交流群： @bs91m990

=====================================================

2022-06-26
咨询客户ID：5486681429 → None
咨询消息：´థ౪థσ你假期竟然没胖  
http://4645.nl
回复消息：你好！🤝

网站搭建❕定制机器人❕群发软件❕代发广告

👉商务合作联系 @Boss91M1   @Boss91M2
👉官方交流群： @bs91m990

=====================================================

2022-06-26
咨询客户ID：5286224857 → None
咨询消息：嗨，你好！❤️
云.顶.哈.希.娱.乐.城
秒.開.奖⭐️秒.到.账
 💯前.三.局.包.賠.豪.送.各.种.红.包。福.利   
實地賭廳  📱線上投注
信譽品牌  💰資金保障
https://bit.ly/39SD5EI
🔥詳情請聯繫24h客服🔥
     @ydhaxi

‰ЇеҐЅè‰Їе„è‰Їе„еҐЅè
回复消息：你好！🤝

网站搭建❕定制机器人❕群发软件❕代发广告

👉商务合作联系 @Boss91M1   @Boss91M2
👉官方交流群： @bs91m990

=====================================================

2022-06-26
咨询客户ID：5536917612 → None
咨询消息：这个神秘出海技术大佬圈，今日限时免费开放，邀请链接23:59后失效！
👉https://t.me/+evylIMqcWKY1MDc1
回复消息：你好！🤝

网站搭建❕定制机器人❕群发软件❕代发广告

👉商务合作联系 @Boss91M1   @Boss91M2
👉官方交流群： @bs91m990

=====================================================

2022-06-26
咨询客户ID：5443502197 → None
咨询消息：返氷八个点  
http://6919.nl
回复消息：你好！🤝

网站搭建❕定制机器人❕群发软件❕代发广告

👉商务合作联系 @Boss91M1   @Boss91M2
👉官方交流群： @bs91m990

=====================================================

2022-06-26
咨询客户ID：5214603640 → None
咨询消息：´థ౪థσ你假期竟然没胖  
http://4645.nl
回复消息：你好！🤝

网站搭建❕定制机器人❕群发软件❕代发广告

👉商务合作联系 @Boss91M1   @Boss91M2
👉官方交流群： @bs91m990

=====================================================

2022-06-26
咨询客户ID：5163969631 → None
咨询消息：´థ౪థσ你假期竟然没胖  
http://4645.nl
回复消息：你好！🤝

网站搭建❕定制机器人❕群发软件❕代发广告

👉商务合作联系 @Boss91M1   @Boss91M2
👉官方交流群： @bs91m990

=====================================================

2022-06-26
咨询客户ID：5415708450 → None
咨询消息：How are you
回复消息：你好！🤝

网站搭建❕定制机器人❕群发软件❕代发广告

👉商务合作联系 @Boss91M1   @Boss91M2
👉官方交流群： @bs91m990

=====================================================

2022-06-26
咨询客户ID：5407322321 → zxKFrojafyzyj38
咨询消息：sfl🪐火星-H-A-S-H-平台🪐
✨-市上最火-区-块-链-技-术 ✨
多達7️⃣種 遊-戲-簡單 3️⃣秒自動-返-獎
🔥我讓你，-暴--富-，-公-平-安-全-🔥
   🎀 美女专人:@baby5225🎀
回复消息：你好！🤝

网站搭建❕定制机器人❕群发软件❕代发广告

👉商务合作联系 @Boss91M1   @Boss91M2
👉官方交流群： @bs91m990

=====================================================

2022-06-26
咨询客户ID：5333938834 → None
咨询消息：嗨，你好！❤️
云.顶.哈.希.娱.乐.城
秒.開.奖⭐️秒.到.账
 💯前.三.局.包.賠.豪.送.各.种.红.包。福.利   
實地賭廳  📱線上投注
信譽品牌  💰資金保障
https://bit.ly/39SD5EI
🔥詳情請聯繫24h客服🔥
     @ydhaxi

‰ЇеҐЅè‰Їе„è‰Їе„еҐЅè
回复消息：你好！🤝

网站搭建❕定制机器人❕群发软件❕代发广告

👉商务合作联系 @Boss91M1   @Boss91M2
👉官方交流群： @bs91m990

=====================================================

2022-06-26
咨询客户ID：5512924142 → None
咨询消息：这个神秘出海技术大佬圈，今日限时免费开放，邀请链接23:59后失效！
👉https://t.me/+evylIMqcWKY1MDc1
回复消息：你好！🤝

网站搭建❕定制机器人❕群发软件❕代发广告

👉商务合作联系 @Boss91M1   @Boss91M2
👉官方交流群： @bs91m990

=====================================================

2022-06-26
咨询客户ID：5503307509 → Parkashg457
咨询消息：极达国际
中菲空海运，空运低至550/kg，48时效，
（不限物品，不限地址）首单-20
回国机票一条龙，香港中转回国稳定出票
各国入菲保关一条龙
菲律宾各类签证，房产租售
飞机：@jidawuliu
回复消息：你好！🤝

网站搭建❕定制机器人❕群发软件❕代发广告

👉商务合作联系 @Boss91M1   @Boss91M2
👉官方交流群： @bs91m990

=====================================================

2022-06-26
咨询客户ID：5047490928 → None
咨询消息：这个神秘出海技术大佬圈，今日限时免费开放，邀请链接23:59后失效！
👉https://t.me/+evylIMqcWKY1MDc1
回复消息：你好！🤝

网站搭建❕定制机器人❕群发软件❕代发广告

👉商务合作联系 @Boss91M1   @Boss91M2
👉官方交流群： @bs91m990

=====================================================

2022-06-26
咨询客户ID：1951511003 → None
咨询消息：这个神秘出海技术大佬圈，今日限时免费开放，邀请链接23:59后失效！
👉https://t.me/+evylIMqcWKY1MDc1
回复消息：你好！🤝

网站搭建❕定制机器人❕群发软件❕代发广告

👉商务合作联系 @Boss91M1   @Boss91M2
👉官方交流群： @bs91m990

=====================================================

2022-06-26
咨询客户ID：5544398787 → BuiVan1933
咨询消息：🔜💌    @ru71ru
回复消息：你好！🤝

网站搭建❕定制机器人❕群发软件❕代发广告

👉商务合作联系 @Boss91M1   @Boss91M2
👉官方交流群： @bs91m990

=====================================================

2022-06-26
咨询客户ID：5234923937 → None
咨询消息：九馆娱乐??加拿大Pc28
☘️2.5%+5%（10000流水反250，负盈利5%） 
☘️首冲好礼 笔笔送彩金！
欢迎老板前来爆庄！
导航：@jiuguan3_bot
(手机端打开即可进入）☘️
回复消息：你好！🤝

网站搭建❕定制机器人❕群发软件❕代发广告

👉商务合作联系 @Boss91M1   @Boss91M2
👉官方交流群： @bs91m990

=====================================================

2022-06-26
咨询客户ID：5588796982 → Alida105055813
咨询消息：https://t.me/HASHOBBD/107
回复消息：你好！🤝

网站搭建❕定制机器人❕群发软件❕代发广告

👉商务合作联系 @Boss91M1   @Boss91M2
👉官方交流群： @bs91m990

=====================================================

2022-06-26
咨询客户ID：1846441602 → None
咨询消息：None
回复消息：你好！🤝

网站搭建❕定制机器人❕群发软件❕代发广告

👉商务合作联系 @Boss91M1   @Boss91M2
👉官方交流群： @bs91m990

=====================================================

2022-06-26
咨询客户ID：5561383692 → None
咨询消息：老板你好，最近还在玩币吗
回复消息：你好！🤝

网站搭建❕定制机器人❕群发软件❕代发广告

👉商务合作联系 @Boss91M1   @Boss91M2
👉官方交流群： @bs91m990

=====================================================

2022-06-26
咨询客户ID：5487803226 → None
咨询消息：这个神秘出海技术大佬圈，今日限时免费开放，邀请链接23:59后失效！
👉https://t.me/+evylIMqcWKY1MDc1
回复消息：你好！🤝

网站搭建❕定制机器人❕群发软件❕代发广告

👉商务合作联系 @Boss91M1   @Boss91M2
👉官方交流群： @bs91m990

=====================================================

2022-06-26
咨询客户ID：5559981350 → EricDampe580661
咨询消息：全网悬赏：陈峰，福建安溪人，前西港黄金城股东，忽悠十几个股东出资，员工200人无薪资出力，构建资金盘滚雪球达5亿元，掏空资金外逃，留下负债公司员工的人渣事迹。现曝光福建安溪陈峰做过的烂事，频道附带陈峰夫妇护照、照片、转账记录，视频记录，他目前还在东南亚，兄弟们留意一下 也许他就在你身边，提供有效信息，获取5-20万U悬赏金！！！
回复消息：你好！🤝

网站搭建❕定制机器人❕群发软件❕代发广告

👉商务合作联系 @Boss91M1   @Boss91M2
👉官方交流群： @bs91m990

=====================================================

2022-06-26
咨询客户ID：156578922 → None
咨询消息：
回复消息：你好！🤝

网站搭建❕定制机器人❕群发软件❕代发广告

👉商务合作联系 @Boss91M1   @Boss91M2
👉官方交流群： @bs91m990

=====================================================

2022-06-26
咨询客户ID：5511952671 → None
咨询消息：你好
回复消息：你好！🤝

网站搭建❕定制机器人❕群发软件❕代发广告

👉商务合作联系 @Boss91M1   @Boss91M2
👉官方交流群： @bs91m990

=====================================================

2022-06-26
咨询客户ID：5464654810 → Elvis_BurtoAbbott_nJ908effMat
咨询消息：#g…【OB哈希娱乐】 波场区块链哈希值 TRC20-USDT 游戏
🏅【公平】🏅 【公正】🏅 【公开】🏅 【透明】🏅
⭕️投注简单【向玩法地址转账】
⭕️奖源公正【哈希值波场可查】
⭕️开奖公平【转账生成哈希值】
⭕️中奖秒派【派返到投注地址】
⭕️投注记录运营资金公链可查
🥇无需充值取款安全可靠🥇
🥇无人工干预无后台操作🥇
🔥OB哈希，新人首单赢好礼🔥    
🔥秒杀链上其他合约 土狗币 韭菜项目，每天玩个几把，轻轻松松赚个几百U🧨🧨
🎊活动说明：新注册用户，享有前5局包赔奖励，最多赔50USDT🎊
💵活动奖励：最高赔50USDT💵
🤩活动对象：新会员🤩
💥活动领取：联系客服领取💥
🎲OB哈希：多款游戏，超高赔率，任您选择
🐮牛牛玩法🍀单双玩法🔥大小玩法👑庄闲玩法
官方频道：https://t.me/obhaxi
官方网址：https://hashob.com
官方客服：@OB_Rico
回复消息：你好！🤝

网站搭建❕定制机器人❕群发软件❕代发广告

👉商务合作联系 @Boss91M1   @Boss91M2
👉官方交流群： @bs91m990

=====================================================

2022-06-26
咨询客户ID：2075972268 → None
咨询消息：这个神秘出海技术大佬圈，今日限时免费开放，邀请链接23:59后失效！
👉https://t.me/+evylIMqcWKY1MDc1
回复消息：你好！🤝

网站搭建❕定制机器人❕群发软件❕代发广告

👉商务合作联系 @Boss91M1   @Boss91M2
👉官方交流群： @bs91m990

=====================================================

2022-06-26
咨询客户ID：5509315714 → None
咨询消息：None
回复消息：你好！🤝

网站搭建❕定制机器人❕群发软件❕代发广告

👉商务合作联系 @Boss91M1   @Boss91M2
👉官方交流群： @bs91m990

=====================================================

2022-06-26
咨询客户ID：5415708450 → None
咨询消息：Huh
回复消息：你好！🤝

网站搭建❕定制机器人❕群发软件❕代发广告

👉商务合作联系 @Boss91M1   @Boss91M2
👉官方交流群： @bs91m990

=====================================================

2022-06-26
咨询客户ID：5560960817 → Xenia741162911
咨询消息：https://t.me/HASHOBBD/107
回复消息：你好！🤝

网站搭建❕定制机器人❕群发软件❕代发广告

👉商务合作联系 @Boss91M1   @Boss91M2
👉官方交流群： @bs91m990

=====================================================

2022-06-26
咨询客户ID：5277275024 → None
咨询消息：九馆娱乐??加拿大Pc28
☘️2.5%+5%（10000流水反250，负盈利5%） 
☘️首冲好礼 笔笔送彩金！
欢迎老板前来爆庄！
导航：@jiuguan3_bot
(手机端打开即可进入）☘️
回复消息：你好！🤝

网站搭建❕定制机器人❕群发软件❕代发广告

👉商务合作联系 @Boss91M1   @Boss91M2
👉官方交流群： @bs91m990

=====================================================

2022-06-26
咨询客户ID：5515821748 → None
咨询消息：
回复消息：你好！🤝

网站搭建❕定制机器人❕群发软件❕代发广告

👉商务合作联系 @Boss91M1   @Boss91M2
👉官方交流群： @bs91m990

=====================================================

2022-06-26
咨询客户ID：5590832499 → VeraReyes969191
咨询消息：全网悬赏：陈峰，福建安溪人，前西港黄金城股东，忽悠十几个股东出资，员工200人无薪资出力，构建资金盘滚雪球达5亿元，掏空资金外逃，留下负债公司员工的人渣事迹。现曝光福建安溪陈峰做过的烂事，频道附带陈峰夫妇护照、照片、转账记录，视频记录，他目前还在东南亚，兄弟们留意一下 也许他就在你身边，提供有效信息，获取5-20万U悬赏金！！！
回复消息：你好！🤝

网站搭建❕定制机器人❕群发软件❕代发广告

👉商务合作联系 @Boss91M1   @Boss91M2
👉官方交流群： @bs91m990

=====================================================

2022-06-26
咨询客户ID：1846441602 → None
咨询消息：None
回复消息：你好！🤝

网站搭建❕定制机器人❕群发软件❕代发广告

👉商务合作联系 @Boss91M1   @Boss91M2
👉官方交流群： @bs91m990

=====================================================

2022-06-26
咨询客户ID：5464654810 → Elvis_BurtoAbbott_nJ908effMat
咨询消息：@￥g【OB哈希娱乐】 波场区块链哈希值 TRC20-USDT 游戏
🏅【公平】🏅 【公正】🏅 【公开】🏅 【透明】🏅
⭕️投注简单【向玩法地址转账】
⭕️奖源公正【哈希值波场可查】
⭕️开奖公平【转账生成哈希值】
⭕️中奖秒派【派返到投注地址】
⭕️投注记录运营资金公链可查
🥇无需充值取款安全可靠🥇
🥇无人工干预无后台操作🥇
🔥OB哈希，新人首单赢好礼🔥    
🔥秒杀链上其他合约 土狗币 韭菜项目，每天玩个几把，轻轻松松赚个几百U🧨🧨
🎊活动说明：新注册用户，享有前5局包赔奖励，最多赔50USDT🎊
💵活动奖励：最高赔50USDT💵
🤩活动对象：新会员🤩
💥活动领取：联系客服领取💥
🎲OB哈希：多款游戏，超高赔率，任您选择
🐮牛牛玩法🍀单双玩法🔥大小玩法👑庄闲玩法
官方频道：https://t.me/obhaxi
官方网址：https://hashob.com
官方客服：@OB_Rico
回复消息：你好！🤝

网站搭建❕定制机器人❕群发软件❕代发广告

👉商务合作联系 @Boss91M1   @Boss91M2
👉官方交流群： @bs91m990

=====================================================

2022-06-26
咨询客户ID：5466564141 → None
咨询消息：დ點我込羣孒繲ぺ
回复消息：你好！🤝

网站搭建❕定制机器人❕群发软件❕代发广告

👉商务合作联系 @Boss91M1   @Boss91M2
👉官方交流群： @bs91m990

=====================================================

2022-06-26
咨询客户ID：5313495059 → None
咨询消息：დ點我込羣孒繲ぺ❦
回复消息：你好！🤝

网站搭建❕定制机器人❕群发软件❕代发广告

👉商务合作联系 @Boss91M1   @Boss91M2
👉官方交流群： @bs91m990

=====================================================

2022-06-26
咨询客户ID：5485098154 → None
咨询消息：დ點我込羣孒繲ぺ❦
回复消息：你好！🤝

网站搭建❕定制机器人❕群发软件❕代发广告

👉商务合作联系 @Boss91M1   @Boss91M2
👉官方交流群： @bs91m990

=====================================================

2022-06-26
咨询客户ID：5127141829 → flavio_0000
咨询消息：Привіт
回复消息：你好！🤝

网站搭建❕定制机器人❕群发软件❕代发广告

👉商务合作联系 @Boss91M1   @Boss91M2
👉官方交流群： @bs91m990

=====================================================

2022-06-26
咨询客户ID：5127141829 → flavio_0000
咨询消息：Привіт
回复消息：你好！🤝

网站搭建❕定制机器人❕群发软件❕代发广告

👉商务合作联系 @Boss91M1   @Boss91M2
👉官方交流群： @bs91m990

=====================================================

2022-06-26
咨询客户ID：5127141829 → flavio_0000
咨询消息：Hi
回复消息：你好！🤝

网站搭建❕定制机器人❕群发软件❕代发广告

👉商务合作联系 @Boss91M1   @Boss91M2
👉官方交流群： @bs91m990

=====================================================

2022-06-26
咨询客户ID：5575025598 → Mikha_id
咨询消息：Hai
回复消息：你好！🤝

网站搭建❕定制机器人❕群发软件❕代发广告

👉商务合作联系 @Boss91M1   @Boss91M2
👉官方交流群： @bs91m990

=====================================================

2022-06-26
咨询客户ID：5469149423 → None
咨询消息：😁️🤣买|币亏钱？合约| 爆仓，还在|被资|本|家割韭|菜.
试|试|区 块|链盲 |盒玩|法！百人 |会员|在线赚U中~
大|小，单 双高 |赔，牛🐮牛|赢|率高|达65%！

秒杀|链上 其| 他|合|约，土狗|币，韭|菜项|目
每天|空隙时|间玩|几把，轻轻|松松|赚几百U
【💥放心赢💥】
💫无须| 注册|充值,|无须扫码授权，冷|钱包|转链|即投注
💫不担|心银|行卡冻|结，盈|利 3秒自动到账
【💥放心玩💥】
💫交易|区块哈|希值|生成，完全|随机
💫波|场TRON 公链|随时|可 查，任何|人不能|篡改

地|址 公开|可查,💸资金充足✨,投|注次|数已突|破十万
🎮更|多玩|法-💹开|奖 播报-💁‍♂️在线客服
https://t.me/dadaummi9999
😚😄😚
回复消息：你好！🤝

网站搭建❕定制机器人❕群发软件❕代发广告

👉商务合作联系 @Boss91M1   @Boss91M2
👉官方交流群： @bs91m990

=====================================================

2022-06-26
咨询客户ID：5434557868 → None
咨询消息：🟢✈🔊🔥TokenPocket钱包可在官方频道安装与更新啦！

🛠苹果ios版本可供中国大陆用户升级与导入钱包。并根据部分用户反映安卓闪退现象，同时也发布Android最新版本，修复闪退Bug。为了不影响您钱包的正常使用，建议及时备份好导入钱包的私钥或助记词，做到有备无患，并下载最新版本🔰

💻TokenPocket官方TG频道 @tokenpocket_Serve，该频道支持TP钱包🍎 ios 和 🤖 安卓版本在线更新与安装。官方频道下载TP钱包，可领500trx，老用户通过本频道导入钱包，可领1000trx。

💬TP金牌客服：@tokenpocket_Helps（24H在线，提供问题咨询、技术支持）

频道消息与twitter同步更新，让您获得第一手的币圈市场信息。

👉请关注TokenPocket唯一官方频道：@tokenpocket_Serve

🔰TokenPocket Foundation Ltd.（技术团队）
回复消息：你好！🤝

网站搭建❕定制机器人❕群发软件❕代发广告

👉商务合作联系 @Boss91M1   @Boss91M2
👉官方交流群： @bs91m990

=====================================================

2022-06-26
咨询客户ID：5507612710 → None
咨询消息：💷🍩🦊++【放心赢】【博|U】娛樂城
无须注|册充|值，无须扫|码授|权，
冷|钱包转链即投|注，盈|利1秒自动到账

⚔️全網最高賠率1賠2，平台無抽取任何油費
🐮业内最专业的哈|希娛樂城，无须授|权充|值
🐮地|址公开可查，资金充足，投|注次数已突破十万+

https://t.me/jimmuhahha366
冷|钱包下|注1秒结算，百人在线火熱賺U中~
🎮更多玩|法-💹开|奖播报-💁‍♂️在线客|服
🦊️🍣
回复消息：你好！🤝

网站搭建❕定制机器人❕群发软件❕代发广告

👉商务合作联系 @Boss91M1   @Boss91M2
👉官方交流群： @bs91m990

=====================================================

2022-06-26
咨询客户ID：5537094407 → ZnFiVMmmargaretttt
咨询消息：🌞️📣🔥TokenPocket钱包可在官方频道安装与更新啦！

🛠苹果ios版本可供中国大陆用户升级与导入钱包。并根据部分用户反映安卓闪退现象，同时也发布Android最新版本，修复闪退Bug。为了不影响您钱包的正常使用，建议及时备份好导入钱包的私钥或助记词，做到有备无患，并下载最新版本🔰

💻TokenPocket官方TG频道 @tokenpocket_Serve，该频道支持TP钱包🍎 ios 和 🤖 安卓版本在线更新与安装。官方频道下载TP钱包，可领500trx，老用户通过本频道导入钱包，可领1000trx。

💬TP金牌客服：@tokenpocket_Helps（24H在线，提供问题咨询、技术支持）

频道消息与twitter同步更新，让您获得第一手的币圈市场信息。

👉请关注TokenPocket唯一官方频道：@tokenpocket_Serve

🔰TokenPocket Foundation Ltd.（技术团队）
回复消息：你好！🤝

网站搭建❕定制机器人❕群发软件❕代发广告

👉商务合作联系 @Boss91M1   @Boss91M2
👉官方交流群： @bs91m990

=====================================================

2022-06-26
咨询客户ID：5212324449 → criminologist1945
咨询消息：专业代发广告  
😗 ☄️🍓🥟🏈💎🎈💙♉️🟡🚗Or神在今日  
https://t.me/+9pU06gW0_l1mOTIx
回复消息：你好！🤝

网站搭建❕定制机器人❕群发软件❕代发广告

👉商务合作联系 @Boss91M1   @Boss91M2
👉官方交流群： @bs91m990

=====================================================

2022-06-26
咨询客户ID：5525855835 → None
咨询消息：🔰✈✔🔥TokenPocket钱包可在官方频道安装与更新啦！

🛠苹果ios版本可供中国大陆用户升级与导入钱包。并根据部分用户反映安卓闪退现象，同时也发布Android最新版本，修复闪退Bug。为了不影响您钱包的正常使用，建议及时备份好导入钱包的私钥或助记词，做到有备无患，并下载最新版本🔰

💻TokenPocket官方TG频道 @tokenpocket_Serve，该频道支持TP钱包🍎 ios 和 🤖 安卓版本在线更新与安装。官方频道下载TP钱包，可领500trx，老用户通过本频道导入钱包，可领1000trx。

💬TP金牌客服：@tokenpocket_Helps（24H在线，提供问题咨询、技术支持）

频道消息与twitter同步更新，让您获得第一手的币圈市场信息。

👉请关注TokenPocket唯一官方频道：@tokenpocket_Serve

🔰TokenPocket Foundation Ltd.（技术团队）
回复消息：你好！🤝

网站搭建❕定制机器人❕群发软件❕代发广告

👉商务合作联系 @Boss91M1   @Boss91M2
👉官方交流群： @bs91m990

=====================================================

2022-06-26
咨询客户ID：980133088 → Mr_Trust1
咨询消息：What service you do mate ?
回复消息：你好！🤝

网站搭建❕定制机器人❕群发软件❕代发广告

👉商务合作联系 @Boss91M1   @Boss91M2
👉官方交流群： @bs91m990

=====================================================

2022-06-26
咨询客户ID：980133088 → Mr_Trust1
咨询消息：I joined your group
回复消息：你好！🤝

网站搭建❕定制机器人❕群发软件❕代发广告

👉商务合作联系 @Boss91M1   @Boss91M2
👉官方交流群： @bs91m990

=====================================================

2022-06-26
咨询客户ID：5500035085 → L3ambert_MerleTheodor
咨询消息：🌹🌺全网最高赔率。。包网带你享受真正的乐趣🌺🌹
🌹🌸交流交友群：  t.me/+-S5IfOodUKNlMTRk

🌹🌸频道：  http://378198.com
回复消息：你好！🤝

网站搭建❕定制机器人❕群发软件❕代发广告

👉商务合作联系 @Boss91M1   @Boss91M2
👉官方交流群： @bs91m990

=====================================================

2022-06-26
咨询客户ID：1616107803 → S3Nasser
咨询消息：None
回复消息：你好！🤝

网站搭建❕定制机器人❕群发软件❕代发广告

👉商务合作联系 @Boss91M1   @Boss91M2
👉官方交流群： @bs91m990

=====================================================

2022-06-26
咨询客户ID：1805833636 → chloe_becker
咨询消息：是的，你也已经投资加密货币了吗
回复消息：你好！🤝

网站搭建❕定制机器人❕群发软件❕代发广告

👉商务合作联系 @Boss91M1   @Boss91M2
👉官方交流群： @bs91m990

=====================================================

2022-06-26
咨询客户ID：1805833636 → chloe_becker
咨询消息：呃，随便
回复消息：你好！🤝

网站搭建❕定制机器人❕群发软件❕代发广告

👉商务合作联系 @Boss91M1   @Boss91M2
👉官方交流群： @bs91m990

=====================================================

2022-06-26
咨询客户ID：5561666357 → None
咨询消息：全⚡️网⚡️最⚡️有⚡️实⚡️力⚡️的⚡️平⚡️台 ⚡️最⚡️合⚡️适⚡️实⚡️力⚡️玩⚡️家⚡️超⚡️高 ⚡️赔⚡️率  经⚡️典⚡️玩⚡️法⚡️ 开⚡️奖⚡️结⚡️果⚡️不⚡️可⚡️控 ⚡️2022⚡️新⚡️风⚡️口⚡️哈⚡️希⚡️界⚡️的⚡️杠⚡️把⚡️子

https://t.me/xcvp388
回复消息：你好！🤝

网站搭建❕定制机器人❕群发软件❕代发广告

👉商务合作联系 @Boss91M1   @Boss91M2
👉官方交流群： @bs91m990

=====================================================

2022-06-26
咨询客户ID：5127141829 → flavio_0000
咨询消息：Hi
回复消息：你好！🤝

网站搭建❕定制机器人❕群发软件❕代发广告

👉商务合作联系 @Boss91M1   @Boss91M2
👉官方交流群： @bs91m990

=====================================================

2022-06-26
咨询客户ID：5236247566 → jeremy_beeftj
咨询消息：1️⃣：新人包赔· 实时发放
2️⃣：新人奖励 · 实时发放
3️⃣：满勤签到活动
4️⃣：锦上添花
5️⃣：爆庄奖励 · 隔日领取
6️⃣：玩家救济金· 隔日领取

详情请咨询:@E_hash002
回复消息：你好！🤝

网站搭建❕定制机器人❕群发软件❕代发广告

👉商务合作联系 @Boss91M1   @Boss91M2
👉官方交流群： @bs91m990

=====================================================

2022-06-26
咨询客户ID：5298936822 → DuongPhong59051
咨询消息：🌹🌺全网最高赔率———包网带你享受真正的乐趣🌺🌹
🌸交流交友群：  t.me/+BmvnYq51LGQwNGM1

🌸频道：  http://765735.com
回复消息：你好！🤝

网站搭建❕定制机器人❕群发软件❕代发广告

👉商务合作联系 @Boss91M1   @Boss91M2
👉官方交流群： @bs91m990

=====================================================

2022-06-26
咨询客户ID：5493973946 → None
咨询消息：滴滴滴 在吗？
回复消息：你好！🤝

网站搭建❕定制机器人❕群发软件❕代发广告

👉商务合作联系 @Boss91M1   @Boss91M2
👉官方交流群： @bs91m990

=====================================================

2022-06-26
咨询客户ID：5570374820 → None
咨询消息：哈喽，在吗？
回复消息：你好！🤝

网站搭建❕定制机器人❕群发软件❕代发广告

👉商务合作联系 @Boss91M1   @Boss91M2
👉官方交流群： @bs91m990

=====================================================

2022-06-26
咨询客户ID：5592220276 → None
咨询消息：哈喽，在吗？
回复消息：你好！🤝

网站搭建❕定制机器人❕群发软件❕代发广告

👉商务合作联系 @Boss91M1   @Boss91M2
👉官方交流群： @bs91m990