
https://t.me/+-ZBvuqf9AYtkM2Q5
https://t.me/+-gQhQNg6UedmYzhh
https://t.me/+VwDoIE1fU34wNDRl
https://t.me/+z-xgWFuhbXRiMmU1
https://t.me/+-RvPwnYZ0fo2NzE1
https://t.me/+j1rD3RsKu2A5ZTJl
https://t.me/+XMeaKsmC7JU4NzA1
https://t.me/+XA-AFUSIJMBjY2Fh
https://t.me/+X_itTArL40g1ZWI5
https://t.me/+-FuT5gvc2BwyNzg5
https://t.me/wangbo28
https://t.me/+-RvPwnYZ0fo2NzE1
https://t.me/+W5n0MEy_bxMyMDFl
https://t.me/+-gQhQNg6UedmYzhh
https://t.me/+xRLKfhWedANiZGM1
https://t.me/ffcyx
https://t.me/+1zXkNRlLObA1NGNl
https://t.me/+XMeaKsmC7JU4NzA1
https://t.me/+kF5YAHBQ7b8yMDVl
https://t.me/+C0RIb6Z0lM8xY2Q1
https://t.me/+jxfLkeV_sRZlZjIx
https://t.me/+-jAPlPqNLng3NTk1
https://t.me/+qi9K7Bo2Y8Y3ZWY9
https://t.me/+-ZBvuqf9AYtkM2Q5
https://t.me/+XA-AFUSIJMBjY2Fh
https://t.me/+z-xgWFuhbXRiMmU1
https://t.me/+-bcWU8v_IGBjNDBl
https://t.me/+-bcWU8v_IGBjNDBl
https://t.me/+XMeaKsmC7JU4NzA1